Swift trunk git-rev: 968f3c5523afc276cd14c13fd53f6de7a65187a6 heads/master 6709 (modified locally)
RunID: run016
Progress: Sat, 07 May 2016 20:21:35+0000
Progress: Sat, 07 May 2016 20:21:36+0000  Selecting site:30  Submitting:2
Progress: Sat, 07 May 2016 20:21:47+0000  Selecting site:30  Submitting:1  Submitted:1
Progress: Sat, 07 May 2016 20:22:09+0000  Selecting site:29  Submitting:2  Submitted:1
Progress: Sat, 07 May 2016 20:22:10+0000  Selecting site:28  Submitting:3  Submitted:1
Progress: Sat, 07 May 2016 20:22:11+0000  Selecting site:28  Submitting:2  Submitted:2
Progress: Sat, 07 May 2016 20:22:13+0000  Selecting site:28  Submitted:4
Progress: Sat, 07 May 2016 20:22:43+0000  Selecting site:28  Submitted:4
Progress: Sat, 07 May 2016 20:23:13+0000  Selecting site:28  Submitted:4
Progress: Sat, 07 May 2016 20:23:43+0000  Selecting site:28  Submitted:4
Progress: Sat, 07 May 2016 20:24:13+0000  Selecting site:28  Submitted:4
Progress: Sat, 07 May 2016 20:24:43+0000  Selecting site:28  Submitted:4
Progress: Sat, 07 May 2016 20:25:13+0000  Selecting site:28  Submitted:4
Progress: Sat, 07 May 2016 20:25:43+0000  Selecting site:28  Submitted:4
Progress: Sat, 07 May 2016 20:26:13+0000  Selecting site:28  Submitted:4
Progress: Sat, 07 May 2016 20:26:43+0000  Selecting site:28  Submitted:4
Progress: Sat, 07 May 2016 20:27:13+0000  Selecting site:28  Submitted:4
Progress: Sat, 07 May 2016 20:27:43+0000  Selecting site:28  Submitted:4
Progress: Sat, 07 May 2016 20:28:13+0000  Selecting site:28  Submitted:4
Progress: Sat, 07 May 2016 20:28:43+0000  Selecting site:28  Submitted:4
Progress: Sat, 07 May 2016 20:29:13+0000  Selecting site:28  Submitted:4
Progress: Sat, 07 May 2016 20:29:43+0000  Selecting site:28  Submitted:4
Progress: Sat, 07 May 2016 20:30:13+0000  Selecting site:28  Submitted:4
Progress: Sat, 07 May 2016 20:30:43+0000  Selecting site:28  Submitted:4
Progress: Sat, 07 May 2016 20:31:13+0000  Selecting site:28  Submitted:4
Progress: Sat, 07 May 2016 20:31:43+0000  Selecting site:28  Submitted:4
Progress: Sat, 07 May 2016 20:32:13+0000  Selecting site:28  Submitted:4
Progress: Sat, 07 May 2016 20:32:43+0000  Selecting site:28  Submitted:4
Progress: Sat, 07 May 2016 20:33:13+0000  Selecting site:28  Submitted:4
Progress: Sat, 07 May 2016 20:33:43+0000  Selecting site:28  Submitted:4
Progress: Sat, 07 May 2016 20:34:13+0000  Selecting site:28  Submitted:4
Progress: Sat, 07 May 2016 20:34:43+0000  Selecting site:28  Submitted:4
Progress: Sat, 07 May 2016 20:35:13+0000  Selecting site:28  Submitted:4
Progress: Sat, 07 May 2016 20:35:43+0000  Selecting site:28  Submitted:4
Progress: Sat, 07 May 2016 20:36:13+0000  Selecting site:28  Submitted:4
Progress: Sat, 07 May 2016 20:36:43+0000  Selecting site:28  Submitted:4
Progress: Sat, 07 May 2016 20:37:13+0000  Selecting site:28  Submitted:4
Progress: Sat, 07 May 2016 20:37:24+0000  Selecting site:28  Submitted:2  Active:2
Progress: Sat, 07 May 2016 20:37:54+0000  Selecting site:28  Submitted:2  Active:2
Progress: Sat, 07 May 2016 20:38:24+0000  Selecting site:28  Submitted:2  Active:2
Progress: Sat, 07 May 2016 20:38:54+0000  Selecting site:28  Submitted:2  Active:2
Progress: Sat, 07 May 2016 20:39:24+0000  Selecting site:28  Submitted:2  Active:2
Progress: Sat, 07 May 2016 20:39:54+0000  Selecting site:28  Submitted:2  Active:2
Progress: Sat, 07 May 2016 20:40:24+0000  Selecting site:28  Submitted:2  Active:2
Progress: Sat, 07 May 2016 20:40:54+0000  Selecting site:28  Submitted:2  Active:2
Progress: Sat, 07 May 2016 20:41:24+0000  Selecting site:28  Submitted:2  Active:2
Progress: Sat, 07 May 2016 20:41:54+0000  Selecting site:28  Submitted:2  Active:2
Progress: Sat, 07 May 2016 20:42:24+0000  Selecting site:28  Submitted:2  Active:2
Progress: Sat, 07 May 2016 20:42:54+0000  Selecting site:28  Submitted:2  Active:2
Progress: Sat, 07 May 2016 20:43:24+0000  Selecting site:28  Submitted:2  Active:2
Progress: Sat, 07 May 2016 20:43:54+0000  Selecting site:28  Submitted:2  Active:2
Progress: Sat, 07 May 2016 20:44:22+0000  Selecting site:28  Active:4
Progress: Sat, 07 May 2016 20:44:52+0000  Selecting site:28  Active:4
Progress: Sat, 07 May 2016 20:45:22+0000  Selecting site:28  Active:4
Progress: Sat, 07 May 2016 20:45:52+0000  Selecting site:28  Active:4
Progress: Sat, 07 May 2016 20:46:22+0000  Selecting site:28  Active:4
Progress: Sat, 07 May 2016 20:46:52+0000  Selecting site:28  Active:4
Progress: Sat, 07 May 2016 20:47:22+0000  Selecting site:28  Active:4
Progress: Sat, 07 May 2016 20:47:52+0000  Selecting site:28  Active:4
Progress: Sat, 07 May 2016 20:48:22+0000  Selecting site:28  Active:4
Progress: Sat, 07 May 2016 20:48:52+0000  Selecting site:28  Active:4
Progress: Sat, 07 May 2016 20:49:22+0000  Selecting site:28  Active:4
Progress: Sat, 07 May 2016 20:49:52+0000  Selecting site:28  Active:4
Progress: Sat, 07 May 2016 20:50:22+0000  Selecting site:28  Active:4
Progress: Sat, 07 May 2016 20:50:52+0000  Selecting site:28  Active:4
Progress: Sat, 07 May 2016 20:51:22+0000  Selecting site:28  Active:4
Progress: Sat, 07 May 2016 20:51:52+0000  Selecting site:28  Active:4
Progress: Sat, 07 May 2016 20:52:22+0000  Selecting site:28  Active:4
Progress: Sat, 07 May 2016 20:52:52+0000  Selecting site:28  Active:4
Progress: Sat, 07 May 2016 20:53:22+0000  Selecting site:28  Active:4
Progress: Sat, 07 May 2016 20:53:52+0000  Selecting site:28  Active:4
Progress: Sat, 07 May 2016 20:54:22+0000  Selecting site:28  Active:4
Progress: Sat, 07 May 2016 20:54:52+0000  Selecting site:28  Active:4
Progress: Sat, 07 May 2016 20:55:22+0000  Selecting site:28  Active:4
Progress: Sat, 07 May 2016 20:55:52+0000  Selecting site:28  Active:4
Progress: Sat, 07 May 2016 20:56:22+0000  Selecting site:28  Active:4
Progress: Sat, 07 May 2016 20:56:52+0000  Selecting site:28  Active:4
Progress: Sat, 07 May 2016 20:57:22+0000  Selecting site:28  Active:4
Progress: Sat, 07 May 2016 20:57:52+0000  Selecting site:28  Active:4
Progress: Sat, 07 May 2016 20:58:22+0000  Selecting site:28  Active:4
Progress: Sat, 07 May 2016 20:58:52+0000  Selecting site:28  Active:4
Progress: Sat, 07 May 2016 20:59:22+0000  Selecting site:28  Active:4
Progress: Sat, 07 May 2016 20:59:52+0000  Selecting site:28  Active:4
Progress: Sat, 07 May 2016 21:00:22+0000  Selecting site:28  Active:4
Progress: Sat, 07 May 2016 21:00:52+0000  Selecting site:28  Active:4
Progress: Sat, 07 May 2016 21:01:22+0000  Selecting site:28  Active:4
Progress: Sat, 07 May 2016 21:01:52+0000  Selecting site:28  Active:4
Progress: Sat, 07 May 2016 21:02:22+0000  Selecting site:28  Active:4
Progress: Sat, 07 May 2016 21:02:52+0000  Selecting site:28  Active:4
Progress: Sat, 07 May 2016 21:03:22+0000  Selecting site:28  Active:4
Progress: Sat, 07 May 2016 21:03:52+0000  Selecting site:28  Active:4
Progress: Sat, 07 May 2016 21:04:22+0000  Selecting site:28  Active:4
Progress: Sat, 07 May 2016 21:04:52+0000  Selecting site:28  Active:4
Progress: Sat, 07 May 2016 21:05:22+0000  Selecting site:28  Active:4
Progress: Sat, 07 May 2016 21:05:52+0000  Selecting site:28  Active:4
Progress: Sat, 07 May 2016 21:06:22+0000  Selecting site:28  Active:4
Progress: Sat, 07 May 2016 21:06:52+0000  Selecting site:28  Active:4
Progress: Sat, 07 May 2016 21:07:22+0000  Selecting site:28  Active:4
Progress: Sat, 07 May 2016 21:07:24+0000  Selecting site:27  Submitting:1  Active:2  Stage out:1  Finished successfully:1
Progress: Sat, 07 May 2016 21:07:25+0000  Selecting site:27  Active:3  Finished successfully:2
Progress: Sat, 07 May 2016 21:07:54+0000  Selecting site:26  Submitting:1  Active:3  Finished successfully:2
Progress: Sat, 07 May 2016 21:07:55+0000  Selecting site:26  Active:4  Finished successfully:2
Progress: Sat, 07 May 2016 21:08:25+0000  Selecting site:26  Active:4  Finished successfully:2
Progress: Sat, 07 May 2016 21:08:55+0000  Selecting site:26  Active:4  Finished successfully:2
Progress: Sat, 07 May 2016 21:09:25+0000  Selecting site:26  Active:4  Finished successfully:2
Progress: Sat, 07 May 2016 21:09:55+0000  Selecting site:26  Active:4  Finished successfully:2
Progress: Sat, 07 May 2016 21:10:25+0000  Selecting site:26  Active:4  Finished successfully:2
Progress: Sat, 07 May 2016 21:10:55+0000  Selecting site:26  Active:4  Finished successfully:2
Progress: Sat, 07 May 2016 21:11:25+0000  Selecting site:26  Active:4  Finished successfully:2
Progress: Sat, 07 May 2016 21:11:55+0000  Selecting site:26  Active:4  Finished successfully:2
Progress: Sat, 07 May 2016 21:12:25+0000  Selecting site:26  Active:4  Finished successfully:2
Progress: Sat, 07 May 2016 21:12:55+0000  Selecting site:26  Active:4  Finished successfully:2
Progress: Sat, 07 May 2016 21:13:25+0000  Selecting site:26  Active:4  Finished successfully:2
Progress: Sat, 07 May 2016 21:13:55+0000  Selecting site:26  Active:4  Finished successfully:2
Progress: Sat, 07 May 2016 21:14:22+0000  Selecting site:25  Submitting:1  Active:2  Stage out:1  Finished successfully:3
Progress: Sat, 07 May 2016 21:14:23+0000  Selecting site:25  Active:3  Finished successfully:4
Progress: Sat, 07 May 2016 21:14:48+0000  Selecting site:24  Submitting:1  Active:3  Finished successfully:4
Progress: Sat, 07 May 2016 21:14:49+0000  Selecting site:24  Active:4  Finished successfully:4
Progress: Sat, 07 May 2016 21:15:19+0000  Selecting site:24  Active:4  Finished successfully:4
Progress: Sat, 07 May 2016 21:15:49+0000  Selecting site:24  Active:4  Finished successfully:4
Progress: Sat, 07 May 2016 21:16:19+0000  Selecting site:24  Active:4  Finished successfully:4
Progress: Sat, 07 May 2016 21:16:49+0000  Selecting site:24  Active:4  Finished successfully:4
Progress: Sat, 07 May 2016 21:17:19+0000  Selecting site:24  Active:4  Finished successfully:4
Progress: Sat, 07 May 2016 21:17:49+0000  Selecting site:24  Active:4  Finished successfully:4
Progress: Sat, 07 May 2016 21:18:19+0000  Selecting site:24  Active:4  Finished successfully:4
Progress: Sat, 07 May 2016 21:18:49+0000  Selecting site:24  Active:4  Finished successfully:4
Progress: Sat, 07 May 2016 21:19:19+0000  Selecting site:24  Active:4  Finished successfully:4
Progress: Sat, 07 May 2016 21:19:49+0000  Selecting site:24  Active:4  Finished successfully:4
Progress: Sat, 07 May 2016 21:20:19+0000  Selecting site:24  Active:4  Finished successfully:4
Progress: Sat, 07 May 2016 21:20:49+0000  Selecting site:24  Active:4  Finished successfully:4
Progress: Sat, 07 May 2016 21:21:19+0000  Selecting site:24  Active:4  Finished successfully:4
Progress: Sat, 07 May 2016 21:21:49+0000  Selecting site:24  Active:4  Finished successfully:4
Progress: Sat, 07 May 2016 21:22:19+0000  Selecting site:24  Active:4  Finished successfully:4
Progress: Sat, 07 May 2016 21:22:49+0000  Selecting site:24  Active:4  Finished successfully:4
Progress: Sat, 07 May 2016 21:23:19+0000  Selecting site:24  Active:4  Finished successfully:4
Progress: Sat, 07 May 2016 21:23:49+0000  Selecting site:24  Active:4  Finished successfully:4
Progress: Sat, 07 May 2016 21:24:19+0000  Selecting site:24  Active:4  Finished successfully:4
Progress: Sat, 07 May 2016 21:24:49+0000  Selecting site:24  Active:4  Finished successfully:4
Progress: Sat, 07 May 2016 21:25:19+0000  Selecting site:24  Active:4  Finished successfully:4
Progress: Sat, 07 May 2016 21:25:49+0000  Selecting site:24  Active:4  Finished successfully:4
Progress: Sat, 07 May 2016 21:26:19+0000  Selecting site:24  Active:4  Finished successfully:4
Progress: Sat, 07 May 2016 21:26:49+0000  Selecting site:24  Active:4  Finished successfully:4
Progress: Sat, 07 May 2016 21:27:19+0000  Selecting site:24  Active:4  Finished successfully:4
Progress: Sat, 07 May 2016 21:27:49+0000  Selecting site:24  Active:4  Finished successfully:4
Progress: Sat, 07 May 2016 21:28:19+0000  Selecting site:24  Active:4  Finished successfully:4
Progress: Sat, 07 May 2016 21:28:49+0000  Selecting site:24  Active:4  Finished successfully:4
Progress: Sat, 07 May 2016 21:29:19+0000  Selecting site:24  Active:4  Finished successfully:4
Progress: Sat, 07 May 2016 21:29:49+0000  Selecting site:24  Active:4  Finished successfully:4
Progress: Sat, 07 May 2016 21:30:19+0000  Selecting site:24  Active:4  Finished successfully:4
Progress: Sat, 07 May 2016 21:30:49+0000  Selecting site:24  Active:4  Finished successfully:4
Progress: Sat, 07 May 2016 21:31:19+0000  Selecting site:24  Active:4  Finished successfully:4
Progress: Sat, 07 May 2016 21:31:49+0000  Selecting site:24  Active:4  Finished successfully:4
Progress: Sat, 07 May 2016 21:32:19+0000  Selecting site:24  Active:4  Finished successfully:4
Progress: Sat, 07 May 2016 21:32:49+0000  Selecting site:24  Active:4  Finished successfully:4
Progress: Sat, 07 May 2016 21:33:19+0000  Selecting site:24  Active:4  Finished successfully:4
Progress: Sat, 07 May 2016 21:33:49+0000  Selecting site:24  Active:4  Finished successfully:4
Progress: Sat, 07 May 2016 21:34:19+0000  Selecting site:24  Active:4  Finished successfully:4
Progress: Sat, 07 May 2016 21:34:49+0000  Selecting site:24  Active:4  Finished successfully:4
Progress: Sat, 07 May 2016 21:35:19+0000  Selecting site:24  Active:4  Finished successfully:4
Progress: Sat, 07 May 2016 21:35:49+0000  Selecting site:24  Active:4  Finished successfully:4
Progress: Sat, 07 May 2016 21:36:19+0000  Selecting site:24  Active:4  Finished successfully:4
Progress: Sat, 07 May 2016 21:36:49+0000  Selecting site:24  Active:4  Finished successfully:4
Progress: Sat, 07 May 2016 21:37:19+0000  Selecting site:24  Active:4  Finished successfully:4
Progress: Sat, 07 May 2016 21:37:25+0000  Selecting site:24  Active:3  Stage out:1  Finished successfully:4
Progress: Sat, 07 May 2016 21:37:33+0000  Selecting site:23  Stage in:1  Active:3  Finished successfully:5
Progress: Sat, 07 May 2016 21:37:34+0000  Selecting site:23  Active:4  Finished successfully:5
Progress: Sat, 07 May 2016 21:37:54+0000  Selecting site:23  Active:3  Stage out:1  Finished successfully:5
Progress: Sat, 07 May 2016 21:38:05+0000  Selecting site:22  Active:4  Finished successfully:6
Progress: Sat, 07 May 2016 21:38:30+0000  Selecting site:21  Submitting:1  Active:4  Finished successfully:6
Progress: Sat, 07 May 2016 21:38:31+0000  Selecting site:21  Active:5  Finished successfully:6
Progress: Sat, 07 May 2016 21:39:01+0000  Selecting site:21  Active:5  Finished successfully:6
Progress: Sat, 07 May 2016 21:39:31+0000  Selecting site:21  Active:5  Finished successfully:6
Progress: Sat, 07 May 2016 21:40:01+0000  Selecting site:21  Active:5  Finished successfully:6
Progress: Sat, 07 May 2016 21:40:31+0000  Selecting site:21  Active:5  Finished successfully:6
Progress: Sat, 07 May 2016 21:41:01+0000  Selecting site:21  Active:5  Finished successfully:6
Progress: Sat, 07 May 2016 21:41:31+0000  Selecting site:21  Active:5  Finished successfully:6
Progress: Sat, 07 May 2016 21:42:01+0000  Selecting site:21  Active:5  Finished successfully:6
Progress: Sat, 07 May 2016 21:42:31+0000  Selecting site:21  Active:5  Finished successfully:6
Progress: Sat, 07 May 2016 21:43:01+0000  Selecting site:21  Active:5  Finished successfully:6
Progress: Sat, 07 May 2016 21:43:31+0000  Selecting site:21  Active:5  Finished successfully:6
Progress: Sat, 07 May 2016 21:44:01+0000  Selecting site:21  Active:5  Finished successfully:6
Progress: Sat, 07 May 2016 21:44:23+0000  Selecting site:21  Active:4  Stage out:1  Finished successfully:6
Progress: Sat, 07 May 2016 21:44:31+0000  Selecting site:20  Active:5  Finished successfully:7
Progress: Sat, 07 May 2016 21:44:49+0000  Selecting site:20  Active:4  Stage out:1  Finished successfully:7
Progress: Sat, 07 May 2016 21:44:57+0000  Selecting site:19  Submitting:1  Active:4  Stage out:1  Finished successfully:7
Progress: Sat, 07 May 2016 21:44:58+0000  Selecting site:19  Active:5  Finished successfully:8
Progress: Sat, 07 May 2016 21:45:20+0000  Selecting site:18  Submitting:1  Active:5  Finished successfully:8
Progress: Sat, 07 May 2016 21:45:21+0000  Selecting site:18  Active:6  Finished successfully:8
Progress: Sat, 07 May 2016 21:45:51+0000  Selecting site:18  Active:6  Finished successfully:8
Progress: Sat, 07 May 2016 21:46:21+0000  Selecting site:18  Active:6  Finished successfully:8
Progress: Sat, 07 May 2016 21:46:51+0000  Selecting site:18  Active:6  Finished successfully:8
Progress: Sat, 07 May 2016 21:47:21+0000  Selecting site:18  Active:6  Finished successfully:8
Progress: Sat, 07 May 2016 21:47:51+0000  Selecting site:18  Active:6  Finished successfully:8
Progress: Sat, 07 May 2016 21:48:21+0000  Selecting site:18  Active:6  Finished successfully:8
Progress: Sat, 07 May 2016 21:48:51+0000  Selecting site:18  Active:6  Finished successfully:8
Progress: Sat, 07 May 2016 21:49:21+0000  Selecting site:18  Active:6  Finished successfully:8
Progress: Sat, 07 May 2016 21:49:51+0000  Selecting site:18  Active:6  Finished successfully:8
Progress: Sat, 07 May 2016 21:50:21+0000  Selecting site:18  Active:6  Finished successfully:8
Progress: Sat, 07 May 2016 21:50:51+0000  Selecting site:18  Active:6  Finished successfully:8
Progress: Sat, 07 May 2016 21:51:21+0000  Selecting site:18  Active:6  Finished successfully:8
Progress: Sat, 07 May 2016 21:51:51+0000  Selecting site:18  Active:6  Finished successfully:8
Progress: Sat, 07 May 2016 21:52:21+0000  Selecting site:18  Active:6  Finished successfully:8
Progress: Sat, 07 May 2016 21:52:51+0000  Selecting site:18  Active:6  Finished successfully:8
Progress: Sat, 07 May 2016 21:53:21+0000  Selecting site:18  Active:6  Finished successfully:8
Progress: Sat, 07 May 2016 21:53:51+0000  Selecting site:18  Active:6  Finished successfully:8
Progress: Sat, 07 May 2016 21:54:21+0000  Selecting site:18  Active:6  Finished successfully:8
Progress: Sat, 07 May 2016 21:54:51+0000  Selecting site:18  Active:6  Finished successfully:8
Progress: Sat, 07 May 2016 21:55:21+0000  Selecting site:18  Active:6  Finished successfully:8
Progress: Sat, 07 May 2016 21:55:51+0000  Selecting site:18  Active:6  Finished successfully:8
Progress: Sat, 07 May 2016 21:56:21+0000  Selecting site:18  Active:6  Finished successfully:8
Progress: Sat, 07 May 2016 21:56:51+0000  Selecting site:18  Active:6  Finished successfully:8
Progress: Sat, 07 May 2016 21:57:21+0000  Selecting site:18  Active:6  Finished successfully:8
Progress: Sat, 07 May 2016 21:57:51+0000  Selecting site:18  Active:6  Finished successfully:8
Progress: Sat, 07 May 2016 21:58:21+0000  Selecting site:18  Active:6  Finished successfully:8
Progress: Sat, 07 May 2016 21:58:51+0000  Selecting site:18  Active:6  Finished successfully:8
Progress: Sat, 07 May 2016 21:59:21+0000  Selecting site:18  Active:6  Finished successfully:8
Progress: Sat, 07 May 2016 21:59:51+0000  Selecting site:18  Active:6  Finished successfully:8
Progress: Sat, 07 May 2016 22:00:21+0000  Selecting site:18  Active:6  Finished successfully:8
Progress: Sat, 07 May 2016 22:00:51+0000  Selecting site:18  Active:6  Finished successfully:8
Progress: Sat, 07 May 2016 22:01:21+0000  Selecting site:18  Active:6  Finished successfully:8
Progress: Sat, 07 May 2016 22:01:51+0000  Selecting site:18  Active:6  Finished successfully:8
Progress: Sat, 07 May 2016 22:02:21+0000  Selecting site:18  Active:6  Finished successfully:8
Progress: Sat, 07 May 2016 22:02:51+0000  Selecting site:18  Active:6  Finished successfully:8
Progress: Sat, 07 May 2016 22:03:21+0000  Selecting site:18  Active:6  Finished successfully:8
Progress: Sat, 07 May 2016 22:03:51+0000  Selecting site:18  Active:6  Finished successfully:8
Progress: Sat, 07 May 2016 22:04:21+0000  Selecting site:18  Active:6  Finished successfully:8
Progress: Sat, 07 May 2016 22:04:51+0000  Selecting site:18  Active:6  Finished successfully:8
Progress: Sat, 07 May 2016 22:05:21+0000  Selecting site:18  Active:6  Finished successfully:8
Progress: Sat, 07 May 2016 22:05:51+0000  Selecting site:18  Active:6  Finished successfully:8
Progress: Sat, 07 May 2016 22:06:21+0000  Selecting site:18  Active:6  Finished successfully:8
Progress: Sat, 07 May 2016 22:06:51+0000  Selecting site:18  Active:6  Finished successfully:8
Progress: Sat, 07 May 2016 22:07:21+0000  Selecting site:18  Active:6  Finished successfully:8
Progress: Sat, 07 May 2016 22:07:33+0000  Selecting site:18  Active:5  Stage out:1  Finished successfully:8
Progress: Sat, 07 May 2016 22:08:03+0000  Selecting site:18  Active:5  Stage out:1  Finished successfully:8
Progress: Sat, 07 May 2016 22:08:04+0000  Selecting site:17  Active:6  Finished successfully:9
Progress: Sat, 07 May 2016 22:08:05+0000  Selecting site:17  Active:5  Finished successfully:10
Progress: Sat, 07 May 2016 22:08:23+0000  Selecting site:16  Stage in:1  Active:5  Finished successfully:10
Progress: Sat, 07 May 2016 22:08:24+0000  Selecting site:16  Active:6  Finished successfully:10
Progress: Sat, 07 May 2016 22:08:30+0000  Selecting site:16  Active:5  Stage out:1  Finished successfully:10
Progress: Sat, 07 May 2016 22:08:35+0000  Selecting site:16  Active:5  Finished successfully:11
Progress: Sat, 07 May 2016 22:08:40+0000  Selecting site:15  Stage in:1  Active:5  Finished successfully:11
Progress: Sat, 07 May 2016 22:08:41+0000  Selecting site:15  Active:6  Finished successfully:11
Progress: Sat, 07 May 2016 22:09:11+0000  Selecting site:15  Active:6  Finished successfully:11
Progress: Sat, 07 May 2016 22:09:41+0000  Selecting site:15  Active:6  Finished successfully:11
Progress: Sat, 07 May 2016 22:10:11+0000  Selecting site:15  Active:6  Finished successfully:11
Progress: Sat, 07 May 2016 22:10:41+0000  Selecting site:15  Active:6  Finished successfully:11
Progress: Sat, 07 May 2016 22:11:11+0000  Selecting site:15  Active:6  Finished successfully:11
Progress: Sat, 07 May 2016 22:11:41+0000  Selecting site:15  Active:6  Finished successfully:11
Progress: Sat, 07 May 2016 22:12:11+0000  Selecting site:15  Active:6  Finished successfully:11
Progress: Sat, 07 May 2016 22:12:41+0000  Selecting site:15  Active:6  Finished successfully:11
Progress: Sat, 07 May 2016 22:13:11+0000  Selecting site:15  Active:6  Finished successfully:11
Progress: Sat, 07 May 2016 22:13:41+0000  Selecting site:15  Active:6  Finished successfully:11
Progress: Sat, 07 May 2016 22:14:11+0000  Selecting site:15  Active:6  Finished successfully:11
Progress: Sat, 07 May 2016 22:14:31+0000  Selecting site:15  Active:5  Stage out:1  Finished successfully:11
Progress: Sat, 07 May 2016 22:14:39+0000  Selecting site:14  Submitting:1  Active:5  Finished successfully:12
Progress: Sat, 07 May 2016 22:14:40+0000  Selecting site:14  Active:6  Finished successfully:12
Progress: Sat, 07 May 2016 22:14:58+0000  Selecting site:13  Active:6  Finished successfully:13
Progress: Sat, 07 May 2016 22:15:21+0000  Selecting site:13  Active:5  Stage out:1  Finished successfully:13
Progress: Sat, 07 May 2016 22:15:51+0000  Selecting site:13  Active:5  Stage out:1  Finished successfully:13
Progress: Sat, 07 May 2016 22:15:56+0000  Selecting site:12  Submitting:1  Active:5  Finished successfully:14
Progress: Sat, 07 May 2016 22:15:57+0000  Selecting site:12  Active:6  Finished successfully:14
Progress: Sat, 07 May 2016 22:16:27+0000  Selecting site:12  Active:6  Finished successfully:14
Progress: Sat, 07 May 2016 22:16:57+0000  Selecting site:12  Active:6  Finished successfully:14
Progress: Sat, 07 May 2016 22:17:27+0000  Selecting site:12  Active:6  Finished successfully:14
Progress: Sat, 07 May 2016 22:17:57+0000  Selecting site:12  Active:6  Finished successfully:14
Progress: Sat, 07 May 2016 22:18:27+0000  Selecting site:12  Active:6  Finished successfully:14
Progress: Sat, 07 May 2016 22:18:57+0000  Selecting site:12  Active:6  Finished successfully:14
Progress: Sat, 07 May 2016 22:19:27+0000  Selecting site:12  Active:6  Finished successfully:14
Progress: Sat, 07 May 2016 22:19:57+0000  Selecting site:12  Active:6  Finished successfully:14
Progress: Sat, 07 May 2016 22:20:27+0000  Selecting site:12  Active:6  Finished successfully:14
Progress: Sat, 07 May 2016 22:20:57+0000  Selecting site:12  Active:6  Finished successfully:14
Progress: Sat, 07 May 2016 22:21:27+0000  Selecting site:12  Active:6  Finished successfully:14
Progress: Sat, 07 May 2016 22:21:57+0000  Selecting site:12  Active:6  Finished successfully:14
Progress: Sat, 07 May 2016 22:22:27+0000  Selecting site:12  Active:6  Finished successfully:14
Progress: Sat, 07 May 2016 22:22:57+0000  Selecting site:12  Active:6  Finished successfully:14
Progress: Sat, 07 May 2016 22:23:27+0000  Selecting site:12  Active:6  Finished successfully:14
Progress: Sat, 07 May 2016 22:23:57+0000  Selecting site:12  Active:6  Finished successfully:14
Progress: Sat, 07 May 2016 22:24:27+0000  Selecting site:12  Active:6  Finished successfully:14
Progress: Sat, 07 May 2016 22:24:57+0000  Selecting site:12  Active:6  Finished successfully:14
Progress: Sat, 07 May 2016 22:25:27+0000  Selecting site:12  Active:6  Finished successfully:14
Progress: Sat, 07 May 2016 22:25:57+0000  Selecting site:12  Active:6  Finished successfully:14
Progress: Sat, 07 May 2016 22:26:27+0000  Selecting site:12  Active:6  Finished successfully:14
Progress: Sat, 07 May 2016 22:26:57+0000  Selecting site:12  Active:6  Finished successfully:14
Progress: Sat, 07 May 2016 22:27:27+0000  Selecting site:12  Active:6  Finished successfully:14
Progress: Sat, 07 May 2016 22:27:57+0000  Selecting site:12  Active:6  Finished successfully:14
Progress: Sat, 07 May 2016 22:28:27+0000  Selecting site:12  Active:6  Finished successfully:14
Progress: Sat, 07 May 2016 22:28:57+0000  Selecting site:12  Active:6  Finished successfully:14
Progress: Sat, 07 May 2016 22:29:27+0000  Selecting site:12  Active:6  Finished successfully:14
Progress: Sat, 07 May 2016 22:29:57+0000  Selecting site:12  Active:6  Finished successfully:14
Progress: Sat, 07 May 2016 22:30:27+0000  Selecting site:12  Active:6  Finished successfully:14
Progress: Sat, 07 May 2016 22:30:57+0000  Selecting site:12  Active:6  Finished successfully:14
Progress: Sat, 07 May 2016 22:31:27+0000  Selecting site:12  Active:6  Finished successfully:14
Progress: Sat, 07 May 2016 22:31:57+0000  Selecting site:12  Active:6  Finished successfully:14
Progress: Sat, 07 May 2016 22:32:27+0000  Selecting site:12  Active:6  Finished successfully:14
Progress: Sat, 07 May 2016 22:32:57+0000  Selecting site:12  Active:6  Finished successfully:14
Progress: Sat, 07 May 2016 22:33:27+0000  Selecting site:12  Active:6  Finished successfully:14
Progress: Sat, 07 May 2016 22:33:57+0000  Selecting site:12  Active:6  Finished successfully:14
Progress: Sat, 07 May 2016 22:34:27+0000  Selecting site:12  Active:6  Finished successfully:14
Progress: Sat, 07 May 2016 22:34:57+0000  Selecting site:12  Active:6  Finished successfully:14
Progress: Sat, 07 May 2016 22:35:27+0000  Selecting site:12  Active:6  Finished successfully:14
Progress: Sat, 07 May 2016 22:35:57+0000  Selecting site:12  Active:6  Finished successfully:14
Progress: Sat, 07 May 2016 22:36:27+0000  Selecting site:12  Active:6  Finished successfully:14
Progress: Sat, 07 May 2016 22:36:57+0000  Selecting site:12  Active:6  Finished successfully:14
Progress: Sat, 07 May 2016 22:37:27+0000  Selecting site:12  Active:6  Finished successfully:14
Progress: Sat, 07 May 2016 22:37:57+0000  Selecting site:12  Active:6  Finished successfully:14
Progress: Sat, 07 May 2016 22:38:04+0000  Selecting site:11  Stage in:1  Active:5  Finished successfully:15
Progress: Sat, 07 May 2016 22:38:05+0000  Selecting site:11  Active:6  Finished successfully:15
Progress: Sat, 07 May 2016 22:38:23+0000  Selecting site:11  Active:5  Stage out:1  Finished successfully:15
Progress: Sat, 07 May 2016 22:38:34+0000  Selecting site:10  Active:6  Finished successfully:16
Progress: Sat, 07 May 2016 22:38:40+0000  Selecting site:10  Active:5  Stage out:1  Finished successfully:16
Progress: Sat, 07 May 2016 22:39:06+0000  Selecting site:9  Active:6  Finished successfully:17
Progress: Sat, 07 May 2016 22:39:36+0000  Selecting site:9  Active:6  Finished successfully:17
Progress: Sat, 07 May 2016 22:40:06+0000  Selecting site:9  Active:6  Finished successfully:17
Progress: Sat, 07 May 2016 22:40:36+0000  Selecting site:9  Active:6  Finished successfully:17
Progress: Sat, 07 May 2016 22:41:06+0000  Selecting site:9  Active:6  Finished successfully:17
Progress: Sat, 07 May 2016 22:41:36+0000  Selecting site:9  Active:6  Finished successfully:17
Progress: Sat, 07 May 2016 22:42:06+0000  Selecting site:9  Active:6  Finished successfully:17
Progress: Sat, 07 May 2016 22:42:36+0000  Selecting site:9  Active:6  Finished successfully:17
Progress: Sat, 07 May 2016 22:43:06+0000  Selecting site:9  Active:6  Finished successfully:17
Progress: Sat, 07 May 2016 22:43:36+0000  Selecting site:9  Active:6  Finished successfully:17
Progress: Sat, 07 May 2016 22:44:06+0000  Selecting site:9  Active:6  Finished successfully:17
Progress: Sat, 07 May 2016 22:44:36+0000  Selecting site:9  Active:6  Finished successfully:17
Progress: Sat, 07 May 2016 22:44:40+0000  Selecting site:8  Stage in:1  Active:5  Finished successfully:18
Progress: Sat, 07 May 2016 22:44:41+0000  Selecting site:8  Active:6  Finished successfully:18
Progress: Sat, 07 May 2016 22:44:58+0000  Selecting site:8  Active:5  Stage out:1  Finished successfully:18
Progress: Sat, 07 May 2016 22:45:27+0000  Selecting site:7  Active:6  Finished successfully:19
Progress: Sat, 07 May 2016 22:45:57+0000  Selecting site:6  Active:6  Finished successfully:20
Progress: Sat, 07 May 2016 22:46:27+0000  Selecting site:6  Active:6  Finished successfully:20
Progress: Sat, 07 May 2016 22:46:57+0000  Selecting site:6  Active:6  Finished successfully:20
Progress: Sat, 07 May 2016 22:47:27+0000  Selecting site:6  Active:6  Finished successfully:20
Progress: Sat, 07 May 2016 22:47:57+0000  Selecting site:6  Active:6  Finished successfully:20
Progress: Sat, 07 May 2016 22:48:27+0000  Selecting site:6  Active:6  Finished successfully:20
Progress: Sat, 07 May 2016 22:48:57+0000  Selecting site:6  Active:6  Finished successfully:20
Progress: Sat, 07 May 2016 22:49:27+0000  Selecting site:6  Active:6  Finished successfully:20
Progress: Sat, 07 May 2016 22:49:57+0000  Selecting site:6  Active:6  Finished successfully:20
Progress: Sat, 07 May 2016 22:50:27+0000  Selecting site:6  Active:6  Finished successfully:20
Progress: Sat, 07 May 2016 22:50:57+0000  Selecting site:6  Active:6  Finished successfully:20
Progress: Sat, 07 May 2016 22:51:27+0000  Selecting site:6  Active:6  Finished successfully:20
Progress: Sat, 07 May 2016 22:51:58+0000  Selecting site:6  Active:6  Finished successfully:20
Progress: Sat, 07 May 2016 22:52:28+0000  Selecting site:6  Active:6  Finished successfully:20
Progress: Sat, 07 May 2016 22:52:58+0000  Selecting site:6  Active:6  Finished successfully:20
Progress: Sat, 07 May 2016 22:53:28+0000  Selecting site:6  Active:6  Finished successfully:20
Progress: Sat, 07 May 2016 22:53:58+0000  Selecting site:6  Active:6  Finished successfully:20
Progress: Sat, 07 May 2016 22:54:28+0000  Selecting site:6  Active:6  Finished successfully:20
Progress: Sat, 07 May 2016 22:54:58+0000  Selecting site:6  Active:6  Finished successfully:20
Progress: Sat, 07 May 2016 22:55:28+0000  Selecting site:6  Active:6  Finished successfully:20
Progress: Sat, 07 May 2016 22:55:58+0000  Selecting site:6  Active:6  Finished successfully:20
Progress: Sat, 07 May 2016 22:56:28+0000  Selecting site:6  Active:6  Finished successfully:20
Progress: Sat, 07 May 2016 22:56:58+0000  Selecting site:6  Active:6  Finished successfully:20
Progress: Sat, 07 May 2016 22:57:28+0000  Selecting site:6  Active:6  Finished successfully:20
Progress: Sat, 07 May 2016 22:57:58+0000  Selecting site:6  Active:6  Finished successfully:20
Progress: Sat, 07 May 2016 22:58:28+0000  Selecting site:6  Active:6  Finished successfully:20
Progress: Sat, 07 May 2016 22:58:58+0000  Selecting site:6  Active:6  Finished successfully:20
Progress: Sat, 07 May 2016 22:59:28+0000  Selecting site:6  Active:6  Finished successfully:20
Progress: Sat, 07 May 2016 22:59:58+0000  Selecting site:6  Active:6  Finished successfully:20
Progress: Sat, 07 May 2016 23:00:28+0000  Selecting site:6  Active:6  Finished successfully:20
Progress: Sat, 07 May 2016 23:00:58+0000  Selecting site:6  Active:6  Finished successfully:20
Progress: Sat, 07 May 2016 23:01:28+0000  Selecting site:6  Active:6  Finished successfully:20
Progress: Sat, 07 May 2016 23:01:58+0000  Selecting site:6  Active:6  Finished successfully:20
Progress: Sat, 07 May 2016 23:02:28+0000  Selecting site:6  Active:6  Finished successfully:20
Progress: Sat, 07 May 2016 23:02:58+0000  Selecting site:6  Active:6  Finished successfully:20
Progress: Sat, 07 May 2016 23:03:28+0000  Selecting site:6  Active:6  Finished successfully:20
Progress: Sat, 07 May 2016 23:03:58+0000  Selecting site:6  Active:6  Finished successfully:20
Progress: Sat, 07 May 2016 23:04:28+0000  Selecting site:6  Active:6  Finished successfully:20
Progress: Sat, 07 May 2016 23:04:58+0000  Selecting site:6  Active:6  Finished successfully:20
Progress: Sat, 07 May 2016 23:05:28+0000  Selecting site:6  Active:6  Finished successfully:20
Progress: Sat, 07 May 2016 23:05:58+0000  Selecting site:6  Active:6  Finished successfully:20
Progress: Sat, 07 May 2016 23:06:28+0000  Selecting site:6  Active:6  Finished successfully:20
Progress: Sat, 07 May 2016 23:06:58+0000  Selecting site:6  Active:6  Finished successfully:20
Progress: Sat, 07 May 2016 23:07:28+0000  Selecting site:6  Active:6  Finished successfully:20
Progress: Sat, 07 May 2016 23:07:58+0000  Selecting site:6  Active:6  Finished successfully:20
Progress: Sat, 07 May 2016 23:08:05+0000  Selecting site:6  Active:5  Finished successfully:21
Progress: Sat, 07 May 2016 23:08:06+0000  Selecting site:5  Active:6  Finished successfully:21
Progress: Sat, 07 May 2016 23:08:35+0000  Selecting site:5  Active:5  Finished successfully:22
Progress: Sat, 07 May 2016 23:08:36+0000  Selecting site:4  Active:6  Finished successfully:22
Progress: Sat, 07 May 2016 23:09:06+0000  Selecting site:4  Active:6  Finished successfully:22
Progress: Sat, 07 May 2016 23:09:07+0000  Selecting site:4  Active:5  Stage out:1  Finished successfully:22
Progress: Sat, 07 May 2016 23:09:37+0000  Selecting site:3  Stage in:1  Active:5  Finished successfully:23
Progress: Sat, 07 May 2016 23:09:38+0000  Selecting site:3  Active:6  Finished successfully:23
Progress: Sat, 07 May 2016 23:10:08+0000  Selecting site:3  Active:6  Finished successfully:23
Progress: Sat, 07 May 2016 23:10:38+0000  Selecting site:3  Active:6  Finished successfully:23
Progress: Sat, 07 May 2016 23:11:08+0000  Selecting site:3  Active:6  Finished successfully:23
Progress: Sat, 07 May 2016 23:11:38+0000  Selecting site:3  Active:6  Finished successfully:23
Progress: Sat, 07 May 2016 23:12:08+0000  Selecting site:3  Active:6  Finished successfully:23
Progress: Sat, 07 May 2016 23:12:38+0000  Selecting site:3  Active:6  Finished successfully:23
Progress: Sat, 07 May 2016 23:13:08+0000  Selecting site:3  Active:6  Finished successfully:23
Progress: Sat, 07 May 2016 23:13:38+0000  Selecting site:3  Active:6  Finished successfully:23
Progress: Sat, 07 May 2016 23:14:08+0000  Selecting site:3  Active:6  Finished successfully:23
Progress: Sat, 07 May 2016 23:14:38+0000  Selecting site:3  Active:6  Finished successfully:23
Progress: Sat, 07 May 2016 23:14:41+0000  Selecting site:3  Active:5  Stage out:1  Finished successfully:23
Progress: Sat, 07 May 2016 23:14:58+0000  Selecting site:2  Active:6  Finished successfully:24
Progress: Sat, 07 May 2016 23:15:28+0000  Selecting site:2  Active:5  Stage out:1  Finished successfully:24
Progress: Sat, 07 May 2016 23:15:36+0000  Selecting site:1  Submitting:1  Active:5  Finished successfully:25
Progress: Sat, 07 May 2016 23:15:37+0000  Selecting site:1  Active:6  Finished successfully:25
Progress: Sat, 07 May 2016 23:15:58+0000  Selecting site:1  Active:5  Stage out:1  Finished successfully:25
Progress: Sat, 07 May 2016 23:16:15+0000  Active:6  Finished successfully:26
Progress: Sat, 07 May 2016 23:16:45+0000  Active:6  Finished successfully:26
Progress: Sat, 07 May 2016 23:17:15+0000  Active:6  Finished successfully:26
Progress: Sat, 07 May 2016 23:17:45+0000  Active:6  Finished successfully:26
Progress: Sat, 07 May 2016 23:18:15+0000  Active:6  Finished successfully:26
Progress: Sat, 07 May 2016 23:18:45+0000  Active:6  Finished successfully:26
Progress: Sat, 07 May 2016 23:19:15+0000  Active:6  Finished successfully:26
Progress: Sat, 07 May 2016 23:19:45+0000  Active:6  Finished successfully:26
Progress: Sat, 07 May 2016 23:20:15+0000  Active:6  Finished successfully:26
Progress: Sat, 07 May 2016 23:20:45+0000  Active:6  Finished successfully:26
Progress: Sat, 07 May 2016 23:21:15+0000  Active:6  Finished successfully:26
Progress: Sat, 07 May 2016 23:21:45+0000  Active:6  Finished successfully:26
Progress: Sat, 07 May 2016 23:22:15+0000  Active:6  Finished successfully:26
Progress: Sat, 07 May 2016 23:22:45+0000  Active:6  Finished successfully:26
Progress: Sat, 07 May 2016 23:23:15+0000  Active:6  Finished successfully:26
Progress: Sat, 07 May 2016 23:23:45+0000  Active:6  Finished successfully:26
Progress: Sat, 07 May 2016 23:24:15+0000  Active:6  Finished successfully:26
Progress: Sat, 07 May 2016 23:24:45+0000  Active:6  Finished successfully:26
Progress: Sat, 07 May 2016 23:25:15+0000  Active:6  Finished successfully:26
Progress: Sat, 07 May 2016 23:25:45+0000  Active:6  Finished successfully:26
Progress: Sat, 07 May 2016 23:26:15+0000  Active:6  Finished successfully:26
Progress: Sat, 07 May 2016 23:26:45+0000  Active:6  Finished successfully:26
Progress: Sat, 07 May 2016 23:27:15+0000  Active:6  Finished successfully:26
Progress: Sat, 07 May 2016 23:27:45+0000  Active:6  Finished successfully:26
Progress: Sat, 07 May 2016 23:28:15+0000  Active:6  Finished successfully:26
Progress: Sat, 07 May 2016 23:28:45+0000  Active:6  Finished successfully:26
Progress: Sat, 07 May 2016 23:29:15+0000  Active:6  Finished successfully:26
Progress: Sat, 07 May 2016 23:29:45+0000  Active:6  Finished successfully:26
Progress: Sat, 07 May 2016 23:30:15+0000  Active:6  Finished successfully:26
Progress: Sat, 07 May 2016 23:30:45+0000  Active:6  Finished successfully:26
Progress: Sat, 07 May 2016 23:31:15+0000  Active:6  Finished successfully:26
Progress: Sat, 07 May 2016 23:31:45+0000  Active:6  Finished successfully:26
Progress: Sat, 07 May 2016 23:32:15+0000  Active:6  Finished successfully:26
Progress: Sat, 07 May 2016 23:32:45+0000  Active:6  Finished successfully:26
Progress: Sat, 07 May 2016 23:33:15+0000  Active:6  Finished successfully:26
Progress: Sat, 07 May 2016 23:33:45+0000  Active:6  Finished successfully:26
Progress: Sat, 07 May 2016 23:34:15+0000  Active:6  Finished successfully:26
Progress: Sat, 07 May 2016 23:34:45+0000  Active:6  Finished successfully:26
Progress: Sat, 07 May 2016 23:35:15+0000  Active:6  Finished successfully:26
Progress: Sat, 07 May 2016 23:35:45+0000  Active:6  Finished successfully:26
Progress: Sat, 07 May 2016 23:36:15+0000  Active:6  Finished successfully:26
Progress: Sat, 07 May 2016 23:36:45+0000  Active:6  Finished successfully:26
Progress: Sat, 07 May 2016 23:37:15+0000  Active:6  Finished successfully:26
Progress: Sat, 07 May 2016 23:37:45+0000  Active:6  Finished successfully:26
Progress: Sat, 07 May 2016 23:38:06+0000  Active:5  Finished successfully:27
Progress: Sat, 07 May 2016 23:38:36+0000  Active:4  Stage out:1  Finished successfully:27
Progress: Sat, 07 May 2016 23:39:04+0000  Active:4  Finished successfully:28
Progress: Sat, 07 May 2016 23:39:34+0000  Active:4  Finished successfully:28
Progress: Sat, 07 May 2016 23:39:37+0000  Active:3  Stage out:1  Finished successfully:28
Progress: Sat, 07 May 2016 23:40:07+0000  Active:3  Stage out:1  Finished successfully:28
Progress: Sat, 07 May 2016 23:40:08+0000  Active:3  Finished successfully:29
Progress: Sat, 07 May 2016 23:40:38+0000  Active:3  Finished successfully:29
Progress: Sat, 07 May 2016 23:41:08+0000  Active:3  Finished successfully:29
Progress: Sat, 07 May 2016 23:41:38+0000  Active:3  Finished successfully:29
Progress: Sat, 07 May 2016 23:42:08+0000  Active:3  Finished successfully:29
Progress: Sat, 07 May 2016 23:42:38+0000  Active:3  Finished successfully:29
Progress: Sat, 07 May 2016 23:43:08+0000  Active:3  Finished successfully:29
Progress: Sat, 07 May 2016 23:43:38+0000  Active:3  Finished successfully:29
Progress: Sat, 07 May 2016 23:44:08+0000  Active:3  Finished successfully:29
Progress: Sat, 07 May 2016 23:44:38+0000  Active:3  Finished successfully:29
Progress: Sat, 07 May 2016 23:44:58+0000  Active:2  Stage out:1  Finished successfully:29
Progress: Sat, 07 May 2016 23:45:06+0000  Active:2  Finished successfully:30
Progress: Sat, 07 May 2016 23:45:36+0000  Active:2  Finished successfully:30
Progress: Sat, 07 May 2016 23:45:37+0000  Active:1  Stage out:1  Finished successfully:30
Progress: Sat, 07 May 2016 23:45:45+0000  Active:1  Finished successfully:31
Final status: Sat, 07 May 2016 23:46:15+0000  Finished successfully:32
Swift did not shut down 10 seconds after the run completed


Waiting JVM threads:
	Thread "NBS11" (0x00000047) WAITING
		waiting for java.util.concurrent.locks.AbstractQueuedSynchronizer$ConditionObject (0x04d04fff)
	Stack trace:
		sun.misc.Unsafe.park
		java.util.concurrent.locks.LockSupport.park:186
		java.util.concurrent.locks.AbstractQueuedSynchronizer$ConditionObject.await:2043
		java.util.concurrent.LinkedBlockingQueue.take:442
		java.util.concurrent.ThreadPoolExecutor.getTask:1068
		java.util.concurrent.ThreadPoolExecutor.runWorker:1130
		java.util.concurrent.ThreadPoolExecutor$Worker.run:615
		java.lang.Thread.run:745

	Thread "NBS10" (0x00000046) WAITING
		waiting for java.util.concurrent.locks.AbstractQueuedSynchronizer$ConditionObject (0x04d04fff)
	Stack trace:
		sun.misc.Unsafe.park
		java.util.concurrent.locks.LockSupport.park:186
		java.util.concurrent.locks.AbstractQueuedSynchronizer$ConditionObject.await:2043
		java.util.concurrent.LinkedBlockingQueue.take:442
		java.util.concurrent.ThreadPoolExecutor.getTask:1068
		java.util.concurrent.ThreadPoolExecutor.runWorker:1130
		java.util.concurrent.ThreadPoolExecutor$Worker.run:615
		java.lang.Thread.run:745

	Thread "NBS9" (0x00000045) WAITING
		waiting for java.util.concurrent.locks.AbstractQueuedSynchronizer$ConditionObject (0x04d04fff)
	Stack trace:
		sun.misc.Unsafe.park
		java.util.concurrent.locks.LockSupport.park:186
		java.util.concurrent.locks.AbstractQueuedSynchronizer$ConditionObject.await:2043
		java.util.concurrent.LinkedBlockingQueue.take:442
		java.util.concurrent.ThreadPoolExecutor.getTask:1068
		java.util.concurrent.ThreadPoolExecutor.runWorker:1130
		java.util.concurrent.ThreadPoolExecutor$Worker.run:615
		java.lang.Thread.run:745

	Thread "NBS8" (0x00000044) WAITING
		waiting for java.util.concurrent.locks.AbstractQueuedSynchronizer$ConditionObject (0x04d04fff)
	Stack trace:
		sun.misc.Unsafe.park
		java.util.concurrent.locks.LockSupport.park:186
		java.util.concurrent.locks.AbstractQueuedSynchronizer$ConditionObject.await:2043
		java.util.concurrent.LinkedBlockingQueue.take:442
		java.util.concurrent.ThreadPoolExecutor.getTask:1068
		java.util.concurrent.ThreadPoolExecutor.runWorker:1130
		java.util.concurrent.ThreadPoolExecutor$Worker.run:615
		java.lang.Thread.run:745

	Thread "NBS7" (0x00000043) WAITING
		waiting for java.util.concurrent.locks.AbstractQueuedSynchronizer$ConditionObject (0x04d04fff)
	Stack trace:
		sun.misc.Unsafe.park
		java.util.concurrent.locks.LockSupport.park:186
		java.util.concurrent.locks.AbstractQueuedSynchronizer$ConditionObject.await:2043
		java.util.concurrent.LinkedBlockingQueue.take:442
		java.util.concurrent.ThreadPoolExecutor.getTask:1068
		java.util.concurrent.ThreadPoolExecutor.runWorker:1130
		java.util.concurrent.ThreadPoolExecutor$Worker.run:615
		java.lang.Thread.run:745

	Thread "I/O Queue" (0x00000042) TIMED_WAITING
		waiting for org.globus.cog.abstraction.impl.file.coaster.buffers.Buffers (0x0cb7d5cf)
	Stack trace:
		java.lang.Object.wait
		org.globus.cog.abstraction.impl.file.coaster.buffers.Buffers.run:215

	Thread "I/O Queue" (0x00000041) TIMED_WAITING
		waiting for org.globus.cog.abstraction.impl.file.coaster.buffers.Buffers (0x3643d1fb)
	Stack trace:
		java.lang.Object.wait
		org.globus.cog.abstraction.impl.file.coaster.buffers.Buffers.run:215

	Thread "NBS6" (0x0000003f) WAITING
		waiting for java.util.concurrent.locks.AbstractQueuedSynchronizer$ConditionObject (0x04d04fff)
	Stack trace:
		sun.misc.Unsafe.park
		java.util.concurrent.locks.LockSupport.park:186
		java.util.concurrent.locks.AbstractQueuedSynchronizer$ConditionObject.await:2043
		java.util.concurrent.LinkedBlockingQueue.take:442
		java.util.concurrent.ThreadPoolExecutor.getTask:1068
		java.util.concurrent.ThreadPoolExecutor.runWorker:1130
		java.util.concurrent.ThreadPoolExecutor$Worker.run:615
		java.lang.Thread.run:745

	Thread "NBS5" (0x0000003e) WAITING
		waiting for java.util.concurrent.locks.AbstractQueuedSynchronizer$ConditionObject (0x04d04fff)
	Stack trace:
		sun.misc.Unsafe.park
		java.util.concurrent.locks.LockSupport.park:186
		java.util.concurrent.locks.AbstractQueuedSynchronizer$ConditionObject.await:2043
		java.util.concurrent.LinkedBlockingQueue.take:442
		java.util.concurrent.ThreadPoolExecutor.getTask:1068
		java.util.concurrent.ThreadPoolExecutor.runWorker:1130
		java.util.concurrent.ThreadPoolExecutor$Worker.run:615
		java.lang.Thread.run:745

	Thread "Sender GSSChannel" (0x0000003c) WAITING
		waiting for java.util.concurrent.locks.AbstractQueuedSynchronizer$ConditionObject (0x0833f0d1)
	Stack trace:
		sun.misc.Unsafe.park
		java.util.concurrent.locks.LockSupport.park:186
		java.util.concurrent.locks.AbstractQueuedSynchronizer$ConditionObject.await:2043
		java.util.concurrent.LinkedBlockingQueue.take:442
		org.globus.cog.coaster.channels.Sender.run:75

	Thread "Timer-1" (0x0000003b) TIMED_WAITING
		waiting for java.util.TaskQueue (0x0a072d8c)
	Stack trace:
		java.lang.Object.wait
		java.util.TimerThread.mainLoop:552
		java.util.TimerThread.run:505

	Thread "Channel multiplexer 1" (0x0000003a) TIMED_WAITING
	Stack trace:
		java.lang.Thread.sleep
		org.globus.cog.coaster.channels.Multiplexer.run:132

	Thread "Channel multiplexer 0" (0x00000039) TIMED_WAITING
	Stack trace:
		java.lang.Thread.sleep
		org.globus.cog.coaster.channels.Multiplexer.run:132

	Thread "NBS4" (0x0000002d) WAITING
		waiting for java.util.concurrent.locks.AbstractQueuedSynchronizer$ConditionObject (0x04d04fff)
	Stack trace:
		sun.misc.Unsafe.park
		java.util.concurrent.locks.LockSupport.park:186
		java.util.concurrent.locks.AbstractQueuedSynchronizer$ConditionObject.await:2043
		java.util.concurrent.LinkedBlockingQueue.take:442
		java.util.concurrent.ThreadPoolExecutor.getTask:1068
		java.util.concurrent.ThreadPoolExecutor.runWorker:1130
		java.util.concurrent.ThreadPoolExecutor$Worker.run:615
		java.lang.Thread.run:745

	Thread "NBS3" (0x0000002c) WAITING
		waiting for java.util.concurrent.locks.AbstractQueuedSynchronizer$ConditionObject (0x04d04fff)
	Stack trace:
		sun.misc.Unsafe.park
		java.util.concurrent.locks.LockSupport.park:186
		java.util.concurrent.locks.AbstractQueuedSynchronizer$ConditionObject.await:2043
		java.util.concurrent.LinkedBlockingQueue.take:442
		java.util.concurrent.ThreadPoolExecutor.getTask:1068
		java.util.concurrent.ThreadPoolExecutor.runWorker:1130
		java.util.concurrent.ThreadPoolExecutor$Worker.run:615
		java.lang.Thread.run:745

	Thread "pool-1-thread-24" (0x0000002b) WAITING
		waiting for java.util.concurrent.locks.AbstractQueuedSynchronizer$ConditionObject (0x2657ea6a)
	Stack trace:
		sun.misc.Unsafe.park
		java.util.concurrent.locks.LockSupport.park:186
		java.util.concurrent.locks.AbstractQueuedSynchronizer$ConditionObject.await:2043
		java.util.concurrent.LinkedBlockingQueue.take:442
		java.util.concurrent.ThreadPoolExecutor.getTask:1068
		java.util.concurrent.ThreadPoolExecutor.runWorker:1130
		java.util.concurrent.ThreadPoolExecutor$Worker.run:615
		java.lang.Thread.run:745

	Thread "pool-1-thread-23" (0x0000002a) WAITING
		waiting for java.util.concurrent.locks.AbstractQueuedSynchronizer$ConditionObject (0x2657ea6a)
	Stack trace:
		sun.misc.Unsafe.park
		java.util.concurrent.locks.LockSupport.park:186
		java.util.concurrent.locks.AbstractQueuedSynchronizer$ConditionObject.await:2043
		java.util.concurrent.LinkedBlockingQueue.take:442
		java.util.concurrent.ThreadPoolExecutor.getTask:1068
		java.util.concurrent.ThreadPoolExecutor.runWorker:1130
		java.util.concurrent.ThreadPoolExecutor$Worker.run:615
		java.lang.Thread.run:745

	Thread "pool-1-thread-22" (0x00000029) WAITING
		waiting for java.util.concurrent.locks.AbstractQueuedSynchronizer$ConditionObject (0x2657ea6a)
	Stack trace:
		sun.misc.Unsafe.park
		java.util.concurrent.locks.LockSupport.park:186
		java.util.concurrent.locks.AbstractQueuedSynchronizer$ConditionObject.await:2043
		java.util.concurrent.LinkedBlockingQueue.take:442
		java.util.concurrent.ThreadPoolExecutor.getTask:1068
		java.util.concurrent.ThreadPoolExecutor.runWorker:1130
		java.util.concurrent.ThreadPoolExecutor$Worker.run:615
		java.lang.Thread.run:745

	Thread "pool-1-thread-21" (0x00000028) WAITING
		waiting for java.util.concurrent.locks.AbstractQueuedSynchronizer$ConditionObject (0x2657ea6a)
	Stack trace:
		sun.misc.Unsafe.park
		java.util.concurrent.locks.LockSupport.park:186
		java.util.concurrent.locks.AbstractQueuedSynchronizer$ConditionObject.await:2043
		java.util.concurrent.LinkedBlockingQueue.take:442
		java.util.concurrent.ThreadPoolExecutor.getTask:1068
		java.util.concurrent.ThreadPoolExecutor.runWorker:1130
		java.util.concurrent.ThreadPoolExecutor$Worker.run:615
		java.lang.Thread.run:745

	Thread "pool-1-thread-20" (0x00000027) WAITING
		waiting for java.util.concurrent.locks.AbstractQueuedSynchronizer$ConditionObject (0x2657ea6a)
	Stack trace:
		sun.misc.Unsafe.park
		java.util.concurrent.locks.LockSupport.park:186
		java.util.concurrent.locks.AbstractQueuedSynchronizer$ConditionObject.await:2043
		java.util.concurrent.LinkedBlockingQueue.take:442
		java.util.concurrent.ThreadPoolExecutor.getTask:1068
		java.util.concurrent.ThreadPoolExecutor.runWorker:1130
		java.util.concurrent.ThreadPoolExecutor$Worker.run:615
		java.lang.Thread.run:745

	Thread "pool-1-thread-19" (0x00000026) WAITING
		waiting for java.util.concurrent.locks.AbstractQueuedSynchronizer$ConditionObject (0x2657ea6a)
	Stack trace:
		sun.misc.Unsafe.park
		java.util.concurrent.locks.LockSupport.park:186
		java.util.concurrent.locks.AbstractQueuedSynchronizer$ConditionObject.await:2043
		java.util.concurrent.LinkedBlockingQueue.take:442
		java.util.concurrent.ThreadPoolExecutor.getTask:1068
		java.util.concurrent.ThreadPoolExecutor.runWorker:1130
		java.util.concurrent.ThreadPoolExecutor$Worker.run:615
		java.lang.Thread.run:745

	Thread "pool-1-thread-18" (0x00000025) WAITING
		waiting for java.util.concurrent.locks.AbstractQueuedSynchronizer$ConditionObject (0x2657ea6a)
	Stack trace:
		sun.misc.Unsafe.park
		java.util.concurrent.locks.LockSupport.park:186
		java.util.concurrent.locks.AbstractQueuedSynchronizer$ConditionObject.await:2043
		java.util.concurrent.LinkedBlockingQueue.take:442
		java.util.concurrent.ThreadPoolExecutor.getTask:1068
		java.util.concurrent.ThreadPoolExecutor.runWorker:1130
		java.util.concurrent.ThreadPoolExecutor$Worker.run:615
		java.lang.Thread.run:745

	Thread "pool-1-thread-17" (0x00000024) WAITING
		waiting for java.util.concurrent.locks.AbstractQueuedSynchronizer$ConditionObject (0x2657ea6a)
	Stack trace:
		sun.misc.Unsafe.park
		java.util.concurrent.locks.LockSupport.park:186
		java.util.concurrent.locks.AbstractQueuedSynchronizer$ConditionObject.await:2043
		java.util.concurrent.LinkedBlockingQueue.take:442
		java.util.concurrent.ThreadPoolExecutor.getTask:1068
		java.util.concurrent.ThreadPoolExecutor.runWorker:1130
		java.util.concurrent.ThreadPoolExecutor$Worker.run:615
		java.lang.Thread.run:745

	Thread "pool-1-thread-16" (0x00000023) WAITING
		waiting for java.util.concurrent.locks.AbstractQueuedSynchronizer$ConditionObject (0x2657ea6a)
	Stack trace:
		sun.misc.Unsafe.park
		java.util.concurrent.locks.LockSupport.park:186
		java.util.concurrent.locks.AbstractQueuedSynchronizer$ConditionObject.await:2043
		java.util.concurrent.LinkedBlockingQueue.take:442
		java.util.concurrent.ThreadPoolExecutor.getTask:1068
		java.util.concurrent.ThreadPoolExecutor.runWorker:1130
		java.util.concurrent.ThreadPoolExecutor$Worker.run:615
		java.lang.Thread.run:745

	Thread "pool-1-thread-15" (0x00000022) WAITING
		waiting for java.util.concurrent.locks.AbstractQueuedSynchronizer$ConditionObject (0x2657ea6a)
	Stack trace:
		sun.misc.Unsafe.park
		java.util.concurrent.locks.LockSupport.park:186
		java.util.concurrent.locks.AbstractQueuedSynchronizer$ConditionObject.await:2043
		java.util.concurrent.LinkedBlockingQueue.take:442
		java.util.concurrent.ThreadPoolExecutor.getTask:1068
		java.util.concurrent.ThreadPoolExecutor.runWorker:1130
		java.util.concurrent.ThreadPoolExecutor$Worker.run:615
		java.lang.Thread.run:745

	Thread "pool-1-thread-14" (0x00000021) WAITING
		waiting for java.util.concurrent.locks.AbstractQueuedSynchronizer$ConditionObject (0x2657ea6a)
	Stack trace:
		sun.misc.Unsafe.park
		java.util.concurrent.locks.LockSupport.park:186
		java.util.concurrent.locks.AbstractQueuedSynchronizer$ConditionObject.await:2043
		java.util.concurrent.LinkedBlockingQueue.take:442
		java.util.concurrent.ThreadPoolExecutor.getTask:1068
		java.util.concurrent.ThreadPoolExecutor.runWorker:1130
		java.util.concurrent.ThreadPoolExecutor$Worker.run:615
		java.lang.Thread.run:745

	Thread "pool-1-thread-13" (0x00000020) WAITING
		waiting for java.util.concurrent.locks.AbstractQueuedSynchronizer$ConditionObject (0x2657ea6a)
	Stack trace:
		sun.misc.Unsafe.park
		java.util.concurrent.locks.LockSupport.park:186
		java.util.concurrent.locks.AbstractQueuedSynchronizer$ConditionObject.await:2043
		java.util.concurrent.LinkedBlockingQueue.take:442
		java.util.concurrent.ThreadPoolExecutor.getTask:1068
		java.util.concurrent.ThreadPoolExecutor.runWorker:1130
		java.util.concurrent.ThreadPoolExecutor$Worker.run:615
		java.lang.Thread.run:745

	Thread "pool-1-thread-12" (0x0000001f) WAITING
		waiting for java.util.concurrent.locks.AbstractQueuedSynchronizer$ConditionObject (0x2657ea6a)
	Stack trace:
		sun.misc.Unsafe.park
		java.util.concurrent.locks.LockSupport.park:186
		java.util.concurrent.locks.AbstractQueuedSynchronizer$ConditionObject.await:2043
		java.util.concurrent.LinkedBlockingQueue.take:442
		java.util.concurrent.ThreadPoolExecutor.getTask:1068
		java.util.concurrent.ThreadPoolExecutor.runWorker:1130
		java.util.concurrent.ThreadPoolExecutor$Worker.run:615
		java.lang.Thread.run:745

	Thread "pool-1-thread-11" (0x0000001e) WAITING
		waiting for java.util.concurrent.locks.AbstractQueuedSynchronizer$ConditionObject (0x2657ea6a)
	Stack trace:
		sun.misc.Unsafe.park
		java.util.concurrent.locks.LockSupport.park:186
		java.util.concurrent.locks.AbstractQueuedSynchronizer$ConditionObject.await:2043
		java.util.concurrent.LinkedBlockingQueue.take:442
		java.util.concurrent.ThreadPoolExecutor.getTask:1068
		java.util.concurrent.ThreadPoolExecutor.runWorker:1130
		java.util.concurrent.ThreadPoolExecutor$Worker.run:615
		java.lang.Thread.run:745

	Thread "pool-1-thread-10" (0x0000001d) WAITING
		waiting for java.util.concurrent.locks.AbstractQueuedSynchronizer$ConditionObject (0x2657ea6a)
	Stack trace:
		sun.misc.Unsafe.park
		java.util.concurrent.locks.LockSupport.park:186
		java.util.concurrent.locks.AbstractQueuedSynchronizer$ConditionObject.await:2043
		java.util.concurrent.LinkedBlockingQueue.take:442
		java.util.concurrent.ThreadPoolExecutor.getTask:1068
		java.util.concurrent.ThreadPoolExecutor.runWorker:1130
		java.util.concurrent.ThreadPoolExecutor$Worker.run:615
		java.lang.Thread.run:745

	Thread "pool-1-thread-9" (0x0000001c) WAITING
		waiting for java.util.concurrent.locks.AbstractQueuedSynchronizer$ConditionObject (0x2657ea6a)
	Stack trace:
		sun.misc.Unsafe.park
		java.util.concurrent.locks.LockSupport.park:186
		java.util.concurrent.locks.AbstractQueuedSynchronizer$ConditionObject.await:2043
		java.util.concurrent.LinkedBlockingQueue.take:442
		java.util.concurrent.ThreadPoolExecutor.getTask:1068
		java.util.concurrent.ThreadPoolExecutor.runWorker:1130
		java.util.concurrent.ThreadPoolExecutor$Worker.run:615
		java.lang.Thread.run:745

	Thread "pool-1-thread-8" (0x0000001b) WAITING
		waiting for java.util.concurrent.locks.AbstractQueuedSynchronizer$ConditionObject (0x2657ea6a)
	Stack trace:
		sun.misc.Unsafe.park
		java.util.concurrent.locks.LockSupport.park:186
		java.util.concurrent.locks.AbstractQueuedSynchronizer$ConditionObject.await:2043
		java.util.concurrent.LinkedBlockingQueue.take:442
		java.util.concurrent.ThreadPoolExecutor.getTask:1068
		java.util.concurrent.ThreadPoolExecutor.runWorker:1130
		java.util.concurrent.ThreadPoolExecutor$Worker.run:615
		java.lang.Thread.run:745

	Thread "pool-1-thread-7" (0x0000001a) WAITING
		waiting for java.util.concurrent.locks.AbstractQueuedSynchronizer$ConditionObject (0x2657ea6a)
	Stack trace:
		sun.misc.Unsafe.park
		java.util.concurrent.locks.LockSupport.park:186
		java.util.concurrent.locks.AbstractQueuedSynchronizer$ConditionObject.await:2043
		java.util.concurrent.LinkedBlockingQueue.take:442
		java.util.concurrent.ThreadPoolExecutor.getTask:1068
		java.util.concurrent.ThreadPoolExecutor.runWorker:1130
		java.util.concurrent.ThreadPoolExecutor$Worker.run:615
		java.lang.Thread.run:745

	Thread "pool-1-thread-6" (0x00000019) WAITING
		waiting for java.util.concurrent.locks.AbstractQueuedSynchronizer$ConditionObject (0x2657ea6a)
	Stack trace:
		sun.misc.Unsafe.park
		java.util.concurrent.locks.LockSupport.park:186
		java.util.concurrent.locks.AbstractQueuedSynchronizer$ConditionObject.await:2043
		java.util.concurrent.LinkedBlockingQueue.take:442
		java.util.concurrent.ThreadPoolExecutor.getTask:1068
		java.util.concurrent.ThreadPoolExecutor.runWorker:1130
		java.util.concurrent.ThreadPoolExecutor$Worker.run:615
		java.lang.Thread.run:745

	Thread "pool-1-thread-5" (0x00000018) WAITING
		waiting for java.util.concurrent.locks.AbstractQueuedSynchronizer$ConditionObject (0x2657ea6a)
	Stack trace:
		sun.misc.Unsafe.park
		java.util.concurrent.locks.LockSupport.park:186
		java.util.concurrent.locks.AbstractQueuedSynchronizer$ConditionObject.await:2043
		java.util.concurrent.LinkedBlockingQueue.take:442
		java.util.concurrent.ThreadPoolExecutor.getTask:1068
		java.util.concurrent.ThreadPoolExecutor.runWorker:1130
		java.util.concurrent.ThreadPoolExecutor$Worker.run:615
		java.lang.Thread.run:745

	Thread "Restart Log Sync" (0x00000015) WAITING
		waiting for org.griphyn.vdl.karajan.lib.restartLog.SyncThread (0x55dee8d0)
	Stack trace:
		java.lang.Object.wait
		java.lang.Object.wait:503
		org.griphyn.vdl.karajan.lib.restartLog.SyncThread.run:66

	Thread "pool-1-thread-4" (0x00000014) WAITING
		waiting for java.util.concurrent.locks.AbstractQueuedSynchronizer$ConditionObject (0x2657ea6a)
	Stack trace:
		sun.misc.Unsafe.park
		java.util.concurrent.locks.LockSupport.park:186
		java.util.concurrent.locks.AbstractQueuedSynchronizer$ConditionObject.await:2043
		java.util.concurrent.LinkedBlockingQueue.take:442
		java.util.concurrent.ThreadPoolExecutor.getTask:1068
		java.util.concurrent.ThreadPoolExecutor.runWorker:1130
		java.util.concurrent.ThreadPoolExecutor$Worker.run:615
		java.lang.Thread.run:745

	Thread "NBS2" (0x00000013) WAITING
		waiting for java.util.concurrent.locks.AbstractQueuedSynchronizer$ConditionObject (0x04d04fff)
	Stack trace:
		sun.misc.Unsafe.park
		java.util.concurrent.locks.LockSupport.park:186
		java.util.concurrent.locks.AbstractQueuedSynchronizer$ConditionObject.await:2043
		java.util.concurrent.LinkedBlockingQueue.take:442
		java.util.concurrent.ThreadPoolExecutor.getTask:1068
		java.util.concurrent.ThreadPoolExecutor.runWorker:1130
		java.util.concurrent.ThreadPoolExecutor$Worker.run:615
		java.lang.Thread.run:745

	Thread "pool-1-thread-3" (0x00000012) WAITING
		waiting for java.util.concurrent.locks.AbstractQueuedSynchronizer$ConditionObject (0x2657ea6a)
	Stack trace:
		sun.misc.Unsafe.park
		java.util.concurrent.locks.LockSupport.park:186
		java.util.concurrent.locks.AbstractQueuedSynchronizer$ConditionObject.await:2043
		java.util.concurrent.LinkedBlockingQueue.take:442
		java.util.concurrent.ThreadPoolExecutor.getTask:1068
		java.util.concurrent.ThreadPoolExecutor.runWorker:1130
		java.util.concurrent.ThreadPoolExecutor$Worker.run:615
		java.lang.Thread.run:745

	Thread "NBS1" (0x00000011) WAITING
		waiting for java.util.concurrent.locks.AbstractQueuedSynchronizer$ConditionObject (0x04d04fff)
	Stack trace:
		sun.misc.Unsafe.park
		java.util.concurrent.locks.LockSupport.park:186
		java.util.concurrent.locks.AbstractQueuedSynchronizer$ConditionObject.await:2043
		java.util.concurrent.LinkedBlockingQueue.take:442
		java.util.concurrent.ThreadPoolExecutor.getTask:1068
		java.util.concurrent.ThreadPoolExecutor.runWorker:1130
		java.util.concurrent.ThreadPoolExecutor$Worker.run:615
		java.lang.Thread.run:745

	Thread "pool-1-thread-2" (0x00000010) WAITING
		waiting for java.util.concurrent.locks.AbstractQueuedSynchronizer$ConditionObject (0x2657ea6a)
	Stack trace:
		sun.misc.Unsafe.park
		java.util.concurrent.locks.LockSupport.park:186
		java.util.concurrent.locks.AbstractQueuedSynchronizer$ConditionObject.await:2043
		java.util.concurrent.LinkedBlockingQueue.take:442
		java.util.concurrent.ThreadPoolExecutor.getTask:1068
		java.util.concurrent.ThreadPoolExecutor.runWorker:1130
		java.util.concurrent.ThreadPoolExecutor$Worker.run:615
		java.lang.Thread.run:745

	Thread "Timer-0" (0x0000000f) TIMED_WAITING
		waiting for java.util.TaskQueue (0x1d86dbbb)
	Stack trace:
		java.lang.Object.wait
		java.util.TimerThread.mainLoop:552
		java.util.TimerThread.run:505

	Thread "NBS0" (0x0000000e) WAITING
		waiting for java.util.concurrent.locks.AbstractQueuedSynchronizer$ConditionObject (0x04d04fff)
	Stack trace:
		sun.misc.Unsafe.park
		java.util.concurrent.locks.LockSupport.park:186
		java.util.concurrent.locks.AbstractQueuedSynchronizer$ConditionObject.await:2043
		java.util.concurrent.LinkedBlockingQueue.take:442
		java.util.concurrent.ThreadPoolExecutor.getTask:1068
		java.util.concurrent.ThreadPoolExecutor.runWorker:1130
		java.util.concurrent.ThreadPoolExecutor$Worker.run:615
		java.lang.Thread.run:745

	Thread "Scheduler" (0x0000000c) TIMED_WAITING
		waiting for org.griphyn.vdl.karajan.VDSAdaptiveScheduler (0x68a460f0)
	Stack trace:
		java.lang.Object.wait
		org.globus.cog.karajan.scheduler.LateBindingScheduler.sleep:322
		org.globus.cog.karajan.scheduler.LateBindingScheduler.run:271

	Thread "Overloaded Host Monitor" (0x0000000d) TIMED_WAITING
	Stack trace:
		java.lang.Thread.sleep
		org.globus.cog.karajan.scheduler.OverloadedHostMonitor.run:66

	Thread "pool-1-thread-1" (0x0000000b) WAITING
		waiting for java.util.concurrent.locks.AbstractQueuedSynchronizer$ConditionObject (0x2657ea6a)
	Stack trace:
		sun.misc.Unsafe.park
		java.util.concurrent.locks.LockSupport.park:186
		java.util.concurrent.locks.AbstractQueuedSynchronizer$ConditionObject.await:2043
		java.util.concurrent.LinkedBlockingQueue.take:442
		java.util.concurrent.ThreadPoolExecutor.getTask:1068
		java.util.concurrent.ThreadPoolExecutor.runWorker:1130
		java.util.concurrent.ThreadPoolExecutor$Worker.run:615
		java.lang.Thread.run:745

	Thread "LWT Scheduler Timer" (0x0000000a) WAITING
		waiting for java.util.TaskQueue (0x00c3e122)
	Stack trace:
		java.lang.Object.wait
		java.lang.Object.wait:503
		java.util.TimerThread.mainLoop:526
		java.util.TimerThread.run:505

	Thread "AsyncAppender-Dispatcher-Thread-0" (0x00000008) WAITING
		waiting for java.util.ArrayList (0x3bf17f92)
	Stack trace:
		java.lang.Object.wait
		java.lang.Object.wait:503
		org.apache.log4j.AsyncAppender$Dispatcher.run:548
		java.lang.Thread.run:745

	Thread "Finalizer" (0x00000003) WAITING
		waiting for java.lang.ref.ReferenceQueue$Lock (0x6bee68fc)
	Stack trace:
		java.lang.Object.wait
		java.lang.ref.ReferenceQueue.remove:135
		java.lang.ref.ReferenceQueue.remove:151
		java.lang.ref.Finalizer$FinalizerThread.run:209

	Thread "Reference Handler" (0x00000002) WAITING
		waiting for java.lang.ref.Reference$Lock (0x712eafbf)
	Stack trace:
		java.lang.Object.wait
		java.lang.Object.wait:503
		java.lang.ref.Reference$ReferenceHandler.run:133


