Swift 0.96.2 git-rev: b9611649002eecd640fc6c58bbb88cb35ce03539 heads/release-0.96-swift 6287
RunID: run034
Progress: Wed, 17 Feb 2016 02:09:30+0100
Progress: Wed, 17 Feb 2016 02:09:31+0100  Submitting:8
Progress: Wed, 17 Feb 2016 02:09:54+0100  Submitting:1  Submitted:7
Progress: Wed, 17 Feb 2016 02:10:14+0100  Submitted:8
Progress: Wed, 17 Feb 2016 02:10:44+0100  Submitted:8
Progress: Wed, 17 Feb 2016 02:11:14+0100  Submitted:8
Progress: Wed, 17 Feb 2016 02:11:15+0100  Stage in:7  Submitted:1
Progress: Wed, 17 Feb 2016 02:11:16+0100  Submitted:1  Active:7
Progress: Wed, 17 Feb 2016 02:11:46+0100  Submitted:1  Active:7
Progress: Wed, 17 Feb 2016 02:12:16+0100  Submitted:1  Active:7
Progress: Wed, 17 Feb 2016 02:12:46+0100  Submitted:1  Active:7
Progress: Wed, 17 Feb 2016 02:13:16+0100  Submitted:1  Active:7
Progress: Wed, 17 Feb 2016 02:13:46+0100  Submitted:1  Active:7
Progress: Wed, 17 Feb 2016 02:14:16+0100  Submitted:1  Active:7
Progress: Wed, 17 Feb 2016 02:14:46+0100  Submitted:1  Active:7
Progress: Wed, 17 Feb 2016 02:15:16+0100  Submitted:1  Active:7
Progress: Wed, 17 Feb 2016 02:15:46+0100  Submitted:1  Active:7
Progress: Wed, 17 Feb 2016 02:16:16+0100  Submitted:1  Active:7
Progress: Wed, 17 Feb 2016 02:16:46+0100  Submitted:1  Active:7
Progress: Wed, 17 Feb 2016 02:17:16+0100  Submitted:1  Active:7
Progress: Wed, 17 Feb 2016 02:17:46+0100  Submitted:1  Active:7
Progress: Wed, 17 Feb 2016 02:18:16+0100  Submitted:1  Active:7
Progress: Wed, 17 Feb 2016 02:18:46+0100  Submitted:1  Active:7
Progress: Wed, 17 Feb 2016 02:19:16+0100  Submitted:1  Active:7
Progress: Wed, 17 Feb 2016 02:19:46+0100  Submitted:1  Active:7
Progress: Wed, 17 Feb 2016 02:20:16+0100  Submitted:1  Active:7
Progress: Wed, 17 Feb 2016 02:20:46+0100  Submitted:1  Active:7
Progress: Wed, 17 Feb 2016 02:21:16+0100  Submitted:1  Active:7
Progress: Wed, 17 Feb 2016 02:21:34+0100  Stage in:1  Active:7
Progress: Wed, 17 Feb 2016 02:21:35+0100  Active:8
Progress: Wed, 17 Feb 2016 02:22:05+0100  Active:8
Progress: Wed, 17 Feb 2016 02:22:35+0100  Active:8
Progress: Wed, 17 Feb 2016 02:23:05+0100  Active:8
Progress: Wed, 17 Feb 2016 02:23:35+0100  Active:8
Progress: Wed, 17 Feb 2016 02:24:05+0100  Active:8
Progress: Wed, 17 Feb 2016 02:24:35+0100  Active:8
Progress: Wed, 17 Feb 2016 02:25:05+0100  Active:8
Progress: Wed, 17 Feb 2016 02:25:35+0100  Active:8
Progress: Wed, 17 Feb 2016 02:26:05+0100  Active:8
Progress: Wed, 17 Feb 2016 02:26:16+0100  Active:1  Finished successfully:7
Progress: Wed, 17 Feb 2016 02:26:46+0100  Active:1  Finished successfully:7
Progress: Wed, 17 Feb 2016 02:27:16+0100  Active:1  Finished successfully:7
Progress: Wed, 17 Feb 2016 02:27:46+0100  Active:1  Finished successfully:7
Progress: Wed, 17 Feb 2016 02:28:16+0100  Active:1  Finished successfully:7
Progress: Wed, 17 Feb 2016 02:28:46+0100  Active:1  Finished successfully:7
Progress: Wed, 17 Feb 2016 02:29:16+0100  Active:1  Finished successfully:7
Progress: Wed, 17 Feb 2016 02:29:46+0100  Active:1  Finished successfully:7
Progress: Wed, 17 Feb 2016 02:30:16+0100  Active:1  Finished successfully:7
Progress: Wed, 17 Feb 2016 02:30:46+0100  Active:1  Finished successfully:7
Progress: Wed, 17 Feb 2016 02:31:16+0100  Active:1  Finished successfully:7
Progress: Wed, 17 Feb 2016 02:31:46+0100  Active:1  Finished successfully:7
Progress: Wed, 17 Feb 2016 02:32:16+0100  Active:1  Finished successfully:7
Progress: Wed, 17 Feb 2016 02:32:46+0100  Active:1  Finished successfully:7
Progress: Wed, 17 Feb 2016 02:33:16+0100  Active:1  Finished successfully:7
Progress: Wed, 17 Feb 2016 02:33:46+0100  Active:1  Finished successfully:7
Progress: Wed, 17 Feb 2016 02:34:16+0100  Active:1  Finished successfully:7
Progress: Wed, 17 Feb 2016 02:34:46+0100  Active:1  Finished successfully:7
Progress: Wed, 17 Feb 2016 02:35:16+0100  Active:1  Finished successfully:7
Progress: Wed, 17 Feb 2016 02:35:46+0100  Active:1  Finished successfully:7
Progress: Wed, 17 Feb 2016 02:36:16+0100  Active:1  Finished successfully:7
Progress: Wed, 17 Feb 2016 02:36:35+0100  Stage out:1  Finished successfully:7
Final status: Wed, 17 Feb 2016 02:36:59+0100  Finished successfully:8
