Swift 0.96.2 git-rev: b9611649002eecd640fc6c58bbb88cb35ce03539 heads/release-0.96-swift 6287 (modified locally)
RunID: run029
Progress: Mon, 07 Dec 2015 09:58:23+0000
Progress: Mon, 07 Dec 2015 09:58:24+0000  Submitting:1024
Progress: Mon, 07 Dec 2015 09:58:38+0000  Submitting:1020  Submitted:4
Progress: Mon, 07 Dec 2015 09:58:51+0000  Submitting:1017  Submitted:7
Progress: Mon, 07 Dec 2015 09:58:52+0000  Submitting:690  Submitted:334
Progress: Mon, 07 Dec 2015 09:58:53+0000  Submitted:1024
Progress: Mon, 07 Dec 2015 09:58:59+0000  Submitted:1008  Active:16
Progress: Mon, 07 Dec 2015 09:59:14+0000  Submitted:960  Active:64
Progress: Mon, 07 Dec 2015 09:59:17+0000  Submitted:944  Active:80
Progress: Mon, 07 Dec 2015 09:59:30+0000  Submitted:912  Active:112
Progress: Mon, 07 Dec 2015 09:59:33+0000  Submitted:880  Active:144
Progress: Mon, 07 Dec 2015 09:59:42+0000  Submitted:832  Active:192
Progress: Mon, 07 Dec 2015 09:59:45+0000  Submitted:816  Active:208
Progress: Mon, 07 Dec 2015 09:59:58+0000  Stage in:48  Submitted:752  Active:224
Progress: Mon, 07 Dec 2015 09:59:59+0000  Submitted:752  Active:272
Progress: Mon, 07 Dec 2015 10:00:10+0000  Submitted:736  Active:288
Progress: Mon, 07 Dec 2015 10:00:16+0000  Submitted:688  Active:336
Progress: Mon, 07 Dec 2015 10:00:19+0000  Submitted:656  Active:368
Progress: Mon, 07 Dec 2015 10:00:23+0000  Submitted:640  Active:384
Progress: Mon, 07 Dec 2015 10:00:31+0000  Submitted:624  Active:400
Progress: Mon, 07 Dec 2015 10:00:49+0000  Stage in:15  Submitted:609  Active:400
Progress: Mon, 07 Dec 2015 10:00:50+0000  Submitted:576  Active:448
Progress: Mon, 07 Dec 2015 10:00:53+0000  Submitted:528  Active:496
Progress: Mon, 07 Dec 2015 10:01:01+0000  Submitted:512  Active:512
Progress: Mon, 07 Dec 2015 10:01:18+0000  Stage in:30  Submitted:480  Active:514
Progress: Mon, 07 Dec 2015 10:01:19+0000  Submitted:464  Active:560
Progress: Mon, 07 Dec 2015 10:01:20+0000  Submitted:448  Active:576
Progress: Mon, 07 Dec 2015 10:01:24+0000  Submitted:416  Active:608
Progress: Mon, 07 Dec 2015 10:01:39+0000  Stage in:12  Submitted:400  Active:612
Progress: Mon, 07 Dec 2015 10:01:40+0000  Submitted:384  Active:640
Progress: Mon, 07 Dec 2015 10:02:10+0000  Submitted:384  Active:640
Progress: Mon, 07 Dec 2015 10:02:40+0000  Submitted:384  Active:640
Progress: Mon, 07 Dec 2015 10:03:10+0000  Submitted:384  Active:640
Progress: Mon, 07 Dec 2015 10:03:40+0000  Submitted:384  Active:640
Progress: Mon, 07 Dec 2015 10:04:10+0000  Submitted:384  Active:640
Progress: Mon, 07 Dec 2015 10:04:40+0000  Submitted:384  Active:640
Progress: Mon, 07 Dec 2015 10:05:10+0000  Submitted:384  Active:640
Progress: Mon, 07 Dec 2015 10:05:40+0000  Submitted:384  Active:640
Progress: Mon, 07 Dec 2015 10:06:10+0000  Submitted:384  Active:640
Progress: Mon, 07 Dec 2015 10:06:40+0000  Submitted:384  Active:640
Progress: Mon, 07 Dec 2015 10:07:10+0000  Submitted:384  Active:640
Progress: Mon, 07 Dec 2015 10:07:40+0000  Submitted:384  Active:640
Progress: Mon, 07 Dec 2015 10:08:10+0000  Submitted:384  Active:640
Progress: Mon, 07 Dec 2015 10:08:40+0000  Submitted:384  Active:640
Progress: Mon, 07 Dec 2015 10:09:10+0000  Submitted:384  Active:640
Progress: Mon, 07 Dec 2015 10:09:40+0000  Submitted:384  Active:640
Progress: Mon, 07 Dec 2015 10:10:10+0000  Submitted:384  Active:640
Progress: Mon, 07 Dec 2015 10:10:40+0000  Submitted:384  Active:640
Progress: Mon, 07 Dec 2015 10:11:10+0000  Submitted:384  Active:640
Progress: Mon, 07 Dec 2015 10:11:40+0000  Submitted:384  Active:640
Progress: Mon, 07 Dec 2015 10:12:10+0000  Submitted:384  Active:640
Progress: Mon, 07 Dec 2015 10:12:40+0000  Submitted:384  Active:640
Progress: Mon, 07 Dec 2015 10:13:10+0000  Submitted:384  Active:640
Progress: Mon, 07 Dec 2015 10:13:40+0000  Submitted:384  Active:640
Progress: Mon, 07 Dec 2015 10:13:59+0000  Submitted:384  Active:624  Finished successfully:16
Progress: Mon, 07 Dec 2015 10:14:14+0000  Submitted:384  Active:576  Finished successfully:64
Progress: Mon, 07 Dec 2015 10:14:17+0000  Submitted:384  Active:560  Finished successfully:80
Progress: Mon, 07 Dec 2015 10:14:30+0000  Submitted:384  Active:528  Finished successfully:112
Progress: Mon, 07 Dec 2015 10:14:33+0000  Submitted:384  Active:496  Stage out:1  Finished successfully:143
Progress: Mon, 07 Dec 2015 10:14:34+0000  Submitted:384  Active:496  Finished successfully:144
Progress: Mon, 07 Dec 2015 10:14:42+0000  Submitted:384  Active:448  Stage out:14  Finished successfully:178
Progress: Mon, 07 Dec 2015 10:14:43+0000  Submitted:384  Active:448  Finished successfully:192
Progress: Mon, 07 Dec 2015 10:14:45+0000  Submitted:384  Active:432  Stage out:1  Finished successfully:207
Progress: Mon, 07 Dec 2015 10:14:46+0000  Submitted:384  Active:432  Finished successfully:208
Progress: Mon, 07 Dec 2015 10:14:58+0000  Submitted:384  Active:399  Stage out:20  Finished successfully:221
Progress: Mon, 07 Dec 2015 10:14:59+0000  Submitted:384  Active:368  Finished successfully:272
Progress: Mon, 07 Dec 2015 10:15:10+0000  Submitted:384  Active:352  Finished successfully:288
Progress: Mon, 07 Dec 2015 10:15:16+0000  Submitted:384  Active:304  Finished successfully:336
Progress: Mon, 07 Dec 2015 10:15:19+0000  Submitted:384  Active:272  Finished successfully:368
Progress: Mon, 07 Dec 2015 10:15:23+0000  Submitted:384  Active:256  Finished successfully:384
Progress: Mon, 07 Dec 2015 10:15:31+0000  Submitted:384  Active:240  Finished successfully:400
Progress: Mon, 07 Dec 2015 10:15:49+0000  Submitted:384  Active:235  Stage out:5  Finished successfully:400
Progress: Mon, 07 Dec 2015 10:15:50+0000  Submitted:384  Active:192  Finished successfully:448
Progress: Mon, 07 Dec 2015 10:15:53+0000  Submitted:384  Active:144  Finished successfully:496
Progress: Mon, 07 Dec 2015 10:16:01+0000  Submitted:384  Active:128  Stage out:2  Finished successfully:510
Progress: Mon, 07 Dec 2015 10:16:15+0000  Submitted:384  Active:128  Finished successfully:512
Progress: Mon, 07 Dec 2015 10:16:18+0000  Submitted:384  Active:116  Stage out:10  Finished successfully:514
Progress: Mon, 07 Dec 2015 10:16:19+0000  Submitted:384  Active:80  Finished successfully:560
Progress: Mon, 07 Dec 2015 10:16:20+0000  Submitted:384  Active:64  Finished successfully:576
Progress: Mon, 07 Dec 2015 10:16:24+0000  Submitted:384  Active:32  Finished successfully:608
Progress: Mon, 07 Dec 2015 10:16:39+0000  Submitted:384  Active:16  Stage out:10  Finished successfully:614
Progress: Mon, 07 Dec 2015 10:16:40+0000  Submitted:384  Finished successfully:640
Progress: Mon, 07 Dec 2015 10:16:47+0000  Submitted:368  Active:16  Finished successfully:640
Progress: Mon, 07 Dec 2015 10:17:10+0000  Submitted:352  Active:32  Finished successfully:640
Progress: Mon, 07 Dec 2015 10:17:30+0000  Stage in:48  Submitted:304  Active:32  Finished successfully:640
Progress: Mon, 07 Dec 2015 10:17:31+0000  Submitted:288  Active:96  Finished successfully:640
Progress: Mon, 07 Dec 2015 10:17:43+0000  Submitted:240  Active:144  Finished successfully:640
Progress: Mon, 07 Dec 2015 10:18:00+0000  Submitted:224  Active:160  Finished successfully:640
Progress: Mon, 07 Dec 2015 10:18:03+0000  Submitted:193  Active:191  Finished successfully:640
Progress: Mon, 07 Dec 2015 10:18:33+0000  Submitted:193  Active:191  Finished successfully:640
Progress: Mon, 07 Dec 2015 10:19:03+0000  Submitted:177  Active:207  Finished successfully:640
Progress: Mon, 07 Dec 2015 10:19:33+0000  Submitted:177  Active:207  Finished successfully:640
Progress: Mon, 07 Dec 2015 10:19:43+0000  Stage in:10  Submitted:161  Active:213  Finished successfully:640
Progress: Mon, 07 Dec 2015 10:19:44+0000  Submitted:161  Active:223  Finished successfully:640
Progress: Mon, 07 Dec 2015 10:19:51+0000  Submitted:129  Active:255  Finished successfully:640
Progress: Mon, 07 Dec 2015 10:20:03+0000  Submitted:97  Active:287  Finished successfully:640
Progress: Mon, 07 Dec 2015 10:20:14+0000  Submitted:81  Active:303  Finished successfully:640
Progress: Mon, 07 Dec 2015 10:20:17+0000  Submitted:65  Active:319  Finished successfully:640
Progress: Mon, 07 Dec 2015 10:20:23+0000  Submitted:49  Active:335  Finished successfully:640
Progress: Mon, 07 Dec 2015 10:20:26+0000  Submitted:33  Active:351  Finished successfully:640
Progress: Mon, 07 Dec 2015 10:20:35+0000  Submitted:17  Active:367  Finished successfully:640
Progress: Mon, 07 Dec 2015 10:20:37+0000  Stage in:16  Submitted:1  Active:367  Finished successfully:640
Progress: Mon, 07 Dec 2015 10:20:38+0000  Submitted:1  Active:383  Finished successfully:640
Progress: Mon, 07 Dec 2015 10:20:45+0000  Active:384  Finished successfully:640
Progress: Mon, 07 Dec 2015 10:21:15+0000  Active:384  Finished successfully:640
Progress: Mon, 07 Dec 2015 10:21:45+0000  Active:384  Finished successfully:640
Progress: Mon, 07 Dec 2015 10:22:15+0000  Active:384  Finished successfully:640
Progress: Mon, 07 Dec 2015 10:22:45+0000  Active:384  Finished successfully:640
Progress: Mon, 07 Dec 2015 10:23:15+0000  Active:384  Finished successfully:640
Progress: Mon, 07 Dec 2015 10:23:45+0000  Active:384  Finished successfully:640
Progress: Mon, 07 Dec 2015 10:24:15+0000  Active:384  Finished successfully:640
Progress: Mon, 07 Dec 2015 10:24:45+0000  Active:384  Finished successfully:640
Progress: Mon, 07 Dec 2015 10:25:15+0000  Active:384  Finished successfully:640
Progress: Mon, 07 Dec 2015 10:25:45+0000  Active:384  Finished successfully:640
Progress: Mon, 07 Dec 2015 10:26:15+0000  Active:384  Finished successfully:640
Progress: Mon, 07 Dec 2015 10:26:45+0000  Active:384  Finished successfully:640
Progress: Mon, 07 Dec 2015 10:27:15+0000  Active:384  Finished successfully:640
Progress: Mon, 07 Dec 2015 10:27:45+0000  Active:384  Finished successfully:640
Progress: Mon, 07 Dec 2015 10:28:15+0000  Active:384  Finished successfully:640
Progress: Mon, 07 Dec 2015 10:28:45+0000  Active:384  Finished successfully:640
Progress: Mon, 07 Dec 2015 10:29:15+0000  Active:384  Finished successfully:640
Progress: Mon, 07 Dec 2015 10:29:45+0000  Active:384  Finished successfully:640
Progress: Mon, 07 Dec 2015 10:30:15+0000  Active:384  Finished successfully:640
Progress: Mon, 07 Dec 2015 10:30:45+0000  Active:384  Finished successfully:640
Progress: Mon, 07 Dec 2015 10:31:15+0000  Active:384  Finished successfully:640
Progress: Mon, 07 Dec 2015 10:31:45+0000  Active:384  Finished successfully:640
Progress: Mon, 07 Dec 2015 10:31:47+0000  Active:368  Finished successfully:656
Progress: Mon, 07 Dec 2015 10:32:10+0000  Active:352  Finished successfully:672
Progress: Mon, 07 Dec 2015 10:32:30+0000  Active:348  Stage out:4  Finished successfully:672
Progress: Mon, 07 Dec 2015 10:32:31+0000  Active:288  Finished successfully:736
Progress: Mon, 07 Dec 2015 10:32:43+0000  Active:240  Finished successfully:784
Progress: Mon, 07 Dec 2015 10:33:00+0000  Active:224  Finished successfully:800
Progress: Mon, 07 Dec 2015 10:33:03+0000  Active:193  Finished successfully:831
Progress: Mon, 07 Dec 2015 10:33:33+0000  Active:193  Finished successfully:831
Progress: Mon, 07 Dec 2015 10:34:03+0000  Active:177  Finished successfully:847
Progress: Mon, 07 Dec 2015 10:34:33+0000  Active:177  Finished successfully:847
Progress: Mon, 07 Dec 2015 10:34:43+0000  Active:161  Stage out:8  Finished successfully:855
Progress: Mon, 07 Dec 2015 10:34:44+0000  Active:161  Finished successfully:863
Progress: Mon, 07 Dec 2015 10:34:51+0000  Active:129  Finished successfully:895
Progress: Mon, 07 Dec 2015 10:35:03+0000  Active:97  Finished successfully:927
Progress: Mon, 07 Dec 2015 10:35:14+0000  Active:81  Finished successfully:943
Progress: Mon, 07 Dec 2015 10:35:17+0000  Active:65  Finished successfully:959
Progress: Mon, 07 Dec 2015 10:35:23+0000  Active:49  Finished successfully:975
Progress: Mon, 07 Dec 2015 10:35:26+0000  Active:33  Finished successfully:991
Progress: Mon, 07 Dec 2015 10:35:35+0000  Active:17  Finished successfully:1007
Progress: Mon, 07 Dec 2015 10:35:37+0000  Active:5  Stage out:12  Finished successfully:1007
Progress: Mon, 07 Dec 2015 10:35:38+0000  Active:1  Finished successfully:1023
Final status: Mon, 07 Dec 2015 10:35:45+0000  Finished successfully:1024
Error shutting down service: Channel error
