-------------------------------------------------------------------------------------------------------
[2016-02-07 04:29:59] [scale 2048; binding late; distribution uniform; iteration 2; rerun 0] - Run 1/-3
[2016-02-07 04:29:59] [scale 2048; binding late; distribution uniform; iteration 2; rerun 0] - Root: run-2048_late_uniform_2/
[2016-02-07 04:29:59] [scale 2048; binding late; distribution uniform; iteration 2; rerun 0] - State: ACTIVE
[2016-02-07 04:30:02] [scale 2048; binding late; distribution uniform; iteration 2; rerun 0] - Session: rp.session.ip-10-184-31-85.mingtha.016838.0000
[2016-02-07 05:33:49] [scale 2048; binding late; distribution uniform; iteration 2; rerun 0] - State: DONE
-------------------------------------------------------------------------------------------------------
[2016-02-07 05:42:06] [scale 2048; binding late; distribution uniform; iteration 1; rerun 0] - Run 2/-2
[2016-02-07 05:42:06] [scale 2048; binding late; distribution uniform; iteration 1; rerun 0] - Root: run-2048_late_uniform_1/
[2016-02-07 05:42:06] [scale 2048; binding late; distribution uniform; iteration 1; rerun 0] - State: ACTIVE
[2016-02-07 05:42:08] [scale 2048; binding late; distribution uniform; iteration 1; rerun 0] - Session: rp.session.ip-10-184-31-85.mingtha.016838.0001
[2016-02-07 06:45:48] [scale 2048; binding late; distribution uniform; iteration 1; rerun 0] - State: DONE
-------------------------------------------------------------------------------------------------------
[2016-02-07 06:55:20] [scale 2048; binding late; distribution uniform; iteration 3; rerun 0] - Run 3/-1
[2016-02-07 06:55:20] [scale 2048; binding late; distribution uniform; iteration 3; rerun 0] - Root: run-2048_late_uniform_3/
[2016-02-07 06:55:20] [scale 2048; binding late; distribution uniform; iteration 3; rerun 0] - State: ACTIVE
[2016-02-07 06:55:21] [scale 2048; binding late; distribution uniform; iteration 3; rerun 0] - Session: rp.session.ip-10-184-31-85.mingtha.016838.0002
[2016-02-07 07:59:10] [scale 2048; binding late; distribution uniform; iteration 3; rerun 0] - State: DONE
-------------------------------------------------------------------------------------------------------
[2016-02-07 08:07:03] [scale 2048; binding late; distribution uniform; iteration 4; rerun 0] - Run 4/-0
[2016-02-07 08:07:03] [scale 2048; binding late; distribution uniform; iteration 4; rerun 0] - Root: run-2048_late_uniform_4/
[2016-02-07 08:07:03] [scale 2048; binding late; distribution uniform; iteration 4; rerun 0] - State: ACTIVE
[2016-02-07 08:07:04] [scale 2048; binding late; distribution uniform; iteration 4; rerun 0] - Session: rp.session.ip-10-184-31-85.mingtha.016838.0003
[2016-02-07 17:07:55] [scale 2048; binding late; distribution uniform; iteration 4; rerun 0] - State: FAILED
