Swift 0.96.2 git-rev: b9611649002eecd640fc6c58bbb88cb35ce03539 heads/release-0.96-swift 6287
RunID: run039
Progress: Fri, 19 Feb 2016 13:00:36+0100
Progress: Fri, 19 Feb 2016 13:00:37+0100  Submitting:8
Progress: Fri, 19 Feb 2016 13:01:05+0100  Submitting:7  Submitted:1
Progress: Fri, 19 Feb 2016 13:01:21+0100  Submitted:8
Progress: Fri, 19 Feb 2016 13:01:51+0100  Submitted:8
Progress: Fri, 19 Feb 2016 13:01:59+0100  Stage in:1  Submitted:7
Progress: Fri, 19 Feb 2016 13:02:00+0100  Submitted:7  Active:1
Progress: Fri, 19 Feb 2016 13:02:30+0100  Submitted:7  Active:1
Progress: Fri, 19 Feb 2016 13:03:00+0100  Submitted:7  Active:1
Progress: Fri, 19 Feb 2016 13:03:30+0100  Submitted:7  Active:1
Progress: Fri, 19 Feb 2016 13:04:00+0100  Submitted:7  Active:1
Progress: Fri, 19 Feb 2016 13:04:30+0100  Submitted:7  Active:1
Progress: Fri, 19 Feb 2016 13:05:00+0100  Submitted:7  Active:1
Progress: Fri, 19 Feb 2016 13:05:30+0100  Submitted:7  Active:1
Progress: Fri, 19 Feb 2016 13:06:00+0100  Submitted:7  Active:1
Progress: Fri, 19 Feb 2016 13:06:30+0100  Submitted:7  Active:1
Progress: Fri, 19 Feb 2016 13:07:00+0100  Submitted:7  Active:1
Progress: Fri, 19 Feb 2016 13:07:30+0100  Submitted:7  Active:1
Progress: Fri, 19 Feb 2016 13:08:00+0100  Submitted:7  Active:1
Progress: Fri, 19 Feb 2016 13:08:30+0100  Submitted:7  Active:1
Progress: Fri, 19 Feb 2016 13:09:00+0100  Submitted:7  Active:1
Progress: Fri, 19 Feb 2016 13:09:30+0100  Submitted:7  Active:1
Progress: Fri, 19 Feb 2016 13:10:00+0100  Submitted:7  Active:1
Progress: Fri, 19 Feb 2016 13:10:30+0100  Submitted:7  Active:1
Progress: Fri, 19 Feb 2016 13:11:00+0100  Submitted:7  Active:1
Progress: Fri, 19 Feb 2016 13:11:30+0100  Submitted:7  Active:1
Progress: Fri, 19 Feb 2016 13:12:00+0100  Submitted:7  Active:1
Progress: Fri, 19 Feb 2016 13:12:30+0100  Submitted:7  Active:1
Progress: Fri, 19 Feb 2016 13:13:00+0100  Submitted:7  Active:1
Progress: Fri, 19 Feb 2016 13:13:30+0100  Submitted:7  Active:1
Progress: Fri, 19 Feb 2016 13:14:00+0100  Submitted:7  Active:1
Progress: Fri, 19 Feb 2016 13:14:30+0100  Submitted:7  Active:1
Progress: Fri, 19 Feb 2016 13:15:00+0100  Submitted:7  Active:1
Progress: Fri, 19 Feb 2016 13:15:30+0100  Submitted:7  Active:1
Progress: Fri, 19 Feb 2016 13:16:00+0100  Submitted:7  Active:1
Progress: Fri, 19 Feb 2016 13:16:30+0100  Submitted:7  Active:1
Progress: Fri, 19 Feb 2016 13:17:00+0100  Submitted:7  Stage out:1
Progress: Fri, 19 Feb 2016 13:17:30+0100  Submitted:7  Stage out:1
Progress: Fri, 19 Feb 2016 13:17:34+0100  Submitted:7  Finished successfully:1
Progress: Fri, 19 Feb 2016 13:18:04+0100  Submitted:7  Finished successfully:1
Progress: Fri, 19 Feb 2016 13:18:34+0100  Submitted:7  Finished successfully:1
Progress: Fri, 19 Feb 2016 13:19:04+0100  Submitted:7  Finished successfully:1
Progress: Fri, 19 Feb 2016 13:19:34+0100  Submitted:7  Finished successfully:1
Progress: Fri, 19 Feb 2016 13:20:04+0100  Submitted:7  Finished successfully:1
Progress: Fri, 19 Feb 2016 13:20:34+0100  Submitted:7  Finished successfully:1
Progress: Fri, 19 Feb 2016 13:21:04+0100  Submitted:7  Finished successfully:1
Progress: Fri, 19 Feb 2016 13:21:34+0100  Submitted:7  Finished successfully:1
Progress: Fri, 19 Feb 2016 13:22:04+0100  Submitted:7  Finished successfully:1
Progress: Fri, 19 Feb 2016 13:22:34+0100  Submitted:7  Finished successfully:1
Progress: Fri, 19 Feb 2016 13:23:04+0100  Submitted:7  Finished successfully:1
Progress: Fri, 19 Feb 2016 13:23:34+0100  Submitted:7  Finished successfully:1
Progress: Fri, 19 Feb 2016 13:24:04+0100  Submitted:7  Finished successfully:1
Progress: Fri, 19 Feb 2016 13:24:34+0100  Submitted:7  Finished successfully:1
Progress: Fri, 19 Feb 2016 13:25:04+0100  Submitted:7  Finished successfully:1
Progress: Fri, 19 Feb 2016 13:25:34+0100  Submitted:7  Finished successfully:1
Progress: Fri, 19 Feb 2016 13:26:04+0100  Submitted:7  Finished successfully:1
Progress: Fri, 19 Feb 2016 13:26:34+0100  Submitted:7  Finished successfully:1
Progress: Fri, 19 Feb 2016 13:27:04+0100  Submitted:7  Finished successfully:1
Progress: Fri, 19 Feb 2016 13:27:34+0100  Submitted:7  Finished successfully:1
Progress: Fri, 19 Feb 2016 13:28:04+0100  Submitted:7  Finished successfully:1
Progress: Fri, 19 Feb 2016 13:28:34+0100  Submitted:7  Finished successfully:1
Progress: Fri, 19 Feb 2016 13:29:04+0100  Submitted:7  Finished successfully:1
Progress: Fri, 19 Feb 2016 13:29:34+0100  Submitted:7  Finished successfully:1
Progress: Fri, 19 Feb 2016 13:30:04+0100  Submitted:7  Finished successfully:1
Progress: Fri, 19 Feb 2016 13:30:34+0100  Submitted:7  Finished successfully:1
Progress: Fri, 19 Feb 2016 13:31:04+0100  Submitted:7  Finished successfully:1
Progress: Fri, 19 Feb 2016 13:31:34+0100  Submitted:7  Finished successfully:1
Progress: Fri, 19 Feb 2016 13:32:04+0100  Submitted:7  Finished successfully:1
Progress: Fri, 19 Feb 2016 13:32:34+0100  Submitted:7  Finished successfully:1
Progress: Fri, 19 Feb 2016 13:33:04+0100  Submitted:7  Finished successfully:1
Progress: Fri, 19 Feb 2016 13:33:34+0100  Submitted:7  Finished successfully:1
Progress: Fri, 19 Feb 2016 13:34:04+0100  Submitted:7  Finished successfully:1
Progress: Fri, 19 Feb 2016 13:34:34+0100  Submitted:7  Finished successfully:1
Progress: Fri, 19 Feb 2016 13:35:04+0100  Submitted:7  Finished successfully:1
Progress: Fri, 19 Feb 2016 13:35:34+0100  Submitted:7  Finished successfully:1
Progress: Fri, 19 Feb 2016 13:36:04+0100  Submitted:7  Finished successfully:1
Progress: Fri, 19 Feb 2016 13:36:34+0100  Submitted:7  Finished successfully:1
Progress: Fri, 19 Feb 2016 13:37:04+0100  Submitted:7  Finished successfully:1
Progress: Fri, 19 Feb 2016 13:37:34+0100  Submitted:7  Finished successfully:1
Progress: Fri, 19 Feb 2016 13:38:04+0100  Submitted:7  Finished successfully:1
Progress: Fri, 19 Feb 2016 13:38:34+0100  Submitted:7  Finished successfully:1
Progress: Fri, 19 Feb 2016 13:39:04+0100  Submitted:7  Finished successfully:1
Progress: Fri, 19 Feb 2016 13:39:34+0100  Submitted:7  Finished successfully:1
Progress: Fri, 19 Feb 2016 13:40:04+0100  Submitted:7  Finished successfully:1
Progress: Fri, 19 Feb 2016 13:40:34+0100  Submitted:7  Finished successfully:1
Progress: Fri, 19 Feb 2016 13:41:04+0100  Submitted:7  Finished successfully:1
Progress: Fri, 19 Feb 2016 13:41:34+0100  Submitted:7  Finished successfully:1
Progress: Fri, 19 Feb 2016 13:42:04+0100  Submitted:7  Finished successfully:1
Progress: Fri, 19 Feb 2016 13:42:34+0100  Submitted:7  Finished successfully:1
Progress: Fri, 19 Feb 2016 13:43:04+0100  Submitted:7  Finished successfully:1
Progress: Fri, 19 Feb 2016 13:43:34+0100  Submitted:7  Finished successfully:1
Progress: Fri, 19 Feb 2016 13:44:04+0100  Submitted:7  Finished successfully:1
Progress: Fri, 19 Feb 2016 13:44:34+0100  Submitted:7  Finished successfully:1
Progress: Fri, 19 Feb 2016 13:45:04+0100  Submitted:7  Finished successfully:1
Progress: Fri, 19 Feb 2016 13:45:34+0100  Submitted:7  Finished successfully:1
Progress: Fri, 19 Feb 2016 13:46:04+0100  Submitted:7  Finished successfully:1
Progress: Fri, 19 Feb 2016 13:46:34+0100  Submitted:7  Finished successfully:1
Progress: Fri, 19 Feb 2016 13:47:04+0100  Submitted:7  Finished successfully:1
Progress: Fri, 19 Feb 2016 13:47:34+0100  Submitted:7  Finished successfully:1
Progress: Fri, 19 Feb 2016 13:48:04+0100  Submitted:7  Finished successfully:1
Progress: Fri, 19 Feb 2016 13:48:34+0100  Submitted:7  Finished successfully:1
Progress: Fri, 19 Feb 2016 13:49:04+0100  Submitted:7  Finished successfully:1
Progress: Fri, 19 Feb 2016 13:49:34+0100  Submitted:7  Finished successfully:1
Progress: Fri, 19 Feb 2016 13:50:04+0100  Submitted:7  Finished successfully:1
Progress: Fri, 19 Feb 2016 13:50:35+0100  Submitted:7  Finished successfully:1
Progress: Fri, 19 Feb 2016 13:51:05+0100  Submitted:7  Finished successfully:1
Progress: Fri, 19 Feb 2016 13:51:35+0100  Submitted:7  Finished successfully:1
Progress: Fri, 19 Feb 2016 13:52:05+0100  Submitted:7  Finished successfully:1
Progress: Fri, 19 Feb 2016 13:52:35+0100  Submitted:7  Finished successfully:1
Progress: Fri, 19 Feb 2016 13:53:05+0100  Submitted:7  Finished successfully:1
Progress: Fri, 19 Feb 2016 13:53:35+0100  Submitted:7  Finished successfully:1
Progress: Fri, 19 Feb 2016 13:54:05+0100  Submitted:7  Finished successfully:1
Progress: Fri, 19 Feb 2016 13:54:35+0100  Submitted:7  Finished successfully:1
Progress: Fri, 19 Feb 2016 13:55:05+0100  Submitted:7  Finished successfully:1
Progress: Fri, 19 Feb 2016 13:55:35+0100  Submitted:7  Finished successfully:1
Progress: Fri, 19 Feb 2016 13:56:05+0100  Submitted:7  Finished successfully:1
Progress: Fri, 19 Feb 2016 13:56:35+0100  Submitted:7  Finished successfully:1
Progress: Fri, 19 Feb 2016 13:57:05+0100  Submitted:7  Finished successfully:1
Progress: Fri, 19 Feb 2016 13:57:35+0100  Submitted:7  Finished successfully:1
Progress: Fri, 19 Feb 2016 13:58:05+0100  Submitted:7  Finished successfully:1
Progress: Fri, 19 Feb 2016 13:58:35+0100  Submitted:7  Finished successfully:1
Progress: Fri, 19 Feb 2016 13:59:05+0100  Submitted:7  Finished successfully:1
Progress: Fri, 19 Feb 2016 13:59:35+0100  Submitted:7  Finished successfully:1
Progress: Fri, 19 Feb 2016 14:00:05+0100  Submitted:7  Finished successfully:1
Progress: Fri, 19 Feb 2016 14:00:35+0100  Submitted:7  Finished successfully:1
Progress: Fri, 19 Feb 2016 14:01:05+0100  Submitted:7  Finished successfully:1
Progress: Fri, 19 Feb 2016 14:01:35+0100  Submitted:7  Finished successfully:1
Progress: Fri, 19 Feb 2016 14:02:05+0100  Submitted:7  Finished successfully:1
Progress: Fri, 19 Feb 2016 14:02:35+0100  Submitted:7  Finished successfully:1
Progress: Fri, 19 Feb 2016 14:03:05+0100  Submitted:7  Finished successfully:1
Progress: Fri, 19 Feb 2016 14:03:35+0100  Submitted:7  Finished successfully:1
Progress: Fri, 19 Feb 2016 14:04:05+0100  Submitted:7  Finished successfully:1
Progress: Fri, 19 Feb 2016 14:04:35+0100  Submitted:7  Finished successfully:1
Progress: Fri, 19 Feb 2016 14:05:05+0100  Submitted:7  Finished successfully:1
Progress: Fri, 19 Feb 2016 14:05:35+0100  Submitted:7  Finished successfully:1
Progress: Fri, 19 Feb 2016 14:06:05+0100  Submitted:7  Finished successfully:1
Progress: Fri, 19 Feb 2016 14:06:35+0100  Submitted:7  Finished successfully:1
Progress: Fri, 19 Feb 2016 14:07:05+0100  Submitted:7  Finished successfully:1
Progress: Fri, 19 Feb 2016 14:07:35+0100  Submitted:7  Finished successfully:1
Progress: Fri, 19 Feb 2016 14:08:05+0100  Submitted:7  Finished successfully:1
Progress: Fri, 19 Feb 2016 14:08:35+0100  Submitted:7  Finished successfully:1
Progress: Fri, 19 Feb 2016 14:09:05+0100  Submitted:7  Finished successfully:1
Progress: Fri, 19 Feb 2016 14:09:35+0100  Submitted:7  Finished successfully:1
Progress: Fri, 19 Feb 2016 14:10:05+0100  Submitted:7  Finished successfully:1
Progress: Fri, 19 Feb 2016 14:10:35+0100  Submitted:7  Finished successfully:1
Progress: Fri, 19 Feb 2016 14:11:05+0100  Submitted:7  Finished successfully:1
Progress: Fri, 19 Feb 2016 14:11:35+0100  Submitted:7  Finished successfully:1
Progress: Fri, 19 Feb 2016 14:12:05+0100  Submitted:7  Finished successfully:1
Progress: Fri, 19 Feb 2016 14:12:35+0100  Submitted:7  Finished successfully:1
Progress: Fri, 19 Feb 2016 14:13:05+0100  Submitted:7  Finished successfully:1
Progress: Fri, 19 Feb 2016 14:13:35+0100  Submitted:7  Finished successfully:1
Progress: Fri, 19 Feb 2016 14:14:05+0100  Submitted:7  Finished successfully:1
Progress: Fri, 19 Feb 2016 14:14:35+0100  Submitted:7  Finished successfully:1
Progress: Fri, 19 Feb 2016 14:15:05+0100  Submitted:7  Finished successfully:1
Progress: Fri, 19 Feb 2016 14:15:35+0100  Submitted:7  Finished successfully:1
Progress: Fri, 19 Feb 2016 14:16:05+0100  Submitted:7  Finished successfully:1
Progress: Fri, 19 Feb 2016 14:16:35+0100  Submitted:7  Finished successfully:1
Progress: Fri, 19 Feb 2016 14:17:05+0100  Submitted:7  Finished successfully:1
Progress: Fri, 19 Feb 2016 14:17:35+0100  Submitted:7  Finished successfully:1
Progress: Fri, 19 Feb 2016 14:18:05+0100  Submitted:7  Finished successfully:1
Progress: Fri, 19 Feb 2016 14:18:35+0100  Submitted:7  Finished successfully:1
Progress: Fri, 19 Feb 2016 14:19:05+0100  Submitted:7  Finished successfully:1
Progress: Fri, 19 Feb 2016 14:19:35+0100  Submitted:7  Finished successfully:1
Progress: Fri, 19 Feb 2016 14:20:05+0100  Submitted:7  Finished successfully:1
Progress: Fri, 19 Feb 2016 14:20:35+0100  Submitted:7  Finished successfully:1
Progress: Fri, 19 Feb 2016 14:21:05+0100  Submitted:7  Finished successfully:1
Progress: Fri, 19 Feb 2016 14:21:35+0100  Submitted:7  Finished successfully:1
Progress: Fri, 19 Feb 2016 14:22:05+0100  Submitted:7  Finished successfully:1
Progress: Fri, 19 Feb 2016 14:22:35+0100  Submitted:7  Finished successfully:1
Progress: Fri, 19 Feb 2016 14:23:05+0100  Submitted:7  Finished successfully:1
Progress: Fri, 19 Feb 2016 14:23:35+0100  Submitted:7  Finished successfully:1
Progress: Fri, 19 Feb 2016 14:24:05+0100  Submitted:7  Finished successfully:1
Progress: Fri, 19 Feb 2016 14:24:35+0100  Submitted:7  Finished successfully:1
Progress: Fri, 19 Feb 2016 14:25:05+0100  Submitted:7  Finished successfully:1
Progress: Fri, 19 Feb 2016 14:25:35+0100  Submitted:7  Finished successfully:1
Progress: Fri, 19 Feb 2016 14:26:05+0100  Submitted:7  Finished successfully:1
Progress: Fri, 19 Feb 2016 14:26:35+0100  Submitted:7  Finished successfully:1
Progress: Fri, 19 Feb 2016 14:27:05+0100  Submitted:7  Finished successfully:1
Progress: Fri, 19 Feb 2016 14:27:35+0100  Submitted:7  Finished successfully:1
Progress: Fri, 19 Feb 2016 14:28:05+0100  Submitted:7  Finished successfully:1
Progress: Fri, 19 Feb 2016 14:28:35+0100  Submitted:7  Finished successfully:1
Progress: Fri, 19 Feb 2016 14:29:05+0100  Submitted:7  Finished successfully:1
Progress: Fri, 19 Feb 2016 14:29:35+0100  Submitted:7  Finished successfully:1
Progress: Fri, 19 Feb 2016 14:30:05+0100  Submitted:7  Finished successfully:1
Progress: Fri, 19 Feb 2016 14:30:35+0100  Submitted:7  Finished successfully:1
Progress: Fri, 19 Feb 2016 14:31:05+0100  Submitted:7  Finished successfully:1
Progress: Fri, 19 Feb 2016 14:31:35+0100  Submitted:7  Finished successfully:1
Progress: Fri, 19 Feb 2016 14:32:05+0100  Submitted:7  Finished successfully:1
Progress: Fri, 19 Feb 2016 14:32:35+0100  Submitted:7  Finished successfully:1
Progress: Fri, 19 Feb 2016 14:33:05+0100  Submitted:7  Finished successfully:1
Progress: Fri, 19 Feb 2016 14:33:35+0100  Submitted:7  Finished successfully:1
Progress: Fri, 19 Feb 2016 14:34:05+0100  Submitted:7  Finished successfully:1
Progress: Fri, 19 Feb 2016 14:34:35+0100  Submitted:7  Finished successfully:1
Progress: Fri, 19 Feb 2016 14:35:05+0100  Submitted:7  Finished successfully:1
Progress: Fri, 19 Feb 2016 14:35:35+0100  Submitted:7  Finished successfully:1
Progress: Fri, 19 Feb 2016 14:36:05+0100  Submitted:7  Finished successfully:1
Progress: Fri, 19 Feb 2016 14:36:35+0100  Submitted:7  Finished successfully:1
Progress: Fri, 19 Feb 2016 14:37:05+0100  Submitted:7  Finished successfully:1
Progress: Fri, 19 Feb 2016 14:37:35+0100  Submitted:7  Finished successfully:1
Progress: Fri, 19 Feb 2016 14:38:05+0100  Submitted:7  Finished successfully:1
Progress: Fri, 19 Feb 2016 14:38:35+0100  Submitted:7  Finished successfully:1
Progress: Fri, 19 Feb 2016 14:39:05+0100  Submitted:7  Finished successfully:1
Progress: Fri, 19 Feb 2016 14:39:35+0100  Submitted:7  Finished successfully:1
Progress: Fri, 19 Feb 2016 14:40:05+0100  Submitted:7  Finished successfully:1
Progress: Fri, 19 Feb 2016 14:40:35+0100  Submitted:7  Finished successfully:1
Progress: Fri, 19 Feb 2016 14:41:05+0100  Submitted:7  Finished successfully:1
Progress: Fri, 19 Feb 2016 14:41:35+0100  Submitted:7  Finished successfully:1
Progress: Fri, 19 Feb 2016 14:42:05+0100  Submitted:7  Finished successfully:1
Progress: Fri, 19 Feb 2016 14:42:35+0100  Submitted:7  Finished successfully:1
Progress: Fri, 19 Feb 2016 14:43:05+0100  Submitted:7  Finished successfully:1
Progress: Fri, 19 Feb 2016 14:43:35+0100  Submitted:7  Finished successfully:1
Progress: Fri, 19 Feb 2016 14:44:05+0100  Submitted:7  Finished successfully:1
Progress: Fri, 19 Feb 2016 14:44:35+0100  Submitted:7  Finished successfully:1
Progress: Fri, 19 Feb 2016 14:45:05+0100  Submitted:7  Finished successfully:1
Progress: Fri, 19 Feb 2016 14:45:35+0100  Submitted:7  Finished successfully:1
Progress: Fri, 19 Feb 2016 14:46:05+0100  Submitted:7  Finished successfully:1
Progress: Fri, 19 Feb 2016 14:46:35+0100  Submitted:7  Finished successfully:1
Progress: Fri, 19 Feb 2016 14:47:05+0100  Submitted:7  Finished successfully:1
Progress: Fri, 19 Feb 2016 14:47:35+0100  Submitted:7  Finished successfully:1
Progress: Fri, 19 Feb 2016 14:48:05+0100  Submitted:7  Finished successfully:1
Progress: Fri, 19 Feb 2016 14:48:35+0100  Submitted:7  Finished successfully:1
Progress: Fri, 19 Feb 2016 14:49:05+0100  Submitted:7  Finished successfully:1
Progress: Fri, 19 Feb 2016 14:49:35+0100  Submitted:7  Finished successfully:1
Progress: Fri, 19 Feb 2016 14:50:05+0100  Submitted:7  Finished successfully:1
Progress: Fri, 19 Feb 2016 14:50:35+0100  Submitted:7  Finished successfully:1
Progress: Fri, 19 Feb 2016 14:51:05+0100  Submitted:7  Finished successfully:1
Progress: Fri, 19 Feb 2016 14:51:35+0100  Submitted:7  Finished successfully:1
Progress: Fri, 19 Feb 2016 14:52:05+0100  Submitted:7  Finished successfully:1
Progress: Fri, 19 Feb 2016 14:52:35+0100  Submitted:7  Finished successfully:1
Progress: Fri, 19 Feb 2016 14:53:05+0100  Submitted:7  Finished successfully:1
Progress: Fri, 19 Feb 2016 14:53:35+0100  Submitted:7  Finished successfully:1
Progress: Fri, 19 Feb 2016 14:54:05+0100  Submitted:7  Finished successfully:1
Progress: Fri, 19 Feb 2016 14:54:35+0100  Submitted:7  Finished successfully:1
Progress: Fri, 19 Feb 2016 14:55:05+0100  Submitted:7  Finished successfully:1
Progress: Fri, 19 Feb 2016 14:55:35+0100  Submitted:7  Finished successfully:1
Progress: Fri, 19 Feb 2016 14:56:05+0100  Submitted:7  Finished successfully:1
Progress: Fri, 19 Feb 2016 14:56:35+0100  Submitted:7  Finished successfully:1
Progress: Fri, 19 Feb 2016 14:57:05+0100  Submitted:7  Finished successfully:1
Progress: Fri, 19 Feb 2016 14:57:35+0100  Submitted:7  Finished successfully:1
Progress: Fri, 19 Feb 2016 14:58:05+0100  Submitted:7  Finished successfully:1
Progress: Fri, 19 Feb 2016 14:58:35+0100  Submitted:7  Finished successfully:1
Progress: Fri, 19 Feb 2016 14:59:05+0100  Submitted:7  Finished successfully:1
Progress: Fri, 19 Feb 2016 14:59:35+0100  Submitted:7  Finished successfully:1
Progress: Fri, 19 Feb 2016 15:00:05+0100  Submitted:7  Finished successfully:1
Progress: Fri, 19 Feb 2016 15:00:35+0100  Submitted:7  Finished successfully:1
Progress: Fri, 19 Feb 2016 15:01:05+0100  Submitted:7  Finished successfully:1
Progress: Fri, 19 Feb 2016 15:01:35+0100  Submitted:7  Finished successfully:1
Progress: Fri, 19 Feb 2016 15:02:05+0100  Submitted:7  Finished successfully:1
Progress: Fri, 19 Feb 2016 15:02:35+0100  Submitted:7  Finished successfully:1
Progress: Fri, 19 Feb 2016 15:03:05+0100  Submitted:7  Finished successfully:1
Progress: Fri, 19 Feb 2016 15:03:35+0100  Submitted:7  Finished successfully:1
Progress: Fri, 19 Feb 2016 15:04:05+0100  Submitted:7  Finished successfully:1
Progress: Fri, 19 Feb 2016 15:04:35+0100  Submitted:7  Finished successfully:1
Progress: Fri, 19 Feb 2016 15:05:05+0100  Submitted:7  Finished successfully:1
Progress: Fri, 19 Feb 2016 15:05:35+0100  Submitted:7  Finished successfully:1
Progress: Fri, 19 Feb 2016 15:06:05+0100  Submitted:7  Finished successfully:1
Progress: Fri, 19 Feb 2016 15:06:35+0100  Submitted:7  Finished successfully:1
Progress: Fri, 19 Feb 2016 15:07:05+0100  Submitted:7  Finished successfully:1
Progress: Fri, 19 Feb 2016 15:07:35+0100  Submitted:7  Finished successfully:1
Progress: Fri, 19 Feb 2016 15:08:05+0100  Submitted:7  Finished successfully:1
Progress: Fri, 19 Feb 2016 15:08:35+0100  Submitted:7  Finished successfully:1
Progress: Fri, 19 Feb 2016 15:09:05+0100  Submitted:7  Finished successfully:1
Progress: Fri, 19 Feb 2016 15:09:35+0100  Submitted:7  Finished successfully:1
Progress: Fri, 19 Feb 2016 15:10:05+0100  Submitted:7  Finished successfully:1
Progress: Fri, 19 Feb 2016 15:10:35+0100  Submitted:7  Finished successfully:1
Progress: Fri, 19 Feb 2016 15:11:05+0100  Submitted:7  Finished successfully:1
Progress: Fri, 19 Feb 2016 15:11:35+0100  Submitted:7  Finished successfully:1
Progress: Fri, 19 Feb 2016 15:12:05+0100  Submitted:7  Finished successfully:1
Progress: Fri, 19 Feb 2016 15:12:35+0100  Submitted:7  Finished successfully:1
Progress: Fri, 19 Feb 2016 15:13:05+0100  Submitted:7  Finished successfully:1
Progress: Fri, 19 Feb 2016 15:13:35+0100  Submitted:7  Finished successfully:1
Progress: Fri, 19 Feb 2016 15:14:05+0100  Submitted:7  Finished successfully:1
Progress: Fri, 19 Feb 2016 15:14:35+0100  Submitted:7  Finished successfully:1
Progress: Fri, 19 Feb 2016 15:15:05+0100  Submitted:7  Finished successfully:1
Progress: Fri, 19 Feb 2016 15:15:35+0100  Submitted:7  Finished successfully:1
Progress: Fri, 19 Feb 2016 15:16:05+0100  Submitted:7  Finished successfully:1
Progress: Fri, 19 Feb 2016 15:16:35+0100  Submitted:7  Finished successfully:1
Progress: Fri, 19 Feb 2016 15:17:05+0100  Submitted:7  Finished successfully:1
Progress: Fri, 19 Feb 2016 15:17:35+0100  Submitted:7  Finished successfully:1
Progress: Fri, 19 Feb 2016 15:18:05+0100  Submitted:7  Finished successfully:1
Progress: Fri, 19 Feb 2016 15:18:35+0100  Submitted:7  Finished successfully:1
Progress: Fri, 19 Feb 2016 15:19:05+0100  Submitted:7  Finished successfully:1
Progress: Fri, 19 Feb 2016 15:19:35+0100  Submitted:7  Finished successfully:1
Progress: Fri, 19 Feb 2016 15:20:05+0100  Submitted:7  Finished successfully:1
Progress: Fri, 19 Feb 2016 15:20:35+0100  Submitted:7  Finished successfully:1
Progress: Fri, 19 Feb 2016 15:21:05+0100  Submitted:7  Finished successfully:1
Progress: Fri, 19 Feb 2016 15:21:35+0100  Submitted:7  Finished successfully:1
Progress: Fri, 19 Feb 2016 15:22:05+0100  Submitted:7  Finished successfully:1
Progress: Fri, 19 Feb 2016 15:22:35+0100  Submitted:7  Finished successfully:1
Progress: Fri, 19 Feb 2016 15:23:05+0100  Submitted:7  Finished successfully:1
Progress: Fri, 19 Feb 2016 15:23:35+0100  Submitted:7  Finished successfully:1
Progress: Fri, 19 Feb 2016 15:24:05+0100  Submitted:7  Finished successfully:1
Progress: Fri, 19 Feb 2016 15:24:35+0100  Submitted:7  Finished successfully:1
Progress: Fri, 19 Feb 2016 15:25:05+0100  Submitted:7  Finished successfully:1
Progress: Fri, 19 Feb 2016 15:25:35+0100  Submitted:7  Finished successfully:1
Progress: Fri, 19 Feb 2016 15:26:05+0100  Submitted:7  Finished successfully:1
Progress: Fri, 19 Feb 2016 15:26:35+0100  Submitted:7  Finished successfully:1
Progress: Fri, 19 Feb 2016 15:27:05+0100  Submitted:7  Finished successfully:1
Progress: Fri, 19 Feb 2016 15:27:35+0100  Submitted:7  Finished successfully:1
Progress: Fri, 19 Feb 2016 15:28:05+0100  Submitted:7  Finished successfully:1
Progress: Fri, 19 Feb 2016 15:28:35+0100  Submitted:7  Finished successfully:1
Progress: Fri, 19 Feb 2016 15:29:05+0100  Submitted:7  Finished successfully:1
Progress: Fri, 19 Feb 2016 15:29:35+0100  Submitted:7  Finished successfully:1
Progress: Fri, 19 Feb 2016 15:30:05+0100  Submitted:7  Finished successfully:1
Progress: Fri, 19 Feb 2016 15:30:35+0100  Submitted:7  Finished successfully:1
Progress: Fri, 19 Feb 2016 15:31:05+0100  Submitted:7  Finished successfully:1
Progress: Fri, 19 Feb 2016 15:31:35+0100  Submitted:7  Finished successfully:1
Progress: Fri, 19 Feb 2016 15:32:05+0100  Submitted:7  Finished successfully:1
Progress: Fri, 19 Feb 2016 15:32:35+0100  Submitted:7  Finished successfully:1
Progress: Fri, 19 Feb 2016 15:33:05+0100  Submitted:7  Finished successfully:1
Progress: Fri, 19 Feb 2016 15:33:35+0100  Submitted:7  Finished successfully:1
Progress: Fri, 19 Feb 2016 15:34:05+0100  Submitted:7  Finished successfully:1
Progress: Fri, 19 Feb 2016 15:34:35+0100  Submitted:7  Finished successfully:1
Progress: Fri, 19 Feb 2016 15:35:05+0100  Submitted:7  Finished successfully:1
Progress: Fri, 19 Feb 2016 15:35:35+0100  Submitted:7  Finished successfully:1
Progress: Fri, 19 Feb 2016 15:36:05+0100  Submitted:7  Finished successfully:1
Progress: Fri, 19 Feb 2016 15:36:35+0100  Submitted:7  Finished successfully:1
Progress: Fri, 19 Feb 2016 15:37:05+0100  Submitted:7  Finished successfully:1
Progress: Fri, 19 Feb 2016 15:37:35+0100  Submitted:7  Finished successfully:1
Progress: Fri, 19 Feb 2016 15:38:05+0100  Submitted:7  Finished successfully:1
Progress: Fri, 19 Feb 2016 15:38:35+0100  Submitted:7  Finished successfully:1
Progress: Fri, 19 Feb 2016 15:39:05+0100  Submitted:7  Finished successfully:1
Progress: Fri, 19 Feb 2016 15:39:35+0100  Submitted:7  Finished successfully:1
Progress: Fri, 19 Feb 2016 15:40:05+0100  Submitted:7  Finished successfully:1
Progress: Fri, 19 Feb 2016 15:40:35+0100  Submitted:7  Finished successfully:1
Progress: Fri, 19 Feb 2016 15:41:05+0100  Submitted:7  Finished successfully:1
Progress: Fri, 19 Feb 2016 15:41:35+0100  Submitted:7  Finished successfully:1
Progress: Fri, 19 Feb 2016 15:42:05+0100  Submitted:7  Finished successfully:1
Progress: Fri, 19 Feb 2016 15:42:35+0100  Submitted:7  Finished successfully:1
Progress: Fri, 19 Feb 2016 15:43:05+0100  Submitted:7  Finished successfully:1
Progress: Fri, 19 Feb 2016 15:43:35+0100  Submitted:7  Finished successfully:1
Progress: Fri, 19 Feb 2016 15:44:05+0100  Submitted:7  Finished successfully:1
Progress: Fri, 19 Feb 2016 15:44:35+0100  Submitted:7  Finished successfully:1
Progress: Fri, 19 Feb 2016 15:45:05+0100  Submitted:7  Finished successfully:1
Progress: Fri, 19 Feb 2016 15:45:35+0100  Submitted:7  Finished successfully:1
Progress: Fri, 19 Feb 2016 15:46:05+0100  Submitted:7  Finished successfully:1
Progress: Fri, 19 Feb 2016 15:46:35+0100  Submitted:7  Finished successfully:1
Progress: Fri, 19 Feb 2016 15:47:05+0100  Submitted:7  Finished successfully:1
Progress: Fri, 19 Feb 2016 15:47:35+0100  Submitted:7  Finished successfully:1
Progress: Fri, 19 Feb 2016 15:48:05+0100  Submitted:7  Finished successfully:1
Progress: Fri, 19 Feb 2016 15:48:35+0100  Submitted:7  Finished successfully:1
Progress: Fri, 19 Feb 2016 15:49:05+0100  Submitted:7  Finished successfully:1
Progress: Fri, 19 Feb 2016 15:49:35+0100  Submitted:7  Finished successfully:1
Progress: Fri, 19 Feb 2016 15:50:05+0100  Submitted:7  Finished successfully:1
Progress: Fri, 19 Feb 2016 15:50:35+0100  Submitted:7  Finished successfully:1
Progress: Fri, 19 Feb 2016 15:51:05+0100  Submitted:7  Finished successfully:1
Progress: Fri, 19 Feb 2016 15:51:35+0100  Submitted:7  Finished successfully:1
Progress: Fri, 19 Feb 2016 15:52:05+0100  Submitted:7  Finished successfully:1
Progress: Fri, 19 Feb 2016 15:52:35+0100  Submitted:7  Finished successfully:1
Progress: Fri, 19 Feb 2016 15:53:05+0100  Submitted:7  Finished successfully:1
Progress: Fri, 19 Feb 2016 15:53:35+0100  Submitted:7  Finished successfully:1
Progress: Fri, 19 Feb 2016 15:54:05+0100  Submitted:7  Finished successfully:1
Progress: Fri, 19 Feb 2016 15:54:35+0100  Submitted:7  Finished successfully:1
Progress: Fri, 19 Feb 2016 15:55:05+0100  Submitted:7  Finished successfully:1
Progress: Fri, 19 Feb 2016 15:55:35+0100  Submitted:7  Finished successfully:1
Progress: Fri, 19 Feb 2016 15:56:05+0100  Submitted:7  Finished successfully:1
Progress: Fri, 19 Feb 2016 15:56:35+0100  Submitted:7  Finished successfully:1
Progress: Fri, 19 Feb 2016 15:57:05+0100  Submitted:7  Finished successfully:1
Progress: Fri, 19 Feb 2016 15:57:35+0100  Submitted:7  Finished successfully:1
Progress: Fri, 19 Feb 2016 15:58:05+0100  Submitted:7  Finished successfully:1
Progress: Fri, 19 Feb 2016 15:58:35+0100  Submitted:7  Finished successfully:1
Progress: Fri, 19 Feb 2016 15:59:05+0100  Submitted:7  Finished successfully:1
Progress: Fri, 19 Feb 2016 15:59:35+0100  Submitted:7  Finished successfully:1
Progress: Fri, 19 Feb 2016 16:00:05+0100  Submitted:7  Finished successfully:1
Progress: Fri, 19 Feb 2016 16:00:35+0100  Submitted:7  Finished successfully:1
Progress: Fri, 19 Feb 2016 16:01:05+0100  Submitted:7  Finished successfully:1
Progress: Fri, 19 Feb 2016 16:01:35+0100  Submitted:7  Finished successfully:1
Progress: Fri, 19 Feb 2016 16:02:05+0100  Submitted:7  Finished successfully:1
Progress: Fri, 19 Feb 2016 16:02:35+0100  Submitted:7  Finished successfully:1
Progress: Fri, 19 Feb 2016 16:03:05+0100  Submitted:7  Finished successfully:1
Progress: Fri, 19 Feb 2016 16:03:35+0100  Submitted:7  Finished successfully:1
Progress: Fri, 19 Feb 2016 16:04:05+0100  Submitted:7  Finished successfully:1
Progress: Fri, 19 Feb 2016 16:04:35+0100  Submitted:7  Finished successfully:1
Progress: Fri, 19 Feb 2016 16:05:05+0100  Submitted:7  Finished successfully:1
Progress: Fri, 19 Feb 2016 16:05:35+0100  Submitted:7  Finished successfully:1
Progress: Fri, 19 Feb 2016 16:06:05+0100  Submitted:7  Finished successfully:1
Progress: Fri, 19 Feb 2016 16:06:35+0100  Submitted:7  Finished successfully:1
Progress: Fri, 19 Feb 2016 16:07:05+0100  Submitted:7  Finished successfully:1
Progress: Fri, 19 Feb 2016 16:07:35+0100  Submitted:7  Finished successfully:1
Progress: Fri, 19 Feb 2016 16:08:05+0100  Submitted:7  Finished successfully:1
Progress: Fri, 19 Feb 2016 16:08:35+0100  Submitted:7  Finished successfully:1
Progress: Fri, 19 Feb 2016 16:09:06+0100  Submitted:7  Finished successfully:1
Progress: Fri, 19 Feb 2016 16:09:36+0100  Submitted:7  Finished successfully:1
Progress: Fri, 19 Feb 2016 16:10:06+0100  Submitted:7  Finished successfully:1
Progress: Fri, 19 Feb 2016 16:10:36+0100  Submitted:7  Finished successfully:1
Progress: Fri, 19 Feb 2016 16:11:06+0100  Submitted:7  Finished successfully:1
Progress: Fri, 19 Feb 2016 16:11:36+0100  Submitted:7  Finished successfully:1
Progress: Fri, 19 Feb 2016 16:12:06+0100  Submitted:7  Finished successfully:1
Progress: Fri, 19 Feb 2016 16:12:36+0100  Submitted:7  Finished successfully:1
Progress: Fri, 19 Feb 2016 16:13:06+0100  Submitted:7  Finished successfully:1
Progress: Fri, 19 Feb 2016 16:13:36+0100  Submitted:7  Finished successfully:1
Progress: Fri, 19 Feb 2016 16:14:06+0100  Submitted:7  Finished successfully:1
Progress: Fri, 19 Feb 2016 16:14:36+0100  Submitted:7  Finished successfully:1
Progress: Fri, 19 Feb 2016 16:15:06+0100  Submitted:7  Finished successfully:1
Progress: Fri, 19 Feb 2016 16:15:36+0100  Submitted:7  Finished successfully:1
Progress: Fri, 19 Feb 2016 16:16:06+0100  Submitted:7  Finished successfully:1
Progress: Fri, 19 Feb 2016 16:16:36+0100  Submitted:7  Finished successfully:1
Progress: Fri, 19 Feb 2016 16:17:06+0100  Submitted:7  Finished successfully:1
Progress: Fri, 19 Feb 2016 16:17:36+0100  Submitted:7  Finished successfully:1
Progress: Fri, 19 Feb 2016 16:18:06+0100  Submitted:7  Finished successfully:1
Progress: Fri, 19 Feb 2016 16:18:36+0100  Submitted:7  Finished successfully:1
Progress: Fri, 19 Feb 2016 16:19:06+0100  Submitted:7  Finished successfully:1
Progress: Fri, 19 Feb 2016 16:19:36+0100  Submitted:7  Finished successfully:1
Progress: Fri, 19 Feb 2016 16:20:06+0100  Submitted:7  Finished successfully:1
Progress: Fri, 19 Feb 2016 16:20:36+0100  Submitted:7  Finished successfully:1
Progress: Fri, 19 Feb 2016 16:21:06+0100  Submitted:7  Finished successfully:1
Progress: Fri, 19 Feb 2016 16:21:36+0100  Submitted:7  Finished successfully:1
Progress: Fri, 19 Feb 2016 16:22:06+0100  Submitted:7  Finished successfully:1
Progress: Fri, 19 Feb 2016 16:22:36+0100  Submitted:7  Finished successfully:1
Progress: Fri, 19 Feb 2016 16:23:06+0100  Submitted:7  Finished successfully:1
Progress: Fri, 19 Feb 2016 16:23:36+0100  Submitted:7  Finished successfully:1
Progress: Fri, 19 Feb 2016 16:24:06+0100  Submitted:7  Finished successfully:1
Progress: Fri, 19 Feb 2016 16:24:36+0100  Submitted:7  Finished successfully:1
Progress: Fri, 19 Feb 2016 16:25:06+0100  Submitted:7  Finished successfully:1
Progress: Fri, 19 Feb 2016 16:25:36+0100  Submitted:7  Finished successfully:1
Progress: Fri, 19 Feb 2016 16:26:06+0100  Submitted:7  Finished successfully:1
Progress: Fri, 19 Feb 2016 16:26:36+0100  Submitted:7  Finished successfully:1
Progress: Fri, 19 Feb 2016 16:27:06+0100  Submitted:7  Finished successfully:1
Progress: Fri, 19 Feb 2016 16:27:36+0100  Submitted:7  Finished successfully:1
Progress: Fri, 19 Feb 2016 16:28:06+0100  Submitted:7  Finished successfully:1
Progress: Fri, 19 Feb 2016 16:28:36+0100  Submitted:7  Finished successfully:1
Progress: Fri, 19 Feb 2016 16:29:06+0100  Submitted:7  Finished successfully:1
Progress: Fri, 19 Feb 2016 16:29:36+0100  Submitted:7  Finished successfully:1
Progress: Fri, 19 Feb 2016 16:30:06+0100  Submitted:7  Finished successfully:1
Progress: Fri, 19 Feb 2016 16:30:36+0100  Submitted:7  Finished successfully:1
Progress: Fri, 19 Feb 2016 16:31:06+0100  Submitted:7  Finished successfully:1
Progress: Fri, 19 Feb 2016 16:31:36+0100  Submitted:7  Finished successfully:1
Progress: Fri, 19 Feb 2016 16:32:06+0100  Submitted:7  Finished successfully:1
Progress: Fri, 19 Feb 2016 16:32:36+0100  Submitted:7  Finished successfully:1
Progress: Fri, 19 Feb 2016 16:33:06+0100  Submitted:7  Finished successfully:1
Progress: Fri, 19 Feb 2016 16:33:36+0100  Submitted:7  Finished successfully:1
Progress: Fri, 19 Feb 2016 16:34:06+0100  Submitted:7  Finished successfully:1
Progress: Fri, 19 Feb 2016 16:34:36+0100  Submitted:7  Finished successfully:1
Progress: Fri, 19 Feb 2016 16:35:06+0100  Submitted:7  Finished successfully:1
Progress: Fri, 19 Feb 2016 16:35:36+0100  Submitted:7  Finished successfully:1
Progress: Fri, 19 Feb 2016 16:36:06+0100  Submitted:7  Finished successfully:1
Progress: Fri, 19 Feb 2016 16:36:36+0100  Submitted:7  Finished successfully:1
Progress: Fri, 19 Feb 2016 16:37:06+0100  Submitted:7  Finished successfully:1
Progress: Fri, 19 Feb 2016 16:37:36+0100  Submitted:7  Finished successfully:1
Progress: Fri, 19 Feb 2016 16:38:06+0100  Submitted:7  Finished successfully:1
Progress: Fri, 19 Feb 2016 16:38:36+0100  Submitted:7  Finished successfully:1
Progress: Fri, 19 Feb 2016 16:39:06+0100  Submitted:7  Finished successfully:1
Progress: Fri, 19 Feb 2016 16:39:36+0100  Submitted:7  Finished successfully:1
Progress: Fri, 19 Feb 2016 16:40:06+0100  Submitted:7  Finished successfully:1
Progress: Fri, 19 Feb 2016 16:40:36+0100  Submitted:7  Finished successfully:1
Progress: Fri, 19 Feb 2016 16:41:06+0100  Submitted:7  Finished successfully:1
Progress: Fri, 19 Feb 2016 16:41:36+0100  Submitted:7  Finished successfully:1
Progress: Fri, 19 Feb 2016 16:42:06+0100  Submitted:7  Finished successfully:1
Progress: Fri, 19 Feb 2016 16:42:36+0100  Submitted:7  Finished successfully:1
Progress: Fri, 19 Feb 2016 16:43:06+0100  Submitted:7  Finished successfully:1
Progress: Fri, 19 Feb 2016 16:43:36+0100  Submitted:7  Finished successfully:1
Progress: Fri, 19 Feb 2016 16:44:06+0100  Submitted:7  Finished successfully:1
Progress: Fri, 19 Feb 2016 16:44:36+0100  Submitted:7  Finished successfully:1
Progress: Fri, 19 Feb 2016 16:45:06+0100  Submitted:7  Finished successfully:1
Progress: Fri, 19 Feb 2016 16:45:36+0100  Submitted:7  Finished successfully:1
Progress: Fri, 19 Feb 2016 16:46:06+0100  Submitted:7  Finished successfully:1
Progress: Fri, 19 Feb 2016 16:46:36+0100  Submitted:7  Finished successfully:1
Progress: Fri, 19 Feb 2016 16:47:06+0100  Submitted:7  Finished successfully:1
Progress: Fri, 19 Feb 2016 16:47:36+0100  Submitted:7  Finished successfully:1
Progress: Fri, 19 Feb 2016 16:48:06+0100  Submitted:7  Finished successfully:1
Progress: Fri, 19 Feb 2016 16:48:36+0100  Submitted:7  Finished successfully:1
Progress: Fri, 19 Feb 2016 16:49:06+0100  Submitted:7  Finished successfully:1
Progress: Fri, 19 Feb 2016 16:49:36+0100  Submitted:7  Finished successfully:1
Progress: Fri, 19 Feb 2016 16:50:06+0100  Submitted:7  Finished successfully:1
Progress: Fri, 19 Feb 2016 16:50:36+0100  Submitted:7  Finished successfully:1
Progress: Fri, 19 Feb 2016 16:51:06+0100  Submitted:7  Finished successfully:1
Progress: Fri, 19 Feb 2016 16:51:36+0100  Submitted:7  Finished successfully:1
Progress: Fri, 19 Feb 2016 16:52:06+0100  Submitted:7  Finished successfully:1
Progress: Fri, 19 Feb 2016 16:52:36+0100  Submitted:7  Finished successfully:1
Progress: Fri, 19 Feb 2016 16:53:06+0100  Submitted:7  Finished successfully:1
Progress: Fri, 19 Feb 2016 16:53:36+0100  Submitted:7  Finished successfully:1
Progress: Fri, 19 Feb 2016 16:54:06+0100  Submitted:7  Finished successfully:1
Progress: Fri, 19 Feb 2016 16:54:36+0100  Submitted:7  Finished successfully:1
Progress: Fri, 19 Feb 2016 16:55:06+0100  Submitted:7  Finished successfully:1
Progress: Fri, 19 Feb 2016 16:55:36+0100  Submitted:7  Finished successfully:1
Progress: Fri, 19 Feb 2016 16:56:06+0100  Submitted:7  Finished successfully:1
Progress: Fri, 19 Feb 2016 16:56:36+0100  Submitted:7  Finished successfully:1
Progress: Fri, 19 Feb 2016 16:57:06+0100  Submitted:7  Finished successfully:1
Progress: Fri, 19 Feb 2016 16:57:36+0100  Submitted:7  Finished successfully:1
Progress: Fri, 19 Feb 2016 16:58:06+0100  Submitted:7  Finished successfully:1
Progress: Fri, 19 Feb 2016 16:58:36+0100  Submitted:7  Finished successfully:1
Progress: Fri, 19 Feb 2016 16:59:06+0100  Submitted:7  Finished successfully:1
Progress: Fri, 19 Feb 2016 16:59:36+0100  Submitted:7  Finished successfully:1
Progress: Fri, 19 Feb 2016 17:00:06+0100  Submitted:7  Finished successfully:1
Progress: Fri, 19 Feb 2016 17:00:36+0100  Submitted:7  Finished successfully:1
Progress: Fri, 19 Feb 2016 17:01:06+0100  Submitted:7  Finished successfully:1
Progress: Fri, 19 Feb 2016 17:01:36+0100  Submitted:7  Finished successfully:1
Progress: Fri, 19 Feb 2016 17:02:06+0100  Submitted:7  Finished successfully:1
Progress: Fri, 19 Feb 2016 17:02:36+0100  Submitted:7  Finished successfully:1
Progress: Fri, 19 Feb 2016 17:03:06+0100  Submitted:7  Finished successfully:1
Progress: Fri, 19 Feb 2016 17:03:36+0100  Submitted:7  Finished successfully:1
Progress: Fri, 19 Feb 2016 17:04:06+0100  Submitted:7  Finished successfully:1
Progress: Fri, 19 Feb 2016 17:04:36+0100  Submitted:7  Finished successfully:1
Progress: Fri, 19 Feb 2016 17:05:06+0100  Submitted:7  Finished successfully:1
Progress: Fri, 19 Feb 2016 17:05:36+0100  Submitted:7  Finished successfully:1
Progress: Fri, 19 Feb 2016 17:06:06+0100  Submitted:7  Finished successfully:1
Progress: Fri, 19 Feb 2016 17:06:36+0100  Submitted:7  Finished successfully:1
Progress: Fri, 19 Feb 2016 17:07:06+0100  Submitted:7  Finished successfully:1
Progress: Fri, 19 Feb 2016 17:07:36+0100  Submitted:7  Finished successfully:1
Progress: Fri, 19 Feb 2016 17:08:06+0100  Submitted:7  Finished successfully:1
Progress: Fri, 19 Feb 2016 17:08:36+0100  Submitted:7  Finished successfully:1
Progress: Fri, 19 Feb 2016 17:09:06+0100  Submitted:7  Finished successfully:1
Progress: Fri, 19 Feb 2016 17:09:36+0100  Submitted:7  Finished successfully:1
Progress: Fri, 19 Feb 2016 17:10:06+0100  Submitted:7  Finished successfully:1
Progress: Fri, 19 Feb 2016 17:10:36+0100  Submitted:7  Finished successfully:1
Progress: Fri, 19 Feb 2016 17:11:06+0100  Submitted:7  Finished successfully:1
Progress: Fri, 19 Feb 2016 17:11:36+0100  Submitted:7  Finished successfully:1
Progress: Fri, 19 Feb 2016 17:12:06+0100  Submitted:7  Finished successfully:1
Progress: Fri, 19 Feb 2016 17:12:36+0100  Submitted:7  Finished successfully:1
Progress: Fri, 19 Feb 2016 17:13:06+0100  Submitted:7  Finished successfully:1
Progress: Fri, 19 Feb 2016 17:13:36+0100  Submitted:7  Finished successfully:1
Progress: Fri, 19 Feb 2016 17:14:06+0100  Submitted:7  Finished successfully:1
Progress: Fri, 19 Feb 2016 17:14:36+0100  Submitted:7  Finished successfully:1
Progress: Fri, 19 Feb 2016 17:15:06+0100  Submitted:7  Finished successfully:1
Progress: Fri, 19 Feb 2016 17:15:36+0100  Submitted:7  Finished successfully:1
Progress: Fri, 19 Feb 2016 17:16:06+0100  Submitted:7  Finished successfully:1
Progress: Fri, 19 Feb 2016 17:16:36+0100  Submitted:7  Finished successfully:1
Progress: Fri, 19 Feb 2016 17:17:06+0100  Submitted:7  Finished successfully:1
Progress: Fri, 19 Feb 2016 17:17:36+0100  Submitted:7  Finished successfully:1
Progress: Fri, 19 Feb 2016 17:18:06+0100  Submitted:7  Finished successfully:1
Progress: Fri, 19 Feb 2016 17:18:36+0100  Submitted:7  Finished successfully:1
Progress: Fri, 19 Feb 2016 17:19:06+0100  Submitted:7  Finished successfully:1
Progress: Fri, 19 Feb 2016 17:19:36+0100  Submitted:7  Finished successfully:1
Progress: Fri, 19 Feb 2016 17:20:06+0100  Submitted:7  Finished successfully:1
Progress: Fri, 19 Feb 2016 17:20:36+0100  Submitted:7  Finished successfully:1
Progress: Fri, 19 Feb 2016 17:21:06+0100  Submitted:7  Finished successfully:1
Progress: Fri, 19 Feb 2016 17:21:36+0100  Submitted:7  Finished successfully:1
Progress: Fri, 19 Feb 2016 17:22:06+0100  Submitted:7  Finished successfully:1
Progress: Fri, 19 Feb 2016 17:22:36+0100  Submitted:7  Finished successfully:1
Progress: Fri, 19 Feb 2016 17:23:06+0100  Submitted:7  Finished successfully:1
Progress: Fri, 19 Feb 2016 17:23:36+0100  Submitted:7  Finished successfully:1
Progress: Fri, 19 Feb 2016 17:24:06+0100  Submitted:7  Finished successfully:1
Progress: Fri, 19 Feb 2016 17:24:36+0100  Submitted:7  Finished successfully:1
Progress: Fri, 19 Feb 2016 17:25:06+0100  Submitted:7  Finished successfully:1
Progress: Fri, 19 Feb 2016 17:25:36+0100  Submitted:7  Finished successfully:1
Progress: Fri, 19 Feb 2016 17:26:06+0100  Submitted:7  Finished successfully:1
Progress: Fri, 19 Feb 2016 17:26:36+0100  Submitted:7  Finished successfully:1
Progress: Fri, 19 Feb 2016 17:27:06+0100  Submitted:7  Finished successfully:1
Progress: Fri, 19 Feb 2016 17:27:36+0100  Submitted:7  Finished successfully:1
Progress: Fri, 19 Feb 2016 17:28:06+0100  Submitted:7  Finished successfully:1
Progress: Fri, 19 Feb 2016 17:28:36+0100  Submitted:7  Finished successfully:1
Progress: Fri, 19 Feb 2016 17:29:06+0100  Submitted:7  Finished successfully:1
Progress: Fri, 19 Feb 2016 17:29:36+0100  Submitted:7  Finished successfully:1
Progress: Fri, 19 Feb 2016 17:30:06+0100  Submitted:7  Finished successfully:1
Progress: Fri, 19 Feb 2016 17:30:36+0100  Submitted:7  Finished successfully:1
Progress: Fri, 19 Feb 2016 17:31:06+0100  Submitted:7  Finished successfully:1
Progress: Fri, 19 Feb 2016 17:31:36+0100  Submitted:7  Finished successfully:1
Progress: Fri, 19 Feb 2016 17:32:06+0100  Submitted:7  Finished successfully:1
Progress: Fri, 19 Feb 2016 17:32:36+0100  Submitted:7  Finished successfully:1
Progress: Fri, 19 Feb 2016 17:33:06+0100  Submitted:7  Finished successfully:1
Progress: Fri, 19 Feb 2016 17:33:36+0100  Submitted:7  Finished successfully:1
Progress: Fri, 19 Feb 2016 17:34:06+0100  Submitted:7  Finished successfully:1
Progress: Fri, 19 Feb 2016 17:34:36+0100  Submitted:7  Finished successfully:1
Progress: Fri, 19 Feb 2016 17:35:06+0100  Submitted:7  Finished successfully:1
Progress: Fri, 19 Feb 2016 17:35:36+0100  Submitted:7  Finished successfully:1
Progress: Fri, 19 Feb 2016 17:36:06+0100  Submitted:7  Finished successfully:1
Progress: Fri, 19 Feb 2016 17:36:36+0100  Submitted:7  Finished successfully:1
Progress: Fri, 19 Feb 2016 17:37:06+0100  Submitted:7  Finished successfully:1
Progress: Fri, 19 Feb 2016 17:37:36+0100  Submitted:7  Finished successfully:1
Progress: Fri, 19 Feb 2016 17:38:06+0100  Submitted:7  Finished successfully:1
Progress: Fri, 19 Feb 2016 17:38:36+0100  Submitted:7  Finished successfully:1
Progress: Fri, 19 Feb 2016 17:39:06+0100  Submitted:7  Finished successfully:1
Progress: Fri, 19 Feb 2016 17:39:36+0100  Submitted:7  Finished successfully:1
Progress: Fri, 19 Feb 2016 17:40:06+0100  Submitted:7  Finished successfully:1
Progress: Fri, 19 Feb 2016 17:40:36+0100  Submitted:7  Finished successfully:1
Progress: Fri, 19 Feb 2016 17:41:06+0100  Submitted:7  Finished successfully:1
Progress: Fri, 19 Feb 2016 17:41:36+0100  Submitted:7  Finished successfully:1
Progress: Fri, 19 Feb 2016 17:42:06+0100  Submitted:7  Finished successfully:1
Progress: Fri, 19 Feb 2016 17:42:36+0100  Submitted:7  Finished successfully:1
Progress: Fri, 19 Feb 2016 17:43:06+0100  Submitted:7  Finished successfully:1
Progress: Fri, 19 Feb 2016 17:43:36+0100  Submitted:7  Finished successfully:1
Progress: Fri, 19 Feb 2016 17:44:06+0100  Submitted:7  Finished successfully:1
Progress: Fri, 19 Feb 2016 17:44:36+0100  Submitted:7  Finished successfully:1
Progress: Fri, 19 Feb 2016 17:45:06+0100  Submitted:7  Finished successfully:1
Progress: Fri, 19 Feb 2016 17:45:36+0100  Submitted:7  Finished successfully:1
Progress: Fri, 19 Feb 2016 17:46:06+0100  Submitted:7  Finished successfully:1
Progress: Fri, 19 Feb 2016 17:46:36+0100  Submitted:7  Finished successfully:1
Progress: Fri, 19 Feb 2016 17:47:06+0100  Submitted:7  Finished successfully:1
Progress: Fri, 19 Feb 2016 17:47:36+0100  Submitted:7  Finished successfully:1
Progress: Fri, 19 Feb 2016 17:48:06+0100  Submitted:7  Finished successfully:1
Progress: Fri, 19 Feb 2016 17:48:36+0100  Submitted:7  Finished successfully:1
Progress: Fri, 19 Feb 2016 17:49:06+0100  Submitted:7  Finished successfully:1
Progress: Fri, 19 Feb 2016 17:49:36+0100  Submitted:7  Finished successfully:1
Progress: Fri, 19 Feb 2016 17:50:06+0100  Submitted:7  Finished successfully:1
Progress: Fri, 19 Feb 2016 17:50:36+0100  Submitted:7  Finished successfully:1
Progress: Fri, 19 Feb 2016 17:51:06+0100  Submitted:7  Finished successfully:1
Progress: Fri, 19 Feb 2016 17:51:36+0100  Submitted:7  Finished successfully:1
Progress: Fri, 19 Feb 2016 17:52:06+0100  Submitted:7  Finished successfully:1
Progress: Fri, 19 Feb 2016 17:52:36+0100  Submitted:7  Finished successfully:1
Progress: Fri, 19 Feb 2016 17:53:06+0100  Submitted:7  Finished successfully:1
Progress: Fri, 19 Feb 2016 17:53:36+0100  Submitted:7  Finished successfully:1
Progress: Fri, 19 Feb 2016 17:54:06+0100  Submitted:7  Finished successfully:1
Progress: Fri, 19 Feb 2016 17:54:36+0100  Submitted:7  Finished successfully:1
Progress: Fri, 19 Feb 2016 17:55:06+0100  Submitted:7  Finished successfully:1
Progress: Fri, 19 Feb 2016 17:55:36+0100  Submitted:7  Finished successfully:1
Progress: Fri, 19 Feb 2016 17:56:06+0100  Submitted:7  Finished successfully:1
Progress: Fri, 19 Feb 2016 17:56:36+0100  Submitted:7  Finished successfully:1
Progress: Fri, 19 Feb 2016 17:57:06+0100  Submitted:7  Finished successfully:1
Progress: Fri, 19 Feb 2016 17:57:36+0100  Submitted:7  Finished successfully:1
Progress: Fri, 19 Feb 2016 17:58:06+0100  Submitted:7  Finished successfully:1
Progress: Fri, 19 Feb 2016 17:58:36+0100  Submitted:7  Finished successfully:1
Progress: Fri, 19 Feb 2016 17:59:06+0100  Submitted:7  Finished successfully:1
Progress: Fri, 19 Feb 2016 17:59:36+0100  Submitted:7  Finished successfully:1
Progress: Fri, 19 Feb 2016 18:00:06+0100  Submitted:7  Finished successfully:1
Progress: Fri, 19 Feb 2016 18:00:36+0100  Submitted:7  Finished successfully:1
Progress: Fri, 19 Feb 2016 18:01:06+0100  Submitted:7  Finished successfully:1
Progress: Fri, 19 Feb 2016 18:01:36+0100  Submitted:7  Finished successfully:1
Progress: Fri, 19 Feb 2016 18:02:06+0100  Submitted:7  Finished successfully:1
Progress: Fri, 19 Feb 2016 18:02:36+0100  Submitted:7  Finished successfully:1
Progress: Fri, 19 Feb 2016 18:03:06+0100  Submitted:7  Finished successfully:1
Progress: Fri, 19 Feb 2016 18:03:36+0100  Submitted:7  Finished successfully:1
Progress: Fri, 19 Feb 2016 18:04:06+0100  Submitted:7  Finished successfully:1
Progress: Fri, 19 Feb 2016 18:04:36+0100  Submitted:7  Finished successfully:1
Progress: Fri, 19 Feb 2016 18:05:06+0100  Submitted:7  Finished successfully:1
Progress: Fri, 19 Feb 2016 18:05:36+0100  Submitted:7  Finished successfully:1
Progress: Fri, 19 Feb 2016 18:06:06+0100  Submitted:7  Finished successfully:1
Progress: Fri, 19 Feb 2016 18:06:36+0100  Submitted:7  Finished successfully:1
Progress: Fri, 19 Feb 2016 18:07:06+0100  Submitted:7  Finished successfully:1
Progress: Fri, 19 Feb 2016 18:07:36+0100  Submitted:7  Finished successfully:1
Progress: Fri, 19 Feb 2016 18:08:06+0100  Submitted:7  Finished successfully:1
Progress: Fri, 19 Feb 2016 18:08:36+0100  Submitted:7  Finished successfully:1
Progress: Fri, 19 Feb 2016 18:09:06+0100  Submitted:7  Finished successfully:1
Progress: Fri, 19 Feb 2016 18:09:36+0100  Submitted:7  Finished successfully:1
Progress: Fri, 19 Feb 2016 18:10:06+0100  Submitted:7  Finished successfully:1
Progress: Fri, 19 Feb 2016 18:10:36+0100  Submitted:7  Finished successfully:1
Progress: Fri, 19 Feb 2016 18:11:06+0100  Submitted:7  Finished successfully:1
Progress: Fri, 19 Feb 2016 18:11:36+0100  Submitted:7  Finished successfully:1
Progress: Fri, 19 Feb 2016 18:12:06+0100  Submitted:7  Finished successfully:1
Progress: Fri, 19 Feb 2016 18:12:36+0100  Submitted:7  Finished successfully:1
Progress: Fri, 19 Feb 2016 18:13:06+0100  Submitted:7  Finished successfully:1
Progress: Fri, 19 Feb 2016 18:13:36+0100  Submitted:7  Finished successfully:1
Progress: Fri, 19 Feb 2016 18:14:06+0100  Submitted:7  Finished successfully:1
Progress: Fri, 19 Feb 2016 18:14:36+0100  Submitted:7  Finished successfully:1
Progress: Fri, 19 Feb 2016 18:15:06+0100  Submitted:7  Finished successfully:1
Progress: Fri, 19 Feb 2016 18:15:36+0100  Submitted:7  Finished successfully:1
Progress: Fri, 19 Feb 2016 18:16:06+0100  Submitted:7  Finished successfully:1
Progress: Fri, 19 Feb 2016 18:16:36+0100  Submitted:7  Finished successfully:1
Progress: Fri, 19 Feb 2016 18:17:06+0100  Submitted:7  Finished successfully:1
Progress: Fri, 19 Feb 2016 18:17:36+0100  Submitted:7  Finished successfully:1
Progress: Fri, 19 Feb 2016 18:18:06+0100  Submitted:7  Finished successfully:1
Progress: Fri, 19 Feb 2016 18:18:36+0100  Submitted:7  Finished successfully:1
Progress: Fri, 19 Feb 2016 18:19:06+0100  Submitted:7  Finished successfully:1
Progress: Fri, 19 Feb 2016 18:19:36+0100  Submitted:7  Finished successfully:1
Progress: Fri, 19 Feb 2016 18:20:06+0100  Submitted:7  Finished successfully:1
Progress: Fri, 19 Feb 2016 18:20:36+0100  Submitted:7  Finished successfully:1
Progress: Fri, 19 Feb 2016 18:21:06+0100  Submitted:7  Finished successfully:1
Progress: Fri, 19 Feb 2016 18:21:36+0100  Submitted:7  Finished successfully:1
Progress: Fri, 19 Feb 2016 18:22:06+0100  Submitted:7  Finished successfully:1
Progress: Fri, 19 Feb 2016 18:22:36+0100  Submitted:7  Finished successfully:1
Progress: Fri, 19 Feb 2016 18:23:06+0100  Submitted:7  Finished successfully:1
Progress: Fri, 19 Feb 2016 18:23:36+0100  Submitted:7  Finished successfully:1
Progress: Fri, 19 Feb 2016 18:24:06+0100  Submitted:7  Finished successfully:1
Progress: Fri, 19 Feb 2016 18:24:36+0100  Submitted:7  Finished successfully:1
Progress: Fri, 19 Feb 2016 18:25:06+0100  Submitted:7  Finished successfully:1
Progress: Fri, 19 Feb 2016 18:25:36+0100  Submitted:7  Finished successfully:1
Progress: Fri, 19 Feb 2016 18:26:06+0100  Submitted:7  Finished successfully:1
Progress: Fri, 19 Feb 2016 18:26:36+0100  Submitted:7  Finished successfully:1
Progress: Fri, 19 Feb 2016 18:27:06+0100  Submitted:7  Finished successfully:1
Progress: Fri, 19 Feb 2016 18:27:36+0100  Submitted:7  Finished successfully:1
Progress: Fri, 19 Feb 2016 18:28:06+0100  Submitted:7  Finished successfully:1
Progress: Fri, 19 Feb 2016 18:28:36+0100  Submitted:7  Finished successfully:1
Progress: Fri, 19 Feb 2016 18:29:06+0100  Submitted:7  Finished successfully:1
Progress: Fri, 19 Feb 2016 18:29:36+0100  Submitted:7  Finished successfully:1
Progress: Fri, 19 Feb 2016 18:30:06+0100  Submitted:7  Finished successfully:1
Progress: Fri, 19 Feb 2016 18:30:36+0100  Submitted:7  Finished successfully:1
Progress: Fri, 19 Feb 2016 18:31:06+0100  Submitted:7  Finished successfully:1
Progress: Fri, 19 Feb 2016 18:31:36+0100  Submitted:7  Finished successfully:1
Progress: Fri, 19 Feb 2016 18:32:06+0100  Submitted:7  Finished successfully:1
Progress: Fri, 19 Feb 2016 18:32:36+0100  Submitted:7  Finished successfully:1
Progress: Fri, 19 Feb 2016 18:33:06+0100  Submitted:7  Finished successfully:1
Progress: Fri, 19 Feb 2016 18:33:36+0100  Submitted:7  Finished successfully:1
Progress: Fri, 19 Feb 2016 18:34:06+0100  Submitted:7  Finished successfully:1
Progress: Fri, 19 Feb 2016 18:34:36+0100  Submitted:7  Finished successfully:1
Progress: Fri, 19 Feb 2016 18:35:06+0100  Submitted:7  Finished successfully:1
Progress: Fri, 19 Feb 2016 18:35:36+0100  Submitted:7  Finished successfully:1
Progress: Fri, 19 Feb 2016 18:36:06+0100  Submitted:7  Finished successfully:1
Progress: Fri, 19 Feb 2016 18:36:36+0100  Submitted:7  Finished successfully:1
Progress: Fri, 19 Feb 2016 18:37:06+0100  Submitted:7  Finished successfully:1
Progress: Fri, 19 Feb 2016 18:37:36+0100  Submitted:7  Finished successfully:1
Progress: Fri, 19 Feb 2016 18:38:06+0100  Submitted:7  Finished successfully:1
Progress: Fri, 19 Feb 2016 18:38:36+0100  Submitted:7  Finished successfully:1
Progress: Fri, 19 Feb 2016 18:39:06+0100  Submitted:7  Finished successfully:1
Progress: Fri, 19 Feb 2016 18:39:36+0100  Submitted:7  Finished successfully:1
Progress: Fri, 19 Feb 2016 18:40:06+0100  Submitted:7  Finished successfully:1
Progress: Fri, 19 Feb 2016 18:40:36+0100  Submitted:7  Finished successfully:1
Progress: Fri, 19 Feb 2016 18:41:06+0100  Submitted:7  Finished successfully:1
Progress: Fri, 19 Feb 2016 18:41:36+0100  Submitted:7  Finished successfully:1
Progress: Fri, 19 Feb 2016 18:42:06+0100  Submitted:7  Finished successfully:1
Progress: Fri, 19 Feb 2016 18:42:36+0100  Submitted:7  Finished successfully:1
Progress: Fri, 19 Feb 2016 18:43:07+0100  Submitted:7  Finished successfully:1
Progress: Fri, 19 Feb 2016 18:43:37+0100  Submitted:7  Finished successfully:1
Progress: Fri, 19 Feb 2016 18:44:07+0100  Submitted:7  Finished successfully:1
Progress: Fri, 19 Feb 2016 18:44:37+0100  Submitted:7  Finished successfully:1
Progress: Fri, 19 Feb 2016 18:45:07+0100  Submitted:7  Finished successfully:1
Progress: Fri, 19 Feb 2016 18:45:37+0100  Submitted:7  Finished successfully:1
Progress: Fri, 19 Feb 2016 18:46:07+0100  Submitted:7  Finished successfully:1
Progress: Fri, 19 Feb 2016 18:46:37+0100  Submitted:7  Finished successfully:1
Progress: Fri, 19 Feb 2016 18:47:07+0100  Submitted:7  Finished successfully:1
Progress: Fri, 19 Feb 2016 18:47:37+0100  Submitted:7  Finished successfully:1
Progress: Fri, 19 Feb 2016 18:48:07+0100  Submitted:7  Finished successfully:1
Progress: Fri, 19 Feb 2016 18:48:37+0100  Submitted:7  Finished successfully:1
Progress: Fri, 19 Feb 2016 18:49:07+0100  Submitted:7  Finished successfully:1
Progress: Fri, 19 Feb 2016 18:49:37+0100  Submitted:7  Finished successfully:1
Progress: Fri, 19 Feb 2016 18:50:07+0100  Submitted:7  Finished successfully:1
Progress: Fri, 19 Feb 2016 18:50:37+0100  Submitted:7  Finished successfully:1
Progress: Fri, 19 Feb 2016 18:51:07+0100  Submitted:7  Finished successfully:1
Progress: Fri, 19 Feb 2016 18:51:37+0100  Submitted:7  Finished successfully:1
Progress: Fri, 19 Feb 2016 18:52:07+0100  Submitted:7  Finished successfully:1
Progress: Fri, 19 Feb 2016 18:52:37+0100  Submitted:7  Finished successfully:1
Progress: Fri, 19 Feb 2016 18:53:07+0100  Submitted:7  Finished successfully:1
Progress: Fri, 19 Feb 2016 18:53:37+0100  Submitted:7  Finished successfully:1
Progress: Fri, 19 Feb 2016 18:54:07+0100  Submitted:7  Finished successfully:1
Progress: Fri, 19 Feb 2016 18:54:37+0100  Submitted:7  Finished successfully:1
Progress: Fri, 19 Feb 2016 18:55:07+0100  Submitted:7  Finished successfully:1
Progress: Fri, 19 Feb 2016 18:55:37+0100  Submitted:7  Finished successfully:1
Progress: Fri, 19 Feb 2016 18:56:07+0100  Submitted:7  Finished successfully:1
Progress: Fri, 19 Feb 2016 18:56:37+0100  Submitted:7  Finished successfully:1
Progress: Fri, 19 Feb 2016 18:57:07+0100  Submitted:7  Finished successfully:1
Progress: Fri, 19 Feb 2016 18:57:37+0100  Submitted:7  Finished successfully:1
Progress: Fri, 19 Feb 2016 18:58:07+0100  Submitted:7  Finished successfully:1
Progress: Fri, 19 Feb 2016 18:58:37+0100  Submitted:7  Finished successfully:1
Progress: Fri, 19 Feb 2016 18:59:07+0100  Submitted:7  Finished successfully:1
Progress: Fri, 19 Feb 2016 18:59:37+0100  Submitted:7  Finished successfully:1
Progress: Fri, 19 Feb 2016 19:00:07+0100  Submitted:7  Finished successfully:1
Progress: Fri, 19 Feb 2016 19:00:37+0100  Submitted:7  Finished successfully:1
Progress: Fri, 19 Feb 2016 19:01:07+0100  Submitted:7  Finished successfully:1
Progress: Fri, 19 Feb 2016 19:01:37+0100  Submitted:7  Finished successfully:1
Progress: Fri, 19 Feb 2016 19:02:07+0100  Submitted:7  Finished successfully:1
Progress: Fri, 19 Feb 2016 19:02:37+0100  Submitted:7  Finished successfully:1
Progress: Fri, 19 Feb 2016 19:03:07+0100  Submitted:7  Finished successfully:1
Progress: Fri, 19 Feb 2016 19:03:37+0100  Submitted:7  Finished successfully:1
Progress: Fri, 19 Feb 2016 19:04:07+0100  Submitted:7  Finished successfully:1
Progress: Fri, 19 Feb 2016 19:04:37+0100  Submitted:7  Finished successfully:1
Progress: Fri, 19 Feb 2016 19:05:07+0100  Submitted:7  Finished successfully:1
Progress: Fri, 19 Feb 2016 19:05:37+0100  Submitted:7  Finished successfully:1
Progress: Fri, 19 Feb 2016 19:06:07+0100  Submitted:7  Finished successfully:1
Progress: Fri, 19 Feb 2016 19:06:37+0100  Submitted:7  Finished successfully:1
Progress: Fri, 19 Feb 2016 19:07:07+0100  Submitted:7  Finished successfully:1
Progress: Fri, 19 Feb 2016 19:07:37+0100  Submitted:7  Finished successfully:1
Progress: Fri, 19 Feb 2016 19:08:07+0100  Submitted:7  Finished successfully:1
Progress: Fri, 19 Feb 2016 19:08:37+0100  Submitted:7  Finished successfully:1
Progress: Fri, 19 Feb 2016 19:09:07+0100  Submitted:7  Finished successfully:1
Progress: Fri, 19 Feb 2016 19:09:37+0100  Submitted:7  Finished successfully:1
Progress: Fri, 19 Feb 2016 19:10:07+0100  Submitted:7  Finished successfully:1
Progress: Fri, 19 Feb 2016 19:10:37+0100  Submitted:7  Finished successfully:1
Progress: Fri, 19 Feb 2016 19:11:07+0100  Submitted:7  Finished successfully:1
Progress: Fri, 19 Feb 2016 19:11:37+0100  Submitted:7  Finished successfully:1
Progress: Fri, 19 Feb 2016 19:12:07+0100  Submitted:7  Finished successfully:1
Progress: Fri, 19 Feb 2016 19:12:37+0100  Submitted:7  Finished successfully:1
Progress: Fri, 19 Feb 2016 19:13:07+0100  Submitted:7  Finished successfully:1
Progress: Fri, 19 Feb 2016 19:13:37+0100  Submitted:7  Finished successfully:1
Progress: Fri, 19 Feb 2016 19:14:07+0100  Submitted:7  Finished successfully:1
Progress: Fri, 19 Feb 2016 19:14:37+0100  Submitted:7  Finished successfully:1
Progress: Fri, 19 Feb 2016 19:15:07+0100  Submitted:7  Finished successfully:1
Progress: Fri, 19 Feb 2016 19:15:37+0100  Submitted:7  Finished successfully:1
Progress: Fri, 19 Feb 2016 19:16:07+0100  Submitted:7  Finished successfully:1
Progress: Fri, 19 Feb 2016 19:16:37+0100  Submitted:7  Finished successfully:1
Progress: Fri, 19 Feb 2016 19:17:07+0100  Submitted:7  Finished successfully:1
Progress: Fri, 19 Feb 2016 19:17:37+0100  Submitted:7  Finished successfully:1
Progress: Fri, 19 Feb 2016 19:18:07+0100  Submitted:7  Finished successfully:1
Progress: Fri, 19 Feb 2016 19:18:37+0100  Submitted:7  Finished successfully:1
Progress: Fri, 19 Feb 2016 19:19:07+0100  Submitted:7  Finished successfully:1
Progress: Fri, 19 Feb 2016 19:19:37+0100  Submitted:7  Finished successfully:1
Progress: Fri, 19 Feb 2016 19:20:07+0100  Submitted:7  Finished successfully:1
Progress: Fri, 19 Feb 2016 19:20:37+0100  Submitted:7  Finished successfully:1
Progress: Fri, 19 Feb 2016 19:21:07+0100  Submitted:7  Finished successfully:1
Progress: Fri, 19 Feb 2016 19:21:37+0100  Submitted:7  Finished successfully:1
Progress: Fri, 19 Feb 2016 19:22:07+0100  Submitted:7  Finished successfully:1
Progress: Fri, 19 Feb 2016 19:22:37+0100  Submitted:7  Finished successfully:1
Progress: Fri, 19 Feb 2016 19:23:07+0100  Submitted:7  Finished successfully:1
Progress: Fri, 19 Feb 2016 19:23:37+0100  Submitted:7  Finished successfully:1
Progress: Fri, 19 Feb 2016 19:24:07+0100  Submitted:7  Finished successfully:1
Progress: Fri, 19 Feb 2016 19:24:37+0100  Submitted:7  Finished successfully:1
Progress: Fri, 19 Feb 2016 19:25:07+0100  Submitted:7  Finished successfully:1
Progress: Fri, 19 Feb 2016 19:25:37+0100  Submitted:7  Finished successfully:1
Progress: Fri, 19 Feb 2016 19:26:07+0100  Submitted:7  Finished successfully:1
Progress: Fri, 19 Feb 2016 19:26:37+0100  Submitted:7  Finished successfully:1
Progress: Fri, 19 Feb 2016 19:27:07+0100  Submitted:7  Finished successfully:1
Progress: Fri, 19 Feb 2016 19:27:37+0100  Submitted:7  Finished successfully:1
Progress: Fri, 19 Feb 2016 19:28:07+0100  Submitted:7  Finished successfully:1
Progress: Fri, 19 Feb 2016 19:28:37+0100  Submitted:7  Finished successfully:1
Progress: Fri, 19 Feb 2016 19:29:07+0100  Submitted:7  Finished successfully:1
Progress: Fri, 19 Feb 2016 19:29:37+0100  Submitted:7  Finished successfully:1
Progress: Fri, 19 Feb 2016 19:30:07+0100  Submitted:7  Finished successfully:1
Progress: Fri, 19 Feb 2016 19:30:37+0100  Submitted:7  Finished successfully:1
Progress: Fri, 19 Feb 2016 19:31:07+0100  Submitted:7  Finished successfully:1
Progress: Fri, 19 Feb 2016 19:31:37+0100  Submitted:7  Finished successfully:1
Progress: Fri, 19 Feb 2016 19:32:07+0100  Submitted:7  Finished successfully:1
Progress: Fri, 19 Feb 2016 19:32:37+0100  Submitted:7  Finished successfully:1
Progress: Fri, 19 Feb 2016 19:33:07+0100  Submitted:7  Finished successfully:1
Progress: Fri, 19 Feb 2016 19:33:37+0100  Submitted:7  Finished successfully:1
Progress: Fri, 19 Feb 2016 19:34:07+0100  Submitted:7  Finished successfully:1
Progress: Fri, 19 Feb 2016 19:34:37+0100  Submitted:7  Finished successfully:1
Progress: Fri, 19 Feb 2016 19:35:07+0100  Submitted:7  Finished successfully:1
Progress: Fri, 19 Feb 2016 19:35:37+0100  Submitted:7  Finished successfully:1
Progress: Fri, 19 Feb 2016 19:36:07+0100  Submitted:7  Finished successfully:1
Progress: Fri, 19 Feb 2016 19:36:37+0100  Submitted:7  Finished successfully:1
Progress: Fri, 19 Feb 2016 19:37:07+0100  Submitted:7  Finished successfully:1
Progress: Fri, 19 Feb 2016 19:37:37+0100  Submitted:7  Finished successfully:1
Progress: Fri, 19 Feb 2016 19:38:07+0100  Submitted:7  Finished successfully:1
Progress: Fri, 19 Feb 2016 19:38:37+0100  Submitted:7  Finished successfully:1
Progress: Fri, 19 Feb 2016 19:39:07+0100  Submitted:7  Finished successfully:1
Progress: Fri, 19 Feb 2016 19:39:37+0100  Submitted:7  Finished successfully:1
Progress: Fri, 19 Feb 2016 19:40:07+0100  Submitted:7  Finished successfully:1
Progress: Fri, 19 Feb 2016 19:40:37+0100  Submitted:7  Finished successfully:1
Progress: Fri, 19 Feb 2016 19:41:07+0100  Submitted:7  Finished successfully:1
Progress: Fri, 19 Feb 2016 19:41:37+0100  Submitted:7  Finished successfully:1
Progress: Fri, 19 Feb 2016 19:42:07+0100  Submitted:7  Finished successfully:1
Progress: Fri, 19 Feb 2016 19:42:37+0100  Submitted:7  Finished successfully:1
Progress: Fri, 19 Feb 2016 19:43:07+0100  Submitted:7  Finished successfully:1
Progress: Fri, 19 Feb 2016 19:43:37+0100  Submitted:7  Finished successfully:1
Progress: Fri, 19 Feb 2016 19:44:07+0100  Submitted:7  Finished successfully:1
Progress: Fri, 19 Feb 2016 19:44:37+0100  Submitted:7  Finished successfully:1
Progress: Fri, 19 Feb 2016 19:45:07+0100  Submitted:7  Finished successfully:1
Progress: Fri, 19 Feb 2016 19:45:37+0100  Submitted:7  Finished successfully:1
Progress: Fri, 19 Feb 2016 19:46:07+0100  Submitted:7  Finished successfully:1
Progress: Fri, 19 Feb 2016 19:46:37+0100  Submitted:7  Finished successfully:1
Progress: Fri, 19 Feb 2016 19:47:07+0100  Submitted:7  Finished successfully:1
Progress: Fri, 19 Feb 2016 19:47:37+0100  Submitted:7  Finished successfully:1
Progress: Fri, 19 Feb 2016 19:48:07+0100  Submitted:7  Finished successfully:1
Progress: Fri, 19 Feb 2016 19:48:37+0100  Submitted:7  Finished successfully:1
Progress: Fri, 19 Feb 2016 19:49:07+0100  Submitted:7  Finished successfully:1
Progress: Fri, 19 Feb 2016 19:49:37+0100  Submitted:7  Finished successfully:1
Progress: Fri, 19 Feb 2016 19:50:07+0100  Submitted:7  Finished successfully:1
Progress: Fri, 19 Feb 2016 19:50:37+0100  Submitted:7  Finished successfully:1
Progress: Fri, 19 Feb 2016 19:51:07+0100  Submitted:7  Finished successfully:1
Progress: Fri, 19 Feb 2016 19:51:37+0100  Submitted:7  Finished successfully:1
Progress: Fri, 19 Feb 2016 19:52:07+0100  Submitted:7  Finished successfully:1
Progress: Fri, 19 Feb 2016 19:52:37+0100  Submitted:7  Finished successfully:1
Progress: Fri, 19 Feb 2016 19:53:07+0100  Submitted:7  Finished successfully:1
Progress: Fri, 19 Feb 2016 19:53:37+0100  Submitted:7  Finished successfully:1
Progress: Fri, 19 Feb 2016 19:54:07+0100  Submitted:7  Finished successfully:1
Progress: Fri, 19 Feb 2016 19:54:37+0100  Submitted:7  Finished successfully:1
Progress: Fri, 19 Feb 2016 19:55:07+0100  Submitted:7  Finished successfully:1
Progress: Fri, 19 Feb 2016 19:55:37+0100  Submitted:7  Finished successfully:1
Progress: Fri, 19 Feb 2016 19:56:07+0100  Submitted:7  Finished successfully:1
Progress: Fri, 19 Feb 2016 19:56:37+0100  Submitted:7  Finished successfully:1
Progress: Fri, 19 Feb 2016 19:57:07+0100  Submitted:7  Finished successfully:1
Progress: Fri, 19 Feb 2016 19:57:37+0100  Submitted:7  Finished successfully:1
Progress: Fri, 19 Feb 2016 19:58:07+0100  Submitted:7  Finished successfully:1
Progress: Fri, 19 Feb 2016 19:58:37+0100  Submitted:7  Finished successfully:1
Progress: Fri, 19 Feb 2016 19:59:07+0100  Submitted:7  Finished successfully:1
Progress: Fri, 19 Feb 2016 19:59:37+0100  Submitted:7  Finished successfully:1
Progress: Fri, 19 Feb 2016 20:00:07+0100  Submitted:7  Finished successfully:1
Progress: Fri, 19 Feb 2016 20:00:37+0100  Submitted:7  Finished successfully:1
Progress: Fri, 19 Feb 2016 20:01:07+0100  Submitted:7  Finished successfully:1
Progress: Fri, 19 Feb 2016 20:01:37+0100  Submitted:7  Finished successfully:1
Progress: Fri, 19 Feb 2016 20:02:07+0100  Submitted:7  Finished successfully:1
Progress: Fri, 19 Feb 2016 20:02:37+0100  Submitted:7  Finished successfully:1
Progress: Fri, 19 Feb 2016 20:03:07+0100  Submitted:7  Finished successfully:1
Progress: Fri, 19 Feb 2016 20:03:37+0100  Submitted:7  Finished successfully:1
Progress: Fri, 19 Feb 2016 20:04:07+0100  Submitted:7  Finished successfully:1
Progress: Fri, 19 Feb 2016 20:04:37+0100  Submitted:7  Finished successfully:1
Progress: Fri, 19 Feb 2016 20:05:07+0100  Submitted:7  Finished successfully:1
Progress: Fri, 19 Feb 2016 20:05:37+0100  Submitted:7  Finished successfully:1
Progress: Fri, 19 Feb 2016 20:06:07+0100  Submitted:7  Finished successfully:1
Progress: Fri, 19 Feb 2016 20:06:37+0100  Submitted:7  Finished successfully:1
Progress: Fri, 19 Feb 2016 20:07:07+0100  Submitted:7  Finished successfully:1
Progress: Fri, 19 Feb 2016 20:07:37+0100  Submitted:7  Finished successfully:1
Progress: Fri, 19 Feb 2016 20:08:07+0100  Submitted:7  Finished successfully:1
Progress: Fri, 19 Feb 2016 20:08:37+0100  Submitted:7  Finished successfully:1
Progress: Fri, 19 Feb 2016 20:09:07+0100  Submitted:7  Finished successfully:1
Progress: Fri, 19 Feb 2016 20:09:37+0100  Submitted:7  Finished successfully:1
Progress: Fri, 19 Feb 2016 20:10:07+0100  Submitted:7  Finished successfully:1
Progress: Fri, 19 Feb 2016 20:10:37+0100  Submitted:7  Finished successfully:1
Progress: Fri, 19 Feb 2016 20:11:07+0100  Submitted:7  Finished successfully:1
Progress: Fri, 19 Feb 2016 20:11:37+0100  Submitted:7  Finished successfully:1
Progress: Fri, 19 Feb 2016 20:12:07+0100  Submitted:7  Finished successfully:1
Progress: Fri, 19 Feb 2016 20:12:37+0100  Submitted:7  Finished successfully:1
Progress: Fri, 19 Feb 2016 20:13:07+0100  Submitted:7  Finished successfully:1
Progress: Fri, 19 Feb 2016 20:13:37+0100  Submitted:7  Finished successfully:1
Progress: Fri, 19 Feb 2016 20:14:07+0100  Submitted:7  Finished successfully:1
Progress: Fri, 19 Feb 2016 20:14:37+0100  Submitted:7  Finished successfully:1
Progress: Fri, 19 Feb 2016 20:15:07+0100  Submitted:7  Finished successfully:1
Progress: Fri, 19 Feb 2016 20:15:37+0100  Submitted:7  Finished successfully:1
Progress: Fri, 19 Feb 2016 20:16:07+0100  Submitted:7  Finished successfully:1
Progress: Fri, 19 Feb 2016 20:16:37+0100  Submitted:7  Finished successfully:1
Progress: Fri, 19 Feb 2016 20:17:07+0100  Submitted:7  Finished successfully:1
Progress: Fri, 19 Feb 2016 20:17:37+0100  Submitted:7  Finished successfully:1
Progress: Fri, 19 Feb 2016 20:18:07+0100  Submitted:7  Finished successfully:1
Progress: Fri, 19 Feb 2016 20:18:37+0100  Submitted:7  Finished successfully:1
Progress: Fri, 19 Feb 2016 20:19:07+0100  Submitted:7  Finished successfully:1
Progress: Fri, 19 Feb 2016 20:19:37+0100  Submitted:7  Finished successfully:1
Progress: Fri, 19 Feb 2016 20:20:07+0100  Submitted:7  Finished successfully:1
Progress: Fri, 19 Feb 2016 20:20:37+0100  Submitted:7  Finished successfully:1
Progress: Fri, 19 Feb 2016 20:21:07+0100  Submitted:7  Finished successfully:1
Progress: Fri, 19 Feb 2016 20:21:37+0100  Submitted:7  Finished successfully:1
Progress: Fri, 19 Feb 2016 20:22:07+0100  Submitted:7  Finished successfully:1
Progress: Fri, 19 Feb 2016 20:22:37+0100  Submitted:7  Finished successfully:1
Progress: Fri, 19 Feb 2016 20:23:07+0100  Submitted:7  Finished successfully:1
Progress: Fri, 19 Feb 2016 20:23:37+0100  Submitted:7  Finished successfully:1
Progress: Fri, 19 Feb 2016 20:24:07+0100  Submitted:7  Finished successfully:1
Progress: Fri, 19 Feb 2016 20:24:37+0100  Submitted:7  Finished successfully:1
Progress: Fri, 19 Feb 2016 20:25:07+0100  Submitted:7  Finished successfully:1
Progress: Fri, 19 Feb 2016 20:25:37+0100  Submitted:7  Finished successfully:1
Progress: Fri, 19 Feb 2016 20:26:07+0100  Submitted:7  Finished successfully:1
Progress: Fri, 19 Feb 2016 20:26:37+0100  Submitted:7  Finished successfully:1
Progress: Fri, 19 Feb 2016 20:27:07+0100  Submitted:7  Finished successfully:1
Progress: Fri, 19 Feb 2016 20:27:37+0100  Submitted:7  Finished successfully:1
Progress: Fri, 19 Feb 2016 20:28:07+0100  Submitted:7  Finished successfully:1
Progress: Fri, 19 Feb 2016 20:28:37+0100  Submitted:7  Finished successfully:1
Progress: Fri, 19 Feb 2016 20:29:07+0100  Submitted:7  Finished successfully:1
Progress: Fri, 19 Feb 2016 20:29:37+0100  Submitted:7  Finished successfully:1
Progress: Fri, 19 Feb 2016 20:30:07+0100  Submitted:7  Finished successfully:1
Progress: Fri, 19 Feb 2016 20:30:37+0100  Submitted:7  Finished successfully:1
Progress: Fri, 19 Feb 2016 20:31:07+0100  Submitted:7  Finished successfully:1
Progress: Fri, 19 Feb 2016 20:31:37+0100  Submitted:7  Finished successfully:1
Progress: Fri, 19 Feb 2016 20:32:07+0100  Submitted:7  Finished successfully:1
Progress: Fri, 19 Feb 2016 20:32:37+0100  Submitted:7  Finished successfully:1
Progress: Fri, 19 Feb 2016 20:33:07+0100  Submitted:7  Finished successfully:1
Progress: Fri, 19 Feb 2016 20:33:37+0100  Submitted:7  Finished successfully:1
Progress: Fri, 19 Feb 2016 20:34:07+0100  Submitted:7  Finished successfully:1
Progress: Fri, 19 Feb 2016 20:34:37+0100  Submitted:7  Finished successfully:1
Progress: Fri, 19 Feb 2016 20:35:07+0100  Submitted:7  Finished successfully:1
Progress: Fri, 19 Feb 2016 20:35:37+0100  Submitted:7  Finished successfully:1
Progress: Fri, 19 Feb 2016 20:36:07+0100  Submitted:7  Finished successfully:1
Progress: Fri, 19 Feb 2016 20:36:37+0100  Submitted:7  Finished successfully:1
Progress: Fri, 19 Feb 2016 20:37:07+0100  Submitted:7  Finished successfully:1
Progress: Fri, 19 Feb 2016 20:37:37+0100  Submitted:7  Finished successfully:1
Progress: Fri, 19 Feb 2016 20:38:07+0100  Submitted:7  Finished successfully:1
Progress: Fri, 19 Feb 2016 20:38:37+0100  Submitted:7  Finished successfully:1
Progress: Fri, 19 Feb 2016 20:39:07+0100  Submitted:7  Finished successfully:1
Progress: Fri, 19 Feb 2016 20:39:37+0100  Submitted:7  Finished successfully:1
Progress: Fri, 19 Feb 2016 20:40:07+0100  Submitted:7  Finished successfully:1
Progress: Fri, 19 Feb 2016 20:40:37+0100  Submitted:7  Finished successfully:1
Progress: Fri, 19 Feb 2016 20:41:07+0100  Submitted:7  Finished successfully:1
Progress: Fri, 19 Feb 2016 20:41:37+0100  Submitted:7  Finished successfully:1
Progress: Fri, 19 Feb 2016 20:42:07+0100  Submitted:7  Finished successfully:1
Progress: Fri, 19 Feb 2016 20:42:37+0100  Submitted:7  Finished successfully:1
Progress: Fri, 19 Feb 2016 20:43:07+0100  Submitted:7  Finished successfully:1
Progress: Fri, 19 Feb 2016 20:43:37+0100  Submitted:7  Finished successfully:1
Progress: Fri, 19 Feb 2016 20:44:07+0100  Submitted:7  Finished successfully:1
Progress: Fri, 19 Feb 2016 20:44:37+0100  Submitted:7  Finished successfully:1
Progress: Fri, 19 Feb 2016 20:45:07+0100  Submitted:7  Finished successfully:1
Progress: Fri, 19 Feb 2016 20:45:37+0100  Submitted:7  Finished successfully:1
Progress: Fri, 19 Feb 2016 20:46:07+0100  Submitted:7  Finished successfully:1
Progress: Fri, 19 Feb 2016 20:46:37+0100  Submitted:7  Finished successfully:1
Progress: Fri, 19 Feb 2016 20:47:07+0100  Submitted:7  Finished successfully:1
Progress: Fri, 19 Feb 2016 20:47:37+0100  Submitted:7  Finished successfully:1
Progress: Fri, 19 Feb 2016 20:48:07+0100  Submitted:7  Finished successfully:1
Progress: Fri, 19 Feb 2016 20:48:37+0100  Submitted:7  Finished successfully:1
Progress: Fri, 19 Feb 2016 20:49:07+0100  Submitted:7  Finished successfully:1
Progress: Fri, 19 Feb 2016 20:49:37+0100  Submitted:7  Finished successfully:1
Progress: Fri, 19 Feb 2016 20:50:07+0100  Submitted:7  Finished successfully:1
Progress: Fri, 19 Feb 2016 20:50:37+0100  Submitted:7  Finished successfully:1
Progress: Fri, 19 Feb 2016 20:51:07+0100  Submitted:7  Finished successfully:1
Progress: Fri, 19 Feb 2016 20:51:37+0100  Submitted:7  Finished successfully:1
Progress: Fri, 19 Feb 2016 20:52:07+0100  Submitted:7  Finished successfully:1
Progress: Fri, 19 Feb 2016 20:52:37+0100  Submitted:7  Finished successfully:1
Progress: Fri, 19 Feb 2016 20:53:07+0100  Submitted:7  Finished successfully:1
Progress: Fri, 19 Feb 2016 20:53:37+0100  Submitted:7  Finished successfully:1
Progress: Fri, 19 Feb 2016 20:54:07+0100  Submitted:7  Finished successfully:1
Progress: Fri, 19 Feb 2016 20:54:37+0100  Submitted:7  Finished successfully:1
Progress: Fri, 19 Feb 2016 20:55:07+0100  Submitted:7  Finished successfully:1
Progress: Fri, 19 Feb 2016 20:55:37+0100  Submitted:7  Finished successfully:1
Progress: Fri, 19 Feb 2016 20:56:07+0100  Submitted:7  Finished successfully:1
Progress: Fri, 19 Feb 2016 20:56:37+0100  Submitted:7  Finished successfully:1
Progress: Fri, 19 Feb 2016 20:57:07+0100  Submitted:7  Finished successfully:1
Progress: Fri, 19 Feb 2016 20:57:37+0100  Submitted:7  Finished successfully:1
Progress: Fri, 19 Feb 2016 20:58:07+0100  Submitted:7  Finished successfully:1
Progress: Fri, 19 Feb 2016 20:58:37+0100  Submitted:7  Finished successfully:1
Progress: Fri, 19 Feb 2016 20:59:07+0100  Submitted:7  Finished successfully:1
Progress: Fri, 19 Feb 2016 20:59:37+0100  Submitted:7  Finished successfully:1
Progress: Fri, 19 Feb 2016 21:00:07+0100  Submitted:7  Finished successfully:1
Progress: Fri, 19 Feb 2016 21:00:37+0100  Submitted:7  Finished successfully:1
Progress: Fri, 19 Feb 2016 21:01:07+0100  Submitted:7  Finished successfully:1
Progress: Fri, 19 Feb 2016 21:01:37+0100  Submitted:7  Finished successfully:1
Progress: Fri, 19 Feb 2016 21:02:07+0100  Submitted:7  Finished successfully:1
Progress: Fri, 19 Feb 2016 21:02:37+0100  Submitted:7  Finished successfully:1
Progress: Fri, 19 Feb 2016 21:03:07+0100  Submitted:7  Finished successfully:1
Progress: Fri, 19 Feb 2016 21:03:25+0100  Active:7  Finished successfully:1
Progress: Fri, 19 Feb 2016 21:03:55+0100  Active:7  Finished successfully:1
Progress: Fri, 19 Feb 2016 21:04:25+0100  Active:7  Finished successfully:1
Progress: Fri, 19 Feb 2016 21:04:55+0100  Active:7  Finished successfully:1
Progress: Fri, 19 Feb 2016 21:05:25+0100  Active:7  Finished successfully:1
Progress: Fri, 19 Feb 2016 21:05:55+0100  Active:7  Finished successfully:1
Progress: Fri, 19 Feb 2016 21:06:25+0100  Active:7  Finished successfully:1
Progress: Fri, 19 Feb 2016 21:06:55+0100  Active:7  Finished successfully:1
Progress: Fri, 19 Feb 2016 21:07:25+0100  Active:7  Finished successfully:1
Progress: Fri, 19 Feb 2016 21:07:55+0100  Active:7  Finished successfully:1
Progress: Fri, 19 Feb 2016 21:08:25+0100  Active:7  Finished successfully:1
Progress: Fri, 19 Feb 2016 21:08:55+0100  Active:7  Finished successfully:1
Progress: Fri, 19 Feb 2016 21:09:25+0100  Active:7  Finished successfully:1
Progress: Fri, 19 Feb 2016 21:09:55+0100  Active:7  Finished successfully:1
Progress: Fri, 19 Feb 2016 21:10:25+0100  Active:7  Finished successfully:1
Progress: Fri, 19 Feb 2016 21:10:55+0100  Active:7  Finished successfully:1
Progress: Fri, 19 Feb 2016 21:11:25+0100  Active:7  Finished successfully:1
Progress: Fri, 19 Feb 2016 21:11:55+0100  Active:7  Finished successfully:1
Progress: Fri, 19 Feb 2016 21:12:25+0100  Active:7  Finished successfully:1
Progress: Fri, 19 Feb 2016 21:12:55+0100  Active:7  Finished successfully:1
Progress: Fri, 19 Feb 2016 21:13:25+0100  Active:7  Finished successfully:1
Progress: Fri, 19 Feb 2016 21:13:55+0100  Active:7  Finished successfully:1
Progress: Fri, 19 Feb 2016 21:14:25+0100  Active:7  Finished successfully:1
Progress: Fri, 19 Feb 2016 21:14:55+0100  Active:7  Finished successfully:1
Progress: Fri, 19 Feb 2016 21:15:25+0100  Active:7  Finished successfully:1
Progress: Fri, 19 Feb 2016 21:15:56+0100  Active:7  Finished successfully:1
Progress: Fri, 19 Feb 2016 21:16:26+0100  Active:7  Finished successfully:1
Progress: Fri, 19 Feb 2016 21:16:56+0100  Active:7  Finished successfully:1
Progress: Fri, 19 Feb 2016 21:17:26+0100  Active:7  Finished successfully:1
Progress: Fri, 19 Feb 2016 21:17:56+0100  Active:7  Finished successfully:1
Final status: Fri, 19 Feb 2016 21:18:26+0100  Finished successfully:8
