Swift 0.96.2 git-rev: b9611649002eecd640fc6c58bbb88cb35ce03539 heads/release-0.96-swift 6287 (modified locally)
RunID: run019
Progress: Mon, 07 Dec 2015 06:13:43+0000
Progress: Mon, 07 Dec 2015 06:13:44+0000  Submitting:128
Progress: Mon, 07 Dec 2015 06:13:55+0000  Submitting:122  Submitted:6
Progress: Mon, 07 Dec 2015 06:14:02+0000  Submitted:128
Progress: Mon, 07 Dec 2015 06:14:13+0000  Stage in:15  Submitted:112  Active:1
Progress: Mon, 07 Dec 2015 06:14:14+0000  Submitted:112  Active:16
Progress: Mon, 07 Dec 2015 06:14:24+0000  Stage in:35  Submitted:72  Active:21
Progress: Mon, 07 Dec 2015 06:14:25+0000  Submitted:72  Active:56
Progress: Mon, 07 Dec 2015 06:14:55+0000  Submitted:72  Active:56
Progress: Mon, 07 Dec 2015 06:15:20+0000  Submitted:56  Active:72
Progress: Mon, 07 Dec 2015 06:15:30+0000  Submitted:40  Active:88
Progress: Mon, 07 Dec 2015 06:15:33+0000  Submitted:24  Active:104
Progress: Mon, 07 Dec 2015 06:15:34+0000  Submitted:8  Active:120
Progress: Mon, 07 Dec 2015 06:15:39+0000  Active:128
Progress: Mon, 07 Dec 2015 06:16:09+0000  Active:128
Progress: Mon, 07 Dec 2015 06:16:39+0000  Active:128
Progress: Mon, 07 Dec 2015 06:17:09+0000  Active:128
Progress: Mon, 07 Dec 2015 06:17:39+0000  Active:128
Progress: Mon, 07 Dec 2015 06:18:09+0000  Active:128
Progress: Mon, 07 Dec 2015 06:18:39+0000  Active:128
Progress: Mon, 07 Dec 2015 06:19:09+0000  Active:128
Progress: Mon, 07 Dec 2015 06:19:39+0000  Active:128
Progress: Mon, 07 Dec 2015 06:20:09+0000  Active:128
Progress: Mon, 07 Dec 2015 06:20:39+0000  Active:128
Progress: Mon, 07 Dec 2015 06:21:09+0000  Active:128
Progress: Mon, 07 Dec 2015 06:21:39+0000  Active:128
Progress: Mon, 07 Dec 2015 06:22:09+0000  Active:128
Progress: Mon, 07 Dec 2015 06:22:39+0000  Active:128
Progress: Mon, 07 Dec 2015 06:23:09+0000  Active:128
Progress: Mon, 07 Dec 2015 06:23:39+0000  Active:128
Progress: Mon, 07 Dec 2015 06:24:09+0000  Active:128
Progress: Mon, 07 Dec 2015 06:24:39+0000  Active:128
Progress: Mon, 07 Dec 2015 06:25:09+0000  Active:128
Progress: Mon, 07 Dec 2015 06:25:39+0000  Active:128
Progress: Mon, 07 Dec 2015 06:26:09+0000  Active:128
Progress: Mon, 07 Dec 2015 06:26:39+0000  Active:128
Progress: Mon, 07 Dec 2015 06:27:09+0000  Active:128
Progress: Mon, 07 Dec 2015 06:27:39+0000  Active:128
Progress: Mon, 07 Dec 2015 06:28:09+0000  Active:128
Progress: Mon, 07 Dec 2015 06:28:39+0000  Active:128
Progress: Mon, 07 Dec 2015 06:29:09+0000  Active:128
Progress: Mon, 07 Dec 2015 06:29:13+0000  Active:121  Stage out:7
Progress: Mon, 07 Dec 2015 06:29:14+0000  Active:112  Finished successfully:16
Progress: Mon, 07 Dec 2015 06:29:24+0000  Active:96  Stage out:12  Finished successfully:20
Progress: Mon, 07 Dec 2015 06:29:25+0000  Active:72  Finished successfully:56
Progress: Mon, 07 Dec 2015 06:29:55+0000  Active:72  Finished successfully:56
Progress: Mon, 07 Dec 2015 06:30:20+0000  Active:56  Finished successfully:72
Progress: Mon, 07 Dec 2015 06:30:30+0000  Active:40  Finished successfully:88
Progress: Mon, 07 Dec 2015 06:30:33+0000  Active:24  Finished successfully:104
Progress: Mon, 07 Dec 2015 06:30:34+0000  Active:8  Finished successfully:120
Final status: Mon, 07 Dec 2015 06:30:39+0000  Finished successfully:128
