Swift 0.96.2 git-rev: b9611649002eecd640fc6c58bbb88cb35ce03539 heads/release-0.96-swift 6287 (modified locally)
RunID: run027
Progress: Mon, 07 Dec 2015 08:32:01+0000
Progress: Mon, 07 Dec 2015 08:32:02+0000  Submitting:8
Progress: Mon, 07 Dec 2015 08:32:19+0000  Submitted:8
Progress: Mon, 07 Dec 2015 08:32:49+0000  Submitted:2  Active:6
Progress: Mon, 07 Dec 2015 08:33:19+0000  Submitted:2  Active:6
Progress: Mon, 07 Dec 2015 08:33:36+0000  Active:8
Progress: Mon, 07 Dec 2015 08:34:06+0000  Active:8
Progress: Mon, 07 Dec 2015 08:34:36+0000  Active:8
Progress: Mon, 07 Dec 2015 08:35:06+0000  Active:8
Progress: Mon, 07 Dec 2015 08:35:36+0000  Active:8
Progress: Mon, 07 Dec 2015 08:36:06+0000  Active:8
Progress: Mon, 07 Dec 2015 08:36:36+0000  Active:8
Progress: Mon, 07 Dec 2015 08:37:06+0000  Active:8
Progress: Mon, 07 Dec 2015 08:37:36+0000  Active:8
Progress: Mon, 07 Dec 2015 08:38:06+0000  Active:8
Progress: Mon, 07 Dec 2015 08:38:36+0000  Active:8
Progress: Mon, 07 Dec 2015 08:39:06+0000  Active:8
Progress: Mon, 07 Dec 2015 08:39:36+0000  Active:8
Progress: Mon, 07 Dec 2015 08:40:06+0000  Active:8
Progress: Mon, 07 Dec 2015 08:40:36+0000  Active:8
Progress: Mon, 07 Dec 2015 08:41:06+0000  Active:8
Progress: Mon, 07 Dec 2015 08:41:36+0000  Active:8
Progress: Mon, 07 Dec 2015 08:42:06+0000  Active:8
Progress: Mon, 07 Dec 2015 08:42:36+0000  Active:8
Progress: Mon, 07 Dec 2015 08:43:06+0000  Active:8
Progress: Mon, 07 Dec 2015 08:43:36+0000  Active:8
Progress: Mon, 07 Dec 2015 08:44:06+0000  Active:8
Progress: Mon, 07 Dec 2015 08:44:36+0000  Active:8
Progress: Mon, 07 Dec 2015 08:45:06+0000  Active:8
Progress: Mon, 07 Dec 2015 08:45:36+0000  Active:8
Progress: Mon, 07 Dec 2015 08:46:06+0000  Active:8
Progress: Mon, 07 Dec 2015 08:46:36+0000  Active:8
Progress: Mon, 07 Dec 2015 08:47:06+0000  Active:8
Progress: Mon, 07 Dec 2015 08:47:36+0000  Active:8
Progress: Mon, 07 Dec 2015 08:47:49+0000  Active:2  Finished successfully:6
Progress: Mon, 07 Dec 2015 08:48:19+0000  Active:2  Finished successfully:6
Final status: Mon, 07 Dec 2015 08:48:36+0000  Finished successfully:8
