Swift 0.96.2 git-rev: b9611649002eecd640fc6c58bbb88cb35ce03539 heads/release-0.96-swift 6287 (modified locally)
RunID: run017
Progress: Mon, 07 Dec 2015 04:24:24+0000
Progress: Mon, 07 Dec 2015 04:24:25+0000  Submitting:2048
Progress: Mon, 07 Dec 2015 04:24:35+0000  Submitting:2043  Submitted:5
Progress: Mon, 07 Dec 2015 04:24:42+0000  Submitted:2048
Progress: Mon, 07 Dec 2015 04:24:56+0000  Submitted:2016  Active:32
Progress: Mon, 07 Dec 2015 04:25:08+0000  Submitted:1952  Active:96
Progress: Mon, 07 Dec 2015 04:25:18+0000  Submitted:1888  Active:160
Progress: Mon, 07 Dec 2015 04:25:25+0000  Stage in:10  Submitted:1872  Active:166
Progress: Mon, 07 Dec 2015 04:25:26+0000  Submitted:1872  Active:176
Progress: Mon, 07 Dec 2015 04:25:28+0000  Stage in:39  Submitted:1824  Active:185
Progress: Mon, 07 Dec 2015 04:25:29+0000  Submitted:1824  Active:224
Progress: Mon, 07 Dec 2015 04:25:40+0000  Stage in:49  Submitted:1760  Active:239
Progress: Mon, 07 Dec 2015 04:25:41+0000  Submitted:1760  Active:288
Progress: Mon, 07 Dec 2015 04:25:51+0000  Stage in:10  Submitted:1750  Active:288
Progress: Mon, 07 Dec 2015 04:25:52+0000  Submitted:1728  Active:320
Progress: Mon, 07 Dec 2015 04:25:55+0000  Submitted:1712  Active:336
Progress: Mon, 07 Dec 2015 04:26:05+0000  Submitted:1680  Active:368
Progress: Mon, 07 Dec 2015 04:26:14+0000  Submitted:1664  Active:384
Progress: Mon, 07 Dec 2015 04:26:15+0000  Submitted:1648  Active:400
Progress: Mon, 07 Dec 2015 04:26:23+0000  Submitted:1632  Active:416
Progress: Mon, 07 Dec 2015 04:26:33+0000  Submitted:1616  Active:432
Progress: Mon, 07 Dec 2015 04:26:35+0000  Submitted:1600  Active:448
Progress: Mon, 07 Dec 2015 04:26:38+0000  Stage in:6  Submitted:1584  Active:458
Progress: Mon, 07 Dec 2015 04:26:39+0000  Submitted:1584  Active:464
Progress: Mon, 07 Dec 2015 04:27:09+0000  Submitted:1584  Active:464
Progress: Mon, 07 Dec 2015 04:27:39+0000  Submitted:1584  Active:464
Progress: Mon, 07 Dec 2015 04:28:09+0000  Submitted:1584  Active:464
Progress: Mon, 07 Dec 2015 04:28:36+0000  Submitted:1552  Active:496
Progress: Mon, 07 Dec 2015 04:29:06+0000  Submitted:1536  Active:512
Progress: Mon, 07 Dec 2015 04:29:36+0000  Submitted:1536  Active:512
Progress: Mon, 07 Dec 2015 04:29:39+0000  Submitted:1504  Active:544
Progress: Mon, 07 Dec 2015 04:29:45+0000  Submitted:1488  Active:560
Progress: Mon, 07 Dec 2015 04:29:46+0000  Submitted:1472  Active:576
Progress: Mon, 07 Dec 2015 04:30:07+0000  Stage in:1  Submitted:1456  Active:591
Progress: Mon, 07 Dec 2015 04:30:08+0000  Submitted:1456  Active:592
Progress: Mon, 07 Dec 2015 04:30:09+0000  Submitted:1424  Active:624
Progress: Mon, 07 Dec 2015 04:30:17+0000  Stage in:1  Submitted:1408  Active:639
Progress: Mon, 07 Dec 2015 04:30:18+0000  Submitted:1408  Active:640
Progress: Mon, 07 Dec 2015 04:30:48+0000  Submitted:1408  Active:640
Progress: Mon, 07 Dec 2015 04:31:18+0000  Submitted:1408  Active:640
Progress: Mon, 07 Dec 2015 04:31:48+0000  Submitted:1408  Active:640
Progress: Mon, 07 Dec 2015 04:32:18+0000  Submitted:1408  Active:640
Progress: Mon, 07 Dec 2015 04:32:48+0000  Submitted:1408  Active:640
Progress: Mon, 07 Dec 2015 04:33:18+0000  Submitted:1408  Active:640
Progress: Mon, 07 Dec 2015 04:33:48+0000  Submitted:1408  Active:640
Progress: Mon, 07 Dec 2015 04:34:18+0000  Submitted:1408  Active:640
Progress: Mon, 07 Dec 2015 04:34:48+0000  Submitted:1408  Active:640
Progress: Mon, 07 Dec 2015 04:35:18+0000  Submitted:1408  Active:640
Progress: Mon, 07 Dec 2015 04:35:48+0000  Submitted:1408  Active:640
Progress: Mon, 07 Dec 2015 04:36:18+0000  Submitted:1408  Active:640
Progress: Mon, 07 Dec 2015 04:36:48+0000  Submitted:1408  Active:640
Progress: Mon, 07 Dec 2015 04:37:18+0000  Submitted:1408  Active:640
Progress: Mon, 07 Dec 2015 04:37:48+0000  Submitted:1408  Active:640
Progress: Mon, 07 Dec 2015 04:38:18+0000  Submitted:1408  Active:640
Progress: Mon, 07 Dec 2015 04:38:48+0000  Submitted:1408  Active:640
Progress: Mon, 07 Dec 2015 04:39:18+0000  Submitted:1408  Active:640
Progress: Mon, 07 Dec 2015 04:39:48+0000  Submitted:1408  Active:640
Progress: Mon, 07 Dec 2015 04:39:56+0000  Submitted:1408  Active:608  Finished successfully:32
Progress: Mon, 07 Dec 2015 04:40:08+0000  Submitted:1408  Active:544  Finished successfully:96
Progress: Mon, 07 Dec 2015 04:40:18+0000  Submitted:1408  Active:480  Stage out:2  Finished successfully:158
Progress: Mon, 07 Dec 2015 04:40:19+0000  Submitted:1408  Active:480  Finished successfully:160
Progress: Mon, 07 Dec 2015 04:40:25+0000  Submitted:1408  Active:464  Stage out:11  Finished successfully:165
Progress: Mon, 07 Dec 2015 04:40:26+0000  Submitted:1408  Active:464  Finished successfully:176
Progress: Mon, 07 Dec 2015 04:40:28+0000  Submitted:1408  Active:451  Stage out:9  Finished successfully:180
Progress: Mon, 07 Dec 2015 04:40:29+0000  Submitted:1408  Active:416  Finished successfully:224
Progress: Mon, 07 Dec 2015 04:40:40+0000  Submitted:1408  Active:399  Stage out:9  Finished successfully:232
Progress: Mon, 07 Dec 2015 04:40:41+0000  Submitted:1408  Active:352  Finished successfully:288
Progress: Mon, 07 Dec 2015 04:40:51+0000  Submitted:1408  Active:351  Stage out:1  Finished successfully:288
Progress: Mon, 07 Dec 2015 04:40:52+0000  Submitted:1408  Active:320  Finished successfully:320
Progress: Mon, 07 Dec 2015 04:40:55+0000  Submitted:1408  Active:304  Finished successfully:336
Progress: Mon, 07 Dec 2015 04:41:05+0000  Submitted:1408  Active:272  Finished successfully:368
Progress: Mon, 07 Dec 2015 04:41:14+0000  Submitted:1408  Active:256  Finished successfully:384
Progress: Mon, 07 Dec 2015 04:41:15+0000  Submitted:1408  Active:240  Finished successfully:400
Progress: Mon, 07 Dec 2015 04:41:23+0000  Submitted:1408  Active:224  Finished successfully:416
Progress: Mon, 07 Dec 2015 04:41:33+0000  Submitted:1408  Active:208  Finished successfully:432
Progress: Mon, 07 Dec 2015 04:41:35+0000  Submitted:1408  Active:192  Finished successfully:448
Progress: Mon, 07 Dec 2015 04:41:38+0000  Submitted:1408  Active:176  Finished successfully:464
Progress: Mon, 07 Dec 2015 04:42:08+0000  Submitted:1408  Active:176  Finished successfully:464
Progress: Mon, 07 Dec 2015 04:42:19+0000  Stage in:31  Submitted:1376  Active:177  Finished successfully:464
Progress: Mon, 07 Dec 2015 04:42:20+0000  Submitted:1376  Active:208  Finished successfully:464
Progress: Mon, 07 Dec 2015 04:42:40+0000  Stage in:39  Submitted:1337  Active:208  Finished successfully:464
Progress: Mon, 07 Dec 2015 04:42:41+0000  Submitted:1312  Active:272  Finished successfully:464
Progress: Mon, 07 Dec 2015 04:42:53+0000  Submitted:1248  Active:336  Finished successfully:464
Progress: Mon, 07 Dec 2015 04:43:01+0000  Submitted:1184  Active:400  Finished successfully:464
Progress: Mon, 07 Dec 2015 04:43:14+0000  Submitted:1120  Active:464  Finished successfully:464
Progress: Mon, 07 Dec 2015 04:43:24+0000  Stage in:16  Submitted:1104  Active:464  Finished successfully:464
Progress: Mon, 07 Dec 2015 04:43:25+0000  Submitted:1088  Active:496  Finished successfully:464
Progress: Mon, 07 Dec 2015 04:43:36+0000  Submitted:1088  Active:464  Finished successfully:496
Progress: Mon, 07 Dec 2015 04:44:06+0000  Submitted:1088  Active:448  Finished successfully:512
Progress: Mon, 07 Dec 2015 04:44:30+0000  Submitted:1072  Active:464  Finished successfully:512
Progress: Mon, 07 Dec 2015 04:44:39+0000  Submitted:1072  Active:432  Finished successfully:544
Progress: Mon, 07 Dec 2015 04:44:40+0000  Submitted:1056  Active:448  Finished successfully:544
Progress: Mon, 07 Dec 2015 04:44:45+0000  Submitted:1056  Active:432  Finished successfully:560
Progress: Mon, 07 Dec 2015 04:44:46+0000  Submitted:1056  Active:416  Finished successfully:576
Progress: Mon, 07 Dec 2015 04:44:50+0000  Submitted:1040  Active:432  Finished successfully:576
Progress: Mon, 07 Dec 2015 04:45:00+0000  Stage in:12  Submitted:1024  Active:436  Finished successfully:576
Progress: Mon, 07 Dec 2015 04:45:01+0000  Submitted:1024  Active:448  Finished successfully:576
Progress: Mon, 07 Dec 2015 04:45:07+0000  Submitted:1008  Active:448  Finished successfully:592
Progress: Mon, 07 Dec 2015 04:45:09+0000  Submitted:1008  Active:416  Finished successfully:624
Progress: Mon, 07 Dec 2015 04:45:17+0000  Submitted:1008  Active:400  Stage out:1  Finished successfully:639
Progress: Mon, 07 Dec 2015 04:45:18+0000  Submitted:1008  Active:400  Finished successfully:640
Progress: Mon, 07 Dec 2015 04:45:20+0000  Submitted:992  Active:416  Finished successfully:640
Progress: Mon, 07 Dec 2015 04:45:27+0000  Submitted:976  Active:432  Finished successfully:640
Progress: Mon, 07 Dec 2015 04:45:28+0000  Stage in:16  Submitted:960  Active:432  Finished successfully:640
Progress: Mon, 07 Dec 2015 04:45:29+0000  Submitted:944  Active:464  Finished successfully:640
Progress: Mon, 07 Dec 2015 04:45:59+0000  Submitted:944  Active:464  Finished successfully:640
Progress: Mon, 07 Dec 2015 04:46:29+0000  Submitted:944  Active:464  Finished successfully:640
Progress: Mon, 07 Dec 2015 04:46:59+0000  Submitted:944  Active:464  Finished successfully:640
Progress: Mon, 07 Dec 2015 04:47:15+0000  Submitted:928  Active:480  Finished successfully:640
Progress: Mon, 07 Dec 2015 04:47:19+0000  Submitted:912  Active:496  Finished successfully:640
Progress: Mon, 07 Dec 2015 04:47:49+0000  Submitted:912  Active:496  Finished successfully:640
Progress: Mon, 07 Dec 2015 04:47:50+0000  Submitted:896  Active:512  Finished successfully:640
Progress: Mon, 07 Dec 2015 04:48:01+0000  Submitted:880  Active:528  Finished successfully:640
Progress: Mon, 07 Dec 2015 04:48:20+0000  Stage in:5  Submitted:848  Active:555  Finished successfully:640
Progress: Mon, 07 Dec 2015 04:48:21+0000  Submitted:848  Active:560  Finished successfully:640
Progress: Mon, 07 Dec 2015 04:48:32+0000  Submitted:832  Active:576  Finished successfully:640
Progress: Mon, 07 Dec 2015 04:48:38+0000  Submitted:816  Active:592  Finished successfully:640
Progress: Mon, 07 Dec 2015 04:48:53+0000  Stage in:2  Submitted:784  Active:622  Finished successfully:640
Progress: Mon, 07 Dec 2015 04:48:54+0000  Submitted:784  Active:624  Finished successfully:640
Progress: Mon, 07 Dec 2015 04:49:05+0000  Stage in:4  Submitted:768  Active:636  Finished successfully:640
Progress: Mon, 07 Dec 2015 04:49:06+0000  Submitted:768  Active:640  Finished successfully:640
Progress: Mon, 07 Dec 2015 04:49:36+0000  Submitted:768  Active:640  Finished successfully:640
Progress: Mon, 07 Dec 2015 04:50:06+0000  Submitted:768  Active:640  Finished successfully:640
Progress: Mon, 07 Dec 2015 04:50:36+0000  Submitted:768  Active:640  Finished successfully:640
Progress: Mon, 07 Dec 2015 04:51:06+0000  Submitted:768  Active:640  Finished successfully:640
Progress: Mon, 07 Dec 2015 04:51:36+0000  Submitted:768  Active:640  Finished successfully:640
Progress: Mon, 07 Dec 2015 04:52:06+0000  Submitted:768  Active:640  Finished successfully:640
Progress: Mon, 07 Dec 2015 04:52:36+0000  Submitted:768  Active:640  Finished successfully:640
Progress: Mon, 07 Dec 2015 04:53:06+0000  Submitted:768  Active:640  Finished successfully:640
Progress: Mon, 07 Dec 2015 04:53:36+0000  Submitted:768  Active:640  Finished successfully:640
Progress: Mon, 07 Dec 2015 04:54:06+0000  Submitted:768  Active:640  Finished successfully:640
Progress: Mon, 07 Dec 2015 04:54:36+0000  Submitted:768  Active:640  Finished successfully:640
Progress: Mon, 07 Dec 2015 04:55:06+0000  Submitted:768  Active:640  Finished successfully:640
Progress: Mon, 07 Dec 2015 04:55:36+0000  Submitted:768  Active:640  Finished successfully:640
Progress: Mon, 07 Dec 2015 04:56:06+0000  Submitted:768  Active:640  Finished successfully:640
Progress: Mon, 07 Dec 2015 04:56:36+0000  Submitted:768  Active:640  Finished successfully:640
Progress: Mon, 07 Dec 2015 04:57:06+0000  Submitted:768  Active:640  Finished successfully:640
Progress: Mon, 07 Dec 2015 04:57:19+0000  Submitted:768  Active:635  Stage out:5  Finished successfully:640
Progress: Mon, 07 Dec 2015 04:57:20+0000  Submitted:768  Active:608  Finished successfully:672
Progress: Mon, 07 Dec 2015 04:57:40+0000  Submitted:768  Active:601  Stage out:7  Finished successfully:672
Progress: Mon, 07 Dec 2015 04:57:41+0000  Submitted:768  Active:544  Finished successfully:736
Progress: Mon, 07 Dec 2015 04:57:53+0000  Submitted:768  Active:480  Finished successfully:800
Progress: Mon, 07 Dec 2015 04:58:01+0000  Submitted:768  Active:416  Stage out:1  Finished successfully:863
Progress: Mon, 07 Dec 2015 04:58:02+0000  Submitted:768  Active:416  Finished successfully:864
Progress: Mon, 07 Dec 2015 04:58:14+0000  Submitted:768  Active:352  Stage out:20  Finished successfully:908
Progress: Mon, 07 Dec 2015 04:58:15+0000  Submitted:768  Active:352  Finished successfully:928
Progress: Mon, 07 Dec 2015 04:58:24+0000  Submitted:768  Active:346  Stage out:6  Finished successfully:928
Progress: Mon, 07 Dec 2015 04:58:25+0000  Submitted:768  Active:320  Finished successfully:960
Progress: Mon, 07 Dec 2015 04:58:55+0000  Submitted:768  Active:320  Finished successfully:960
Progress: Mon, 07 Dec 2015 04:59:25+0000  Submitted:768  Active:320  Finished successfully:960
Progress: Mon, 07 Dec 2015 04:59:30+0000  Submitted:768  Active:304  Finished successfully:976
Progress: Mon, 07 Dec 2015 04:59:39+0000  Stage in:8  Submitted:736  Active:328  Finished successfully:976
Progress: Mon, 07 Dec 2015 04:59:40+0000  Submitted:736  Active:320  Finished successfully:992
Progress: Mon, 07 Dec 2015 04:59:50+0000  Submitted:736  Active:304  Finished successfully:1008
Progress: Mon, 07 Dec 2015 05:00:00+0000  Submitted:736  Active:288  Stage out:6  Finished successfully:1018
Progress: Mon, 07 Dec 2015 05:00:01+0000  Submitted:736  Active:288  Finished successfully:1024
Progress: Mon, 07 Dec 2015 05:00:07+0000  Submitted:736  Active:272  Finished successfully:1040
Progress: Mon, 07 Dec 2015 05:00:08+0000  Stage in:16  Submitted:688  Active:304  Finished successfully:1040
Progress: Mon, 07 Dec 2015 05:00:09+0000  Submitted:688  Active:320  Finished successfully:1040
Progress: Mon, 07 Dec 2015 05:00:19+0000  Stage in:16  Submitted:672  Active:320  Finished successfully:1040
Progress: Mon, 07 Dec 2015 05:00:20+0000  Submitted:672  Active:320  Finished successfully:1056
Progress: Mon, 07 Dec 2015 05:00:27+0000  Submitted:672  Active:304  Finished successfully:1072
Progress: Mon, 07 Dec 2015 05:00:28+0000  Submitted:672  Active:294  Stage out:6  Finished successfully:1076
Progress: Mon, 07 Dec 2015 05:00:29+0000  Stage in:3  Submitted:656  Active:285  Finished successfully:1104
Progress: Mon, 07 Dec 2015 05:00:30+0000  Submitted:608  Active:336  Finished successfully:1104
Progress: Mon, 07 Dec 2015 05:00:40+0000  Submitted:544  Active:400  Finished successfully:1104
Progress: Mon, 07 Dec 2015 05:00:50+0000  Submitted:480  Active:464  Finished successfully:1104
Progress: Mon, 07 Dec 2015 05:00:59+0000  Stage in:8  Submitted:448  Active:488  Finished successfully:1104
Progress: Mon, 07 Dec 2015 05:01:00+0000  Submitted:448  Active:496  Finished successfully:1104
Progress: Mon, 07 Dec 2015 05:01:30+0000  Submitted:448  Active:496  Finished successfully:1104
Progress: Mon, 07 Dec 2015 05:02:00+0000  Submitted:448  Active:496  Finished successfully:1104
Progress: Mon, 07 Dec 2015 05:02:15+0000  Submitted:448  Active:480  Finished successfully:1120
Progress: Mon, 07 Dec 2015 05:02:19+0000  Submitted:448  Active:464  Finished successfully:1136
Progress: Mon, 07 Dec 2015 05:02:49+0000  Submitted:448  Active:464  Finished successfully:1136
Progress: Mon, 07 Dec 2015 05:02:50+0000  Submitted:448  Active:448  Finished successfully:1152
Progress: Mon, 07 Dec 2015 05:03:01+0000  Submitted:448  Active:432  Finished successfully:1168
Progress: Mon, 07 Dec 2015 05:03:20+0000  Submitted:448  Active:400  Finished successfully:1200
Progress: Mon, 07 Dec 2015 05:03:32+0000  Submitted:448  Active:384  Finished successfully:1216
Progress: Mon, 07 Dec 2015 05:03:38+0000  Submitted:448  Active:368  Finished successfully:1232
Progress: Mon, 07 Dec 2015 05:03:52+0000  Submitted:448  Active:363  Stage out:5  Finished successfully:1232
Progress: Mon, 07 Dec 2015 05:03:53+0000  Submitted:448  Active:336  Finished successfully:1264
Progress: Mon, 07 Dec 2015 05:04:05+0000  Submitted:448  Active:320  Finished successfully:1280
Progress: Mon, 07 Dec 2015 05:04:14+0000  Stage in:16  Submitted:432  Active:320  Finished successfully:1280
Progress: Mon, 07 Dec 2015 05:04:15+0000  Submitted:432  Active:336  Finished successfully:1280
Progress: Mon, 07 Dec 2015 05:04:19+0000  Submitted:416  Active:352  Finished successfully:1280
Progress: Mon, 07 Dec 2015 05:04:49+0000  Submitted:416  Active:352  Finished successfully:1280
Progress: Mon, 07 Dec 2015 05:05:19+0000  Submitted:416  Active:352  Finished successfully:1280
Progress: Mon, 07 Dec 2015 05:05:49+0000  Submitted:416  Active:352  Finished successfully:1280
Progress: Mon, 07 Dec 2015 05:05:56+0000  Stage in:6  Submitted:400  Active:362  Finished successfully:1280
Progress: Mon, 07 Dec 2015 05:05:57+0000  Submitted:384  Active:384  Finished successfully:1280
Progress: Mon, 07 Dec 2015 05:06:14+0000  Submitted:352  Active:416  Finished successfully:1280
Progress: Mon, 07 Dec 2015 05:06:15+0000  Submitted:336  Active:432  Finished successfully:1280
Progress: Mon, 07 Dec 2015 05:06:34+0000  Stage in:6  Submitted:304  Active:458  Finished successfully:1280
Progress: Mon, 07 Dec 2015 05:06:35+0000  Submitted:256  Active:512  Finished successfully:1280
Progress: Mon, 07 Dec 2015 05:06:36+0000  Submitted:240  Active:528  Finished successfully:1280
Progress: Mon, 07 Dec 2015 05:06:50+0000  Submitted:224  Active:544  Finished successfully:1280
Progress: Mon, 07 Dec 2015 05:07:20+0000  Submitted:224  Active:544  Finished successfully:1280
Progress: Mon, 07 Dec 2015 05:07:50+0000  Submitted:224  Active:544  Finished successfully:1280
Progress: Mon, 07 Dec 2015 05:08:20+0000  Submitted:224  Active:544  Finished successfully:1280
Progress: Mon, 07 Dec 2015 05:08:50+0000  Submitted:224  Active:544  Finished successfully:1280
Progress: Mon, 07 Dec 2015 05:09:20+0000  Submitted:224  Active:544  Finished successfully:1280
Progress: Mon, 07 Dec 2015 05:09:50+0000  Submitted:224  Active:544  Finished successfully:1280
Progress: Mon, 07 Dec 2015 05:10:21+0000  Submitted:224  Active:544  Finished successfully:1280
Progress: Mon, 07 Dec 2015 05:10:51+0000  Submitted:224  Active:544  Finished successfully:1280
Progress: Mon, 07 Dec 2015 05:11:21+0000  Submitted:224  Active:544  Finished successfully:1280
Progress: Mon, 07 Dec 2015 05:11:51+0000  Submitted:224  Active:544  Finished successfully:1280
Progress: Mon, 07 Dec 2015 05:12:21+0000  Submitted:224  Active:544  Finished successfully:1280
Progress: Mon, 07 Dec 2015 05:12:51+0000  Submitted:224  Active:544  Finished successfully:1280
Progress: Mon, 07 Dec 2015 05:13:21+0000  Submitted:224  Active:544  Finished successfully:1280
Progress: Mon, 07 Dec 2015 05:13:51+0000  Submitted:224  Active:544  Finished successfully:1280
Progress: Mon, 07 Dec 2015 05:14:21+0000  Submitted:224  Active:544  Finished successfully:1280
Progress: Mon, 07 Dec 2015 05:14:40+0000  Submitted:224  Active:524  Stage out:3  Finished successfully:1297
Progress: Mon, 07 Dec 2015 05:14:41+0000  Submitted:224  Active:512  Finished successfully:1312
Progress: Mon, 07 Dec 2015 05:15:09+0000  Submitted:224  Active:475  Stage out:17  Finished successfully:1332
Progress: Mon, 07 Dec 2015 05:15:10+0000  Submitted:224  Active:464  Finished successfully:1360
Progress: Mon, 07 Dec 2015 05:15:20+0000  Submitted:224  Active:458  Stage out:6  Finished successfully:1360
Progress: Mon, 07 Dec 2015 05:15:21+0000  Submitted:224  Active:448  Finished successfully:1376
Progress: Mon, 07 Dec 2015 05:15:30+0000  Submitted:224  Active:432  Stage out:10  Finished successfully:1382
Progress: Mon, 07 Dec 2015 05:15:31+0000  Submitted:224  Active:384  Finished successfully:1440
Progress: Mon, 07 Dec 2015 05:15:40+0000  Submitted:224  Active:383  Stage out:1  Finished successfully:1440
Progress: Mon, 07 Dec 2015 05:15:41+0000  Submitted:224  Active:320  Finished successfully:1504
Progress: Mon, 07 Dec 2015 05:15:51+0000  Submitted:224  Active:256  Finished successfully:1568
Progress: Mon, 07 Dec 2015 05:16:00+0000  Submitted:224  Active:226  Stage out:12  Finished successfully:1586
Progress: Mon, 07 Dec 2015 05:16:01+0000  Submitted:224  Active:224  Finished successfully:1600
Progress: Mon, 07 Dec 2015 05:16:31+0000  Submitted:224  Active:224  Finished successfully:1600
Progress: Mon, 07 Dec 2015 05:17:01+0000  Submitted:224  Active:224  Finished successfully:1600
Progress: Mon, 07 Dec 2015 05:17:31+0000  Submitted:224  Active:224  Finished successfully:1600
Progress: Mon, 07 Dec 2015 05:18:01+0000  Submitted:224  Active:224  Finished successfully:1600
Progress: Mon, 07 Dec 2015 05:18:31+0000  Submitted:224  Active:224  Finished successfully:1600
Progress: Mon, 07 Dec 2015 05:19:01+0000  Submitted:224  Active:224  Finished successfully:1600
Progress: Mon, 07 Dec 2015 05:19:15+0000  Submitted:224  Active:213  Stage out:11  Finished successfully:1600
Progress: Mon, 07 Dec 2015 05:19:16+0000  Submitted:224  Active:208  Finished successfully:1616
Progress: Mon, 07 Dec 2015 05:19:20+0000  Submitted:224  Active:192  Finished successfully:1632
Progress: Mon, 07 Dec 2015 05:19:50+0000  Submitted:224  Active:192  Finished successfully:1632
Progress: Mon, 07 Dec 2015 05:20:20+0000  Submitted:224  Active:192  Finished successfully:1632
Progress: Mon, 07 Dec 2015 05:20:50+0000  Submitted:224  Active:192  Finished successfully:1632
Progress: Mon, 07 Dec 2015 05:20:57+0000  Submitted:224  Active:167  Stage out:10  Finished successfully:1647
Progress: Mon, 07 Dec 2015 05:20:58+0000  Submitted:224  Active:160  Finished successfully:1664
Progress: Mon, 07 Dec 2015 05:21:15+0000  Submitted:224  Active:117  Stage out:11  Finished successfully:1696
Progress: Mon, 07 Dec 2015 05:21:16+0000  Submitted:224  Active:112  Finished successfully:1712
Progress: Mon, 07 Dec 2015 05:21:17+0000  Stage in:42  Submitted:176  Active:118  Finished successfully:1712
Progress: Mon, 07 Dec 2015 05:21:18+0000  Submitted:176  Active:160  Finished successfully:1712
Progress: Mon, 07 Dec 2015 05:21:20+0000  Stage in:12  Submitted:164  Active:160  Finished successfully:1712
Progress: Mon, 07 Dec 2015 05:21:21+0000  Submitted:160  Active:176  Finished successfully:1712
Progress: Mon, 07 Dec 2015 05:21:33+0000  Submitted:153  Active:183  Finished successfully:1712
Progress: Mon, 07 Dec 2015 05:21:35+0000  Submitted:153  Active:137  Stage out:14  Finished successfully:1744
Progress: Mon, 07 Dec 2015 05:21:36+0000  Submitted:153  Active:103  Finished successfully:1792
Progress: Mon, 07 Dec 2015 05:21:37+0000  Submitted:153  Active:87  Finished successfully:1808
Progress: Mon, 07 Dec 2015 05:21:51+0000  Submitted:153  Active:71  Finished successfully:1824
Progress: Mon, 07 Dec 2015 05:22:21+0000  Submitted:153  Active:71  Finished successfully:1824
Progress: Mon, 07 Dec 2015 05:22:51+0000  Submitted:153  Active:71  Finished successfully:1824
Progress: Mon, 07 Dec 2015 05:23:21+0000  Submitted:153  Active:71  Finished successfully:1824
Progress: Mon, 07 Dec 2015 05:23:51+0000  Submitted:153  Active:71  Finished successfully:1824
Progress: Mon, 07 Dec 2015 05:24:21+0000  Submitted:153  Active:71  Finished successfully:1824
Progress: Mon, 07 Dec 2015 05:24:51+0000  Submitted:153  Active:71  Finished successfully:1824
Progress: Mon, 07 Dec 2015 05:25:21+0000  Submitted:153  Active:71  Finished successfully:1824
Progress: Mon, 07 Dec 2015 05:25:51+0000  Submitted:153  Active:71  Finished successfully:1824
Progress: Mon, 07 Dec 2015 05:26:21+0000  Submitted:153  Active:71  Finished successfully:1824
Progress: Mon, 07 Dec 2015 05:26:51+0000  Submitted:153  Active:71  Finished successfully:1824
Progress: Mon, 07 Dec 2015 05:27:21+0000  Submitted:153  Active:71  Finished successfully:1824
Progress: Mon, 07 Dec 2015 05:27:51+0000  Submitted:153  Active:71  Finished successfully:1824
Progress: Mon, 07 Dec 2015 05:28:21+0000  Submitted:153  Active:71  Finished successfully:1824
Progress: Mon, 07 Dec 2015 05:28:51+0000  Submitted:153  Active:71  Finished successfully:1824
Progress: Mon, 07 Dec 2015 05:29:21+0000  Submitted:153  Active:71  Finished successfully:1824
Progress: Mon, 07 Dec 2015 05:29:51+0000  Submitted:153  Active:71  Finished successfully:1824
Progress: Mon, 07 Dec 2015 05:30:21+0000  Submitted:153  Active:71  Finished successfully:1824
Progress: Mon, 07 Dec 2015 05:30:51+0000  Submitted:153  Active:71  Finished successfully:1824
Progress: Mon, 07 Dec 2015 05:31:21+0000  Submitted:153  Active:71  Finished successfully:1824
Progress: Mon, 07 Dec 2015 05:31:51+0000  Submitted:153  Active:71  Finished successfully:1824
Progress: Mon, 07 Dec 2015 05:32:21+0000  Submitted:153  Active:71  Finished successfully:1824
Progress: Mon, 07 Dec 2015 05:32:51+0000  Submitted:153  Active:71  Finished successfully:1824
Progress: Mon, 07 Dec 2015 05:33:21+0000  Submitted:153  Active:71  Finished successfully:1824
Progress: Mon, 07 Dec 2015 05:33:51+0000  Submitted:153  Active:71  Finished successfully:1824
Progress: Mon, 07 Dec 2015 05:34:21+0000  Submitted:153  Active:71  Finished successfully:1824
Progress: Mon, 07 Dec 2015 05:34:51+0000  Submitted:153  Active:71  Finished successfully:1824
Progress: Mon, 07 Dec 2015 05:34:59+0000  Submitted:137  Active:87  Finished successfully:1824
Progress: Mon, 07 Dec 2015 05:35:29+0000  Submitted:137  Active:87  Finished successfully:1824
Progress: Mon, 07 Dec 2015 05:35:34+0000  Submitted:121  Active:103  Finished successfully:1824
Progress: Mon, 07 Dec 2015 05:36:04+0000  Submitted:121  Active:103  Finished successfully:1824
Progress: Mon, 07 Dec 2015 05:36:17+0000  Submitted:121  Active:86  Stage out:11  Finished successfully:1830
Progress: Mon, 07 Dec 2015 05:36:18+0000  Submitted:121  Active:55  Finished successfully:1872
Progress: Mon, 07 Dec 2015 05:36:20+0000  Submitted:121  Active:54  Stage out:1  Finished successfully:1872
Progress: Mon, 07 Dec 2015 05:36:21+0000  Submitted:121  Active:39  Finished successfully:1888
Progress: Mon, 07 Dec 2015 05:36:33+0000  Submitted:121  Active:32  Finished successfully:1895
Progress: Mon, 07 Dec 2015 05:37:03+0000  Submitted:121  Active:32  Finished successfully:1895
Progress: Mon, 07 Dec 2015 05:37:06+0000  Submitted:105  Active:48  Finished successfully:1895
Progress: Mon, 07 Dec 2015 05:37:36+0000  Submitted:105  Active:48  Finished successfully:1895
Progress: Mon, 07 Dec 2015 05:38:06+0000  Submitted:105  Active:48  Finished successfully:1895
Progress: Mon, 07 Dec 2015 05:38:14+0000  Submitted:89  Active:64  Finished successfully:1895
Progress: Mon, 07 Dec 2015 05:38:16+0000  Submitted:73  Active:80  Finished successfully:1895
Progress: Mon, 07 Dec 2015 05:38:20+0000  Submitted:57  Active:96  Finished successfully:1895
Progress: Mon, 07 Dec 2015 05:38:49+0000  Stage in:8  Submitted:25  Active:120  Finished successfully:1895
Progress: Mon, 07 Dec 2015 05:38:50+0000  Submitted:25  Active:128  Finished successfully:1895
Progress: Mon, 07 Dec 2015 05:39:20+0000  Submitted:25  Active:128  Finished successfully:1895
Progress: Mon, 07 Dec 2015 05:39:50+0000  Submitted:25  Active:128  Finished successfully:1895
Progress: Mon, 07 Dec 2015 05:40:20+0000  Submitted:25  Active:128  Finished successfully:1895
Progress: Mon, 07 Dec 2015 05:40:25+0000  Active:153  Finished successfully:1895
Progress: Mon, 07 Dec 2015 05:40:55+0000  Active:153  Finished successfully:1895
Progress: Mon, 07 Dec 2015 05:41:25+0000  Active:153  Finished successfully:1895
Progress: Mon, 07 Dec 2015 05:41:55+0000  Active:153  Finished successfully:1895
Progress: Mon, 07 Dec 2015 05:42:25+0000  Active:153  Finished successfully:1895
Progress: Mon, 07 Dec 2015 05:42:55+0000  Active:153  Finished successfully:1895
Progress: Mon, 07 Dec 2015 05:43:25+0000  Active:153  Finished successfully:1895
Progress: Mon, 07 Dec 2015 05:43:55+0000  Active:153  Finished successfully:1895
Progress: Mon, 07 Dec 2015 05:44:25+0000  Active:153  Finished successfully:1895
Progress: Mon, 07 Dec 2015 05:44:55+0000  Active:153  Finished successfully:1895
Progress: Mon, 07 Dec 2015 05:45:25+0000  Active:153  Finished successfully:1895
Progress: Mon, 07 Dec 2015 05:45:55+0000  Active:153  Finished successfully:1895
Progress: Mon, 07 Dec 2015 05:46:25+0000  Active:153  Finished successfully:1895
Progress: Mon, 07 Dec 2015 05:46:55+0000  Active:153  Finished successfully:1895
Progress: Mon, 07 Dec 2015 05:47:25+0000  Active:153  Finished successfully:1895
Progress: Mon, 07 Dec 2015 05:47:55+0000  Active:153  Finished successfully:1895
Progress: Mon, 07 Dec 2015 05:48:25+0000  Active:153  Finished successfully:1895
Progress: Mon, 07 Dec 2015 05:48:55+0000  Active:153  Finished successfully:1895
Progress: Mon, 07 Dec 2015 05:49:25+0000  Active:153  Finished successfully:1895
Progress: Mon, 07 Dec 2015 05:49:55+0000  Active:153  Finished successfully:1895
Progress: Mon, 07 Dec 2015 05:49:59+0000  Active:137  Finished successfully:1911
Progress: Mon, 07 Dec 2015 05:50:29+0000  Active:137  Finished successfully:1911
Progress: Mon, 07 Dec 2015 05:50:34+0000  Active:121  Finished successfully:1927
Progress: Mon, 07 Dec 2015 05:51:04+0000  Active:121  Finished successfully:1927
Progress: Mon, 07 Dec 2015 05:51:34+0000  Active:121  Finished successfully:1927
Progress: Mon, 07 Dec 2015 05:52:04+0000  Active:121  Finished successfully:1927
Progress: Mon, 07 Dec 2015 05:52:06+0000  Active:105  Finished successfully:1943
Progress: Mon, 07 Dec 2015 05:52:36+0000  Active:105  Finished successfully:1943
Progress: Mon, 07 Dec 2015 05:53:06+0000  Active:105  Finished successfully:1943
Progress: Mon, 07 Dec 2015 05:53:14+0000  Active:89  Finished successfully:1959
Progress: Mon, 07 Dec 2015 05:53:16+0000  Active:73  Finished successfully:1975
Progress: Mon, 07 Dec 2015 05:53:20+0000  Active:57  Finished successfully:1991
Progress: Mon, 07 Dec 2015 05:53:49+0000  Active:25  Finished successfully:2023
Progress: Mon, 07 Dec 2015 05:54:19+0000  Active:25  Finished successfully:2023
Progress: Mon, 07 Dec 2015 05:54:49+0000  Active:25  Finished successfully:2023
Progress: Mon, 07 Dec 2015 05:55:19+0000  Active:25  Finished successfully:2023
Final status: Mon, 07 Dec 2015 05:55:25+0000  Finished successfully:2048
Swift did not shut down 10 seconds after the run completed


Waiting JVM threads:
	Thread "I/O Queue" (0x00000045) TIMED_WAITING
		waiting for org.globus.cog.abstraction.impl.file.coaster.buffers.Buffers (0x3b204ae6)
	Stack trace:
		java.lang.Object.wait
		org.globus.cog.abstraction.impl.file.coaster.buffers.Buffers.run:215

	Thread "I/O Queue" (0x00000044) TIMED_WAITING
		waiting for org.globus.cog.abstraction.impl.file.coaster.buffers.Buffers (0x0ec0978d)
	Stack trace:
		java.lang.Object.wait
		org.globus.cog.abstraction.impl.file.coaster.buffers.Buffers.run:215

	Thread "Sender GSSChannel" (0x00000043) WAITING
		waiting for java.util.concurrent.locks.AbstractQueuedSynchronizer$ConditionObject (0x24267f96)
	Stack trace:
		sun.misc.Unsafe.park
		java.util.concurrent.locks.LockSupport.park:186
		java.util.concurrent.locks.AbstractQueuedSynchronizer$ConditionObject.await:2043
		java.util.concurrent.LinkedBlockingQueue.take:442
		org.globus.cog.coaster.channels.Sender.run:75

	Thread "Timer-1" (0x00000042) TIMED_WAITING
		waiting for java.util.TaskQueue (0x5b826364)
	Stack trace:
		java.lang.Object.wait
		java.util.TimerThread.mainLoop:552
		java.util.TimerThread.run:505

	Thread "Channel multiplexer 1" (0x00000041) TIMED_WAITING
	Stack trace:
		java.lang.Thread.sleep
		org.globus.cog.coaster.channels.Multiplexer.run:132

	Thread "Channel multiplexer 0" (0x00000040) TIMED_WAITING
	Stack trace:
		java.lang.Thread.sleep
		org.globus.cog.coaster.channels.Multiplexer.run:132

	Thread "pool-3-thread-4" (0x0000003d) TIMED_WAITING
	Synchronizers held:
		java.util.concurrent.ThreadPoolExecutor$Worker (0x51c90acb)
	Stack trace:
		java.lang.Thread.sleep
		org.globus.cog.abstraction.impl.execution.local.JobSubmissionTaskHandler$Processor.run2:658
		org.globus.cog.abstraction.impl.execution.local.JobSubmissionTaskHandler$Processor.run:625
		java.util.concurrent.ThreadPoolExecutor.runWorker:1145
		java.util.concurrent.ThreadPoolExecutor$Worker.run:615
		java.lang.Thread.run:745

	Thread "pool-3-thread-3" (0x0000003c) TIMED_WAITING
	Synchronizers held:
		java.util.concurrent.ThreadPoolExecutor$Worker (0x5bdfcc0e)
	Stack trace:
		java.lang.Thread.sleep
		org.globus.cog.abstraction.impl.execution.local.JobSubmissionTaskHandler$Processor.run2:658
		org.globus.cog.abstraction.impl.execution.local.JobSubmissionTaskHandler$Processor.run:625
		java.util.concurrent.ThreadPoolExecutor.runWorker:1145
		java.util.concurrent.ThreadPoolExecutor$Worker.run:615
		java.lang.Thread.run:745

	Thread "pool-3-thread-2" (0x0000003b) WAITING
		waiting for org.globus.cog.abstraction.impl.execution.local.JobSubmissionTaskHandler$Processor (0x4d4b692b)
	Synchronizers held:
		java.util.concurrent.ThreadPoolExecutor$Worker (0x41db0032)
	Stack trace:
		java.lang.Object.wait
		java.lang.Object.wait:503
		org.globus.cog.abstraction.impl.execution.local.JobSubmissionTaskHandler$Processor.waitFor:699
		org.globus.cog.abstraction.impl.execution.local.JobSubmissionTaskHandler.run:241
		java.util.concurrent.Executors$RunnableAdapter.call:471
		java.util.concurrent.FutureTask.run:262
		java.util.concurrent.ThreadPoolExecutor.runWorker:1145
		java.util.concurrent.ThreadPoolExecutor$Worker.run:615
		java.lang.Thread.run:745

	Thread "pool-3-thread-1" (0x0000003a) WAITING
		waiting for org.globus.cog.abstraction.impl.execution.local.JobSubmissionTaskHandler$Processor (0x11e5adb2)
	Synchronizers held:
		java.util.concurrent.ThreadPoolExecutor$Worker (0x39958a9f)
	Stack trace:
		java.lang.Object.wait
		java.lang.Object.wait:503
		org.globus.cog.abstraction.impl.execution.local.JobSubmissionTaskHandler$Processor.waitFor:699
		org.globus.cog.abstraction.impl.execution.local.JobSubmissionTaskHandler.run:241
		java.util.concurrent.Executors$RunnableAdapter.call:471
		java.util.concurrent.FutureTask.run:262
		java.util.concurrent.ThreadPoolExecutor.runWorker:1145
		java.util.concurrent.ThreadPoolExecutor$Worker.run:615
		java.lang.Thread.run:745

	Thread "NBS11" (0x00000034) WAITING
		waiting for java.util.concurrent.locks.AbstractQueuedSynchronizer$ConditionObject (0x56676a3f)
	Stack trace:
		sun.misc.Unsafe.park
		java.util.concurrent.locks.LockSupport.park:186
		java.util.concurrent.locks.AbstractQueuedSynchronizer$ConditionObject.await:2043
		java.util.concurrent.LinkedBlockingQueue.take:442
		java.util.concurrent.ThreadPoolExecutor.getTask:1068
		java.util.concurrent.ThreadPoolExecutor.runWorker:1130
		java.util.concurrent.ThreadPoolExecutor$Worker.run:615
		java.lang.Thread.run:745

	Thread "NBS10" (0x00000033) WAITING
		waiting for java.util.concurrent.locks.AbstractQueuedSynchronizer$ConditionObject (0x56676a3f)
	Stack trace:
		sun.misc.Unsafe.park
		java.util.concurrent.locks.LockSupport.park:186
		java.util.concurrent.locks.AbstractQueuedSynchronizer$ConditionObject.await:2043
		java.util.concurrent.LinkedBlockingQueue.take:442
		java.util.concurrent.ThreadPoolExecutor.getTask:1068
		java.util.concurrent.ThreadPoolExecutor.runWorker:1130
		java.util.concurrent.ThreadPoolExecutor$Worker.run:615
		java.lang.Thread.run:745

	Thread "NBS9" (0x00000032) WAITING
		waiting for java.util.concurrent.locks.AbstractQueuedSynchronizer$ConditionObject (0x56676a3f)
	Stack trace:
		sun.misc.Unsafe.park
		java.util.concurrent.locks.LockSupport.park:186
		java.util.concurrent.locks.AbstractQueuedSynchronizer$ConditionObject.await:2043
		java.util.concurrent.LinkedBlockingQueue.take:442
		java.util.concurrent.ThreadPoolExecutor.getTask:1068
		java.util.concurrent.ThreadPoolExecutor.runWorker:1130
		java.util.concurrent.ThreadPoolExecutor$Worker.run:615
		java.lang.Thread.run:745

	Thread "NBS8" (0x00000031) WAITING
		waiting for java.util.concurrent.locks.AbstractQueuedSynchronizer$ConditionObject (0x56676a3f)
	Stack trace:
		sun.misc.Unsafe.park
		java.util.concurrent.locks.LockSupport.park:186
		java.util.concurrent.locks.AbstractQueuedSynchronizer$ConditionObject.await:2043
		java.util.concurrent.LinkedBlockingQueue.take:442
		java.util.concurrent.ThreadPoolExecutor.getTask:1068
		java.util.concurrent.ThreadPoolExecutor.runWorker:1130
		java.util.concurrent.ThreadPoolExecutor$Worker.run:615
		java.lang.Thread.run:745

	Thread "NBS7" (0x00000030) WAITING
		waiting for java.util.concurrent.locks.AbstractQueuedSynchronizer$ConditionObject (0x56676a3f)
	Stack trace:
		sun.misc.Unsafe.park
		java.util.concurrent.locks.LockSupport.park:186
		java.util.concurrent.locks.AbstractQueuedSynchronizer$ConditionObject.await:2043
		java.util.concurrent.LinkedBlockingQueue.take:442
		java.util.concurrent.ThreadPoolExecutor.getTask:1068
		java.util.concurrent.ThreadPoolExecutor.runWorker:1130
		java.util.concurrent.ThreadPoolExecutor$Worker.run:615
		java.lang.Thread.run:745

	Thread "NBS6" (0x0000002f) WAITING
		waiting for java.util.concurrent.locks.AbstractQueuedSynchronizer$ConditionObject (0x56676a3f)
	Stack trace:
		sun.misc.Unsafe.park
		java.util.concurrent.locks.LockSupport.park:186
		java.util.concurrent.locks.AbstractQueuedSynchronizer$ConditionObject.await:2043
		java.util.concurrent.LinkedBlockingQueue.take:442
		java.util.concurrent.ThreadPoolExecutor.getTask:1068
		java.util.concurrent.ThreadPoolExecutor.runWorker:1130
		java.util.concurrent.ThreadPoolExecutor$Worker.run:615
		java.lang.Thread.run:745

	Thread "NBS5" (0x0000002e) WAITING
		waiting for java.util.concurrent.locks.AbstractQueuedSynchronizer$ConditionObject (0x56676a3f)
	Stack trace:
		sun.misc.Unsafe.park
		java.util.concurrent.locks.LockSupport.park:186
		java.util.concurrent.locks.AbstractQueuedSynchronizer$ConditionObject.await:2043
		java.util.concurrent.LinkedBlockingQueue.take:442
		java.util.concurrent.ThreadPoolExecutor.getTask:1068
		java.util.concurrent.ThreadPoolExecutor.runWorker:1130
		java.util.concurrent.ThreadPoolExecutor$Worker.run:615
		java.lang.Thread.run:745

	Thread "NBS4" (0x0000002d) WAITING
		waiting for java.util.concurrent.locks.AbstractQueuedSynchronizer$ConditionObject (0x56676a3f)
	Stack trace:
		sun.misc.Unsafe.park
		java.util.concurrent.locks.LockSupport.park:186
		java.util.concurrent.locks.AbstractQueuedSynchronizer$ConditionObject.await:2043
		java.util.concurrent.LinkedBlockingQueue.take:442
		java.util.concurrent.ThreadPoolExecutor.getTask:1068
		java.util.concurrent.ThreadPoolExecutor.runWorker:1130
		java.util.concurrent.ThreadPoolExecutor$Worker.run:615
		java.lang.Thread.run:745

	Thread "NBS3" (0x0000002c) WAITING
		waiting for java.util.concurrent.locks.AbstractQueuedSynchronizer$ConditionObject (0x56676a3f)
	Stack trace:
		sun.misc.Unsafe.park
		java.util.concurrent.locks.LockSupport.park:186
		java.util.concurrent.locks.AbstractQueuedSynchronizer$ConditionObject.await:2043
		java.util.concurrent.LinkedBlockingQueue.take:442
		java.util.concurrent.ThreadPoolExecutor.getTask:1068
		java.util.concurrent.ThreadPoolExecutor.runWorker:1130
		java.util.concurrent.ThreadPoolExecutor$Worker.run:615
		java.lang.Thread.run:745

	Thread "pool-1-thread-24" (0x0000002b) WAITING
		waiting for java.util.concurrent.locks.AbstractQueuedSynchronizer$ConditionObject (0x1f707a6a)
	Stack trace:
		sun.misc.Unsafe.park
		java.util.concurrent.locks.LockSupport.park:186
		java.util.concurrent.locks.AbstractQueuedSynchronizer$ConditionObject.await:2043
		java.util.concurrent.LinkedBlockingQueue.take:442
		java.util.concurrent.ThreadPoolExecutor.getTask:1068
		java.util.concurrent.ThreadPoolExecutor.runWorker:1130
		java.util.concurrent.ThreadPoolExecutor$Worker.run:615
		java.lang.Thread.run:745

	Thread "pool-1-thread-23" (0x0000002a) WAITING
		waiting for java.util.concurrent.locks.AbstractQueuedSynchronizer$ConditionObject (0x1f707a6a)
	Stack trace:
		sun.misc.Unsafe.park
		java.util.concurrent.locks.LockSupport.park:186
		java.util.concurrent.locks.AbstractQueuedSynchronizer$ConditionObject.await:2043
		java.util.concurrent.LinkedBlockingQueue.take:442
		java.util.concurrent.ThreadPoolExecutor.getTask:1068
		java.util.concurrent.ThreadPoolExecutor.runWorker:1130
		java.util.concurrent.ThreadPoolExecutor$Worker.run:615
		java.lang.Thread.run:745

	Thread "pool-1-thread-22" (0x00000029) WAITING
		waiting for java.util.concurrent.locks.AbstractQueuedSynchronizer$ConditionObject (0x1f707a6a)
	Stack trace:
		sun.misc.Unsafe.park
		java.util.concurrent.locks.LockSupport.park:186
		java.util.concurrent.locks.AbstractQueuedSynchronizer$ConditionObject.await:2043
		java.util.concurrent.LinkedBlockingQueue.take:442
		java.util.concurrent.ThreadPoolExecutor.getTask:1068
		java.util.concurrent.ThreadPoolExecutor.runWorker:1130
		java.util.concurrent.ThreadPoolExecutor$Worker.run:615
		java.lang.Thread.run:745

	Thread "pool-1-thread-21" (0x00000028) WAITING
		waiting for java.util.concurrent.locks.AbstractQueuedSynchronizer$ConditionObject (0x1f707a6a)
	Stack trace:
		sun.misc.Unsafe.park
		java.util.concurrent.locks.LockSupport.park:186
		java.util.concurrent.locks.AbstractQueuedSynchronizer$ConditionObject.await:2043
		java.util.concurrent.LinkedBlockingQueue.take:442
		java.util.concurrent.ThreadPoolExecutor.getTask:1068
		java.util.concurrent.ThreadPoolExecutor.runWorker:1130
		java.util.concurrent.ThreadPoolExecutor$Worker.run:615
		java.lang.Thread.run:745

	Thread "pool-1-thread-20" (0x00000027) WAITING
		waiting for java.util.concurrent.locks.AbstractQueuedSynchronizer$ConditionObject (0x1f707a6a)
	Stack trace:
		sun.misc.Unsafe.park
		java.util.concurrent.locks.LockSupport.park:186
		java.util.concurrent.locks.AbstractQueuedSynchronizer$ConditionObject.await:2043
		java.util.concurrent.LinkedBlockingQueue.take:442
		java.util.concurrent.ThreadPoolExecutor.getTask:1068
		java.util.concurrent.ThreadPoolExecutor.runWorker:1130
		java.util.concurrent.ThreadPoolExecutor$Worker.run:615
		java.lang.Thread.run:745

	Thread "pool-1-thread-19" (0x00000026) WAITING
		waiting for java.util.concurrent.locks.AbstractQueuedSynchronizer$ConditionObject (0x1f707a6a)
	Stack trace:
		sun.misc.Unsafe.park
		java.util.concurrent.locks.LockSupport.park:186
		java.util.concurrent.locks.AbstractQueuedSynchronizer$ConditionObject.await:2043
		java.util.concurrent.LinkedBlockingQueue.take:442
		java.util.concurrent.ThreadPoolExecutor.getTask:1068
		java.util.concurrent.ThreadPoolExecutor.runWorker:1130
		java.util.concurrent.ThreadPoolExecutor$Worker.run:615
		java.lang.Thread.run:745

	Thread "pool-1-thread-18" (0x00000025) WAITING
		waiting for java.util.concurrent.locks.AbstractQueuedSynchronizer$ConditionObject (0x1f707a6a)
	Stack trace:
		sun.misc.Unsafe.park
		java.util.concurrent.locks.LockSupport.park:186
		java.util.concurrent.locks.AbstractQueuedSynchronizer$ConditionObject.await:2043
		java.util.concurrent.LinkedBlockingQueue.take:442
		java.util.concurrent.ThreadPoolExecutor.getTask:1068
		java.util.concurrent.ThreadPoolExecutor.runWorker:1130
		java.util.concurrent.ThreadPoolExecutor$Worker.run:615
		java.lang.Thread.run:745

	Thread "pool-1-thread-17" (0x00000024) WAITING
		waiting for java.util.concurrent.locks.AbstractQueuedSynchronizer$ConditionObject (0x1f707a6a)
	Stack trace:
		sun.misc.Unsafe.park
		java.util.concurrent.locks.LockSupport.park:186
		java.util.concurrent.locks.AbstractQueuedSynchronizer$ConditionObject.await:2043
		java.util.concurrent.LinkedBlockingQueue.take:442
		java.util.concurrent.ThreadPoolExecutor.getTask:1068
		java.util.concurrent.ThreadPoolExecutor.runWorker:1130
		java.util.concurrent.ThreadPoolExecutor$Worker.run:615
		java.lang.Thread.run:745

	Thread "pool-1-thread-16" (0x00000023) WAITING
		waiting for java.util.concurrent.locks.AbstractQueuedSynchronizer$ConditionObject (0x1f707a6a)
	Stack trace:
		sun.misc.Unsafe.park
		java.util.concurrent.locks.LockSupport.park:186
		java.util.concurrent.locks.AbstractQueuedSynchronizer$ConditionObject.await:2043
		java.util.concurrent.LinkedBlockingQueue.take:442
		java.util.concurrent.ThreadPoolExecutor.getTask:1068
		java.util.concurrent.ThreadPoolExecutor.runWorker:1130
		java.util.concurrent.ThreadPoolExecutor$Worker.run:615
		java.lang.Thread.run:745

	Thread "pool-1-thread-15" (0x00000022) WAITING
		waiting for java.util.concurrent.locks.AbstractQueuedSynchronizer$ConditionObject (0x1f707a6a)
	Stack trace:
		sun.misc.Unsafe.park
		java.util.concurrent.locks.LockSupport.park:186
		java.util.concurrent.locks.AbstractQueuedSynchronizer$ConditionObject.await:2043
		java.util.concurrent.LinkedBlockingQueue.take:442
		java.util.concurrent.ThreadPoolExecutor.getTask:1068
		java.util.concurrent.ThreadPoolExecutor.runWorker:1130
		java.util.concurrent.ThreadPoolExecutor$Worker.run:615
		java.lang.Thread.run:745

	Thread "pool-1-thread-14" (0x00000021) WAITING
		waiting for java.util.concurrent.locks.AbstractQueuedSynchronizer$ConditionObject (0x1f707a6a)
	Stack trace:
		sun.misc.Unsafe.park
		java.util.concurrent.locks.LockSupport.park:186
		java.util.concurrent.locks.AbstractQueuedSynchronizer$ConditionObject.await:2043
		java.util.concurrent.LinkedBlockingQueue.take:442
		java.util.concurrent.ThreadPoolExecutor.getTask:1068
		java.util.concurrent.ThreadPoolExecutor.runWorker:1130
		java.util.concurrent.ThreadPoolExecutor$Worker.run:615
		java.lang.Thread.run:745

	Thread "pool-1-thread-13" (0x00000020) WAITING
		waiting for java.util.concurrent.locks.AbstractQueuedSynchronizer$ConditionObject (0x1f707a6a)
	Stack trace:
		sun.misc.Unsafe.park
		java.util.concurrent.locks.LockSupport.park:186
		java.util.concurrent.locks.AbstractQueuedSynchronizer$ConditionObject.await:2043
		java.util.concurrent.LinkedBlockingQueue.take:442
		java.util.concurrent.ThreadPoolExecutor.getTask:1068
		java.util.concurrent.ThreadPoolExecutor.runWorker:1130
		java.util.concurrent.ThreadPoolExecutor$Worker.run:615
		java.lang.Thread.run:745

	Thread "pool-1-thread-12" (0x0000001f) WAITING
		waiting for java.util.concurrent.locks.AbstractQueuedSynchronizer$ConditionObject (0x1f707a6a)
	Stack trace:
		sun.misc.Unsafe.park
		java.util.concurrent.locks.LockSupport.park:186
		java.util.concurrent.locks.AbstractQueuedSynchronizer$ConditionObject.await:2043
		java.util.concurrent.LinkedBlockingQueue.take:442
		java.util.concurrent.ThreadPoolExecutor.getTask:1068
		java.util.concurrent.ThreadPoolExecutor.runWorker:1130
		java.util.concurrent.ThreadPoolExecutor$Worker.run:615
		java.lang.Thread.run:745

	Thread "pool-1-thread-11" (0x0000001e) WAITING
		waiting for java.util.concurrent.locks.AbstractQueuedSynchronizer$ConditionObject (0x1f707a6a)
	Stack trace:
		sun.misc.Unsafe.park
		java.util.concurrent.locks.LockSupport.park:186
		java.util.concurrent.locks.AbstractQueuedSynchronizer$ConditionObject.await:2043
		java.util.concurrent.LinkedBlockingQueue.take:442
		java.util.concurrent.ThreadPoolExecutor.getTask:1068
		java.util.concurrent.ThreadPoolExecutor.runWorker:1130
		java.util.concurrent.ThreadPoolExecutor$Worker.run:615
		java.lang.Thread.run:745

	Thread "pool-1-thread-10" (0x0000001d) WAITING
		waiting for java.util.concurrent.locks.AbstractQueuedSynchronizer$ConditionObject (0x1f707a6a)
	Stack trace:
		sun.misc.Unsafe.park
		java.util.concurrent.locks.LockSupport.park:186
		java.util.concurrent.locks.AbstractQueuedSynchronizer$ConditionObject.await:2043
		java.util.concurrent.LinkedBlockingQueue.take:442
		java.util.concurrent.ThreadPoolExecutor.getTask:1068
		java.util.concurrent.ThreadPoolExecutor.runWorker:1130
		java.util.concurrent.ThreadPoolExecutor$Worker.run:615
		java.lang.Thread.run:745

	Thread "pool-1-thread-9" (0x0000001c) WAITING
		waiting for java.util.concurrent.locks.AbstractQueuedSynchronizer$ConditionObject (0x1f707a6a)
	Stack trace:
		sun.misc.Unsafe.park
		java.util.concurrent.locks.LockSupport.park:186
		java.util.concurrent.locks.AbstractQueuedSynchronizer$ConditionObject.await:2043
		java.util.concurrent.LinkedBlockingQueue.take:442
		java.util.concurrent.ThreadPoolExecutor.getTask:1068
		java.util.concurrent.ThreadPoolExecutor.runWorker:1130
		java.util.concurrent.ThreadPoolExecutor$Worker.run:615
		java.lang.Thread.run:745

	Thread "pool-1-thread-8" (0x0000001b) WAITING
		waiting for java.util.concurrent.locks.AbstractQueuedSynchronizer$ConditionObject (0x1f707a6a)
	Stack trace:
		sun.misc.Unsafe.park
		java.util.concurrent.locks.LockSupport.park:186
		java.util.concurrent.locks.AbstractQueuedSynchronizer$ConditionObject.await:2043
		java.util.concurrent.LinkedBlockingQueue.take:442
		java.util.concurrent.ThreadPoolExecutor.getTask:1068
		java.util.concurrent.ThreadPoolExecutor.runWorker:1130
		java.util.concurrent.ThreadPoolExecutor$Worker.run:615
		java.lang.Thread.run:745

	Thread "pool-1-thread-7" (0x0000001a) WAITING
		waiting for java.util.concurrent.locks.AbstractQueuedSynchronizer$ConditionObject (0x1f707a6a)
	Stack trace:
		sun.misc.Unsafe.park
		java.util.concurrent.locks.LockSupport.park:186
		java.util.concurrent.locks.AbstractQueuedSynchronizer$ConditionObject.await:2043
		java.util.concurrent.LinkedBlockingQueue.take:442
		java.util.concurrent.ThreadPoolExecutor.getTask:1068
		java.util.concurrent.ThreadPoolExecutor.runWorker:1130
		java.util.concurrent.ThreadPoolExecutor$Worker.run:615
		java.lang.Thread.run:745

	Thread "pool-1-thread-6" (0x00000019) WAITING
		waiting for java.util.concurrent.locks.AbstractQueuedSynchronizer$ConditionObject (0x1f707a6a)
	Stack trace:
		sun.misc.Unsafe.park
		java.util.concurrent.locks.LockSupport.park:186
		java.util.concurrent.locks.AbstractQueuedSynchronizer$ConditionObject.await:2043
		java.util.concurrent.LinkedBlockingQueue.take:442
		java.util.concurrent.ThreadPoolExecutor.getTask:1068
		java.util.concurrent.ThreadPoolExecutor.runWorker:1130
		java.util.concurrent.ThreadPoolExecutor$Worker.run:615
		java.lang.Thread.run:745

	Thread "pool-1-thread-5" (0x00000018) WAITING
		waiting for java.util.concurrent.locks.AbstractQueuedSynchronizer$ConditionObject (0x1f707a6a)
	Stack trace:
		sun.misc.Unsafe.park
		java.util.concurrent.locks.LockSupport.park:186
		java.util.concurrent.locks.AbstractQueuedSynchronizer$ConditionObject.await:2043
		java.util.concurrent.LinkedBlockingQueue.take:442
		java.util.concurrent.ThreadPoolExecutor.getTask:1068
		java.util.concurrent.ThreadPoolExecutor.runWorker:1130
		java.util.concurrent.ThreadPoolExecutor$Worker.run:615
		java.lang.Thread.run:745

	Thread "Restart Log Sync" (0x00000015) WAITING
		waiting for org.globus.cog.karajan.compiled.nodes.restartLog.SyncThread (0x1174d546)
	Stack trace:
		java.lang.Object.wait
		java.lang.Object.wait:503
		org.globus.cog.karajan.compiled.nodes.restartLog.SyncThread.run:66

	Thread "pool-1-thread-4" (0x00000014) WAITING
		waiting for java.util.concurrent.locks.AbstractQueuedSynchronizer$ConditionObject (0x1f707a6a)
	Stack trace:
		sun.misc.Unsafe.park
		java.util.concurrent.locks.LockSupport.park:186
		java.util.concurrent.locks.AbstractQueuedSynchronizer$ConditionObject.await:2043
		java.util.concurrent.LinkedBlockingQueue.take:442
		java.util.concurrent.ThreadPoolExecutor.getTask:1068
		java.util.concurrent.ThreadPoolExecutor.runWorker:1130
		java.util.concurrent.ThreadPoolExecutor$Worker.run:615
		java.lang.Thread.run:745

	Thread "NBS2" (0x00000013) WAITING
		waiting for java.util.concurrent.locks.AbstractQueuedSynchronizer$ConditionObject (0x56676a3f)
	Stack trace:
		sun.misc.Unsafe.park
		java.util.concurrent.locks.LockSupport.park:186
		java.util.concurrent.locks.AbstractQueuedSynchronizer$ConditionObject.await:2043
		java.util.concurrent.LinkedBlockingQueue.take:442
		java.util.concurrent.ThreadPoolExecutor.getTask:1068
		java.util.concurrent.ThreadPoolExecutor.runWorker:1130
		java.util.concurrent.ThreadPoolExecutor$Worker.run:615
		java.lang.Thread.run:745

	Thread "pool-1-thread-3" (0x00000012) WAITING
		waiting for java.util.concurrent.locks.AbstractQueuedSynchronizer$ConditionObject (0x1f707a6a)
	Stack trace:
		sun.misc.Unsafe.park
		java.util.concurrent.locks.LockSupport.park:186
		java.util.concurrent.locks.AbstractQueuedSynchronizer$ConditionObject.await:2043
		java.util.concurrent.LinkedBlockingQueue.take:442
		java.util.concurrent.ThreadPoolExecutor.getTask:1068
		java.util.concurrent.ThreadPoolExecutor.runWorker:1130
		java.util.concurrent.ThreadPoolExecutor$Worker.run:615
		java.lang.Thread.run:745

	Thread "NBS1" (0x00000011) WAITING
		waiting for java.util.concurrent.locks.AbstractQueuedSynchronizer$ConditionObject (0x56676a3f)
	Stack trace:
		sun.misc.Unsafe.park
		java.util.concurrent.locks.LockSupport.park:186
		java.util.concurrent.locks.AbstractQueuedSynchronizer$ConditionObject.await:2043
		java.util.concurrent.LinkedBlockingQueue.take:442
		java.util.concurrent.ThreadPoolExecutor.getTask:1068
		java.util.concurrent.ThreadPoolExecutor.runWorker:1130
		java.util.concurrent.ThreadPoolExecutor$Worker.run:615
		java.lang.Thread.run:745

	Thread "pool-1-thread-2" (0x00000010) WAITING
		waiting for java.util.concurrent.locks.AbstractQueuedSynchronizer$ConditionObject (0x1f707a6a)
	Stack trace:
		sun.misc.Unsafe.park
		java.util.concurrent.locks.LockSupport.park:186
		java.util.concurrent.locks.AbstractQueuedSynchronizer$ConditionObject.await:2043
		java.util.concurrent.LinkedBlockingQueue.take:442
		java.util.concurrent.ThreadPoolExecutor.getTask:1068
		java.util.concurrent.ThreadPoolExecutor.runWorker:1130
		java.util.concurrent.ThreadPoolExecutor$Worker.run:615
		java.lang.Thread.run:745

	Thread "Timer-0" (0x0000000f) TIMED_WAITING
		waiting for java.util.TaskQueue (0x0d5def9e)
	Stack trace:
		java.lang.Object.wait
		java.util.TimerThread.mainLoop:552
		java.util.TimerThread.run:505

	Thread "NBS0" (0x0000000e) WAITING
		waiting for java.util.concurrent.locks.AbstractQueuedSynchronizer$ConditionObject (0x56676a3f)
	Stack trace:
		sun.misc.Unsafe.park
		java.util.concurrent.locks.LockSupport.park:186
		java.util.concurrent.locks.AbstractQueuedSynchronizer$ConditionObject.await:2043
		java.util.concurrent.LinkedBlockingQueue.take:442
		java.util.concurrent.ThreadPoolExecutor.getTask:1068
		java.util.concurrent.ThreadPoolExecutor.runWorker:1130
		java.util.concurrent.ThreadPoolExecutor$Worker.run:615
		java.lang.Thread.run:745

	Thread "Scheduler" (0x0000000c) TIMED_WAITING
		waiting for org.griphyn.vdl.karajan.VDSAdaptiveScheduler (0x7a6d4080)
	Stack trace:
		java.lang.Object.wait
		org.globus.cog.karajan.scheduler.LateBindingScheduler.sleep:324
		org.globus.cog.karajan.scheduler.LateBindingScheduler.run:271

	Thread "Overloaded Host Monitor" (0x0000000d) TIMED_WAITING
	Stack trace:
		java.lang.Thread.sleep
		org.globus.cog.karajan.scheduler.OverloadedHostMonitor.run:66

	Thread "pool-1-thread-1" (0x0000000b) WAITING
		waiting for java.util.concurrent.locks.AbstractQueuedSynchronizer$ConditionObject (0x1f707a6a)
	Stack trace:
		sun.misc.Unsafe.park
		java.util.concurrent.locks.LockSupport.park:186
		java.util.concurrent.locks.AbstractQueuedSynchronizer$ConditionObject.await:2043
		java.util.concurrent.LinkedBlockingQueue.take:442
		java.util.concurrent.ThreadPoolExecutor.getTask:1068
		java.util.concurrent.ThreadPoolExecutor.runWorker:1130
		java.util.concurrent.ThreadPoolExecutor$Worker.run:615
		java.lang.Thread.run:745

	Thread "LWT Scheduler Timer" (0x0000000a) WAITING
		waiting for java.util.TaskQueue (0x121e74ed)
	Stack trace:
		java.lang.Object.wait
		java.lang.Object.wait:503
		java.util.TimerThread.mainLoop:526
		java.util.TimerThread.run:505

	Thread "AsyncAppender-Dispatcher-Thread-0" (0x00000008) WAITING
		waiting for java.util.ArrayList (0x0d8e7ce6)
	Stack trace:
		java.lang.Object.wait
		java.lang.Object.wait:503
		org.apache.log4j.AsyncAppender$Dispatcher.run:548
		java.lang.Thread.run:745

	Thread "Finalizer" (0x00000003) WAITING
		waiting for java.lang.ref.ReferenceQueue$Lock (0x05a9e6fe)
	Stack trace:
		java.lang.Object.wait
		java.lang.ref.ReferenceQueue.remove:135
		java.lang.ref.ReferenceQueue.remove:151
		java.lang.ref.Finalizer$FinalizerThread.run:209

	Thread "Reference Handler" (0x00000002) WAITING
		waiting for java.lang.ref.Reference$Lock (0x557c3099)
	Stack trace:
		java.lang.Object.wait
		java.lang.Object.wait:503
		java.lang.ref.Reference$ReferenceHandler.run:133


