Swift 0.96.2 git-rev: b9611649002eecd640fc6c58bbb88cb35ce03539 heads/release-0.96-swift 6287 (modified locally)
RunID: run036
Progress: Mon, 07 Dec 2015 16:43:45+0000
Progress: Mon, 07 Dec 2015 16:43:46+0000  Submitting:1024
Progress: Mon, 07 Dec 2015 16:44:02+0000  Submitting:1018  Submitted:6
Progress: Mon, 07 Dec 2015 16:44:07+0000  Submitting:666  Submitted:358
Progress: Mon, 07 Dec 2015 16:44:08+0000  Submitted:1024
Progress: Mon, 07 Dec 2015 16:44:27+0000  Submitted:992  Active:32
Progress: Mon, 07 Dec 2015 16:44:30+0000  Submitted:960  Active:64
Progress: Mon, 07 Dec 2015 16:44:40+0000  Submitted:912  Active:112
Progress: Mon, 07 Dec 2015 16:44:43+0000  Submitted:896  Active:128
Progress: Mon, 07 Dec 2015 16:44:56+0000  Submitted:880  Active:144
Progress: Mon, 07 Dec 2015 16:45:10+0000  Submitted:864  Active:160
Progress: Mon, 07 Dec 2015 16:45:20+0000  Submitted:848  Active:176
Progress: Mon, 07 Dec 2015 16:45:32+0000  Submitted:832  Active:192
Progress: Mon, 07 Dec 2015 16:45:34+0000  Submitted:816  Active:208
Progress: Mon, 07 Dec 2015 16:45:37+0000  Stage in:9  Submitted:800  Active:215
Progress: Mon, 07 Dec 2015 16:45:38+0000  Submitted:800  Active:224
Progress: Mon, 07 Dec 2015 16:45:58+0000  Submitted:784  Active:240
Progress: Mon, 07 Dec 2015 16:46:02+0000  Stage in:16  Submitted:768  Active:240
Progress: Mon, 07 Dec 2015 16:46:03+0000  Submitted:736  Active:288
Progress: Mon, 07 Dec 2015 16:46:07+0000  Stage in:8  Submitted:720  Active:296
Progress: Mon, 07 Dec 2015 16:46:08+0000  Submitted:720  Active:304
Progress: Mon, 07 Dec 2015 16:46:15+0000  Stage in:5  Submitted:704  Active:315
Progress: Mon, 07 Dec 2015 16:46:16+0000  Submitted:704  Active:320
Progress: Mon, 07 Dec 2015 16:46:22+0000  Stage in:15  Submitted:657  Active:352
Progress: Mon, 07 Dec 2015 16:46:23+0000  Submitted:656  Active:368
Progress: Mon, 07 Dec 2015 16:46:38+0000  Submitted:624  Active:400
Progress: Mon, 07 Dec 2015 16:46:42+0000  Submitted:608  Active:416
Progress: Mon, 07 Dec 2015 16:46:43+0000  Submitted:592  Active:432
Progress: Mon, 07 Dec 2015 16:47:02+0000  Stage in:31  Submitted:544  Active:449
Progress: Mon, 07 Dec 2015 16:47:03+0000  Submitted:544  Active:480
Progress: Mon, 07 Dec 2015 16:47:06+0000  Submitted:528  Active:496
Progress: Mon, 07 Dec 2015 16:47:30+0000  Submitted:512  Active:512
Progress: Mon, 07 Dec 2015 16:48:00+0000  Submitted:512  Active:512
Progress: Mon, 07 Dec 2015 16:48:30+0000  Submitted:512  Active:512
Progress: Mon, 07 Dec 2015 16:49:00+0000  Submitted:512  Active:512
Progress: Mon, 07 Dec 2015 16:49:30+0000  Submitted:512  Active:512
Progress: Mon, 07 Dec 2015 16:50:00+0000  Submitted:512  Active:512
Progress: Mon, 07 Dec 2015 16:50:30+0000  Submitted:512  Active:512
Progress: Mon, 07 Dec 2015 16:51:00+0000  Submitted:512  Active:512
Progress: Mon, 07 Dec 2015 16:51:30+0000  Submitted:512  Active:512
Progress: Mon, 07 Dec 2015 16:52:00+0000  Submitted:512  Active:512
Progress: Mon, 07 Dec 2015 16:52:08+0000  Submitted:496  Active:528
Progress: Mon, 07 Dec 2015 16:52:38+0000  Submitted:496  Active:528
Progress: Mon, 07 Dec 2015 16:53:08+0000  Submitted:496  Active:528
Progress: Mon, 07 Dec 2015 16:53:38+0000  Submitted:496  Active:528
Progress: Mon, 07 Dec 2015 16:54:08+0000  Submitted:496  Active:528
Progress: Mon, 07 Dec 2015 16:54:38+0000  Submitted:496  Active:528
Progress: Mon, 07 Dec 2015 16:55:08+0000  Submitted:496  Active:528
Progress: Mon, 07 Dec 2015 16:55:38+0000  Submitted:496  Active:528
Progress: Mon, 07 Dec 2015 16:56:08+0000  Submitted:496  Active:528
Progress: Mon, 07 Dec 2015 16:56:38+0000  Submitted:496  Active:528
Progress: Mon, 07 Dec 2015 16:57:08+0000  Submitted:496  Active:528
Progress: Mon, 07 Dec 2015 16:57:38+0000  Submitted:496  Active:528
Progress: Mon, 07 Dec 2015 16:58:08+0000  Submitted:496  Active:528
Progress: Mon, 07 Dec 2015 16:58:36+0000  Stage in:15  Submitted:480  Active:529
Progress: Mon, 07 Dec 2015 16:58:37+0000  Submitted:480  Active:544
Progress: Mon, 07 Dec 2015 16:59:07+0000  Submitted:480  Active:544
Progress: Mon, 07 Dec 2015 16:59:27+0000  Submitted:480  Active:512  Stage out:7  Finished successfully:25
Progress: Mon, 07 Dec 2015 16:59:28+0000  Submitted:480  Active:512  Finished successfully:32
Progress: Mon, 07 Dec 2015 16:59:30+0000  Submitted:480  Active:480  Finished successfully:64
Progress: Mon, 07 Dec 2015 16:59:41+0000  Submitted:480  Active:432  Finished successfully:112
Progress: Mon, 07 Dec 2015 16:59:44+0000  Submitted:480  Active:416  Finished successfully:128
Progress: Mon, 07 Dec 2015 16:59:57+0000  Submitted:480  Active:400  Finished successfully:144
Progress: Mon, 07 Dec 2015 17:00:04+0000  Submitted:464  Active:416  Finished successfully:144
Progress: Mon, 07 Dec 2015 17:00:11+0000  Submitted:464  Active:400  Finished successfully:160
Progress: Mon, 07 Dec 2015 17:00:21+0000  Submitted:464  Active:393  Stage out:7  Finished successfully:160
Progress: Mon, 07 Dec 2015 17:00:22+0000  Submitted:464  Active:384  Finished successfully:176
Progress: Mon, 07 Dec 2015 17:00:33+0000  Submitted:464  Active:368  Finished successfully:192
Progress: Mon, 07 Dec 2015 17:00:35+0000  Submitted:464  Active:352  Finished successfully:208
Progress: Mon, 07 Dec 2015 17:00:38+0000  Submitted:464  Active:336  Stage out:1  Finished successfully:223
Progress: Mon, 07 Dec 2015 17:00:39+0000  Submitted:448  Active:352  Finished successfully:224
Progress: Mon, 07 Dec 2015 17:00:59+0000  Submitted:448  Active:336  Finished successfully:240
Progress: Mon, 07 Dec 2015 17:01:03+0000  Submitted:448  Active:322  Stage out:11  Finished successfully:243
Progress: Mon, 07 Dec 2015 17:01:04+0000  Submitted:448  Active:288  Finished successfully:288
Progress: Mon, 07 Dec 2015 17:01:08+0000  Submitted:448  Active:272  Stage out:5  Finished successfully:299
Progress: Mon, 07 Dec 2015 17:01:09+0000  Submitted:448  Active:272  Finished successfully:304
Progress: Mon, 07 Dec 2015 17:01:16+0000  Submitted:448  Active:256  Stage out:1  Finished successfully:319
Progress: Mon, 07 Dec 2015 17:01:17+0000  Submitted:448  Active:256  Finished successfully:320
Progress: Mon, 07 Dec 2015 17:01:23+0000  Submitted:448  Active:208  Stage out:12  Finished successfully:356
Progress: Mon, 07 Dec 2015 17:01:24+0000  Submitted:448  Active:208  Finished successfully:368
Progress: Mon, 07 Dec 2015 17:01:39+0000  Submitted:448  Active:176  Finished successfully:400
Progress: Mon, 07 Dec 2015 17:01:43+0000  Submitted:448  Active:160  Finished successfully:416
Progress: Mon, 07 Dec 2015 17:01:44+0000  Submitted:448  Active:144  Finished successfully:432
Progress: Mon, 07 Dec 2015 17:02:03+0000  Submitted:448  Active:122  Stage out:17  Finished successfully:437
Progress: Mon, 07 Dec 2015 17:02:04+0000  Submitted:448  Active:96  Finished successfully:480
Progress: Mon, 07 Dec 2015 17:02:07+0000  Submitted:448  Active:80  Finished successfully:496
Progress: Mon, 07 Dec 2015 17:02:11+0000  Submitted:432  Active:96  Finished successfully:496
Progress: Mon, 07 Dec 2015 17:02:31+0000  Submitted:432  Active:80  Stage out:1  Finished successfully:511
Progress: Mon, 07 Dec 2015 17:02:32+0000  Submitted:432  Active:80  Finished successfully:512
Progress: Mon, 07 Dec 2015 17:02:48+0000  Stage in:16  Submitted:416  Active:80  Finished successfully:512
Progress: Mon, 07 Dec 2015 17:02:49+0000  Submitted:416  Active:96  Finished successfully:512
Progress: Mon, 07 Dec 2015 17:03:19+0000  Submitted:416  Active:96  Finished successfully:512
Progress: Mon, 07 Dec 2015 17:03:21+0000  Submitted:400  Active:112  Finished successfully:512
Progress: Mon, 07 Dec 2015 17:03:51+0000  Submitted:400  Active:112  Finished successfully:512
Progress: Mon, 07 Dec 2015 17:03:56+0000  Submitted:384  Active:128  Finished successfully:512
Progress: Mon, 07 Dec 2015 17:04:11+0000  Submitted:368  Active:144  Finished successfully:512
Progress: Mon, 07 Dec 2015 17:04:41+0000  Submitted:368  Active:144  Finished successfully:512
Progress: Mon, 07 Dec 2015 17:05:00+0000  Submitted:352  Active:160  Finished successfully:512
Progress: Mon, 07 Dec 2015 17:05:02+0000  Submitted:336  Active:176  Finished successfully:512
Progress: Mon, 07 Dec 2015 17:05:13+0000  Submitted:320  Active:192  Finished successfully:512
Progress: Mon, 07 Dec 2015 17:05:17+0000  Submitted:304  Active:208  Finished successfully:512
Progress: Mon, 07 Dec 2015 17:05:18+0000  Submitted:288  Active:224  Finished successfully:512
Progress: Mon, 07 Dec 2015 17:05:32+0000  Stage in:4  Submitted:272  Active:236  Finished successfully:512
Progress: Mon, 07 Dec 2015 17:05:33+0000  Submitted:272  Active:240  Finished successfully:512
Progress: Mon, 07 Dec 2015 17:05:36+0000  Submitted:240  Active:272  Finished successfully:512
Progress: Mon, 07 Dec 2015 17:05:42+0000  Submitted:224  Active:288  Finished successfully:512
Progress: Mon, 07 Dec 2015 17:05:43+0000  Submitted:208  Active:304  Finished successfully:512
Progress: Mon, 07 Dec 2015 17:05:52+0000  Submitted:192  Active:320  Finished successfully:512
Progress: Mon, 07 Dec 2015 17:06:12+0000  Submitted:176  Active:336  Finished successfully:512
Progress: Mon, 07 Dec 2015 17:06:14+0000  Stage in:2  Submitted:173  Active:337  Finished successfully:512
Progress: Mon, 07 Dec 2015 17:06:15+0000  Submitted:173  Active:339  Finished successfully:512
Progress: Mon, 07 Dec 2015 17:06:45+0000  Submitted:173  Active:339  Finished successfully:512
Progress: Mon, 07 Dec 2015 17:07:09+0000  Submitted:173  Active:323  Stage out:6  Finished successfully:522
Progress: Mon, 07 Dec 2015 17:07:10+0000  Submitted:173  Active:323  Finished successfully:528
Progress: Mon, 07 Dec 2015 17:07:40+0000  Submitted:173  Active:323  Finished successfully:528
Progress: Mon, 07 Dec 2015 17:08:10+0000  Submitted:173  Active:323  Finished successfully:528
Progress: Mon, 07 Dec 2015 17:08:40+0000  Submitted:173  Active:323  Finished successfully:528
Progress: Mon, 07 Dec 2015 17:09:10+0000  Submitted:173  Active:323  Finished successfully:528
Progress: Mon, 07 Dec 2015 17:09:39+0000  Submitted:157  Active:339  Finished successfully:528
Progress: Mon, 07 Dec 2015 17:10:09+0000  Submitted:157  Active:339  Finished successfully:528
Progress: Mon, 07 Dec 2015 17:10:39+0000  Submitted:157  Active:339  Finished successfully:528
Progress: Mon, 07 Dec 2015 17:11:09+0000  Submitted:157  Active:339  Finished successfully:528
Progress: Mon, 07 Dec 2015 17:11:39+0000  Submitted:157  Active:339  Finished successfully:528
Progress: Mon, 07 Dec 2015 17:12:09+0000  Submitted:157  Active:339  Finished successfully:528
Progress: Mon, 07 Dec 2015 17:12:39+0000  Submitted:157  Active:339  Finished successfully:528
Progress: Mon, 07 Dec 2015 17:13:09+0000  Submitted:157  Active:339  Finished successfully:528
Progress: Mon, 07 Dec 2015 17:13:37+0000  Submitted:157  Active:323  Stage out:11  Finished successfully:533
Progress: Mon, 07 Dec 2015 17:13:38+0000  Submitted:157  Active:323  Finished successfully:544
Progress: Mon, 07 Dec 2015 17:14:08+0000  Submitted:157  Active:323  Finished successfully:544
Progress: Mon, 07 Dec 2015 17:14:38+0000  Submitted:157  Active:323  Finished successfully:544
Progress: Mon, 07 Dec 2015 17:15:04+0000  Submitted:157  Active:307  Finished successfully:560
Progress: Mon, 07 Dec 2015 17:15:08+0000  Submitted:141  Active:323  Finished successfully:560
Progress: Mon, 07 Dec 2015 17:15:38+0000  Submitted:141  Active:323  Finished successfully:560
Progress: Mon, 07 Dec 2015 17:15:39+0000  Submitted:141  Active:307  Finished successfully:576
Progress: Mon, 07 Dec 2015 17:16:09+0000  Submitted:141  Active:307  Finished successfully:576
Progress: Mon, 07 Dec 2015 17:16:39+0000  Submitted:141  Active:307  Finished successfully:576
Progress: Mon, 07 Dec 2015 17:16:51+0000  Submitted:125  Active:323  Finished successfully:576
Progress: Mon, 07 Dec 2015 17:17:11+0000  Submitted:125  Active:307  Finished successfully:592
Progress: Mon, 07 Dec 2015 17:17:41+0000  Submitted:125  Active:307  Finished successfully:592
Progress: Mon, 07 Dec 2015 17:17:48+0000  Submitted:125  Active:296  Stage out:6  Finished successfully:597
Progress: Mon, 07 Dec 2015 17:17:49+0000  Submitted:125  Active:291  Finished successfully:608
Progress: Mon, 07 Dec 2015 17:18:19+0000  Submitted:125  Active:291  Finished successfully:608
Progress: Mon, 07 Dec 2015 17:18:21+0000  Submitted:125  Active:275  Finished successfully:624
Progress: Mon, 07 Dec 2015 17:18:51+0000  Submitted:125  Active:275  Finished successfully:624
Progress: Mon, 07 Dec 2015 17:18:56+0000  Submitted:125  Active:259  Finished successfully:640
Progress: Mon, 07 Dec 2015 17:19:10+0000  Submitted:109  Active:275  Finished successfully:640
Progress: Mon, 07 Dec 2015 17:19:11+0000  Submitted:109  Active:259  Finished successfully:656
Progress: Mon, 07 Dec 2015 17:19:41+0000  Submitted:109  Active:259  Finished successfully:656
Progress: Mon, 07 Dec 2015 17:20:00+0000  Submitted:109  Active:243  Finished successfully:672
Progress: Mon, 07 Dec 2015 17:20:02+0000  Submitted:109  Active:227  Finished successfully:688
Progress: Mon, 07 Dec 2015 17:20:13+0000  Submitted:109  Active:211  Finished successfully:704
Progress: Mon, 07 Dec 2015 17:20:17+0000  Submitted:109  Active:195  Finished successfully:720
Progress: Mon, 07 Dec 2015 17:20:18+0000  Submitted:109  Active:179  Finished successfully:736
Progress: Mon, 07 Dec 2015 17:20:29+0000  Stage in:10  Submitted:93  Active:185  Finished successfully:736
Progress: Mon, 07 Dec 2015 17:20:30+0000  Submitted:93  Active:195  Finished successfully:736
Progress: Mon, 07 Dec 2015 17:20:32+0000  Submitted:93  Active:179  Finished successfully:752
Progress: Mon, 07 Dec 2015 17:20:35+0000  Submitted:93  Active:172  Stage out:7  Finished successfully:752
Progress: Mon, 07 Dec 2015 17:20:36+0000  Submitted:93  Active:147  Finished successfully:784
Progress: Mon, 07 Dec 2015 17:20:42+0000  Submitted:93  Active:131  Finished successfully:800
Progress: Mon, 07 Dec 2015 17:20:43+0000  Submitted:93  Active:115  Finished successfully:816
Progress: Mon, 07 Dec 2015 17:20:52+0000  Submitted:93  Active:99  Finished successfully:832
Progress: Mon, 07 Dec 2015 17:21:12+0000  Submitted:93  Active:83  Finished successfully:848
Progress: Mon, 07 Dec 2015 17:21:14+0000  Submitted:93  Active:80  Finished successfully:851
Progress: Mon, 07 Dec 2015 17:21:44+0000  Submitted:93  Active:80  Finished successfully:851
Progress: Mon, 07 Dec 2015 17:21:49+0000  Submitted:77  Active:96  Finished successfully:851
Progress: Mon, 07 Dec 2015 17:22:19+0000  Submitted:77  Active:96  Finished successfully:851
Progress: Mon, 07 Dec 2015 17:22:49+0000  Submitted:77  Active:96  Finished successfully:851
Progress: Mon, 07 Dec 2015 17:23:19+0000  Submitted:77  Active:96  Finished successfully:851
Progress: Mon, 07 Dec 2015 17:23:21+0000  Submitted:61  Active:112  Finished successfully:851
Progress: Mon, 07 Dec 2015 17:23:51+0000  Submitted:61  Active:112  Finished successfully:851
Progress: Mon, 07 Dec 2015 17:24:21+0000  Submitted:61  Active:112  Finished successfully:851
Progress: Mon, 07 Dec 2015 17:24:39+0000  Submitted:61  Active:96  Stage out:1  Finished successfully:866
Progress: Mon, 07 Dec 2015 17:24:40+0000  Submitted:61  Active:96  Finished successfully:867
Progress: Mon, 07 Dec 2015 17:25:10+0000  Submitted:61  Active:96  Finished successfully:867
Progress: Mon, 07 Dec 2015 17:25:40+0000  Submitted:61  Active:96  Finished successfully:867
Progress: Mon, 07 Dec 2015 17:26:10+0000  Submitted:61  Active:96  Finished successfully:867
Progress: Mon, 07 Dec 2015 17:26:40+0000  Submitted:61  Active:96  Finished successfully:867
Progress: Mon, 07 Dec 2015 17:26:59+0000  Submitted:29  Active:128  Finished successfully:867
Progress: Mon, 07 Dec 2015 17:27:29+0000  Submitted:29  Active:128  Finished successfully:867
Progress: Mon, 07 Dec 2015 17:27:59+0000  Submitted:29  Active:128  Finished successfully:867
Progress: Mon, 07 Dec 2015 17:28:29+0000  Submitted:29  Active:128  Finished successfully:867
Progress: Mon, 07 Dec 2015 17:28:59+0000  Submitted:29  Active:128  Finished successfully:867
Progress: Mon, 07 Dec 2015 17:29:29+0000  Submitted:29  Active:128  Finished successfully:867
Progress: Mon, 07 Dec 2015 17:29:59+0000  Submitted:29  Active:128  Finished successfully:867
Progress: Mon, 07 Dec 2015 17:30:08+0000  Submitted:29  Active:112  Finished successfully:883
Progress: Mon, 07 Dec 2015 17:30:38+0000  Submitted:29  Active:112  Finished successfully:883
Progress: Mon, 07 Dec 2015 17:30:43+0000  Stage in:12  Submitted:17  Active:112  Finished successfully:883
Progress: Mon, 07 Dec 2015 17:30:44+0000  Submitted:13  Active:128  Finished successfully:883
Progress: Mon, 07 Dec 2015 17:31:14+0000  Submitted:13  Active:128  Finished successfully:883
Progress: Mon, 07 Dec 2015 17:31:44+0000  Submitted:13  Active:128  Finished successfully:883
Progress: Mon, 07 Dec 2015 17:31:51+0000  Submitted:13  Active:112  Finished successfully:899
Progress: Mon, 07 Dec 2015 17:32:21+0000  Submitted:13  Active:112  Finished successfully:899
Progress: Mon, 07 Dec 2015 17:32:51+0000  Submitted:13  Active:112  Finished successfully:899
Progress: Mon, 07 Dec 2015 17:33:21+0000  Submitted:13  Active:112  Finished successfully:899
Progress: Mon, 07 Dec 2015 17:33:51+0000  Submitted:13  Active:112  Finished successfully:899
Progress: Mon, 07 Dec 2015 17:34:10+0000  Submitted:13  Active:96  Finished successfully:915
Progress: Mon, 07 Dec 2015 17:34:40+0000  Submitted:13  Active:96  Finished successfully:915
Progress: Mon, 07 Dec 2015 17:35:10+0000  Submitted:13  Active:96  Finished successfully:915
Progress: Mon, 07 Dec 2015 17:35:29+0000  Submitted:13  Active:80  Stage out:11  Finished successfully:920
Progress: Mon, 07 Dec 2015 17:35:30+0000  Submitted:13  Active:80  Finished successfully:931
Progress: Mon, 07 Dec 2015 17:36:00+0000  Submitted:13  Active:80  Finished successfully:931
Progress: Mon, 07 Dec 2015 17:36:30+0000  Submitted:13  Active:80  Finished successfully:931
Progress: Mon, 07 Dec 2015 17:36:49+0000  Submitted:13  Active:64  Stage out:10  Finished successfully:937
Progress: Mon, 07 Dec 2015 17:36:50+0000  Submitted:13  Active:64  Finished successfully:947
Progress: Mon, 07 Dec 2015 17:37:20+0000  Submitted:13  Active:64  Finished successfully:947
Progress: Mon, 07 Dec 2015 17:37:50+0000  Submitted:13  Active:64  Finished successfully:947
Progress: Mon, 07 Dec 2015 17:38:20+0000  Submitted:13  Active:64  Finished successfully:947
Progress: Mon, 07 Dec 2015 17:38:21+0000  Submitted:13  Active:48  Finished successfully:963
Progress: Mon, 07 Dec 2015 17:38:51+0000  Submitted:13  Active:48  Finished successfully:963
Progress: Mon, 07 Dec 2015 17:39:21+0000  Submitted:13  Active:48  Finished successfully:963
Progress: Mon, 07 Dec 2015 17:39:51+0000  Submitted:13  Active:48  Finished successfully:963
Progress: Mon, 07 Dec 2015 17:40:21+0000  Submitted:13  Active:48  Finished successfully:963
Progress: Mon, 07 Dec 2015 17:40:51+0000  Submitted:13  Active:48  Finished successfully:963
Progress: Mon, 07 Dec 2015 17:41:10+0000  Stage in:13  Active:48  Finished successfully:963
Progress: Mon, 07 Dec 2015 17:41:11+0000  Active:61  Finished successfully:963
Progress: Mon, 07 Dec 2015 17:41:41+0000  Active:61  Finished successfully:963
Progress: Mon, 07 Dec 2015 17:41:59+0000  Active:29  Stage out:3  Finished successfully:992
Progress: Mon, 07 Dec 2015 17:42:00+0000  Active:29  Finished successfully:995
Progress: Mon, 07 Dec 2015 17:42:30+0000  Active:29  Finished successfully:995
Progress: Mon, 07 Dec 2015 17:43:00+0000  Active:29  Finished successfully:995
Progress: Mon, 07 Dec 2015 17:43:30+0000  Active:29  Finished successfully:995
Progress: Mon, 07 Dec 2015 17:44:00+0000  Active:29  Finished successfully:995
Progress: Mon, 07 Dec 2015 17:44:30+0000  Active:29  Finished successfully:995
Progress: Mon, 07 Dec 2015 17:45:00+0000  Active:29  Finished successfully:995
Progress: Mon, 07 Dec 2015 17:45:30+0000  Active:29  Finished successfully:995
Progress: Mon, 07 Dec 2015 17:45:43+0000  Active:28  Stage out:1  Finished successfully:995
Progress: Mon, 07 Dec 2015 17:45:44+0000  Active:13  Finished successfully:1011
Progress: Mon, 07 Dec 2015 17:46:14+0000  Active:13  Finished successfully:1011
Progress: Mon, 07 Dec 2015 17:46:44+0000  Active:13  Finished successfully:1011
Progress: Mon, 07 Dec 2015 17:47:14+0000  Active:13  Finished successfully:1011
Progress: Mon, 07 Dec 2015 17:47:44+0000  Active:13  Finished successfully:1011
Progress: Mon, 07 Dec 2015 17:48:14+0000  Active:13  Finished successfully:1011
Progress: Mon, 07 Dec 2015 17:48:44+0000  Active:13  Finished successfully:1011
Progress: Mon, 07 Dec 2015 17:49:14+0000  Active:13  Finished successfully:1011
Progress: Mon, 07 Dec 2015 17:49:44+0000  Active:13  Finished successfully:1011
Progress: Mon, 07 Dec 2015 17:50:14+0000  Active:13  Finished successfully:1011
Progress: Mon, 07 Dec 2015 17:50:44+0000  Active:13  Finished successfully:1011
Progress: Mon, 07 Dec 2015 17:51:14+0000  Active:13  Finished successfully:1011
Progress: Mon, 07 Dec 2015 17:51:44+0000  Active:13  Finished successfully:1011
Progress: Mon, 07 Dec 2015 17:52:14+0000  Active:13  Finished successfully:1011
Progress: Mon, 07 Dec 2015 17:52:44+0000  Active:13  Finished successfully:1011
Progress: Mon, 07 Dec 2015 17:53:14+0000  Active:13  Finished successfully:1011
Progress: Mon, 07 Dec 2015 17:53:44+0000  Active:13  Finished successfully:1011
Progress: Mon, 07 Dec 2015 17:54:14+0000  Active:13  Finished successfully:1011
Progress: Mon, 07 Dec 2015 17:54:44+0000  Active:13  Finished successfully:1011
Progress: Mon, 07 Dec 2015 17:55:14+0000  Active:13  Finished successfully:1011
Progress: Mon, 07 Dec 2015 17:55:44+0000  Active:13  Finished successfully:1011
Progress: Mon, 07 Dec 2015 17:56:10+0000  Active:11  Stage out:2  Finished successfully:1011
Final status: Mon, 07 Dec 2015 17:56:11+0000  Finished successfully:1024
Swift did not shut down 10 seconds after the run completed


Waiting JVM threads:
	Thread "I/O Queue" (0x00000045) TIMED_WAITING
		waiting for org.globus.cog.abstraction.impl.file.coaster.buffers.Buffers (0x2676b524)
	Stack trace:
		java.lang.Object.wait
		org.globus.cog.abstraction.impl.file.coaster.buffers.Buffers.run:215

	Thread "I/O Queue" (0x00000044) TIMED_WAITING
		waiting for org.globus.cog.abstraction.impl.file.coaster.buffers.Buffers (0x09f75b73)
	Stack trace:
		java.lang.Object.wait
		org.globus.cog.abstraction.impl.file.coaster.buffers.Buffers.run:215

	Thread "Sender GSSChannel" (0x00000043) WAITING
		waiting for java.util.concurrent.locks.AbstractQueuedSynchronizer$ConditionObject (0x30578ed2)
	Stack trace:
		sun.misc.Unsafe.park
		java.util.concurrent.locks.LockSupport.park:186
		java.util.concurrent.locks.AbstractQueuedSynchronizer$ConditionObject.await:2043
		java.util.concurrent.LinkedBlockingQueue.take:442
		org.globus.cog.coaster.channels.Sender.run:75

	Thread "Timer-1" (0x00000042) TIMED_WAITING
		waiting for java.util.TaskQueue (0x446195c9)
	Stack trace:
		java.lang.Object.wait
		java.util.TimerThread.mainLoop:552
		java.util.TimerThread.run:505

	Thread "Channel multiplexer 1" (0x00000041) TIMED_WAITING
	Stack trace:
		java.lang.Thread.sleep
		org.globus.cog.coaster.channels.Multiplexer.run:132

	Thread "Channel multiplexer 0" (0x00000040) TIMED_WAITING
	Stack trace:
		java.lang.Thread.sleep
		org.globus.cog.coaster.channels.Multiplexer.run:132

	Thread "pool-3-thread-4" (0x0000003d) TIMED_WAITING
	Synchronizers held:
		java.util.concurrent.ThreadPoolExecutor$Worker (0x4ce90b37)
	Stack trace:
		java.lang.Thread.sleep
		org.globus.cog.abstraction.impl.execution.local.JobSubmissionTaskHandler$Processor.run2:658
		org.globus.cog.abstraction.impl.execution.local.JobSubmissionTaskHandler$Processor.run:625
		java.util.concurrent.ThreadPoolExecutor.runWorker:1145
		java.util.concurrent.ThreadPoolExecutor$Worker.run:615
		java.lang.Thread.run:745

	Thread "pool-3-thread-3" (0x0000003c) TIMED_WAITING
	Synchronizers held:
		java.util.concurrent.ThreadPoolExecutor$Worker (0x3d20bca1)
	Stack trace:
		java.lang.Thread.sleep
		org.globus.cog.abstraction.impl.execution.local.JobSubmissionTaskHandler$Processor.run2:658
		org.globus.cog.abstraction.impl.execution.local.JobSubmissionTaskHandler$Processor.run:625
		java.util.concurrent.ThreadPoolExecutor.runWorker:1145
		java.util.concurrent.ThreadPoolExecutor$Worker.run:615
		java.lang.Thread.run:745

	Thread "pool-3-thread-2" (0x0000003b) WAITING
		waiting for org.globus.cog.abstraction.impl.execution.local.JobSubmissionTaskHandler$Processor (0x62b0e231)
	Synchronizers held:
		java.util.concurrent.ThreadPoolExecutor$Worker (0x1cba98ca)
	Stack trace:
		java.lang.Object.wait
		java.lang.Object.wait:503
		org.globus.cog.abstraction.impl.execution.local.JobSubmissionTaskHandler$Processor.waitFor:699
		org.globus.cog.abstraction.impl.execution.local.JobSubmissionTaskHandler.run:241
		java.util.concurrent.Executors$RunnableAdapter.call:471
		java.util.concurrent.FutureTask.run:262
		java.util.concurrent.ThreadPoolExecutor.runWorker:1145
		java.util.concurrent.ThreadPoolExecutor$Worker.run:615
		java.lang.Thread.run:745

	Thread "pool-3-thread-1" (0x0000003a) WAITING
		waiting for org.globus.cog.abstraction.impl.execution.local.JobSubmissionTaskHandler$Processor (0x4ad23195)
	Synchronizers held:
		java.util.concurrent.ThreadPoolExecutor$Worker (0x09b060dd)
	Stack trace:
		java.lang.Object.wait
		java.lang.Object.wait:503
		org.globus.cog.abstraction.impl.execution.local.JobSubmissionTaskHandler$Processor.waitFor:699
		org.globus.cog.abstraction.impl.execution.local.JobSubmissionTaskHandler.run:241
		java.util.concurrent.Executors$RunnableAdapter.call:471
		java.util.concurrent.FutureTask.run:262
		java.util.concurrent.ThreadPoolExecutor.runWorker:1145
		java.util.concurrent.ThreadPoolExecutor$Worker.run:615
		java.lang.Thread.run:745

	Thread "NBS11" (0x00000034) WAITING
		waiting for java.util.concurrent.locks.AbstractQueuedSynchronizer$ConditionObject (0x79906abc)
	Stack trace:
		sun.misc.Unsafe.park
		java.util.concurrent.locks.LockSupport.park:186
		java.util.concurrent.locks.AbstractQueuedSynchronizer$ConditionObject.await:2043
		java.util.concurrent.LinkedBlockingQueue.take:442
		java.util.concurrent.ThreadPoolExecutor.getTask:1068
		java.util.concurrent.ThreadPoolExecutor.runWorker:1130
		java.util.concurrent.ThreadPoolExecutor$Worker.run:615
		java.lang.Thread.run:745

	Thread "NBS10" (0x00000033) WAITING
		waiting for java.util.concurrent.locks.AbstractQueuedSynchronizer$ConditionObject (0x79906abc)
	Stack trace:
		sun.misc.Unsafe.park
		java.util.concurrent.locks.LockSupport.park:186
		java.util.concurrent.locks.AbstractQueuedSynchronizer$ConditionObject.await:2043
		java.util.concurrent.LinkedBlockingQueue.take:442
		java.util.concurrent.ThreadPoolExecutor.getTask:1068
		java.util.concurrent.ThreadPoolExecutor.runWorker:1130
		java.util.concurrent.ThreadPoolExecutor$Worker.run:615
		java.lang.Thread.run:745

	Thread "NBS9" (0x00000032) WAITING
		waiting for java.util.concurrent.locks.AbstractQueuedSynchronizer$ConditionObject (0x79906abc)
	Stack trace:
		sun.misc.Unsafe.park
		java.util.concurrent.locks.LockSupport.park:186
		java.util.concurrent.locks.AbstractQueuedSynchronizer$ConditionObject.await:2043
		java.util.concurrent.LinkedBlockingQueue.take:442
		java.util.concurrent.ThreadPoolExecutor.getTask:1068
		java.util.concurrent.ThreadPoolExecutor.runWorker:1130
		java.util.concurrent.ThreadPoolExecutor$Worker.run:615
		java.lang.Thread.run:745

	Thread "NBS8" (0x00000031) WAITING
		waiting for java.util.concurrent.locks.AbstractQueuedSynchronizer$ConditionObject (0x79906abc)
	Stack trace:
		sun.misc.Unsafe.park
		java.util.concurrent.locks.LockSupport.park:186
		java.util.concurrent.locks.AbstractQueuedSynchronizer$ConditionObject.await:2043
		java.util.concurrent.LinkedBlockingQueue.take:442
		java.util.concurrent.ThreadPoolExecutor.getTask:1068
		java.util.concurrent.ThreadPoolExecutor.runWorker:1130
		java.util.concurrent.ThreadPoolExecutor$Worker.run:615
		java.lang.Thread.run:745

	Thread "NBS7" (0x00000030) WAITING
		waiting for java.util.concurrent.locks.AbstractQueuedSynchronizer$ConditionObject (0x79906abc)
	Stack trace:
		sun.misc.Unsafe.park
		java.util.concurrent.locks.LockSupport.park:186
		java.util.concurrent.locks.AbstractQueuedSynchronizer$ConditionObject.await:2043
		java.util.concurrent.LinkedBlockingQueue.take:442
		java.util.concurrent.ThreadPoolExecutor.getTask:1068
		java.util.concurrent.ThreadPoolExecutor.runWorker:1130
		java.util.concurrent.ThreadPoolExecutor$Worker.run:615
		java.lang.Thread.run:745

	Thread "NBS6" (0x0000002f) WAITING
		waiting for java.util.concurrent.locks.AbstractQueuedSynchronizer$ConditionObject (0x79906abc)
	Stack trace:
		sun.misc.Unsafe.park
		java.util.concurrent.locks.LockSupport.park:186
		java.util.concurrent.locks.AbstractQueuedSynchronizer$ConditionObject.await:2043
		java.util.concurrent.LinkedBlockingQueue.take:442
		java.util.concurrent.ThreadPoolExecutor.getTask:1068
		java.util.concurrent.ThreadPoolExecutor.runWorker:1130
		java.util.concurrent.ThreadPoolExecutor$Worker.run:615
		java.lang.Thread.run:745

	Thread "NBS5" (0x0000002e) WAITING
		waiting for java.util.concurrent.locks.AbstractQueuedSynchronizer$ConditionObject (0x79906abc)
	Stack trace:
		sun.misc.Unsafe.park
		java.util.concurrent.locks.LockSupport.park:186
		java.util.concurrent.locks.AbstractQueuedSynchronizer$ConditionObject.await:2043
		java.util.concurrent.LinkedBlockingQueue.take:442
		java.util.concurrent.ThreadPoolExecutor.getTask:1068
		java.util.concurrent.ThreadPoolExecutor.runWorker:1130
		java.util.concurrent.ThreadPoolExecutor$Worker.run:615
		java.lang.Thread.run:745

	Thread "NBS4" (0x0000002d) WAITING
		waiting for java.util.concurrent.locks.AbstractQueuedSynchronizer$ConditionObject (0x79906abc)
	Stack trace:
		sun.misc.Unsafe.park
		java.util.concurrent.locks.LockSupport.park:186
		java.util.concurrent.locks.AbstractQueuedSynchronizer$ConditionObject.await:2043
		java.util.concurrent.LinkedBlockingQueue.take:442
		java.util.concurrent.ThreadPoolExecutor.getTask:1068
		java.util.concurrent.ThreadPoolExecutor.runWorker:1130
		java.util.concurrent.ThreadPoolExecutor$Worker.run:615
		java.lang.Thread.run:745

	Thread "NBS3" (0x0000002c) WAITING
		waiting for java.util.concurrent.locks.AbstractQueuedSynchronizer$ConditionObject (0x79906abc)
	Stack trace:
		sun.misc.Unsafe.park
		java.util.concurrent.locks.LockSupport.park:186
		java.util.concurrent.locks.AbstractQueuedSynchronizer$ConditionObject.await:2043
		java.util.concurrent.LinkedBlockingQueue.take:442
		java.util.concurrent.ThreadPoolExecutor.getTask:1068
		java.util.concurrent.ThreadPoolExecutor.runWorker:1130
		java.util.concurrent.ThreadPoolExecutor$Worker.run:615
		java.lang.Thread.run:745

	Thread "pool-1-thread-24" (0x0000002b) WAITING
		waiting for java.util.concurrent.locks.AbstractQueuedSynchronizer$ConditionObject (0x784f9afd)
	Stack trace:
		sun.misc.Unsafe.park
		java.util.concurrent.locks.LockSupport.park:186
		java.util.concurrent.locks.AbstractQueuedSynchronizer$ConditionObject.await:2043
		java.util.concurrent.LinkedBlockingQueue.take:442
		java.util.concurrent.ThreadPoolExecutor.getTask:1068
		java.util.concurrent.ThreadPoolExecutor.runWorker:1130
		java.util.concurrent.ThreadPoolExecutor$Worker.run:615
		java.lang.Thread.run:745

	Thread "pool-1-thread-23" (0x0000002a) WAITING
		waiting for java.util.concurrent.locks.AbstractQueuedSynchronizer$ConditionObject (0x784f9afd)
	Stack trace:
		sun.misc.Unsafe.park
		java.util.concurrent.locks.LockSupport.park:186
		java.util.concurrent.locks.AbstractQueuedSynchronizer$ConditionObject.await:2043
		java.util.concurrent.LinkedBlockingQueue.take:442
		java.util.concurrent.ThreadPoolExecutor.getTask:1068
		java.util.concurrent.ThreadPoolExecutor.runWorker:1130
		java.util.concurrent.ThreadPoolExecutor$Worker.run:615
		java.lang.Thread.run:745

	Thread "pool-1-thread-22" (0x00000029) WAITING
		waiting for java.util.concurrent.locks.AbstractQueuedSynchronizer$ConditionObject (0x784f9afd)
	Stack trace:
		sun.misc.Unsafe.park
		java.util.concurrent.locks.LockSupport.park:186
		java.util.concurrent.locks.AbstractQueuedSynchronizer$ConditionObject.await:2043
		java.util.concurrent.LinkedBlockingQueue.take:442
		java.util.concurrent.ThreadPoolExecutor.getTask:1068
		java.util.concurrent.ThreadPoolExecutor.runWorker:1130
		java.util.concurrent.ThreadPoolExecutor$Worker.run:615
		java.lang.Thread.run:745

	Thread "pool-1-thread-21" (0x00000028) WAITING
		waiting for java.util.concurrent.locks.AbstractQueuedSynchronizer$ConditionObject (0x784f9afd)
	Stack trace:
		sun.misc.Unsafe.park
		java.util.concurrent.locks.LockSupport.park:186
		java.util.concurrent.locks.AbstractQueuedSynchronizer$ConditionObject.await:2043
		java.util.concurrent.LinkedBlockingQueue.take:442
		java.util.concurrent.ThreadPoolExecutor.getTask:1068
		java.util.concurrent.ThreadPoolExecutor.runWorker:1130
		java.util.concurrent.ThreadPoolExecutor$Worker.run:615
		java.lang.Thread.run:745

	Thread "pool-1-thread-20" (0x00000027) WAITING
		waiting for java.util.concurrent.locks.AbstractQueuedSynchronizer$ConditionObject (0x784f9afd)
	Stack trace:
		sun.misc.Unsafe.park
		java.util.concurrent.locks.LockSupport.park:186
		java.util.concurrent.locks.AbstractQueuedSynchronizer$ConditionObject.await:2043
		java.util.concurrent.LinkedBlockingQueue.take:442
		java.util.concurrent.ThreadPoolExecutor.getTask:1068
		java.util.concurrent.ThreadPoolExecutor.runWorker:1130
		java.util.concurrent.ThreadPoolExecutor$Worker.run:615
		java.lang.Thread.run:745

	Thread "pool-1-thread-19" (0x00000026) WAITING
		waiting for java.util.concurrent.locks.AbstractQueuedSynchronizer$ConditionObject (0x784f9afd)
	Stack trace:
		sun.misc.Unsafe.park
		java.util.concurrent.locks.LockSupport.park:186
		java.util.concurrent.locks.AbstractQueuedSynchronizer$ConditionObject.await:2043
		java.util.concurrent.LinkedBlockingQueue.take:442
		java.util.concurrent.ThreadPoolExecutor.getTask:1068
		java.util.concurrent.ThreadPoolExecutor.runWorker:1130
		java.util.concurrent.ThreadPoolExecutor$Worker.run:615
		java.lang.Thread.run:745

	Thread "pool-1-thread-18" (0x00000025) WAITING
		waiting for java.util.concurrent.locks.AbstractQueuedSynchronizer$ConditionObject (0x784f9afd)
	Stack trace:
		sun.misc.Unsafe.park
		java.util.concurrent.locks.LockSupport.park:186
		java.util.concurrent.locks.AbstractQueuedSynchronizer$ConditionObject.await:2043
		java.util.concurrent.LinkedBlockingQueue.take:442
		java.util.concurrent.ThreadPoolExecutor.getTask:1068
		java.util.concurrent.ThreadPoolExecutor.runWorker:1130
		java.util.concurrent.ThreadPoolExecutor$Worker.run:615
		java.lang.Thread.run:745

	Thread "pool-1-thread-17" (0x00000024) WAITING
		waiting for java.util.concurrent.locks.AbstractQueuedSynchronizer$ConditionObject (0x784f9afd)
	Stack trace:
		sun.misc.Unsafe.park
		java.util.concurrent.locks.LockSupport.park:186
		java.util.concurrent.locks.AbstractQueuedSynchronizer$ConditionObject.await:2043
		java.util.concurrent.LinkedBlockingQueue.take:442
		java.util.concurrent.ThreadPoolExecutor.getTask:1068
		java.util.concurrent.ThreadPoolExecutor.runWorker:1130
		java.util.concurrent.ThreadPoolExecutor$Worker.run:615
		java.lang.Thread.run:745

	Thread "pool-1-thread-16" (0x00000023) WAITING
		waiting for java.util.concurrent.locks.AbstractQueuedSynchronizer$ConditionObject (0x784f9afd)
	Stack trace:
		sun.misc.Unsafe.park
		java.util.concurrent.locks.LockSupport.park:186
		java.util.concurrent.locks.AbstractQueuedSynchronizer$ConditionObject.await:2043
		java.util.concurrent.LinkedBlockingQueue.take:442
		java.util.concurrent.ThreadPoolExecutor.getTask:1068
		java.util.concurrent.ThreadPoolExecutor.runWorker:1130
		java.util.concurrent.ThreadPoolExecutor$Worker.run:615
		java.lang.Thread.run:745

	Thread "pool-1-thread-15" (0x00000022) WAITING
		waiting for java.util.concurrent.locks.AbstractQueuedSynchronizer$ConditionObject (0x784f9afd)
	Stack trace:
		sun.misc.Unsafe.park
		java.util.concurrent.locks.LockSupport.park:186
		java.util.concurrent.locks.AbstractQueuedSynchronizer$ConditionObject.await:2043
		java.util.concurrent.LinkedBlockingQueue.take:442
		java.util.concurrent.ThreadPoolExecutor.getTask:1068
		java.util.concurrent.ThreadPoolExecutor.runWorker:1130
		java.util.concurrent.ThreadPoolExecutor$Worker.run:615
		java.lang.Thread.run:745

	Thread "pool-1-thread-14" (0x00000021) WAITING
		waiting for java.util.concurrent.locks.AbstractQueuedSynchronizer$ConditionObject (0x784f9afd)
	Stack trace:
		sun.misc.Unsafe.park
		java.util.concurrent.locks.LockSupport.park:186
		java.util.concurrent.locks.AbstractQueuedSynchronizer$ConditionObject.await:2043
		java.util.concurrent.LinkedBlockingQueue.take:442
		java.util.concurrent.ThreadPoolExecutor.getTask:1068
		java.util.concurrent.ThreadPoolExecutor.runWorker:1130
		java.util.concurrent.ThreadPoolExecutor$Worker.run:615
		java.lang.Thread.run:745

	Thread "pool-1-thread-13" (0x00000020) WAITING
		waiting for java.util.concurrent.locks.AbstractQueuedSynchronizer$ConditionObject (0x784f9afd)
	Stack trace:
		sun.misc.Unsafe.park
		java.util.concurrent.locks.LockSupport.park:186
		java.util.concurrent.locks.AbstractQueuedSynchronizer$ConditionObject.await:2043
		java.util.concurrent.LinkedBlockingQueue.take:442
		java.util.concurrent.ThreadPoolExecutor.getTask:1068
		java.util.concurrent.ThreadPoolExecutor.runWorker:1130
		java.util.concurrent.ThreadPoolExecutor$Worker.run:615
		java.lang.Thread.run:745

	Thread "pool-1-thread-12" (0x0000001f) WAITING
		waiting for java.util.concurrent.locks.AbstractQueuedSynchronizer$ConditionObject (0x784f9afd)
	Stack trace:
		sun.misc.Unsafe.park
		java.util.concurrent.locks.LockSupport.park:186
		java.util.concurrent.locks.AbstractQueuedSynchronizer$ConditionObject.await:2043
		java.util.concurrent.LinkedBlockingQueue.take:442
		java.util.concurrent.ThreadPoolExecutor.getTask:1068
		java.util.concurrent.ThreadPoolExecutor.runWorker:1130
		java.util.concurrent.ThreadPoolExecutor$Worker.run:615
		java.lang.Thread.run:745

	Thread "pool-1-thread-11" (0x0000001e) WAITING
		waiting for java.util.concurrent.locks.AbstractQueuedSynchronizer$ConditionObject (0x784f9afd)
	Stack trace:
		sun.misc.Unsafe.park
		java.util.concurrent.locks.LockSupport.park:186
		java.util.concurrent.locks.AbstractQueuedSynchronizer$ConditionObject.await:2043
		java.util.concurrent.LinkedBlockingQueue.take:442
		java.util.concurrent.ThreadPoolExecutor.getTask:1068
		java.util.concurrent.ThreadPoolExecutor.runWorker:1130
		java.util.concurrent.ThreadPoolExecutor$Worker.run:615
		java.lang.Thread.run:745

	Thread "pool-1-thread-10" (0x0000001d) WAITING
		waiting for java.util.concurrent.locks.AbstractQueuedSynchronizer$ConditionObject (0x784f9afd)
	Stack trace:
		sun.misc.Unsafe.park
		java.util.concurrent.locks.LockSupport.park:186
		java.util.concurrent.locks.AbstractQueuedSynchronizer$ConditionObject.await:2043
		java.util.concurrent.LinkedBlockingQueue.take:442
		java.util.concurrent.ThreadPoolExecutor.getTask:1068
		java.util.concurrent.ThreadPoolExecutor.runWorker:1130
		java.util.concurrent.ThreadPoolExecutor$Worker.run:615
		java.lang.Thread.run:745

	Thread "pool-1-thread-9" (0x0000001c) WAITING
		waiting for java.util.concurrent.locks.AbstractQueuedSynchronizer$ConditionObject (0x784f9afd)
	Stack trace:
		sun.misc.Unsafe.park
		java.util.concurrent.locks.LockSupport.park:186
		java.util.concurrent.locks.AbstractQueuedSynchronizer$ConditionObject.await:2043
		java.util.concurrent.LinkedBlockingQueue.take:442
		java.util.concurrent.ThreadPoolExecutor.getTask:1068
		java.util.concurrent.ThreadPoolExecutor.runWorker:1130
		java.util.concurrent.ThreadPoolExecutor$Worker.run:615
		java.lang.Thread.run:745

	Thread "pool-1-thread-8" (0x0000001b) WAITING
		waiting for java.util.concurrent.locks.AbstractQueuedSynchronizer$ConditionObject (0x784f9afd)
	Stack trace:
		sun.misc.Unsafe.park
		java.util.concurrent.locks.LockSupport.park:186
		java.util.concurrent.locks.AbstractQueuedSynchronizer$ConditionObject.await:2043
		java.util.concurrent.LinkedBlockingQueue.take:442
		java.util.concurrent.ThreadPoolExecutor.getTask:1068
		java.util.concurrent.ThreadPoolExecutor.runWorker:1130
		java.util.concurrent.ThreadPoolExecutor$Worker.run:615
		java.lang.Thread.run:745

	Thread "pool-1-thread-7" (0x0000001a) WAITING
		waiting for java.util.concurrent.locks.AbstractQueuedSynchronizer$ConditionObject (0x784f9afd)
	Stack trace:
		sun.misc.Unsafe.park
		java.util.concurrent.locks.LockSupport.park:186
		java.util.concurrent.locks.AbstractQueuedSynchronizer$ConditionObject.await:2043
		java.util.concurrent.LinkedBlockingQueue.take:442
		java.util.concurrent.ThreadPoolExecutor.getTask:1068
		java.util.concurrent.ThreadPoolExecutor.runWorker:1130
		java.util.concurrent.ThreadPoolExecutor$Worker.run:615
		java.lang.Thread.run:745

	Thread "pool-1-thread-6" (0x00000019) WAITING
		waiting for java.util.concurrent.locks.AbstractQueuedSynchronizer$ConditionObject (0x784f9afd)
	Stack trace:
		sun.misc.Unsafe.park
		java.util.concurrent.locks.LockSupport.park:186
		java.util.concurrent.locks.AbstractQueuedSynchronizer$ConditionObject.await:2043
		java.util.concurrent.LinkedBlockingQueue.take:442
		java.util.concurrent.ThreadPoolExecutor.getTask:1068
		java.util.concurrent.ThreadPoolExecutor.runWorker:1130
		java.util.concurrent.ThreadPoolExecutor$Worker.run:615
		java.lang.Thread.run:745

	Thread "pool-1-thread-5" (0x00000018) WAITING
		waiting for java.util.concurrent.locks.AbstractQueuedSynchronizer$ConditionObject (0x784f9afd)
	Stack trace:
		sun.misc.Unsafe.park
		java.util.concurrent.locks.LockSupport.park:186
		java.util.concurrent.locks.AbstractQueuedSynchronizer$ConditionObject.await:2043
		java.util.concurrent.LinkedBlockingQueue.take:442
		java.util.concurrent.ThreadPoolExecutor.getTask:1068
		java.util.concurrent.ThreadPoolExecutor.runWorker:1130
		java.util.concurrent.ThreadPoolExecutor$Worker.run:615
		java.lang.Thread.run:745

	Thread "Restart Log Sync" (0x00000015) WAITING
		waiting for org.globus.cog.karajan.compiled.nodes.restartLog.SyncThread (0x324895c0)
	Stack trace:
		java.lang.Object.wait
		java.lang.Object.wait:503
		org.globus.cog.karajan.compiled.nodes.restartLog.SyncThread.run:66

	Thread "pool-1-thread-4" (0x00000014) WAITING
		waiting for java.util.concurrent.locks.AbstractQueuedSynchronizer$ConditionObject (0x784f9afd)
	Stack trace:
		sun.misc.Unsafe.park
		java.util.concurrent.locks.LockSupport.park:186
		java.util.concurrent.locks.AbstractQueuedSynchronizer$ConditionObject.await:2043
		java.util.concurrent.LinkedBlockingQueue.take:442
		java.util.concurrent.ThreadPoolExecutor.getTask:1068
		java.util.concurrent.ThreadPoolExecutor.runWorker:1130
		java.util.concurrent.ThreadPoolExecutor$Worker.run:615
		java.lang.Thread.run:745

	Thread "NBS2" (0x00000013) WAITING
		waiting for java.util.concurrent.locks.AbstractQueuedSynchronizer$ConditionObject (0x79906abc)
	Stack trace:
		sun.misc.Unsafe.park
		java.util.concurrent.locks.LockSupport.park:186
		java.util.concurrent.locks.AbstractQueuedSynchronizer$ConditionObject.await:2043
		java.util.concurrent.LinkedBlockingQueue.take:442
		java.util.concurrent.ThreadPoolExecutor.getTask:1068
		java.util.concurrent.ThreadPoolExecutor.runWorker:1130
		java.util.concurrent.ThreadPoolExecutor$Worker.run:615
		java.lang.Thread.run:745

	Thread "pool-1-thread-3" (0x00000012) WAITING
		waiting for java.util.concurrent.locks.AbstractQueuedSynchronizer$ConditionObject (0x784f9afd)
	Stack trace:
		sun.misc.Unsafe.park
		java.util.concurrent.locks.LockSupport.park:186
		java.util.concurrent.locks.AbstractQueuedSynchronizer$ConditionObject.await:2043
		java.util.concurrent.LinkedBlockingQueue.take:442
		java.util.concurrent.ThreadPoolExecutor.getTask:1068
		java.util.concurrent.ThreadPoolExecutor.runWorker:1130
		java.util.concurrent.ThreadPoolExecutor$Worker.run:615
		java.lang.Thread.run:745

	Thread "NBS1" (0x00000011) WAITING
		waiting for java.util.concurrent.locks.AbstractQueuedSynchronizer$ConditionObject (0x79906abc)
	Stack trace:
		sun.misc.Unsafe.park
		java.util.concurrent.locks.LockSupport.park:186
		java.util.concurrent.locks.AbstractQueuedSynchronizer$ConditionObject.await:2043
		java.util.concurrent.LinkedBlockingQueue.take:442
		java.util.concurrent.ThreadPoolExecutor.getTask:1068
		java.util.concurrent.ThreadPoolExecutor.runWorker:1130
		java.util.concurrent.ThreadPoolExecutor$Worker.run:615
		java.lang.Thread.run:745

	Thread "pool-1-thread-2" (0x00000010) WAITING
		waiting for java.util.concurrent.locks.AbstractQueuedSynchronizer$ConditionObject (0x784f9afd)
	Stack trace:
		sun.misc.Unsafe.park
		java.util.concurrent.locks.LockSupport.park:186
		java.util.concurrent.locks.AbstractQueuedSynchronizer$ConditionObject.await:2043
		java.util.concurrent.LinkedBlockingQueue.take:442
		java.util.concurrent.ThreadPoolExecutor.getTask:1068
		java.util.concurrent.ThreadPoolExecutor.runWorker:1130
		java.util.concurrent.ThreadPoolExecutor$Worker.run:615
		java.lang.Thread.run:745

	Thread "Timer-0" (0x0000000f) TIMED_WAITING
		waiting for java.util.TaskQueue (0x3b5f8a0a)
	Stack trace:
		java.lang.Object.wait
		java.util.TimerThread.mainLoop:552
		java.util.TimerThread.run:505

	Thread "NBS0" (0x0000000e) WAITING
		waiting for java.util.concurrent.locks.AbstractQueuedSynchronizer$ConditionObject (0x79906abc)
	Stack trace:
		sun.misc.Unsafe.park
		java.util.concurrent.locks.LockSupport.park:186
		java.util.concurrent.locks.AbstractQueuedSynchronizer$ConditionObject.await:2043
		java.util.concurrent.LinkedBlockingQueue.take:442
		java.util.concurrent.ThreadPoolExecutor.getTask:1068
		java.util.concurrent.ThreadPoolExecutor.runWorker:1130
		java.util.concurrent.ThreadPoolExecutor$Worker.run:615
		java.lang.Thread.run:745

	Thread "Scheduler" (0x0000000c) TIMED_WAITING
		waiting for org.griphyn.vdl.karajan.VDSAdaptiveScheduler (0x23c01b1a)
	Stack trace:
		java.lang.Object.wait
		org.globus.cog.karajan.scheduler.LateBindingScheduler.sleep:324
		org.globus.cog.karajan.scheduler.LateBindingScheduler.run:271

	Thread "Overloaded Host Monitor" (0x0000000d) TIMED_WAITING
	Stack trace:
		java.lang.Thread.sleep
		org.globus.cog.karajan.scheduler.OverloadedHostMonitor.run:66

	Thread "pool-1-thread-1" (0x0000000b) WAITING
		waiting for java.util.concurrent.locks.AbstractQueuedSynchronizer$ConditionObject (0x784f9afd)
	Stack trace:
		sun.misc.Unsafe.park
		java.util.concurrent.locks.LockSupport.park:186
		java.util.concurrent.locks.AbstractQueuedSynchronizer$ConditionObject.await:2043
		java.util.concurrent.LinkedBlockingQueue.take:442
		java.util.concurrent.ThreadPoolExecutor.getTask:1068
		java.util.concurrent.ThreadPoolExecutor.runWorker:1130
		java.util.concurrent.ThreadPoolExecutor$Worker.run:615
		java.lang.Thread.run:745

	Thread "LWT Scheduler Timer" (0x0000000a) WAITING
		waiting for java.util.TaskQueue (0x7d5fb4f9)
	Stack trace:
		java.lang.Object.wait
		java.lang.Object.wait:503
		java.util.TimerThread.mainLoop:526
		java.util.TimerThread.run:505

	Thread "AsyncAppender-Dispatcher-Thread-0" (0x00000008) WAITING
		waiting for java.util.ArrayList (0x166287bd)
	Stack trace:
		java.lang.Object.wait
		java.lang.Object.wait:503
		org.apache.log4j.AsyncAppender$Dispatcher.run:548
		java.lang.Thread.run:745

	Thread "Finalizer" (0x00000003) WAITING
		waiting for java.lang.ref.ReferenceQueue$Lock (0x1ebd94c6)
	Stack trace:
		java.lang.Object.wait
		java.lang.ref.ReferenceQueue.remove:135
		java.lang.ref.ReferenceQueue.remove:151
		java.lang.ref.Finalizer$FinalizerThread.run:209

	Thread "Reference Handler" (0x00000002) WAITING
		waiting for java.lang.ref.Reference$Lock (0x307262ee)
	Stack trace:
		java.lang.Object.wait
		java.lang.Object.wait:503
		java.lang.ref.Reference$ReferenceHandler.run:133


