Swift 0.96.2 git-rev: b9611649002eecd640fc6c58bbb88cb35ce03539 heads/release-0.96-swift 6287
RunID: run044
Progress: Mon, 22 Feb 2016 21:28:38+0100
Progress: Mon, 22 Feb 2016 21:28:39+0100  Submitting:8
Progress: Mon, 22 Feb 2016 21:29:04+0100  Submitting:1  Submitted:7
Progress: Mon, 22 Feb 2016 21:29:27+0100  Submitted:8
Progress: Mon, 22 Feb 2016 21:29:57+0100  Submitted:8
Progress: Mon, 22 Feb 2016 21:30:27+0100  Submitted:8
Progress: Mon, 22 Feb 2016 21:30:57+0100  Submitted:8
Progress: Mon, 22 Feb 2016 21:31:09+0100  Stage in:1  Submitted:7
Progress: Mon, 22 Feb 2016 21:31:10+0100  Submitted:7  Active:1
Progress: Mon, 22 Feb 2016 21:31:40+0100  Submitted:7  Active:1
Progress: Mon, 22 Feb 2016 21:32:10+0100  Submitted:7  Active:1
Progress: Mon, 22 Feb 2016 21:32:40+0100  Submitted:7  Active:1
Progress: Mon, 22 Feb 2016 21:33:10+0100  Submitted:7  Active:1
Progress: Mon, 22 Feb 2016 21:33:40+0100  Submitted:7  Active:1
Progress: Mon, 22 Feb 2016 21:34:10+0100  Submitted:7  Active:1
Progress: Mon, 22 Feb 2016 21:34:40+0100  Submitted:7  Active:1
Progress: Mon, 22 Feb 2016 21:35:10+0100  Submitted:7  Active:1
Progress: Mon, 22 Feb 2016 21:35:40+0100  Submitted:7  Active:1
Progress: Mon, 22 Feb 2016 21:36:10+0100  Submitted:7  Active:1
Progress: Mon, 22 Feb 2016 21:36:40+0100  Submitted:7  Active:1
Progress: Mon, 22 Feb 2016 21:37:10+0100  Submitted:7  Active:1
Progress: Mon, 22 Feb 2016 21:37:40+0100  Submitted:7  Active:1
Progress: Mon, 22 Feb 2016 21:38:10+0100  Submitted:7  Active:1
Progress: Mon, 22 Feb 2016 21:38:40+0100  Submitted:7  Active:1
Progress: Mon, 22 Feb 2016 21:39:10+0100  Submitted:7  Active:1
Progress: Mon, 22 Feb 2016 21:39:40+0100  Submitted:7  Active:1
Progress: Mon, 22 Feb 2016 21:40:10+0100  Submitted:7  Active:1
Progress: Mon, 22 Feb 2016 21:40:40+0100  Submitted:7  Active:1
Progress: Mon, 22 Feb 2016 21:41:10+0100  Submitted:7  Active:1
Progress: Mon, 22 Feb 2016 21:41:40+0100  Submitted:7  Active:1
Progress: Mon, 22 Feb 2016 21:42:10+0100  Submitted:7  Active:1
Progress: Mon, 22 Feb 2016 21:42:40+0100  Submitted:7  Active:1
Progress: Mon, 22 Feb 2016 21:43:10+0100  Submitted:7  Active:1
Progress: Mon, 22 Feb 2016 21:43:40+0100  Submitted:7  Active:1
Progress: Mon, 22 Feb 2016 21:44:10+0100  Submitted:7  Active:1
Progress: Mon, 22 Feb 2016 21:44:40+0100  Submitted:7  Active:1
Progress: Mon, 22 Feb 2016 21:45:10+0100  Submitted:7  Active:1
Progress: Mon, 22 Feb 2016 21:45:40+0100  Submitted:7  Active:1
Progress: Mon, 22 Feb 2016 21:46:10+0100  Submitted:7  Stage out:1
Progress: Mon, 22 Feb 2016 21:46:29+0100  Submitted:7  Finished successfully:1
Progress: Mon, 22 Feb 2016 21:46:59+0100  Submitted:7  Finished successfully:1
Progress: Mon, 22 Feb 2016 21:47:29+0100  Submitted:7  Finished successfully:1
Progress: Mon, 22 Feb 2016 21:47:59+0100  Submitted:7  Finished successfully:1
Progress: Mon, 22 Feb 2016 21:48:29+0100  Submitted:7  Finished successfully:1
Progress: Mon, 22 Feb 2016 21:48:59+0100  Submitted:7  Finished successfully:1
Progress: Mon, 22 Feb 2016 21:49:29+0100  Submitted:7  Finished successfully:1
Progress: Mon, 22 Feb 2016 21:49:59+0100  Submitted:7  Finished successfully:1
Progress: Mon, 22 Feb 2016 21:50:29+0100  Submitted:7  Finished successfully:1
Progress: Mon, 22 Feb 2016 21:50:59+0100  Submitted:7  Finished successfully:1
Progress: Mon, 22 Feb 2016 21:51:29+0100  Submitted:7  Finished successfully:1
Progress: Mon, 22 Feb 2016 21:51:59+0100  Submitted:7  Finished successfully:1
Progress: Mon, 22 Feb 2016 21:52:29+0100  Submitted:7  Finished successfully:1
Progress: Mon, 22 Feb 2016 21:52:59+0100  Submitted:7  Finished successfully:1
Progress: Mon, 22 Feb 2016 21:53:29+0100  Submitted:7  Finished successfully:1
Progress: Mon, 22 Feb 2016 21:53:59+0100  Submitted:7  Finished successfully:1
Progress: Mon, 22 Feb 2016 21:54:29+0100  Submitted:7  Finished successfully:1
Progress: Mon, 22 Feb 2016 21:54:59+0100  Submitted:7  Finished successfully:1
Progress: Mon, 22 Feb 2016 21:55:29+0100  Submitted:7  Finished successfully:1
Progress: Mon, 22 Feb 2016 21:55:59+0100  Submitted:7  Finished successfully:1
Progress: Mon, 22 Feb 2016 21:56:29+0100  Submitted:7  Finished successfully:1
Progress: Mon, 22 Feb 2016 21:56:59+0100  Submitted:7  Finished successfully:1
Progress: Mon, 22 Feb 2016 21:57:29+0100  Submitted:7  Finished successfully:1
Progress: Mon, 22 Feb 2016 21:57:59+0100  Submitted:7  Finished successfully:1
Progress: Mon, 22 Feb 2016 21:58:29+0100  Submitted:7  Finished successfully:1
Progress: Mon, 22 Feb 2016 21:58:59+0100  Submitted:7  Finished successfully:1
Progress: Mon, 22 Feb 2016 21:59:29+0100  Submitted:7  Finished successfully:1
Progress: Mon, 22 Feb 2016 21:59:59+0100  Submitted:7  Finished successfully:1
Progress: Mon, 22 Feb 2016 22:00:29+0100  Submitted:7  Finished successfully:1
Progress: Mon, 22 Feb 2016 22:00:59+0100  Submitted:7  Finished successfully:1
Progress: Mon, 22 Feb 2016 22:01:29+0100  Submitted:7  Finished successfully:1
Progress: Mon, 22 Feb 2016 22:01:59+0100  Submitted:7  Finished successfully:1
Progress: Mon, 22 Feb 2016 22:02:29+0100  Submitted:7  Finished successfully:1
Progress: Mon, 22 Feb 2016 22:02:59+0100  Submitted:7  Finished successfully:1
Progress: Mon, 22 Feb 2016 22:03:29+0100  Submitted:7  Finished successfully:1
Progress: Mon, 22 Feb 2016 22:03:59+0100  Submitted:7  Finished successfully:1
Progress: Mon, 22 Feb 2016 22:04:29+0100  Submitted:7  Finished successfully:1
Progress: Mon, 22 Feb 2016 22:04:59+0100  Submitted:7  Finished successfully:1
Progress: Mon, 22 Feb 2016 22:05:29+0100  Submitted:7  Finished successfully:1
Progress: Mon, 22 Feb 2016 22:05:59+0100  Submitted:7  Finished successfully:1
Progress: Mon, 22 Feb 2016 22:06:29+0100  Submitted:7  Finished successfully:1
Progress: Mon, 22 Feb 2016 22:06:59+0100  Submitted:7  Finished successfully:1
Progress: Mon, 22 Feb 2016 22:07:29+0100  Submitted:7  Finished successfully:1
Progress: Mon, 22 Feb 2016 22:07:59+0100  Submitted:7  Finished successfully:1
Progress: Mon, 22 Feb 2016 22:08:29+0100  Submitted:7  Finished successfully:1
Progress: Mon, 22 Feb 2016 22:08:59+0100  Submitted:7  Finished successfully:1
Progress: Mon, 22 Feb 2016 22:09:29+0100  Submitted:7  Finished successfully:1
Progress: Mon, 22 Feb 2016 22:09:59+0100  Submitted:7  Finished successfully:1
Progress: Mon, 22 Feb 2016 22:10:29+0100  Submitted:7  Finished successfully:1
Progress: Mon, 22 Feb 2016 22:10:59+0100  Submitted:7  Finished successfully:1
Progress: Mon, 22 Feb 2016 22:11:29+0100  Submitted:7  Finished successfully:1
Progress: Mon, 22 Feb 2016 22:11:59+0100  Submitted:7  Finished successfully:1
Progress: Mon, 22 Feb 2016 22:12:29+0100  Submitted:7  Finished successfully:1
Progress: Mon, 22 Feb 2016 22:12:59+0100  Submitted:7  Finished successfully:1
Progress: Mon, 22 Feb 2016 22:13:29+0100  Submitted:7  Finished successfully:1
Progress: Mon, 22 Feb 2016 22:13:59+0100  Submitted:7  Finished successfully:1
Progress: Mon, 22 Feb 2016 22:14:29+0100  Submitted:7  Finished successfully:1
Progress: Mon, 22 Feb 2016 22:14:59+0100  Submitted:7  Finished successfully:1
Progress: Mon, 22 Feb 2016 22:15:29+0100  Submitted:7  Finished successfully:1
Progress: Mon, 22 Feb 2016 22:15:59+0100  Submitted:7  Finished successfully:1
Progress: Mon, 22 Feb 2016 22:16:29+0100  Submitted:7  Finished successfully:1
Progress: Mon, 22 Feb 2016 22:16:59+0100  Submitted:7  Finished successfully:1
Progress: Mon, 22 Feb 2016 22:17:29+0100  Submitted:7  Finished successfully:1
Progress: Mon, 22 Feb 2016 22:17:59+0100  Submitted:7  Finished successfully:1
Progress: Mon, 22 Feb 2016 22:18:29+0100  Submitted:7  Finished successfully:1
Progress: Mon, 22 Feb 2016 22:18:59+0100  Submitted:7  Finished successfully:1
Progress: Mon, 22 Feb 2016 22:19:29+0100  Submitted:7  Finished successfully:1
Progress: Mon, 22 Feb 2016 22:19:59+0100  Submitted:7  Finished successfully:1
Progress: Mon, 22 Feb 2016 22:20:29+0100  Submitted:7  Finished successfully:1
Progress: Mon, 22 Feb 2016 22:20:59+0100  Submitted:7  Finished successfully:1
Progress: Mon, 22 Feb 2016 22:21:29+0100  Submitted:7  Finished successfully:1
Progress: Mon, 22 Feb 2016 22:21:59+0100  Submitted:7  Finished successfully:1
Progress: Mon, 22 Feb 2016 22:22:29+0100  Submitted:7  Finished successfully:1
Progress: Mon, 22 Feb 2016 22:22:59+0100  Submitted:7  Finished successfully:1
Progress: Mon, 22 Feb 2016 22:23:29+0100  Submitted:7  Finished successfully:1
Progress: Mon, 22 Feb 2016 22:23:59+0100  Submitted:7  Finished successfully:1
Progress: Mon, 22 Feb 2016 22:24:29+0100  Submitted:7  Finished successfully:1
Progress: Mon, 22 Feb 2016 22:24:59+0100  Submitted:7  Finished successfully:1
Progress: Mon, 22 Feb 2016 22:25:29+0100  Submitted:7  Finished successfully:1
Progress: Mon, 22 Feb 2016 22:25:59+0100  Submitted:7  Finished successfully:1
Progress: Mon, 22 Feb 2016 22:26:29+0100  Submitted:7  Finished successfully:1
Progress: Mon, 22 Feb 2016 22:26:59+0100  Submitted:7  Finished successfully:1
Progress: Mon, 22 Feb 2016 22:27:29+0100  Submitted:7  Finished successfully:1
Progress: Mon, 22 Feb 2016 22:27:59+0100  Submitted:7  Finished successfully:1
Progress: Mon, 22 Feb 2016 22:28:29+0100  Submitted:7  Finished successfully:1
Progress: Mon, 22 Feb 2016 22:28:59+0100  Submitted:7  Finished successfully:1
Progress: Mon, 22 Feb 2016 22:29:29+0100  Submitted:7  Finished successfully:1
Progress: Mon, 22 Feb 2016 22:29:59+0100  Submitted:7  Finished successfully:1
Progress: Mon, 22 Feb 2016 22:30:29+0100  Submitted:7  Finished successfully:1
Progress: Mon, 22 Feb 2016 22:30:59+0100  Submitted:7  Finished successfully:1
Progress: Mon, 22 Feb 2016 22:31:29+0100  Submitted:7  Finished successfully:1
Progress: Mon, 22 Feb 2016 22:31:59+0100  Submitted:7  Finished successfully:1
Progress: Mon, 22 Feb 2016 22:32:29+0100  Submitted:7  Finished successfully:1
Progress: Mon, 22 Feb 2016 22:32:59+0100  Submitted:7  Finished successfully:1
Progress: Mon, 22 Feb 2016 22:33:29+0100  Submitted:7  Finished successfully:1
Progress: Mon, 22 Feb 2016 22:33:59+0100  Submitted:7  Finished successfully:1
Progress: Mon, 22 Feb 2016 22:34:29+0100  Submitted:7  Finished successfully:1
Progress: Mon, 22 Feb 2016 22:34:59+0100  Submitted:7  Finished successfully:1
Progress: Mon, 22 Feb 2016 22:35:29+0100  Submitted:7  Finished successfully:1
Progress: Mon, 22 Feb 2016 22:35:59+0100  Submitted:7  Finished successfully:1
Progress: Mon, 22 Feb 2016 22:36:29+0100  Submitted:7  Finished successfully:1
Progress: Mon, 22 Feb 2016 22:36:59+0100  Submitted:7  Finished successfully:1
Progress: Mon, 22 Feb 2016 22:37:29+0100  Submitted:7  Finished successfully:1
Progress: Mon, 22 Feb 2016 22:37:59+0100  Submitted:7  Finished successfully:1
Progress: Mon, 22 Feb 2016 22:38:29+0100  Submitted:7  Finished successfully:1
Progress: Mon, 22 Feb 2016 22:38:59+0100  Submitted:7  Finished successfully:1
Progress: Mon, 22 Feb 2016 22:39:29+0100  Submitted:7  Finished successfully:1
Progress: Mon, 22 Feb 2016 22:39:59+0100  Submitted:7  Finished successfully:1
Progress: Mon, 22 Feb 2016 22:40:29+0100  Submitted:7  Finished successfully:1
Progress: Mon, 22 Feb 2016 22:40:59+0100  Submitted:7  Finished successfully:1
Progress: Mon, 22 Feb 2016 22:41:29+0100  Submitted:7  Finished successfully:1
Progress: Mon, 22 Feb 2016 22:41:59+0100  Submitted:7  Finished successfully:1
Progress: Mon, 22 Feb 2016 22:42:29+0100  Submitted:7  Finished successfully:1
Progress: Mon, 22 Feb 2016 22:42:59+0100  Submitted:7  Finished successfully:1
Progress: Mon, 22 Feb 2016 22:43:29+0100  Submitted:7  Finished successfully:1
Progress: Mon, 22 Feb 2016 22:43:59+0100  Submitted:7  Finished successfully:1
Progress: Mon, 22 Feb 2016 22:44:29+0100  Submitted:7  Finished successfully:1
Progress: Mon, 22 Feb 2016 22:44:59+0100  Submitted:7  Finished successfully:1
Progress: Mon, 22 Feb 2016 22:45:29+0100  Submitted:7  Finished successfully:1
Progress: Mon, 22 Feb 2016 22:45:59+0100  Submitted:7  Finished successfully:1
Progress: Mon, 22 Feb 2016 22:46:29+0100  Submitted:7  Finished successfully:1
Progress: Mon, 22 Feb 2016 22:46:59+0100  Submitted:7  Finished successfully:1
Progress: Mon, 22 Feb 2016 22:47:29+0100  Submitted:7  Finished successfully:1
Progress: Mon, 22 Feb 2016 22:47:59+0100  Submitted:7  Finished successfully:1
Progress: Mon, 22 Feb 2016 22:48:29+0100  Submitted:7  Finished successfully:1
Progress: Mon, 22 Feb 2016 22:48:59+0100  Submitted:7  Finished successfully:1
Progress: Mon, 22 Feb 2016 22:49:29+0100  Submitted:7  Finished successfully:1
Progress: Mon, 22 Feb 2016 22:49:59+0100  Submitted:7  Finished successfully:1
Progress: Mon, 22 Feb 2016 22:50:29+0100  Submitted:7  Finished successfully:1
Progress: Mon, 22 Feb 2016 22:50:59+0100  Submitted:7  Finished successfully:1
Progress: Mon, 22 Feb 2016 22:51:29+0100  Submitted:7  Finished successfully:1
Progress: Mon, 22 Feb 2016 22:51:59+0100  Submitted:7  Finished successfully:1
Progress: Mon, 22 Feb 2016 22:52:29+0100  Submitted:7  Finished successfully:1
Progress: Mon, 22 Feb 2016 22:52:59+0100  Submitted:7  Finished successfully:1
Progress: Mon, 22 Feb 2016 22:53:29+0100  Submitted:7  Finished successfully:1
Progress: Mon, 22 Feb 2016 22:54:00+0100  Submitted:7  Finished successfully:1
Progress: Mon, 22 Feb 2016 22:54:30+0100  Submitted:7  Finished successfully:1
Progress: Mon, 22 Feb 2016 22:55:00+0100  Submitted:7  Finished successfully:1
Progress: Mon, 22 Feb 2016 22:55:30+0100  Submitted:7  Finished successfully:1
Progress: Mon, 22 Feb 2016 22:56:00+0100  Submitted:7  Finished successfully:1
Progress: Mon, 22 Feb 2016 22:56:30+0100  Submitted:7  Finished successfully:1
Progress: Mon, 22 Feb 2016 22:57:00+0100  Submitted:7  Finished successfully:1
Progress: Mon, 22 Feb 2016 22:57:30+0100  Submitted:7  Finished successfully:1
Progress: Mon, 22 Feb 2016 22:58:00+0100  Submitted:7  Finished successfully:1
Progress: Mon, 22 Feb 2016 22:58:30+0100  Submitted:7  Finished successfully:1
Progress: Mon, 22 Feb 2016 22:59:00+0100  Submitted:7  Finished successfully:1
Progress: Mon, 22 Feb 2016 22:59:30+0100  Submitted:7  Finished successfully:1
Progress: Mon, 22 Feb 2016 23:00:00+0100  Submitted:7  Finished successfully:1
Progress: Mon, 22 Feb 2016 23:00:30+0100  Submitted:7  Finished successfully:1
Progress: Mon, 22 Feb 2016 23:01:00+0100  Submitted:7  Finished successfully:1
Progress: Mon, 22 Feb 2016 23:01:30+0100  Submitted:7  Finished successfully:1
Progress: Mon, 22 Feb 2016 23:02:00+0100  Submitted:7  Finished successfully:1
Progress: Mon, 22 Feb 2016 23:02:30+0100  Submitted:7  Finished successfully:1
Progress: Mon, 22 Feb 2016 23:03:00+0100  Submitted:7  Finished successfully:1
Progress: Mon, 22 Feb 2016 23:03:30+0100  Submitted:7  Finished successfully:1
Progress: Mon, 22 Feb 2016 23:04:00+0100  Submitted:7  Finished successfully:1
Progress: Mon, 22 Feb 2016 23:04:30+0100  Submitted:7  Finished successfully:1
Progress: Mon, 22 Feb 2016 23:05:00+0100  Submitted:7  Finished successfully:1
Progress: Mon, 22 Feb 2016 23:05:30+0100  Submitted:7  Finished successfully:1
Progress: Mon, 22 Feb 2016 23:06:00+0100  Submitted:7  Finished successfully:1
Progress: Mon, 22 Feb 2016 23:06:30+0100  Submitted:7  Finished successfully:1
Progress: Mon, 22 Feb 2016 23:07:00+0100  Submitted:7  Finished successfully:1
Progress: Mon, 22 Feb 2016 23:07:30+0100  Submitted:7  Finished successfully:1
Progress: Mon, 22 Feb 2016 23:08:00+0100  Submitted:7  Finished successfully:1
Progress: Mon, 22 Feb 2016 23:08:30+0100  Submitted:7  Finished successfully:1
Progress: Mon, 22 Feb 2016 23:09:00+0100  Submitted:7  Finished successfully:1
Progress: Mon, 22 Feb 2016 23:09:30+0100  Submitted:7  Finished successfully:1
Progress: Mon, 22 Feb 2016 23:10:00+0100  Submitted:7  Finished successfully:1
Progress: Mon, 22 Feb 2016 23:10:30+0100  Submitted:7  Finished successfully:1
Progress: Mon, 22 Feb 2016 23:11:00+0100  Submitted:7  Finished successfully:1
Progress: Mon, 22 Feb 2016 23:11:30+0100  Submitted:7  Finished successfully:1
Progress: Mon, 22 Feb 2016 23:12:00+0100  Submitted:7  Finished successfully:1
Progress: Mon, 22 Feb 2016 23:12:30+0100  Submitted:7  Finished successfully:1
Progress: Mon, 22 Feb 2016 23:13:00+0100  Submitted:7  Finished successfully:1
Progress: Mon, 22 Feb 2016 23:13:30+0100  Submitted:7  Finished successfully:1
Progress: Mon, 22 Feb 2016 23:14:00+0100  Submitted:7  Finished successfully:1
Progress: Mon, 22 Feb 2016 23:14:30+0100  Submitted:7  Finished successfully:1
Progress: Mon, 22 Feb 2016 23:15:00+0100  Submitted:7  Finished successfully:1
Progress: Mon, 22 Feb 2016 23:15:30+0100  Submitted:7  Finished successfully:1
Progress: Mon, 22 Feb 2016 23:16:00+0100  Submitted:7  Finished successfully:1
Progress: Mon, 22 Feb 2016 23:16:30+0100  Submitted:7  Finished successfully:1
Progress: Mon, 22 Feb 2016 23:17:00+0100  Submitted:7  Finished successfully:1
Progress: Mon, 22 Feb 2016 23:17:30+0100  Submitted:7  Finished successfully:1
Progress: Mon, 22 Feb 2016 23:18:00+0100  Submitted:7  Finished successfully:1
Progress: Mon, 22 Feb 2016 23:18:30+0100  Submitted:7  Finished successfully:1
Progress: Mon, 22 Feb 2016 23:19:00+0100  Submitted:7  Finished successfully:1
Progress: Mon, 22 Feb 2016 23:19:30+0100  Submitted:7  Finished successfully:1
Progress: Mon, 22 Feb 2016 23:20:00+0100  Submitted:7  Finished successfully:1
Progress: Mon, 22 Feb 2016 23:20:30+0100  Submitted:7  Finished successfully:1
Progress: Mon, 22 Feb 2016 23:21:00+0100  Submitted:7  Finished successfully:1
Progress: Mon, 22 Feb 2016 23:21:30+0100  Submitted:7  Finished successfully:1
Progress: Mon, 22 Feb 2016 23:22:00+0100  Submitted:7  Finished successfully:1
Progress: Mon, 22 Feb 2016 23:22:30+0100  Submitted:7  Finished successfully:1
Progress: Mon, 22 Feb 2016 23:23:00+0100  Submitted:7  Finished successfully:1
Progress: Mon, 22 Feb 2016 23:23:30+0100  Submitted:7  Finished successfully:1
Progress: Mon, 22 Feb 2016 23:24:00+0100  Submitted:7  Finished successfully:1
Progress: Mon, 22 Feb 2016 23:24:30+0100  Submitted:7  Finished successfully:1
Progress: Mon, 22 Feb 2016 23:25:00+0100  Submitted:7  Finished successfully:1
Progress: Mon, 22 Feb 2016 23:25:30+0100  Submitted:7  Finished successfully:1
Progress: Mon, 22 Feb 2016 23:26:00+0100  Submitted:7  Finished successfully:1
Progress: Mon, 22 Feb 2016 23:26:30+0100  Submitted:7  Finished successfully:1
Progress: Mon, 22 Feb 2016 23:27:00+0100  Submitted:7  Finished successfully:1
Progress: Mon, 22 Feb 2016 23:27:30+0100  Submitted:7  Finished successfully:1
Progress: Mon, 22 Feb 2016 23:28:00+0100  Submitted:7  Finished successfully:1
Progress: Mon, 22 Feb 2016 23:28:30+0100  Submitted:7  Finished successfully:1
Progress: Mon, 22 Feb 2016 23:29:00+0100  Submitted:7  Finished successfully:1
Progress: Mon, 22 Feb 2016 23:29:30+0100  Submitted:7  Finished successfully:1
Progress: Mon, 22 Feb 2016 23:30:00+0100  Submitted:7  Finished successfully:1
Progress: Mon, 22 Feb 2016 23:30:30+0100  Submitted:7  Finished successfully:1
Progress: Mon, 22 Feb 2016 23:31:00+0100  Submitted:7  Finished successfully:1
Progress: Mon, 22 Feb 2016 23:31:30+0100  Submitted:7  Finished successfully:1
Progress: Mon, 22 Feb 2016 23:32:00+0100  Submitted:7  Finished successfully:1
Progress: Mon, 22 Feb 2016 23:32:30+0100  Submitted:7  Finished successfully:1
Progress: Mon, 22 Feb 2016 23:33:00+0100  Submitted:7  Finished successfully:1
Progress: Mon, 22 Feb 2016 23:33:30+0100  Submitted:7  Finished successfully:1
Progress: Mon, 22 Feb 2016 23:34:00+0100  Submitted:7  Finished successfully:1
Progress: Mon, 22 Feb 2016 23:34:30+0100  Submitted:7  Finished successfully:1
Progress: Mon, 22 Feb 2016 23:35:00+0100  Submitted:7  Finished successfully:1
Progress: Mon, 22 Feb 2016 23:35:30+0100  Submitted:7  Finished successfully:1
Progress: Mon, 22 Feb 2016 23:36:00+0100  Submitted:7  Finished successfully:1
Progress: Mon, 22 Feb 2016 23:36:30+0100  Submitted:7  Finished successfully:1
Progress: Mon, 22 Feb 2016 23:37:00+0100  Submitted:7  Finished successfully:1
Progress: Mon, 22 Feb 2016 23:37:30+0100  Submitted:7  Finished successfully:1
Progress: Mon, 22 Feb 2016 23:38:00+0100  Submitted:7  Finished successfully:1
Progress: Mon, 22 Feb 2016 23:38:30+0100  Submitted:7  Finished successfully:1
Progress: Mon, 22 Feb 2016 23:39:00+0100  Submitted:7  Finished successfully:1
Progress: Mon, 22 Feb 2016 23:39:30+0100  Submitted:7  Finished successfully:1
Progress: Mon, 22 Feb 2016 23:40:00+0100  Submitted:7  Finished successfully:1
Progress: Mon, 22 Feb 2016 23:40:30+0100  Submitted:7  Finished successfully:1
Progress: Mon, 22 Feb 2016 23:41:00+0100  Submitted:7  Finished successfully:1
Progress: Mon, 22 Feb 2016 23:41:30+0100  Submitted:7  Finished successfully:1
Progress: Mon, 22 Feb 2016 23:42:00+0100  Submitted:7  Finished successfully:1
Progress: Mon, 22 Feb 2016 23:42:30+0100  Submitted:7  Finished successfully:1
Progress: Mon, 22 Feb 2016 23:43:00+0100  Submitted:7  Finished successfully:1
Progress: Mon, 22 Feb 2016 23:43:30+0100  Submitted:7  Finished successfully:1
Progress: Mon, 22 Feb 2016 23:44:00+0100  Submitted:7  Finished successfully:1
Progress: Mon, 22 Feb 2016 23:44:30+0100  Submitted:7  Finished successfully:1
Progress: Mon, 22 Feb 2016 23:45:00+0100  Submitted:7  Finished successfully:1
Progress: Mon, 22 Feb 2016 23:45:30+0100  Submitted:7  Finished successfully:1
Progress: Mon, 22 Feb 2016 23:46:00+0100  Submitted:7  Finished successfully:1
Progress: Mon, 22 Feb 2016 23:46:30+0100  Submitted:7  Finished successfully:1
Progress: Mon, 22 Feb 2016 23:47:00+0100  Submitted:7  Finished successfully:1
Progress: Mon, 22 Feb 2016 23:47:30+0100  Submitted:7  Finished successfully:1
Progress: Mon, 22 Feb 2016 23:48:00+0100  Submitted:7  Finished successfully:1
Progress: Mon, 22 Feb 2016 23:48:30+0100  Submitted:7  Finished successfully:1
Progress: Mon, 22 Feb 2016 23:49:00+0100  Submitted:7  Finished successfully:1
Progress: Mon, 22 Feb 2016 23:49:30+0100  Submitted:7  Finished successfully:1
Progress: Mon, 22 Feb 2016 23:50:00+0100  Submitted:7  Finished successfully:1
Progress: Mon, 22 Feb 2016 23:50:30+0100  Submitted:7  Finished successfully:1
Progress: Mon, 22 Feb 2016 23:51:00+0100  Submitted:7  Finished successfully:1
Progress: Mon, 22 Feb 2016 23:51:30+0100  Submitted:7  Finished successfully:1
Progress: Mon, 22 Feb 2016 23:52:00+0100  Submitted:7  Finished successfully:1
Progress: Mon, 22 Feb 2016 23:52:30+0100  Submitted:7  Finished successfully:1
Progress: Mon, 22 Feb 2016 23:53:00+0100  Submitted:7  Finished successfully:1
Progress: Mon, 22 Feb 2016 23:53:30+0100  Submitted:7  Finished successfully:1
Progress: Mon, 22 Feb 2016 23:54:00+0100  Submitted:7  Finished successfully:1
Progress: Mon, 22 Feb 2016 23:54:30+0100  Submitted:7  Finished successfully:1
Progress: Mon, 22 Feb 2016 23:55:00+0100  Submitted:7  Finished successfully:1
Progress: Mon, 22 Feb 2016 23:55:30+0100  Submitted:7  Finished successfully:1
Progress: Mon, 22 Feb 2016 23:56:00+0100  Submitted:7  Finished successfully:1
Progress: Mon, 22 Feb 2016 23:56:30+0100  Submitted:7  Finished successfully:1
Progress: Mon, 22 Feb 2016 23:57:00+0100  Submitted:7  Finished successfully:1
Progress: Mon, 22 Feb 2016 23:57:30+0100  Submitted:7  Finished successfully:1
Progress: Mon, 22 Feb 2016 23:58:00+0100  Submitted:7  Finished successfully:1
Progress: Mon, 22 Feb 2016 23:58:30+0100  Submitted:7  Finished successfully:1
Progress: Mon, 22 Feb 2016 23:59:00+0100  Submitted:7  Finished successfully:1
Progress: Mon, 22 Feb 2016 23:59:30+0100  Submitted:7  Finished successfully:1
Progress: Tue, 23 Feb 2016 00:00:00+0100  Submitted:7  Finished successfully:1
Progress: Tue, 23 Feb 2016 00:00:30+0100  Submitted:7  Finished successfully:1
Progress: Tue, 23 Feb 2016 00:01:00+0100  Submitted:7  Finished successfully:1
Progress: Tue, 23 Feb 2016 00:01:30+0100  Submitted:7  Finished successfully:1
Progress: Tue, 23 Feb 2016 00:02:00+0100  Submitted:7  Finished successfully:1
Progress: Tue, 23 Feb 2016 00:02:30+0100  Submitted:7  Finished successfully:1
Progress: Tue, 23 Feb 2016 00:03:00+0100  Submitted:7  Finished successfully:1
Progress: Tue, 23 Feb 2016 00:03:30+0100  Submitted:7  Finished successfully:1
Progress: Tue, 23 Feb 2016 00:04:00+0100  Submitted:7  Finished successfully:1
Progress: Tue, 23 Feb 2016 00:04:30+0100  Submitted:7  Finished successfully:1
Progress: Tue, 23 Feb 2016 00:05:00+0100  Submitted:7  Finished successfully:1
Progress: Tue, 23 Feb 2016 00:05:30+0100  Submitted:7  Finished successfully:1
Progress: Tue, 23 Feb 2016 00:06:00+0100  Submitted:7  Finished successfully:1
Progress: Tue, 23 Feb 2016 00:06:30+0100  Submitted:7  Finished successfully:1
Progress: Tue, 23 Feb 2016 00:07:00+0100  Submitted:7  Finished successfully:1
Progress: Tue, 23 Feb 2016 00:07:30+0100  Submitted:7  Finished successfully:1
Progress: Tue, 23 Feb 2016 00:08:00+0100  Submitted:7  Finished successfully:1
Progress: Tue, 23 Feb 2016 00:08:30+0100  Submitted:7  Finished successfully:1
Progress: Tue, 23 Feb 2016 00:09:00+0100  Submitted:7  Finished successfully:1
Progress: Tue, 23 Feb 2016 00:09:30+0100  Submitted:7  Finished successfully:1
Progress: Tue, 23 Feb 2016 00:10:00+0100  Submitted:7  Finished successfully:1
Progress: Tue, 23 Feb 2016 00:10:30+0100  Submitted:7  Finished successfully:1
Progress: Tue, 23 Feb 2016 00:11:00+0100  Submitted:7  Finished successfully:1
Progress: Tue, 23 Feb 2016 00:11:30+0100  Submitted:7  Finished successfully:1
Progress: Tue, 23 Feb 2016 00:12:00+0100  Submitted:7  Finished successfully:1
Progress: Tue, 23 Feb 2016 00:12:30+0100  Submitted:7  Finished successfully:1
Progress: Tue, 23 Feb 2016 00:13:00+0100  Submitted:7  Finished successfully:1
Progress: Tue, 23 Feb 2016 00:13:30+0100  Submitted:7  Finished successfully:1
Progress: Tue, 23 Feb 2016 00:14:00+0100  Submitted:7  Finished successfully:1
Progress: Tue, 23 Feb 2016 00:14:30+0100  Submitted:7  Finished successfully:1
Progress: Tue, 23 Feb 2016 00:15:00+0100  Submitted:7  Finished successfully:1
Progress: Tue, 23 Feb 2016 00:15:30+0100  Submitted:7  Finished successfully:1
Progress: Tue, 23 Feb 2016 00:16:00+0100  Submitted:7  Finished successfully:1
Progress: Tue, 23 Feb 2016 00:16:30+0100  Submitted:7  Finished successfully:1
Progress: Tue, 23 Feb 2016 00:17:00+0100  Submitted:7  Finished successfully:1
Progress: Tue, 23 Feb 2016 00:17:30+0100  Submitted:7  Finished successfully:1
Progress: Tue, 23 Feb 2016 00:18:00+0100  Submitted:7  Finished successfully:1
Progress: Tue, 23 Feb 2016 00:18:30+0100  Submitted:7  Finished successfully:1
Progress: Tue, 23 Feb 2016 00:19:00+0100  Submitted:7  Finished successfully:1
Progress: Tue, 23 Feb 2016 00:19:30+0100  Submitted:7  Finished successfully:1
Progress: Tue, 23 Feb 2016 00:20:00+0100  Submitted:7  Finished successfully:1
Progress: Tue, 23 Feb 2016 00:20:30+0100  Submitted:7  Finished successfully:1
Progress: Tue, 23 Feb 2016 00:21:00+0100  Submitted:7  Finished successfully:1
Progress: Tue, 23 Feb 2016 00:21:30+0100  Submitted:7  Finished successfully:1
Progress: Tue, 23 Feb 2016 00:22:00+0100  Submitted:7  Finished successfully:1
Progress: Tue, 23 Feb 2016 00:22:30+0100  Submitted:7  Finished successfully:1
Progress: Tue, 23 Feb 2016 00:23:00+0100  Submitted:7  Finished successfully:1
Progress: Tue, 23 Feb 2016 00:23:30+0100  Submitted:7  Finished successfully:1
Progress: Tue, 23 Feb 2016 00:24:00+0100  Submitted:7  Finished successfully:1
Progress: Tue, 23 Feb 2016 00:24:30+0100  Submitted:7  Finished successfully:1
Progress: Tue, 23 Feb 2016 00:25:00+0100  Submitted:7  Finished successfully:1
Progress: Tue, 23 Feb 2016 00:25:30+0100  Submitted:7  Finished successfully:1
Progress: Tue, 23 Feb 2016 00:26:00+0100  Submitted:7  Finished successfully:1
Progress: Tue, 23 Feb 2016 00:26:30+0100  Submitted:7  Finished successfully:1
Progress: Tue, 23 Feb 2016 00:27:00+0100  Submitted:7  Finished successfully:1
Progress: Tue, 23 Feb 2016 00:27:30+0100  Submitted:7  Finished successfully:1
Progress: Tue, 23 Feb 2016 00:28:00+0100  Submitted:7  Finished successfully:1
Progress: Tue, 23 Feb 2016 00:28:30+0100  Submitted:7  Finished successfully:1
Progress: Tue, 23 Feb 2016 00:29:00+0100  Submitted:7  Finished successfully:1
Progress: Tue, 23 Feb 2016 00:29:30+0100  Submitted:7  Finished successfully:1
Progress: Tue, 23 Feb 2016 00:30:00+0100  Submitted:7  Finished successfully:1
Progress: Tue, 23 Feb 2016 00:30:30+0100  Submitted:7  Finished successfully:1
Progress: Tue, 23 Feb 2016 00:31:00+0100  Submitted:7  Finished successfully:1
Progress: Tue, 23 Feb 2016 00:31:30+0100  Submitted:7  Finished successfully:1
Progress: Tue, 23 Feb 2016 00:32:00+0100  Submitted:7  Finished successfully:1
Progress: Tue, 23 Feb 2016 00:32:30+0100  Submitted:7  Finished successfully:1
Progress: Tue, 23 Feb 2016 00:33:00+0100  Submitted:7  Finished successfully:1
Progress: Tue, 23 Feb 2016 00:33:30+0100  Submitted:7  Finished successfully:1
Progress: Tue, 23 Feb 2016 00:34:00+0100  Submitted:7  Finished successfully:1
Progress: Tue, 23 Feb 2016 00:34:30+0100  Submitted:7  Finished successfully:1
Progress: Tue, 23 Feb 2016 00:35:00+0100  Submitted:7  Finished successfully:1
Progress: Tue, 23 Feb 2016 00:35:30+0100  Submitted:7  Finished successfully:1
Progress: Tue, 23 Feb 2016 00:36:00+0100  Submitted:7  Finished successfully:1
Progress: Tue, 23 Feb 2016 00:36:30+0100  Submitted:7  Finished successfully:1
Progress: Tue, 23 Feb 2016 00:37:00+0100  Submitted:7  Finished successfully:1
Progress: Tue, 23 Feb 2016 00:37:30+0100  Submitted:7  Finished successfully:1
Progress: Tue, 23 Feb 2016 00:38:00+0100  Submitted:7  Finished successfully:1
Progress: Tue, 23 Feb 2016 00:38:30+0100  Submitted:7  Finished successfully:1
Progress: Tue, 23 Feb 2016 00:39:00+0100  Submitted:7  Finished successfully:1
Progress: Tue, 23 Feb 2016 00:39:30+0100  Submitted:7  Finished successfully:1
Progress: Tue, 23 Feb 2016 00:40:00+0100  Submitted:7  Finished successfully:1
Progress: Tue, 23 Feb 2016 00:40:30+0100  Submitted:7  Finished successfully:1
Progress: Tue, 23 Feb 2016 00:41:00+0100  Submitted:7  Finished successfully:1
Progress: Tue, 23 Feb 2016 00:41:30+0100  Submitted:7  Finished successfully:1
Progress: Tue, 23 Feb 2016 00:42:00+0100  Submitted:7  Finished successfully:1
Progress: Tue, 23 Feb 2016 00:42:30+0100  Submitted:7  Finished successfully:1
Progress: Tue, 23 Feb 2016 00:43:00+0100  Submitted:7  Finished successfully:1
Progress: Tue, 23 Feb 2016 00:43:30+0100  Submitted:7  Finished successfully:1
Progress: Tue, 23 Feb 2016 00:44:00+0100  Submitted:7  Finished successfully:1
Progress: Tue, 23 Feb 2016 00:44:30+0100  Submitted:7  Finished successfully:1
Progress: Tue, 23 Feb 2016 00:45:00+0100  Submitted:7  Finished successfully:1
Progress: Tue, 23 Feb 2016 00:45:30+0100  Submitted:7  Finished successfully:1
Progress: Tue, 23 Feb 2016 00:46:00+0100  Submitted:7  Finished successfully:1
Progress: Tue, 23 Feb 2016 00:46:30+0100  Submitted:7  Finished successfully:1
Progress: Tue, 23 Feb 2016 00:47:00+0100  Submitted:7  Finished successfully:1
Progress: Tue, 23 Feb 2016 00:47:30+0100  Submitted:7  Finished successfully:1
Progress: Tue, 23 Feb 2016 00:48:00+0100  Submitted:7  Finished successfully:1
Progress: Tue, 23 Feb 2016 00:48:30+0100  Submitted:7  Finished successfully:1
Progress: Tue, 23 Feb 2016 00:49:00+0100  Submitted:7  Finished successfully:1
Progress: Tue, 23 Feb 2016 00:49:30+0100  Submitted:7  Finished successfully:1
Progress: Tue, 23 Feb 2016 00:50:00+0100  Submitted:7  Finished successfully:1
Progress: Tue, 23 Feb 2016 00:50:30+0100  Submitted:7  Finished successfully:1
Progress: Tue, 23 Feb 2016 00:51:00+0100  Submitted:7  Finished successfully:1
Progress: Tue, 23 Feb 2016 00:51:30+0100  Submitted:7  Finished successfully:1
Progress: Tue, 23 Feb 2016 00:52:00+0100  Submitted:7  Finished successfully:1
Progress: Tue, 23 Feb 2016 00:52:30+0100  Submitted:7  Finished successfully:1
Progress: Tue, 23 Feb 2016 00:53:00+0100  Submitted:7  Finished successfully:1
Progress: Tue, 23 Feb 2016 00:53:30+0100  Submitted:7  Finished successfully:1
Progress: Tue, 23 Feb 2016 00:54:00+0100  Submitted:7  Finished successfully:1
Progress: Tue, 23 Feb 2016 00:54:30+0100  Submitted:7  Finished successfully:1
Progress: Tue, 23 Feb 2016 00:55:00+0100  Submitted:7  Finished successfully:1
Progress: Tue, 23 Feb 2016 00:55:30+0100  Submitted:7  Finished successfully:1
Progress: Tue, 23 Feb 2016 00:56:00+0100  Submitted:7  Finished successfully:1
Progress: Tue, 23 Feb 2016 00:56:30+0100  Submitted:7  Finished successfully:1
Progress: Tue, 23 Feb 2016 00:57:00+0100  Submitted:7  Finished successfully:1
Progress: Tue, 23 Feb 2016 00:57:30+0100  Submitted:7  Finished successfully:1
Progress: Tue, 23 Feb 2016 00:58:00+0100  Submitted:7  Finished successfully:1
Progress: Tue, 23 Feb 2016 00:58:30+0100  Submitted:7  Finished successfully:1
Progress: Tue, 23 Feb 2016 00:59:00+0100  Submitted:7  Finished successfully:1
Progress: Tue, 23 Feb 2016 00:59:30+0100  Submitted:7  Finished successfully:1
Progress: Tue, 23 Feb 2016 01:00:00+0100  Submitted:7  Finished successfully:1
Progress: Tue, 23 Feb 2016 01:00:30+0100  Submitted:7  Finished successfully:1
Progress: Tue, 23 Feb 2016 01:01:00+0100  Submitted:7  Finished successfully:1
Progress: Tue, 23 Feb 2016 01:01:30+0100  Submitted:7  Finished successfully:1
Progress: Tue, 23 Feb 2016 01:02:00+0100  Submitted:7  Finished successfully:1
Progress: Tue, 23 Feb 2016 01:02:30+0100  Submitted:7  Finished successfully:1
Progress: Tue, 23 Feb 2016 01:03:00+0100  Submitted:7  Finished successfully:1
Progress: Tue, 23 Feb 2016 01:03:30+0100  Submitted:7  Finished successfully:1
Progress: Tue, 23 Feb 2016 01:04:00+0100  Submitted:7  Finished successfully:1
Progress: Tue, 23 Feb 2016 01:04:30+0100  Submitted:7  Finished successfully:1
Progress: Tue, 23 Feb 2016 01:05:00+0100  Submitted:7  Finished successfully:1
Progress: Tue, 23 Feb 2016 01:05:30+0100  Submitted:7  Finished successfully:1
Progress: Tue, 23 Feb 2016 01:06:00+0100  Submitted:7  Finished successfully:1
Progress: Tue, 23 Feb 2016 01:06:30+0100  Submitted:7  Finished successfully:1
Progress: Tue, 23 Feb 2016 01:07:00+0100  Submitted:7  Finished successfully:1
Progress: Tue, 23 Feb 2016 01:07:30+0100  Submitted:7  Finished successfully:1
Progress: Tue, 23 Feb 2016 01:08:00+0100  Submitted:7  Finished successfully:1
Progress: Tue, 23 Feb 2016 01:08:30+0100  Submitted:7  Finished successfully:1
Progress: Tue, 23 Feb 2016 01:09:00+0100  Submitted:7  Finished successfully:1
Progress: Tue, 23 Feb 2016 01:09:30+0100  Submitted:7  Finished successfully:1
Progress: Tue, 23 Feb 2016 01:10:00+0100  Submitted:7  Finished successfully:1
Progress: Tue, 23 Feb 2016 01:10:30+0100  Submitted:7  Finished successfully:1
Progress: Tue, 23 Feb 2016 01:11:00+0100  Submitted:7  Finished successfully:1
Progress: Tue, 23 Feb 2016 01:11:30+0100  Submitted:7  Finished successfully:1
Progress: Tue, 23 Feb 2016 01:12:00+0100  Submitted:7  Finished successfully:1
Progress: Tue, 23 Feb 2016 01:12:30+0100  Submitted:7  Finished successfully:1
Progress: Tue, 23 Feb 2016 01:13:00+0100  Submitted:7  Finished successfully:1
Progress: Tue, 23 Feb 2016 01:13:30+0100  Submitted:7  Finished successfully:1
Progress: Tue, 23 Feb 2016 01:14:00+0100  Submitted:7  Finished successfully:1
Progress: Tue, 23 Feb 2016 01:14:30+0100  Submitted:7  Finished successfully:1
Progress: Tue, 23 Feb 2016 01:15:00+0100  Submitted:7  Finished successfully:1
Progress: Tue, 23 Feb 2016 01:15:30+0100  Submitted:7  Finished successfully:1
Progress: Tue, 23 Feb 2016 01:16:00+0100  Submitted:7  Finished successfully:1
Progress: Tue, 23 Feb 2016 01:16:30+0100  Submitted:7  Finished successfully:1
Progress: Tue, 23 Feb 2016 01:17:00+0100  Submitted:7  Finished successfully:1
Progress: Tue, 23 Feb 2016 01:17:30+0100  Submitted:7  Finished successfully:1
Progress: Tue, 23 Feb 2016 01:18:00+0100  Submitted:7  Finished successfully:1
Progress: Tue, 23 Feb 2016 01:18:30+0100  Submitted:7  Finished successfully:1
Progress: Tue, 23 Feb 2016 01:19:00+0100  Submitted:7  Finished successfully:1
Progress: Tue, 23 Feb 2016 01:19:30+0100  Submitted:7  Finished successfully:1
Progress: Tue, 23 Feb 2016 01:20:00+0100  Submitted:7  Finished successfully:1
Progress: Tue, 23 Feb 2016 01:20:30+0100  Submitted:7  Finished successfully:1
Progress: Tue, 23 Feb 2016 01:21:00+0100  Submitted:7  Finished successfully:1
Progress: Tue, 23 Feb 2016 01:21:31+0100  Submitted:7  Finished successfully:1
Progress: Tue, 23 Feb 2016 01:22:01+0100  Submitted:7  Finished successfully:1
Progress: Tue, 23 Feb 2016 01:22:31+0100  Submitted:7  Finished successfully:1
Progress: Tue, 23 Feb 2016 01:23:01+0100  Submitted:7  Finished successfully:1
Progress: Tue, 23 Feb 2016 01:23:31+0100  Submitted:7  Finished successfully:1
Progress: Tue, 23 Feb 2016 01:24:01+0100  Submitted:7  Finished successfully:1
Progress: Tue, 23 Feb 2016 01:24:31+0100  Submitted:7  Finished successfully:1
Progress: Tue, 23 Feb 2016 01:25:01+0100  Submitted:7  Finished successfully:1
Progress: Tue, 23 Feb 2016 01:25:31+0100  Submitted:7  Finished successfully:1
Progress: Tue, 23 Feb 2016 01:26:01+0100  Submitted:7  Finished successfully:1
Progress: Tue, 23 Feb 2016 01:26:31+0100  Submitted:7  Finished successfully:1
Progress: Tue, 23 Feb 2016 01:27:01+0100  Submitted:7  Finished successfully:1
Progress: Tue, 23 Feb 2016 01:27:31+0100  Submitted:7  Finished successfully:1
Progress: Tue, 23 Feb 2016 01:28:01+0100  Submitted:7  Finished successfully:1
Progress: Tue, 23 Feb 2016 01:28:31+0100  Submitted:7  Finished successfully:1
Progress: Tue, 23 Feb 2016 01:29:01+0100  Submitted:7  Finished successfully:1
Progress: Tue, 23 Feb 2016 01:29:31+0100  Submitted:7  Finished successfully:1
Progress: Tue, 23 Feb 2016 01:30:01+0100  Submitted:7  Finished successfully:1
Progress: Tue, 23 Feb 2016 01:30:31+0100  Submitted:7  Finished successfully:1
Progress: Tue, 23 Feb 2016 01:31:01+0100  Submitted:7  Finished successfully:1
Progress: Tue, 23 Feb 2016 01:31:31+0100  Submitted:7  Finished successfully:1
Progress: Tue, 23 Feb 2016 01:32:01+0100  Submitted:7  Finished successfully:1
Progress: Tue, 23 Feb 2016 01:32:31+0100  Submitted:7  Finished successfully:1
Progress: Tue, 23 Feb 2016 01:33:01+0100  Submitted:7  Finished successfully:1
Progress: Tue, 23 Feb 2016 01:33:31+0100  Submitted:7  Finished successfully:1
Progress: Tue, 23 Feb 2016 01:34:01+0100  Submitted:7  Finished successfully:1
Progress: Tue, 23 Feb 2016 01:34:31+0100  Submitted:7  Finished successfully:1
Progress: Tue, 23 Feb 2016 01:35:01+0100  Submitted:7  Finished successfully:1
Progress: Tue, 23 Feb 2016 01:35:31+0100  Submitted:7  Finished successfully:1
Progress: Tue, 23 Feb 2016 01:36:01+0100  Submitted:7  Finished successfully:1
Progress: Tue, 23 Feb 2016 01:36:31+0100  Submitted:7  Finished successfully:1
Progress: Tue, 23 Feb 2016 01:37:01+0100  Submitted:7  Finished successfully:1
Progress: Tue, 23 Feb 2016 01:37:31+0100  Submitted:7  Finished successfully:1
Progress: Tue, 23 Feb 2016 01:38:01+0100  Submitted:7  Finished successfully:1
Progress: Tue, 23 Feb 2016 01:38:31+0100  Submitted:7  Finished successfully:1
Progress: Tue, 23 Feb 2016 01:39:01+0100  Submitted:7  Finished successfully:1
Progress: Tue, 23 Feb 2016 01:39:31+0100  Submitted:7  Finished successfully:1
Progress: Tue, 23 Feb 2016 01:40:01+0100  Submitted:7  Finished successfully:1
Progress: Tue, 23 Feb 2016 01:40:31+0100  Submitted:7  Finished successfully:1
Progress: Tue, 23 Feb 2016 01:41:01+0100  Submitted:7  Finished successfully:1
Progress: Tue, 23 Feb 2016 01:41:31+0100  Submitted:7  Finished successfully:1
Progress: Tue, 23 Feb 2016 01:42:01+0100  Submitted:7  Finished successfully:1
Progress: Tue, 23 Feb 2016 01:42:31+0100  Submitted:7  Finished successfully:1
Progress: Tue, 23 Feb 2016 01:43:01+0100  Submitted:7  Finished successfully:1
Progress: Tue, 23 Feb 2016 01:43:31+0100  Submitted:7  Finished successfully:1
Progress: Tue, 23 Feb 2016 01:44:01+0100  Submitted:7  Finished successfully:1
Progress: Tue, 23 Feb 2016 01:44:31+0100  Submitted:7  Finished successfully:1
Progress: Tue, 23 Feb 2016 01:45:01+0100  Submitted:7  Finished successfully:1
Progress: Tue, 23 Feb 2016 01:45:31+0100  Submitted:7  Finished successfully:1
Progress: Tue, 23 Feb 2016 01:46:01+0100  Submitted:7  Finished successfully:1
Progress: Tue, 23 Feb 2016 01:46:31+0100  Submitted:7  Finished successfully:1
Progress: Tue, 23 Feb 2016 01:47:01+0100  Submitted:7  Finished successfully:1
Progress: Tue, 23 Feb 2016 01:47:31+0100  Submitted:7  Finished successfully:1
Progress: Tue, 23 Feb 2016 01:48:01+0100  Submitted:7  Finished successfully:1
Progress: Tue, 23 Feb 2016 01:48:31+0100  Submitted:7  Finished successfully:1
Progress: Tue, 23 Feb 2016 01:49:01+0100  Submitted:7  Finished successfully:1
Progress: Tue, 23 Feb 2016 01:49:31+0100  Submitted:7  Finished successfully:1
Progress: Tue, 23 Feb 2016 01:50:01+0100  Submitted:7  Finished successfully:1
Progress: Tue, 23 Feb 2016 01:50:31+0100  Submitted:7  Finished successfully:1
Progress: Tue, 23 Feb 2016 01:50:59+0100  Stage in:1  Active:6  Finished successfully:1
Progress: Tue, 23 Feb 2016 01:51:00+0100  Active:7  Finished successfully:1
Progress: Tue, 23 Feb 2016 01:51:30+0100  Active:7  Finished successfully:1
Progress: Tue, 23 Feb 2016 01:52:00+0100  Active:7  Finished successfully:1
Progress: Tue, 23 Feb 2016 01:52:30+0100  Active:7  Finished successfully:1
Progress: Tue, 23 Feb 2016 01:53:00+0100  Active:7  Finished successfully:1
Progress: Tue, 23 Feb 2016 01:53:30+0100  Active:7  Finished successfully:1
Progress: Tue, 23 Feb 2016 01:54:00+0100  Active:7  Finished successfully:1
Progress: Tue, 23 Feb 2016 01:54:30+0100  Active:7  Finished successfully:1
Progress: Tue, 23 Feb 2016 01:55:00+0100  Active:7  Finished successfully:1
Progress: Tue, 23 Feb 2016 01:55:30+0100  Active:7  Finished successfully:1
Progress: Tue, 23 Feb 2016 01:56:00+0100  Active:7  Finished successfully:1
Progress: Tue, 23 Feb 2016 01:56:30+0100  Active:7  Finished successfully:1
Progress: Tue, 23 Feb 2016 01:57:00+0100  Active:7  Finished successfully:1
Progress: Tue, 23 Feb 2016 01:57:30+0100  Active:7  Finished successfully:1
Progress: Tue, 23 Feb 2016 01:58:00+0100  Active:7  Finished successfully:1
Progress: Tue, 23 Feb 2016 01:58:30+0100  Active:7  Finished successfully:1
Progress: Tue, 23 Feb 2016 01:59:00+0100  Active:7  Finished successfully:1
Progress: Tue, 23 Feb 2016 01:59:30+0100  Active:7  Finished successfully:1
Progress: Tue, 23 Feb 2016 02:00:00+0100  Active:7  Finished successfully:1
Progress: Tue, 23 Feb 2016 02:00:30+0100  Active:7  Finished successfully:1
Progress: Tue, 23 Feb 2016 02:01:00+0100  Active:7  Finished successfully:1
Progress: Tue, 23 Feb 2016 02:01:30+0100  Active:7  Finished successfully:1
Progress: Tue, 23 Feb 2016 02:02:00+0100  Active:7  Finished successfully:1
Progress: Tue, 23 Feb 2016 02:02:30+0100  Active:7  Finished successfully:1
Progress: Tue, 23 Feb 2016 02:03:00+0100  Active:7  Finished successfully:1
Progress: Tue, 23 Feb 2016 02:03:30+0100  Active:7  Finished successfully:1
Progress: Tue, 23 Feb 2016 02:04:00+0100  Active:7  Finished successfully:1
Progress: Tue, 23 Feb 2016 02:04:30+0100  Active:7  Finished successfully:1
Progress: Tue, 23 Feb 2016 02:05:00+0100  Active:7  Finished successfully:1
Progress: Tue, 23 Feb 2016 02:05:30+0100  Active:7  Finished successfully:1
Progress: Tue, 23 Feb 2016 02:05:59+0100  Stage out:7  Finished successfully:1
Final status: Tue, 23 Feb 2016 02:05:59+0100  Finished successfully:8
