Swift 0.96.2 git-rev: b9611649002eecd640fc6c58bbb88cb35ce03539 heads/release-0.96-swift 6287 (modified locally)
RunID: run028
Progress: Mon, 07 Dec 2015 08:48:40+0000
Progress: Mon, 07 Dec 2015 08:48:41+0000  Submitting:2048
Progress: Mon, 07 Dec 2015 08:48:53+0000  Submitting:2042  Submitted:6
Progress: Mon, 07 Dec 2015 08:48:59+0000  Submitting:477  Submitted:1571
Progress: Mon, 07 Dec 2015 08:49:00+0000  Submitted:2048
Progress: Mon, 07 Dec 2015 08:49:20+0000  Submitted:1984  Active:64
Progress: Mon, 07 Dec 2015 08:49:34+0000  Stage in:22  Submitted:1952  Active:74
Progress: Mon, 07 Dec 2015 08:49:35+0000  Submitted:1952  Active:96
Progress: Mon, 07 Dec 2015 08:49:37+0000  Stage in:15  Submitted:1920  Active:113
Progress: Mon, 07 Dec 2015 08:49:38+0000  Submitted:1920  Active:128
Progress: Mon, 07 Dec 2015 08:49:49+0000  Stage in:3  Submitted:1856  Active:189
Progress: Mon, 07 Dec 2015 08:49:50+0000  Submitted:1856  Active:192
Progress: Mon, 07 Dec 2015 08:50:05+0000  Stage in:55  Submitted:1792  Active:201
Progress: Mon, 07 Dec 2015 08:50:06+0000  Submitted:1792  Active:256
Progress: Mon, 07 Dec 2015 08:50:12+0000  Submitted:1776  Active:272
Progress: Mon, 07 Dec 2015 08:50:18+0000  Stage in:3  Submitted:1712  Active:333
Progress: Mon, 07 Dec 2015 08:50:19+0000  Submitted:1712  Active:336
Progress: Mon, 07 Dec 2015 08:50:22+0000  Submitted:1696  Active:352
Progress: Mon, 07 Dec 2015 08:50:29+0000  Stage in:10  Submitted:1664  Active:374
Progress: Mon, 07 Dec 2015 08:50:30+0000  Submitted:1664  Active:384
Progress: Mon, 07 Dec 2015 08:50:42+0000  Stage in:7  Submitted:1632  Active:409
Progress: Mon, 07 Dec 2015 08:50:43+0000  Submitted:1632  Active:416
Progress: Mon, 07 Dec 2015 08:50:48+0000  Submitted:1616  Active:432
Progress: Mon, 07 Dec 2015 08:50:57+0000  Submitted:1600  Active:448
Progress: Mon, 07 Dec 2015 08:50:58+0000  Submitted:1584  Active:464
Progress: Mon, 07 Dec 2015 08:51:07+0000  Submitted:1552  Active:496
Progress: Mon, 07 Dec 2015 08:51:08+0000  Submitted:1536  Active:512
Progress: Mon, 07 Dec 2015 08:51:16+0000  Stage in:14  Submitted:1520  Active:514
Progress: Mon, 07 Dec 2015 08:51:17+0000  Submitted:1504  Active:544
Progress: Mon, 07 Dec 2015 08:51:31+0000  Submitted:1472  Active:576
Progress: Mon, 07 Dec 2015 08:51:35+0000  Stage in:7  Submitted:1456  Active:585
Progress: Mon, 07 Dec 2015 08:51:36+0000  Submitted:1440  Active:608
Progress: Mon, 07 Dec 2015 08:51:40+0000  Submitted:1424  Active:624
Progress: Mon, 07 Dec 2015 08:51:48+0000  Submitted:1408  Active:640
Progress: Mon, 07 Dec 2015 08:52:18+0000  Submitted:1408  Active:640
Progress: Mon, 07 Dec 2015 08:52:48+0000  Submitted:1408  Active:640
Progress: Mon, 07 Dec 2015 08:53:18+0000  Submitted:1408  Active:640
Progress: Mon, 07 Dec 2015 08:53:48+0000  Submitted:1408  Active:640
Progress: Mon, 07 Dec 2015 08:54:18+0000  Submitted:1408  Active:640
Progress: Mon, 07 Dec 2015 08:54:48+0000  Submitted:1408  Active:640
Progress: Mon, 07 Dec 2015 08:55:18+0000  Submitted:1408  Active:640
Progress: Mon, 07 Dec 2015 08:55:48+0000  Submitted:1408  Active:640
Progress: Mon, 07 Dec 2015 08:56:18+0000  Submitted:1408  Active:640
Progress: Mon, 07 Dec 2015 08:56:48+0000  Submitted:1408  Active:640
Progress: Mon, 07 Dec 2015 08:57:18+0000  Submitted:1408  Active:640
Progress: Mon, 07 Dec 2015 08:57:48+0000  Submitted:1408  Active:640
Progress: Mon, 07 Dec 2015 08:58:18+0000  Submitted:1408  Active:640
Progress: Mon, 07 Dec 2015 08:58:48+0000  Submitted:1408  Active:640
Progress: Mon, 07 Dec 2015 08:59:18+0000  Submitted:1408  Active:640
Progress: Mon, 07 Dec 2015 08:59:48+0000  Submitted:1408  Active:640
Progress: Mon, 07 Dec 2015 09:00:18+0000  Submitted:1408  Active:640
Progress: Mon, 07 Dec 2015 09:00:48+0000  Submitted:1408  Active:640
Progress: Mon, 07 Dec 2015 09:01:18+0000  Submitted:1408  Active:640
Progress: Mon, 07 Dec 2015 09:01:48+0000  Submitted:1408  Active:640
Progress: Mon, 07 Dec 2015 09:02:18+0000  Submitted:1408  Active:640
Progress: Mon, 07 Dec 2015 09:02:48+0000  Submitted:1408  Active:640
Progress: Mon, 07 Dec 2015 09:03:18+0000  Submitted:1408  Active:640
Progress: Mon, 07 Dec 2015 09:03:48+0000  Submitted:1408  Active:640
Progress: Mon, 07 Dec 2015 09:04:18+0000  Submitted:1408  Active:640
Progress: Mon, 07 Dec 2015 09:04:20+0000  Submitted:1408  Active:576  Stage out:11  Finished successfully:53
Progress: Mon, 07 Dec 2015 09:04:21+0000  Submitted:1408  Active:576  Finished successfully:64
Progress: Mon, 07 Dec 2015 09:04:34+0000  Submitted:1408  Active:560  Stage out:9  Finished successfully:71
Progress: Mon, 07 Dec 2015 09:04:35+0000  Submitted:1408  Active:544  Finished successfully:96
Progress: Mon, 07 Dec 2015 09:04:37+0000  Submitted:1408  Active:523  Stage out:6  Finished successfully:111
Progress: Mon, 07 Dec 2015 09:04:38+0000  Submitted:1408  Active:512  Finished successfully:128
Progress: Mon, 07 Dec 2015 09:04:49+0000  Submitted:1408  Active:448  Stage out:25  Finished successfully:167
Progress: Mon, 07 Dec 2015 09:04:50+0000  Submitted:1408  Active:448  Finished successfully:192
Progress: Mon, 07 Dec 2015 09:05:05+0000  Submitted:1408  Active:428  Stage out:6  Finished successfully:206
Progress: Mon, 07 Dec 2015 09:05:06+0000  Submitted:1408  Active:384  Finished successfully:256
Progress: Mon, 07 Dec 2015 09:05:12+0000  Submitted:1408  Active:368  Finished successfully:272
Progress: Mon, 07 Dec 2015 09:05:18+0000  Submitted:1408  Active:315  Stage out:16  Finished successfully:309
Progress: Mon, 07 Dec 2015 09:05:19+0000  Submitted:1408  Active:304  Finished successfully:336
Progress: Mon, 07 Dec 2015 09:05:21+0000  Submitted:1408  Active:297  Stage out:7  Finished successfully:336
Progress: Mon, 07 Dec 2015 09:05:22+0000  Submitted:1408  Active:288  Finished successfully:352
Progress: Mon, 07 Dec 2015 09:05:29+0000  Submitted:1408  Active:256  Finished successfully:384
Progress: Mon, 07 Dec 2015 09:05:42+0000  Submitted:1408  Active:224  Finished successfully:416
Progress: Mon, 07 Dec 2015 09:05:48+0000  Submitted:1408  Active:208  Finished successfully:432
Progress: Mon, 07 Dec 2015 09:05:57+0000  Submitted:1408  Active:192  Finished successfully:448
Progress: Mon, 07 Dec 2015 09:05:58+0000  Submitted:1408  Active:176  Finished successfully:464
Progress: Mon, 07 Dec 2015 09:06:07+0000  Submitted:1408  Active:144  Finished successfully:496
Progress: Mon, 07 Dec 2015 09:06:08+0000  Submitted:1408  Active:128  Finished successfully:512
Progress: Mon, 07 Dec 2015 09:06:16+0000  Submitted:1408  Active:96  Stage out:16  Finished successfully:528
Progress: Mon, 07 Dec 2015 09:06:17+0000  Submitted:1408  Active:96  Finished successfully:544
Progress: Mon, 07 Dec 2015 09:06:30+0000  Submitted:1408  Active:91  Stage out:5  Finished successfully:544
Progress: Mon, 07 Dec 2015 09:06:31+0000  Submitted:1408  Active:64  Finished successfully:576
Progress: Mon, 07 Dec 2015 09:06:35+0000  Submitted:1408  Active:48  Stage out:1  Finished successfully:591
Progress: Mon, 07 Dec 2015 09:06:36+0000  Submitted:1408  Active:32  Finished successfully:608
Progress: Mon, 07 Dec 2015 09:06:40+0000  Submitted:1408  Active:16  Finished successfully:624
Progress: Mon, 07 Dec 2015 09:06:47+0000  Submitted:1408  Active:7  Stage out:6  Finished successfully:627
Progress: Mon, 07 Dec 2015 09:06:48+0000  Submitted:1408  Finished successfully:640
Progress: Mon, 07 Dec 2015 09:07:00+0000  Stage in:46  Submitted:1360  Active:2  Finished successfully:640
Progress: Mon, 07 Dec 2015 09:07:01+0000  Submitted:1360  Active:48  Finished successfully:640
Progress: Mon, 07 Dec 2015 09:07:04+0000  Submitted:1344  Active:64  Finished successfully:640
Progress: Mon, 07 Dec 2015 09:07:17+0000  Stage in:38  Submitted:1280  Active:90  Finished successfully:640
Progress: Mon, 07 Dec 2015 09:07:18+0000  Submitted:1280  Active:128  Finished successfully:640
Progress: Mon, 07 Dec 2015 09:07:29+0000  Stage in:15  Submitted:1264  Active:129  Finished successfully:640
Progress: Mon, 07 Dec 2015 09:07:30+0000  Submitted:1264  Active:144  Finished successfully:640
Progress: Mon, 07 Dec 2015 09:07:32+0000  Stage in:47  Submitted:1216  Active:145  Finished successfully:640
Progress: Mon, 07 Dec 2015 09:07:33+0000  Submitted:1216  Active:192  Finished successfully:640
Progress: Mon, 07 Dec 2015 09:07:44+0000  Submitted:1152  Active:256  Finished successfully:640
Progress: Mon, 07 Dec 2015 09:07:55+0000  Stage in:2  Submitted:1088  Active:318  Finished successfully:640
Progress: Mon, 07 Dec 2015 09:07:56+0000  Submitted:1088  Active:320  Finished successfully:640
Progress: Mon, 07 Dec 2015 09:08:26+0000  Submitted:1088  Active:320  Finished successfully:640
Progress: Mon, 07 Dec 2015 09:08:45+0000  Submitted:1072  Active:336  Finished successfully:640
Progress: Mon, 07 Dec 2015 09:09:00+0000  Submitted:1056  Active:352  Finished successfully:640
Progress: Mon, 07 Dec 2015 09:09:14+0000  Submitted:1040  Active:368  Finished successfully:640
Progress: Mon, 07 Dec 2015 09:09:24+0000  Submitted:1008  Active:400  Finished successfully:640
Progress: Mon, 07 Dec 2015 09:09:34+0000  Submitted:992  Active:416  Finished successfully:640
Progress: Mon, 07 Dec 2015 09:09:39+0000  Submitted:976  Active:432  Finished successfully:640
Progress: Mon, 07 Dec 2015 09:09:41+0000  Submitted:960  Active:448  Finished successfully:640
Progress: Mon, 07 Dec 2015 09:09:55+0000  Stage in:16  Submitted:944  Active:448  Finished successfully:640
Progress: Mon, 07 Dec 2015 09:09:56+0000  Submitted:944  Active:464  Finished successfully:640
Progress: Mon, 07 Dec 2015 09:09:57+0000  Stage in:3  Submitted:928  Active:477  Finished successfully:640
Progress: Mon, 07 Dec 2015 09:09:58+0000  Submitted:912  Active:496  Finished successfully:640
Progress: Mon, 07 Dec 2015 09:10:06+0000  Stage in:10  Submitted:896  Active:502  Finished successfully:640
Progress: Mon, 07 Dec 2015 09:10:07+0000  Submitted:864  Active:544  Finished successfully:640
Progress: Mon, 07 Dec 2015 09:10:20+0000  Stage in:15  Submitted:849  Active:544  Finished successfully:640
Progress: Mon, 07 Dec 2015 09:10:21+0000  Submitted:848  Active:560  Finished successfully:640
Progress: Mon, 07 Dec 2015 09:10:25+0000  Stage in:9  Submitted:832  Active:567  Finished successfully:640
Progress: Mon, 07 Dec 2015 09:10:26+0000  Submitted:816  Active:592  Finished successfully:640
Progress: Mon, 07 Dec 2015 09:10:28+0000  Submitted:800  Active:608  Finished successfully:640
Progress: Mon, 07 Dec 2015 09:10:41+0000  Submitted:784  Active:624  Finished successfully:640
Progress: Mon, 07 Dec 2015 09:10:42+0000  Submitted:768  Active:640  Finished successfully:640
Progress: Mon, 07 Dec 2015 09:11:12+0000  Submitted:768  Active:640  Finished successfully:640
Progress: Mon, 07 Dec 2015 09:11:42+0000  Submitted:768  Active:640  Finished successfully:640
Progress: Mon, 07 Dec 2015 09:12:12+0000  Submitted:768  Active:640  Finished successfully:640
Progress: Mon, 07 Dec 2015 09:12:42+0000  Submitted:768  Active:640  Finished successfully:640
Progress: Mon, 07 Dec 2015 09:13:12+0000  Submitted:768  Active:640  Finished successfully:640
Progress: Mon, 07 Dec 2015 09:13:42+0000  Submitted:768  Active:640  Finished successfully:640
Progress: Mon, 07 Dec 2015 09:14:12+0000  Submitted:768  Active:640  Finished successfully:640
Progress: Mon, 07 Dec 2015 09:14:42+0000  Submitted:768  Active:640  Finished successfully:640
Progress: Mon, 07 Dec 2015 09:15:12+0000  Submitted:768  Active:640  Finished successfully:640
Progress: Mon, 07 Dec 2015 09:15:42+0000  Submitted:768  Active:640  Finished successfully:640
Progress: Mon, 07 Dec 2015 09:16:12+0000  Submitted:768  Active:640  Finished successfully:640
Progress: Mon, 07 Dec 2015 09:16:42+0000  Submitted:768  Active:640  Finished successfully:640
Progress: Mon, 07 Dec 2015 09:17:12+0000  Submitted:768  Active:640  Finished successfully:640
Progress: Mon, 07 Dec 2015 09:17:42+0000  Submitted:768  Active:640  Finished successfully:640
Progress: Mon, 07 Dec 2015 09:18:12+0000  Submitted:768  Active:640  Finished successfully:640
Progress: Mon, 07 Dec 2015 09:18:42+0000  Submitted:768  Active:640  Finished successfully:640
Progress: Mon, 07 Dec 2015 09:19:12+0000  Submitted:768  Active:640  Finished successfully:640
Progress: Mon, 07 Dec 2015 09:19:42+0000  Submitted:768  Active:640  Finished successfully:640
Progress: Mon, 07 Dec 2015 09:20:12+0000  Submitted:768  Active:640  Finished successfully:640
Progress: Mon, 07 Dec 2015 09:20:42+0000  Submitted:768  Active:640  Finished successfully:640
Progress: Mon, 07 Dec 2015 09:21:12+0000  Submitted:768  Active:640  Finished successfully:640
Progress: Mon, 07 Dec 2015 09:21:42+0000  Submitted:768  Active:640  Finished successfully:640
Progress: Mon, 07 Dec 2015 09:22:00+0000  Submitted:768  Active:630  Stage out:6  Finished successfully:644
Progress: Mon, 07 Dec 2015 09:22:01+0000  Submitted:768  Active:592  Finished successfully:688
Progress: Mon, 07 Dec 2015 09:22:04+0000  Submitted:768  Active:576  Stage out:2  Finished successfully:702
Progress: Mon, 07 Dec 2015 09:22:05+0000  Submitted:768  Active:576  Finished successfully:704
Progress: Mon, 07 Dec 2015 09:22:17+0000  Submitted:768  Active:530  Stage out:14  Finished successfully:736
Progress: Mon, 07 Dec 2015 09:22:18+0000  Submitted:768  Active:512  Finished successfully:768
Progress: Mon, 07 Dec 2015 09:22:29+0000  Submitted:768  Active:496  Stage out:15  Finished successfully:769
Progress: Mon, 07 Dec 2015 09:22:30+0000  Submitted:768  Active:496  Finished successfully:784
Progress: Mon, 07 Dec 2015 09:22:32+0000  Submitted:768  Active:481  Stage out:14  Finished successfully:785
Progress: Mon, 07 Dec 2015 09:22:33+0000  Submitted:768  Active:448  Finished successfully:832
Progress: Mon, 07 Dec 2015 09:22:44+0000  Submitted:768  Active:384  Finished successfully:896
Progress: Mon, 07 Dec 2015 09:22:55+0000  Submitted:768  Active:320  Stage out:19  Finished successfully:941
Progress: Mon, 07 Dec 2015 09:22:56+0000  Submitted:768  Active:320  Finished successfully:960
Progress: Mon, 07 Dec 2015 09:23:26+0000  Submitted:768  Active:320  Finished successfully:960
Progress: Mon, 07 Dec 2015 09:23:45+0000  Submitted:768  Active:304  Finished successfully:976
Progress: Mon, 07 Dec 2015 09:24:00+0000  Submitted:768  Active:288  Finished successfully:992
Progress: Mon, 07 Dec 2015 09:24:14+0000  Submitted:768  Active:272  Finished successfully:1008
Progress: Mon, 07 Dec 2015 09:24:24+0000  Submitted:768  Active:240  Finished successfully:1040
Progress: Mon, 07 Dec 2015 09:24:34+0000  Stage in:10  Submitted:758  Active:224  Finished successfully:1056
Progress: Mon, 07 Dec 2015 09:24:35+0000  Submitted:720  Active:272  Finished successfully:1056
Progress: Mon, 07 Dec 2015 09:24:36+0000  Submitted:704  Active:288  Finished successfully:1056
Progress: Mon, 07 Dec 2015 09:24:39+0000  Submitted:704  Active:272  Finished successfully:1072
Progress: Mon, 07 Dec 2015 09:24:40+0000  Submitted:704  Active:262  Stage out:7  Finished successfully:1075
Progress: Mon, 07 Dec 2015 09:24:41+0000  Submitted:704  Active:256  Finished successfully:1088
Progress: Mon, 07 Dec 2015 09:24:52+0000  Submitted:640  Active:320  Finished successfully:1088
Progress: Mon, 07 Dec 2015 09:24:55+0000  Submitted:640  Active:304  Stage out:9  Finished successfully:1095
Progress: Mon, 07 Dec 2015 09:24:56+0000  Submitted:640  Active:304  Finished successfully:1104
Progress: Mon, 07 Dec 2015 09:24:57+0000  Submitted:640  Active:288  Finished successfully:1120
Progress: Mon, 07 Dec 2015 09:24:58+0000  Submitted:640  Active:272  Finished successfully:1136
Progress: Mon, 07 Dec 2015 09:25:06+0000  Submitted:640  Active:256  Stage out:2  Finished successfully:1150
Progress: Mon, 07 Dec 2015 09:25:07+0000  Submitted:640  Active:224  Finished successfully:1184
Progress: Mon, 07 Dec 2015 09:25:08+0000  Submitted:576  Active:288  Finished successfully:1184
Progress: Mon, 07 Dec 2015 09:25:20+0000  Submitted:576  Active:273  Stage out:8  Finished successfully:1191
Progress: Mon, 07 Dec 2015 09:25:21+0000  Submitted:576  Active:272  Finished successfully:1200
Progress: Mon, 07 Dec 2015 09:25:22+0000  Stage in:34  Submitted:542  Active:272  Finished successfully:1200
Progress: Mon, 07 Dec 2015 09:25:23+0000  Submitted:512  Active:336  Finished successfully:1200
Progress: Mon, 07 Dec 2015 09:25:25+0000  Submitted:512  Active:320  Stage out:3  Finished successfully:1213
Progress: Mon, 07 Dec 2015 09:25:26+0000  Submitted:512  Active:304  Finished successfully:1232
Progress: Mon, 07 Dec 2015 09:25:28+0000  Submitted:512  Active:288  Finished successfully:1248
Progress: Mon, 07 Dec 2015 09:25:39+0000  Stage in:37  Submitted:448  Active:315  Finished successfully:1248
Progress: Mon, 07 Dec 2015 09:25:40+0000  Submitted:448  Active:352  Finished successfully:1248
Progress: Mon, 07 Dec 2015 09:25:41+0000  Submitted:448  Active:336  Finished successfully:1264
Progress: Mon, 07 Dec 2015 09:25:42+0000  Submitted:448  Active:320  Finished successfully:1280
Progress: Mon, 07 Dec 2015 09:26:12+0000  Submitted:448  Active:320  Finished successfully:1280
Progress: Mon, 07 Dec 2015 09:26:42+0000  Submitted:448  Active:320  Finished successfully:1280
Progress: Mon, 07 Dec 2015 09:27:12+0000  Submitted:432  Active:336  Finished successfully:1280
Progress: Mon, 07 Dec 2015 09:27:42+0000  Submitted:432  Active:336  Finished successfully:1280
Progress: Mon, 07 Dec 2015 09:27:45+0000  Submitted:416  Active:352  Finished successfully:1280
Progress: Mon, 07 Dec 2015 09:27:57+0000  Submitted:400  Active:368  Finished successfully:1280
Progress: Mon, 07 Dec 2015 09:28:06+0000  Submitted:368  Active:400  Finished successfully:1280
Progress: Mon, 07 Dec 2015 09:28:16+0000  Stage in:16  Submitted:352  Active:400  Finished successfully:1280
Progress: Mon, 07 Dec 2015 09:28:17+0000  Submitted:352  Active:416  Finished successfully:1280
Progress: Mon, 07 Dec 2015 09:28:30+0000  Submitted:336  Active:432  Finished successfully:1280
Progress: Mon, 07 Dec 2015 09:28:40+0000  Submitted:304  Active:464  Finished successfully:1280
Progress: Mon, 07 Dec 2015 09:28:47+0000  Submitted:288  Active:480  Finished successfully:1280
Progress: Mon, 07 Dec 2015 09:29:06+0000  Submitted:256  Active:512  Finished successfully:1280
Progress: Mon, 07 Dec 2015 09:29:07+0000  Submitted:224  Active:544  Finished successfully:1280
Progress: Mon, 07 Dec 2015 09:29:10+0000  Submitted:208  Active:560  Finished successfully:1280
Progress: Mon, 07 Dec 2015 09:29:13+0000  Submitted:192  Active:576  Finished successfully:1280
Progress: Mon, 07 Dec 2015 09:29:16+0000  Stage in:10  Submitted:176  Active:582  Finished successfully:1280
Progress: Mon, 07 Dec 2015 09:29:17+0000  Submitted:176  Active:592  Finished successfully:1280
Progress: Mon, 07 Dec 2015 09:29:26+0000  Stage in:8  Submitted:144  Active:616  Finished successfully:1280
Progress: Mon, 07 Dec 2015 09:29:27+0000  Submitted:144  Active:624  Finished successfully:1280
Progress: Mon, 07 Dec 2015 09:29:36+0000  Submitted:131  Active:637  Finished successfully:1280
Progress: Mon, 07 Dec 2015 09:30:06+0000  Submitted:131  Active:637  Finished successfully:1280
Progress: Mon, 07 Dec 2015 09:30:36+0000  Submitted:131  Active:637  Finished successfully:1280
Progress: Mon, 07 Dec 2015 09:31:06+0000  Submitted:131  Active:637  Finished successfully:1280
Progress: Mon, 07 Dec 2015 09:31:36+0000  Submitted:131  Active:637  Finished successfully:1280
Progress: Mon, 07 Dec 2015 09:32:06+0000  Submitted:131  Active:637  Finished successfully:1280
Progress: Mon, 07 Dec 2015 09:32:36+0000  Submitted:131  Active:637  Finished successfully:1280
Progress: Mon, 07 Dec 2015 09:33:06+0000  Submitted:131  Active:637  Finished successfully:1280
Progress: Mon, 07 Dec 2015 09:33:36+0000  Submitted:131  Active:637  Finished successfully:1280
Progress: Mon, 07 Dec 2015 09:34:06+0000  Submitted:131  Active:637  Finished successfully:1280
Progress: Mon, 07 Dec 2015 09:34:36+0000  Submitted:131  Active:637  Finished successfully:1280
Progress: Mon, 07 Dec 2015 09:35:06+0000  Submitted:131  Active:637  Finished successfully:1280
Progress: Mon, 07 Dec 2015 09:35:36+0000  Submitted:131  Active:637  Finished successfully:1280
Progress: Mon, 07 Dec 2015 09:36:06+0000  Submitted:131  Active:637  Finished successfully:1280
Progress: Mon, 07 Dec 2015 09:36:36+0000  Submitted:131  Active:637  Finished successfully:1280
Progress: Mon, 07 Dec 2015 09:37:06+0000  Submitted:131  Active:637  Finished successfully:1280
Progress: Mon, 07 Dec 2015 09:37:36+0000  Submitted:131  Active:637  Finished successfully:1280
Progress: Mon, 07 Dec 2015 09:38:06+0000  Submitted:131  Active:637  Finished successfully:1280
Progress: Mon, 07 Dec 2015 09:38:36+0000  Submitted:131  Active:637  Finished successfully:1280
Progress: Mon, 07 Dec 2015 09:39:06+0000  Submitted:131  Active:637  Finished successfully:1280
Progress: Mon, 07 Dec 2015 09:39:34+0000  Submitted:131  Active:636  Stage out:1  Finished successfully:1280
Progress: Mon, 07 Dec 2015 09:39:35+0000  Submitted:131  Active:589  Finished successfully:1328
Progress: Mon, 07 Dec 2015 09:39:36+0000  Submitted:131  Active:573  Finished successfully:1344
Progress: Mon, 07 Dec 2015 09:39:52+0000  Submitted:131  Active:509  Stage out:9  Finished successfully:1399
Progress: Mon, 07 Dec 2015 09:39:53+0000  Submitted:131  Active:509  Finished successfully:1408
Progress: Mon, 07 Dec 2015 09:40:08+0000  Submitted:131  Active:445  Finished successfully:1472
Progress: Mon, 07 Dec 2015 09:40:22+0000  Submitted:131  Active:436  Stage out:9  Finished successfully:1472
Progress: Mon, 07 Dec 2015 09:40:23+0000  Submitted:131  Active:381  Finished successfully:1536
Progress: Mon, 07 Dec 2015 09:40:39+0000  Submitted:131  Active:345  Stage out:16  Finished successfully:1556
Progress: Mon, 07 Dec 2015 09:40:40+0000  Submitted:131  Active:317  Finished successfully:1600
Progress: Mon, 07 Dec 2015 09:41:10+0000  Submitted:131  Active:317  Finished successfully:1600
Progress: Mon, 07 Dec 2015 09:41:40+0000  Submitted:131  Active:317  Finished successfully:1600
Progress: Mon, 07 Dec 2015 09:42:04+0000  Stage in:12  Submitted:119  Active:317  Finished successfully:1600
Progress: Mon, 07 Dec 2015 09:42:05+0000  Submitted:115  Active:333  Finished successfully:1600
Progress: Mon, 07 Dec 2015 09:42:11+0000  Submitted:115  Active:324  Stage out:6  Finished successfully:1603
Progress: Mon, 07 Dec 2015 09:42:12+0000  Submitted:115  Active:317  Finished successfully:1616
Progress: Mon, 07 Dec 2015 09:42:42+0000  Submitted:115  Active:317  Finished successfully:1616
Progress: Mon, 07 Dec 2015 09:42:45+0000  Submitted:115  Active:301  Finished successfully:1632
Progress: Mon, 07 Dec 2015 09:42:50+0000  Submitted:51  Active:365  Finished successfully:1632
Progress: Mon, 07 Dec 2015 09:42:56+0000  Submitted:51  Active:353  Stage out:11  Finished successfully:1633
Progress: Mon, 07 Dec 2015 09:42:57+0000  Submitted:51  Active:349  Finished successfully:1648
Progress: Mon, 07 Dec 2015 09:43:06+0000  Submitted:51  Active:317  Finished successfully:1680
Progress: Mon, 07 Dec 2015 09:43:07+0000  Stage in:10  Submitted:41  Active:317  Finished successfully:1680
Progress: Mon, 07 Dec 2015 09:43:08+0000  Active:368  Finished successfully:1680
Progress: Mon, 07 Dec 2015 09:43:16+0000  Active:352  Stage out:10  Finished successfully:1686
Progress: Mon, 07 Dec 2015 09:43:17+0000  Active:352  Finished successfully:1696
Progress: Mon, 07 Dec 2015 09:43:30+0000  Active:336  Finished successfully:1712
Progress: Mon, 07 Dec 2015 09:43:39+0000  Active:329  Stage out:7  Finished successfully:1712
Progress: Mon, 07 Dec 2015 09:43:40+0000  Active:304  Finished successfully:1744
Progress: Mon, 07 Dec 2015 09:43:47+0000  Active:288  Finished successfully:1760
Progress: Mon, 07 Dec 2015 09:44:06+0000  Active:256  Finished successfully:1792
Progress: Mon, 07 Dec 2015 09:44:07+0000  Active:224  Finished successfully:1824
Progress: Mon, 07 Dec 2015 09:44:10+0000  Active:208  Finished successfully:1840
Progress: Mon, 07 Dec 2015 09:44:12+0000  Active:204  Stage out:4  Finished successfully:1840
Progress: Mon, 07 Dec 2015 09:44:13+0000  Active:192  Finished successfully:1856
Progress: Mon, 07 Dec 2015 09:44:16+0000  Active:176  Stage out:1  Finished successfully:1871
Progress: Mon, 07 Dec 2015 09:44:17+0000  Active:176  Finished successfully:1872
Progress: Mon, 07 Dec 2015 09:44:26+0000  Active:144  Finished successfully:1904
Progress: Mon, 07 Dec 2015 09:44:36+0000  Active:131  Finished successfully:1917
Progress: Mon, 07 Dec 2015 09:45:06+0000  Active:131  Finished successfully:1917
Progress: Mon, 07 Dec 2015 09:45:36+0000  Active:131  Finished successfully:1917
Progress: Mon, 07 Dec 2015 09:46:06+0000  Active:131  Finished successfully:1917
Progress: Mon, 07 Dec 2015 09:46:36+0000  Active:131  Finished successfully:1917
Progress: Mon, 07 Dec 2015 09:47:06+0000  Active:131  Finished successfully:1917
Progress: Mon, 07 Dec 2015 09:47:36+0000  Active:131  Finished successfully:1917
Progress: Mon, 07 Dec 2015 09:48:06+0000  Active:131  Finished successfully:1917
Progress: Mon, 07 Dec 2015 09:48:36+0000  Active:131  Finished successfully:1917
Progress: Mon, 07 Dec 2015 09:49:06+0000  Active:131  Finished successfully:1917
Progress: Mon, 07 Dec 2015 09:49:36+0000  Active:131  Finished successfully:1917
Progress: Mon, 07 Dec 2015 09:50:06+0000  Active:131  Finished successfully:1917
Progress: Mon, 07 Dec 2015 09:50:36+0000  Active:131  Finished successfully:1917
Progress: Mon, 07 Dec 2015 09:51:06+0000  Active:131  Finished successfully:1917
Progress: Mon, 07 Dec 2015 09:51:36+0000  Active:131  Finished successfully:1917
Progress: Mon, 07 Dec 2015 09:52:06+0000  Active:131  Finished successfully:1917
Progress: Mon, 07 Dec 2015 09:52:36+0000  Active:131  Finished successfully:1917
Progress: Mon, 07 Dec 2015 09:53:06+0000  Active:131  Finished successfully:1917
Progress: Mon, 07 Dec 2015 09:53:36+0000  Active:131  Finished successfully:1917
Progress: Mon, 07 Dec 2015 09:54:06+0000  Active:131  Finished successfully:1917
Progress: Mon, 07 Dec 2015 09:54:36+0000  Active:131  Finished successfully:1917
Progress: Mon, 07 Dec 2015 09:55:06+0000  Active:131  Finished successfully:1917
Progress: Mon, 07 Dec 2015 09:55:36+0000  Active:131  Finished successfully:1917
Progress: Mon, 07 Dec 2015 09:56:06+0000  Active:131  Finished successfully:1917
Progress: Mon, 07 Dec 2015 09:56:36+0000  Active:131  Finished successfully:1917
Progress: Mon, 07 Dec 2015 09:57:04+0000  Active:128  Stage out:3  Finished successfully:1917
Progress: Mon, 07 Dec 2015 09:57:05+0000  Active:115  Finished successfully:1933
Progress: Mon, 07 Dec 2015 09:57:35+0000  Active:115  Finished successfully:1933
Progress: Mon, 07 Dec 2015 09:57:50+0000  Active:51  Finished successfully:1997
Progress: Mon, 07 Dec 2015 09:58:07+0000  Active:47  Stage out:4  Finished successfully:1997
Final status: Mon, 07 Dec 2015 09:58:08+0000  Finished successfully:2048
Swift did not shut down 10 seconds after the run completed


Waiting JVM threads:
	Thread "I/O Queue" (0x00000045) TIMED_WAITING
		waiting for org.globus.cog.abstraction.impl.file.coaster.buffers.Buffers (0x6de50b08)
	Stack trace:
		java.lang.Object.wait
		org.globus.cog.abstraction.impl.file.coaster.buffers.Buffers.run:215

	Thread "I/O Queue" (0x00000044) TIMED_WAITING
		waiting for org.globus.cog.abstraction.impl.file.coaster.buffers.Buffers (0x2b938c68)
	Stack trace:
		java.lang.Object.wait
		org.globus.cog.abstraction.impl.file.coaster.buffers.Buffers.run:215

	Thread "Sender GSSChannel" (0x00000043) WAITING
		waiting for java.util.concurrent.locks.AbstractQueuedSynchronizer$ConditionObject (0x75cf5ff9)
	Stack trace:
		sun.misc.Unsafe.park
		java.util.concurrent.locks.LockSupport.park:186
		java.util.concurrent.locks.AbstractQueuedSynchronizer$ConditionObject.await:2043
		java.util.concurrent.LinkedBlockingQueue.take:442
		org.globus.cog.coaster.channels.Sender.run:75

	Thread "Timer-1" (0x00000042) TIMED_WAITING
		waiting for java.util.TaskQueue (0x01a610dc)
	Stack trace:
		java.lang.Object.wait
		java.util.TimerThread.mainLoop:552
		java.util.TimerThread.run:505

	Thread "Channel multiplexer 1" (0x00000041) TIMED_WAITING
	Stack trace:
		java.lang.Thread.sleep
		org.globus.cog.coaster.channels.Multiplexer.run:132

	Thread "Channel multiplexer 0" (0x00000040) TIMED_WAITING
	Stack trace:
		java.lang.Thread.sleep
		org.globus.cog.coaster.channels.Multiplexer.run:132

	Thread "pool-3-thread-4" (0x0000003d) TIMED_WAITING
	Synchronizers held:
		java.util.concurrent.ThreadPoolExecutor$Worker (0x37d0d20b)
	Stack trace:
		java.lang.Thread.sleep
		org.globus.cog.abstraction.impl.execution.local.JobSubmissionTaskHandler$Processor.run2:658
		org.globus.cog.abstraction.impl.execution.local.JobSubmissionTaskHandler$Processor.run:625
		java.util.concurrent.ThreadPoolExecutor.runWorker:1145
		java.util.concurrent.ThreadPoolExecutor$Worker.run:615
		java.lang.Thread.run:745

	Thread "pool-3-thread-3" (0x0000003c) TIMED_WAITING
	Synchronizers held:
		java.util.concurrent.ThreadPoolExecutor$Worker (0x6dea0585)
	Stack trace:
		java.lang.Thread.sleep
		org.globus.cog.abstraction.impl.execution.local.JobSubmissionTaskHandler$Processor.run2:658
		org.globus.cog.abstraction.impl.execution.local.JobSubmissionTaskHandler$Processor.run:625
		java.util.concurrent.ThreadPoolExecutor.runWorker:1145
		java.util.concurrent.ThreadPoolExecutor$Worker.run:615
		java.lang.Thread.run:745

	Thread "pool-3-thread-2" (0x0000003b) WAITING
		waiting for org.globus.cog.abstraction.impl.execution.local.JobSubmissionTaskHandler$Processor (0x3d9cdc5c)
	Synchronizers held:
		java.util.concurrent.ThreadPoolExecutor$Worker (0x78d88d3e)
	Stack trace:
		java.lang.Object.wait
		java.lang.Object.wait:503
		org.globus.cog.abstraction.impl.execution.local.JobSubmissionTaskHandler$Processor.waitFor:699
		org.globus.cog.abstraction.impl.execution.local.JobSubmissionTaskHandler.run:241
		java.util.concurrent.Executors$RunnableAdapter.call:471
		java.util.concurrent.FutureTask.run:262
		java.util.concurrent.ThreadPoolExecutor.runWorker:1145
		java.util.concurrent.ThreadPoolExecutor$Worker.run:615
		java.lang.Thread.run:745

	Thread "pool-3-thread-1" (0x0000003a) WAITING
		waiting for org.globus.cog.abstraction.impl.execution.local.JobSubmissionTaskHandler$Processor (0x05473b9e)
	Synchronizers held:
		java.util.concurrent.ThreadPoolExecutor$Worker (0x213b0eef)
	Stack trace:
		java.lang.Object.wait
		java.lang.Object.wait:503
		org.globus.cog.abstraction.impl.execution.local.JobSubmissionTaskHandler$Processor.waitFor:699
		org.globus.cog.abstraction.impl.execution.local.JobSubmissionTaskHandler.run:241
		java.util.concurrent.Executors$RunnableAdapter.call:471
		java.util.concurrent.FutureTask.run:262
		java.util.concurrent.ThreadPoolExecutor.runWorker:1145
		java.util.concurrent.ThreadPoolExecutor$Worker.run:615
		java.lang.Thread.run:745

	Thread "NBS11" (0x00000034) WAITING
		waiting for java.util.concurrent.locks.AbstractQueuedSynchronizer$ConditionObject (0x7dd81cbd)
	Stack trace:
		sun.misc.Unsafe.park
		java.util.concurrent.locks.LockSupport.park:186
		java.util.concurrent.locks.AbstractQueuedSynchronizer$ConditionObject.await:2043
		java.util.concurrent.LinkedBlockingQueue.take:442
		java.util.concurrent.ThreadPoolExecutor.getTask:1068
		java.util.concurrent.ThreadPoolExecutor.runWorker:1130
		java.util.concurrent.ThreadPoolExecutor$Worker.run:615
		java.lang.Thread.run:745

	Thread "NBS10" (0x00000033) WAITING
		waiting for java.util.concurrent.locks.AbstractQueuedSynchronizer$ConditionObject (0x7dd81cbd)
	Stack trace:
		sun.misc.Unsafe.park
		java.util.concurrent.locks.LockSupport.park:186
		java.util.concurrent.locks.AbstractQueuedSynchronizer$ConditionObject.await:2043
		java.util.concurrent.LinkedBlockingQueue.take:442
		java.util.concurrent.ThreadPoolExecutor.getTask:1068
		java.util.concurrent.ThreadPoolExecutor.runWorker:1130
		java.util.concurrent.ThreadPoolExecutor$Worker.run:615
		java.lang.Thread.run:745

	Thread "NBS9" (0x00000032) WAITING
		waiting for java.util.concurrent.locks.AbstractQueuedSynchronizer$ConditionObject (0x7dd81cbd)
	Stack trace:
		sun.misc.Unsafe.park
		java.util.concurrent.locks.LockSupport.park:186
		java.util.concurrent.locks.AbstractQueuedSynchronizer$ConditionObject.await:2043
		java.util.concurrent.LinkedBlockingQueue.take:442
		java.util.concurrent.ThreadPoolExecutor.getTask:1068
		java.util.concurrent.ThreadPoolExecutor.runWorker:1130
		java.util.concurrent.ThreadPoolExecutor$Worker.run:615
		java.lang.Thread.run:745

	Thread "NBS8" (0x00000031) WAITING
		waiting for java.util.concurrent.locks.AbstractQueuedSynchronizer$ConditionObject (0x7dd81cbd)
	Stack trace:
		sun.misc.Unsafe.park
		java.util.concurrent.locks.LockSupport.park:186
		java.util.concurrent.locks.AbstractQueuedSynchronizer$ConditionObject.await:2043
		java.util.concurrent.LinkedBlockingQueue.take:442
		java.util.concurrent.ThreadPoolExecutor.getTask:1068
		java.util.concurrent.ThreadPoolExecutor.runWorker:1130
		java.util.concurrent.ThreadPoolExecutor$Worker.run:615
		java.lang.Thread.run:745

	Thread "NBS7" (0x00000030) WAITING
		waiting for java.util.concurrent.locks.AbstractQueuedSynchronizer$ConditionObject (0x7dd81cbd)
	Stack trace:
		sun.misc.Unsafe.park
		java.util.concurrent.locks.LockSupport.park:186
		java.util.concurrent.locks.AbstractQueuedSynchronizer$ConditionObject.await:2043
		java.util.concurrent.LinkedBlockingQueue.take:442
		java.util.concurrent.ThreadPoolExecutor.getTask:1068
		java.util.concurrent.ThreadPoolExecutor.runWorker:1130
		java.util.concurrent.ThreadPoolExecutor$Worker.run:615
		java.lang.Thread.run:745

	Thread "NBS6" (0x0000002f) WAITING
		waiting for java.util.concurrent.locks.AbstractQueuedSynchronizer$ConditionObject (0x7dd81cbd)
	Stack trace:
		sun.misc.Unsafe.park
		java.util.concurrent.locks.LockSupport.park:186
		java.util.concurrent.locks.AbstractQueuedSynchronizer$ConditionObject.await:2043
		java.util.concurrent.LinkedBlockingQueue.take:442
		java.util.concurrent.ThreadPoolExecutor.getTask:1068
		java.util.concurrent.ThreadPoolExecutor.runWorker:1130
		java.util.concurrent.ThreadPoolExecutor$Worker.run:615
		java.lang.Thread.run:745

	Thread "NBS5" (0x0000002e) WAITING
		waiting for java.util.concurrent.locks.AbstractQueuedSynchronizer$ConditionObject (0x7dd81cbd)
	Stack trace:
		sun.misc.Unsafe.park
		java.util.concurrent.locks.LockSupport.park:186
		java.util.concurrent.locks.AbstractQueuedSynchronizer$ConditionObject.await:2043
		java.util.concurrent.LinkedBlockingQueue.take:442
		java.util.concurrent.ThreadPoolExecutor.getTask:1068
		java.util.concurrent.ThreadPoolExecutor.runWorker:1130
		java.util.concurrent.ThreadPoolExecutor$Worker.run:615
		java.lang.Thread.run:745

	Thread "NBS4" (0x0000002d) WAITING
		waiting for java.util.concurrent.locks.AbstractQueuedSynchronizer$ConditionObject (0x7dd81cbd)
	Stack trace:
		sun.misc.Unsafe.park
		java.util.concurrent.locks.LockSupport.park:186
		java.util.concurrent.locks.AbstractQueuedSynchronizer$ConditionObject.await:2043
		java.util.concurrent.LinkedBlockingQueue.take:442
		java.util.concurrent.ThreadPoolExecutor.getTask:1068
		java.util.concurrent.ThreadPoolExecutor.runWorker:1130
		java.util.concurrent.ThreadPoolExecutor$Worker.run:615
		java.lang.Thread.run:745

	Thread "NBS3" (0x0000002c) WAITING
		waiting for java.util.concurrent.locks.AbstractQueuedSynchronizer$ConditionObject (0x7dd81cbd)
	Stack trace:
		sun.misc.Unsafe.park
		java.util.concurrent.locks.LockSupport.park:186
		java.util.concurrent.locks.AbstractQueuedSynchronizer$ConditionObject.await:2043
		java.util.concurrent.LinkedBlockingQueue.take:442
		java.util.concurrent.ThreadPoolExecutor.getTask:1068
		java.util.concurrent.ThreadPoolExecutor.runWorker:1130
		java.util.concurrent.ThreadPoolExecutor$Worker.run:615
		java.lang.Thread.run:745

	Thread "pool-1-thread-24" (0x0000002b) WAITING
		waiting for java.util.concurrent.locks.AbstractQueuedSynchronizer$ConditionObject (0x7746fcd6)
	Stack trace:
		sun.misc.Unsafe.park
		java.util.concurrent.locks.LockSupport.park:186
		java.util.concurrent.locks.AbstractQueuedSynchronizer$ConditionObject.await:2043
		java.util.concurrent.LinkedBlockingQueue.take:442
		java.util.concurrent.ThreadPoolExecutor.getTask:1068
		java.util.concurrent.ThreadPoolExecutor.runWorker:1130
		java.util.concurrent.ThreadPoolExecutor$Worker.run:615
		java.lang.Thread.run:745

	Thread "pool-1-thread-23" (0x0000002a) WAITING
		waiting for java.util.concurrent.locks.AbstractQueuedSynchronizer$ConditionObject (0x7746fcd6)
	Stack trace:
		sun.misc.Unsafe.park
		java.util.concurrent.locks.LockSupport.park:186
		java.util.concurrent.locks.AbstractQueuedSynchronizer$ConditionObject.await:2043
		java.util.concurrent.LinkedBlockingQueue.take:442
		java.util.concurrent.ThreadPoolExecutor.getTask:1068
		java.util.concurrent.ThreadPoolExecutor.runWorker:1130
		java.util.concurrent.ThreadPoolExecutor$Worker.run:615
		java.lang.Thread.run:745

	Thread "pool-1-thread-22" (0x00000029) WAITING
		waiting for java.util.concurrent.locks.AbstractQueuedSynchronizer$ConditionObject (0x7746fcd6)
	Stack trace:
		sun.misc.Unsafe.park
		java.util.concurrent.locks.LockSupport.park:186
		java.util.concurrent.locks.AbstractQueuedSynchronizer$ConditionObject.await:2043
		java.util.concurrent.LinkedBlockingQueue.take:442
		java.util.concurrent.ThreadPoolExecutor.getTask:1068
		java.util.concurrent.ThreadPoolExecutor.runWorker:1130
		java.util.concurrent.ThreadPoolExecutor$Worker.run:615
		java.lang.Thread.run:745

	Thread "pool-1-thread-21" (0x00000028) WAITING
		waiting for java.util.concurrent.locks.AbstractQueuedSynchronizer$ConditionObject (0x7746fcd6)
	Stack trace:
		sun.misc.Unsafe.park
		java.util.concurrent.locks.LockSupport.park:186
		java.util.concurrent.locks.AbstractQueuedSynchronizer$ConditionObject.await:2043
		java.util.concurrent.LinkedBlockingQueue.take:442
		java.util.concurrent.ThreadPoolExecutor.getTask:1068
		java.util.concurrent.ThreadPoolExecutor.runWorker:1130
		java.util.concurrent.ThreadPoolExecutor$Worker.run:615
		java.lang.Thread.run:745

	Thread "pool-1-thread-20" (0x00000027) WAITING
		waiting for java.util.concurrent.locks.AbstractQueuedSynchronizer$ConditionObject (0x7746fcd6)
	Stack trace:
		sun.misc.Unsafe.park
		java.util.concurrent.locks.LockSupport.park:186
		java.util.concurrent.locks.AbstractQueuedSynchronizer$ConditionObject.await:2043
		java.util.concurrent.LinkedBlockingQueue.take:442
		java.util.concurrent.ThreadPoolExecutor.getTask:1068
		java.util.concurrent.ThreadPoolExecutor.runWorker:1130
		java.util.concurrent.ThreadPoolExecutor$Worker.run:615
		java.lang.Thread.run:745

	Thread "pool-1-thread-19" (0x00000026) WAITING
		waiting for java.util.concurrent.locks.AbstractQueuedSynchronizer$ConditionObject (0x7746fcd6)
	Stack trace:
		sun.misc.Unsafe.park
		java.util.concurrent.locks.LockSupport.park:186
		java.util.concurrent.locks.AbstractQueuedSynchronizer$ConditionObject.await:2043
		java.util.concurrent.LinkedBlockingQueue.take:442
		java.util.concurrent.ThreadPoolExecutor.getTask:1068
		java.util.concurrent.ThreadPoolExecutor.runWorker:1130
		java.util.concurrent.ThreadPoolExecutor$Worker.run:615
		java.lang.Thread.run:745

	Thread "pool-1-thread-18" (0x00000025) WAITING
		waiting for java.util.concurrent.locks.AbstractQueuedSynchronizer$ConditionObject (0x7746fcd6)
	Stack trace:
		sun.misc.Unsafe.park
		java.util.concurrent.locks.LockSupport.park:186
		java.util.concurrent.locks.AbstractQueuedSynchronizer$ConditionObject.await:2043
		java.util.concurrent.LinkedBlockingQueue.take:442
		java.util.concurrent.ThreadPoolExecutor.getTask:1068
		java.util.concurrent.ThreadPoolExecutor.runWorker:1130
		java.util.concurrent.ThreadPoolExecutor$Worker.run:615
		java.lang.Thread.run:745

	Thread "pool-1-thread-17" (0x00000024) WAITING
		waiting for java.util.concurrent.locks.AbstractQueuedSynchronizer$ConditionObject (0x7746fcd6)
	Stack trace:
		sun.misc.Unsafe.park
		java.util.concurrent.locks.LockSupport.park:186
		java.util.concurrent.locks.AbstractQueuedSynchronizer$ConditionObject.await:2043
		java.util.concurrent.LinkedBlockingQueue.take:442
		java.util.concurrent.ThreadPoolExecutor.getTask:1068
		java.util.concurrent.ThreadPoolExecutor.runWorker:1130
		java.util.concurrent.ThreadPoolExecutor$Worker.run:615
		java.lang.Thread.run:745

	Thread "pool-1-thread-16" (0x00000023) WAITING
		waiting for java.util.concurrent.locks.AbstractQueuedSynchronizer$ConditionObject (0x7746fcd6)
	Stack trace:
		sun.misc.Unsafe.park
		java.util.concurrent.locks.LockSupport.park:186
		java.util.concurrent.locks.AbstractQueuedSynchronizer$ConditionObject.await:2043
		java.util.concurrent.LinkedBlockingQueue.take:442
		java.util.concurrent.ThreadPoolExecutor.getTask:1068
		java.util.concurrent.ThreadPoolExecutor.runWorker:1130
		java.util.concurrent.ThreadPoolExecutor$Worker.run:615
		java.lang.Thread.run:745

	Thread "pool-1-thread-15" (0x00000022) WAITING
		waiting for java.util.concurrent.locks.AbstractQueuedSynchronizer$ConditionObject (0x7746fcd6)
	Stack trace:
		sun.misc.Unsafe.park
		java.util.concurrent.locks.LockSupport.park:186
		java.util.concurrent.locks.AbstractQueuedSynchronizer$ConditionObject.await:2043
		java.util.concurrent.LinkedBlockingQueue.take:442
		java.util.concurrent.ThreadPoolExecutor.getTask:1068
		java.util.concurrent.ThreadPoolExecutor.runWorker:1130
		java.util.concurrent.ThreadPoolExecutor$Worker.run:615
		java.lang.Thread.run:745

	Thread "pool-1-thread-14" (0x00000021) WAITING
		waiting for java.util.concurrent.locks.AbstractQueuedSynchronizer$ConditionObject (0x7746fcd6)
	Stack trace:
		sun.misc.Unsafe.park
		java.util.concurrent.locks.LockSupport.park:186
		java.util.concurrent.locks.AbstractQueuedSynchronizer$ConditionObject.await:2043
		java.util.concurrent.LinkedBlockingQueue.take:442
		java.util.concurrent.ThreadPoolExecutor.getTask:1068
		java.util.concurrent.ThreadPoolExecutor.runWorker:1130
		java.util.concurrent.ThreadPoolExecutor$Worker.run:615
		java.lang.Thread.run:745

	Thread "pool-1-thread-13" (0x00000020) WAITING
		waiting for java.util.concurrent.locks.AbstractQueuedSynchronizer$ConditionObject (0x7746fcd6)
	Stack trace:
		sun.misc.Unsafe.park
		java.util.concurrent.locks.LockSupport.park:186
		java.util.concurrent.locks.AbstractQueuedSynchronizer$ConditionObject.await:2043
		java.util.concurrent.LinkedBlockingQueue.take:442
		java.util.concurrent.ThreadPoolExecutor.getTask:1068
		java.util.concurrent.ThreadPoolExecutor.runWorker:1130
		java.util.concurrent.ThreadPoolExecutor$Worker.run:615
		java.lang.Thread.run:745

	Thread "pool-1-thread-12" (0x0000001f) WAITING
		waiting for java.util.concurrent.locks.AbstractQueuedSynchronizer$ConditionObject (0x7746fcd6)
	Stack trace:
		sun.misc.Unsafe.park
		java.util.concurrent.locks.LockSupport.park:186
		java.util.concurrent.locks.AbstractQueuedSynchronizer$ConditionObject.await:2043
		java.util.concurrent.LinkedBlockingQueue.take:442
		java.util.concurrent.ThreadPoolExecutor.getTask:1068
		java.util.concurrent.ThreadPoolExecutor.runWorker:1130
		java.util.concurrent.ThreadPoolExecutor$Worker.run:615
		java.lang.Thread.run:745

	Thread "pool-1-thread-11" (0x0000001e) WAITING
		waiting for java.util.concurrent.locks.AbstractQueuedSynchronizer$ConditionObject (0x7746fcd6)
	Stack trace:
		sun.misc.Unsafe.park
		java.util.concurrent.locks.LockSupport.park:186
		java.util.concurrent.locks.AbstractQueuedSynchronizer$ConditionObject.await:2043
		java.util.concurrent.LinkedBlockingQueue.take:442
		java.util.concurrent.ThreadPoolExecutor.getTask:1068
		java.util.concurrent.ThreadPoolExecutor.runWorker:1130
		java.util.concurrent.ThreadPoolExecutor$Worker.run:615
		java.lang.Thread.run:745

	Thread "pool-1-thread-10" (0x0000001d) WAITING
		waiting for java.util.concurrent.locks.AbstractQueuedSynchronizer$ConditionObject (0x7746fcd6)
	Stack trace:
		sun.misc.Unsafe.park
		java.util.concurrent.locks.LockSupport.park:186
		java.util.concurrent.locks.AbstractQueuedSynchronizer$ConditionObject.await:2043
		java.util.concurrent.LinkedBlockingQueue.take:442
		java.util.concurrent.ThreadPoolExecutor.getTask:1068
		java.util.concurrent.ThreadPoolExecutor.runWorker:1130
		java.util.concurrent.ThreadPoolExecutor$Worker.run:615
		java.lang.Thread.run:745

	Thread "pool-1-thread-9" (0x0000001c) WAITING
		waiting for java.util.concurrent.locks.AbstractQueuedSynchronizer$ConditionObject (0x7746fcd6)
	Stack trace:
		sun.misc.Unsafe.park
		java.util.concurrent.locks.LockSupport.park:186
		java.util.concurrent.locks.AbstractQueuedSynchronizer$ConditionObject.await:2043
		java.util.concurrent.LinkedBlockingQueue.take:442
		java.util.concurrent.ThreadPoolExecutor.getTask:1068
		java.util.concurrent.ThreadPoolExecutor.runWorker:1130
		java.util.concurrent.ThreadPoolExecutor$Worker.run:615
		java.lang.Thread.run:745

	Thread "pool-1-thread-8" (0x0000001b) WAITING
		waiting for java.util.concurrent.locks.AbstractQueuedSynchronizer$ConditionObject (0x7746fcd6)
	Stack trace:
		sun.misc.Unsafe.park
		java.util.concurrent.locks.LockSupport.park:186
		java.util.concurrent.locks.AbstractQueuedSynchronizer$ConditionObject.await:2043
		java.util.concurrent.LinkedBlockingQueue.take:442
		java.util.concurrent.ThreadPoolExecutor.getTask:1068
		java.util.concurrent.ThreadPoolExecutor.runWorker:1130
		java.util.concurrent.ThreadPoolExecutor$Worker.run:615
		java.lang.Thread.run:745

	Thread "pool-1-thread-7" (0x0000001a) WAITING
		waiting for java.util.concurrent.locks.AbstractQueuedSynchronizer$ConditionObject (0x7746fcd6)
	Stack trace:
		sun.misc.Unsafe.park
		java.util.concurrent.locks.LockSupport.park:186
		java.util.concurrent.locks.AbstractQueuedSynchronizer$ConditionObject.await:2043
		java.util.concurrent.LinkedBlockingQueue.take:442
		java.util.concurrent.ThreadPoolExecutor.getTask:1068
		java.util.concurrent.ThreadPoolExecutor.runWorker:1130
		java.util.concurrent.ThreadPoolExecutor$Worker.run:615
		java.lang.Thread.run:745

	Thread "pool-1-thread-6" (0x00000019) WAITING
		waiting for java.util.concurrent.locks.AbstractQueuedSynchronizer$ConditionObject (0x7746fcd6)
	Stack trace:
		sun.misc.Unsafe.park
		java.util.concurrent.locks.LockSupport.park:186
		java.util.concurrent.locks.AbstractQueuedSynchronizer$ConditionObject.await:2043
		java.util.concurrent.LinkedBlockingQueue.take:442
		java.util.concurrent.ThreadPoolExecutor.getTask:1068
		java.util.concurrent.ThreadPoolExecutor.runWorker:1130
		java.util.concurrent.ThreadPoolExecutor$Worker.run:615
		java.lang.Thread.run:745

	Thread "pool-1-thread-5" (0x00000018) WAITING
		waiting for java.util.concurrent.locks.AbstractQueuedSynchronizer$ConditionObject (0x7746fcd6)
	Stack trace:
		sun.misc.Unsafe.park
		java.util.concurrent.locks.LockSupport.park:186
		java.util.concurrent.locks.AbstractQueuedSynchronizer$ConditionObject.await:2043
		java.util.concurrent.LinkedBlockingQueue.take:442
		java.util.concurrent.ThreadPoolExecutor.getTask:1068
		java.util.concurrent.ThreadPoolExecutor.runWorker:1130
		java.util.concurrent.ThreadPoolExecutor$Worker.run:615
		java.lang.Thread.run:745

	Thread "Restart Log Sync" (0x00000015) WAITING
		waiting for org.globus.cog.karajan.compiled.nodes.restartLog.SyncThread (0x558182c7)
	Stack trace:
		java.lang.Object.wait
		java.lang.Object.wait:503
		org.globus.cog.karajan.compiled.nodes.restartLog.SyncThread.run:66

	Thread "pool-1-thread-4" (0x00000014) WAITING
		waiting for java.util.concurrent.locks.AbstractQueuedSynchronizer$ConditionObject (0x7746fcd6)
	Stack trace:
		sun.misc.Unsafe.park
		java.util.concurrent.locks.LockSupport.park:186
		java.util.concurrent.locks.AbstractQueuedSynchronizer$ConditionObject.await:2043
		java.util.concurrent.LinkedBlockingQueue.take:442
		java.util.concurrent.ThreadPoolExecutor.getTask:1068
		java.util.concurrent.ThreadPoolExecutor.runWorker:1130
		java.util.concurrent.ThreadPoolExecutor$Worker.run:615
		java.lang.Thread.run:745

	Thread "NBS2" (0x00000013) WAITING
		waiting for java.util.concurrent.locks.AbstractQueuedSynchronizer$ConditionObject (0x7dd81cbd)
	Stack trace:
		sun.misc.Unsafe.park
		java.util.concurrent.locks.LockSupport.park:186
		java.util.concurrent.locks.AbstractQueuedSynchronizer$ConditionObject.await:2043
		java.util.concurrent.LinkedBlockingQueue.take:442
		java.util.concurrent.ThreadPoolExecutor.getTask:1068
		java.util.concurrent.ThreadPoolExecutor.runWorker:1130
		java.util.concurrent.ThreadPoolExecutor$Worker.run:615
		java.lang.Thread.run:745

	Thread "pool-1-thread-3" (0x00000012) WAITING
		waiting for java.util.concurrent.locks.AbstractQueuedSynchronizer$ConditionObject (0x7746fcd6)
	Stack trace:
		sun.misc.Unsafe.park
		java.util.concurrent.locks.LockSupport.park:186
		java.util.concurrent.locks.AbstractQueuedSynchronizer$ConditionObject.await:2043
		java.util.concurrent.LinkedBlockingQueue.take:442
		java.util.concurrent.ThreadPoolExecutor.getTask:1068
		java.util.concurrent.ThreadPoolExecutor.runWorker:1130
		java.util.concurrent.ThreadPoolExecutor$Worker.run:615
		java.lang.Thread.run:745

	Thread "NBS1" (0x00000011) WAITING
		waiting for java.util.concurrent.locks.AbstractQueuedSynchronizer$ConditionObject (0x7dd81cbd)
	Stack trace:
		sun.misc.Unsafe.park
		java.util.concurrent.locks.LockSupport.park:186
		java.util.concurrent.locks.AbstractQueuedSynchronizer$ConditionObject.await:2043
		java.util.concurrent.LinkedBlockingQueue.take:442
		java.util.concurrent.ThreadPoolExecutor.getTask:1068
		java.util.concurrent.ThreadPoolExecutor.runWorker:1130
		java.util.concurrent.ThreadPoolExecutor$Worker.run:615
		java.lang.Thread.run:745

	Thread "pool-1-thread-2" (0x00000010) WAITING
		waiting for java.util.concurrent.locks.AbstractQueuedSynchronizer$ConditionObject (0x7746fcd6)
	Stack trace:
		sun.misc.Unsafe.park
		java.util.concurrent.locks.LockSupport.park:186
		java.util.concurrent.locks.AbstractQueuedSynchronizer$ConditionObject.await:2043
		java.util.concurrent.LinkedBlockingQueue.take:442
		java.util.concurrent.ThreadPoolExecutor.getTask:1068
		java.util.concurrent.ThreadPoolExecutor.runWorker:1130
		java.util.concurrent.ThreadPoolExecutor$Worker.run:615
		java.lang.Thread.run:745

	Thread "Timer-0" (0x0000000f) TIMED_WAITING
		waiting for java.util.TaskQueue (0x29b102ac)
	Stack trace:
		java.lang.Object.wait
		java.util.TimerThread.mainLoop:552
		java.util.TimerThread.run:505

	Thread "NBS0" (0x0000000e) WAITING
		waiting for java.util.concurrent.locks.AbstractQueuedSynchronizer$ConditionObject (0x7dd81cbd)
	Stack trace:
		sun.misc.Unsafe.park
		java.util.concurrent.locks.LockSupport.park:186
		java.util.concurrent.locks.AbstractQueuedSynchronizer$ConditionObject.await:2043
		java.util.concurrent.LinkedBlockingQueue.take:442
		java.util.concurrent.ThreadPoolExecutor.getTask:1068
		java.util.concurrent.ThreadPoolExecutor.runWorker:1130
		java.util.concurrent.ThreadPoolExecutor$Worker.run:615
		java.lang.Thread.run:745

	Thread "Scheduler" (0x0000000c) TIMED_WAITING
		waiting for org.griphyn.vdl.karajan.VDSAdaptiveScheduler (0x13fe697f)
	Stack trace:
		java.lang.Object.wait
		org.globus.cog.karajan.scheduler.LateBindingScheduler.sleep:324
		org.globus.cog.karajan.scheduler.LateBindingScheduler.run:271

	Thread "Overloaded Host Monitor" (0x0000000d) TIMED_WAITING
	Stack trace:
		java.lang.Thread.sleep
		org.globus.cog.karajan.scheduler.OverloadedHostMonitor.run:66

	Thread "pool-1-thread-1" (0x0000000b) WAITING
		waiting for java.util.concurrent.locks.AbstractQueuedSynchronizer$ConditionObject (0x7746fcd6)
	Stack trace:
		sun.misc.Unsafe.park
		java.util.concurrent.locks.LockSupport.park:186
		java.util.concurrent.locks.AbstractQueuedSynchronizer$ConditionObject.await:2043
		java.util.concurrent.LinkedBlockingQueue.take:442
		java.util.concurrent.ThreadPoolExecutor.getTask:1068
		java.util.concurrent.ThreadPoolExecutor.runWorker:1130
		java.util.concurrent.ThreadPoolExecutor$Worker.run:615
		java.lang.Thread.run:745

	Thread "LWT Scheduler Timer" (0x0000000a) WAITING
		waiting for java.util.TaskQueue (0x24267f96)
	Stack trace:
		java.lang.Object.wait
		java.lang.Object.wait:503
		java.util.TimerThread.mainLoop:526
		java.util.TimerThread.run:505

	Thread "AsyncAppender-Dispatcher-Thread-0" (0x00000008) WAITING
		waiting for java.util.ArrayList (0x5b826364)
	Stack trace:
		java.lang.Object.wait
		java.lang.Object.wait:503
		org.apache.log4j.AsyncAppender$Dispatcher.run:548
		java.lang.Thread.run:745

	Thread "Finalizer" (0x00000003) WAITING
		waiting for java.lang.ref.ReferenceQueue$Lock (0x4d4b692b)
	Stack trace:
		java.lang.Object.wait
		java.lang.ref.ReferenceQueue.remove:135
		java.lang.ref.ReferenceQueue.remove:151
		java.lang.ref.Finalizer$FinalizerThread.run:209

	Thread "Reference Handler" (0x00000002) WAITING
		waiting for java.lang.ref.Reference$Lock (0x11e5adb2)
	Stack trace:
		java.lang.Object.wait
		java.lang.Object.wait:503
		java.lang.ref.Reference$ReferenceHandler.run:133


