Swift 0.96.2 git-rev: b9611649002eecd640fc6c58bbb88cb35ce03539 heads/release-0.96-swift 6287 (modified locally)
RunID: run023
Progress: Mon, 07 Dec 2015 07:24:02+0000
Progress: Mon, 07 Dec 2015 07:24:03+0000  Submitting:16
Progress: Mon, 07 Dec 2015 07:24:14+0000  Submitting:7  Submitted:9
Progress: Mon, 07 Dec 2015 07:24:24+0000  Submitted:16
Progress: Mon, 07 Dec 2015 07:24:39+0000  Submitted:7  Active:9
Progress: Mon, 07 Dec 2015 07:25:09+0000  Submitted:7  Active:9
Progress: Mon, 07 Dec 2015 07:25:39+0000  Submitted:7  Active:9
Progress: Mon, 07 Dec 2015 07:25:40+0000  Stage in:3  Active:13
Progress: Mon, 07 Dec 2015 07:25:41+0000  Active:16
Progress: Mon, 07 Dec 2015 07:26:11+0000  Active:16
Progress: Mon, 07 Dec 2015 07:26:41+0000  Active:16
Progress: Mon, 07 Dec 2015 07:27:11+0000  Active:16
Progress: Mon, 07 Dec 2015 07:27:41+0000  Active:16
Progress: Mon, 07 Dec 2015 07:28:11+0000  Active:16
Progress: Mon, 07 Dec 2015 07:28:41+0000  Active:16
Progress: Mon, 07 Dec 2015 07:29:11+0000  Active:16
Progress: Mon, 07 Dec 2015 07:29:41+0000  Active:16
Progress: Mon, 07 Dec 2015 07:30:11+0000  Active:16
Progress: Mon, 07 Dec 2015 07:30:41+0000  Active:16
Progress: Mon, 07 Dec 2015 07:31:11+0000  Active:16
Progress: Mon, 07 Dec 2015 07:31:41+0000  Active:16
Progress: Mon, 07 Dec 2015 07:32:11+0000  Active:16
Progress: Mon, 07 Dec 2015 07:32:41+0000  Active:16
Progress: Mon, 07 Dec 2015 07:33:11+0000  Active:16
Progress: Mon, 07 Dec 2015 07:33:41+0000  Active:16
Progress: Mon, 07 Dec 2015 07:34:11+0000  Active:16
Progress: Mon, 07 Dec 2015 07:34:41+0000  Active:16
Progress: Mon, 07 Dec 2015 07:35:11+0000  Active:16
Progress: Mon, 07 Dec 2015 07:35:41+0000  Active:16
Progress: Mon, 07 Dec 2015 07:36:11+0000  Active:16
Progress: Mon, 07 Dec 2015 07:36:41+0000  Active:16
Progress: Mon, 07 Dec 2015 07:37:11+0000  Active:16
Progress: Mon, 07 Dec 2015 07:37:41+0000  Active:16
Progress: Mon, 07 Dec 2015 07:38:11+0000  Active:16
Progress: Mon, 07 Dec 2015 07:38:41+0000  Active:16
Progress: Mon, 07 Dec 2015 07:39:11+0000  Active:16
Progress: Mon, 07 Dec 2015 07:39:39+0000  Active:7  Finished successfully:9
Progress: Mon, 07 Dec 2015 07:40:09+0000  Active:7  Finished successfully:9
Progress: Mon, 07 Dec 2015 07:40:39+0000  Active:7  Finished successfully:9
Progress: Mon, 07 Dec 2015 07:40:40+0000  Active:6  Stage out:1  Finished successfully:9
Final status: Mon, 07 Dec 2015 07:40:40+0000  Finished successfully:16
