Swift 0.96.2 git-rev: b9611649002eecd640fc6c58bbb88cb35ce03539 heads/release-0.96-swift 6287 (modified locally)
RunID: run041
Progress: Mon, 07 Dec 2015 20:04:36+0000
Progress: Mon, 07 Dec 2015 20:04:37+0000  Submitting:2048
Progress: Mon, 07 Dec 2015 20:04:54+0000  Submitting:2043  Submitted:5
Progress: Mon, 07 Dec 2015 20:05:00+0000  Submitting:267  Submitted:1781
Progress: Mon, 07 Dec 2015 20:05:01+0000  Submitted:2048
Progress: Mon, 07 Dec 2015 20:05:18+0000  Submitted:2032  Active:16
Progress: Mon, 07 Dec 2015 20:05:25+0000  Submitted:2016  Active:32
Progress: Mon, 07 Dec 2015 20:05:26+0000  Submitted:2000  Active:48
Progress: Mon, 07 Dec 2015 20:05:28+0000  Stage in:1  Submitted:1984  Active:63
Progress: Mon, 07 Dec 2015 20:05:29+0000  Submitted:1968  Active:80
Progress: Mon, 07 Dec 2015 20:05:43+0000  Stage in:7  Submitted:1936  Active:105
Progress: Mon, 07 Dec 2015 20:05:44+0000  Submitted:1920  Active:128
Progress: Mon, 07 Dec 2015 20:05:46+0000  Stage in:4  Submitted:1904  Active:140
Progress: Mon, 07 Dec 2015 20:05:47+0000  Submitted:1904  Active:144
Progress: Mon, 07 Dec 2015 20:05:59+0000  Submitted:1856  Active:192
Progress: Mon, 07 Dec 2015 20:06:02+0000  Stage in:4  Submitted:1840  Active:204
Progress: Mon, 07 Dec 2015 20:06:03+0000  Submitted:1840  Active:208
Progress: Mon, 07 Dec 2015 20:06:17+0000  Stage in:33  Submitted:1776  Active:239
Progress: Mon, 07 Dec 2015 20:06:18+0000  Submitted:1776  Active:272
Progress: Mon, 07 Dec 2015 20:06:32+0000  Stage in:1  Submitted:1728  Active:319
Progress: Mon, 07 Dec 2015 20:06:33+0000  Submitted:1728  Active:320
Progress: Mon, 07 Dec 2015 20:07:03+0000  Submitted:1728  Active:320
Progress: Mon, 07 Dec 2015 20:07:15+0000  Submitted:1712  Active:336
Progress: Mon, 07 Dec 2015 20:07:16+0000  Submitted:1696  Active:352
Progress: Mon, 07 Dec 2015 20:07:46+0000  Submitted:1696  Active:352
Progress: Mon, 07 Dec 2015 20:08:16+0000  Submitted:1696  Active:352
Progress: Mon, 07 Dec 2015 20:08:46+0000  Submitted:1696  Active:352
Progress: Mon, 07 Dec 2015 20:09:16+0000  Submitted:1696  Active:352
Progress: Mon, 07 Dec 2015 20:09:46+0000  Submitted:1696  Active:352
Progress: Mon, 07 Dec 2015 20:10:16+0000  Submitted:1696  Active:352
Progress: Mon, 07 Dec 2015 20:10:18+0000  Submitted:1664  Active:384
Progress: Mon, 07 Dec 2015 20:10:48+0000  Submitted:1664  Active:384
Progress: Mon, 07 Dec 2015 20:10:49+0000  Stage in:23  Submitted:1632  Active:393
Progress: Mon, 07 Dec 2015 20:10:50+0000  Submitted:1632  Active:416
Progress: Mon, 07 Dec 2015 20:11:20+0000  Submitted:1632  Active:416
Progress: Mon, 07 Dec 2015 20:11:24+0000  Submitted:1616  Active:432
Progress: Mon, 07 Dec 2015 20:11:26+0000  Submitted:1600  Active:448
Progress: Mon, 07 Dec 2015 20:11:56+0000  Submitted:1600  Active:448
Progress: Mon, 07 Dec 2015 20:12:26+0000  Submitted:1600  Active:448
Progress: Mon, 07 Dec 2015 20:12:56+0000  Submitted:1600  Active:448
Progress: Mon, 07 Dec 2015 20:13:26+0000  Submitted:1600  Active:448
Progress: Mon, 07 Dec 2015 20:13:56+0000  Submitted:1600  Active:448
Progress: Mon, 07 Dec 2015 20:14:26+0000  Submitted:1600  Active:448
Progress: Mon, 07 Dec 2015 20:14:56+0000  Submitted:1600  Active:448
Progress: Mon, 07 Dec 2015 20:15:26+0000  Submitted:1600  Active:448
Progress: Mon, 07 Dec 2015 20:15:56+0000  Submitted:1600  Active:448
Progress: Mon, 07 Dec 2015 20:16:26+0000  Submitted:1600  Active:448
Progress: Mon, 07 Dec 2015 20:16:56+0000  Submitted:1600  Active:448
Progress: Mon, 07 Dec 2015 20:17:26+0000  Submitted:1600  Active:448
Progress: Mon, 07 Dec 2015 20:17:56+0000  Submitted:1600  Active:448
Progress: Mon, 07 Dec 2015 20:18:26+0000  Submitted:1600  Active:448
Progress: Mon, 07 Dec 2015 20:18:56+0000  Submitted:1600  Active:448
Progress: Mon, 07 Dec 2015 20:19:26+0000  Submitted:1600  Active:448
Progress: Mon, 07 Dec 2015 20:19:56+0000  Submitted:1600  Active:448
Progress: Mon, 07 Dec 2015 20:20:18+0000  Submitted:1600  Active:432  Finished successfully:16
Progress: Mon, 07 Dec 2015 20:20:25+0000  Submitted:1600  Active:416  Finished successfully:32
Progress: Mon, 07 Dec 2015 20:20:26+0000  Submitted:1600  Active:400  Finished successfully:48
Progress: Mon, 07 Dec 2015 20:20:28+0000  Submitted:1600  Active:384  Stage out:3  Finished successfully:61
Progress: Mon, 07 Dec 2015 20:20:29+0000  Submitted:1600  Active:368  Finished successfully:80
Progress: Mon, 07 Dec 2015 20:20:43+0000  Submitted:1600  Active:341  Stage out:12  Finished successfully:95
Progress: Mon, 07 Dec 2015 20:20:44+0000  Submitted:1600  Active:320  Finished successfully:128
Progress: Mon, 07 Dec 2015 20:20:46+0000  Submitted:1600  Active:304  Stage out:1  Finished successfully:143
Progress: Mon, 07 Dec 2015 20:20:47+0000  Submitted:1600  Active:304  Finished successfully:144
Progress: Mon, 07 Dec 2015 20:20:58+0000  Submitted:1600  Active:299  Stage out:5  Finished successfully:144
Progress: Mon, 07 Dec 2015 20:20:59+0000  Submitted:1600  Active:256  Finished successfully:192
Progress: Mon, 07 Dec 2015 20:21:02+0000  Submitted:1600  Active:240  Finished successfully:208
Progress: Mon, 07 Dec 2015 20:21:17+0000  Submitted:1600  Active:206  Stage out:25  Finished successfully:217
Progress: Mon, 07 Dec 2015 20:21:18+0000  Submitted:1600  Active:176  Finished successfully:272
Progress: Mon, 07 Dec 2015 20:21:32+0000  Submitted:1600  Active:128  Stage out:16  Finished successfully:304
Progress: Mon, 07 Dec 2015 20:21:33+0000  Submitted:1600  Active:128  Finished successfully:320
Progress: Mon, 07 Dec 2015 20:22:03+0000  Submitted:1600  Active:128  Finished successfully:320
Progress: Mon, 07 Dec 2015 20:22:15+0000  Submitted:1600  Active:112  Stage out:9  Finished successfully:327
Progress: Mon, 07 Dec 2015 20:22:16+0000  Submitted:1600  Active:96  Finished successfully:352
Progress: Mon, 07 Dec 2015 20:22:18+0000  Stage in:11  Submitted:1584  Active:101  Finished successfully:352
Progress: Mon, 07 Dec 2015 20:22:19+0000  Submitted:1584  Active:112  Finished successfully:352
Progress: Mon, 07 Dec 2015 20:22:49+0000  Submitted:1584  Active:112  Finished successfully:352
Progress: Mon, 07 Dec 2015 20:22:58+0000  Submitted:1552  Active:144  Finished successfully:352
Progress: Mon, 07 Dec 2015 20:23:03+0000  Stage in:32  Submitted:1520  Active:144  Finished successfully:352
Progress: Mon, 07 Dec 2015 20:23:04+0000  Stage in:12  Submitted:1504  Active:180  Finished successfully:352
Progress: Mon, 07 Dec 2015 20:23:05+0000  Submitted:1504  Active:192  Finished successfully:352
Progress: Mon, 07 Dec 2015 20:23:06+0000  Stage in:2  Submitted:1502  Active:192  Finished successfully:352
Progress: Mon, 07 Dec 2015 20:23:07+0000  Submitted:1472  Active:224  Finished successfully:352
Progress: Mon, 07 Dec 2015 20:23:19+0000  Stage in:36  Submitted:1424  Active:236  Finished successfully:352
Progress: Mon, 07 Dec 2015 20:23:20+0000  Submitted:1424  Active:272  Finished successfully:352
Progress: Mon, 07 Dec 2015 20:23:23+0000  Submitted:1408  Active:288  Finished successfully:352
Progress: Mon, 07 Dec 2015 20:23:38+0000  Submitted:1344  Active:352  Finished successfully:352
Progress: Mon, 07 Dec 2015 20:23:47+0000  Stage in:12  Submitted:1332  Active:352  Finished successfully:352
Progress: Mon, 07 Dec 2015 20:23:48+0000  Submitted:1296  Active:400  Finished successfully:352
Progress: Mon, 07 Dec 2015 20:23:50+0000  Stage in:16  Submitted:1280  Active:400  Finished successfully:352
Progress: Mon, 07 Dec 2015 20:23:51+0000  Submitted:1280  Active:416  Finished successfully:352
Progress: Mon, 07 Dec 2015 20:23:58+0000  Stage in:8  Submitted:1248  Active:440  Finished successfully:352
Progress: Mon, 07 Dec 2015 20:23:59+0000  Submitted:1248  Active:448  Finished successfully:352
Progress: Mon, 07 Dec 2015 20:24:04+0000  Stage in:3  Submitted:1232  Active:461  Finished successfully:352
Progress: Mon, 07 Dec 2015 20:24:05+0000  Submitted:1184  Active:512  Finished successfully:352
Progress: Mon, 07 Dec 2015 20:24:30+0000  Submitted:1152  Active:544  Finished successfully:352
Progress: Mon, 07 Dec 2015 20:25:00+0000  Submitted:1152  Active:544  Finished successfully:352
Progress: Mon, 07 Dec 2015 20:25:18+0000  Submitted:1152  Active:512  Finished successfully:384
Progress: Mon, 07 Dec 2015 20:25:48+0000  Submitted:1152  Active:512  Finished successfully:384
Progress: Mon, 07 Dec 2015 20:25:49+0000  Submitted:1152  Active:480  Stage out:10  Finished successfully:406
Progress: Mon, 07 Dec 2015 20:25:50+0000  Submitted:1152  Active:480  Finished successfully:416
Progress: Mon, 07 Dec 2015 20:26:20+0000  Submitted:1152  Active:480  Finished successfully:416
Progress: Mon, 07 Dec 2015 20:26:24+0000  Submitted:1152  Active:464  Stage out:8  Finished successfully:424
Progress: Mon, 07 Dec 2015 20:26:25+0000  Submitted:1152  Active:464  Finished successfully:432
Progress: Mon, 07 Dec 2015 20:26:26+0000  Submitted:1152  Active:448  Finished successfully:448
Progress: Mon, 07 Dec 2015 20:26:56+0000  Submitted:1152  Active:448  Finished successfully:448
Progress: Mon, 07 Dec 2015 20:27:03+0000  Submitted:1136  Active:464  Finished successfully:448
Progress: Mon, 07 Dec 2015 20:27:08+0000  Submitted:1120  Active:480  Finished successfully:448
Progress: Mon, 07 Dec 2015 20:27:34+0000  Submitted:1088  Active:512  Finished successfully:448
Progress: Mon, 07 Dec 2015 20:28:04+0000  Submitted:1088  Active:512  Finished successfully:448
Progress: Mon, 07 Dec 2015 20:28:34+0000  Submitted:1088  Active:512  Finished successfully:448
Progress: Mon, 07 Dec 2015 20:29:04+0000  Submitted:1088  Active:512  Finished successfully:448
Progress: Mon, 07 Dec 2015 20:29:34+0000  Submitted:1088  Active:512  Finished successfully:448
Progress: Mon, 07 Dec 2015 20:29:36+0000  Stage in:14  Submitted:1074  Active:512  Finished successfully:448
Progress: Mon, 07 Dec 2015 20:29:37+0000  Submitted:1056  Active:544  Finished successfully:448
Progress: Mon, 07 Dec 2015 20:30:07+0000  Submitted:1056  Active:544  Finished successfully:448
Progress: Mon, 07 Dec 2015 20:30:37+0000  Stage in:1  Submitted:1055  Active:544  Finished successfully:448
Progress: Mon, 07 Dec 2015 20:30:38+0000  Submitted:1040  Active:560  Finished successfully:448
Progress: Mon, 07 Dec 2015 20:30:44+0000  Submitted:1024  Active:576  Finished successfully:448
Progress: Mon, 07 Dec 2015 20:31:14+0000  Submitted:1024  Active:576  Finished successfully:448
Progress: Mon, 07 Dec 2015 20:31:44+0000  Submitted:1024  Active:576  Finished successfully:448
Progress: Mon, 07 Dec 2015 20:32:14+0000  Submitted:1024  Active:576  Finished successfully:448
Progress: Mon, 07 Dec 2015 20:32:44+0000  Submitted:1024  Active:576  Finished successfully:448
Progress: Mon, 07 Dec 2015 20:33:09+0000  Submitted:992  Active:608  Finished successfully:448
Progress: Mon, 07 Dec 2015 20:33:39+0000  Submitted:992  Active:608  Finished successfully:448
Progress: Mon, 07 Dec 2015 20:33:41+0000  Submitted:976  Active:624  Finished successfully:448
Progress: Mon, 07 Dec 2015 20:33:43+0000  Submitted:960  Active:640  Finished successfully:448
Progress: Mon, 07 Dec 2015 20:34:13+0000  Submitted:960  Active:640  Finished successfully:448
Progress: Mon, 07 Dec 2015 20:34:43+0000  Submitted:960  Active:640  Finished successfully:448
Progress: Mon, 07 Dec 2015 20:35:13+0000  Submitted:960  Active:640  Finished successfully:448
Progress: Mon, 07 Dec 2015 20:35:43+0000  Submitted:960  Active:640  Finished successfully:448
Progress: Mon, 07 Dec 2015 20:36:13+0000  Submitted:960  Active:640  Finished successfully:448
Progress: Mon, 07 Dec 2015 20:36:43+0000  Submitted:960  Active:640  Finished successfully:448
Progress: Mon, 07 Dec 2015 20:37:13+0000  Submitted:960  Active:640  Finished successfully:448
Progress: Mon, 07 Dec 2015 20:37:18+0000  Submitted:960  Active:624  Stage out:16  Finished successfully:448
Progress: Mon, 07 Dec 2015 20:37:19+0000  Submitted:960  Active:624  Finished successfully:464
Progress: Mon, 07 Dec 2015 20:37:49+0000  Submitted:960  Active:624  Finished successfully:464
Progress: Mon, 07 Dec 2015 20:37:58+0000  Submitted:960  Active:592  Finished successfully:496
Progress: Mon, 07 Dec 2015 20:38:03+0000  Submitted:960  Active:584  Stage out:8  Finished successfully:496
Progress: Mon, 07 Dec 2015 20:38:04+0000  Submitted:960  Active:544  Stage out:4  Finished successfully:540
Progress: Mon, 07 Dec 2015 20:38:05+0000  Submitted:960  Active:544  Finished successfully:544
Progress: Mon, 07 Dec 2015 20:38:06+0000  Submitted:960  Active:539  Stage out:5  Finished successfully:544
Progress: Mon, 07 Dec 2015 20:38:07+0000  Submitted:960  Active:512  Finished successfully:576
Progress: Mon, 07 Dec 2015 20:38:19+0000  Submitted:960  Active:492  Stage out:7  Finished successfully:589
Progress: Mon, 07 Dec 2015 20:38:20+0000  Submitted:960  Active:464  Finished successfully:624
Progress: Mon, 07 Dec 2015 20:38:22+0000  Submitted:960  Active:459  Stage out:5  Finished successfully:624
Progress: Mon, 07 Dec 2015 20:38:23+0000  Submitted:960  Active:448  Finished successfully:640
Progress: Mon, 07 Dec 2015 20:38:38+0000  Submitted:960  Active:384  Stage out:5  Finished successfully:699
Progress: Mon, 07 Dec 2015 20:38:39+0000  Submitted:960  Active:384  Finished successfully:704
Progress: Mon, 07 Dec 2015 20:38:47+0000  Submitted:960  Active:378  Stage out:6  Finished successfully:704
Progress: Mon, 07 Dec 2015 20:38:48+0000  Submitted:960  Active:336  Finished successfully:752
Progress: Mon, 07 Dec 2015 20:38:50+0000  Submitted:960  Active:330  Stage out:6  Finished successfully:752
Progress: Mon, 07 Dec 2015 20:38:51+0000  Submitted:960  Active:320  Finished successfully:768
Progress: Mon, 07 Dec 2015 20:38:58+0000  Submitted:960  Active:288  Stage out:1  Finished successfully:799
Progress: Mon, 07 Dec 2015 20:38:59+0000  Submitted:960  Active:288  Finished successfully:800
Progress: Mon, 07 Dec 2015 20:39:04+0000  Submitted:960  Active:272  Stage out:4  Finished successfully:812
Progress: Mon, 07 Dec 2015 20:39:05+0000  Submitted:960  Active:224  Finished successfully:864
Progress: Mon, 07 Dec 2015 20:39:30+0000  Submitted:960  Active:192  Finished successfully:896
Progress: Mon, 07 Dec 2015 20:40:00+0000  Submitted:960  Active:192  Finished successfully:896
Progress: Mon, 07 Dec 2015 20:40:30+0000  Submitted:944  Active:208  Finished successfully:896
Progress: Mon, 07 Dec 2015 20:40:50+0000  Submitted:880  Active:272  Finished successfully:896
Progress: Mon, 07 Dec 2015 20:41:05+0000  Submitted:864  Active:288  Finished successfully:896
Progress: Mon, 07 Dec 2015 20:41:06+0000  Stage in:15  Submitted:816  Active:321  Finished successfully:896
Progress: Mon, 07 Dec 2015 20:41:07+0000  Submitted:816  Active:336  Finished successfully:896
Progress: Mon, 07 Dec 2015 20:41:24+0000  Submitted:752  Active:400  Finished successfully:896
Progress: Mon, 07 Dec 2015 20:41:40+0000  Submitted:720  Active:432  Finished successfully:896
Progress: Mon, 07 Dec 2015 20:41:43+0000  Submitted:688  Active:464  Finished successfully:896
Progress: Mon, 07 Dec 2015 20:41:58+0000  Submitted:656  Active:496  Finished successfully:896
Progress: Mon, 07 Dec 2015 20:42:01+0000  Submitted:640  Active:512  Finished successfully:896
Progress: Mon, 07 Dec 2015 20:42:03+0000  Submitted:640  Active:496  Finished successfully:912
Progress: Mon, 07 Dec 2015 20:42:08+0000  Submitted:640  Active:480  Finished successfully:928
Progress: Mon, 07 Dec 2015 20:42:34+0000  Submitted:640  Active:448  Finished successfully:960
Progress: Mon, 07 Dec 2015 20:43:04+0000  Submitted:640  Active:448  Finished successfully:960
Progress: Mon, 07 Dec 2015 20:43:34+0000  Submitted:640  Active:448  Finished successfully:960
Progress: Mon, 07 Dec 2015 20:44:04+0000  Submitted:640  Active:448  Finished successfully:960
Progress: Mon, 07 Dec 2015 20:44:34+0000  Submitted:640  Active:448  Finished successfully:960
Progress: Mon, 07 Dec 2015 20:44:36+0000  Submitted:640  Active:432  Stage out:16  Finished successfully:960
Progress: Mon, 07 Dec 2015 20:44:37+0000  Submitted:640  Active:416  Finished successfully:992
Progress: Mon, 07 Dec 2015 20:45:07+0000  Submitted:640  Active:416  Finished successfully:992
Progress: Mon, 07 Dec 2015 20:45:38+0000  Submitted:640  Active:404  Stage out:12  Finished successfully:992
Progress: Mon, 07 Dec 2015 20:45:39+0000  Submitted:640  Active:400  Finished successfully:1008
Progress: Mon, 07 Dec 2015 20:45:45+0000  Submitted:640  Active:384  Finished successfully:1024
Progress: Mon, 07 Dec 2015 20:46:15+0000  Submitted:640  Active:384  Finished successfully:1024
Progress: Mon, 07 Dec 2015 20:46:20+0000  Submitted:624  Active:400  Finished successfully:1024
Progress: Mon, 07 Dec 2015 20:46:50+0000  Submitted:624  Active:400  Finished successfully:1024
Progress: Mon, 07 Dec 2015 20:47:20+0000  Submitted:624  Active:400  Finished successfully:1024
Progress: Mon, 07 Dec 2015 20:47:50+0000  Submitted:624  Active:400  Finished successfully:1024
Progress: Mon, 07 Dec 2015 20:48:10+0000  Submitted:624  Active:368  Finished successfully:1056
Progress: Mon, 07 Dec 2015 20:48:40+0000  Submitted:624  Active:368  Finished successfully:1056
Progress: Mon, 07 Dec 2015 20:48:42+0000  Submitted:624  Active:352  Finished successfully:1072
Progress: Mon, 07 Dec 2015 20:48:44+0000  Submitted:624  Active:336  Finished successfully:1088
Progress: Mon, 07 Dec 2015 20:49:14+0000  Submitted:624  Active:336  Finished successfully:1088
Progress: Mon, 07 Dec 2015 20:49:44+0000  Submitted:624  Active:336  Finished successfully:1088
Progress: Mon, 07 Dec 2015 20:50:14+0000  Submitted:624  Active:336  Finished successfully:1088
Progress: Mon, 07 Dec 2015 20:50:23+0000  Stage in:31  Submitted:592  Active:337  Finished successfully:1088
Progress: Mon, 07 Dec 2015 20:50:24+0000  Submitted:592  Active:368  Finished successfully:1088
Progress: Mon, 07 Dec 2015 20:50:52+0000  Submitted:576  Active:384  Finished successfully:1088
Progress: Mon, 07 Dec 2015 20:50:54+0000  Submitted:560  Active:400  Finished successfully:1088
Progress: Mon, 07 Dec 2015 20:51:24+0000  Submitted:560  Active:400  Finished successfully:1088
Progress: Mon, 07 Dec 2015 20:51:51+0000  Stage in:15  Submitted:544  Active:401  Finished successfully:1088
Progress: Mon, 07 Dec 2015 20:51:52+0000  Submitted:544  Active:416  Finished successfully:1088
Progress: Mon, 07 Dec 2015 20:51:53+0000  Submitted:528  Active:432  Finished successfully:1088
Progress: Mon, 07 Dec 2015 20:52:23+0000  Submitted:528  Active:432  Finished successfully:1088
Progress: Mon, 07 Dec 2015 20:52:52+0000  Stage in:16  Submitted:512  Active:432  Finished successfully:1088
Progress: Mon, 07 Dec 2015 20:52:53+0000  Submitted:496  Active:464  Finished successfully:1088
Progress: Mon, 07 Dec 2015 20:53:23+0000  Submitted:496  Active:464  Finished successfully:1088
Progress: Mon, 07 Dec 2015 20:53:24+0000  Submitted:480  Active:480  Finished successfully:1088
Progress: Mon, 07 Dec 2015 20:53:26+0000  Submitted:464  Active:496  Finished successfully:1088
Progress: Mon, 07 Dec 2015 20:53:54+0000  Submitted:448  Active:512  Finished successfully:1088
Progress: Mon, 07 Dec 2015 20:53:55+0000  Submitted:432  Active:528  Finished successfully:1088
Progress: Mon, 07 Dec 2015 20:54:23+0000  Submitted:416  Active:544  Finished successfully:1088
Progress: Mon, 07 Dec 2015 20:54:24+0000  Submitted:400  Active:560  Finished successfully:1088
Progress: Mon, 07 Dec 2015 20:54:53+0000  Stage in:9  Submitted:384  Active:567  Finished successfully:1088
Progress: Mon, 07 Dec 2015 20:54:54+0000  Submitted:368  Active:592  Finished successfully:1088
Progress: Mon, 07 Dec 2015 20:55:23+0000  Stage in:16  Submitted:352  Active:592  Finished successfully:1088
Progress: Mon, 07 Dec 2015 20:55:24+0000  Submitted:336  Active:624  Finished successfully:1088
Progress: Mon, 07 Dec 2015 20:55:31+0000  Submitted:336  Active:608  Finished successfully:1104
Progress: Mon, 07 Dec 2015 20:55:51+0000  Submitted:336  Active:544  Stage out:48  Finished successfully:1120
Progress: Mon, 07 Dec 2015 20:55:52+0000  Submitted:336  Active:544  Finished successfully:1168
Progress: Mon, 07 Dec 2015 20:55:53+0000  Stage in:16  Submitted:320  Active:544  Finished successfully:1168
Progress: Mon, 07 Dec 2015 20:55:54+0000  Submitted:320  Active:560  Finished successfully:1168
Progress: Mon, 07 Dec 2015 20:56:06+0000  Submitted:320  Active:544  Stage out:8  Finished successfully:1176
Progress: Mon, 07 Dec 2015 20:56:07+0000  Submitted:320  Active:496  Stage out:44  Finished successfully:1188
Progress: Mon, 07 Dec 2015 20:56:08+0000  Submitted:320  Active:496  Stage out:26  Finished successfully:1206
Progress: Mon, 07 Dec 2015 20:56:09+0000  Submitted:320  Active:496  Stage out:9  Finished successfully:1223
Progress: Mon, 07 Dec 2015 20:56:10+0000  Submitted:320  Active:496  Finished successfully:1232
Progress: Mon, 07 Dec 2015 20:56:24+0000  Submitted:320  Active:495  Stage out:1  Finished successfully:1232
Progress: Mon, 07 Dec 2015 20:56:25+0000  Submitted:320  Active:432  Finished successfully:1296
Progress: Mon, 07 Dec 2015 20:56:41+0000  Submitted:320  Active:400  Finished successfully:1328
Progress: Mon, 07 Dec 2015 20:56:44+0000  Submitted:320  Active:368  Stage out:1  Finished successfully:1359
Progress: Mon, 07 Dec 2015 20:56:45+0000  Submitted:320  Active:368  Finished successfully:1360
Progress: Mon, 07 Dec 2015 20:56:59+0000  Submitted:320  Active:336  Finished successfully:1392
Progress: Mon, 07 Dec 2015 20:57:02+0000  Submitted:320  Active:320  Finished successfully:1408
Progress: Mon, 07 Dec 2015 20:57:32+0000  Submitted:320  Active:320  Finished successfully:1408
Progress: Mon, 07 Dec 2015 20:58:02+0000  Submitted:320  Active:320  Finished successfully:1408
Progress: Mon, 07 Dec 2015 20:58:32+0000  Submitted:320  Active:320  Finished successfully:1408
Progress: Mon, 07 Dec 2015 20:59:02+0000  Submitted:320  Active:320  Finished successfully:1408
Progress: Mon, 07 Dec 2015 20:59:23+0000  Stage in:20  Submitted:272  Active:348  Finished successfully:1408
Progress: Mon, 07 Dec 2015 20:59:24+0000  Submitted:272  Active:368  Finished successfully:1408
Progress: Mon, 07 Dec 2015 20:59:51+0000  Stage in:14  Submitted:258  Active:368  Finished successfully:1408
Progress: Mon, 07 Dec 2015 20:59:52+0000  Submitted:258  Active:382  Finished successfully:1408
Progress: Mon, 07 Dec 2015 21:00:22+0000  Submitted:258  Active:382  Finished successfully:1408
Progress: Mon, 07 Dec 2015 21:00:52+0000  Submitted:258  Active:382  Finished successfully:1408
Progress: Mon, 07 Dec 2015 21:01:20+0000  Submitted:258  Active:366  Finished successfully:1424
Progress: Mon, 07 Dec 2015 21:01:50+0000  Submitted:258  Active:366  Finished successfully:1424
Progress: Mon, 07 Dec 2015 21:02:20+0000  Submitted:258  Active:366  Finished successfully:1424
Progress: Mon, 07 Dec 2015 21:02:50+0000  Submitted:258  Active:366  Finished successfully:1424
Progress: Mon, 07 Dec 2015 21:03:20+0000  Submitted:258  Active:366  Finished successfully:1424
Progress: Mon, 07 Dec 2015 21:03:50+0000  Submitted:258  Active:366  Finished successfully:1424
Progress: Mon, 07 Dec 2015 21:04:20+0000  Submitted:258  Active:366  Finished successfully:1424
Progress: Mon, 07 Dec 2015 21:04:50+0000  Submitted:258  Active:366  Finished successfully:1424
Progress: Mon, 07 Dec 2015 21:04:55+0000  Submitted:242  Active:382  Finished successfully:1424
Progress: Mon, 07 Dec 2015 21:05:23+0000  Submitted:242  Active:350  Stage out:32  Finished successfully:1424
Progress: Mon, 07 Dec 2015 21:05:24+0000  Submitted:242  Active:350  Finished successfully:1456
Progress: Mon, 07 Dec 2015 21:05:52+0000  Submitted:242  Active:334  Finished successfully:1472
Progress: Mon, 07 Dec 2015 21:05:54+0000  Submitted:242  Active:318  Finished successfully:1488
Progress: Mon, 07 Dec 2015 21:06:24+0000  Submitted:242  Active:318  Finished successfully:1488
Progress: Mon, 07 Dec 2015 21:06:51+0000  Submitted:242  Active:302  Stage out:6  Finished successfully:1498
Progress: Mon, 07 Dec 2015 21:06:52+0000  Submitted:242  Active:302  Finished successfully:1504
Progress: Mon, 07 Dec 2015 21:06:53+0000  Submitted:242  Active:286  Finished successfully:1520
Progress: Mon, 07 Dec 2015 21:07:23+0000  Submitted:242  Active:286  Finished successfully:1520
Progress: Mon, 07 Dec 2015 21:07:52+0000  Submitted:242  Active:270  Stage out:16  Finished successfully:1520
Progress: Mon, 07 Dec 2015 21:07:53+0000  Submitted:242  Active:254  Finished successfully:1552
Progress: Mon, 07 Dec 2015 21:08:23+0000  Submitted:242  Active:254  Finished successfully:1552
Progress: Mon, 07 Dec 2015 21:08:24+0000  Submitted:242  Active:238  Finished successfully:1568
Progress: Mon, 07 Dec 2015 21:08:26+0000  Submitted:242  Active:222  Finished successfully:1584
Progress: Mon, 07 Dec 2015 21:08:53+0000  Submitted:242  Active:216  Stage out:6  Finished successfully:1584
Progress: Mon, 07 Dec 2015 21:08:54+0000  Submitted:242  Active:196  Stage out:7  Finished successfully:1603
Progress: Mon, 07 Dec 2015 21:08:55+0000  Submitted:242  Active:190  Finished successfully:1616
Progress: Mon, 07 Dec 2015 21:09:23+0000  Submitted:242  Active:174  Finished successfully:1632
Progress: Mon, 07 Dec 2015 21:09:24+0000  Submitted:242  Active:158  Finished successfully:1648
Progress: Mon, 07 Dec 2015 21:09:53+0000  Submitted:242  Active:142  Finished successfully:1664
Progress: Mon, 07 Dec 2015 21:09:54+0000  Submitted:226  Active:142  Finished successfully:1680
Progress: Mon, 07 Dec 2015 21:09:56+0000  Submitted:210  Active:158  Finished successfully:1680
Progress: Mon, 07 Dec 2015 21:10:24+0000  Submitted:210  Active:126  Finished successfully:1712
Progress: Mon, 07 Dec 2015 21:10:26+0000  Submitted:178  Active:158  Finished successfully:1712
Progress: Mon, 07 Dec 2015 21:10:53+0000  Submitted:178  Active:142  Stage out:8  Finished successfully:1720
Progress: Mon, 07 Dec 2015 21:10:54+0000  Submitted:178  Active:142  Finished successfully:1728
Progress: Mon, 07 Dec 2015 21:11:24+0000  Stage in:12  Submitted:162  Active:146  Finished successfully:1728
Progress: Mon, 07 Dec 2015 21:11:25+0000  Submitted:146  Active:174  Finished successfully:1728
Progress: Mon, 07 Dec 2015 21:11:55+0000  Submitted:146  Active:174  Finished successfully:1728
Progress: Mon, 07 Dec 2015 21:12:24+0000  Submitted:114  Active:206  Finished successfully:1728
Progress: Mon, 07 Dec 2015 21:12:54+0000  Submitted:114  Active:206  Finished successfully:1728
Progress: Mon, 07 Dec 2015 21:13:24+0000  Stage in:3  Submitted:98  Active:219  Finished successfully:1728
Progress: Mon, 07 Dec 2015 21:13:25+0000  Submitted:82  Active:238  Finished successfully:1728
Progress: Mon, 07 Dec 2015 21:13:55+0000  Stage in:2  Submitted:66  Active:252  Finished successfully:1728
Progress: Mon, 07 Dec 2015 21:13:56+0000  Submitted:50  Active:270  Finished successfully:1728
Progress: Mon, 07 Dec 2015 21:14:23+0000  Submitted:50  Active:230  Stage out:20  Finished successfully:1748
Progress: Mon, 07 Dec 2015 21:14:24+0000  Submitted:50  Active:222  Finished successfully:1776
Progress: Mon, 07 Dec 2015 21:14:51+0000  Submitted:50  Active:211  Stage out:11  Finished successfully:1776
Progress: Mon, 07 Dec 2015 21:14:52+0000  Submitted:50  Active:208  Finished successfully:1790
Progress: Mon, 07 Dec 2015 21:14:55+0000  Submitted:18  Active:240  Finished successfully:1790
Progress: Mon, 07 Dec 2015 21:15:25+0000  Submitted:18  Active:240  Finished successfully:1790
Progress: Mon, 07 Dec 2015 21:15:55+0000  Submitted:18  Active:240  Finished successfully:1790
Progress: Mon, 07 Dec 2015 21:15:56+0000  Active:258  Finished successfully:1790
Progress: Mon, 07 Dec 2015 21:16:26+0000  Active:258  Finished successfully:1790
Progress: Mon, 07 Dec 2015 21:16:56+0000  Active:258  Finished successfully:1790
Progress: Mon, 07 Dec 2015 21:17:26+0000  Active:258  Finished successfully:1790
Progress: Mon, 07 Dec 2015 21:17:56+0000  Active:258  Finished successfully:1790
Progress: Mon, 07 Dec 2015 21:18:26+0000  Active:258  Finished successfully:1790
Progress: Mon, 07 Dec 2015 21:18:56+0000  Active:258  Finished successfully:1790
Progress: Mon, 07 Dec 2015 21:19:26+0000  Active:258  Finished successfully:1790
Progress: Mon, 07 Dec 2015 21:19:55+0000  Active:242  Finished successfully:1806
Progress: Mon, 07 Dec 2015 21:20:25+0000  Active:242  Finished successfully:1806
Progress: Mon, 07 Dec 2015 21:20:55+0000  Active:242  Finished successfully:1806
Progress: Mon, 07 Dec 2015 21:21:25+0000  Active:242  Finished successfully:1806
Progress: Mon, 07 Dec 2015 21:21:55+0000  Active:242  Finished successfully:1806
Progress: Mon, 07 Dec 2015 21:22:25+0000  Active:242  Finished successfully:1806
Progress: Mon, 07 Dec 2015 21:22:55+0000  Active:242  Finished successfully:1806
Progress: Mon, 07 Dec 2015 21:23:25+0000  Active:242  Finished successfully:1806
Progress: Mon, 07 Dec 2015 21:23:55+0000  Active:242  Finished successfully:1806
Progress: Mon, 07 Dec 2015 21:24:25+0000  Active:242  Finished successfully:1806
Progress: Mon, 07 Dec 2015 21:24:54+0000  Active:226  Finished successfully:1822
Progress: Mon, 07 Dec 2015 21:24:56+0000  Active:210  Stage out:12  Finished successfully:1826
Progress: Mon, 07 Dec 2015 21:24:57+0000  Active:210  Finished successfully:1838
Progress: Mon, 07 Dec 2015 21:25:26+0000  Active:178  Finished successfully:1870
Progress: Mon, 07 Dec 2015 21:25:56+0000  Active:178  Finished successfully:1870
Progress: Mon, 07 Dec 2015 21:26:24+0000  Active:162  Finished successfully:1886
Progress: Mon, 07 Dec 2015 21:26:25+0000  Active:146  Finished successfully:1902
Progress: Mon, 07 Dec 2015 21:26:55+0000  Active:146  Finished successfully:1902
Progress: Mon, 07 Dec 2015 21:27:24+0000  Active:114  Finished successfully:1934
Progress: Mon, 07 Dec 2015 21:27:54+0000  Active:114  Finished successfully:1934
Progress: Mon, 07 Dec 2015 21:28:24+0000  Active:98  Finished successfully:1950
Progress: Mon, 07 Dec 2015 21:28:25+0000  Active:82  Finished successfully:1966
Progress: Mon, 07 Dec 2015 21:28:55+0000  Active:66  Finished successfully:1982
Progress: Mon, 07 Dec 2015 21:28:56+0000  Active:50  Finished successfully:1998
Progress: Mon, 07 Dec 2015 21:29:26+0000  Active:50  Finished successfully:1998
Progress: Mon, 07 Dec 2015 21:29:54+0000  Active:42  Stage out:8  Finished successfully:1998
Progress: Mon, 07 Dec 2015 21:29:55+0000  Active:18  Finished successfully:2030
Progress: Mon, 07 Dec 2015 21:30:25+0000  Active:18  Finished successfully:2030
Progress: Mon, 07 Dec 2015 21:30:55+0000  Active:10  Stage out:8  Finished successfully:2030
Final status: Mon, 07 Dec 2015 21:30:56+0000  Finished successfully:2048
