Swift 0.96.2 git-rev: b9611649002eecd640fc6c58bbb88cb35ce03539 heads/release-0.96-swift 6287
RunID: run040
Progress: Fri, 19 Feb 2016 21:18:37+0100
Progress: Fri, 19 Feb 2016 21:18:38+0100  Submitting:32
Progress: Fri, 19 Feb 2016 21:19:01+0100  Submitting:26  Submitted:6
Progress: Fri, 19 Feb 2016 21:19:22+0100  Submitted:32
Progress: Fri, 19 Feb 2016 21:19:52+0100  Submitted:32
Progress: Fri, 19 Feb 2016 21:20:22+0100  Submitted:32
Progress: Fri, 19 Feb 2016 21:20:40+0100  Stage in:18  Submitted:14
Progress: Fri, 19 Feb 2016 21:20:41+0100  Submitted:14  Active:18
Progress: Fri, 19 Feb 2016 21:21:11+0100  Submitted:14  Active:18
Progress: Fri, 19 Feb 2016 21:21:41+0100  Submitted:14  Active:18
Progress: Fri, 19 Feb 2016 21:22:11+0100  Submitted:14  Active:18
Progress: Fri, 19 Feb 2016 21:22:41+0100  Submitted:14  Active:18
Progress: Fri, 19 Feb 2016 21:23:11+0100  Submitted:14  Active:18
Progress: Fri, 19 Feb 2016 21:23:41+0100  Submitted:14  Active:18
Progress: Fri, 19 Feb 2016 21:24:11+0100  Submitted:14  Active:18
Progress: Fri, 19 Feb 2016 21:24:41+0100  Submitted:14  Active:18
Progress: Fri, 19 Feb 2016 21:25:11+0100  Submitted:14  Active:18
Progress: Fri, 19 Feb 2016 21:25:41+0100  Submitted:14  Active:18
Progress: Fri, 19 Feb 2016 21:26:11+0100  Submitted:14  Active:18
Progress: Fri, 19 Feb 2016 21:26:41+0100  Submitted:14  Active:18
Progress: Fri, 19 Feb 2016 21:27:11+0100  Submitted:14  Active:18
Progress: Fri, 19 Feb 2016 21:27:41+0100  Submitted:14  Active:18
Progress: Fri, 19 Feb 2016 21:28:11+0100  Submitted:14  Active:18
Progress: Fri, 19 Feb 2016 21:28:41+0100  Submitted:14  Active:18
Progress: Fri, 19 Feb 2016 21:29:11+0100  Submitted:14  Active:18
Progress: Fri, 19 Feb 2016 21:29:41+0100  Submitted:14  Active:18
Progress: Fri, 19 Feb 2016 21:30:11+0100  Submitted:14  Active:18
Progress: Fri, 19 Feb 2016 21:30:41+0100  Submitted:14  Active:18
Progress: Fri, 19 Feb 2016 21:31:11+0100  Submitted:14  Active:18
Progress: Fri, 19 Feb 2016 21:31:41+0100  Submitted:14  Active:18
Progress: Fri, 19 Feb 2016 21:32:11+0100  Submitted:14  Active:18
Progress: Fri, 19 Feb 2016 21:32:41+0100  Submitted:14  Active:18
Progress: Fri, 19 Feb 2016 21:33:11+0100  Submitted:14  Active:18
Progress: Fri, 19 Feb 2016 21:33:41+0100  Submitted:14  Active:18
Progress: Fri, 19 Feb 2016 21:34:11+0100  Submitted:14  Active:18
Progress: Fri, 19 Feb 2016 21:34:41+0100  Submitted:14  Active:18
Progress: Fri, 19 Feb 2016 21:35:11+0100  Submitted:14  Active:18
Progress: Fri, 19 Feb 2016 21:35:40+0100  Submitted:14  Active:16  Stage out:2
Progress: Fri, 19 Feb 2016 21:35:41+0100  Submitted:14  Finished successfully:18
Progress: Fri, 19 Feb 2016 21:36:11+0100  Submitted:14  Finished successfully:18
Progress: Fri, 19 Feb 2016 21:36:41+0100  Submitted:14  Finished successfully:18
Progress: Fri, 19 Feb 2016 21:37:11+0100  Submitted:14  Finished successfully:18
Progress: Fri, 19 Feb 2016 21:37:41+0100  Submitted:14  Finished successfully:18
Progress: Fri, 19 Feb 2016 21:38:11+0100  Submitted:14  Finished successfully:18
Progress: Fri, 19 Feb 2016 21:38:41+0100  Submitted:14  Finished successfully:18
Progress: Fri, 19 Feb 2016 21:39:11+0100  Submitted:14  Finished successfully:18
Progress: Fri, 19 Feb 2016 21:39:41+0100  Submitted:14  Finished successfully:18
Progress: Fri, 19 Feb 2016 21:40:11+0100  Submitted:14  Finished successfully:18
Progress: Fri, 19 Feb 2016 21:40:41+0100  Submitted:14  Finished successfully:18
Progress: Fri, 19 Feb 2016 21:41:11+0100  Submitted:14  Finished successfully:18
Progress: Fri, 19 Feb 2016 21:41:41+0100  Submitted:14  Finished successfully:18
Progress: Fri, 19 Feb 2016 21:42:11+0100  Submitted:14  Finished successfully:18
Progress: Fri, 19 Feb 2016 21:42:41+0100  Submitted:14  Finished successfully:18
Progress: Fri, 19 Feb 2016 21:43:11+0100  Submitted:14  Finished successfully:18
Progress: Fri, 19 Feb 2016 21:43:41+0100  Submitted:14  Finished successfully:18
Progress: Fri, 19 Feb 2016 21:44:11+0100  Submitted:14  Finished successfully:18
Progress: Fri, 19 Feb 2016 21:44:41+0100  Submitted:14  Finished successfully:18
Progress: Fri, 19 Feb 2016 21:45:11+0100  Submitted:14  Finished successfully:18
Progress: Fri, 19 Feb 2016 21:45:41+0100  Submitted:14  Finished successfully:18
Progress: Fri, 19 Feb 2016 21:46:11+0100  Submitted:14  Finished successfully:18
Progress: Fri, 19 Feb 2016 21:46:41+0100  Submitted:14  Finished successfully:18
Progress: Fri, 19 Feb 2016 21:47:11+0100  Submitted:14  Finished successfully:18
Progress: Fri, 19 Feb 2016 21:47:41+0100  Submitted:14  Finished successfully:18
Progress: Fri, 19 Feb 2016 21:48:11+0100  Submitted:14  Finished successfully:18
Progress: Fri, 19 Feb 2016 21:48:41+0100  Submitted:14  Finished successfully:18
Progress: Fri, 19 Feb 2016 21:49:11+0100  Submitted:14  Finished successfully:18
Progress: Fri, 19 Feb 2016 21:49:41+0100  Submitted:14  Finished successfully:18
Progress: Fri, 19 Feb 2016 21:50:11+0100  Submitted:14  Finished successfully:18
Progress: Fri, 19 Feb 2016 21:50:41+0100  Submitted:14  Finished successfully:18
Progress: Fri, 19 Feb 2016 21:51:11+0100  Submitted:14  Finished successfully:18
Progress: Fri, 19 Feb 2016 21:51:41+0100  Submitted:14  Finished successfully:18
Progress: Fri, 19 Feb 2016 21:52:11+0100  Submitted:14  Finished successfully:18
Progress: Fri, 19 Feb 2016 21:52:41+0100  Submitted:14  Finished successfully:18
Progress: Fri, 19 Feb 2016 21:53:11+0100  Submitted:14  Finished successfully:18
Progress: Fri, 19 Feb 2016 21:53:41+0100  Submitted:14  Finished successfully:18
Progress: Fri, 19 Feb 2016 21:54:11+0100  Submitted:14  Finished successfully:18
Progress: Fri, 19 Feb 2016 21:54:41+0100  Submitted:14  Finished successfully:18
Progress: Fri, 19 Feb 2016 21:55:11+0100  Submitted:14  Finished successfully:18
Progress: Fri, 19 Feb 2016 21:55:41+0100  Submitted:14  Finished successfully:18
Progress: Fri, 19 Feb 2016 21:56:11+0100  Submitted:14  Finished successfully:18
Progress: Fri, 19 Feb 2016 21:56:41+0100  Submitted:14  Finished successfully:18
Progress: Fri, 19 Feb 2016 21:57:11+0100  Submitted:14  Finished successfully:18
Progress: Fri, 19 Feb 2016 21:57:41+0100  Submitted:14  Finished successfully:18
Progress: Fri, 19 Feb 2016 21:58:11+0100  Submitted:14  Finished successfully:18
Progress: Fri, 19 Feb 2016 21:58:41+0100  Submitted:14  Finished successfully:18
Progress: Fri, 19 Feb 2016 21:59:11+0100  Submitted:14  Finished successfully:18
Progress: Fri, 19 Feb 2016 21:59:41+0100  Submitted:14  Finished successfully:18
Progress: Fri, 19 Feb 2016 22:00:11+0100  Submitted:14  Finished successfully:18
Progress: Fri, 19 Feb 2016 22:00:41+0100  Submitted:14  Finished successfully:18
Progress: Fri, 19 Feb 2016 22:01:11+0100  Submitted:14  Finished successfully:18
Progress: Fri, 19 Feb 2016 22:01:41+0100  Submitted:14  Finished successfully:18
Progress: Fri, 19 Feb 2016 22:02:12+0100  Submitted:14  Finished successfully:18
Progress: Fri, 19 Feb 2016 22:02:42+0100  Submitted:14  Finished successfully:18
Progress: Fri, 19 Feb 2016 22:03:12+0100  Submitted:14  Finished successfully:18
Progress: Fri, 19 Feb 2016 22:03:42+0100  Submitted:14  Finished successfully:18
Progress: Fri, 19 Feb 2016 22:04:12+0100  Submitted:14  Finished successfully:18
Progress: Fri, 19 Feb 2016 22:04:42+0100  Submitted:14  Finished successfully:18
Progress: Fri, 19 Feb 2016 22:05:12+0100  Submitted:14  Finished successfully:18
Progress: Fri, 19 Feb 2016 22:05:42+0100  Submitted:14  Finished successfully:18
Progress: Fri, 19 Feb 2016 22:06:12+0100  Submitted:14  Finished successfully:18
Progress: Fri, 19 Feb 2016 22:06:42+0100  Submitted:14  Finished successfully:18
Progress: Fri, 19 Feb 2016 22:07:12+0100  Submitted:14  Finished successfully:18
Progress: Fri, 19 Feb 2016 22:07:42+0100  Submitted:14  Finished successfully:18
Progress: Fri, 19 Feb 2016 22:08:12+0100  Submitted:14  Finished successfully:18
Progress: Fri, 19 Feb 2016 22:08:42+0100  Submitted:14  Finished successfully:18
Progress: Fri, 19 Feb 2016 22:09:12+0100  Submitted:14  Finished successfully:18
Progress: Fri, 19 Feb 2016 22:09:42+0100  Submitted:14  Finished successfully:18
Progress: Fri, 19 Feb 2016 22:10:12+0100  Submitted:14  Finished successfully:18
Progress: Fri, 19 Feb 2016 22:10:42+0100  Submitted:14  Finished successfully:18
Progress: Fri, 19 Feb 2016 22:11:12+0100  Submitted:14  Finished successfully:18
Progress: Fri, 19 Feb 2016 22:11:42+0100  Submitted:14  Finished successfully:18
Progress: Fri, 19 Feb 2016 22:12:12+0100  Submitted:14  Finished successfully:18
Progress: Fri, 19 Feb 2016 22:12:42+0100  Submitted:14  Finished successfully:18
Progress: Fri, 19 Feb 2016 22:13:12+0100  Submitted:14  Finished successfully:18
Progress: Fri, 19 Feb 2016 22:13:42+0100  Submitted:14  Finished successfully:18
Progress: Fri, 19 Feb 2016 22:14:12+0100  Submitted:14  Finished successfully:18
Progress: Fri, 19 Feb 2016 22:14:42+0100  Submitted:14  Finished successfully:18
Progress: Fri, 19 Feb 2016 22:15:12+0100  Submitted:14  Finished successfully:18
Progress: Fri, 19 Feb 2016 22:15:42+0100  Submitted:14  Finished successfully:18
Progress: Fri, 19 Feb 2016 22:16:12+0100  Submitted:14  Finished successfully:18
Progress: Fri, 19 Feb 2016 22:16:42+0100  Submitted:14  Finished successfully:18
Progress: Fri, 19 Feb 2016 22:17:12+0100  Submitted:14  Finished successfully:18
Progress: Fri, 19 Feb 2016 22:17:42+0100  Submitted:14  Finished successfully:18
Progress: Fri, 19 Feb 2016 22:18:12+0100  Submitted:14  Finished successfully:18
Progress: Fri, 19 Feb 2016 22:18:42+0100  Submitted:14  Finished successfully:18
Progress: Fri, 19 Feb 2016 22:19:12+0100  Submitted:14  Finished successfully:18
Progress: Fri, 19 Feb 2016 22:19:42+0100  Submitted:14  Finished successfully:18
Progress: Fri, 19 Feb 2016 22:20:12+0100  Submitted:14  Finished successfully:18
Progress: Fri, 19 Feb 2016 22:20:42+0100  Submitted:14  Finished successfully:18
Progress: Fri, 19 Feb 2016 22:21:12+0100  Submitted:14  Finished successfully:18
Progress: Fri, 19 Feb 2016 22:21:42+0100  Submitted:14  Finished successfully:18
Progress: Fri, 19 Feb 2016 22:22:12+0100  Submitted:14  Finished successfully:18
Progress: Fri, 19 Feb 2016 22:22:42+0100  Submitted:14  Finished successfully:18
Progress: Fri, 19 Feb 2016 22:23:12+0100  Submitted:14  Finished successfully:18
Progress: Fri, 19 Feb 2016 22:23:42+0100  Submitted:14  Finished successfully:18
Progress: Fri, 19 Feb 2016 22:24:12+0100  Submitted:14  Finished successfully:18
Progress: Fri, 19 Feb 2016 22:24:42+0100  Submitted:14  Finished successfully:18
Progress: Fri, 19 Feb 2016 22:25:12+0100  Submitted:14  Finished successfully:18
Progress: Fri, 19 Feb 2016 22:25:42+0100  Submitted:14  Finished successfully:18
Progress: Fri, 19 Feb 2016 22:26:12+0100  Submitted:14  Finished successfully:18
Progress: Fri, 19 Feb 2016 22:26:42+0100  Submitted:14  Finished successfully:18
Progress: Fri, 19 Feb 2016 22:27:12+0100  Submitted:14  Finished successfully:18
Progress: Fri, 19 Feb 2016 22:27:42+0100  Submitted:14  Finished successfully:18
Progress: Fri, 19 Feb 2016 22:28:12+0100  Submitted:14  Finished successfully:18
Progress: Fri, 19 Feb 2016 22:28:42+0100  Submitted:14  Finished successfully:18
Progress: Fri, 19 Feb 2016 22:29:12+0100  Submitted:14  Finished successfully:18
Progress: Fri, 19 Feb 2016 22:29:42+0100  Submitted:14  Finished successfully:18
Progress: Fri, 19 Feb 2016 22:30:12+0100  Submitted:14  Finished successfully:18
Progress: Fri, 19 Feb 2016 22:30:42+0100  Submitted:14  Finished successfully:18
Progress: Fri, 19 Feb 2016 22:31:12+0100  Submitted:14  Finished successfully:18
Progress: Fri, 19 Feb 2016 22:31:42+0100  Submitted:14  Finished successfully:18
Progress: Fri, 19 Feb 2016 22:32:12+0100  Submitted:14  Finished successfully:18
Progress: Fri, 19 Feb 2016 22:32:42+0100  Submitted:14  Finished successfully:18
Progress: Fri, 19 Feb 2016 22:33:12+0100  Submitted:14  Finished successfully:18
Progress: Fri, 19 Feb 2016 22:33:42+0100  Submitted:14  Finished successfully:18
Progress: Fri, 19 Feb 2016 22:34:12+0100  Submitted:14  Finished successfully:18
Progress: Fri, 19 Feb 2016 22:34:42+0100  Submitted:14  Finished successfully:18
Progress: Fri, 19 Feb 2016 22:35:12+0100  Submitted:14  Finished successfully:18
Progress: Fri, 19 Feb 2016 22:35:42+0100  Submitted:14  Finished successfully:18
Progress: Fri, 19 Feb 2016 22:36:12+0100  Submitted:14  Finished successfully:18
Progress: Fri, 19 Feb 2016 22:36:42+0100  Submitted:14  Finished successfully:18
Progress: Fri, 19 Feb 2016 22:37:12+0100  Submitted:14  Finished successfully:18
Progress: Fri, 19 Feb 2016 22:37:42+0100  Submitted:14  Finished successfully:18
Progress: Fri, 19 Feb 2016 22:38:12+0100  Submitted:14  Finished successfully:18
Progress: Fri, 19 Feb 2016 22:38:42+0100  Submitted:14  Finished successfully:18
Progress: Fri, 19 Feb 2016 22:39:12+0100  Submitted:14  Finished successfully:18
Progress: Fri, 19 Feb 2016 22:39:42+0100  Submitted:14  Finished successfully:18
Progress: Fri, 19 Feb 2016 22:40:12+0100  Submitted:14  Finished successfully:18
Progress: Fri, 19 Feb 2016 22:40:42+0100  Submitted:14  Finished successfully:18
Progress: Fri, 19 Feb 2016 22:41:12+0100  Submitted:14  Finished successfully:18
Progress: Fri, 19 Feb 2016 22:41:42+0100  Submitted:14  Finished successfully:18
Progress: Fri, 19 Feb 2016 22:42:12+0100  Submitted:14  Finished successfully:18
Progress: Fri, 19 Feb 2016 22:42:42+0100  Submitted:14  Finished successfully:18
Progress: Fri, 19 Feb 2016 22:43:12+0100  Submitted:14  Finished successfully:18
Progress: Fri, 19 Feb 2016 22:43:42+0100  Submitted:14  Finished successfully:18
Progress: Fri, 19 Feb 2016 22:44:12+0100  Submitted:14  Finished successfully:18
Progress: Fri, 19 Feb 2016 22:44:42+0100  Submitted:14  Finished successfully:18
Progress: Fri, 19 Feb 2016 22:45:12+0100  Submitted:14  Finished successfully:18
Progress: Fri, 19 Feb 2016 22:45:42+0100  Submitted:14  Finished successfully:18
Progress: Fri, 19 Feb 2016 22:46:12+0100  Submitted:14  Finished successfully:18
Progress: Fri, 19 Feb 2016 22:46:42+0100  Submitted:14  Finished successfully:18
Progress: Fri, 19 Feb 2016 22:47:12+0100  Submitted:14  Finished successfully:18
Progress: Fri, 19 Feb 2016 22:47:42+0100  Submitted:14  Finished successfully:18
Progress: Fri, 19 Feb 2016 22:48:12+0100  Submitted:14  Finished successfully:18
Progress: Fri, 19 Feb 2016 22:48:42+0100  Submitted:14  Finished successfully:18
Progress: Fri, 19 Feb 2016 22:49:12+0100  Submitted:14  Finished successfully:18
Progress: Fri, 19 Feb 2016 22:49:42+0100  Submitted:14  Finished successfully:18
Progress: Fri, 19 Feb 2016 22:50:12+0100  Submitted:14  Finished successfully:18
Progress: Fri, 19 Feb 2016 22:50:42+0100  Submitted:14  Finished successfully:18
Progress: Fri, 19 Feb 2016 22:51:12+0100  Submitted:14  Finished successfully:18
Progress: Fri, 19 Feb 2016 22:51:42+0100  Submitted:14  Finished successfully:18
Progress: Fri, 19 Feb 2016 22:52:12+0100  Submitted:14  Finished successfully:18
Progress: Fri, 19 Feb 2016 22:52:42+0100  Submitted:14  Finished successfully:18
Progress: Fri, 19 Feb 2016 22:53:12+0100  Submitted:14  Finished successfully:18
Progress: Fri, 19 Feb 2016 22:53:42+0100  Submitted:14  Finished successfully:18
Progress: Fri, 19 Feb 2016 22:54:12+0100  Submitted:14  Finished successfully:18
Progress: Fri, 19 Feb 2016 22:54:42+0100  Submitted:14  Finished successfully:18
Progress: Fri, 19 Feb 2016 22:55:12+0100  Submitted:14  Finished successfully:18
Progress: Fri, 19 Feb 2016 22:55:42+0100  Submitted:14  Finished successfully:18
Progress: Fri, 19 Feb 2016 22:56:12+0100  Submitted:14  Finished successfully:18
Progress: Fri, 19 Feb 2016 22:56:42+0100  Submitted:14  Finished successfully:18
Progress: Fri, 19 Feb 2016 22:57:12+0100  Submitted:14  Finished successfully:18
Progress: Fri, 19 Feb 2016 22:57:42+0100  Submitted:14  Finished successfully:18
Progress: Fri, 19 Feb 2016 22:58:12+0100  Submitted:14  Finished successfully:18
Progress: Fri, 19 Feb 2016 22:58:42+0100  Submitted:14  Finished successfully:18
Progress: Fri, 19 Feb 2016 22:59:12+0100  Submitted:14  Finished successfully:18
Progress: Fri, 19 Feb 2016 22:59:42+0100  Submitted:14  Finished successfully:18
Progress: Fri, 19 Feb 2016 23:00:12+0100  Submitted:14  Finished successfully:18
Progress: Fri, 19 Feb 2016 23:00:42+0100  Submitted:14  Finished successfully:18
Progress: Fri, 19 Feb 2016 23:01:12+0100  Submitted:14  Finished successfully:18
Progress: Fri, 19 Feb 2016 23:01:42+0100  Submitted:14  Finished successfully:18
Progress: Fri, 19 Feb 2016 23:02:12+0100  Submitted:14  Finished successfully:18
Progress: Fri, 19 Feb 2016 23:02:42+0100  Submitted:14  Finished successfully:18
Progress: Fri, 19 Feb 2016 23:03:12+0100  Submitted:14  Finished successfully:18
Progress: Fri, 19 Feb 2016 23:03:42+0100  Submitted:14  Finished successfully:18
Progress: Fri, 19 Feb 2016 23:04:12+0100  Submitted:14  Finished successfully:18
Progress: Fri, 19 Feb 2016 23:04:42+0100  Submitted:14  Finished successfully:18
Progress: Fri, 19 Feb 2016 23:05:12+0100  Submitted:14  Finished successfully:18
Progress: Fri, 19 Feb 2016 23:05:42+0100  Submitted:14  Finished successfully:18
Progress: Fri, 19 Feb 2016 23:06:12+0100  Submitted:14  Finished successfully:18
Progress: Fri, 19 Feb 2016 23:06:42+0100  Submitted:14  Finished successfully:18
Progress: Fri, 19 Feb 2016 23:07:12+0100  Submitted:14  Finished successfully:18
Progress: Fri, 19 Feb 2016 23:07:42+0100  Submitted:14  Finished successfully:18
Progress: Fri, 19 Feb 2016 23:08:12+0100  Submitted:14  Finished successfully:18
Progress: Fri, 19 Feb 2016 23:08:42+0100  Submitted:14  Finished successfully:18
Progress: Fri, 19 Feb 2016 23:09:12+0100  Submitted:14  Finished successfully:18
Progress: Fri, 19 Feb 2016 23:09:42+0100  Submitted:14  Finished successfully:18
Progress: Fri, 19 Feb 2016 23:10:12+0100  Submitted:14  Finished successfully:18
Progress: Fri, 19 Feb 2016 23:10:42+0100  Submitted:14  Finished successfully:18
Progress: Fri, 19 Feb 2016 23:11:12+0100  Submitted:14  Finished successfully:18
Progress: Fri, 19 Feb 2016 23:11:42+0100  Submitted:14  Finished successfully:18
Progress: Fri, 19 Feb 2016 23:12:12+0100  Submitted:14  Finished successfully:18
Progress: Fri, 19 Feb 2016 23:12:42+0100  Submitted:14  Finished successfully:18
Progress: Fri, 19 Feb 2016 23:13:12+0100  Submitted:14  Finished successfully:18
Progress: Fri, 19 Feb 2016 23:13:42+0100  Submitted:14  Finished successfully:18
Progress: Fri, 19 Feb 2016 23:14:12+0100  Submitted:14  Finished successfully:18
Progress: Fri, 19 Feb 2016 23:14:42+0100  Submitted:14  Finished successfully:18
Progress: Fri, 19 Feb 2016 23:15:12+0100  Submitted:14  Finished successfully:18
Progress: Fri, 19 Feb 2016 23:15:42+0100  Submitted:14  Finished successfully:18
Progress: Fri, 19 Feb 2016 23:16:12+0100  Submitted:14  Finished successfully:18
Progress: Fri, 19 Feb 2016 23:16:42+0100  Submitted:14  Finished successfully:18
Progress: Fri, 19 Feb 2016 23:17:12+0100  Submitted:14  Finished successfully:18
Progress: Fri, 19 Feb 2016 23:17:42+0100  Submitted:14  Finished successfully:18
Progress: Fri, 19 Feb 2016 23:18:12+0100  Submitted:14  Finished successfully:18
Progress: Fri, 19 Feb 2016 23:18:42+0100  Submitted:14  Finished successfully:18
Progress: Fri, 19 Feb 2016 23:19:12+0100  Submitted:14  Finished successfully:18
Progress: Fri, 19 Feb 2016 23:19:42+0100  Submitted:14  Finished successfully:18
Progress: Fri, 19 Feb 2016 23:20:12+0100  Submitted:14  Finished successfully:18
Progress: Fri, 19 Feb 2016 23:20:42+0100  Submitted:14  Finished successfully:18
Progress: Fri, 19 Feb 2016 23:21:12+0100  Submitted:14  Finished successfully:18
Progress: Fri, 19 Feb 2016 23:21:42+0100  Submitted:14  Finished successfully:18
Progress: Fri, 19 Feb 2016 23:22:12+0100  Submitted:14  Finished successfully:18
Progress: Fri, 19 Feb 2016 23:22:42+0100  Submitted:14  Finished successfully:18
Progress: Fri, 19 Feb 2016 23:23:12+0100  Submitted:14  Finished successfully:18
Progress: Fri, 19 Feb 2016 23:23:42+0100  Submitted:14  Finished successfully:18
Progress: Fri, 19 Feb 2016 23:24:12+0100  Submitted:14  Finished successfully:18
Progress: Fri, 19 Feb 2016 23:24:42+0100  Submitted:14  Finished successfully:18
Progress: Fri, 19 Feb 2016 23:25:12+0100  Submitted:14  Finished successfully:18
Progress: Fri, 19 Feb 2016 23:25:42+0100  Submitted:14  Finished successfully:18
Progress: Fri, 19 Feb 2016 23:26:12+0100  Submitted:14  Finished successfully:18
Progress: Fri, 19 Feb 2016 23:26:42+0100  Submitted:14  Finished successfully:18
Progress: Fri, 19 Feb 2016 23:27:12+0100  Submitted:14  Finished successfully:18
Progress: Fri, 19 Feb 2016 23:27:42+0100  Submitted:14  Finished successfully:18
Progress: Fri, 19 Feb 2016 23:28:12+0100  Submitted:14  Finished successfully:18
Progress: Fri, 19 Feb 2016 23:28:42+0100  Submitted:14  Finished successfully:18
Progress: Fri, 19 Feb 2016 23:29:12+0100  Submitted:14  Finished successfully:18
Progress: Fri, 19 Feb 2016 23:29:42+0100  Submitted:14  Finished successfully:18
Progress: Fri, 19 Feb 2016 23:30:12+0100  Submitted:14  Finished successfully:18
Progress: Fri, 19 Feb 2016 23:30:42+0100  Submitted:14  Finished successfully:18
Progress: Fri, 19 Feb 2016 23:31:12+0100  Submitted:14  Finished successfully:18
Progress: Fri, 19 Feb 2016 23:31:42+0100  Submitted:14  Finished successfully:18
Progress: Fri, 19 Feb 2016 23:32:12+0100  Submitted:14  Finished successfully:18
Progress: Fri, 19 Feb 2016 23:32:42+0100  Submitted:14  Finished successfully:18
Progress: Fri, 19 Feb 2016 23:33:12+0100  Submitted:14  Finished successfully:18
Progress: Fri, 19 Feb 2016 23:33:42+0100  Submitted:14  Finished successfully:18
Progress: Fri, 19 Feb 2016 23:34:12+0100  Submitted:14  Finished successfully:18
Progress: Fri, 19 Feb 2016 23:34:42+0100  Submitted:14  Finished successfully:18
Progress: Fri, 19 Feb 2016 23:35:12+0100  Submitted:14  Finished successfully:18
Progress: Fri, 19 Feb 2016 23:35:42+0100  Submitted:14  Finished successfully:18
Progress: Fri, 19 Feb 2016 23:36:12+0100  Submitted:14  Finished successfully:18
Progress: Fri, 19 Feb 2016 23:36:42+0100  Submitted:14  Finished successfully:18
Progress: Fri, 19 Feb 2016 23:37:12+0100  Submitted:14  Finished successfully:18
Progress: Fri, 19 Feb 2016 23:37:42+0100  Submitted:14  Finished successfully:18
Progress: Fri, 19 Feb 2016 23:38:12+0100  Submitted:14  Finished successfully:18
Progress: Fri, 19 Feb 2016 23:38:42+0100  Submitted:14  Finished successfully:18
Progress: Fri, 19 Feb 2016 23:39:12+0100  Submitted:14  Finished successfully:18
Progress: Fri, 19 Feb 2016 23:39:42+0100  Submitted:14  Finished successfully:18
Progress: Fri, 19 Feb 2016 23:40:12+0100  Submitted:14  Finished successfully:18
Progress: Fri, 19 Feb 2016 23:40:42+0100  Submitted:14  Finished successfully:18
Progress: Fri, 19 Feb 2016 23:41:12+0100  Submitted:14  Finished successfully:18
Progress: Fri, 19 Feb 2016 23:41:42+0100  Submitted:14  Finished successfully:18
Progress: Fri, 19 Feb 2016 23:42:12+0100  Submitted:14  Finished successfully:18
Progress: Fri, 19 Feb 2016 23:42:42+0100  Submitted:14  Finished successfully:18
Progress: Fri, 19 Feb 2016 23:43:12+0100  Submitted:14  Finished successfully:18
Progress: Fri, 19 Feb 2016 23:43:42+0100  Submitted:14  Finished successfully:18
Progress: Fri, 19 Feb 2016 23:44:12+0100  Submitted:14  Finished successfully:18
Progress: Fri, 19 Feb 2016 23:44:42+0100  Submitted:14  Finished successfully:18
Progress: Fri, 19 Feb 2016 23:45:12+0100  Submitted:14  Finished successfully:18
Progress: Fri, 19 Feb 2016 23:45:42+0100  Submitted:14  Finished successfully:18
Progress: Fri, 19 Feb 2016 23:46:12+0100  Submitted:14  Finished successfully:18
Progress: Fri, 19 Feb 2016 23:46:42+0100  Submitted:14  Finished successfully:18
Progress: Fri, 19 Feb 2016 23:47:12+0100  Submitted:14  Finished successfully:18
Progress: Fri, 19 Feb 2016 23:47:42+0100  Submitted:14  Finished successfully:18
Progress: Fri, 19 Feb 2016 23:48:12+0100  Submitted:14  Finished successfully:18
Progress: Fri, 19 Feb 2016 23:48:42+0100  Submitted:14  Finished successfully:18
Progress: Fri, 19 Feb 2016 23:49:12+0100  Submitted:14  Finished successfully:18
Progress: Fri, 19 Feb 2016 23:49:42+0100  Submitted:14  Finished successfully:18
Progress: Fri, 19 Feb 2016 23:50:12+0100  Submitted:14  Finished successfully:18
Progress: Fri, 19 Feb 2016 23:50:42+0100  Submitted:14  Finished successfully:18
Progress: Fri, 19 Feb 2016 23:51:12+0100  Submitted:14  Finished successfully:18
Progress: Fri, 19 Feb 2016 23:51:42+0100  Submitted:14  Finished successfully:18
Progress: Fri, 19 Feb 2016 23:52:12+0100  Submitted:14  Finished successfully:18
Progress: Fri, 19 Feb 2016 23:52:42+0100  Submitted:14  Finished successfully:18
Progress: Fri, 19 Feb 2016 23:53:12+0100  Submitted:14  Finished successfully:18
Progress: Fri, 19 Feb 2016 23:53:42+0100  Submitted:14  Finished successfully:18
Progress: Fri, 19 Feb 2016 23:54:12+0100  Submitted:14  Finished successfully:18
Progress: Fri, 19 Feb 2016 23:54:42+0100  Submitted:14  Finished successfully:18
Progress: Fri, 19 Feb 2016 23:55:12+0100  Submitted:14  Finished successfully:18
Progress: Fri, 19 Feb 2016 23:55:42+0100  Submitted:14  Finished successfully:18
Progress: Fri, 19 Feb 2016 23:56:12+0100  Submitted:14  Finished successfully:18
Progress: Fri, 19 Feb 2016 23:56:42+0100  Submitted:14  Finished successfully:18
Progress: Fri, 19 Feb 2016 23:57:12+0100  Submitted:14  Finished successfully:18
Progress: Fri, 19 Feb 2016 23:57:42+0100  Submitted:14  Finished successfully:18
Progress: Fri, 19 Feb 2016 23:58:12+0100  Submitted:14  Finished successfully:18
Progress: Fri, 19 Feb 2016 23:58:42+0100  Submitted:14  Finished successfully:18
Progress: Fri, 19 Feb 2016 23:59:12+0100  Submitted:14  Finished successfully:18
Progress: Fri, 19 Feb 2016 23:59:42+0100  Submitted:14  Finished successfully:18
Progress: Sat, 20 Feb 2016 00:00:12+0100  Submitted:14  Finished successfully:18
Progress: Sat, 20 Feb 2016 00:00:42+0100  Submitted:14  Finished successfully:18
Progress: Sat, 20 Feb 2016 00:01:12+0100  Submitted:14  Finished successfully:18
Progress: Sat, 20 Feb 2016 00:01:42+0100  Submitted:14  Finished successfully:18
Progress: Sat, 20 Feb 2016 00:02:12+0100  Submitted:14  Finished successfully:18
Progress: Sat, 20 Feb 2016 00:02:42+0100  Submitted:14  Finished successfully:18
Progress: Sat, 20 Feb 2016 00:03:12+0100  Submitted:14  Finished successfully:18
Progress: Sat, 20 Feb 2016 00:03:42+0100  Submitted:14  Finished successfully:18
Progress: Sat, 20 Feb 2016 00:04:12+0100  Submitted:14  Finished successfully:18
Progress: Sat, 20 Feb 2016 00:04:42+0100  Submitted:14  Finished successfully:18
Progress: Sat, 20 Feb 2016 00:05:12+0100  Submitted:14  Finished successfully:18
Progress: Sat, 20 Feb 2016 00:05:42+0100  Submitted:14  Finished successfully:18
Progress: Sat, 20 Feb 2016 00:06:12+0100  Submitted:14  Finished successfully:18
Progress: Sat, 20 Feb 2016 00:06:42+0100  Submitted:14  Finished successfully:18
Progress: Sat, 20 Feb 2016 00:07:12+0100  Submitted:14  Finished successfully:18
Progress: Sat, 20 Feb 2016 00:07:42+0100  Submitted:14  Finished successfully:18
Progress: Sat, 20 Feb 2016 00:08:12+0100  Submitted:14  Finished successfully:18
Progress: Sat, 20 Feb 2016 00:08:42+0100  Submitted:14  Finished successfully:18
Progress: Sat, 20 Feb 2016 00:09:12+0100  Submitted:14  Finished successfully:18
Progress: Sat, 20 Feb 2016 00:09:42+0100  Submitted:14  Finished successfully:18
Progress: Sat, 20 Feb 2016 00:10:12+0100  Submitted:14  Finished successfully:18
Progress: Sat, 20 Feb 2016 00:10:42+0100  Submitted:14  Finished successfully:18
Progress: Sat, 20 Feb 2016 00:11:12+0100  Submitted:14  Finished successfully:18
Progress: Sat, 20 Feb 2016 00:11:42+0100  Submitted:14  Finished successfully:18
Progress: Sat, 20 Feb 2016 00:12:12+0100  Submitted:14  Finished successfully:18
Progress: Sat, 20 Feb 2016 00:12:42+0100  Submitted:14  Finished successfully:18
Progress: Sat, 20 Feb 2016 00:13:12+0100  Submitted:14  Finished successfully:18
Progress: Sat, 20 Feb 2016 00:13:42+0100  Submitted:14  Finished successfully:18
Progress: Sat, 20 Feb 2016 00:14:12+0100  Submitted:14  Finished successfully:18
Progress: Sat, 20 Feb 2016 00:14:42+0100  Submitted:14  Finished successfully:18
Progress: Sat, 20 Feb 2016 00:15:12+0100  Submitted:14  Finished successfully:18
Progress: Sat, 20 Feb 2016 00:15:42+0100  Submitted:14  Finished successfully:18
Progress: Sat, 20 Feb 2016 00:16:12+0100  Submitted:14  Finished successfully:18
Progress: Sat, 20 Feb 2016 00:16:42+0100  Submitted:14  Finished successfully:18
Progress: Sat, 20 Feb 2016 00:17:12+0100  Submitted:14  Finished successfully:18
Progress: Sat, 20 Feb 2016 00:17:42+0100  Submitted:14  Finished successfully:18
Progress: Sat, 20 Feb 2016 00:18:12+0100  Submitted:14  Finished successfully:18
Progress: Sat, 20 Feb 2016 00:18:43+0100  Submitted:14  Finished successfully:18
Progress: Sat, 20 Feb 2016 00:19:13+0100  Submitted:14  Finished successfully:18
Progress: Sat, 20 Feb 2016 00:19:43+0100  Submitted:14  Finished successfully:18
Progress: Sat, 20 Feb 2016 00:20:13+0100  Submitted:14  Finished successfully:18
Progress: Sat, 20 Feb 2016 00:20:43+0100  Submitted:14  Finished successfully:18
Progress: Sat, 20 Feb 2016 00:21:13+0100  Submitted:14  Finished successfully:18
Progress: Sat, 20 Feb 2016 00:21:43+0100  Submitted:14  Finished successfully:18
Progress: Sat, 20 Feb 2016 00:22:13+0100  Submitted:14  Finished successfully:18
Progress: Sat, 20 Feb 2016 00:22:43+0100  Submitted:14  Finished successfully:18
Progress: Sat, 20 Feb 2016 00:23:13+0100  Submitted:14  Finished successfully:18
Progress: Sat, 20 Feb 2016 00:23:43+0100  Submitted:14  Finished successfully:18
Progress: Sat, 20 Feb 2016 00:24:13+0100  Submitted:14  Finished successfully:18
Progress: Sat, 20 Feb 2016 00:24:43+0100  Submitted:14  Finished successfully:18
Progress: Sat, 20 Feb 2016 00:25:13+0100  Submitted:14  Finished successfully:18
Progress: Sat, 20 Feb 2016 00:25:43+0100  Submitted:14  Finished successfully:18
Progress: Sat, 20 Feb 2016 00:26:13+0100  Submitted:14  Finished successfully:18
Progress: Sat, 20 Feb 2016 00:26:43+0100  Submitted:14  Finished successfully:18
Progress: Sat, 20 Feb 2016 00:27:13+0100  Submitted:14  Finished successfully:18
Progress: Sat, 20 Feb 2016 00:27:43+0100  Submitted:14  Finished successfully:18
Progress: Sat, 20 Feb 2016 00:28:13+0100  Submitted:14  Finished successfully:18
Progress: Sat, 20 Feb 2016 00:28:43+0100  Submitted:14  Finished successfully:18
Progress: Sat, 20 Feb 2016 00:29:13+0100  Submitted:14  Finished successfully:18
Progress: Sat, 20 Feb 2016 00:29:43+0100  Submitted:14  Finished successfully:18
Progress: Sat, 20 Feb 2016 00:30:13+0100  Submitted:14  Finished successfully:18
Progress: Sat, 20 Feb 2016 00:30:43+0100  Submitted:14  Finished successfully:18
Progress: Sat, 20 Feb 2016 00:31:13+0100  Submitted:14  Finished successfully:18
Progress: Sat, 20 Feb 2016 00:31:43+0100  Submitted:14  Finished successfully:18
Progress: Sat, 20 Feb 2016 00:32:13+0100  Submitted:14  Finished successfully:18
Progress: Sat, 20 Feb 2016 00:32:43+0100  Submitted:14  Finished successfully:18
Progress: Sat, 20 Feb 2016 00:33:13+0100  Submitted:14  Finished successfully:18
Progress: Sat, 20 Feb 2016 00:33:43+0100  Submitted:14  Finished successfully:18
Progress: Sat, 20 Feb 2016 00:34:13+0100  Submitted:14  Finished successfully:18
Progress: Sat, 20 Feb 2016 00:34:43+0100  Submitted:14  Finished successfully:18
Progress: Sat, 20 Feb 2016 00:35:13+0100  Submitted:14  Finished successfully:18
Progress: Sat, 20 Feb 2016 00:35:43+0100  Submitted:14  Finished successfully:18
Progress: Sat, 20 Feb 2016 00:36:13+0100  Submitted:14  Finished successfully:18
Progress: Sat, 20 Feb 2016 00:36:43+0100  Submitted:14  Finished successfully:18
Progress: Sat, 20 Feb 2016 00:37:13+0100  Submitted:14  Finished successfully:18
Progress: Sat, 20 Feb 2016 00:37:43+0100  Submitted:14  Finished successfully:18
Progress: Sat, 20 Feb 2016 00:38:13+0100  Submitted:14  Finished successfully:18
Progress: Sat, 20 Feb 2016 00:38:43+0100  Submitted:14  Finished successfully:18
Progress: Sat, 20 Feb 2016 00:39:13+0100  Submitted:14  Finished successfully:18
Progress: Sat, 20 Feb 2016 00:39:43+0100  Submitted:14  Finished successfully:18
Progress: Sat, 20 Feb 2016 00:40:13+0100  Submitted:14  Finished successfully:18
Progress: Sat, 20 Feb 2016 00:40:43+0100  Submitted:14  Finished successfully:18
Progress: Sat, 20 Feb 2016 00:41:13+0100  Submitted:14  Finished successfully:18
Progress: Sat, 20 Feb 2016 00:41:43+0100  Submitted:14  Finished successfully:18
Progress: Sat, 20 Feb 2016 00:42:13+0100  Submitted:14  Finished successfully:18
Progress: Sat, 20 Feb 2016 00:42:43+0100  Submitted:14  Finished successfully:18
Progress: Sat, 20 Feb 2016 00:43:13+0100  Submitted:14  Finished successfully:18
Progress: Sat, 20 Feb 2016 00:43:43+0100  Submitted:14  Finished successfully:18
Progress: Sat, 20 Feb 2016 00:44:13+0100  Submitted:14  Finished successfully:18
Progress: Sat, 20 Feb 2016 00:44:43+0100  Submitted:14  Finished successfully:18
Progress: Sat, 20 Feb 2016 00:45:13+0100  Submitted:14  Finished successfully:18
Progress: Sat, 20 Feb 2016 00:45:43+0100  Submitted:14  Finished successfully:18
Progress: Sat, 20 Feb 2016 00:46:13+0100  Submitted:14  Finished successfully:18
Progress: Sat, 20 Feb 2016 00:46:43+0100  Submitted:14  Finished successfully:18
Progress: Sat, 20 Feb 2016 00:47:13+0100  Submitted:14  Finished successfully:18
Progress: Sat, 20 Feb 2016 00:47:43+0100  Submitted:14  Finished successfully:18
Progress: Sat, 20 Feb 2016 00:48:13+0100  Submitted:14  Finished successfully:18
Progress: Sat, 20 Feb 2016 00:48:43+0100  Submitted:14  Finished successfully:18
Progress: Sat, 20 Feb 2016 00:49:13+0100  Submitted:14  Finished successfully:18
Progress: Sat, 20 Feb 2016 00:49:43+0100  Submitted:14  Finished successfully:18
Progress: Sat, 20 Feb 2016 00:50:13+0100  Submitted:14  Finished successfully:18
Progress: Sat, 20 Feb 2016 00:50:43+0100  Submitted:14  Finished successfully:18
Progress: Sat, 20 Feb 2016 00:51:13+0100  Submitted:14  Finished successfully:18
Progress: Sat, 20 Feb 2016 00:51:43+0100  Submitted:14  Finished successfully:18
Progress: Sat, 20 Feb 2016 00:52:13+0100  Submitted:14  Finished successfully:18
Progress: Sat, 20 Feb 2016 00:52:43+0100  Submitted:14  Finished successfully:18
Progress: Sat, 20 Feb 2016 00:53:13+0100  Submitted:14  Finished successfully:18
Progress: Sat, 20 Feb 2016 00:53:43+0100  Submitted:14  Finished successfully:18
Progress: Sat, 20 Feb 2016 00:54:13+0100  Submitted:14  Finished successfully:18
Progress: Sat, 20 Feb 2016 00:54:43+0100  Submitted:14  Finished successfully:18
Progress: Sat, 20 Feb 2016 00:55:13+0100  Submitted:14  Finished successfully:18
Progress: Sat, 20 Feb 2016 00:55:43+0100  Submitted:14  Finished successfully:18
Progress: Sat, 20 Feb 2016 00:56:13+0100  Submitted:14  Finished successfully:18
Progress: Sat, 20 Feb 2016 00:56:43+0100  Submitted:14  Finished successfully:18
Progress: Sat, 20 Feb 2016 00:57:13+0100  Submitted:14  Finished successfully:18
Progress: Sat, 20 Feb 2016 00:57:43+0100  Submitted:14  Finished successfully:18
Progress: Sat, 20 Feb 2016 00:58:13+0100  Submitted:14  Finished successfully:18
Progress: Sat, 20 Feb 2016 00:58:43+0100  Submitted:14  Finished successfully:18
Progress: Sat, 20 Feb 2016 00:59:13+0100  Submitted:14  Finished successfully:18
Progress: Sat, 20 Feb 2016 00:59:43+0100  Submitted:14  Finished successfully:18
Progress: Sat, 20 Feb 2016 01:00:13+0100  Submitted:14  Finished successfully:18
Progress: Sat, 20 Feb 2016 01:00:43+0100  Submitted:14  Finished successfully:18
Progress: Sat, 20 Feb 2016 01:01:13+0100  Submitted:14  Finished successfully:18
Progress: Sat, 20 Feb 2016 01:01:43+0100  Submitted:14  Finished successfully:18
Progress: Sat, 20 Feb 2016 01:02:13+0100  Submitted:14  Finished successfully:18
Progress: Sat, 20 Feb 2016 01:02:43+0100  Submitted:14  Finished successfully:18
Progress: Sat, 20 Feb 2016 01:03:13+0100  Submitted:14  Finished successfully:18
Progress: Sat, 20 Feb 2016 01:03:43+0100  Submitted:14  Finished successfully:18
Progress: Sat, 20 Feb 2016 01:04:13+0100  Submitted:14  Finished successfully:18
Progress: Sat, 20 Feb 2016 01:04:43+0100  Submitted:14  Finished successfully:18
Progress: Sat, 20 Feb 2016 01:05:13+0100  Submitted:14  Finished successfully:18
Progress: Sat, 20 Feb 2016 01:05:43+0100  Submitted:14  Finished successfully:18
Progress: Sat, 20 Feb 2016 01:06:13+0100  Submitted:14  Finished successfully:18
Progress: Sat, 20 Feb 2016 01:06:43+0100  Submitted:14  Finished successfully:18
Progress: Sat, 20 Feb 2016 01:07:13+0100  Submitted:14  Finished successfully:18
Progress: Sat, 20 Feb 2016 01:07:43+0100  Submitted:14  Finished successfully:18
Progress: Sat, 20 Feb 2016 01:08:13+0100  Submitted:14  Finished successfully:18
Progress: Sat, 20 Feb 2016 01:08:43+0100  Submitted:14  Finished successfully:18
Progress: Sat, 20 Feb 2016 01:09:13+0100  Submitted:14  Finished successfully:18
Progress: Sat, 20 Feb 2016 01:09:43+0100  Submitted:14  Finished successfully:18
Progress: Sat, 20 Feb 2016 01:10:13+0100  Submitted:14  Finished successfully:18
Progress: Sat, 20 Feb 2016 01:10:43+0100  Submitted:14  Finished successfully:18
Progress: Sat, 20 Feb 2016 01:11:13+0100  Submitted:14  Finished successfully:18
Progress: Sat, 20 Feb 2016 01:11:43+0100  Submitted:14  Finished successfully:18
Progress: Sat, 20 Feb 2016 01:12:13+0100  Submitted:14  Finished successfully:18
Progress: Sat, 20 Feb 2016 01:12:43+0100  Submitted:14  Finished successfully:18
Progress: Sat, 20 Feb 2016 01:13:13+0100  Submitted:14  Finished successfully:18
Progress: Sat, 20 Feb 2016 01:13:43+0100  Submitted:14  Finished successfully:18
Progress: Sat, 20 Feb 2016 01:14:13+0100  Submitted:14  Finished successfully:18
Progress: Sat, 20 Feb 2016 01:14:43+0100  Submitted:14  Finished successfully:18
Progress: Sat, 20 Feb 2016 01:15:13+0100  Submitted:14  Finished successfully:18
Progress: Sat, 20 Feb 2016 01:15:43+0100  Submitted:14  Finished successfully:18
Progress: Sat, 20 Feb 2016 01:16:13+0100  Submitted:14  Finished successfully:18
Progress: Sat, 20 Feb 2016 01:16:43+0100  Submitted:14  Finished successfully:18
Progress: Sat, 20 Feb 2016 01:17:13+0100  Submitted:14  Finished successfully:18
Progress: Sat, 20 Feb 2016 01:17:43+0100  Submitted:14  Finished successfully:18
Progress: Sat, 20 Feb 2016 01:18:13+0100  Submitted:14  Finished successfully:18
Progress: Sat, 20 Feb 2016 01:18:43+0100  Submitted:14  Finished successfully:18
Progress: Sat, 20 Feb 2016 01:19:13+0100  Submitted:14  Finished successfully:18
Progress: Sat, 20 Feb 2016 01:19:43+0100  Submitted:14  Finished successfully:18
Progress: Sat, 20 Feb 2016 01:20:13+0100  Submitted:14  Finished successfully:18
Progress: Sat, 20 Feb 2016 01:20:43+0100  Submitted:14  Finished successfully:18
Progress: Sat, 20 Feb 2016 01:21:13+0100  Submitted:14  Finished successfully:18
Progress: Sat, 20 Feb 2016 01:21:43+0100  Submitted:14  Finished successfully:18
Progress: Sat, 20 Feb 2016 01:22:13+0100  Submitted:14  Finished successfully:18
Progress: Sat, 20 Feb 2016 01:22:43+0100  Submitted:14  Finished successfully:18
Progress: Sat, 20 Feb 2016 01:23:13+0100  Submitted:14  Finished successfully:18
Progress: Sat, 20 Feb 2016 01:23:43+0100  Submitted:14  Finished successfully:18
Progress: Sat, 20 Feb 2016 01:24:13+0100  Submitted:14  Finished successfully:18
Progress: Sat, 20 Feb 2016 01:24:43+0100  Submitted:14  Finished successfully:18
Progress: Sat, 20 Feb 2016 01:25:13+0100  Submitted:14  Finished successfully:18
Progress: Sat, 20 Feb 2016 01:25:43+0100  Submitted:14  Finished successfully:18
Progress: Sat, 20 Feb 2016 01:26:13+0100  Submitted:14  Finished successfully:18
Progress: Sat, 20 Feb 2016 01:26:43+0100  Submitted:14  Finished successfully:18
Progress: Sat, 20 Feb 2016 01:27:13+0100  Submitted:14  Finished successfully:18
Progress: Sat, 20 Feb 2016 01:27:43+0100  Submitted:14  Finished successfully:18
Progress: Sat, 20 Feb 2016 01:28:13+0100  Submitted:14  Finished successfully:18
Progress: Sat, 20 Feb 2016 01:28:43+0100  Submitted:14  Finished successfully:18
Progress: Sat, 20 Feb 2016 01:29:13+0100  Submitted:14  Finished successfully:18
Progress: Sat, 20 Feb 2016 01:29:43+0100  Submitted:14  Finished successfully:18
Progress: Sat, 20 Feb 2016 01:30:13+0100  Submitted:14  Finished successfully:18
Progress: Sat, 20 Feb 2016 01:30:43+0100  Submitted:14  Finished successfully:18
Progress: Sat, 20 Feb 2016 01:31:13+0100  Submitted:14  Finished successfully:18
Progress: Sat, 20 Feb 2016 01:31:43+0100  Submitted:14  Finished successfully:18
Progress: Sat, 20 Feb 2016 01:32:13+0100  Submitted:14  Finished successfully:18
Progress: Sat, 20 Feb 2016 01:32:43+0100  Submitted:14  Finished successfully:18
Progress: Sat, 20 Feb 2016 01:33:13+0100  Submitted:14  Finished successfully:18
Progress: Sat, 20 Feb 2016 01:33:43+0100  Submitted:14  Finished successfully:18
Progress: Sat, 20 Feb 2016 01:34:13+0100  Submitted:14  Finished successfully:18
Progress: Sat, 20 Feb 2016 01:34:43+0100  Submitted:14  Finished successfully:18
Progress: Sat, 20 Feb 2016 01:35:13+0100  Submitted:14  Finished successfully:18
Progress: Sat, 20 Feb 2016 01:35:43+0100  Submitted:14  Finished successfully:18
Progress: Sat, 20 Feb 2016 01:36:13+0100  Submitted:14  Finished successfully:18
Progress: Sat, 20 Feb 2016 01:36:43+0100  Submitted:14  Finished successfully:18
Progress: Sat, 20 Feb 2016 01:37:13+0100  Submitted:14  Finished successfully:18
Progress: Sat, 20 Feb 2016 01:37:43+0100  Submitted:14  Finished successfully:18
Progress: Sat, 20 Feb 2016 01:38:13+0100  Submitted:14  Finished successfully:18
Progress: Sat, 20 Feb 2016 01:38:43+0100  Submitted:14  Finished successfully:18
Progress: Sat, 20 Feb 2016 01:39:13+0100  Submitted:14  Finished successfully:18
Progress: Sat, 20 Feb 2016 01:39:43+0100  Submitted:14  Finished successfully:18
Progress: Sat, 20 Feb 2016 01:40:13+0100  Submitted:14  Finished successfully:18
Progress: Sat, 20 Feb 2016 01:40:43+0100  Submitted:14  Finished successfully:18
Progress: Sat, 20 Feb 2016 01:41:13+0100  Submitted:14  Finished successfully:18
Progress: Sat, 20 Feb 2016 01:41:43+0100  Submitted:14  Finished successfully:18
Progress: Sat, 20 Feb 2016 01:42:13+0100  Submitted:14  Finished successfully:18
Progress: Sat, 20 Feb 2016 01:42:43+0100  Submitted:14  Finished successfully:18
Progress: Sat, 20 Feb 2016 01:43:13+0100  Submitted:14  Finished successfully:18
Progress: Sat, 20 Feb 2016 01:43:43+0100  Submitted:14  Finished successfully:18
Progress: Sat, 20 Feb 2016 01:44:13+0100  Submitted:14  Finished successfully:18
Progress: Sat, 20 Feb 2016 01:44:43+0100  Submitted:14  Finished successfully:18
Progress: Sat, 20 Feb 2016 01:45:13+0100  Submitted:14  Finished successfully:18
Progress: Sat, 20 Feb 2016 01:45:43+0100  Submitted:14  Finished successfully:18
Progress: Sat, 20 Feb 2016 01:46:13+0100  Submitted:14  Finished successfully:18
Progress: Sat, 20 Feb 2016 01:46:43+0100  Submitted:14  Finished successfully:18
Progress: Sat, 20 Feb 2016 01:47:13+0100  Submitted:14  Finished successfully:18
Progress: Sat, 20 Feb 2016 01:47:43+0100  Submitted:14  Finished successfully:18
Progress: Sat, 20 Feb 2016 01:48:13+0100  Submitted:14  Finished successfully:18
Progress: Sat, 20 Feb 2016 01:48:43+0100  Submitted:14  Finished successfully:18
Progress: Sat, 20 Feb 2016 01:49:13+0100  Submitted:14  Finished successfully:18
Progress: Sat, 20 Feb 2016 01:49:43+0100  Submitted:14  Finished successfully:18
Progress: Sat, 20 Feb 2016 01:50:13+0100  Submitted:14  Finished successfully:18
Progress: Sat, 20 Feb 2016 01:50:43+0100  Submitted:14  Finished successfully:18
Progress: Sat, 20 Feb 2016 01:51:13+0100  Submitted:14  Finished successfully:18
Progress: Sat, 20 Feb 2016 01:51:43+0100  Submitted:14  Finished successfully:18
Progress: Sat, 20 Feb 2016 01:52:13+0100  Submitted:14  Finished successfully:18
Progress: Sat, 20 Feb 2016 01:52:43+0100  Submitted:14  Finished successfully:18
Progress: Sat, 20 Feb 2016 01:53:13+0100  Submitted:14  Finished successfully:18
Progress: Sat, 20 Feb 2016 01:53:43+0100  Submitted:14  Finished successfully:18
Progress: Sat, 20 Feb 2016 01:54:13+0100  Submitted:14  Finished successfully:18
Progress: Sat, 20 Feb 2016 01:54:43+0100  Submitted:14  Finished successfully:18
Progress: Sat, 20 Feb 2016 01:55:13+0100  Submitted:14  Finished successfully:18
Progress: Sat, 20 Feb 2016 01:55:43+0100  Submitted:14  Finished successfully:18
Progress: Sat, 20 Feb 2016 01:56:13+0100  Submitted:14  Finished successfully:18
Progress: Sat, 20 Feb 2016 01:56:43+0100  Submitted:14  Finished successfully:18
Progress: Sat, 20 Feb 2016 01:57:13+0100  Submitted:14  Finished successfully:18
Progress: Sat, 20 Feb 2016 01:57:43+0100  Submitted:14  Finished successfully:18
Progress: Sat, 20 Feb 2016 01:58:13+0100  Submitted:14  Finished successfully:18
Progress: Sat, 20 Feb 2016 01:58:43+0100  Submitted:14  Finished successfully:18
Progress: Sat, 20 Feb 2016 01:59:13+0100  Submitted:14  Finished successfully:18
Progress: Sat, 20 Feb 2016 01:59:43+0100  Submitted:14  Finished successfully:18
Progress: Sat, 20 Feb 2016 02:00:13+0100  Submitted:14  Finished successfully:18
Progress: Sat, 20 Feb 2016 02:00:43+0100  Submitted:14  Finished successfully:18
Progress: Sat, 20 Feb 2016 02:01:13+0100  Submitted:14  Finished successfully:18
Progress: Sat, 20 Feb 2016 02:01:43+0100  Submitted:14  Finished successfully:18
Progress: Sat, 20 Feb 2016 02:02:13+0100  Submitted:14  Finished successfully:18
Progress: Sat, 20 Feb 2016 02:02:43+0100  Submitted:14  Finished successfully:18
Progress: Sat, 20 Feb 2016 02:03:13+0100  Submitted:14  Finished successfully:18
Progress: Sat, 20 Feb 2016 02:03:43+0100  Submitted:14  Finished successfully:18
Progress: Sat, 20 Feb 2016 02:04:13+0100  Submitted:14  Finished successfully:18
Progress: Sat, 20 Feb 2016 02:04:43+0100  Submitted:14  Finished successfully:18
Progress: Sat, 20 Feb 2016 02:05:13+0100  Submitted:14  Finished successfully:18
Progress: Sat, 20 Feb 2016 02:05:43+0100  Submitted:14  Finished successfully:18
Progress: Sat, 20 Feb 2016 02:06:13+0100  Submitted:14  Finished successfully:18
Progress: Sat, 20 Feb 2016 02:06:43+0100  Submitted:14  Finished successfully:18
Progress: Sat, 20 Feb 2016 02:07:13+0100  Submitted:14  Finished successfully:18
Progress: Sat, 20 Feb 2016 02:07:43+0100  Submitted:14  Finished successfully:18
Progress: Sat, 20 Feb 2016 02:08:13+0100  Submitted:14  Finished successfully:18
Progress: Sat, 20 Feb 2016 02:08:43+0100  Submitted:14  Finished successfully:18
Progress: Sat, 20 Feb 2016 02:09:13+0100  Submitted:14  Finished successfully:18
Progress: Sat, 20 Feb 2016 02:09:43+0100  Submitted:14  Finished successfully:18
Progress: Sat, 20 Feb 2016 02:10:13+0100  Submitted:14  Finished successfully:18
Progress: Sat, 20 Feb 2016 02:10:43+0100  Submitted:14  Finished successfully:18
Progress: Sat, 20 Feb 2016 02:11:13+0100  Submitted:14  Finished successfully:18
Progress: Sat, 20 Feb 2016 02:11:43+0100  Submitted:14  Finished successfully:18
Progress: Sat, 20 Feb 2016 02:12:13+0100  Submitted:14  Finished successfully:18
Progress: Sat, 20 Feb 2016 02:12:43+0100  Submitted:14  Finished successfully:18
Progress: Sat, 20 Feb 2016 02:13:13+0100  Submitted:14  Finished successfully:18
Progress: Sat, 20 Feb 2016 02:13:43+0100  Submitted:14  Finished successfully:18
Progress: Sat, 20 Feb 2016 02:14:13+0100  Submitted:14  Finished successfully:18
Progress: Sat, 20 Feb 2016 02:14:43+0100  Submitted:14  Finished successfully:18
Progress: Sat, 20 Feb 2016 02:15:13+0100  Submitted:14  Finished successfully:18
Progress: Sat, 20 Feb 2016 02:15:43+0100  Submitted:14  Finished successfully:18
Progress: Sat, 20 Feb 2016 02:16:13+0100  Submitted:14  Finished successfully:18
Progress: Sat, 20 Feb 2016 02:16:43+0100  Submitted:14  Finished successfully:18
Progress: Sat, 20 Feb 2016 02:17:13+0100  Submitted:14  Finished successfully:18
Progress: Sat, 20 Feb 2016 02:17:43+0100  Submitted:14  Finished successfully:18
Progress: Sat, 20 Feb 2016 02:18:13+0100  Submitted:14  Finished successfully:18
Progress: Sat, 20 Feb 2016 02:18:43+0100  Submitted:14  Finished successfully:18
Progress: Sat, 20 Feb 2016 02:19:13+0100  Submitted:14  Finished successfully:18
Progress: Sat, 20 Feb 2016 02:19:43+0100  Submitted:14  Finished successfully:18
Progress: Sat, 20 Feb 2016 02:20:13+0100  Submitted:14  Finished successfully:18
Progress: Sat, 20 Feb 2016 02:20:43+0100  Submitted:14  Finished successfully:18
Progress: Sat, 20 Feb 2016 02:21:13+0100  Submitted:14  Finished successfully:18
Progress: Sat, 20 Feb 2016 02:21:43+0100  Submitted:14  Finished successfully:18
Progress: Sat, 20 Feb 2016 02:22:13+0100  Submitted:14  Finished successfully:18
Progress: Sat, 20 Feb 2016 02:22:43+0100  Submitted:14  Finished successfully:18
Progress: Sat, 20 Feb 2016 02:23:13+0100  Submitted:14  Finished successfully:18
Progress: Sat, 20 Feb 2016 02:23:43+0100  Submitted:14  Finished successfully:18
Progress: Sat, 20 Feb 2016 02:24:13+0100  Submitted:14  Finished successfully:18
Progress: Sat, 20 Feb 2016 02:24:43+0100  Submitted:14  Finished successfully:18
Progress: Sat, 20 Feb 2016 02:25:13+0100  Submitted:14  Finished successfully:18
Progress: Sat, 20 Feb 2016 02:25:43+0100  Submitted:14  Finished successfully:18
Progress: Sat, 20 Feb 2016 02:26:13+0100  Submitted:14  Finished successfully:18
Progress: Sat, 20 Feb 2016 02:26:43+0100  Submitted:14  Finished successfully:18
Progress: Sat, 20 Feb 2016 02:27:13+0100  Submitted:14  Finished successfully:18
Progress: Sat, 20 Feb 2016 02:27:43+0100  Submitted:14  Finished successfully:18
Progress: Sat, 20 Feb 2016 02:28:13+0100  Submitted:14  Finished successfully:18
Progress: Sat, 20 Feb 2016 02:28:43+0100  Submitted:14  Finished successfully:18
Progress: Sat, 20 Feb 2016 02:29:13+0100  Submitted:14  Finished successfully:18
Progress: Sat, 20 Feb 2016 02:29:43+0100  Submitted:14  Finished successfully:18
Progress: Sat, 20 Feb 2016 02:30:13+0100  Submitted:14  Finished successfully:18
Progress: Sat, 20 Feb 2016 02:30:43+0100  Submitted:14  Finished successfully:18
Progress: Sat, 20 Feb 2016 02:31:13+0100  Submitted:14  Finished successfully:18
Progress: Sat, 20 Feb 2016 02:31:43+0100  Submitted:14  Finished successfully:18
Progress: Sat, 20 Feb 2016 02:32:13+0100  Submitted:14  Finished successfully:18
Progress: Sat, 20 Feb 2016 02:32:43+0100  Submitted:14  Finished successfully:18
Progress: Sat, 20 Feb 2016 02:33:13+0100  Submitted:14  Finished successfully:18
Progress: Sat, 20 Feb 2016 02:33:43+0100  Submitted:14  Finished successfully:18
Progress: Sat, 20 Feb 2016 02:34:13+0100  Submitted:14  Finished successfully:18
Progress: Sat, 20 Feb 2016 02:34:43+0100  Submitted:14  Finished successfully:18
Progress: Sat, 20 Feb 2016 02:35:13+0100  Submitted:14  Finished successfully:18
Progress: Sat, 20 Feb 2016 02:35:43+0100  Submitted:14  Finished successfully:18
Progress: Sat, 20 Feb 2016 02:36:13+0100  Submitted:14  Finished successfully:18
Progress: Sat, 20 Feb 2016 02:36:43+0100  Submitted:14  Finished successfully:18
Progress: Sat, 20 Feb 2016 02:37:13+0100  Submitted:14  Finished successfully:18
Progress: Sat, 20 Feb 2016 02:37:43+0100  Submitted:14  Finished successfully:18
Progress: Sat, 20 Feb 2016 02:38:13+0100  Submitted:14  Finished successfully:18
Progress: Sat, 20 Feb 2016 02:38:43+0100  Submitted:14  Finished successfully:18
Progress: Sat, 20 Feb 2016 02:39:13+0100  Submitted:14  Finished successfully:18
Progress: Sat, 20 Feb 2016 02:39:43+0100  Submitted:14  Finished successfully:18
Progress: Sat, 20 Feb 2016 02:40:13+0100  Submitted:14  Finished successfully:18
Progress: Sat, 20 Feb 2016 02:40:43+0100  Submitted:14  Finished successfully:18
Progress: Sat, 20 Feb 2016 02:41:13+0100  Submitted:14  Finished successfully:18
Progress: Sat, 20 Feb 2016 02:41:43+0100  Submitted:14  Finished successfully:18
Progress: Sat, 20 Feb 2016 02:42:13+0100  Submitted:14  Finished successfully:18
Progress: Sat, 20 Feb 2016 02:42:43+0100  Submitted:14  Finished successfully:18
Progress: Sat, 20 Feb 2016 02:43:13+0100  Submitted:14  Finished successfully:18
Progress: Sat, 20 Feb 2016 02:43:43+0100  Submitted:14  Finished successfully:18
Progress: Sat, 20 Feb 2016 02:44:13+0100  Submitted:14  Finished successfully:18
Progress: Sat, 20 Feb 2016 02:44:43+0100  Submitted:14  Finished successfully:18
Progress: Sat, 20 Feb 2016 02:45:13+0100  Submitted:14  Finished successfully:18
Progress: Sat, 20 Feb 2016 02:45:43+0100  Submitted:14  Finished successfully:18
Progress: Sat, 20 Feb 2016 02:46:13+0100  Submitted:14  Finished successfully:18
Progress: Sat, 20 Feb 2016 02:46:43+0100  Submitted:14  Finished successfully:18
Progress: Sat, 20 Feb 2016 02:47:13+0100  Submitted:14  Finished successfully:18
Progress: Sat, 20 Feb 2016 02:47:43+0100  Submitted:14  Finished successfully:18
Progress: Sat, 20 Feb 2016 02:48:13+0100  Submitted:14  Finished successfully:18
Progress: Sat, 20 Feb 2016 02:48:43+0100  Submitted:14  Finished successfully:18
Progress: Sat, 20 Feb 2016 02:49:13+0100  Submitted:14  Finished successfully:18
Progress: Sat, 20 Feb 2016 02:49:44+0100  Submitted:14  Finished successfully:18
Progress: Sat, 20 Feb 2016 02:50:14+0100  Submitted:14  Finished successfully:18
Progress: Sat, 20 Feb 2016 02:50:44+0100  Submitted:14  Finished successfully:18
Progress: Sat, 20 Feb 2016 02:51:14+0100  Submitted:14  Finished successfully:18
Progress: Sat, 20 Feb 2016 02:51:44+0100  Submitted:14  Finished successfully:18
Progress: Sat, 20 Feb 2016 02:52:14+0100  Submitted:14  Finished successfully:18
Progress: Sat, 20 Feb 2016 02:52:44+0100  Submitted:14  Finished successfully:18
Progress: Sat, 20 Feb 2016 02:53:14+0100  Submitted:14  Finished successfully:18
Progress: Sat, 20 Feb 2016 02:53:44+0100  Submitted:14  Finished successfully:18
Progress: Sat, 20 Feb 2016 02:54:14+0100  Submitted:14  Finished successfully:18
Progress: Sat, 20 Feb 2016 02:54:44+0100  Submitted:14  Finished successfully:18
Progress: Sat, 20 Feb 2016 02:55:14+0100  Submitted:14  Finished successfully:18
Progress: Sat, 20 Feb 2016 02:55:44+0100  Submitted:14  Finished successfully:18
Progress: Sat, 20 Feb 2016 02:56:14+0100  Submitted:14  Finished successfully:18
Progress: Sat, 20 Feb 2016 02:56:44+0100  Submitted:14  Finished successfully:18
Progress: Sat, 20 Feb 2016 02:57:14+0100  Submitted:14  Finished successfully:18
Progress: Sat, 20 Feb 2016 02:57:44+0100  Submitted:14  Finished successfully:18
Progress: Sat, 20 Feb 2016 02:58:14+0100  Submitted:14  Finished successfully:18
Progress: Sat, 20 Feb 2016 02:58:44+0100  Submitted:14  Finished successfully:18
Progress: Sat, 20 Feb 2016 02:59:14+0100  Submitted:14  Finished successfully:18
Progress: Sat, 20 Feb 2016 02:59:44+0100  Submitted:14  Finished successfully:18
Progress: Sat, 20 Feb 2016 03:00:14+0100  Submitted:14  Finished successfully:18
Progress: Sat, 20 Feb 2016 03:00:44+0100  Submitted:14  Finished successfully:18
Progress: Sat, 20 Feb 2016 03:01:14+0100  Submitted:14  Finished successfully:18
Progress: Sat, 20 Feb 2016 03:01:44+0100  Submitted:14  Finished successfully:18
Progress: Sat, 20 Feb 2016 03:02:14+0100  Submitted:14  Finished successfully:18
Progress: Sat, 20 Feb 2016 03:02:44+0100  Submitted:14  Finished successfully:18
Progress: Sat, 20 Feb 2016 03:03:14+0100  Submitted:14  Finished successfully:18
Progress: Sat, 20 Feb 2016 03:03:44+0100  Submitted:14  Finished successfully:18
Progress: Sat, 20 Feb 2016 03:04:14+0100  Submitted:14  Finished successfully:18
Progress: Sat, 20 Feb 2016 03:04:44+0100  Submitted:14  Finished successfully:18
Progress: Sat, 20 Feb 2016 03:05:14+0100  Submitted:14  Finished successfully:18
Progress: Sat, 20 Feb 2016 03:05:44+0100  Submitted:14  Finished successfully:18
Progress: Sat, 20 Feb 2016 03:06:14+0100  Submitted:14  Finished successfully:18
Progress: Sat, 20 Feb 2016 03:06:44+0100  Submitted:14  Finished successfully:18
Progress: Sat, 20 Feb 2016 03:07:14+0100  Submitted:14  Finished successfully:18
Progress: Sat, 20 Feb 2016 03:07:44+0100  Submitted:14  Finished successfully:18
Progress: Sat, 20 Feb 2016 03:08:14+0100  Submitted:14  Finished successfully:18
Progress: Sat, 20 Feb 2016 03:08:44+0100  Submitted:14  Finished successfully:18
Progress: Sat, 20 Feb 2016 03:09:14+0100  Submitted:14  Finished successfully:18
Progress: Sat, 20 Feb 2016 03:09:44+0100  Submitted:14  Finished successfully:18
Progress: Sat, 20 Feb 2016 03:10:14+0100  Submitted:14  Finished successfully:18
Progress: Sat, 20 Feb 2016 03:10:44+0100  Submitted:14  Finished successfully:18
Progress: Sat, 20 Feb 2016 03:11:14+0100  Submitted:14  Finished successfully:18
Progress: Sat, 20 Feb 2016 03:11:44+0100  Submitted:14  Finished successfully:18
Progress: Sat, 20 Feb 2016 03:12:14+0100  Submitted:14  Finished successfully:18
Progress: Sat, 20 Feb 2016 03:12:44+0100  Submitted:14  Finished successfully:18
Progress: Sat, 20 Feb 2016 03:13:14+0100  Submitted:14  Finished successfully:18
Progress: Sat, 20 Feb 2016 03:13:44+0100  Submitted:14  Finished successfully:18
Progress: Sat, 20 Feb 2016 03:14:14+0100  Submitted:14  Finished successfully:18
Progress: Sat, 20 Feb 2016 03:14:44+0100  Submitted:14  Finished successfully:18
Progress: Sat, 20 Feb 2016 03:15:14+0100  Submitted:14  Finished successfully:18
Progress: Sat, 20 Feb 2016 03:15:44+0100  Submitted:14  Finished successfully:18
Progress: Sat, 20 Feb 2016 03:16:14+0100  Submitted:14  Finished successfully:18
Progress: Sat, 20 Feb 2016 03:16:44+0100  Submitted:14  Finished successfully:18
Progress: Sat, 20 Feb 2016 03:17:14+0100  Submitted:14  Finished successfully:18
Progress: Sat, 20 Feb 2016 03:17:44+0100  Submitted:14  Finished successfully:18
Progress: Sat, 20 Feb 2016 03:18:14+0100  Submitted:14  Finished successfully:18
Progress: Sat, 20 Feb 2016 03:18:44+0100  Submitted:14  Finished successfully:18
Progress: Sat, 20 Feb 2016 03:19:14+0100  Submitted:14  Finished successfully:18
Progress: Sat, 20 Feb 2016 03:19:44+0100  Submitted:14  Finished successfully:18
Progress: Sat, 20 Feb 2016 03:20:14+0100  Submitted:14  Finished successfully:18
Progress: Sat, 20 Feb 2016 03:20:44+0100  Submitted:14  Finished successfully:18
Progress: Sat, 20 Feb 2016 03:21:14+0100  Submitted:14  Finished successfully:18
Progress: Sat, 20 Feb 2016 03:21:44+0100  Submitted:14  Finished successfully:18
Progress: Sat, 20 Feb 2016 03:22:14+0100  Submitted:14  Finished successfully:18
Progress: Sat, 20 Feb 2016 03:22:44+0100  Submitted:14  Finished successfully:18
Progress: Sat, 20 Feb 2016 03:23:14+0100  Submitted:14  Finished successfully:18
Progress: Sat, 20 Feb 2016 03:23:44+0100  Submitted:14  Finished successfully:18
Progress: Sat, 20 Feb 2016 03:24:14+0100  Submitted:14  Finished successfully:18
Progress: Sat, 20 Feb 2016 03:24:44+0100  Submitted:14  Finished successfully:18
Progress: Sat, 20 Feb 2016 03:25:14+0100  Submitted:14  Finished successfully:18
Progress: Sat, 20 Feb 2016 03:25:44+0100  Submitted:14  Finished successfully:18
Progress: Sat, 20 Feb 2016 03:26:14+0100  Submitted:14  Finished successfully:18
Progress: Sat, 20 Feb 2016 03:26:44+0100  Submitted:14  Finished successfully:18
Progress: Sat, 20 Feb 2016 03:27:14+0100  Submitted:14  Finished successfully:18
Progress: Sat, 20 Feb 2016 03:27:44+0100  Submitted:14  Finished successfully:18
Progress: Sat, 20 Feb 2016 03:28:14+0100  Submitted:14  Finished successfully:18
Progress: Sat, 20 Feb 2016 03:28:44+0100  Submitted:14  Finished successfully:18
Progress: Sat, 20 Feb 2016 03:29:14+0100  Submitted:14  Finished successfully:18
Progress: Sat, 20 Feb 2016 03:29:44+0100  Submitted:14  Finished successfully:18
Progress: Sat, 20 Feb 2016 03:30:14+0100  Submitted:14  Finished successfully:18
Progress: Sat, 20 Feb 2016 03:30:44+0100  Submitted:14  Finished successfully:18
Progress: Sat, 20 Feb 2016 03:31:14+0100  Submitted:14  Finished successfully:18
Progress: Sat, 20 Feb 2016 03:31:44+0100  Submitted:14  Finished successfully:18
Progress: Sat, 20 Feb 2016 03:32:14+0100  Submitted:14  Finished successfully:18
Progress: Sat, 20 Feb 2016 03:32:44+0100  Submitted:14  Finished successfully:18
Progress: Sat, 20 Feb 2016 03:33:14+0100  Submitted:14  Finished successfully:18
Progress: Sat, 20 Feb 2016 03:33:44+0100  Submitted:14  Finished successfully:18
Progress: Sat, 20 Feb 2016 03:34:14+0100  Submitted:14  Finished successfully:18
Progress: Sat, 20 Feb 2016 03:34:44+0100  Submitted:14  Finished successfully:18
Progress: Sat, 20 Feb 2016 03:35:14+0100  Submitted:14  Finished successfully:18
Progress: Sat, 20 Feb 2016 03:35:44+0100  Submitted:14  Finished successfully:18
Progress: Sat, 20 Feb 2016 03:36:14+0100  Submitted:14  Finished successfully:18
Progress: Sat, 20 Feb 2016 03:36:44+0100  Submitted:14  Finished successfully:18
Progress: Sat, 20 Feb 2016 03:37:14+0100  Submitted:14  Finished successfully:18
Progress: Sat, 20 Feb 2016 03:37:44+0100  Submitted:14  Finished successfully:18
Progress: Sat, 20 Feb 2016 03:38:14+0100  Submitted:14  Finished successfully:18
Progress: Sat, 20 Feb 2016 03:38:44+0100  Submitted:14  Finished successfully:18
Progress: Sat, 20 Feb 2016 03:39:14+0100  Submitted:14  Finished successfully:18
Progress: Sat, 20 Feb 2016 03:39:44+0100  Submitted:14  Finished successfully:18
Progress: Sat, 20 Feb 2016 03:40:14+0100  Submitted:14  Finished successfully:18
Progress: Sat, 20 Feb 2016 03:40:44+0100  Submitted:14  Finished successfully:18
Progress: Sat, 20 Feb 2016 03:41:14+0100  Submitted:14  Finished successfully:18
Progress: Sat, 20 Feb 2016 03:41:44+0100  Submitted:14  Finished successfully:18
Progress: Sat, 20 Feb 2016 03:42:14+0100  Submitted:14  Finished successfully:18
Progress: Sat, 20 Feb 2016 03:42:44+0100  Submitted:14  Finished successfully:18
Progress: Sat, 20 Feb 2016 03:43:14+0100  Submitted:14  Finished successfully:18
Progress: Sat, 20 Feb 2016 03:43:44+0100  Submitted:14  Finished successfully:18
Progress: Sat, 20 Feb 2016 03:44:14+0100  Submitted:14  Finished successfully:18
Progress: Sat, 20 Feb 2016 03:44:44+0100  Submitted:14  Finished successfully:18
Progress: Sat, 20 Feb 2016 03:45:14+0100  Submitted:14  Finished successfully:18
Progress: Sat, 20 Feb 2016 03:45:44+0100  Submitted:14  Finished successfully:18
Progress: Sat, 20 Feb 2016 03:46:14+0100  Submitted:14  Finished successfully:18
Progress: Sat, 20 Feb 2016 03:46:44+0100  Submitted:14  Finished successfully:18
Progress: Sat, 20 Feb 2016 03:47:14+0100  Submitted:14  Finished successfully:18
Progress: Sat, 20 Feb 2016 03:47:44+0100  Submitted:14  Finished successfully:18
Progress: Sat, 20 Feb 2016 03:48:14+0100  Submitted:14  Finished successfully:18
Progress: Sat, 20 Feb 2016 03:48:44+0100  Submitted:14  Finished successfully:18
Progress: Sat, 20 Feb 2016 03:49:14+0100  Submitted:14  Finished successfully:18
Progress: Sat, 20 Feb 2016 03:49:44+0100  Submitted:14  Finished successfully:18
Progress: Sat, 20 Feb 2016 03:50:14+0100  Submitted:14  Finished successfully:18
Progress: Sat, 20 Feb 2016 03:50:44+0100  Submitted:14  Finished successfully:18
Progress: Sat, 20 Feb 2016 03:51:14+0100  Submitted:14  Finished successfully:18
Progress: Sat, 20 Feb 2016 03:51:44+0100  Submitted:14  Finished successfully:18
Progress: Sat, 20 Feb 2016 03:52:14+0100  Submitted:14  Finished successfully:18
Progress: Sat, 20 Feb 2016 03:52:44+0100  Submitted:14  Finished successfully:18
Progress: Sat, 20 Feb 2016 03:53:14+0100  Submitted:14  Finished successfully:18
Progress: Sat, 20 Feb 2016 03:53:44+0100  Submitted:14  Finished successfully:18
Progress: Sat, 20 Feb 2016 03:54:14+0100  Submitted:14  Finished successfully:18
Progress: Sat, 20 Feb 2016 03:54:44+0100  Submitted:14  Finished successfully:18
Progress: Sat, 20 Feb 2016 03:55:14+0100  Submitted:14  Finished successfully:18
Progress: Sat, 20 Feb 2016 03:55:44+0100  Submitted:14  Finished successfully:18
Progress: Sat, 20 Feb 2016 03:56:14+0100  Submitted:14  Finished successfully:18
Progress: Sat, 20 Feb 2016 03:56:44+0100  Submitted:14  Finished successfully:18
Progress: Sat, 20 Feb 2016 03:57:14+0100  Submitted:14  Finished successfully:18
Progress: Sat, 20 Feb 2016 03:57:44+0100  Submitted:14  Finished successfully:18
Progress: Sat, 20 Feb 2016 03:58:14+0100  Submitted:14  Finished successfully:18
Progress: Sat, 20 Feb 2016 03:58:44+0100  Submitted:14  Finished successfully:18
Progress: Sat, 20 Feb 2016 03:59:14+0100  Submitted:14  Finished successfully:18
Progress: Sat, 20 Feb 2016 03:59:44+0100  Submitted:14  Finished successfully:18
Progress: Sat, 20 Feb 2016 04:00:14+0100  Submitted:14  Finished successfully:18
Progress: Sat, 20 Feb 2016 04:00:44+0100  Submitted:14  Finished successfully:18
Progress: Sat, 20 Feb 2016 04:01:14+0100  Submitted:14  Finished successfully:18
Progress: Sat, 20 Feb 2016 04:01:44+0100  Submitted:14  Finished successfully:18
Progress: Sat, 20 Feb 2016 04:02:14+0100  Submitted:14  Finished successfully:18
Progress: Sat, 20 Feb 2016 04:02:44+0100  Submitted:14  Finished successfully:18
Progress: Sat, 20 Feb 2016 04:03:14+0100  Submitted:14  Finished successfully:18
Progress: Sat, 20 Feb 2016 04:03:44+0100  Submitted:14  Finished successfully:18
Progress: Sat, 20 Feb 2016 04:04:14+0100  Submitted:14  Finished successfully:18
Progress: Sat, 20 Feb 2016 04:04:44+0100  Submitted:14  Finished successfully:18
Progress: Sat, 20 Feb 2016 04:05:14+0100  Submitted:14  Finished successfully:18
Progress: Sat, 20 Feb 2016 04:05:44+0100  Submitted:14  Finished successfully:18
Progress: Sat, 20 Feb 2016 04:06:14+0100  Submitted:14  Finished successfully:18
Progress: Sat, 20 Feb 2016 04:06:44+0100  Submitted:14  Finished successfully:18
Progress: Sat, 20 Feb 2016 04:07:14+0100  Submitted:14  Finished successfully:18
Progress: Sat, 20 Feb 2016 04:07:44+0100  Submitted:14  Finished successfully:18
Progress: Sat, 20 Feb 2016 04:08:14+0100  Submitted:14  Finished successfully:18
Progress: Sat, 20 Feb 2016 04:08:44+0100  Submitted:14  Finished successfully:18
Progress: Sat, 20 Feb 2016 04:09:14+0100  Submitted:14  Finished successfully:18
Progress: Sat, 20 Feb 2016 04:09:44+0100  Submitted:14  Finished successfully:18
Progress: Sat, 20 Feb 2016 04:10:14+0100  Submitted:14  Finished successfully:18
Progress: Sat, 20 Feb 2016 04:10:44+0100  Submitted:14  Finished successfully:18
Progress: Sat, 20 Feb 2016 04:11:14+0100  Submitted:14  Finished successfully:18
Progress: Sat, 20 Feb 2016 04:11:44+0100  Submitted:14  Finished successfully:18
Progress: Sat, 20 Feb 2016 04:12:14+0100  Submitted:14  Finished successfully:18
Progress: Sat, 20 Feb 2016 04:12:44+0100  Submitted:14  Finished successfully:18
Progress: Sat, 20 Feb 2016 04:13:14+0100  Submitted:14  Finished successfully:18
Progress: Sat, 20 Feb 2016 04:13:44+0100  Submitted:14  Finished successfully:18
Progress: Sat, 20 Feb 2016 04:14:14+0100  Submitted:14  Finished successfully:18
Progress: Sat, 20 Feb 2016 04:14:44+0100  Submitted:14  Finished successfully:18
Progress: Sat, 20 Feb 2016 04:15:14+0100  Submitted:14  Finished successfully:18
Progress: Sat, 20 Feb 2016 04:15:44+0100  Submitted:14  Finished successfully:18
Progress: Sat, 20 Feb 2016 04:16:14+0100  Submitted:14  Finished successfully:18
Progress: Sat, 20 Feb 2016 04:16:44+0100  Submitted:14  Finished successfully:18
Progress: Sat, 20 Feb 2016 04:17:14+0100  Submitted:14  Finished successfully:18
Progress: Sat, 20 Feb 2016 04:17:44+0100  Submitted:14  Finished successfully:18
Progress: Sat, 20 Feb 2016 04:18:14+0100  Submitted:14  Finished successfully:18
Progress: Sat, 20 Feb 2016 04:18:44+0100  Submitted:14  Finished successfully:18
Progress: Sat, 20 Feb 2016 04:19:14+0100  Submitted:14  Finished successfully:18
Progress: Sat, 20 Feb 2016 04:19:44+0100  Submitted:14  Finished successfully:18
Progress: Sat, 20 Feb 2016 04:20:14+0100  Submitted:14  Finished successfully:18
Progress: Sat, 20 Feb 2016 04:20:44+0100  Submitted:14  Finished successfully:18
Progress: Sat, 20 Feb 2016 04:21:14+0100  Submitted:14  Finished successfully:18
Progress: Sat, 20 Feb 2016 04:21:44+0100  Submitted:14  Finished successfully:18
Progress: Sat, 20 Feb 2016 04:22:14+0100  Submitted:14  Finished successfully:18
Progress: Sat, 20 Feb 2016 04:22:44+0100  Submitted:14  Finished successfully:18
Progress: Sat, 20 Feb 2016 04:23:14+0100  Submitted:14  Finished successfully:18
Progress: Sat, 20 Feb 2016 04:23:44+0100  Submitted:14  Finished successfully:18
Progress: Sat, 20 Feb 2016 04:24:14+0100  Submitted:14  Finished successfully:18
Progress: Sat, 20 Feb 2016 04:24:44+0100  Submitted:14  Finished successfully:18
Progress: Sat, 20 Feb 2016 04:25:14+0100  Submitted:14  Finished successfully:18
Progress: Sat, 20 Feb 2016 04:25:44+0100  Submitted:14  Finished successfully:18
Progress: Sat, 20 Feb 2016 04:26:14+0100  Submitted:14  Finished successfully:18
Progress: Sat, 20 Feb 2016 04:26:44+0100  Submitted:14  Finished successfully:18
Progress: Sat, 20 Feb 2016 04:27:14+0100  Submitted:14  Finished successfully:18
Progress: Sat, 20 Feb 2016 04:27:44+0100  Submitted:14  Finished successfully:18
Progress: Sat, 20 Feb 2016 04:28:14+0100  Submitted:14  Finished successfully:18
Progress: Sat, 20 Feb 2016 04:28:44+0100  Submitted:14  Finished successfully:18
Progress: Sat, 20 Feb 2016 04:29:14+0100  Submitted:14  Finished successfully:18
Progress: Sat, 20 Feb 2016 04:29:44+0100  Submitted:14  Finished successfully:18
Progress: Sat, 20 Feb 2016 04:30:14+0100  Submitted:14  Finished successfully:18
Progress: Sat, 20 Feb 2016 04:30:44+0100  Submitted:14  Finished successfully:18
Progress: Sat, 20 Feb 2016 04:31:14+0100  Submitted:14  Finished successfully:18
Progress: Sat, 20 Feb 2016 04:31:44+0100  Submitted:14  Finished successfully:18
Progress: Sat, 20 Feb 2016 04:32:14+0100  Submitted:14  Finished successfully:18
Progress: Sat, 20 Feb 2016 04:32:44+0100  Submitted:14  Finished successfully:18
Progress: Sat, 20 Feb 2016 04:33:14+0100  Submitted:14  Finished successfully:18
Progress: Sat, 20 Feb 2016 04:33:44+0100  Submitted:14  Finished successfully:18
Progress: Sat, 20 Feb 2016 04:34:14+0100  Submitted:14  Finished successfully:18
Progress: Sat, 20 Feb 2016 04:34:44+0100  Submitted:14  Finished successfully:18
Progress: Sat, 20 Feb 2016 04:35:14+0100  Submitted:14  Finished successfully:18
Progress: Sat, 20 Feb 2016 04:35:44+0100  Submitted:14  Finished successfully:18
Progress: Sat, 20 Feb 2016 04:36:14+0100  Submitted:14  Finished successfully:18
Progress: Sat, 20 Feb 2016 04:36:44+0100  Submitted:14  Finished successfully:18
Progress: Sat, 20 Feb 2016 04:37:14+0100  Submitted:14  Finished successfully:18
Progress: Sat, 20 Feb 2016 04:37:44+0100  Submitted:14  Finished successfully:18
Progress: Sat, 20 Feb 2016 04:38:14+0100  Submitted:14  Finished successfully:18
Progress: Sat, 20 Feb 2016 04:38:44+0100  Submitted:14  Finished successfully:18
Progress: Sat, 20 Feb 2016 04:39:14+0100  Submitted:14  Finished successfully:18
Progress: Sat, 20 Feb 2016 04:39:44+0100  Submitted:14  Finished successfully:18
Progress: Sat, 20 Feb 2016 04:40:14+0100  Submitted:14  Finished successfully:18
Progress: Sat, 20 Feb 2016 04:40:44+0100  Submitted:14  Finished successfully:18
Progress: Sat, 20 Feb 2016 04:41:14+0100  Submitted:14  Finished successfully:18
Progress: Sat, 20 Feb 2016 04:41:44+0100  Submitted:14  Finished successfully:18
Progress: Sat, 20 Feb 2016 04:42:14+0100  Submitted:14  Finished successfully:18
Progress: Sat, 20 Feb 2016 04:42:44+0100  Submitted:14  Finished successfully:18
Progress: Sat, 20 Feb 2016 04:43:14+0100  Submitted:14  Finished successfully:18
Progress: Sat, 20 Feb 2016 04:43:44+0100  Submitted:14  Finished successfully:18
Progress: Sat, 20 Feb 2016 04:44:14+0100  Submitted:14  Finished successfully:18
Progress: Sat, 20 Feb 2016 04:44:44+0100  Submitted:14  Finished successfully:18
Progress: Sat, 20 Feb 2016 04:45:14+0100  Submitted:14  Finished successfully:18
Progress: Sat, 20 Feb 2016 04:45:44+0100  Submitted:14  Finished successfully:18
Progress: Sat, 20 Feb 2016 04:46:14+0100  Submitted:14  Finished successfully:18
Progress: Sat, 20 Feb 2016 04:46:44+0100  Submitted:14  Finished successfully:18
Progress: Sat, 20 Feb 2016 04:47:14+0100  Submitted:14  Finished successfully:18
Progress: Sat, 20 Feb 2016 04:47:44+0100  Submitted:14  Finished successfully:18
Progress: Sat, 20 Feb 2016 04:48:14+0100  Submitted:14  Finished successfully:18
Progress: Sat, 20 Feb 2016 04:48:44+0100  Submitted:14  Finished successfully:18
Progress: Sat, 20 Feb 2016 04:49:14+0100  Submitted:14  Finished successfully:18
Progress: Sat, 20 Feb 2016 04:49:44+0100  Submitted:14  Finished successfully:18
Progress: Sat, 20 Feb 2016 04:50:14+0100  Submitted:14  Finished successfully:18
Progress: Sat, 20 Feb 2016 04:50:44+0100  Submitted:14  Finished successfully:18
Progress: Sat, 20 Feb 2016 04:51:14+0100  Submitted:14  Finished successfully:18
Progress: Sat, 20 Feb 2016 04:51:44+0100  Submitted:14  Finished successfully:18
Progress: Sat, 20 Feb 2016 04:52:14+0100  Submitted:14  Finished successfully:18
Progress: Sat, 20 Feb 2016 04:52:24+0100  Active:14  Finished successfully:18
Progress: Sat, 20 Feb 2016 04:52:54+0100  Active:14  Finished successfully:18
Progress: Sat, 20 Feb 2016 04:53:24+0100  Active:14  Finished successfully:18
Progress: Sat, 20 Feb 2016 04:53:54+0100  Active:14  Finished successfully:18
Progress: Sat, 20 Feb 2016 04:54:24+0100  Active:14  Finished successfully:18
Progress: Sat, 20 Feb 2016 04:54:54+0100  Active:14  Finished successfully:18
Progress: Sat, 20 Feb 2016 04:55:24+0100  Active:14  Finished successfully:18
Progress: Sat, 20 Feb 2016 04:55:54+0100  Active:14  Finished successfully:18
Progress: Sat, 20 Feb 2016 04:56:24+0100  Active:14  Finished successfully:18
Progress: Sat, 20 Feb 2016 04:56:54+0100  Active:14  Finished successfully:18
Progress: Sat, 20 Feb 2016 04:57:24+0100  Active:14  Finished successfully:18
Progress: Sat, 20 Feb 2016 04:57:54+0100  Active:14  Finished successfully:18
Progress: Sat, 20 Feb 2016 04:58:24+0100  Active:14  Finished successfully:18
Progress: Sat, 20 Feb 2016 04:58:54+0100  Active:14  Finished successfully:18
Progress: Sat, 20 Feb 2016 04:59:24+0100  Active:14  Finished successfully:18
Progress: Sat, 20 Feb 2016 04:59:54+0100  Active:14  Finished successfully:18
Progress: Sat, 20 Feb 2016 05:00:24+0100  Active:14  Finished successfully:18
Progress: Sat, 20 Feb 2016 05:00:54+0100  Active:14  Finished successfully:18
Progress: Sat, 20 Feb 2016 05:01:24+0100  Active:14  Finished successfully:18
Progress: Sat, 20 Feb 2016 05:01:54+0100  Active:14  Finished successfully:18
Progress: Sat, 20 Feb 2016 05:02:24+0100  Active:14  Finished successfully:18
Progress: Sat, 20 Feb 2016 05:02:54+0100  Active:14  Finished successfully:18
Progress: Sat, 20 Feb 2016 05:03:24+0100  Active:14  Finished successfully:18
Progress: Sat, 20 Feb 2016 05:03:54+0100  Active:14  Finished successfully:18
Progress: Sat, 20 Feb 2016 05:04:24+0100  Active:14  Finished successfully:18
Progress: Sat, 20 Feb 2016 05:04:54+0100  Active:14  Finished successfully:18
Progress: Sat, 20 Feb 2016 05:05:24+0100  Active:14  Finished successfully:18
Progress: Sat, 20 Feb 2016 05:05:54+0100  Active:14  Finished successfully:18
Progress: Sat, 20 Feb 2016 05:06:24+0100  Active:14  Finished successfully:18
Progress: Sat, 20 Feb 2016 05:06:54+0100  Active:14  Finished successfully:18
Progress: Sat, 20 Feb 2016 05:07:24+0100  Finished successfully:32
Final status: Sat, 20 Feb 2016 05:07:24+0100  Finished successfully:32
