Swift 0.96.2 git-rev: b9611649002eecd640fc6c58bbb88cb35ce03539 heads/release-0.96-swift 6287 (modified locally)
RunID: run035
Progress: Mon, 07 Dec 2015 15:28:16+0000
Progress: Mon, 07 Dec 2015 15:28:17+0000  Submitting:2048
Progress: Mon, 07 Dec 2015 15:28:33+0000  Submitting:2032  Submitted:16
Progress: Mon, 07 Dec 2015 15:28:43+0000  Submitting:1336  Submitted:712
Progress: Mon, 07 Dec 2015 15:28:44+0000  Submitted:2048
Progress: Mon, 07 Dec 2015 15:28:57+0000  Submitted:2032  Active:16
Progress: Mon, 07 Dec 2015 15:29:06+0000  Stage in:15  Submitted:2016  Active:17
Progress: Mon, 07 Dec 2015 15:29:07+0000  Submitted:2016  Active:32
Progress: Mon, 07 Dec 2015 15:29:10+0000  Stage in:24  Submitted:1968  Active:56
Progress: Mon, 07 Dec 2015 15:29:11+0000  Submitted:1968  Active:80
Progress: Mon, 07 Dec 2015 15:29:15+0000  Stage in:16  Submitted:1952  Active:80
Progress: Mon, 07 Dec 2015 15:29:16+0000  Submitted:1952  Active:96
Progress: Mon, 07 Dec 2015 15:29:18+0000  Stage in:10  Submitted:1926  Active:112
Progress: Mon, 07 Dec 2015 15:29:19+0000  Submitted:1904  Active:144
Progress: Mon, 07 Dec 2015 15:29:30+0000  Submitted:1840  Active:208
Progress: Mon, 07 Dec 2015 15:29:41+0000  Submitted:1776  Active:272
Progress: Mon, 07 Dec 2015 15:30:03+0000  Submitted:1760  Active:288
Progress: Mon, 07 Dec 2015 15:30:09+0000  Stage in:6  Submitted:1754  Active:288
Progress: Mon, 07 Dec 2015 15:30:10+0000  Submitted:1712  Active:336
Progress: Mon, 07 Dec 2015 15:30:15+0000  Submitted:1696  Active:352
Progress: Mon, 07 Dec 2015 15:30:16+0000  Submitted:1664  Active:384
Progress: Mon, 07 Dec 2015 15:30:35+0000  Stage in:16  Submitted:1632  Active:400
Progress: Mon, 07 Dec 2015 15:30:36+0000  Submitted:1600  Active:448
Progress: Mon, 07 Dec 2015 15:30:55+0000  Submitted:1568  Active:480
Progress: Mon, 07 Dec 2015 15:30:56+0000  Submitted:1552  Active:496
Progress: Mon, 07 Dec 2015 15:31:00+0000  Submitted:1536  Active:512
Progress: Mon, 07 Dec 2015 15:31:14+0000  Stage in:4  Submitted:1504  Active:540
Progress: Mon, 07 Dec 2015 15:31:15+0000  Submitted:1488  Active:560
Progress: Mon, 07 Dec 2015 15:31:33+0000  Submitted:1472  Active:576
Progress: Mon, 07 Dec 2015 15:31:35+0000  Submitted:1440  Active:608
Progress: Mon, 07 Dec 2015 15:31:36+0000  Submitted:1424  Active:624
Progress: Mon, 07 Dec 2015 15:31:59+0000  Submitted:1408  Active:640
Progress: Mon, 07 Dec 2015 15:32:29+0000  Submitted:1408  Active:640
Progress: Mon, 07 Dec 2015 15:32:59+0000  Submitted:1408  Active:640
Progress: Mon, 07 Dec 2015 15:33:29+0000  Submitted:1408  Active:640
Progress: Mon, 07 Dec 2015 15:33:59+0000  Submitted:1408  Active:640
Progress: Mon, 07 Dec 2015 15:34:29+0000  Submitted:1408  Active:640
Progress: Mon, 07 Dec 2015 15:34:59+0000  Submitted:1408  Active:640
Progress: Mon, 07 Dec 2015 15:35:29+0000  Submitted:1408  Active:640
Progress: Mon, 07 Dec 2015 15:35:59+0000  Submitted:1408  Active:640
Progress: Mon, 07 Dec 2015 15:36:29+0000  Submitted:1408  Active:640
Progress: Mon, 07 Dec 2015 15:36:59+0000  Submitted:1408  Active:640
Progress: Mon, 07 Dec 2015 15:37:29+0000  Submitted:1408  Active:640
Progress: Mon, 07 Dec 2015 15:37:59+0000  Submitted:1408  Active:640
Progress: Mon, 07 Dec 2015 15:38:29+0000  Submitted:1408  Active:640
Progress: Mon, 07 Dec 2015 15:38:59+0000  Submitted:1408  Active:640
Progress: Mon, 07 Dec 2015 15:39:29+0000  Submitted:1408  Active:640
Progress: Mon, 07 Dec 2015 15:39:59+0000  Submitted:1408  Active:640
Progress: Mon, 07 Dec 2015 15:40:29+0000  Submitted:1408  Active:640
Progress: Mon, 07 Dec 2015 15:40:59+0000  Submitted:1408  Active:640
Progress: Mon, 07 Dec 2015 15:41:29+0000  Submitted:1408  Active:640
Progress: Mon, 07 Dec 2015 15:41:59+0000  Submitted:1408  Active:640
Progress: Mon, 07 Dec 2015 15:42:29+0000  Submitted:1408  Active:640
Progress: Mon, 07 Dec 2015 15:42:59+0000  Submitted:1408  Active:640
Progress: Mon, 07 Dec 2015 15:43:29+0000  Submitted:1408  Active:640
Progress: Mon, 07 Dec 2015 15:43:57+0000  Submitted:1408  Active:624  Stage out:1  Finished successfully:15
Progress: Mon, 07 Dec 2015 15:43:58+0000  Submitted:1408  Active:624  Finished successfully:16
Progress: Mon, 07 Dec 2015 15:44:06+0000  Submitted:1408  Active:608  Stage out:14  Finished successfully:18
Progress: Mon, 07 Dec 2015 15:44:07+0000  Submitted:1408  Active:608  Finished successfully:32
Progress: Mon, 07 Dec 2015 15:44:10+0000  Submitted:1408  Active:570  Stage out:15  Finished successfully:55
Progress: Mon, 07 Dec 2015 15:44:11+0000  Submitted:1408  Active:560  Finished successfully:80
Progress: Mon, 07 Dec 2015 15:44:15+0000  Submitted:1408  Active:554  Stage out:6  Finished successfully:80
Progress: Mon, 07 Dec 2015 15:44:16+0000  Submitted:1408  Active:544  Finished successfully:96
Progress: Mon, 07 Dec 2015 15:44:18+0000  Submitted:1408  Active:517  Stage out:10  Finished successfully:113
Progress: Mon, 07 Dec 2015 15:44:19+0000  Submitted:1408  Active:496  Finished successfully:144
Progress: Mon, 07 Dec 2015 15:44:30+0000  Submitted:1408  Active:432  Finished successfully:208
Progress: Mon, 07 Dec 2015 15:44:41+0000  Submitted:1408  Active:368  Stage out:1  Finished successfully:271
Progress: Mon, 07 Dec 2015 15:44:42+0000  Submitted:1408  Active:368  Finished successfully:272
Progress: Mon, 07 Dec 2015 15:45:03+0000  Submitted:1408  Active:352  Finished successfully:288
Progress: Mon, 07 Dec 2015 15:45:09+0000  Submitted:1408  Active:351  Stage out:1  Finished successfully:288
Progress: Mon, 07 Dec 2015 15:45:10+0000  Submitted:1408  Active:304  Finished successfully:336
Progress: Mon, 07 Dec 2015 15:45:15+0000  Submitted:1408  Active:288  Finished successfully:352
Progress: Mon, 07 Dec 2015 15:45:16+0000  Submitted:1408  Active:256  Finished successfully:384
Progress: Mon, 07 Dec 2015 15:45:35+0000  Submitted:1408  Active:224  Stage out:4  Finished successfully:412
Progress: Mon, 07 Dec 2015 15:45:36+0000  Submitted:1408  Active:192  Finished successfully:448
Progress: Mon, 07 Dec 2015 15:45:55+0000  Submitted:1408  Active:160  Finished successfully:480
Progress: Mon, 07 Dec 2015 15:45:56+0000  Submitted:1408  Active:144  Finished successfully:496
Progress: Mon, 07 Dec 2015 15:46:00+0000  Submitted:1408  Active:128  Finished successfully:512
Progress: Mon, 07 Dec 2015 15:46:14+0000  Submitted:1408  Active:96  Finished successfully:544
Progress: Mon, 07 Dec 2015 15:46:15+0000  Submitted:1408  Active:80  Finished successfully:560
Progress: Mon, 07 Dec 2015 15:46:30+0000  Submitted:1392  Active:96  Finished successfully:560
Progress: Mon, 07 Dec 2015 15:46:33+0000  Submitted:1392  Active:80  Finished successfully:576
Progress: Mon, 07 Dec 2015 15:46:35+0000  Submitted:1392  Active:48  Finished successfully:608
Progress: Mon, 07 Dec 2015 15:46:36+0000  Submitted:1392  Active:32  Finished successfully:624
Progress: Mon, 07 Dec 2015 15:46:39+0000  Submitted:1360  Active:64  Finished successfully:624
Progress: Mon, 07 Dec 2015 15:46:52+0000  Submitted:1344  Active:80  Finished successfully:624
Progress: Mon, 07 Dec 2015 15:46:55+0000  Submitted:1296  Active:128  Finished successfully:624
Progress: Mon, 07 Dec 2015 15:46:59+0000  Submitted:1296  Active:112  Finished successfully:640
Progress: Mon, 07 Dec 2015 15:47:17+0000  Submitted:1280  Active:128  Finished successfully:640
Progress: Mon, 07 Dec 2015 15:47:20+0000  Submitted:1232  Active:176  Finished successfully:640
Progress: Mon, 07 Dec 2015 15:47:36+0000  Stage in:27  Submitted:1168  Active:213  Finished successfully:640
Progress: Mon, 07 Dec 2015 15:47:37+0000  Submitted:1168  Active:240  Finished successfully:640
Progress: Mon, 07 Dec 2015 15:47:52+0000  Stage in:29  Submitted:1136  Active:243  Finished successfully:640
Progress: Mon, 07 Dec 2015 15:47:53+0000  Submitted:1136  Active:272  Finished successfully:640
Progress: Mon, 07 Dec 2015 15:48:23+0000  Submitted:1136  Active:272  Finished successfully:640
Progress: Mon, 07 Dec 2015 15:48:37+0000  Submitted:1120  Active:288  Finished successfully:640
Progress: Mon, 07 Dec 2015 15:48:51+0000  Stage in:4  Submitted:1104  Active:300  Finished successfully:640
Progress: Mon, 07 Dec 2015 15:48:52+0000  Submitted:1104  Active:304  Finished successfully:640
Progress: Mon, 07 Dec 2015 15:49:01+0000  Submitted:1088  Active:320  Finished successfully:640
Progress: Mon, 07 Dec 2015 15:49:11+0000  Stage in:20  Submitted:1056  Active:332  Finished successfully:640
Progress: Mon, 07 Dec 2015 15:49:12+0000  Submitted:1056  Active:352  Finished successfully:640
Progress: Mon, 07 Dec 2015 15:49:20+0000  Submitted:1040  Active:368  Finished successfully:640
Progress: Mon, 07 Dec 2015 15:49:21+0000  Submitted:1024  Active:384  Finished successfully:640
Progress: Mon, 07 Dec 2015 15:49:26+0000  Stage in:5  Submitted:1008  Active:395  Finished successfully:640
Progress: Mon, 07 Dec 2015 15:49:27+0000  Submitted:1008  Active:400  Finished successfully:640
Progress: Mon, 07 Dec 2015 15:49:38+0000  Submitted:992  Active:416  Finished successfully:640
Progress: Mon, 07 Dec 2015 15:49:58+0000  Stage in:16  Submitted:944  Active:448  Finished successfully:640
Progress: Mon, 07 Dec 2015 15:49:59+0000  Submitted:944  Active:464  Finished successfully:640
Progress: Mon, 07 Dec 2015 15:50:03+0000  Submitted:928  Active:480  Finished successfully:640
Progress: Mon, 07 Dec 2015 15:50:16+0000  Submitted:880  Active:528  Finished successfully:640
Progress: Mon, 07 Dec 2015 15:50:21+0000  Submitted:864  Active:544  Finished successfully:640
Progress: Mon, 07 Dec 2015 15:50:34+0000  Submitted:848  Active:560  Finished successfully:640
Progress: Mon, 07 Dec 2015 15:50:39+0000  Submitted:832  Active:576  Finished successfully:640
Progress: Mon, 07 Dec 2015 15:50:42+0000  Submitted:816  Active:592  Finished successfully:640
Progress: Mon, 07 Dec 2015 15:51:12+0000  Submitted:816  Active:592  Finished successfully:640
Progress: Mon, 07 Dec 2015 15:51:42+0000  Submitted:816  Active:592  Finished successfully:640
Progress: Mon, 07 Dec 2015 15:52:12+0000  Submitted:816  Active:592  Finished successfully:640
Progress: Mon, 07 Dec 2015 15:52:42+0000  Submitted:816  Active:592  Finished successfully:640
Progress: Mon, 07 Dec 2015 15:53:12+0000  Submitted:816  Active:592  Finished successfully:640
Progress: Mon, 07 Dec 2015 15:53:42+0000  Submitted:816  Active:592  Finished successfully:640
Progress: Mon, 07 Dec 2015 15:54:12+0000  Submitted:816  Active:592  Finished successfully:640
Progress: Mon, 07 Dec 2015 15:54:42+0000  Submitted:816  Active:592  Finished successfully:640
Progress: Mon, 07 Dec 2015 15:55:12+0000  Submitted:816  Active:592  Finished successfully:640
Progress: Mon, 07 Dec 2015 15:55:42+0000  Submitted:816  Active:592  Finished successfully:640
Progress: Mon, 07 Dec 2015 15:56:12+0000  Submitted:816  Active:592  Finished successfully:640
Progress: Mon, 07 Dec 2015 15:56:42+0000  Submitted:816  Active:592  Finished successfully:640
Progress: Mon, 07 Dec 2015 15:57:12+0000  Submitted:816  Active:592  Finished successfully:640
Progress: Mon, 07 Dec 2015 15:57:42+0000  Submitted:816  Active:592  Finished successfully:640
Progress: Mon, 07 Dec 2015 15:58:12+0000  Submitted:816  Active:592  Finished successfully:640
Progress: Mon, 07 Dec 2015 15:58:42+0000  Submitted:816  Active:592  Finished successfully:640
Progress: Mon, 07 Dec 2015 15:59:12+0000  Submitted:816  Active:592  Finished successfully:640
Progress: Mon, 07 Dec 2015 15:59:42+0000  Submitted:816  Active:592  Finished successfully:640
Progress: Mon, 07 Dec 2015 16:00:12+0000  Submitted:816  Active:592  Finished successfully:640
Progress: Mon, 07 Dec 2015 16:00:42+0000  Submitted:816  Active:592  Finished successfully:640
Progress: Mon, 07 Dec 2015 16:01:12+0000  Submitted:816  Active:592  Finished successfully:640
Progress: Mon, 07 Dec 2015 16:01:29+0000  Submitted:816  Active:591  Stage out:1  Finished successfully:640
Progress: Mon, 07 Dec 2015 16:01:30+0000  Submitted:816  Active:576  Finished successfully:656
Progress: Mon, 07 Dec 2015 16:01:39+0000  Submitted:816  Active:544  Finished successfully:688
Progress: Mon, 07 Dec 2015 16:01:52+0000  Submitted:816  Active:528  Finished successfully:704
Progress: Mon, 07 Dec 2015 16:01:55+0000  Submitted:816  Active:480  Finished successfully:752
Progress: Mon, 07 Dec 2015 16:02:17+0000  Submitted:816  Active:464  Finished successfully:768
Progress: Mon, 07 Dec 2015 16:02:20+0000  Submitted:816  Active:416  Finished successfully:816
Progress: Mon, 07 Dec 2015 16:02:36+0000  Submitted:816  Active:367  Stage out:33  Finished successfully:832
Progress: Mon, 07 Dec 2015 16:02:37+0000  Submitted:816  Active:352  Finished successfully:880
Progress: Mon, 07 Dec 2015 16:02:52+0000  Submitted:816  Active:338  Stage out:10  Finished successfully:884
Progress: Mon, 07 Dec 2015 16:02:53+0000  Submitted:816  Active:320  Finished successfully:912
Progress: Mon, 07 Dec 2015 16:03:23+0000  Submitted:816  Active:320  Finished successfully:912
Progress: Mon, 07 Dec 2015 16:03:36+0000  Submitted:816  Active:313  Stage out:7  Finished successfully:912
Progress: Mon, 07 Dec 2015 16:03:37+0000  Submitted:816  Active:304  Finished successfully:928
Progress: Mon, 07 Dec 2015 16:03:51+0000  Submitted:816  Active:288  Finished successfully:944
Progress: Mon, 07 Dec 2015 16:04:01+0000  Submitted:816  Active:272  Finished successfully:960
Progress: Mon, 07 Dec 2015 16:04:05+0000  Stage in:15  Submitted:800  Active:273  Finished successfully:960
Progress: Mon, 07 Dec 2015 16:04:06+0000  Submitted:800  Active:288  Finished successfully:960
Progress: Mon, 07 Dec 2015 16:04:11+0000  Submitted:800  Active:256  Finished successfully:992
Progress: Mon, 07 Dec 2015 16:04:20+0000  Submitted:784  Active:246  Stage out:10  Finished successfully:1008
Progress: Mon, 07 Dec 2015 16:04:21+0000  Submitted:784  Active:240  Finished successfully:1024
Progress: Mon, 07 Dec 2015 16:04:23+0000  Submitted:768  Active:256  Finished successfully:1024
Progress: Mon, 07 Dec 2015 16:04:26+0000  Submitted:768  Active:240  Finished successfully:1040
Progress: Mon, 07 Dec 2015 16:04:36+0000  Submitted:752  Active:256  Finished successfully:1040
Progress: Mon, 07 Dec 2015 16:04:38+0000  Submitted:752  Active:240  Finished successfully:1056
Progress: Mon, 07 Dec 2015 16:04:53+0000  Submitted:704  Active:288  Finished successfully:1056
Progress: Mon, 07 Dec 2015 16:04:57+0000  Submitted:704  Active:286  Stage out:2  Finished successfully:1056
Progress: Mon, 07 Dec 2015 16:04:58+0000  Submitted:704  Active:240  Stage out:1  Finished successfully:1103
Progress: Mon, 07 Dec 2015 16:04:59+0000  Submitted:704  Active:240  Finished successfully:1104
Progress: Mon, 07 Dec 2015 16:05:03+0000  Submitted:704  Active:224  Finished successfully:1120
Progress: Mon, 07 Dec 2015 16:05:09+0000  Submitted:640  Active:288  Finished successfully:1120
Progress: Mon, 07 Dec 2015 16:05:16+0000  Submitted:640  Active:240  Finished successfully:1168
Progress: Mon, 07 Dec 2015 16:05:21+0000  Submitted:640  Active:224  Finished successfully:1184
Progress: Mon, 07 Dec 2015 16:05:25+0000  Stage in:12  Submitted:628  Active:224  Finished successfully:1184
Progress: Mon, 07 Dec 2015 16:05:26+0000  Submitted:592  Active:272  Finished successfully:1184
Progress: Mon, 07 Dec 2015 16:05:29+0000  Submitted:576  Active:288  Finished successfully:1184
Progress: Mon, 07 Dec 2015 16:05:34+0000  Submitted:576  Active:272  Finished successfully:1200
Progress: Mon, 07 Dec 2015 16:05:39+0000  Stage in:38  Submitted:528  Active:266  Finished successfully:1216
Progress: Mon, 07 Dec 2015 16:05:40+0000  Submitted:528  Active:304  Finished successfully:1216
Progress: Mon, 07 Dec 2015 16:05:42+0000  Submitted:528  Active:288  Finished successfully:1232
Progress: Mon, 07 Dec 2015 16:06:12+0000  Submitted:528  Active:288  Finished successfully:1232
Progress: Mon, 07 Dec 2015 16:06:42+0000  Submitted:528  Active:288  Finished successfully:1232
Progress: Mon, 07 Dec 2015 16:07:12+0000  Submitted:528  Active:288  Finished successfully:1232
Progress: Mon, 07 Dec 2015 16:07:15+0000  Submitted:512  Active:304  Finished successfully:1232
Progress: Mon, 07 Dec 2015 16:07:32+0000  Submitted:496  Active:320  Finished successfully:1232
Progress: Mon, 07 Dec 2015 16:07:51+0000  Submitted:464  Active:352  Finished successfully:1232
Progress: Mon, 07 Dec 2015 16:07:52+0000  Submitted:448  Active:368  Finished successfully:1232
Progress: Mon, 07 Dec 2015 16:08:11+0000  Submitted:400  Active:416  Finished successfully:1232
Progress: Mon, 07 Dec 2015 16:08:26+0000  Submitted:384  Active:432  Finished successfully:1232
Progress: Mon, 07 Dec 2015 16:08:37+0000  Submitted:352  Active:464  Finished successfully:1232
Progress: Mon, 07 Dec 2015 16:08:49+0000  Submitted:336  Active:480  Finished successfully:1232
Progress: Mon, 07 Dec 2015 16:08:57+0000  Stage in:8  Submitted:320  Active:488  Finished successfully:1232
Progress: Mon, 07 Dec 2015 16:08:58+0000  Stage in:16  Submitted:304  Active:496  Finished successfully:1232
Progress: Mon, 07 Dec 2015 16:08:59+0000  Submitted:304  Active:512  Finished successfully:1232
Progress: Mon, 07 Dec 2015 16:09:17+0000  Stage in:4  Submitted:272  Active:540  Finished successfully:1232
Progress: Mon, 07 Dec 2015 16:09:18+0000  Submitted:272  Active:544  Finished successfully:1232
Progress: Mon, 07 Dec 2015 16:09:20+0000  Submitted:256  Active:560  Finished successfully:1232
Progress: Mon, 07 Dec 2015 16:09:24+0000  Submitted:224  Active:592  Finished successfully:1232
Progress: Mon, 07 Dec 2015 16:09:35+0000  Submitted:208  Active:608  Finished successfully:1232
Progress: Mon, 07 Dec 2015 16:09:39+0000  Submitted:192  Active:624  Finished successfully:1232
Progress: Mon, 07 Dec 2015 16:10:09+0000  Submitted:192  Active:624  Finished successfully:1232
Progress: Mon, 07 Dec 2015 16:10:39+0000  Submitted:192  Active:624  Finished successfully:1232
Progress: Mon, 07 Dec 2015 16:11:09+0000  Submitted:192  Active:624  Finished successfully:1232
Progress: Mon, 07 Dec 2015 16:11:39+0000  Submitted:192  Active:624  Finished successfully:1232
Progress: Mon, 07 Dec 2015 16:12:09+0000  Submitted:192  Active:624  Finished successfully:1232
Progress: Mon, 07 Dec 2015 16:12:39+0000  Submitted:192  Active:624  Finished successfully:1232
Progress: Mon, 07 Dec 2015 16:13:09+0000  Submitted:192  Active:624  Finished successfully:1232
Progress: Mon, 07 Dec 2015 16:13:39+0000  Submitted:192  Active:624  Finished successfully:1232
Progress: Mon, 07 Dec 2015 16:14:09+0000  Submitted:192  Active:624  Finished successfully:1232
Progress: Mon, 07 Dec 2015 16:14:39+0000  Submitted:192  Active:624  Finished successfully:1232
Progress: Mon, 07 Dec 2015 16:15:09+0000  Submitted:192  Active:624  Finished successfully:1232
Progress: Mon, 07 Dec 2015 16:15:39+0000  Submitted:192  Active:624  Finished successfully:1232
Progress: Mon, 07 Dec 2015 16:16:09+0000  Submitted:192  Active:624  Finished successfully:1232
Progress: Mon, 07 Dec 2015 16:16:39+0000  Submitted:192  Active:624  Finished successfully:1232
Progress: Mon, 07 Dec 2015 16:17:09+0000  Submitted:192  Active:624  Finished successfully:1232
Progress: Mon, 07 Dec 2015 16:17:39+0000  Submitted:192  Active:624  Finished successfully:1232
Progress: Mon, 07 Dec 2015 16:18:09+0000  Submitted:192  Active:624  Finished successfully:1232
Progress: Mon, 07 Dec 2015 16:18:22+0000  Submitted:176  Active:640  Finished successfully:1232
Progress: Mon, 07 Dec 2015 16:18:52+0000  Submitted:176  Active:640  Finished successfully:1232
Progress: Mon, 07 Dec 2015 16:19:05+0000  Submitted:176  Active:624  Stage out:11  Finished successfully:1237
Progress: Mon, 07 Dec 2015 16:19:06+0000  Submitted:176  Active:624  Finished successfully:1248
Progress: Mon, 07 Dec 2015 16:19:20+0000  Submitted:176  Active:608  Finished successfully:1264
Progress: Mon, 07 Dec 2015 16:19:23+0000  Submitted:176  Active:592  Finished successfully:1280
Progress: Mon, 07 Dec 2015 16:19:35+0000  Submitted:176  Active:591  Stage out:1  Finished successfully:1280
Progress: Mon, 07 Dec 2015 16:19:36+0000  Submitted:176  Active:576  Finished successfully:1296
Progress: Mon, 07 Dec 2015 16:19:53+0000  Submitted:176  Active:528  Finished successfully:1344
Progress: Mon, 07 Dec 2015 16:20:08+0000  Submitted:176  Active:526  Stage out:2  Finished successfully:1344
Progress: Mon, 07 Dec 2015 16:20:09+0000  Submitted:176  Active:464  Finished successfully:1408
Progress: Mon, 07 Dec 2015 16:20:25+0000  Submitted:176  Active:459  Stage out:5  Finished successfully:1408
Progress: Mon, 07 Dec 2015 16:20:26+0000  Submitted:176  Active:416  Finished successfully:1456
Progress: Mon, 07 Dec 2015 16:20:29+0000  Submitted:176  Active:400  Finished successfully:1472
Progress: Mon, 07 Dec 2015 16:20:39+0000  Submitted:176  Active:380  Stage out:5  Finished successfully:1487
Progress: Mon, 07 Dec 2015 16:20:40+0000  Submitted:176  Active:352  Finished successfully:1520
Progress: Mon, 07 Dec 2015 16:21:10+0000  Submitted:176  Active:352  Finished successfully:1520
Progress: Mon, 07 Dec 2015 16:21:40+0000  Submitted:176  Active:352  Finished successfully:1520
Progress: Mon, 07 Dec 2015 16:22:10+0000  Submitted:176  Active:352  Finished successfully:1520
Progress: Mon, 07 Dec 2015 16:22:15+0000  Submitted:176  Active:336  Stage out:16  Finished successfully:1520
Progress: Mon, 07 Dec 2015 16:22:16+0000  Submitted:176  Active:336  Finished successfully:1536
Progress: Mon, 07 Dec 2015 16:22:32+0000  Submitted:176  Active:320  Finished successfully:1552
Progress: Mon, 07 Dec 2015 16:22:51+0000  Submitted:176  Active:288  Stage out:4  Finished successfully:1580
Progress: Mon, 07 Dec 2015 16:22:52+0000  Submitted:176  Active:272  Finished successfully:1600
Progress: Mon, 07 Dec 2015 16:23:05+0000  Submitted:128  Active:320  Finished successfully:1600
Progress: Mon, 07 Dec 2015 16:23:10+0000  Submitted:128  Active:314  Stage out:6  Finished successfully:1600
Progress: Mon, 07 Dec 2015 16:23:11+0000  Submitted:128  Active:272  Finished successfully:1648
Progress: Mon, 07 Dec 2015 16:23:18+0000  Submitted:83  Active:317  Finished successfully:1648
Progress: Mon, 07 Dec 2015 16:23:25+0000  Submitted:83  Active:313  Stage out:4  Finished successfully:1648
Progress: Mon, 07 Dec 2015 16:23:26+0000  Submitted:83  Active:301  Finished successfully:1664
Progress: Mon, 07 Dec 2015 16:23:37+0000  Submitted:83  Active:269  Finished successfully:1696
Progress: Mon, 07 Dec 2015 16:23:49+0000  Submitted:83  Active:253  Finished successfully:1712
Progress: Mon, 07 Dec 2015 16:23:57+0000  Submitted:83  Active:237  Finished successfully:1728
Progress: Mon, 07 Dec 2015 16:23:58+0000  Submitted:83  Active:221  Stage out:9  Finished successfully:1735
Progress: Mon, 07 Dec 2015 16:23:59+0000  Submitted:83  Active:221  Finished successfully:1744
Progress: Mon, 07 Dec 2015 16:24:17+0000  Submitted:83  Active:189  Finished successfully:1776
Progress: Mon, 07 Dec 2015 16:24:20+0000  Submitted:83  Active:173  Finished successfully:1792
Progress: Mon, 07 Dec 2015 16:24:24+0000  Submitted:83  Active:141  Finished successfully:1824
Progress: Mon, 07 Dec 2015 16:24:34+0000  Submitted:83  Active:135  Stage out:6  Finished successfully:1824
Progress: Mon, 07 Dec 2015 16:24:35+0000  Submitted:83  Active:125  Finished successfully:1840
Progress: Mon, 07 Dec 2015 16:24:39+0000  Submitted:83  Active:109  Stage out:1  Finished successfully:1855
Progress: Mon, 07 Dec 2015 16:24:40+0000  Submitted:83  Active:109  Finished successfully:1856
Progress: Mon, 07 Dec 2015 16:25:10+0000  Submitted:83  Active:109  Finished successfully:1856
Progress: Mon, 07 Dec 2015 16:25:40+0000  Submitted:83  Active:109  Finished successfully:1856
Progress: Mon, 07 Dec 2015 16:26:10+0000  Submitted:83  Active:109  Finished successfully:1856
Progress: Mon, 07 Dec 2015 16:26:40+0000  Submitted:83  Active:109  Finished successfully:1856
Progress: Mon, 07 Dec 2015 16:27:10+0000  Submitted:83  Active:109  Finished successfully:1856
Progress: Mon, 07 Dec 2015 16:27:39+0000  Submitted:67  Active:125  Finished successfully:1856
Progress: Mon, 07 Dec 2015 16:27:42+0000  Submitted:51  Active:141  Finished successfully:1856
Progress: Mon, 07 Dec 2015 16:28:00+0000  Submitted:35  Active:157  Finished successfully:1856
Progress: Mon, 07 Dec 2015 16:28:20+0000  Submitted:3  Active:189  Finished successfully:1856
Progress: Mon, 07 Dec 2015 16:28:33+0000  Active:192  Finished successfully:1856
Progress: Mon, 07 Dec 2015 16:29:03+0000  Active:192  Finished successfully:1856
Progress: Mon, 07 Dec 2015 16:29:33+0000  Active:192  Finished successfully:1856
Progress: Mon, 07 Dec 2015 16:30:03+0000  Active:192  Finished successfully:1856
Progress: Mon, 07 Dec 2015 16:30:33+0000  Active:192  Finished successfully:1856
Progress: Mon, 07 Dec 2015 16:31:03+0000  Active:192  Finished successfully:1856
Progress: Mon, 07 Dec 2015 16:31:33+0000  Active:192  Finished successfully:1856
Progress: Mon, 07 Dec 2015 16:32:03+0000  Active:192  Finished successfully:1856
Progress: Mon, 07 Dec 2015 16:32:33+0000  Active:192  Finished successfully:1856
Progress: Mon, 07 Dec 2015 16:33:03+0000  Active:192  Finished successfully:1856
Progress: Mon, 07 Dec 2015 16:33:22+0000  Active:176  Finished successfully:1872
Progress: Mon, 07 Dec 2015 16:33:52+0000  Active:176  Finished successfully:1872
Progress: Mon, 07 Dec 2015 16:34:22+0000  Active:176  Finished successfully:1872
Progress: Mon, 07 Dec 2015 16:34:52+0000  Active:176  Finished successfully:1872
Progress: Mon, 07 Dec 2015 16:35:22+0000  Active:176  Finished successfully:1872
Progress: Mon, 07 Dec 2015 16:35:52+0000  Active:176  Finished successfully:1872
Progress: Mon, 07 Dec 2015 16:36:22+0000  Active:176  Finished successfully:1872
Progress: Mon, 07 Dec 2015 16:36:52+0000  Active:176  Finished successfully:1872
Progress: Mon, 07 Dec 2015 16:37:22+0000  Active:176  Finished successfully:1872
Progress: Mon, 07 Dec 2015 16:37:52+0000  Active:176  Finished successfully:1872
Progress: Mon, 07 Dec 2015 16:38:05+0000  Active:128  Finished successfully:1920
Progress: Mon, 07 Dec 2015 16:38:18+0000  Active:83  Stage out:4  Finished successfully:1961
Progress: Mon, 07 Dec 2015 16:38:19+0000  Active:83  Finished successfully:1965
Progress: Mon, 07 Dec 2015 16:38:49+0000  Active:83  Finished successfully:1965
Progress: Mon, 07 Dec 2015 16:39:19+0000  Active:83  Finished successfully:1965
Progress: Mon, 07 Dec 2015 16:39:49+0000  Active:83  Finished successfully:1965
Progress: Mon, 07 Dec 2015 16:40:19+0000  Active:83  Finished successfully:1965
Progress: Mon, 07 Dec 2015 16:40:49+0000  Active:83  Finished successfully:1965
Progress: Mon, 07 Dec 2015 16:41:19+0000  Active:83  Finished successfully:1965
Progress: Mon, 07 Dec 2015 16:41:49+0000  Active:83  Finished successfully:1965
Progress: Mon, 07 Dec 2015 16:42:19+0000  Active:83  Finished successfully:1965
Progress: Mon, 07 Dec 2015 16:42:39+0000  Active:67  Finished successfully:1981
Progress: Mon, 07 Dec 2015 16:42:42+0000  Active:51  Finished successfully:1997
Progress: Mon, 07 Dec 2015 16:43:00+0000  Active:35  Finished successfully:2013
Progress: Mon, 07 Dec 2015 16:43:19+0000  Active:28  Stage out:7  Finished successfully:2013
Progress: Mon, 07 Dec 2015 16:43:20+0000  Active:3  Finished successfully:2045
Final status: Mon, 07 Dec 2015 16:43:33+0000  Finished successfully:2048
Swift did not shut down 10 seconds after the run completed


Waiting JVM threads:
	Thread "I/O Queue" (0x00000045) TIMED_WAITING
		waiting for org.globus.cog.abstraction.impl.file.coaster.buffers.Buffers (0x338d1b67)
	Stack trace:
		java.lang.Object.wait
		org.globus.cog.abstraction.impl.file.coaster.buffers.Buffers.run:215

	Thread "I/O Queue" (0x00000044) TIMED_WAITING
		waiting for org.globus.cog.abstraction.impl.file.coaster.buffers.Buffers (0x6a7859ef)
	Stack trace:
		java.lang.Object.wait
		org.globus.cog.abstraction.impl.file.coaster.buffers.Buffers.run:215

	Thread "Sender GSSChannel" (0x00000043) WAITING
		waiting for java.util.concurrent.locks.AbstractQueuedSynchronizer$ConditionObject (0x29f3bccc)
	Stack trace:
		sun.misc.Unsafe.park
		java.util.concurrent.locks.LockSupport.park:186
		java.util.concurrent.locks.AbstractQueuedSynchronizer$ConditionObject.await:2043
		java.util.concurrent.LinkedBlockingQueue.take:442
		org.globus.cog.coaster.channels.Sender.run:75

	Thread "Timer-1" (0x00000042) TIMED_WAITING
		waiting for java.util.TaskQueue (0x40f00a98)
	Stack trace:
		java.lang.Object.wait
		java.util.TimerThread.mainLoop:552
		java.util.TimerThread.run:505

	Thread "Channel multiplexer 1" (0x00000041) TIMED_WAITING
	Stack trace:
		java.lang.Thread.sleep
		org.globus.cog.coaster.channels.Multiplexer.run:132

	Thread "Channel multiplexer 0" (0x00000040) TIMED_WAITING
	Stack trace:
		java.lang.Thread.sleep
		org.globus.cog.coaster.channels.Multiplexer.run:132

	Thread "pool-3-thread-4" (0x0000003d) TIMED_WAITING
	Synchronizers held:
		java.util.concurrent.ThreadPoolExecutor$Worker (0x744df6fc)
	Stack trace:
		java.lang.Thread.sleep
		org.globus.cog.abstraction.impl.execution.local.JobSubmissionTaskHandler$Processor.run2:658
		org.globus.cog.abstraction.impl.execution.local.JobSubmissionTaskHandler$Processor.run:625
		java.util.concurrent.ThreadPoolExecutor.runWorker:1145
		java.util.concurrent.ThreadPoolExecutor$Worker.run:615
		java.lang.Thread.run:745

	Thread "pool-3-thread-3" (0x0000003c) TIMED_WAITING
	Synchronizers held:
		java.util.concurrent.ThreadPoolExecutor$Worker (0x30fa0fee)
	Stack trace:
		java.lang.Thread.sleep
		org.globus.cog.abstraction.impl.execution.local.JobSubmissionTaskHandler$Processor.run2:658
		org.globus.cog.abstraction.impl.execution.local.JobSubmissionTaskHandler$Processor.run:625
		java.util.concurrent.ThreadPoolExecutor.runWorker:1145
		java.util.concurrent.ThreadPoolExecutor$Worker.run:615
		java.lang.Thread.run:745

	Thread "pool-3-thread-2" (0x0000003b) WAITING
		waiting for org.globus.cog.abstraction.impl.execution.local.JobSubmissionTaskHandler$Processor (0x4f47a276)
	Synchronizers held:
		java.util.concurrent.ThreadPoolExecutor$Worker (0x6c2f06ab)
	Stack trace:
		java.lang.Object.wait
		java.lang.Object.wait:503
		org.globus.cog.abstraction.impl.execution.local.JobSubmissionTaskHandler$Processor.waitFor:699
		org.globus.cog.abstraction.impl.execution.local.JobSubmissionTaskHandler.run:241
		java.util.concurrent.Executors$RunnableAdapter.call:471
		java.util.concurrent.FutureTask.run:262
		java.util.concurrent.ThreadPoolExecutor.runWorker:1145
		java.util.concurrent.ThreadPoolExecutor$Worker.run:615
		java.lang.Thread.run:745

	Thread "pool-3-thread-1" (0x0000003a) WAITING
		waiting for org.globus.cog.abstraction.impl.execution.local.JobSubmissionTaskHandler$Processor (0x67fb19a3)
	Synchronizers held:
		java.util.concurrent.ThreadPoolExecutor$Worker (0x325861bf)
	Stack trace:
		java.lang.Object.wait
		java.lang.Object.wait:503
		org.globus.cog.abstraction.impl.execution.local.JobSubmissionTaskHandler$Processor.waitFor:699
		org.globus.cog.abstraction.impl.execution.local.JobSubmissionTaskHandler.run:241
		java.util.concurrent.Executors$RunnableAdapter.call:471
		java.util.concurrent.FutureTask.run:262
		java.util.concurrent.ThreadPoolExecutor.runWorker:1145
		java.util.concurrent.ThreadPoolExecutor$Worker.run:615
		java.lang.Thread.run:745

	Thread "NBS11" (0x00000034) WAITING
		waiting for java.util.concurrent.locks.AbstractQueuedSynchronizer$ConditionObject (0x386f5297)
	Stack trace:
		sun.misc.Unsafe.park
		java.util.concurrent.locks.LockSupport.park:186
		java.util.concurrent.locks.AbstractQueuedSynchronizer$ConditionObject.await:2043
		java.util.concurrent.LinkedBlockingQueue.take:442
		java.util.concurrent.ThreadPoolExecutor.getTask:1068
		java.util.concurrent.ThreadPoolExecutor.runWorker:1130
		java.util.concurrent.ThreadPoolExecutor$Worker.run:615
		java.lang.Thread.run:745

	Thread "NBS10" (0x00000033) WAITING
		waiting for java.util.concurrent.locks.AbstractQueuedSynchronizer$ConditionObject (0x386f5297)
	Stack trace:
		sun.misc.Unsafe.park
		java.util.concurrent.locks.LockSupport.park:186
		java.util.concurrent.locks.AbstractQueuedSynchronizer$ConditionObject.await:2043
		java.util.concurrent.LinkedBlockingQueue.take:442
		java.util.concurrent.ThreadPoolExecutor.getTask:1068
		java.util.concurrent.ThreadPoolExecutor.runWorker:1130
		java.util.concurrent.ThreadPoolExecutor$Worker.run:615
		java.lang.Thread.run:745

	Thread "NBS9" (0x00000032) WAITING
		waiting for java.util.concurrent.locks.AbstractQueuedSynchronizer$ConditionObject (0x386f5297)
	Stack trace:
		sun.misc.Unsafe.park
		java.util.concurrent.locks.LockSupport.park:186
		java.util.concurrent.locks.AbstractQueuedSynchronizer$ConditionObject.await:2043
		java.util.concurrent.LinkedBlockingQueue.take:442
		java.util.concurrent.ThreadPoolExecutor.getTask:1068
		java.util.concurrent.ThreadPoolExecutor.runWorker:1130
		java.util.concurrent.ThreadPoolExecutor$Worker.run:615
		java.lang.Thread.run:745

	Thread "NBS8" (0x00000031) WAITING
		waiting for java.util.concurrent.locks.AbstractQueuedSynchronizer$ConditionObject (0x386f5297)
	Stack trace:
		sun.misc.Unsafe.park
		java.util.concurrent.locks.LockSupport.park:186
		java.util.concurrent.locks.AbstractQueuedSynchronizer$ConditionObject.await:2043
		java.util.concurrent.LinkedBlockingQueue.take:442
		java.util.concurrent.ThreadPoolExecutor.getTask:1068
		java.util.concurrent.ThreadPoolExecutor.runWorker:1130
		java.util.concurrent.ThreadPoolExecutor$Worker.run:615
		java.lang.Thread.run:745

	Thread "NBS7" (0x00000030) WAITING
		waiting for java.util.concurrent.locks.AbstractQueuedSynchronizer$ConditionObject (0x386f5297)
	Stack trace:
		sun.misc.Unsafe.park
		java.util.concurrent.locks.LockSupport.park:186
		java.util.concurrent.locks.AbstractQueuedSynchronizer$ConditionObject.await:2043
		java.util.concurrent.LinkedBlockingQueue.take:442
		java.util.concurrent.ThreadPoolExecutor.getTask:1068
		java.util.concurrent.ThreadPoolExecutor.runWorker:1130
		java.util.concurrent.ThreadPoolExecutor$Worker.run:615
		java.lang.Thread.run:745

	Thread "NBS6" (0x0000002f) WAITING
		waiting for java.util.concurrent.locks.AbstractQueuedSynchronizer$ConditionObject (0x386f5297)
	Stack trace:
		sun.misc.Unsafe.park
		java.util.concurrent.locks.LockSupport.park:186
		java.util.concurrent.locks.AbstractQueuedSynchronizer$ConditionObject.await:2043
		java.util.concurrent.LinkedBlockingQueue.take:442
		java.util.concurrent.ThreadPoolExecutor.getTask:1068
		java.util.concurrent.ThreadPoolExecutor.runWorker:1130
		java.util.concurrent.ThreadPoolExecutor$Worker.run:615
		java.lang.Thread.run:745

	Thread "NBS5" (0x0000002e) WAITING
		waiting for java.util.concurrent.locks.AbstractQueuedSynchronizer$ConditionObject (0x386f5297)
	Stack trace:
		sun.misc.Unsafe.park
		java.util.concurrent.locks.LockSupport.park:186
		java.util.concurrent.locks.AbstractQueuedSynchronizer$ConditionObject.await:2043
		java.util.concurrent.LinkedBlockingQueue.take:442
		java.util.concurrent.ThreadPoolExecutor.getTask:1068
		java.util.concurrent.ThreadPoolExecutor.runWorker:1130
		java.util.concurrent.ThreadPoolExecutor$Worker.run:615
		java.lang.Thread.run:745

	Thread "NBS4" (0x0000002d) WAITING
		waiting for java.util.concurrent.locks.AbstractQueuedSynchronizer$ConditionObject (0x386f5297)
	Stack trace:
		sun.misc.Unsafe.park
		java.util.concurrent.locks.LockSupport.park:186
		java.util.concurrent.locks.AbstractQueuedSynchronizer$ConditionObject.await:2043
		java.util.concurrent.LinkedBlockingQueue.take:442
		java.util.concurrent.ThreadPoolExecutor.getTask:1068
		java.util.concurrent.ThreadPoolExecutor.runWorker:1130
		java.util.concurrent.ThreadPoolExecutor$Worker.run:615
		java.lang.Thread.run:745

	Thread "NBS3" (0x0000002c) WAITING
		waiting for java.util.concurrent.locks.AbstractQueuedSynchronizer$ConditionObject (0x386f5297)
	Stack trace:
		sun.misc.Unsafe.park
		java.util.concurrent.locks.LockSupport.park:186
		java.util.concurrent.locks.AbstractQueuedSynchronizer$ConditionObject.await:2043
		java.util.concurrent.LinkedBlockingQueue.take:442
		java.util.concurrent.ThreadPoolExecutor.getTask:1068
		java.util.concurrent.ThreadPoolExecutor.runWorker:1130
		java.util.concurrent.ThreadPoolExecutor$Worker.run:615
		java.lang.Thread.run:745

	Thread "pool-1-thread-24" (0x0000002b) WAITING
		waiting for java.util.concurrent.locks.AbstractQueuedSynchronizer$ConditionObject (0x14975473)
	Stack trace:
		sun.misc.Unsafe.park
		java.util.concurrent.locks.LockSupport.park:186
		java.util.concurrent.locks.AbstractQueuedSynchronizer$ConditionObject.await:2043
		java.util.concurrent.LinkedBlockingQueue.take:442
		java.util.concurrent.ThreadPoolExecutor.getTask:1068
		java.util.concurrent.ThreadPoolExecutor.runWorker:1130
		java.util.concurrent.ThreadPoolExecutor$Worker.run:615
		java.lang.Thread.run:745

	Thread "pool-1-thread-23" (0x0000002a) WAITING
		waiting for java.util.concurrent.locks.AbstractQueuedSynchronizer$ConditionObject (0x14975473)
	Stack trace:
		sun.misc.Unsafe.park
		java.util.concurrent.locks.LockSupport.park:186
		java.util.concurrent.locks.AbstractQueuedSynchronizer$ConditionObject.await:2043
		java.util.concurrent.LinkedBlockingQueue.take:442
		java.util.concurrent.ThreadPoolExecutor.getTask:1068
		java.util.concurrent.ThreadPoolExecutor.runWorker:1130
		java.util.concurrent.ThreadPoolExecutor$Worker.run:615
		java.lang.Thread.run:745

	Thread "pool-1-thread-22" (0x00000029) WAITING
		waiting for java.util.concurrent.locks.AbstractQueuedSynchronizer$ConditionObject (0x14975473)
	Stack trace:
		sun.misc.Unsafe.park
		java.util.concurrent.locks.LockSupport.park:186
		java.util.concurrent.locks.AbstractQueuedSynchronizer$ConditionObject.await:2043
		java.util.concurrent.LinkedBlockingQueue.take:442
		java.util.concurrent.ThreadPoolExecutor.getTask:1068
		java.util.concurrent.ThreadPoolExecutor.runWorker:1130
		java.util.concurrent.ThreadPoolExecutor$Worker.run:615
		java.lang.Thread.run:745

	Thread "pool-1-thread-21" (0x00000028) WAITING
		waiting for java.util.concurrent.locks.AbstractQueuedSynchronizer$ConditionObject (0x14975473)
	Stack trace:
		sun.misc.Unsafe.park
		java.util.concurrent.locks.LockSupport.park:186
		java.util.concurrent.locks.AbstractQueuedSynchronizer$ConditionObject.await:2043
		java.util.concurrent.LinkedBlockingQueue.take:442
		java.util.concurrent.ThreadPoolExecutor.getTask:1068
		java.util.concurrent.ThreadPoolExecutor.runWorker:1130
		java.util.concurrent.ThreadPoolExecutor$Worker.run:615
		java.lang.Thread.run:745

	Thread "pool-1-thread-20" (0x00000027) WAITING
		waiting for java.util.concurrent.locks.AbstractQueuedSynchronizer$ConditionObject (0x14975473)
	Stack trace:
		sun.misc.Unsafe.park
		java.util.concurrent.locks.LockSupport.park:186
		java.util.concurrent.locks.AbstractQueuedSynchronizer$ConditionObject.await:2043
		java.util.concurrent.LinkedBlockingQueue.take:442
		java.util.concurrent.ThreadPoolExecutor.getTask:1068
		java.util.concurrent.ThreadPoolExecutor.runWorker:1130
		java.util.concurrent.ThreadPoolExecutor$Worker.run:615
		java.lang.Thread.run:745

	Thread "pool-1-thread-19" (0x00000026) WAITING
		waiting for java.util.concurrent.locks.AbstractQueuedSynchronizer$ConditionObject (0x14975473)
	Stack trace:
		sun.misc.Unsafe.park
		java.util.concurrent.locks.LockSupport.park:186
		java.util.concurrent.locks.AbstractQueuedSynchronizer$ConditionObject.await:2043
		java.util.concurrent.LinkedBlockingQueue.take:442
		java.util.concurrent.ThreadPoolExecutor.getTask:1068
		java.util.concurrent.ThreadPoolExecutor.runWorker:1130
		java.util.concurrent.ThreadPoolExecutor$Worker.run:615
		java.lang.Thread.run:745

	Thread "pool-1-thread-18" (0x00000025) WAITING
		waiting for java.util.concurrent.locks.AbstractQueuedSynchronizer$ConditionObject (0x14975473)
	Stack trace:
		sun.misc.Unsafe.park
		java.util.concurrent.locks.LockSupport.park:186
		java.util.concurrent.locks.AbstractQueuedSynchronizer$ConditionObject.await:2043
		java.util.concurrent.LinkedBlockingQueue.take:442
		java.util.concurrent.ThreadPoolExecutor.getTask:1068
		java.util.concurrent.ThreadPoolExecutor.runWorker:1130
		java.util.concurrent.ThreadPoolExecutor$Worker.run:615
		java.lang.Thread.run:745

	Thread "pool-1-thread-17" (0x00000024) WAITING
		waiting for java.util.concurrent.locks.AbstractQueuedSynchronizer$ConditionObject (0x14975473)
	Stack trace:
		sun.misc.Unsafe.park
		java.util.concurrent.locks.LockSupport.park:186
		java.util.concurrent.locks.AbstractQueuedSynchronizer$ConditionObject.await:2043
		java.util.concurrent.LinkedBlockingQueue.take:442
		java.util.concurrent.ThreadPoolExecutor.getTask:1068
		java.util.concurrent.ThreadPoolExecutor.runWorker:1130
		java.util.concurrent.ThreadPoolExecutor$Worker.run:615
		java.lang.Thread.run:745

	Thread "pool-1-thread-16" (0x00000023) WAITING
		waiting for java.util.concurrent.locks.AbstractQueuedSynchronizer$ConditionObject (0x14975473)
	Stack trace:
		sun.misc.Unsafe.park
		java.util.concurrent.locks.LockSupport.park:186
		java.util.concurrent.locks.AbstractQueuedSynchronizer$ConditionObject.await:2043
		java.util.concurrent.LinkedBlockingQueue.take:442
		java.util.concurrent.ThreadPoolExecutor.getTask:1068
		java.util.concurrent.ThreadPoolExecutor.runWorker:1130
		java.util.concurrent.ThreadPoolExecutor$Worker.run:615
		java.lang.Thread.run:745

	Thread "pool-1-thread-15" (0x00000022) WAITING
		waiting for java.util.concurrent.locks.AbstractQueuedSynchronizer$ConditionObject (0x14975473)
	Stack trace:
		sun.misc.Unsafe.park
		java.util.concurrent.locks.LockSupport.park:186
		java.util.concurrent.locks.AbstractQueuedSynchronizer$ConditionObject.await:2043
		java.util.concurrent.LinkedBlockingQueue.take:442
		java.util.concurrent.ThreadPoolExecutor.getTask:1068
		java.util.concurrent.ThreadPoolExecutor.runWorker:1130
		java.util.concurrent.ThreadPoolExecutor$Worker.run:615
		java.lang.Thread.run:745

	Thread "pool-1-thread-14" (0x00000021) WAITING
		waiting for java.util.concurrent.locks.AbstractQueuedSynchronizer$ConditionObject (0x14975473)
	Stack trace:
		sun.misc.Unsafe.park
		java.util.concurrent.locks.LockSupport.park:186
		java.util.concurrent.locks.AbstractQueuedSynchronizer$ConditionObject.await:2043
		java.util.concurrent.LinkedBlockingQueue.take:442
		java.util.concurrent.ThreadPoolExecutor.getTask:1068
		java.util.concurrent.ThreadPoolExecutor.runWorker:1130
		java.util.concurrent.ThreadPoolExecutor$Worker.run:615
		java.lang.Thread.run:745

	Thread "pool-1-thread-13" (0x00000020) WAITING
		waiting for java.util.concurrent.locks.AbstractQueuedSynchronizer$ConditionObject (0x14975473)
	Stack trace:
		sun.misc.Unsafe.park
		java.util.concurrent.locks.LockSupport.park:186
		java.util.concurrent.locks.AbstractQueuedSynchronizer$ConditionObject.await:2043
		java.util.concurrent.LinkedBlockingQueue.take:442
		java.util.concurrent.ThreadPoolExecutor.getTask:1068
		java.util.concurrent.ThreadPoolExecutor.runWorker:1130
		java.util.concurrent.ThreadPoolExecutor$Worker.run:615
		java.lang.Thread.run:745

	Thread "pool-1-thread-12" (0x0000001f) WAITING
		waiting for java.util.concurrent.locks.AbstractQueuedSynchronizer$ConditionObject (0x14975473)
	Stack trace:
		sun.misc.Unsafe.park
		java.util.concurrent.locks.LockSupport.park:186
		java.util.concurrent.locks.AbstractQueuedSynchronizer$ConditionObject.await:2043
		java.util.concurrent.LinkedBlockingQueue.take:442
		java.util.concurrent.ThreadPoolExecutor.getTask:1068
		java.util.concurrent.ThreadPoolExecutor.runWorker:1130
		java.util.concurrent.ThreadPoolExecutor$Worker.run:615
		java.lang.Thread.run:745

	Thread "pool-1-thread-11" (0x0000001e) WAITING
		waiting for java.util.concurrent.locks.AbstractQueuedSynchronizer$ConditionObject (0x14975473)
	Stack trace:
		sun.misc.Unsafe.park
		java.util.concurrent.locks.LockSupport.park:186
		java.util.concurrent.locks.AbstractQueuedSynchronizer$ConditionObject.await:2043
		java.util.concurrent.LinkedBlockingQueue.take:442
		java.util.concurrent.ThreadPoolExecutor.getTask:1068
		java.util.concurrent.ThreadPoolExecutor.runWorker:1130
		java.util.concurrent.ThreadPoolExecutor$Worker.run:615
		java.lang.Thread.run:745

	Thread "pool-1-thread-10" (0x0000001d) WAITING
		waiting for java.util.concurrent.locks.AbstractQueuedSynchronizer$ConditionObject (0x14975473)
	Stack trace:
		sun.misc.Unsafe.park
		java.util.concurrent.locks.LockSupport.park:186
		java.util.concurrent.locks.AbstractQueuedSynchronizer$ConditionObject.await:2043
		java.util.concurrent.LinkedBlockingQueue.take:442
		java.util.concurrent.ThreadPoolExecutor.getTask:1068
		java.util.concurrent.ThreadPoolExecutor.runWorker:1130
		java.util.concurrent.ThreadPoolExecutor$Worker.run:615
		java.lang.Thread.run:745

	Thread "pool-1-thread-9" (0x0000001c) WAITING
		waiting for java.util.concurrent.locks.AbstractQueuedSynchronizer$ConditionObject (0x14975473)
	Stack trace:
		sun.misc.Unsafe.park
		java.util.concurrent.locks.LockSupport.park:186
		java.util.concurrent.locks.AbstractQueuedSynchronizer$ConditionObject.await:2043
		java.util.concurrent.LinkedBlockingQueue.take:442
		java.util.concurrent.ThreadPoolExecutor.getTask:1068
		java.util.concurrent.ThreadPoolExecutor.runWorker:1130
		java.util.concurrent.ThreadPoolExecutor$Worker.run:615
		java.lang.Thread.run:745

	Thread "pool-1-thread-8" (0x0000001b) WAITING
		waiting for java.util.concurrent.locks.AbstractQueuedSynchronizer$ConditionObject (0x14975473)
	Stack trace:
		sun.misc.Unsafe.park
		java.util.concurrent.locks.LockSupport.park:186
		java.util.concurrent.locks.AbstractQueuedSynchronizer$ConditionObject.await:2043
		java.util.concurrent.LinkedBlockingQueue.take:442
		java.util.concurrent.ThreadPoolExecutor.getTask:1068
		java.util.concurrent.ThreadPoolExecutor.runWorker:1130
		java.util.concurrent.ThreadPoolExecutor$Worker.run:615
		java.lang.Thread.run:745

	Thread "pool-1-thread-7" (0x0000001a) WAITING
		waiting for java.util.concurrent.locks.AbstractQueuedSynchronizer$ConditionObject (0x14975473)
	Stack trace:
		sun.misc.Unsafe.park
		java.util.concurrent.locks.LockSupport.park:186
		java.util.concurrent.locks.AbstractQueuedSynchronizer$ConditionObject.await:2043
		java.util.concurrent.LinkedBlockingQueue.take:442
		java.util.concurrent.ThreadPoolExecutor.getTask:1068
		java.util.concurrent.ThreadPoolExecutor.runWorker:1130
		java.util.concurrent.ThreadPoolExecutor$Worker.run:615
		java.lang.Thread.run:745

	Thread "pool-1-thread-6" (0x00000019) WAITING
		waiting for java.util.concurrent.locks.AbstractQueuedSynchronizer$ConditionObject (0x14975473)
	Stack trace:
		sun.misc.Unsafe.park
		java.util.concurrent.locks.LockSupport.park:186
		java.util.concurrent.locks.AbstractQueuedSynchronizer$ConditionObject.await:2043
		java.util.concurrent.LinkedBlockingQueue.take:442
		java.util.concurrent.ThreadPoolExecutor.getTask:1068
		java.util.concurrent.ThreadPoolExecutor.runWorker:1130
		java.util.concurrent.ThreadPoolExecutor$Worker.run:615
		java.lang.Thread.run:745

	Thread "pool-1-thread-5" (0x00000018) WAITING
		waiting for java.util.concurrent.locks.AbstractQueuedSynchronizer$ConditionObject (0x14975473)
	Stack trace:
		sun.misc.Unsafe.park
		java.util.concurrent.locks.LockSupport.park:186
		java.util.concurrent.locks.AbstractQueuedSynchronizer$ConditionObject.await:2043
		java.util.concurrent.LinkedBlockingQueue.take:442
		java.util.concurrent.ThreadPoolExecutor.getTask:1068
		java.util.concurrent.ThreadPoolExecutor.runWorker:1130
		java.util.concurrent.ThreadPoolExecutor$Worker.run:615
		java.lang.Thread.run:745

	Thread "Restart Log Sync" (0x00000015) WAITING
		waiting for org.globus.cog.karajan.compiled.nodes.restartLog.SyncThread (0x5b295494)
	Stack trace:
		java.lang.Object.wait
		java.lang.Object.wait:503
		org.globus.cog.karajan.compiled.nodes.restartLog.SyncThread.run:66

	Thread "pool-1-thread-4" (0x00000014) WAITING
		waiting for java.util.concurrent.locks.AbstractQueuedSynchronizer$ConditionObject (0x14975473)
	Stack trace:
		sun.misc.Unsafe.park
		java.util.concurrent.locks.LockSupport.park:186
		java.util.concurrent.locks.AbstractQueuedSynchronizer$ConditionObject.await:2043
		java.util.concurrent.LinkedBlockingQueue.take:442
		java.util.concurrent.ThreadPoolExecutor.getTask:1068
		java.util.concurrent.ThreadPoolExecutor.runWorker:1130
		java.util.concurrent.ThreadPoolExecutor$Worker.run:615
		java.lang.Thread.run:745

	Thread "NBS2" (0x00000013) WAITING
		waiting for java.util.concurrent.locks.AbstractQueuedSynchronizer$ConditionObject (0x386f5297)
	Stack trace:
		sun.misc.Unsafe.park
		java.util.concurrent.locks.LockSupport.park:186
		java.util.concurrent.locks.AbstractQueuedSynchronizer$ConditionObject.await:2043
		java.util.concurrent.LinkedBlockingQueue.take:442
		java.util.concurrent.ThreadPoolExecutor.getTask:1068
		java.util.concurrent.ThreadPoolExecutor.runWorker:1130
		java.util.concurrent.ThreadPoolExecutor$Worker.run:615
		java.lang.Thread.run:745

	Thread "pool-1-thread-3" (0x00000012) WAITING
		waiting for java.util.concurrent.locks.AbstractQueuedSynchronizer$ConditionObject (0x14975473)
	Stack trace:
		sun.misc.Unsafe.park
		java.util.concurrent.locks.LockSupport.park:186
		java.util.concurrent.locks.AbstractQueuedSynchronizer$ConditionObject.await:2043
		java.util.concurrent.LinkedBlockingQueue.take:442
		java.util.concurrent.ThreadPoolExecutor.getTask:1068
		java.util.concurrent.ThreadPoolExecutor.runWorker:1130
		java.util.concurrent.ThreadPoolExecutor$Worker.run:615
		java.lang.Thread.run:745

	Thread "NBS1" (0x00000011) WAITING
		waiting for java.util.concurrent.locks.AbstractQueuedSynchronizer$ConditionObject (0x386f5297)
	Stack trace:
		sun.misc.Unsafe.park
		java.util.concurrent.locks.LockSupport.park:186
		java.util.concurrent.locks.AbstractQueuedSynchronizer$ConditionObject.await:2043
		java.util.concurrent.LinkedBlockingQueue.take:442
		java.util.concurrent.ThreadPoolExecutor.getTask:1068
		java.util.concurrent.ThreadPoolExecutor.runWorker:1130
		java.util.concurrent.ThreadPoolExecutor$Worker.run:615
		java.lang.Thread.run:745

	Thread "pool-1-thread-2" (0x00000010) WAITING
		waiting for java.util.concurrent.locks.AbstractQueuedSynchronizer$ConditionObject (0x14975473)
	Stack trace:
		sun.misc.Unsafe.park
		java.util.concurrent.locks.LockSupport.park:186
		java.util.concurrent.locks.AbstractQueuedSynchronizer$ConditionObject.await:2043
		java.util.concurrent.LinkedBlockingQueue.take:442
		java.util.concurrent.ThreadPoolExecutor.getTask:1068
		java.util.concurrent.ThreadPoolExecutor.runWorker:1130
		java.util.concurrent.ThreadPoolExecutor$Worker.run:615
		java.lang.Thread.run:745

	Thread "Timer-0" (0x0000000f) TIMED_WAITING
		waiting for java.util.TaskQueue (0x766fef4d)
	Stack trace:
		java.lang.Object.wait
		java.util.TimerThread.mainLoop:552
		java.util.TimerThread.run:505

	Thread "NBS0" (0x0000000e) WAITING
		waiting for java.util.concurrent.locks.AbstractQueuedSynchronizer$ConditionObject (0x386f5297)
	Stack trace:
		sun.misc.Unsafe.park
		java.util.concurrent.locks.LockSupport.park:186
		java.util.concurrent.locks.AbstractQueuedSynchronizer$ConditionObject.await:2043
		java.util.concurrent.LinkedBlockingQueue.take:442
		java.util.concurrent.ThreadPoolExecutor.getTask:1068
		java.util.concurrent.ThreadPoolExecutor.runWorker:1130
		java.util.concurrent.ThreadPoolExecutor$Worker.run:615
		java.lang.Thread.run:745

	Thread "Scheduler" (0x0000000c) TIMED_WAITING
		waiting for org.griphyn.vdl.karajan.VDSAdaptiveScheduler (0x23c01b1a)
	Stack trace:
		java.lang.Object.wait
		org.globus.cog.karajan.scheduler.LateBindingScheduler.sleep:324
		org.globus.cog.karajan.scheduler.LateBindingScheduler.run:271

	Thread "Overloaded Host Monitor" (0x0000000d) TIMED_WAITING
	Stack trace:
		java.lang.Thread.sleep
		org.globus.cog.karajan.scheduler.OverloadedHostMonitor.run:66

	Thread "pool-1-thread-1" (0x0000000b) WAITING
		waiting for java.util.concurrent.locks.AbstractQueuedSynchronizer$ConditionObject (0x14975473)
	Stack trace:
		sun.misc.Unsafe.park
		java.util.concurrent.locks.LockSupport.park:186
		java.util.concurrent.locks.AbstractQueuedSynchronizer$ConditionObject.await:2043
		java.util.concurrent.LinkedBlockingQueue.take:442
		java.util.concurrent.ThreadPoolExecutor.getTask:1068
		java.util.concurrent.ThreadPoolExecutor.runWorker:1130
		java.util.concurrent.ThreadPoolExecutor$Worker.run:615
		java.lang.Thread.run:745

	Thread "LWT Scheduler Timer" (0x0000000a) WAITING
		waiting for java.util.TaskQueue (0x2ec7e4fa)
	Stack trace:
		java.lang.Object.wait
		java.lang.Object.wait:503
		java.util.TimerThread.mainLoop:526
		java.util.TimerThread.run:505

	Thread "AsyncAppender-Dispatcher-Thread-0" (0x00000008) WAITING
		waiting for java.util.ArrayList (0x4589f114)
	Stack trace:
		java.lang.Object.wait
		java.lang.Object.wait:503
		org.apache.log4j.AsyncAppender$Dispatcher.run:548
		java.lang.Thread.run:745

	Thread "Finalizer" (0x00000003) WAITING
		waiting for java.lang.ref.ReferenceQueue$Lock (0x63327bb6)
	Stack trace:
		java.lang.Object.wait
		java.lang.ref.ReferenceQueue.remove:135
		java.lang.ref.ReferenceQueue.remove:151
		java.lang.ref.Finalizer$FinalizerThread.run:209

	Thread "Reference Handler" (0x00000002) WAITING
		waiting for java.lang.ref.Reference$Lock (0x07581c9b)
	Stack trace:
		java.lang.Object.wait
		java.lang.Object.wait:503
		java.lang.ref.Reference$ReferenceHandler.run:133


