Swift 0.96.2 git-rev: b9611649002eecd640fc6c58bbb88cb35ce03539 heads/release-0.96-swift 6287 (modified locally)
RunID: run047
Progress: Tue, 08 Dec 2015 00:25:04+0000
Progress: Tue, 08 Dec 2015 00:25:05+0000  Submitting:32
Progress: Tue, 08 Dec 2015 00:25:22+0000  Submitting:20  Submitted:12
Progress: Tue, 08 Dec 2015 00:25:34+0000  Submitted:32
Progress: Tue, 08 Dec 2015 00:26:04+0000  Submitted:32
Progress: Tue, 08 Dec 2015 00:26:34+0000  Submitted:32
Progress: Tue, 08 Dec 2015 00:27:04+0000  Submitted:32
Progress: Tue, 08 Dec 2015 00:27:34+0000  Submitted:32
Progress: Tue, 08 Dec 2015 00:27:35+0000  Submitted:18  Active:14
Progress: Tue, 08 Dec 2015 00:28:05+0000  Submitted:18  Active:14
Progress: Tue, 08 Dec 2015 00:28:35+0000  Submitted:18  Active:14
Progress: Tue, 08 Dec 2015 00:29:05+0000  Submitted:18  Active:14
Progress: Tue, 08 Dec 2015 00:29:35+0000  Submitted:18  Active:14
Progress: Tue, 08 Dec 2015 00:30:05+0000  Submitted:18  Active:14
Progress: Tue, 08 Dec 2015 00:30:35+0000  Submitted:18  Active:14
Progress: Tue, 08 Dec 2015 00:31:03+0000  Active:32
Progress: Tue, 08 Dec 2015 00:31:33+0000  Active:32
Progress: Tue, 08 Dec 2015 00:32:03+0000  Active:32
Progress: Tue, 08 Dec 2015 00:32:33+0000  Active:32
Progress: Tue, 08 Dec 2015 00:33:03+0000  Active:32
Progress: Tue, 08 Dec 2015 00:33:33+0000  Active:32
Progress: Tue, 08 Dec 2015 00:34:03+0000  Active:32
Progress: Tue, 08 Dec 2015 00:34:33+0000  Active:32
Progress: Tue, 08 Dec 2015 00:35:03+0000  Active:32
Progress: Tue, 08 Dec 2015 00:35:33+0000  Active:32
Progress: Tue, 08 Dec 2015 00:36:03+0000  Active:32
Progress: Tue, 08 Dec 2015 00:36:33+0000  Active:32
Progress: Tue, 08 Dec 2015 00:37:03+0000  Active:32
Progress: Tue, 08 Dec 2015 00:37:33+0000  Active:32
Progress: Tue, 08 Dec 2015 00:38:03+0000  Active:32
Progress: Tue, 08 Dec 2015 00:38:33+0000  Active:32
Progress: Tue, 08 Dec 2015 00:39:03+0000  Active:32
Progress: Tue, 08 Dec 2015 00:39:33+0000  Active:32
Progress: Tue, 08 Dec 2015 00:40:03+0000  Active:32
Progress: Tue, 08 Dec 2015 00:40:33+0000  Active:32
Progress: Tue, 08 Dec 2015 00:41:03+0000  Active:32
Progress: Tue, 08 Dec 2015 00:41:33+0000  Active:32
Progress: Tue, 08 Dec 2015 00:42:03+0000  Active:32
Progress: Tue, 08 Dec 2015 00:42:33+0000  Active:32
Progress: Tue, 08 Dec 2015 00:42:35+0000  Active:18  Finished successfully:14
Progress: Tue, 08 Dec 2015 00:43:05+0000  Active:18  Finished successfully:14
Progress: Tue, 08 Dec 2015 00:43:35+0000  Active:18  Finished successfully:14
Progress: Tue, 08 Dec 2015 00:44:05+0000  Active:18  Finished successfully:14
Progress: Tue, 08 Dec 2015 00:44:35+0000  Active:18  Finished successfully:14
Progress: Tue, 08 Dec 2015 00:45:05+0000  Active:18  Finished successfully:14
Progress: Tue, 08 Dec 2015 00:45:35+0000  Active:18  Finished successfully:14
Progress: Tue, 08 Dec 2015 00:46:03+0000  Stage out:4  Finished successfully:28
Final status: Tue, 08 Dec 2015 00:46:04+0000  Finished successfully:32
