Swift 0.96.2 git-rev: b9611649002eecd640fc6c58bbb88cb35ce03539 heads/release-0.96-swift 6287 (modified locally)
RunID: run046
Progress: Tue, 08 Dec 2015 00:05:30+0000
Progress: Tue, 08 Dec 2015 00:05:31+0000  Submitting:8
Progress: Tue, 08 Dec 2015 00:05:47+0000  Submitting:5  Submitted:3
Progress: Tue, 08 Dec 2015 00:05:53+0000  Submitted:8
Progress: Tue, 08 Dec 2015 00:06:23+0000  Submitted:8
Progress: Tue, 08 Dec 2015 00:06:53+0000  Submitted:8
Progress: Tue, 08 Dec 2015 00:07:23+0000  Submitted:8
Progress: Tue, 08 Dec 2015 00:07:53+0000  Submitted:8
Progress: Tue, 08 Dec 2015 00:07:59+0000  Stage in:1  Submitted:7
Progress: Tue, 08 Dec 2015 00:08:00+0000  Submitted:3  Active:5
Progress: Tue, 08 Dec 2015 00:08:30+0000  Submitted:3  Active:5
Progress: Tue, 08 Dec 2015 00:09:00+0000  Submitted:3  Active:5
Progress: Tue, 08 Dec 2015 00:09:30+0000  Submitted:3  Active:5
Progress: Tue, 08 Dec 2015 00:10:00+0000  Active:8
Progress: Tue, 08 Dec 2015 00:10:30+0000  Active:8
Progress: Tue, 08 Dec 2015 00:11:00+0000  Active:8
Progress: Tue, 08 Dec 2015 00:11:30+0000  Active:8
Progress: Tue, 08 Dec 2015 00:12:00+0000  Active:8
Progress: Tue, 08 Dec 2015 00:12:30+0000  Active:8
Progress: Tue, 08 Dec 2015 00:13:01+0000  Active:8
Progress: Tue, 08 Dec 2015 00:13:31+0000  Active:8
Progress: Tue, 08 Dec 2015 00:14:01+0000  Active:8
Progress: Tue, 08 Dec 2015 00:14:31+0000  Active:8
Progress: Tue, 08 Dec 2015 00:15:01+0000  Active:8
Progress: Tue, 08 Dec 2015 00:15:31+0000  Active:8
Progress: Tue, 08 Dec 2015 00:16:01+0000  Active:8
Progress: Tue, 08 Dec 2015 00:16:31+0000  Active:8
Progress: Tue, 08 Dec 2015 00:17:01+0000  Active:8
Progress: Tue, 08 Dec 2015 00:17:31+0000  Active:8
Progress: Tue, 08 Dec 2015 00:18:01+0000  Active:8
Progress: Tue, 08 Dec 2015 00:18:31+0000  Active:8
Progress: Tue, 08 Dec 2015 00:19:01+0000  Active:8
Progress: Tue, 08 Dec 2015 00:19:31+0000  Active:8
Progress: Tue, 08 Dec 2015 00:20:01+0000  Active:8
Progress: Tue, 08 Dec 2015 00:20:31+0000  Active:8
Progress: Tue, 08 Dec 2015 00:21:01+0000  Active:8
Progress: Tue, 08 Dec 2015 00:21:31+0000  Active:8
Progress: Tue, 08 Dec 2015 00:22:01+0000  Active:8
Progress: Tue, 08 Dec 2015 00:22:31+0000  Active:8
Progress: Tue, 08 Dec 2015 00:23:01+0000  Active:3  Finished successfully:5
Progress: Tue, 08 Dec 2015 00:23:31+0000  Active:3  Finished successfully:5
Progress: Tue, 08 Dec 2015 00:24:01+0000  Active:3  Finished successfully:5
Progress: Tue, 08 Dec 2015 00:24:31+0000  Active:3  Finished successfully:5
Final status: Tue, 08 Dec 2015 00:25:00+0000  Finished successfully:8
