Swift 0.96.2 git-rev: b9611649002eecd640fc6c58bbb88cb35ce03539 heads/release-0.96-swift 6287 (modified locally)
RunID: run039
Progress: Mon, 07 Dec 2015 18:59:01+0000
Progress: Mon, 07 Dec 2015 18:59:02+0000  Submitting:256
Progress: Mon, 07 Dec 2015 18:59:16+0000  Submitting:246  Submitted:10
Progress: Mon, 07 Dec 2015 18:59:25+0000  Submitted:256
Progress: Mon, 07 Dec 2015 18:59:49+0000  Submitted:208  Active:48
Progress: Mon, 07 Dec 2015 18:59:52+0000  Submitted:192  Active:64
Progress: Mon, 07 Dec 2015 19:00:05+0000  Submitted:160  Active:96
Progress: Mon, 07 Dec 2015 19:00:08+0000  Submitted:128  Active:128
Progress: Mon, 07 Dec 2015 19:00:19+0000  Submitted:115  Active:141
Progress: Mon, 07 Dec 2015 19:00:46+0000  Submitted:99  Active:157
Progress: Mon, 07 Dec 2015 19:00:49+0000  Submitted:83  Active:173
Progress: Mon, 07 Dec 2015 19:01:15+0000  Stage in:15  Submitted:51  Active:190
Progress: Mon, 07 Dec 2015 19:01:16+0000  Submitted:51  Active:205
Progress: Mon, 07 Dec 2015 19:01:46+0000  Submitted:51  Active:205
Progress: Mon, 07 Dec 2015 19:02:15+0000  Submitted:19  Active:237
Progress: Mon, 07 Dec 2015 19:02:45+0000  Submitted:19  Active:237
Progress: Mon, 07 Dec 2015 19:03:15+0000  Submitted:19  Active:237
Progress: Mon, 07 Dec 2015 19:03:16+0000  Submitted:3  Active:253
Progress: Mon, 07 Dec 2015 19:03:18+0000  Active:256
Progress: Mon, 07 Dec 2015 19:03:48+0000  Active:256
Progress: Mon, 07 Dec 2015 19:04:18+0000  Active:256
Progress: Mon, 07 Dec 2015 19:04:48+0000  Active:256
Progress: Mon, 07 Dec 2015 19:05:18+0000  Active:256
Progress: Mon, 07 Dec 2015 19:05:48+0000  Active:256
Progress: Mon, 07 Dec 2015 19:06:18+0000  Active:256
Progress: Mon, 07 Dec 2015 19:06:48+0000  Active:256
Progress: Mon, 07 Dec 2015 19:07:18+0000  Active:256
Progress: Mon, 07 Dec 2015 19:07:48+0000  Active:256
Progress: Mon, 07 Dec 2015 19:08:18+0000  Active:256
Progress: Mon, 07 Dec 2015 19:08:48+0000  Active:256
Progress: Mon, 07 Dec 2015 19:09:18+0000  Active:256
Progress: Mon, 07 Dec 2015 19:09:48+0000  Active:256
Progress: Mon, 07 Dec 2015 19:10:18+0000  Active:256
Progress: Mon, 07 Dec 2015 19:10:48+0000  Active:256
Progress: Mon, 07 Dec 2015 19:11:18+0000  Active:256
Progress: Mon, 07 Dec 2015 19:11:48+0000  Active:256
Progress: Mon, 07 Dec 2015 19:12:18+0000  Active:256
Progress: Mon, 07 Dec 2015 19:12:48+0000  Active:256
Progress: Mon, 07 Dec 2015 19:13:18+0000  Active:256
Progress: Mon, 07 Dec 2015 19:13:48+0000  Active:256
Progress: Mon, 07 Dec 2015 19:14:18+0000  Active:256
Progress: Mon, 07 Dec 2015 19:14:48+0000  Active:256
Progress: Mon, 07 Dec 2015 19:14:49+0000  Active:208  Finished successfully:48
Progress: Mon, 07 Dec 2015 19:14:52+0000  Active:192  Finished successfully:64
Progress: Mon, 07 Dec 2015 19:15:05+0000  Active:160  Finished successfully:96
Progress: Mon, 07 Dec 2015 19:15:08+0000  Active:128  Stage out:16  Finished successfully:112
Progress: Mon, 07 Dec 2015 19:15:09+0000  Active:128  Finished successfully:128
Progress: Mon, 07 Dec 2015 19:15:19+0000  Active:115  Finished successfully:141
Progress: Mon, 07 Dec 2015 19:15:46+0000  Active:114  Stage out:1  Finished successfully:141
Progress: Mon, 07 Dec 2015 19:15:47+0000  Active:99  Finished successfully:157
Progress: Mon, 07 Dec 2015 19:15:49+0000  Active:83  Finished successfully:173
Progress: Mon, 07 Dec 2015 19:16:15+0000  Active:51  Stage out:23  Finished successfully:182
Progress: Mon, 07 Dec 2015 19:16:16+0000  Active:51  Finished successfully:205
Progress: Mon, 07 Dec 2015 19:16:46+0000  Active:51  Finished successfully:205
Progress: Mon, 07 Dec 2015 19:17:15+0000  Active:19  Finished successfully:237
Progress: Mon, 07 Dec 2015 19:17:45+0000  Active:19  Finished successfully:237
Progress: Mon, 07 Dec 2015 19:18:15+0000  Active:19  Finished successfully:237
Progress: Mon, 07 Dec 2015 19:18:16+0000  Active:3  Finished successfully:253
Final status: Mon, 07 Dec 2015 19:18:17+0000  Finished successfully:256
