Swift 0.96.2 git-rev: b9611649002eecd640fc6c58bbb88cb35ce03539 heads/release-0.96-swift 6287 (modified locally)
RunID: run018
Progress: Mon, 07 Dec 2015 05:55:38+0000
Progress: Mon, 07 Dec 2015 05:55:39+0000  Submitting:512
Progress: Mon, 07 Dec 2015 05:55:57+0000  Submitting:507  Submitted:5
Progress: Mon, 07 Dec 2015 05:56:06+0000  Submitted:512
Progress: Mon, 07 Dec 2015 05:56:26+0000  Submitted:496  Active:16
Progress: Mon, 07 Dec 2015 05:56:29+0000  Submitted:448  Active:64
Progress: Mon, 07 Dec 2015 05:56:44+0000  Submitted:416  Active:96
Progress: Mon, 07 Dec 2015 05:56:47+0000  Stage in:23  Submitted:384  Active:105
Progress: Mon, 07 Dec 2015 05:56:48+0000  Submitted:384  Active:128
Progress: Mon, 07 Dec 2015 05:56:58+0000  Submitted:368  Active:144
Progress: Mon, 07 Dec 2015 05:57:01+0000  Stage in:1  Submitted:320  Active:191
Progress: Mon, 07 Dec 2015 05:57:02+0000  Submitted:320  Active:192
Progress: Mon, 07 Dec 2015 05:57:15+0000  Submitted:304  Active:208
Progress: Mon, 07 Dec 2015 05:57:18+0000  Stage in:21  Submitted:256  Active:235
Progress: Mon, 07 Dec 2015 05:57:19+0000  Submitted:240  Active:272
Progress: Mon, 07 Dec 2015 05:57:24+0000  Submitted:224  Active:288
Progress: Mon, 07 Dec 2015 05:57:29+0000  Stage in:4  Submitted:220  Active:288
Progress: Mon, 07 Dec 2015 05:57:30+0000  Submitted:208  Active:304
Progress: Mon, 07 Dec 2015 05:57:32+0000  Stage in:15  Submitted:193  Active:304
Progress: Mon, 07 Dec 2015 05:57:33+0000  Submitted:193  Active:319
Progress: Mon, 07 Dec 2015 05:57:41+0000  Submitted:177  Active:335
Progress: Mon, 07 Dec 2015 05:57:43+0000  Submitted:161  Active:351
Progress: Mon, 07 Dec 2015 05:57:52+0000  Submitted:145  Active:367
Progress: Mon, 07 Dec 2015 05:57:56+0000  Stage in:9  Submitted:129  Active:374
Progress: Mon, 07 Dec 2015 05:57:57+0000  Submitted:129  Active:383
Progress: Mon, 07 Dec 2015 05:57:58+0000  Submitted:113  Active:399
Progress: Mon, 07 Dec 2015 05:58:02+0000  Submitted:97  Active:415
Progress: Mon, 07 Dec 2015 05:58:04+0000  Submitted:81  Active:431
Progress: Mon, 07 Dec 2015 05:58:12+0000  Submitted:49  Active:463
Progress: Mon, 07 Dec 2015 05:58:23+0000  Submitted:33  Active:479
Progress: Mon, 07 Dec 2015 05:58:25+0000  Submitted:17  Active:495
Progress: Mon, 07 Dec 2015 05:58:29+0000  Stage in:10  Submitted:7  Active:495
Progress: Mon, 07 Dec 2015 05:58:30+0000  Active:512
Progress: Mon, 07 Dec 2015 05:59:00+0000  Active:512
Progress: Mon, 07 Dec 2015 05:59:30+0000  Active:512
Progress: Mon, 07 Dec 2015 06:00:00+0000  Active:512
Progress: Mon, 07 Dec 2015 06:00:30+0000  Active:512
Progress: Mon, 07 Dec 2015 06:01:00+0000  Active:512
Progress: Mon, 07 Dec 2015 06:01:30+0000  Active:512
Progress: Mon, 07 Dec 2015 06:02:00+0000  Active:512
Progress: Mon, 07 Dec 2015 06:02:30+0000  Active:512
Progress: Mon, 07 Dec 2015 06:03:00+0000  Active:512
Progress: Mon, 07 Dec 2015 06:03:30+0000  Active:512
Progress: Mon, 07 Dec 2015 06:04:00+0000  Active:512
Progress: Mon, 07 Dec 2015 06:04:30+0000  Active:512
Progress: Mon, 07 Dec 2015 06:05:00+0000  Active:512
Progress: Mon, 07 Dec 2015 06:05:30+0000  Active:512
Progress: Mon, 07 Dec 2015 06:06:00+0000  Active:512
Progress: Mon, 07 Dec 2015 06:06:30+0000  Active:512
Progress: Mon, 07 Dec 2015 06:07:00+0000  Active:512
Progress: Mon, 07 Dec 2015 06:07:30+0000  Active:512
Progress: Mon, 07 Dec 2015 06:08:00+0000  Active:512
Progress: Mon, 07 Dec 2015 06:08:30+0000  Active:512
Progress: Mon, 07 Dec 2015 06:09:00+0000  Active:512
Progress: Mon, 07 Dec 2015 06:09:30+0000  Active:512
Progress: Mon, 07 Dec 2015 06:10:00+0000  Active:512
Progress: Mon, 07 Dec 2015 06:10:30+0000  Active:512
Progress: Mon, 07 Dec 2015 06:11:00+0000  Active:512
Progress: Mon, 07 Dec 2015 06:11:26+0000  Active:496  Finished successfully:16
Progress: Mon, 07 Dec 2015 06:11:29+0000  Active:448  Finished successfully:64
Progress: Mon, 07 Dec 2015 06:11:44+0000  Active:416  Stage out:14  Finished successfully:82
Progress: Mon, 07 Dec 2015 06:11:45+0000  Active:416  Finished successfully:96
Progress: Mon, 07 Dec 2015 06:11:47+0000  Active:400  Stage out:8  Finished successfully:104
Progress: Mon, 07 Dec 2015 06:11:48+0000  Active:384  Finished successfully:128
Progress: Mon, 07 Dec 2015 06:11:58+0000  Active:368  Finished successfully:144
Progress: Mon, 07 Dec 2015 06:12:01+0000  Active:320  Stage out:15  Finished successfully:177
Progress: Mon, 07 Dec 2015 06:12:02+0000  Active:320  Finished successfully:192
Progress: Mon, 07 Dec 2015 06:12:15+0000  Active:304  Finished successfully:208
Progress: Mon, 07 Dec 2015 06:12:18+0000  Active:274  Stage out:13  Finished successfully:225
Progress: Mon, 07 Dec 2015 06:12:19+0000  Active:240  Finished successfully:272
Progress: Mon, 07 Dec 2015 06:12:24+0000  Active:224  Finished successfully:288
Progress: Mon, 07 Dec 2015 06:12:29+0000  Active:222  Stage out:2  Finished successfully:288
Progress: Mon, 07 Dec 2015 06:12:30+0000  Active:208  Finished successfully:304
Progress: Mon, 07 Dec 2015 06:12:32+0000  Active:207  Stage out:1  Finished successfully:304
Progress: Mon, 07 Dec 2015 06:12:33+0000  Active:193  Finished successfully:319
Progress: Mon, 07 Dec 2015 06:12:41+0000  Active:177  Finished successfully:335
Progress: Mon, 07 Dec 2015 06:12:43+0000  Active:161  Finished successfully:351
Progress: Mon, 07 Dec 2015 06:12:52+0000  Active:145  Finished successfully:367
Progress: Mon, 07 Dec 2015 06:12:56+0000  Active:129  Stage out:7  Finished successfully:376
Progress: Mon, 07 Dec 2015 06:12:57+0000  Active:129  Finished successfully:383
Progress: Mon, 07 Dec 2015 06:12:58+0000  Active:113  Finished successfully:399
Progress: Mon, 07 Dec 2015 06:13:02+0000  Active:97  Stage out:1  Finished successfully:414
Progress: Mon, 07 Dec 2015 06:13:03+0000  Active:95  Stage out:2  Finished successfully:415
Progress: Mon, 07 Dec 2015 06:13:04+0000  Active:81  Finished successfully:431
Progress: Mon, 07 Dec 2015 06:13:12+0000  Active:49  Finished successfully:463
Progress: Mon, 07 Dec 2015 06:13:23+0000  Active:33  Finished successfully:479
Progress: Mon, 07 Dec 2015 06:13:25+0000  Active:17  Finished successfully:495
Progress: Mon, 07 Dec 2015 06:13:29+0000  Active:13  Stage out:4  Finished successfully:495
Progress: Mon, 07 Dec 2015 06:13:30+0000  Stage out:1  Finished successfully:511
Final status: Mon, 07 Dec 2015 06:13:30+0000  Finished successfully:512
Swift did not shut down 10 seconds after the run completed


Waiting JVM threads:
	Thread "Coaster service reaper" (0x00000030) TIMED_WAITING
		waiting for org.globus.cog.abstraction.impl.execution.coaster.ServiceManager$ServiceReaper (0x41ad0726)
	Stack trace:
		java.lang.Object.wait
		org.globus.cog.abstraction.impl.execution.coaster.ServiceManager$ServiceReaper.run:525

	Thread "I/O Queue" (0x00000045) TIMED_WAITING
		waiting for org.globus.cog.abstraction.impl.file.coaster.buffers.Buffers (0x0daf82d8)
	Stack trace:
		java.lang.Object.wait
		org.globus.cog.abstraction.impl.file.coaster.buffers.Buffers.run:215

	Thread "I/O Queue" (0x00000044) TIMED_WAITING
		waiting for org.globus.cog.abstraction.impl.file.coaster.buffers.Buffers (0x62482510)
	Stack trace:
		java.lang.Object.wait
		org.globus.cog.abstraction.impl.file.coaster.buffers.Buffers.run:215

	Thread "Sender GSSChannel" (0x00000043) WAITING
		waiting for java.util.concurrent.locks.AbstractQueuedSynchronizer$ConditionObject (0x55e491d6)
	Stack trace:
		sun.misc.Unsafe.park
		java.util.concurrent.locks.LockSupport.park:186
		java.util.concurrent.locks.AbstractQueuedSynchronizer$ConditionObject.await:2043
		java.util.concurrent.LinkedBlockingQueue.take:442
		org.globus.cog.coaster.channels.Sender.run:75

	Thread "Timer-1" (0x00000042) TIMED_WAITING
		waiting for java.util.TaskQueue (0x1122a4a8)
	Stack trace:
		java.lang.Object.wait
		java.util.TimerThread.mainLoop:552
		java.util.TimerThread.run:505

	Thread "Channel multiplexer 1" (0x00000041) TIMED_WAITING
	Stack trace:
		java.lang.Thread.sleep
		org.globus.cog.coaster.channels.Multiplexer.run:132

	Thread "Channel multiplexer 0" (0x00000040) TIMED_WAITING
	Stack trace:
		java.lang.Thread.sleep
		org.globus.cog.coaster.channels.Multiplexer.run:132

	Thread "pool-3-thread-4" (0x0000003d) TIMED_WAITING
	Synchronizers held:
		java.util.concurrent.ThreadPoolExecutor$Worker (0x4ca6fef6)
	Stack trace:
		java.lang.Thread.sleep
		org.globus.cog.abstraction.impl.execution.local.JobSubmissionTaskHandler$Processor.run2:658
		org.globus.cog.abstraction.impl.execution.local.JobSubmissionTaskHandler$Processor.run:625
		java.util.concurrent.ThreadPoolExecutor.runWorker:1145
		java.util.concurrent.ThreadPoolExecutor$Worker.run:615
		java.lang.Thread.run:745

	Thread "pool-3-thread-3" (0x0000003c) TIMED_WAITING
	Synchronizers held:
		java.util.concurrent.ThreadPoolExecutor$Worker (0x2d688eb5)
	Stack trace:
		java.lang.Thread.sleep
		org.globus.cog.abstraction.impl.execution.local.JobSubmissionTaskHandler$Processor.run2:658
		org.globus.cog.abstraction.impl.execution.local.JobSubmissionTaskHandler$Processor.run:625
		java.util.concurrent.ThreadPoolExecutor.runWorker:1145
		java.util.concurrent.ThreadPoolExecutor$Worker.run:615
		java.lang.Thread.run:745

	Thread "pool-3-thread-2" (0x0000003b) WAITING
		waiting for org.globus.cog.abstraction.impl.execution.local.JobSubmissionTaskHandler$Processor (0x79681a61)
	Synchronizers held:
		java.util.concurrent.ThreadPoolExecutor$Worker (0x0d01df37)
	Stack trace:
		java.lang.Object.wait
		java.lang.Object.wait:503
		org.globus.cog.abstraction.impl.execution.local.JobSubmissionTaskHandler$Processor.waitFor:699
		org.globus.cog.abstraction.impl.execution.local.JobSubmissionTaskHandler.run:241
		java.util.concurrent.Executors$RunnableAdapter.call:471
		java.util.concurrent.FutureTask.run:262
		java.util.concurrent.ThreadPoolExecutor.runWorker:1145
		java.util.concurrent.ThreadPoolExecutor$Worker.run:615
		java.lang.Thread.run:745

	Thread "pool-3-thread-1" (0x0000003a) WAITING
		waiting for org.globus.cog.abstraction.impl.execution.local.JobSubmissionTaskHandler$Processor (0x219c148c)
	Synchronizers held:
		java.util.concurrent.ThreadPoolExecutor$Worker (0x636b0519)
	Stack trace:
		java.lang.Object.wait
		java.lang.Object.wait:503
		org.globus.cog.abstraction.impl.execution.local.JobSubmissionTaskHandler$Processor.waitFor:699
		org.globus.cog.abstraction.impl.execution.local.JobSubmissionTaskHandler.run:241
		java.util.concurrent.Executors$RunnableAdapter.call:471
		java.util.concurrent.FutureTask.run:262
		java.util.concurrent.ThreadPoolExecutor.runWorker:1145
		java.util.concurrent.ThreadPoolExecutor$Worker.run:615
		java.lang.Thread.run:745

	Thread "NBS11" (0x00000035) WAITING
		waiting for java.util.concurrent.locks.AbstractQueuedSynchronizer$ConditionObject (0x54a67bf1)
	Stack trace:
		sun.misc.Unsafe.park
		java.util.concurrent.locks.LockSupport.park:186
		java.util.concurrent.locks.AbstractQueuedSynchronizer$ConditionObject.await:2043
		java.util.concurrent.LinkedBlockingQueue.take:442
		java.util.concurrent.ThreadPoolExecutor.getTask:1068
		java.util.concurrent.ThreadPoolExecutor.runWorker:1130
		java.util.concurrent.ThreadPoolExecutor$Worker.run:615
		java.lang.Thread.run:745

	Thread "NBS10" (0x00000034) WAITING
		waiting for java.util.concurrent.locks.AbstractQueuedSynchronizer$ConditionObject (0x54a67bf1)
	Stack trace:
		sun.misc.Unsafe.park
		java.util.concurrent.locks.LockSupport.park:186
		java.util.concurrent.locks.AbstractQueuedSynchronizer$ConditionObject.await:2043
		java.util.concurrent.LinkedBlockingQueue.take:442
		java.util.concurrent.ThreadPoolExecutor.getTask:1068
		java.util.concurrent.ThreadPoolExecutor.runWorker:1130
		java.util.concurrent.ThreadPoolExecutor$Worker.run:615
		java.lang.Thread.run:745

	Thread "NBS9" (0x00000033) WAITING
		waiting for java.util.concurrent.locks.AbstractQueuedSynchronizer$ConditionObject (0x54a67bf1)
	Stack trace:
		sun.misc.Unsafe.park
		java.util.concurrent.locks.LockSupport.park:186
		java.util.concurrent.locks.AbstractQueuedSynchronizer$ConditionObject.await:2043
		java.util.concurrent.LinkedBlockingQueue.take:442
		java.util.concurrent.ThreadPoolExecutor.getTask:1068
		java.util.concurrent.ThreadPoolExecutor.runWorker:1130
		java.util.concurrent.ThreadPoolExecutor$Worker.run:615
		java.lang.Thread.run:745

	Thread "NBS8" (0x00000032) WAITING
		waiting for java.util.concurrent.locks.AbstractQueuedSynchronizer$ConditionObject (0x54a67bf1)
	Stack trace:
		sun.misc.Unsafe.park
		java.util.concurrent.locks.LockSupport.park:186
		java.util.concurrent.locks.AbstractQueuedSynchronizer$ConditionObject.await:2043
		java.util.concurrent.LinkedBlockingQueue.take:442
		java.util.concurrent.ThreadPoolExecutor.getTask:1068
		java.util.concurrent.ThreadPoolExecutor.runWorker:1130
		java.util.concurrent.ThreadPoolExecutor$Worker.run:615
		java.lang.Thread.run:745

	Thread "NBS7" (0x00000031) WAITING
		waiting for java.util.concurrent.locks.AbstractQueuedSynchronizer$ConditionObject (0x54a67bf1)
	Stack trace:
		sun.misc.Unsafe.park
		java.util.concurrent.locks.LockSupport.park:186
		java.util.concurrent.locks.AbstractQueuedSynchronizer$ConditionObject.await:2043
		java.util.concurrent.LinkedBlockingQueue.take:442
		java.util.concurrent.ThreadPoolExecutor.getTask:1068
		java.util.concurrent.ThreadPoolExecutor.runWorker:1130
		java.util.concurrent.ThreadPoolExecutor$Worker.run:615
		java.lang.Thread.run:745

	Thread "NBS6" (0x0000002f) WAITING
		waiting for java.util.concurrent.locks.AbstractQueuedSynchronizer$ConditionObject (0x54a67bf1)
	Stack trace:
		sun.misc.Unsafe.park
		java.util.concurrent.locks.LockSupport.park:186
		java.util.concurrent.locks.AbstractQueuedSynchronizer$ConditionObject.await:2043
		java.util.concurrent.LinkedBlockingQueue.take:442
		java.util.concurrent.ThreadPoolExecutor.getTask:1068
		java.util.concurrent.ThreadPoolExecutor.runWorker:1130
		java.util.concurrent.ThreadPoolExecutor$Worker.run:615
		java.lang.Thread.run:745

	Thread "NBS5" (0x0000002e) WAITING
		waiting for java.util.concurrent.locks.AbstractQueuedSynchronizer$ConditionObject (0x54a67bf1)
	Stack trace:
		sun.misc.Unsafe.park
		java.util.concurrent.locks.LockSupport.park:186
		java.util.concurrent.locks.AbstractQueuedSynchronizer$ConditionObject.await:2043
		java.util.concurrent.LinkedBlockingQueue.take:442
		java.util.concurrent.ThreadPoolExecutor.getTask:1068
		java.util.concurrent.ThreadPoolExecutor.runWorker:1130
		java.util.concurrent.ThreadPoolExecutor$Worker.run:615
		java.lang.Thread.run:745

	Thread "NBS4" (0x0000002d) WAITING
		waiting for java.util.concurrent.locks.AbstractQueuedSynchronizer$ConditionObject (0x54a67bf1)
	Stack trace:
		sun.misc.Unsafe.park
		java.util.concurrent.locks.LockSupport.park:186
		java.util.concurrent.locks.AbstractQueuedSynchronizer$ConditionObject.await:2043
		java.util.concurrent.LinkedBlockingQueue.take:442
		java.util.concurrent.ThreadPoolExecutor.getTask:1068
		java.util.concurrent.ThreadPoolExecutor.runWorker:1130
		java.util.concurrent.ThreadPoolExecutor$Worker.run:615
		java.lang.Thread.run:745

	Thread "NBS3" (0x0000002c) WAITING
		waiting for java.util.concurrent.locks.AbstractQueuedSynchronizer$ConditionObject (0x54a67bf1)
	Stack trace:
		sun.misc.Unsafe.park
		java.util.concurrent.locks.LockSupport.park:186
		java.util.concurrent.locks.AbstractQueuedSynchronizer$ConditionObject.await:2043
		java.util.concurrent.LinkedBlockingQueue.take:442
		java.util.concurrent.ThreadPoolExecutor.getTask:1068
		java.util.concurrent.ThreadPoolExecutor.runWorker:1130
		java.util.concurrent.ThreadPoolExecutor$Worker.run:615
		java.lang.Thread.run:745

	Thread "pool-1-thread-24" (0x0000002b) WAITING
		waiting for java.util.concurrent.locks.AbstractQueuedSynchronizer$ConditionObject (0x7e1336a1)
	Stack trace:
		sun.misc.Unsafe.park
		java.util.concurrent.locks.LockSupport.park:186
		java.util.concurrent.locks.AbstractQueuedSynchronizer$ConditionObject.await:2043
		java.util.concurrent.LinkedBlockingQueue.take:442
		java.util.concurrent.ThreadPoolExecutor.getTask:1068
		java.util.concurrent.ThreadPoolExecutor.runWorker:1130
		java.util.concurrent.ThreadPoolExecutor$Worker.run:615
		java.lang.Thread.run:745

	Thread "pool-1-thread-23" (0x0000002a) WAITING
		waiting for java.util.concurrent.locks.AbstractQueuedSynchronizer$ConditionObject (0x7e1336a1)
	Stack trace:
		sun.misc.Unsafe.park
		java.util.concurrent.locks.LockSupport.park:186
		java.util.concurrent.locks.AbstractQueuedSynchronizer$ConditionObject.await:2043
		java.util.concurrent.LinkedBlockingQueue.take:442
		java.util.concurrent.ThreadPoolExecutor.getTask:1068
		java.util.concurrent.ThreadPoolExecutor.runWorker:1130
		java.util.concurrent.ThreadPoolExecutor$Worker.run:615
		java.lang.Thread.run:745

	Thread "pool-1-thread-22" (0x00000029) WAITING
		waiting for java.util.concurrent.locks.AbstractQueuedSynchronizer$ConditionObject (0x7e1336a1)
	Stack trace:
		sun.misc.Unsafe.park
		java.util.concurrent.locks.LockSupport.park:186
		java.util.concurrent.locks.AbstractQueuedSynchronizer$ConditionObject.await:2043
		java.util.concurrent.LinkedBlockingQueue.take:442
		java.util.concurrent.ThreadPoolExecutor.getTask:1068
		java.util.concurrent.ThreadPoolExecutor.runWorker:1130
		java.util.concurrent.ThreadPoolExecutor$Worker.run:615
		java.lang.Thread.run:745

	Thread "pool-1-thread-21" (0x00000028) WAITING
		waiting for java.util.concurrent.locks.AbstractQueuedSynchronizer$ConditionObject (0x7e1336a1)
	Stack trace:
		sun.misc.Unsafe.park
		java.util.concurrent.locks.LockSupport.park:186
		java.util.concurrent.locks.AbstractQueuedSynchronizer$ConditionObject.await:2043
		java.util.concurrent.LinkedBlockingQueue.take:442
		java.util.concurrent.ThreadPoolExecutor.getTask:1068
		java.util.concurrent.ThreadPoolExecutor.runWorker:1130
		java.util.concurrent.ThreadPoolExecutor$Worker.run:615
		java.lang.Thread.run:745

	Thread "pool-1-thread-20" (0x00000027) WAITING
		waiting for java.util.concurrent.locks.AbstractQueuedSynchronizer$ConditionObject (0x7e1336a1)
	Stack trace:
		sun.misc.Unsafe.park
		java.util.concurrent.locks.LockSupport.park:186
		java.util.concurrent.locks.AbstractQueuedSynchronizer$ConditionObject.await:2043
		java.util.concurrent.LinkedBlockingQueue.take:442
		java.util.concurrent.ThreadPoolExecutor.getTask:1068
		java.util.concurrent.ThreadPoolExecutor.runWorker:1130
		java.util.concurrent.ThreadPoolExecutor$Worker.run:615
		java.lang.Thread.run:745

	Thread "pool-1-thread-19" (0x00000026) WAITING
		waiting for java.util.concurrent.locks.AbstractQueuedSynchronizer$ConditionObject (0x7e1336a1)
	Stack trace:
		sun.misc.Unsafe.park
		java.util.concurrent.locks.LockSupport.park:186
		java.util.concurrent.locks.AbstractQueuedSynchronizer$ConditionObject.await:2043
		java.util.concurrent.LinkedBlockingQueue.take:442
		java.util.concurrent.ThreadPoolExecutor.getTask:1068
		java.util.concurrent.ThreadPoolExecutor.runWorker:1130
		java.util.concurrent.ThreadPoolExecutor$Worker.run:615
		java.lang.Thread.run:745

	Thread "pool-1-thread-18" (0x00000025) WAITING
		waiting for java.util.concurrent.locks.AbstractQueuedSynchronizer$ConditionObject (0x7e1336a1)
	Stack trace:
		sun.misc.Unsafe.park
		java.util.concurrent.locks.LockSupport.park:186
		java.util.concurrent.locks.AbstractQueuedSynchronizer$ConditionObject.await:2043
		java.util.concurrent.LinkedBlockingQueue.take:442
		java.util.concurrent.ThreadPoolExecutor.getTask:1068
		java.util.concurrent.ThreadPoolExecutor.runWorker:1130
		java.util.concurrent.ThreadPoolExecutor$Worker.run:615
		java.lang.Thread.run:745

	Thread "pool-1-thread-17" (0x00000024) WAITING
		waiting for java.util.concurrent.locks.AbstractQueuedSynchronizer$ConditionObject (0x7e1336a1)
	Stack trace:
		sun.misc.Unsafe.park
		java.util.concurrent.locks.LockSupport.park:186
		java.util.concurrent.locks.AbstractQueuedSynchronizer$ConditionObject.await:2043
		java.util.concurrent.LinkedBlockingQueue.take:442
		java.util.concurrent.ThreadPoolExecutor.getTask:1068
		java.util.concurrent.ThreadPoolExecutor.runWorker:1130
		java.util.concurrent.ThreadPoolExecutor$Worker.run:615
		java.lang.Thread.run:745

	Thread "pool-1-thread-16" (0x00000023) WAITING
		waiting for java.util.concurrent.locks.AbstractQueuedSynchronizer$ConditionObject (0x7e1336a1)
	Stack trace:
		sun.misc.Unsafe.park
		java.util.concurrent.locks.LockSupport.park:186
		java.util.concurrent.locks.AbstractQueuedSynchronizer$ConditionObject.await:2043
		java.util.concurrent.LinkedBlockingQueue.take:442
		java.util.concurrent.ThreadPoolExecutor.getTask:1068
		java.util.concurrent.ThreadPoolExecutor.runWorker:1130
		java.util.concurrent.ThreadPoolExecutor$Worker.run:615
		java.lang.Thread.run:745

	Thread "pool-1-thread-15" (0x00000022) WAITING
		waiting for java.util.concurrent.locks.AbstractQueuedSynchronizer$ConditionObject (0x7e1336a1)
	Stack trace:
		sun.misc.Unsafe.park
		java.util.concurrent.locks.LockSupport.park:186
		java.util.concurrent.locks.AbstractQueuedSynchronizer$ConditionObject.await:2043
		java.util.concurrent.LinkedBlockingQueue.take:442
		java.util.concurrent.ThreadPoolExecutor.getTask:1068
		java.util.concurrent.ThreadPoolExecutor.runWorker:1130
		java.util.concurrent.ThreadPoolExecutor$Worker.run:615
		java.lang.Thread.run:745

	Thread "pool-1-thread-14" (0x00000021) WAITING
		waiting for java.util.concurrent.locks.AbstractQueuedSynchronizer$ConditionObject (0x7e1336a1)
	Stack trace:
		sun.misc.Unsafe.park
		java.util.concurrent.locks.LockSupport.park:186
		java.util.concurrent.locks.AbstractQueuedSynchronizer$ConditionObject.await:2043
		java.util.concurrent.LinkedBlockingQueue.take:442
		java.util.concurrent.ThreadPoolExecutor.getTask:1068
		java.util.concurrent.ThreadPoolExecutor.runWorker:1130
		java.util.concurrent.ThreadPoolExecutor$Worker.run:615
		java.lang.Thread.run:745

	Thread "pool-1-thread-13" (0x00000020) WAITING
		waiting for java.util.concurrent.locks.AbstractQueuedSynchronizer$ConditionObject (0x7e1336a1)
	Stack trace:
		sun.misc.Unsafe.park
		java.util.concurrent.locks.LockSupport.park:186
		java.util.concurrent.locks.AbstractQueuedSynchronizer$ConditionObject.await:2043
		java.util.concurrent.LinkedBlockingQueue.take:442
		java.util.concurrent.ThreadPoolExecutor.getTask:1068
		java.util.concurrent.ThreadPoolExecutor.runWorker:1130
		java.util.concurrent.ThreadPoolExecutor$Worker.run:615
		java.lang.Thread.run:745

	Thread "pool-1-thread-12" (0x0000001f) WAITING
		waiting for java.util.concurrent.locks.AbstractQueuedSynchronizer$ConditionObject (0x7e1336a1)
	Stack trace:
		sun.misc.Unsafe.park
		java.util.concurrent.locks.LockSupport.park:186
		java.util.concurrent.locks.AbstractQueuedSynchronizer$ConditionObject.await:2043
		java.util.concurrent.LinkedBlockingQueue.take:442
		java.util.concurrent.ThreadPoolExecutor.getTask:1068
		java.util.concurrent.ThreadPoolExecutor.runWorker:1130
		java.util.concurrent.ThreadPoolExecutor$Worker.run:615
		java.lang.Thread.run:745

	Thread "pool-1-thread-11" (0x0000001e) WAITING
		waiting for java.util.concurrent.locks.AbstractQueuedSynchronizer$ConditionObject (0x7e1336a1)
	Stack trace:
		sun.misc.Unsafe.park
		java.util.concurrent.locks.LockSupport.park:186
		java.util.concurrent.locks.AbstractQueuedSynchronizer$ConditionObject.await:2043
		java.util.concurrent.LinkedBlockingQueue.take:442
		java.util.concurrent.ThreadPoolExecutor.getTask:1068
		java.util.concurrent.ThreadPoolExecutor.runWorker:1130
		java.util.concurrent.ThreadPoolExecutor$Worker.run:615
		java.lang.Thread.run:745

	Thread "pool-1-thread-10" (0x0000001d) WAITING
		waiting for java.util.concurrent.locks.AbstractQueuedSynchronizer$ConditionObject (0x7e1336a1)
	Stack trace:
		sun.misc.Unsafe.park
		java.util.concurrent.locks.LockSupport.park:186
		java.util.concurrent.locks.AbstractQueuedSynchronizer$ConditionObject.await:2043
		java.util.concurrent.LinkedBlockingQueue.take:442
		java.util.concurrent.ThreadPoolExecutor.getTask:1068
		java.util.concurrent.ThreadPoolExecutor.runWorker:1130
		java.util.concurrent.ThreadPoolExecutor$Worker.run:615
		java.lang.Thread.run:745

	Thread "pool-1-thread-9" (0x0000001c) WAITING
		waiting for java.util.concurrent.locks.AbstractQueuedSynchronizer$ConditionObject (0x7e1336a1)
	Stack trace:
		sun.misc.Unsafe.park
		java.util.concurrent.locks.LockSupport.park:186
		java.util.concurrent.locks.AbstractQueuedSynchronizer$ConditionObject.await:2043
		java.util.concurrent.LinkedBlockingQueue.take:442
		java.util.concurrent.ThreadPoolExecutor.getTask:1068
		java.util.concurrent.ThreadPoolExecutor.runWorker:1130
		java.util.concurrent.ThreadPoolExecutor$Worker.run:615
		java.lang.Thread.run:745

	Thread "pool-1-thread-8" (0x0000001b) WAITING
		waiting for java.util.concurrent.locks.AbstractQueuedSynchronizer$ConditionObject (0x7e1336a1)
	Stack trace:
		sun.misc.Unsafe.park
		java.util.concurrent.locks.LockSupport.park:186
		java.util.concurrent.locks.AbstractQueuedSynchronizer$ConditionObject.await:2043
		java.util.concurrent.LinkedBlockingQueue.take:442
		java.util.concurrent.ThreadPoolExecutor.getTask:1068
		java.util.concurrent.ThreadPoolExecutor.runWorker:1130
		java.util.concurrent.ThreadPoolExecutor$Worker.run:615
		java.lang.Thread.run:745

	Thread "pool-1-thread-7" (0x0000001a) WAITING
		waiting for java.util.concurrent.locks.AbstractQueuedSynchronizer$ConditionObject (0x7e1336a1)
	Stack trace:
		sun.misc.Unsafe.park
		java.util.concurrent.locks.LockSupport.park:186
		java.util.concurrent.locks.AbstractQueuedSynchronizer$ConditionObject.await:2043
		java.util.concurrent.LinkedBlockingQueue.take:442
		java.util.concurrent.ThreadPoolExecutor.getTask:1068
		java.util.concurrent.ThreadPoolExecutor.runWorker:1130
		java.util.concurrent.ThreadPoolExecutor$Worker.run:615
		java.lang.Thread.run:745

	Thread "pool-1-thread-6" (0x00000019) WAITING
		waiting for java.util.concurrent.locks.AbstractQueuedSynchronizer$ConditionObject (0x7e1336a1)
	Stack trace:
		sun.misc.Unsafe.park
		java.util.concurrent.locks.LockSupport.park:186
		java.util.concurrent.locks.AbstractQueuedSynchronizer$ConditionObject.await:2043
		java.util.concurrent.LinkedBlockingQueue.take:442
		java.util.concurrent.ThreadPoolExecutor.getTask:1068
		java.util.concurrent.ThreadPoolExecutor.runWorker:1130
		java.util.concurrent.ThreadPoolExecutor$Worker.run:615
		java.lang.Thread.run:745

	Thread "pool-1-thread-5" (0x00000018) WAITING
		waiting for java.util.concurrent.locks.AbstractQueuedSynchronizer$ConditionObject (0x7e1336a1)
	Stack trace:
		sun.misc.Unsafe.park
		java.util.concurrent.locks.LockSupport.park:186
		java.util.concurrent.locks.AbstractQueuedSynchronizer$ConditionObject.await:2043
		java.util.concurrent.LinkedBlockingQueue.take:442
		java.util.concurrent.ThreadPoolExecutor.getTask:1068
		java.util.concurrent.ThreadPoolExecutor.runWorker:1130
		java.util.concurrent.ThreadPoolExecutor$Worker.run:615
		java.lang.Thread.run:745

	Thread "Restart Log Sync" (0x00000015) WAITING
		waiting for org.globus.cog.karajan.compiled.nodes.restartLog.SyncThread (0x1f67c4b1)
	Stack trace:
		java.lang.Object.wait
		java.lang.Object.wait:503
		org.globus.cog.karajan.compiled.nodes.restartLog.SyncThread.run:66

	Thread "pool-1-thread-4" (0x00000014) WAITING
		waiting for java.util.concurrent.locks.AbstractQueuedSynchronizer$ConditionObject (0x7e1336a1)
	Stack trace:
		sun.misc.Unsafe.park
		java.util.concurrent.locks.LockSupport.park:186
		java.util.concurrent.locks.AbstractQueuedSynchronizer$ConditionObject.await:2043
		java.util.concurrent.LinkedBlockingQueue.take:442
		java.util.concurrent.ThreadPoolExecutor.getTask:1068
		java.util.concurrent.ThreadPoolExecutor.runWorker:1130
		java.util.concurrent.ThreadPoolExecutor$Worker.run:615
		java.lang.Thread.run:745

	Thread "NBS2" (0x00000013) WAITING
		waiting for java.util.concurrent.locks.AbstractQueuedSynchronizer$ConditionObject (0x54a67bf1)
	Stack trace:
		sun.misc.Unsafe.park
		java.util.concurrent.locks.LockSupport.park:186
		java.util.concurrent.locks.AbstractQueuedSynchronizer$ConditionObject.await:2043
		java.util.concurrent.LinkedBlockingQueue.take:442
		java.util.concurrent.ThreadPoolExecutor.getTask:1068
		java.util.concurrent.ThreadPoolExecutor.runWorker:1130
		java.util.concurrent.ThreadPoolExecutor$Worker.run:615
		java.lang.Thread.run:745

	Thread "pool-1-thread-3" (0x00000012) WAITING
		waiting for java.util.concurrent.locks.AbstractQueuedSynchronizer$ConditionObject (0x7e1336a1)
	Stack trace:
		sun.misc.Unsafe.park
		java.util.concurrent.locks.LockSupport.park:186
		java.util.concurrent.locks.AbstractQueuedSynchronizer$ConditionObject.await:2043
		java.util.concurrent.LinkedBlockingQueue.take:442
		java.util.concurrent.ThreadPoolExecutor.getTask:1068
		java.util.concurrent.ThreadPoolExecutor.runWorker:1130
		java.util.concurrent.ThreadPoolExecutor$Worker.run:615
		java.lang.Thread.run:745

	Thread "NBS1" (0x00000011) WAITING
		waiting for java.util.concurrent.locks.AbstractQueuedSynchronizer$ConditionObject (0x54a67bf1)
	Stack trace:
		sun.misc.Unsafe.park
		java.util.concurrent.locks.LockSupport.park:186
		java.util.concurrent.locks.AbstractQueuedSynchronizer$ConditionObject.await:2043
		java.util.concurrent.LinkedBlockingQueue.take:442
		java.util.concurrent.ThreadPoolExecutor.getTask:1068
		java.util.concurrent.ThreadPoolExecutor.runWorker:1130
		java.util.concurrent.ThreadPoolExecutor$Worker.run:615
		java.lang.Thread.run:745

	Thread "pool-1-thread-2" (0x00000010) WAITING
		waiting for java.util.concurrent.locks.AbstractQueuedSynchronizer$ConditionObject (0x7e1336a1)
	Stack trace:
		sun.misc.Unsafe.park
		java.util.concurrent.locks.LockSupport.park:186
		java.util.concurrent.locks.AbstractQueuedSynchronizer$ConditionObject.await:2043
		java.util.concurrent.LinkedBlockingQueue.take:442
		java.util.concurrent.ThreadPoolExecutor.getTask:1068
		java.util.concurrent.ThreadPoolExecutor.runWorker:1130
		java.util.concurrent.ThreadPoolExecutor$Worker.run:615
		java.lang.Thread.run:745

	Thread "Timer-0" (0x0000000f) TIMED_WAITING
		waiting for java.util.TaskQueue (0x55a25092)
	Stack trace:
		java.lang.Object.wait
		java.util.TimerThread.mainLoop:552
		java.util.TimerThread.run:505

	Thread "NBS0" (0x0000000e) WAITING
		waiting for java.util.concurrent.locks.AbstractQueuedSynchronizer$ConditionObject (0x54a67bf1)
	Stack trace:
		sun.misc.Unsafe.park
		java.util.concurrent.locks.LockSupport.park:186
		java.util.concurrent.locks.AbstractQueuedSynchronizer$ConditionObject.await:2043
		java.util.concurrent.LinkedBlockingQueue.take:442
		java.util.concurrent.ThreadPoolExecutor.getTask:1068
		java.util.concurrent.ThreadPoolExecutor.runWorker:1130
		java.util.concurrent.ThreadPoolExecutor$Worker.run:615
		java.lang.Thread.run:745

	Thread "Scheduler" (0x0000000c) TIMED_WAITING
		waiting for org.griphyn.vdl.karajan.VDSAdaptiveScheduler (0x13fe697f)
	Stack trace:
		java.lang.Object.wait
		org.globus.cog.karajan.scheduler.LateBindingScheduler.sleep:324
		org.globus.cog.karajan.scheduler.LateBindingScheduler.run:271

	Thread "Overloaded Host Monitor" (0x0000000d) TIMED_WAITING
	Stack trace:
		java.lang.Thread.sleep
		org.globus.cog.karajan.scheduler.OverloadedHostMonitor.run:66

	Thread "pool-1-thread-1" (0x0000000b) WAITING
		waiting for java.util.concurrent.locks.AbstractQueuedSynchronizer$ConditionObject (0x7e1336a1)
	Stack trace:
		sun.misc.Unsafe.park
		java.util.concurrent.locks.LockSupport.park:186
		java.util.concurrent.locks.AbstractQueuedSynchronizer$ConditionObject.await:2043
		java.util.concurrent.LinkedBlockingQueue.take:442
		java.util.concurrent.ThreadPoolExecutor.getTask:1068
		java.util.concurrent.ThreadPoolExecutor.runWorker:1130
		java.util.concurrent.ThreadPoolExecutor$Worker.run:615
		java.lang.Thread.run:745

	Thread "LWT Scheduler Timer" (0x0000000a) WAITING
		waiting for java.util.TaskQueue (0x1357cd2a)
	Stack trace:
		java.lang.Object.wait
		java.lang.Object.wait:503
		java.util.TimerThread.mainLoop:526
		java.util.TimerThread.run:505

	Thread "AsyncAppender-Dispatcher-Thread-0" (0x00000008) WAITING
		waiting for java.util.ArrayList (0x695e8a51)
	Stack trace:
		java.lang.Object.wait
		java.lang.Object.wait:503
		org.apache.log4j.AsyncAppender$Dispatcher.run:548
		java.lang.Thread.run:745

	Thread "Finalizer" (0x00000003) WAITING
		waiting for java.lang.ref.ReferenceQueue$Lock (0x3dcb01e2)
	Stack trace:
		java.lang.Object.wait
		java.lang.ref.ReferenceQueue.remove:135
		java.lang.ref.ReferenceQueue.remove:151
		java.lang.ref.Finalizer$FinalizerThread.run:209

	Thread "Reference Handler" (0x00000002) WAITING
		waiting for java.lang.ref.Reference$Lock (0x5ae8bc1f)
	Stack trace:
		java.lang.Object.wait
		java.lang.Object.wait:503
		java.lang.ref.Reference$ReferenceHandler.run:133

	Thread "main" (0x00000001) WAITING
		waiting for org.globus.cog.abstraction.impl.execution.coaster.ServiceManager$ServiceReaper (0x41ad0726)
	Monitors held:
		java.lang.Class (0x6596c5d9)
	Stack trace:
		java.lang.Object.wait
		java.lang.Thread.join:1281
		java.lang.Thread.join:1355
		java.lang.ApplicationShutdownHooks.runHooks:106
		java.lang.ApplicationShutdownHooks$1.run:46
		java.lang.Shutdown.runHooks:123
		java.lang.Shutdown.sequence:167
		java.lang.Shutdown.exit:212 -> locked java.lang.Class (0x6596c5d9)
		java.lang.Runtime.exit:109
		java.lang.System.exit:962
		org.griphyn.vdl.karajan.Loader.main:266


