Swift 0.96.2 git-rev: b9611649002eecd640fc6c58bbb88cb35ce03539 heads/release-0.96-swift 6287 (modified locally)
RunID: run042
Progress: Mon, 07 Dec 2015 21:31:09+0000
Progress: Mon, 07 Dec 2015 21:31:10+0000  Submitting:512
Progress: Mon, 07 Dec 2015 21:31:26+0000  Submitting:503  Submitted:9
Progress: Mon, 07 Dec 2015 21:31:33+0000  Submitted:512
Progress: Mon, 07 Dec 2015 21:32:03+0000  Submitted:512
Progress: Mon, 07 Dec 2015 21:32:12+0000  Stage in:4  Submitted:496  Active:12
Progress: Mon, 07 Dec 2015 21:32:13+0000  Submitted:496  Active:16
Progress: Mon, 07 Dec 2015 21:32:15+0000  Stage in:25  Submitted:448  Active:39
Progress: Mon, 07 Dec 2015 21:32:16+0000  Submitted:448  Active:64
Progress: Mon, 07 Dec 2015 21:32:36+0000  Submitted:432  Active:80
Progress: Mon, 07 Dec 2015 21:32:39+0000  Submitted:384  Active:128
Progress: Mon, 07 Dec 2015 21:32:54+0000  Stage in:12  Submitted:372  Active:128
Progress: Mon, 07 Dec 2015 21:32:55+0000  Submitted:368  Active:144
Progress: Mon, 07 Dec 2015 21:32:58+0000  Submitted:320  Active:192
Progress: Mon, 07 Dec 2015 21:33:17+0000  Stage in:53  Submitted:256  Active:203
Progress: Mon, 07 Dec 2015 21:33:18+0000  Submitted:256  Active:256
Progress: Mon, 07 Dec 2015 21:33:33+0000  Stage in:15  Submitted:240  Active:257
Progress: Mon, 07 Dec 2015 21:33:34+0000  Submitted:240  Active:272
Progress: Mon, 07 Dec 2015 21:33:36+0000  Submitted:235  Active:277
Progress: Mon, 07 Dec 2015 21:33:40+0000  Stage in:16  Submitted:219  Active:277
Progress: Mon, 07 Dec 2015 21:33:41+0000  Submitted:219  Active:293
Progress: Mon, 07 Dec 2015 21:33:42+0000  Submitted:203  Active:309
Progress: Mon, 07 Dec 2015 21:34:12+0000  Submitted:203  Active:309
Progress: Mon, 07 Dec 2015 21:34:41+0000  Stage in:12  Submitted:171  Active:329
Progress: Mon, 07 Dec 2015 21:34:42+0000  Submitted:171  Active:341
Progress: Mon, 07 Dec 2015 21:35:12+0000  Submitted:171  Active:341
Progress: Mon, 07 Dec 2015 21:35:42+0000  Submitted:171  Active:341
Progress: Mon, 07 Dec 2015 21:36:12+0000  Submitted:171  Active:341
Progress: Mon, 07 Dec 2015 21:36:42+0000  Submitted:171  Active:341
Progress: Mon, 07 Dec 2015 21:36:43+0000  Submitted:155  Active:357
Progress: Mon, 07 Dec 2015 21:36:45+0000  Submitted:139  Active:373
Progress: Mon, 07 Dec 2015 21:37:15+0000  Submitted:139  Active:373
Progress: Mon, 07 Dec 2015 21:37:45+0000  Submitted:139  Active:373
Progress: Mon, 07 Dec 2015 21:38:15+0000  Submitted:139  Active:373
Progress: Mon, 07 Dec 2015 21:38:45+0000  Submitted:139  Active:373
Progress: Mon, 07 Dec 2015 21:39:15+0000  Submitted:139  Active:373
Progress: Mon, 07 Dec 2015 21:39:45+0000  Submitted:139  Active:373
Progress: Mon, 07 Dec 2015 21:40:15+0000  Submitted:139  Active:373
Progress: Mon, 07 Dec 2015 21:40:45+0000  Submitted:139  Active:373
Progress: Mon, 07 Dec 2015 21:41:15+0000  Submitted:139  Active:373
Progress: Mon, 07 Dec 2015 21:41:45+0000  Submitted:139  Active:373
Progress: Mon, 07 Dec 2015 21:42:15+0000  Submitted:139  Active:373
Progress: Mon, 07 Dec 2015 21:42:45+0000  Submitted:139  Active:373
Progress: Mon, 07 Dec 2015 21:43:15+0000  Submitted:139  Active:373
Progress: Mon, 07 Dec 2015 21:43:45+0000  Submitted:139  Active:373
Progress: Mon, 07 Dec 2015 21:44:15+0000  Submitted:139  Active:373
Progress: Mon, 07 Dec 2015 21:44:45+0000  Submitted:139  Active:373
Progress: Mon, 07 Dec 2015 21:45:15+0000  Submitted:139  Active:373
Progress: Mon, 07 Dec 2015 21:45:45+0000  Submitted:139  Active:373
Progress: Mon, 07 Dec 2015 21:46:15+0000  Submitted:139  Active:373
Progress: Mon, 07 Dec 2015 21:46:45+0000  Submitted:139  Active:373
Progress: Mon, 07 Dec 2015 21:47:12+0000  Submitted:139  Active:357  Stage out:6  Finished successfully:10
Progress: Mon, 07 Dec 2015 21:47:13+0000  Submitted:139  Active:357  Finished successfully:16
Progress: Mon, 07 Dec 2015 21:47:15+0000  Submitted:139  Active:332  Stage out:5  Finished successfully:36
Progress: Mon, 07 Dec 2015 21:47:16+0000  Submitted:139  Active:309  Finished successfully:64
Progress: Mon, 07 Dec 2015 21:47:36+0000  Submitted:139  Active:293  Finished successfully:80
Progress: Mon, 07 Dec 2015 21:47:39+0000  Submitted:139  Active:245  Finished successfully:128
Progress: Mon, 07 Dec 2015 21:47:54+0000  Submitted:139  Active:244  Stage out:1  Finished successfully:128
Progress: Mon, 07 Dec 2015 21:47:55+0000  Submitted:139  Active:229  Finished successfully:144
Progress: Mon, 07 Dec 2015 21:47:58+0000  Submitted:139  Active:181  Stage out:19  Finished successfully:173
Progress: Mon, 07 Dec 2015 21:47:59+0000  Submitted:139  Active:181  Finished successfully:192
Progress: Mon, 07 Dec 2015 21:48:17+0000  Submitted:139  Active:161  Stage out:15  Finished successfully:197
Progress: Mon, 07 Dec 2015 21:48:18+0000  Submitted:139  Active:117  Finished successfully:256
Progress: Mon, 07 Dec 2015 21:48:33+0000  Submitted:139  Active:111  Stage out:6  Finished successfully:256
Progress: Mon, 07 Dec 2015 21:48:34+0000  Submitted:139  Active:101  Finished successfully:272
Progress: Mon, 07 Dec 2015 21:48:36+0000  Submitted:139  Active:96  Finished successfully:277
Progress: Mon, 07 Dec 2015 21:48:40+0000  Submitted:139  Active:88  Stage out:8  Finished successfully:277
Progress: Mon, 07 Dec 2015 21:48:41+0000  Submitted:139  Active:80  Finished successfully:293
Progress: Mon, 07 Dec 2015 21:48:42+0000  Submitted:139  Active:64  Finished successfully:309
Progress: Mon, 07 Dec 2015 21:49:12+0000  Submitted:139  Active:64  Finished successfully:309
Progress: Mon, 07 Dec 2015 21:49:41+0000  Submitted:139  Active:32  Stage out:7  Finished successfully:334
Progress: Mon, 07 Dec 2015 21:49:42+0000  Submitted:139  Active:32  Finished successfully:341
Progress: Mon, 07 Dec 2015 21:50:12+0000  Submitted:139  Active:32  Finished successfully:341
Progress: Mon, 07 Dec 2015 21:50:42+0000  Submitted:139  Active:32  Finished successfully:341
Progress: Mon, 07 Dec 2015 21:51:12+0000  Submitted:139  Active:32  Finished successfully:341
Progress: Mon, 07 Dec 2015 21:51:42+0000  Submitted:139  Active:32  Finished successfully:341
Progress: Mon, 07 Dec 2015 21:51:43+0000  Submitted:139  Active:16  Finished successfully:357
Progress: Mon, 07 Dec 2015 21:51:45+0000  Submitted:139  Finished successfully:373
Progress: Mon, 07 Dec 2015 21:52:15+0000  Submitted:139  Finished successfully:373
Progress: Mon, 07 Dec 2015 21:52:45+0000  Submitted:139  Finished successfully:373
Progress: Mon, 07 Dec 2015 21:53:15+0000  Submitted:139  Finished successfully:373
Progress: Mon, 07 Dec 2015 21:53:45+0000  Submitted:139  Finished successfully:373
Progress: Mon, 07 Dec 2015 21:54:15+0000  Submitted:139  Finished successfully:373
Progress: Mon, 07 Dec 2015 21:54:45+0000  Submitted:139  Finished successfully:373
Progress: Mon, 07 Dec 2015 21:55:15+0000  Submitted:139  Finished successfully:373
Progress: Mon, 07 Dec 2015 21:55:45+0000  Submitted:139  Finished successfully:373
Progress: Mon, 07 Dec 2015 21:56:15+0000  Submitted:139  Finished successfully:373
Progress: Mon, 07 Dec 2015 21:56:45+0000  Submitted:139  Finished successfully:373
Progress: Mon, 07 Dec 2015 21:57:15+0000  Submitted:139  Finished successfully:373
Progress: Mon, 07 Dec 2015 21:57:45+0000  Submitted:139  Finished successfully:373
Progress: Mon, 07 Dec 2015 21:58:15+0000  Submitted:139  Finished successfully:373
Progress: Mon, 07 Dec 2015 21:58:45+0000  Submitted:139  Finished successfully:373
Progress: Mon, 07 Dec 2015 21:59:15+0000  Submitted:139  Finished successfully:373
Progress: Mon, 07 Dec 2015 21:59:45+0000  Submitted:139  Finished successfully:373
Progress: Mon, 07 Dec 2015 22:00:15+0000  Submitted:139  Finished successfully:373
Progress: Mon, 07 Dec 2015 22:00:45+0000  Submitted:139  Finished successfully:373
Progress: Mon, 07 Dec 2015 22:01:15+0000  Submitted:139  Finished successfully:373
Progress: Mon, 07 Dec 2015 22:01:45+0000  Submitted:139  Finished successfully:373
Progress: Mon, 07 Dec 2015 22:02:15+0000  Submitted:139  Finished successfully:373
Progress: Mon, 07 Dec 2015 22:02:45+0000  Submitted:139  Finished successfully:373
Progress: Mon, 07 Dec 2015 22:03:15+0000  Submitted:139  Finished successfully:373
Progress: Mon, 07 Dec 2015 22:03:45+0000  Submitted:139  Finished successfully:373
Progress: Mon, 07 Dec 2015 22:04:15+0000  Submitted:139  Finished successfully:373
Progress: Mon, 07 Dec 2015 22:04:45+0000  Submitted:139  Finished successfully:373
Progress: Mon, 07 Dec 2015 22:05:15+0000  Submitted:139  Finished successfully:373
Progress: Mon, 07 Dec 2015 22:05:45+0000  Submitted:139  Finished successfully:373
Progress: Mon, 07 Dec 2015 22:06:15+0000  Submitted:139  Finished successfully:373
Progress: Mon, 07 Dec 2015 22:06:45+0000  Submitted:139  Finished successfully:373
Progress: Mon, 07 Dec 2015 22:07:15+0000  Submitted:139  Finished successfully:373
Progress: Mon, 07 Dec 2015 22:07:45+0000  Submitted:139  Finished successfully:373
Progress: Mon, 07 Dec 2015 22:08:15+0000  Submitted:139  Finished successfully:373
Progress: Mon, 07 Dec 2015 22:08:45+0000  Submitted:139  Finished successfully:373
Progress: Mon, 07 Dec 2015 22:09:15+0000  Submitted:139  Finished successfully:373
Progress: Mon, 07 Dec 2015 22:09:45+0000  Submitted:139  Finished successfully:373
Progress: Mon, 07 Dec 2015 22:10:15+0000  Submitted:139  Finished successfully:373
Progress: Mon, 07 Dec 2015 22:10:45+0000  Submitted:139  Finished successfully:373
Progress: Mon, 07 Dec 2015 22:11:15+0000  Submitted:139  Finished successfully:373
Progress: Mon, 07 Dec 2015 22:11:45+0000  Submitted:139  Finished successfully:373
Progress: Mon, 07 Dec 2015 22:12:15+0000  Submitted:139  Finished successfully:373
Progress: Mon, 07 Dec 2015 22:12:32+0000  Submitted:107  Active:32  Finished successfully:373
Progress: Mon, 07 Dec 2015 22:13:02+0000  Submitted:107  Active:32  Finished successfully:373
Progress: Mon, 07 Dec 2015 22:13:30+0000  Submitted:75  Active:64  Finished successfully:373
Progress: Mon, 07 Dec 2015 22:14:00+0000  Submitted:75  Active:64  Finished successfully:373
Progress: Mon, 07 Dec 2015 22:14:02+0000  Submitted:43  Active:96  Finished successfully:373
Progress: Mon, 07 Dec 2015 22:14:30+0000  Stage in:14  Submitted:13  Active:112  Finished successfully:373
Progress: Mon, 07 Dec 2015 22:14:31+0000  Submitted:11  Active:128  Finished successfully:373
Progress: Mon, 07 Dec 2015 22:15:01+0000  Submitted:11  Active:128  Finished successfully:373
Progress: Mon, 07 Dec 2015 22:15:08+0000  Active:139  Finished successfully:373
Progress: Mon, 07 Dec 2015 22:15:38+0000  Active:139  Finished successfully:373
Progress: Mon, 07 Dec 2015 22:16:08+0000  Active:139  Finished successfully:373
Progress: Mon, 07 Dec 2015 22:16:38+0000  Active:139  Finished successfully:373
Progress: Mon, 07 Dec 2015 22:17:08+0000  Active:139  Finished successfully:373
Progress: Mon, 07 Dec 2015 22:17:38+0000  Active:139  Finished successfully:373
Progress: Mon, 07 Dec 2015 22:18:08+0000  Active:139  Finished successfully:373
Progress: Mon, 07 Dec 2015 22:18:38+0000  Active:139  Finished successfully:373
Progress: Mon, 07 Dec 2015 22:19:08+0000  Active:139  Finished successfully:373
Progress: Mon, 07 Dec 2015 22:19:38+0000  Active:139  Finished successfully:373
Progress: Mon, 07 Dec 2015 22:20:08+0000  Active:139  Finished successfully:373
Progress: Mon, 07 Dec 2015 22:20:38+0000  Active:139  Finished successfully:373
Progress: Mon, 07 Dec 2015 22:21:08+0000  Active:139  Finished successfully:373
Progress: Mon, 07 Dec 2015 22:21:38+0000  Active:139  Finished successfully:373
Progress: Mon, 07 Dec 2015 22:22:08+0000  Active:139  Finished successfully:373
Progress: Mon, 07 Dec 2015 22:22:38+0000  Active:139  Finished successfully:373
Progress: Mon, 07 Dec 2015 22:23:08+0000  Active:139  Finished successfully:373
Progress: Mon, 07 Dec 2015 22:23:38+0000  Active:139  Finished successfully:373
Progress: Mon, 07 Dec 2015 22:24:08+0000  Active:139  Finished successfully:373
Progress: Mon, 07 Dec 2015 22:24:38+0000  Active:139  Finished successfully:373
Progress: Mon, 07 Dec 2015 22:25:08+0000  Active:139  Finished successfully:373
Progress: Mon, 07 Dec 2015 22:25:38+0000  Active:139  Finished successfully:373
Progress: Mon, 07 Dec 2015 22:26:08+0000  Active:139  Finished successfully:373
Progress: Mon, 07 Dec 2015 22:26:38+0000  Active:139  Finished successfully:373
Progress: Mon, 07 Dec 2015 22:27:08+0000  Active:139  Finished successfully:373
Progress: Mon, 07 Dec 2015 22:27:32+0000  Active:107  Finished successfully:405
Progress: Mon, 07 Dec 2015 22:28:02+0000  Active:107  Finished successfully:405
Progress: Mon, 07 Dec 2015 22:28:30+0000  Active:75  Stage out:1  Finished successfully:436
Progress: Mon, 07 Dec 2015 22:28:31+0000  Active:75  Finished successfully:437
Progress: Mon, 07 Dec 2015 22:29:01+0000  Active:75  Finished successfully:437
Progress: Mon, 07 Dec 2015 22:29:02+0000  Active:43  Finished successfully:469
Progress: Mon, 07 Dec 2015 22:29:30+0000  Active:16  Stage out:11  Finished successfully:485
Progress: Mon, 07 Dec 2015 22:29:31+0000  Active:11  Finished successfully:501
Progress: Mon, 07 Dec 2015 22:30:01+0000  Active:11  Finished successfully:501
Final status: Mon, 07 Dec 2015 22:30:08+0000  Finished successfully:512
Swift did not shut down 10 seconds after the run completed


Waiting JVM threads:
	Thread "I/O Queue" (0x00000045) TIMED_WAITING
		waiting for org.globus.cog.abstraction.impl.file.coaster.buffers.Buffers (0x6106258e)
	Stack trace:
		java.lang.Object.wait
		org.globus.cog.abstraction.impl.file.coaster.buffers.Buffers.run:215

	Thread "I/O Queue" (0x00000044) TIMED_WAITING
		waiting for org.globus.cog.abstraction.impl.file.coaster.buffers.Buffers (0x4770cfdf)
	Stack trace:
		java.lang.Object.wait
		org.globus.cog.abstraction.impl.file.coaster.buffers.Buffers.run:215

	Thread "Sender GSSChannel" (0x00000043) WAITING
		waiting for java.util.concurrent.locks.AbstractQueuedSynchronizer$ConditionObject (0x2348c47e)
	Stack trace:
		sun.misc.Unsafe.park
		java.util.concurrent.locks.LockSupport.park:186
		java.util.concurrent.locks.AbstractQueuedSynchronizer$ConditionObject.await:2043
		java.util.concurrent.LinkedBlockingQueue.take:442
		org.globus.cog.coaster.channels.Sender.run:75

	Thread "Timer-1" (0x00000042) TIMED_WAITING
		waiting for java.util.TaskQueue (0x7e5c3e4a)
	Stack trace:
		java.lang.Object.wait
		java.util.TimerThread.mainLoop:552
		java.util.TimerThread.run:505

	Thread "Channel multiplexer 1" (0x00000041) TIMED_WAITING
	Stack trace:
		java.lang.Thread.sleep
		org.globus.cog.coaster.channels.Multiplexer.run:132

	Thread "Channel multiplexer 0" (0x00000040) TIMED_WAITING
	Stack trace:
		java.lang.Thread.sleep
		org.globus.cog.coaster.channels.Multiplexer.run:132

	Thread "pool-3-thread-3" (0x0000003c) TIMED_WAITING
	Synchronizers held:
		java.util.concurrent.ThreadPoolExecutor$Worker (0x18eb57cd)
	Stack trace:
		java.lang.Thread.sleep
		org.globus.cog.abstraction.impl.execution.local.JobSubmissionTaskHandler$Processor.run2:658
		org.globus.cog.abstraction.impl.execution.local.JobSubmissionTaskHandler$Processor.run:625
		java.util.concurrent.ThreadPoolExecutor.runWorker:1145
		java.util.concurrent.ThreadPoolExecutor$Worker.run:615
		java.lang.Thread.run:745

	Thread "pool-3-thread-1" (0x0000003a) WAITING
		waiting for org.globus.cog.abstraction.impl.execution.local.JobSubmissionTaskHandler$Processor (0x59fdad15)
	Synchronizers held:
		java.util.concurrent.ThreadPoolExecutor$Worker (0x20863362)
	Stack trace:
		java.lang.Object.wait
		java.lang.Object.wait:503
		org.globus.cog.abstraction.impl.execution.local.JobSubmissionTaskHandler$Processor.waitFor:699
		org.globus.cog.abstraction.impl.execution.local.JobSubmissionTaskHandler.run:241
		java.util.concurrent.Executors$RunnableAdapter.call:471
		java.util.concurrent.FutureTask.run:262
		java.util.concurrent.ThreadPoolExecutor.runWorker:1145
		java.util.concurrent.ThreadPoolExecutor$Worker.run:615
		java.lang.Thread.run:745

	Thread "NBS11" (0x00000035) WAITING
		waiting for java.util.concurrent.locks.AbstractQueuedSynchronizer$ConditionObject (0x6e829fbd)
	Stack trace:
		sun.misc.Unsafe.park
		java.util.concurrent.locks.LockSupport.park:186
		java.util.concurrent.locks.AbstractQueuedSynchronizer$ConditionObject.await:2043
		java.util.concurrent.LinkedBlockingQueue.take:442
		java.util.concurrent.ThreadPoolExecutor.getTask:1068
		java.util.concurrent.ThreadPoolExecutor.runWorker:1130
		java.util.concurrent.ThreadPoolExecutor$Worker.run:615
		java.lang.Thread.run:745

	Thread "NBS10" (0x00000034) WAITING
		waiting for java.util.concurrent.locks.AbstractQueuedSynchronizer$ConditionObject (0x6e829fbd)
	Stack trace:
		sun.misc.Unsafe.park
		java.util.concurrent.locks.LockSupport.park:186
		java.util.concurrent.locks.AbstractQueuedSynchronizer$ConditionObject.await:2043
		java.util.concurrent.LinkedBlockingQueue.take:442
		java.util.concurrent.ThreadPoolExecutor.getTask:1068
		java.util.concurrent.ThreadPoolExecutor.runWorker:1130
		java.util.concurrent.ThreadPoolExecutor$Worker.run:615
		java.lang.Thread.run:745

	Thread "NBS9" (0x00000032) WAITING
		waiting for java.util.concurrent.locks.AbstractQueuedSynchronizer$ConditionObject (0x6e829fbd)
	Stack trace:
		sun.misc.Unsafe.park
		java.util.concurrent.locks.LockSupport.park:186
		java.util.concurrent.locks.AbstractQueuedSynchronizer$ConditionObject.await:2043
		java.util.concurrent.LinkedBlockingQueue.take:442
		java.util.concurrent.ThreadPoolExecutor.getTask:1068
		java.util.concurrent.ThreadPoolExecutor.runWorker:1130
		java.util.concurrent.ThreadPoolExecutor$Worker.run:615
		java.lang.Thread.run:745

	Thread "NBS8" (0x00000031) WAITING
		waiting for java.util.concurrent.locks.AbstractQueuedSynchronizer$ConditionObject (0x6e829fbd)
	Stack trace:
		sun.misc.Unsafe.park
		java.util.concurrent.locks.LockSupport.park:186
		java.util.concurrent.locks.AbstractQueuedSynchronizer$ConditionObject.await:2043
		java.util.concurrent.LinkedBlockingQueue.take:442
		java.util.concurrent.ThreadPoolExecutor.getTask:1068
		java.util.concurrent.ThreadPoolExecutor.runWorker:1130
		java.util.concurrent.ThreadPoolExecutor$Worker.run:615
		java.lang.Thread.run:745

	Thread "NBS7" (0x00000030) WAITING
		waiting for java.util.concurrent.locks.AbstractQueuedSynchronizer$ConditionObject (0x6e829fbd)
	Stack trace:
		sun.misc.Unsafe.park
		java.util.concurrent.locks.LockSupport.park:186
		java.util.concurrent.locks.AbstractQueuedSynchronizer$ConditionObject.await:2043
		java.util.concurrent.LinkedBlockingQueue.take:442
		java.util.concurrent.ThreadPoolExecutor.getTask:1068
		java.util.concurrent.ThreadPoolExecutor.runWorker:1130
		java.util.concurrent.ThreadPoolExecutor$Worker.run:615
		java.lang.Thread.run:745

	Thread "NBS6" (0x0000002f) WAITING
		waiting for java.util.concurrent.locks.AbstractQueuedSynchronizer$ConditionObject (0x6e829fbd)
	Stack trace:
		sun.misc.Unsafe.park
		java.util.concurrent.locks.LockSupport.park:186
		java.util.concurrent.locks.AbstractQueuedSynchronizer$ConditionObject.await:2043
		java.util.concurrent.LinkedBlockingQueue.take:442
		java.util.concurrent.ThreadPoolExecutor.getTask:1068
		java.util.concurrent.ThreadPoolExecutor.runWorker:1130
		java.util.concurrent.ThreadPoolExecutor$Worker.run:615
		java.lang.Thread.run:745

	Thread "NBS5" (0x0000002e) WAITING
		waiting for java.util.concurrent.locks.AbstractQueuedSynchronizer$ConditionObject (0x6e829fbd)
	Stack trace:
		sun.misc.Unsafe.park
		java.util.concurrent.locks.LockSupport.park:186
		java.util.concurrent.locks.AbstractQueuedSynchronizer$ConditionObject.await:2043
		java.util.concurrent.LinkedBlockingQueue.take:442
		java.util.concurrent.ThreadPoolExecutor.getTask:1068
		java.util.concurrent.ThreadPoolExecutor.runWorker:1130
		java.util.concurrent.ThreadPoolExecutor$Worker.run:615
		java.lang.Thread.run:745

	Thread "NBS4" (0x0000002d) WAITING
		waiting for java.util.concurrent.locks.AbstractQueuedSynchronizer$ConditionObject (0x6e829fbd)
	Stack trace:
		sun.misc.Unsafe.park
		java.util.concurrent.locks.LockSupport.park:186
		java.util.concurrent.locks.AbstractQueuedSynchronizer$ConditionObject.await:2043
		java.util.concurrent.LinkedBlockingQueue.take:442
		java.util.concurrent.ThreadPoolExecutor.getTask:1068
		java.util.concurrent.ThreadPoolExecutor.runWorker:1130
		java.util.concurrent.ThreadPoolExecutor$Worker.run:615
		java.lang.Thread.run:745

	Thread "NBS3" (0x0000002c) WAITING
		waiting for java.util.concurrent.locks.AbstractQueuedSynchronizer$ConditionObject (0x6e829fbd)
	Stack trace:
		sun.misc.Unsafe.park
		java.util.concurrent.locks.LockSupport.park:186
		java.util.concurrent.locks.AbstractQueuedSynchronizer$ConditionObject.await:2043
		java.util.concurrent.LinkedBlockingQueue.take:442
		java.util.concurrent.ThreadPoolExecutor.getTask:1068
		java.util.concurrent.ThreadPoolExecutor.runWorker:1130
		java.util.concurrent.ThreadPoolExecutor$Worker.run:615
		java.lang.Thread.run:745

	Thread "pool-1-thread-24" (0x0000002b) WAITING
		waiting for java.util.concurrent.locks.AbstractQueuedSynchronizer$ConditionObject (0x41c569f9)
	Stack trace:
		sun.misc.Unsafe.park
		java.util.concurrent.locks.LockSupport.park:186
		java.util.concurrent.locks.AbstractQueuedSynchronizer$ConditionObject.await:2043
		java.util.concurrent.LinkedBlockingQueue.take:442
		java.util.concurrent.ThreadPoolExecutor.getTask:1068
		java.util.concurrent.ThreadPoolExecutor.runWorker:1130
		java.util.concurrent.ThreadPoolExecutor$Worker.run:615
		java.lang.Thread.run:745

	Thread "pool-1-thread-23" (0x0000002a) WAITING
		waiting for java.util.concurrent.locks.AbstractQueuedSynchronizer$ConditionObject (0x41c569f9)
	Stack trace:
		sun.misc.Unsafe.park
		java.util.concurrent.locks.LockSupport.park:186
		java.util.concurrent.locks.AbstractQueuedSynchronizer$ConditionObject.await:2043
		java.util.concurrent.LinkedBlockingQueue.take:442
		java.util.concurrent.ThreadPoolExecutor.getTask:1068
		java.util.concurrent.ThreadPoolExecutor.runWorker:1130
		java.util.concurrent.ThreadPoolExecutor$Worker.run:615
		java.lang.Thread.run:745

	Thread "pool-1-thread-22" (0x00000029) WAITING
		waiting for java.util.concurrent.locks.AbstractQueuedSynchronizer$ConditionObject (0x41c569f9)
	Stack trace:
		sun.misc.Unsafe.park
		java.util.concurrent.locks.LockSupport.park:186
		java.util.concurrent.locks.AbstractQueuedSynchronizer$ConditionObject.await:2043
		java.util.concurrent.LinkedBlockingQueue.take:442
		java.util.concurrent.ThreadPoolExecutor.getTask:1068
		java.util.concurrent.ThreadPoolExecutor.runWorker:1130
		java.util.concurrent.ThreadPoolExecutor$Worker.run:615
		java.lang.Thread.run:745

	Thread "pool-1-thread-21" (0x00000028) WAITING
		waiting for java.util.concurrent.locks.AbstractQueuedSynchronizer$ConditionObject (0x41c569f9)
	Stack trace:
		sun.misc.Unsafe.park
		java.util.concurrent.locks.LockSupport.park:186
		java.util.concurrent.locks.AbstractQueuedSynchronizer$ConditionObject.await:2043
		java.util.concurrent.LinkedBlockingQueue.take:442
		java.util.concurrent.ThreadPoolExecutor.getTask:1068
		java.util.concurrent.ThreadPoolExecutor.runWorker:1130
		java.util.concurrent.ThreadPoolExecutor$Worker.run:615
		java.lang.Thread.run:745

	Thread "pool-1-thread-20" (0x00000027) WAITING
		waiting for java.util.concurrent.locks.AbstractQueuedSynchronizer$ConditionObject (0x41c569f9)
	Stack trace:
		sun.misc.Unsafe.park
		java.util.concurrent.locks.LockSupport.park:186
		java.util.concurrent.locks.AbstractQueuedSynchronizer$ConditionObject.await:2043
		java.util.concurrent.LinkedBlockingQueue.take:442
		java.util.concurrent.ThreadPoolExecutor.getTask:1068
		java.util.concurrent.ThreadPoolExecutor.runWorker:1130
		java.util.concurrent.ThreadPoolExecutor$Worker.run:615
		java.lang.Thread.run:745

	Thread "pool-1-thread-19" (0x00000026) WAITING
		waiting for java.util.concurrent.locks.AbstractQueuedSynchronizer$ConditionObject (0x41c569f9)
	Stack trace:
		sun.misc.Unsafe.park
		java.util.concurrent.locks.LockSupport.park:186
		java.util.concurrent.locks.AbstractQueuedSynchronizer$ConditionObject.await:2043
		java.util.concurrent.LinkedBlockingQueue.take:442
		java.util.concurrent.ThreadPoolExecutor.getTask:1068
		java.util.concurrent.ThreadPoolExecutor.runWorker:1130
		java.util.concurrent.ThreadPoolExecutor$Worker.run:615
		java.lang.Thread.run:745

	Thread "pool-1-thread-18" (0x00000025) WAITING
		waiting for java.util.concurrent.locks.AbstractQueuedSynchronizer$ConditionObject (0x41c569f9)
	Stack trace:
		sun.misc.Unsafe.park
		java.util.concurrent.locks.LockSupport.park:186
		java.util.concurrent.locks.AbstractQueuedSynchronizer$ConditionObject.await:2043
		java.util.concurrent.LinkedBlockingQueue.take:442
		java.util.concurrent.ThreadPoolExecutor.getTask:1068
		java.util.concurrent.ThreadPoolExecutor.runWorker:1130
		java.util.concurrent.ThreadPoolExecutor$Worker.run:615
		java.lang.Thread.run:745

	Thread "pool-1-thread-17" (0x00000024) WAITING
		waiting for java.util.concurrent.locks.AbstractQueuedSynchronizer$ConditionObject (0x41c569f9)
	Stack trace:
		sun.misc.Unsafe.park
		java.util.concurrent.locks.LockSupport.park:186
		java.util.concurrent.locks.AbstractQueuedSynchronizer$ConditionObject.await:2043
		java.util.concurrent.LinkedBlockingQueue.take:442
		java.util.concurrent.ThreadPoolExecutor.getTask:1068
		java.util.concurrent.ThreadPoolExecutor.runWorker:1130
		java.util.concurrent.ThreadPoolExecutor$Worker.run:615
		java.lang.Thread.run:745

	Thread "pool-1-thread-16" (0x00000023) WAITING
		waiting for java.util.concurrent.locks.AbstractQueuedSynchronizer$ConditionObject (0x41c569f9)
	Stack trace:
		sun.misc.Unsafe.park
		java.util.concurrent.locks.LockSupport.park:186
		java.util.concurrent.locks.AbstractQueuedSynchronizer$ConditionObject.await:2043
		java.util.concurrent.LinkedBlockingQueue.take:442
		java.util.concurrent.ThreadPoolExecutor.getTask:1068
		java.util.concurrent.ThreadPoolExecutor.runWorker:1130
		java.util.concurrent.ThreadPoolExecutor$Worker.run:615
		java.lang.Thread.run:745

	Thread "pool-1-thread-15" (0x00000022) WAITING
		waiting for java.util.concurrent.locks.AbstractQueuedSynchronizer$ConditionObject (0x41c569f9)
	Stack trace:
		sun.misc.Unsafe.park
		java.util.concurrent.locks.LockSupport.park:186
		java.util.concurrent.locks.AbstractQueuedSynchronizer$ConditionObject.await:2043
		java.util.concurrent.LinkedBlockingQueue.take:442
		java.util.concurrent.ThreadPoolExecutor.getTask:1068
		java.util.concurrent.ThreadPoolExecutor.runWorker:1130
		java.util.concurrent.ThreadPoolExecutor$Worker.run:615
		java.lang.Thread.run:745

	Thread "pool-1-thread-14" (0x00000021) WAITING
		waiting for java.util.concurrent.locks.AbstractQueuedSynchronizer$ConditionObject (0x41c569f9)
	Stack trace:
		sun.misc.Unsafe.park
		java.util.concurrent.locks.LockSupport.park:186
		java.util.concurrent.locks.AbstractQueuedSynchronizer$ConditionObject.await:2043
		java.util.concurrent.LinkedBlockingQueue.take:442
		java.util.concurrent.ThreadPoolExecutor.getTask:1068
		java.util.concurrent.ThreadPoolExecutor.runWorker:1130
		java.util.concurrent.ThreadPoolExecutor$Worker.run:615
		java.lang.Thread.run:745

	Thread "pool-1-thread-13" (0x00000020) WAITING
		waiting for java.util.concurrent.locks.AbstractQueuedSynchronizer$ConditionObject (0x41c569f9)
	Stack trace:
		sun.misc.Unsafe.park
		java.util.concurrent.locks.LockSupport.park:186
		java.util.concurrent.locks.AbstractQueuedSynchronizer$ConditionObject.await:2043
		java.util.concurrent.LinkedBlockingQueue.take:442
		java.util.concurrent.ThreadPoolExecutor.getTask:1068
		java.util.concurrent.ThreadPoolExecutor.runWorker:1130
		java.util.concurrent.ThreadPoolExecutor$Worker.run:615
		java.lang.Thread.run:745

	Thread "pool-1-thread-12" (0x0000001f) WAITING
		waiting for java.util.concurrent.locks.AbstractQueuedSynchronizer$ConditionObject (0x41c569f9)
	Stack trace:
		sun.misc.Unsafe.park
		java.util.concurrent.locks.LockSupport.park:186
		java.util.concurrent.locks.AbstractQueuedSynchronizer$ConditionObject.await:2043
		java.util.concurrent.LinkedBlockingQueue.take:442
		java.util.concurrent.ThreadPoolExecutor.getTask:1068
		java.util.concurrent.ThreadPoolExecutor.runWorker:1130
		java.util.concurrent.ThreadPoolExecutor$Worker.run:615
		java.lang.Thread.run:745

	Thread "pool-1-thread-11" (0x0000001e) WAITING
		waiting for java.util.concurrent.locks.AbstractQueuedSynchronizer$ConditionObject (0x41c569f9)
	Stack trace:
		sun.misc.Unsafe.park
		java.util.concurrent.locks.LockSupport.park:186
		java.util.concurrent.locks.AbstractQueuedSynchronizer$ConditionObject.await:2043
		java.util.concurrent.LinkedBlockingQueue.take:442
		java.util.concurrent.ThreadPoolExecutor.getTask:1068
		java.util.concurrent.ThreadPoolExecutor.runWorker:1130
		java.util.concurrent.ThreadPoolExecutor$Worker.run:615
		java.lang.Thread.run:745

	Thread "pool-1-thread-10" (0x0000001d) WAITING
		waiting for java.util.concurrent.locks.AbstractQueuedSynchronizer$ConditionObject (0x41c569f9)
	Stack trace:
		sun.misc.Unsafe.park
		java.util.concurrent.locks.LockSupport.park:186
		java.util.concurrent.locks.AbstractQueuedSynchronizer$ConditionObject.await:2043
		java.util.concurrent.LinkedBlockingQueue.take:442
		java.util.concurrent.ThreadPoolExecutor.getTask:1068
		java.util.concurrent.ThreadPoolExecutor.runWorker:1130
		java.util.concurrent.ThreadPoolExecutor$Worker.run:615
		java.lang.Thread.run:745

	Thread "pool-1-thread-9" (0x0000001c) WAITING
		waiting for java.util.concurrent.locks.AbstractQueuedSynchronizer$ConditionObject (0x41c569f9)
	Stack trace:
		sun.misc.Unsafe.park
		java.util.concurrent.locks.LockSupport.park:186
		java.util.concurrent.locks.AbstractQueuedSynchronizer$ConditionObject.await:2043
		java.util.concurrent.LinkedBlockingQueue.take:442
		java.util.concurrent.ThreadPoolExecutor.getTask:1068
		java.util.concurrent.ThreadPoolExecutor.runWorker:1130
		java.util.concurrent.ThreadPoolExecutor$Worker.run:615
		java.lang.Thread.run:745

	Thread "pool-1-thread-8" (0x0000001b) WAITING
		waiting for java.util.concurrent.locks.AbstractQueuedSynchronizer$ConditionObject (0x41c569f9)
	Stack trace:
		sun.misc.Unsafe.park
		java.util.concurrent.locks.LockSupport.park:186
		java.util.concurrent.locks.AbstractQueuedSynchronizer$ConditionObject.await:2043
		java.util.concurrent.LinkedBlockingQueue.take:442
		java.util.concurrent.ThreadPoolExecutor.getTask:1068
		java.util.concurrent.ThreadPoolExecutor.runWorker:1130
		java.util.concurrent.ThreadPoolExecutor$Worker.run:615
		java.lang.Thread.run:745

	Thread "pool-1-thread-7" (0x0000001a) WAITING
		waiting for java.util.concurrent.locks.AbstractQueuedSynchronizer$ConditionObject (0x41c569f9)
	Stack trace:
		sun.misc.Unsafe.park
		java.util.concurrent.locks.LockSupport.park:186
		java.util.concurrent.locks.AbstractQueuedSynchronizer$ConditionObject.await:2043
		java.util.concurrent.LinkedBlockingQueue.take:442
		java.util.concurrent.ThreadPoolExecutor.getTask:1068
		java.util.concurrent.ThreadPoolExecutor.runWorker:1130
		java.util.concurrent.ThreadPoolExecutor$Worker.run:615
		java.lang.Thread.run:745

	Thread "pool-1-thread-6" (0x00000019) WAITING
		waiting for java.util.concurrent.locks.AbstractQueuedSynchronizer$ConditionObject (0x41c569f9)
	Stack trace:
		sun.misc.Unsafe.park
		java.util.concurrent.locks.LockSupport.park:186
		java.util.concurrent.locks.AbstractQueuedSynchronizer$ConditionObject.await:2043
		java.util.concurrent.LinkedBlockingQueue.take:442
		java.util.concurrent.ThreadPoolExecutor.getTask:1068
		java.util.concurrent.ThreadPoolExecutor.runWorker:1130
		java.util.concurrent.ThreadPoolExecutor$Worker.run:615
		java.lang.Thread.run:745

	Thread "pool-1-thread-5" (0x00000018) WAITING
		waiting for java.util.concurrent.locks.AbstractQueuedSynchronizer$ConditionObject (0x41c569f9)
	Stack trace:
		sun.misc.Unsafe.park
		java.util.concurrent.locks.LockSupport.park:186
		java.util.concurrent.locks.AbstractQueuedSynchronizer$ConditionObject.await:2043
		java.util.concurrent.LinkedBlockingQueue.take:442
		java.util.concurrent.ThreadPoolExecutor.getTask:1068
		java.util.concurrent.ThreadPoolExecutor.runWorker:1130
		java.util.concurrent.ThreadPoolExecutor$Worker.run:615
		java.lang.Thread.run:745

	Thread "Restart Log Sync" (0x00000015) WAITING
		waiting for org.globus.cog.karajan.compiled.nodes.restartLog.SyncThread (0x07b07c2b)
	Stack trace:
		java.lang.Object.wait
		java.lang.Object.wait:503
		org.globus.cog.karajan.compiled.nodes.restartLog.SyncThread.run:66

	Thread "pool-1-thread-4" (0x00000014) WAITING
		waiting for java.util.concurrent.locks.AbstractQueuedSynchronizer$ConditionObject (0x41c569f9)
	Stack trace:
		sun.misc.Unsafe.park
		java.util.concurrent.locks.LockSupport.park:186
		java.util.concurrent.locks.AbstractQueuedSynchronizer$ConditionObject.await:2043
		java.util.concurrent.LinkedBlockingQueue.take:442
		java.util.concurrent.ThreadPoolExecutor.getTask:1068
		java.util.concurrent.ThreadPoolExecutor.runWorker:1130
		java.util.concurrent.ThreadPoolExecutor$Worker.run:615
		java.lang.Thread.run:745

	Thread "NBS2" (0x00000013) WAITING
		waiting for java.util.concurrent.locks.AbstractQueuedSynchronizer$ConditionObject (0x6e829fbd)
	Stack trace:
		sun.misc.Unsafe.park
		java.util.concurrent.locks.LockSupport.park:186
		java.util.concurrent.locks.AbstractQueuedSynchronizer$ConditionObject.await:2043
		java.util.concurrent.LinkedBlockingQueue.take:442
		java.util.concurrent.ThreadPoolExecutor.getTask:1068
		java.util.concurrent.ThreadPoolExecutor.runWorker:1130
		java.util.concurrent.ThreadPoolExecutor$Worker.run:615
		java.lang.Thread.run:745

	Thread "pool-1-thread-3" (0x00000012) WAITING
		waiting for java.util.concurrent.locks.AbstractQueuedSynchronizer$ConditionObject (0x41c569f9)
	Stack trace:
		sun.misc.Unsafe.park
		java.util.concurrent.locks.LockSupport.park:186
		java.util.concurrent.locks.AbstractQueuedSynchronizer$ConditionObject.await:2043
		java.util.concurrent.LinkedBlockingQueue.take:442
		java.util.concurrent.ThreadPoolExecutor.getTask:1068
		java.util.concurrent.ThreadPoolExecutor.runWorker:1130
		java.util.concurrent.ThreadPoolExecutor$Worker.run:615
		java.lang.Thread.run:745

	Thread "NBS1" (0x00000011) WAITING
		waiting for java.util.concurrent.locks.AbstractQueuedSynchronizer$ConditionObject (0x6e829fbd)
	Stack trace:
		sun.misc.Unsafe.park
		java.util.concurrent.locks.LockSupport.park:186
		java.util.concurrent.locks.AbstractQueuedSynchronizer$ConditionObject.await:2043
		java.util.concurrent.LinkedBlockingQueue.take:442
		java.util.concurrent.ThreadPoolExecutor.getTask:1068
		java.util.concurrent.ThreadPoolExecutor.runWorker:1130
		java.util.concurrent.ThreadPoolExecutor$Worker.run:615
		java.lang.Thread.run:745

	Thread "pool-1-thread-2" (0x00000010) WAITING
		waiting for java.util.concurrent.locks.AbstractQueuedSynchronizer$ConditionObject (0x41c569f9)
	Stack trace:
		sun.misc.Unsafe.park
		java.util.concurrent.locks.LockSupport.park:186
		java.util.concurrent.locks.AbstractQueuedSynchronizer$ConditionObject.await:2043
		java.util.concurrent.LinkedBlockingQueue.take:442
		java.util.concurrent.ThreadPoolExecutor.getTask:1068
		java.util.concurrent.ThreadPoolExecutor.runWorker:1130
		java.util.concurrent.ThreadPoolExecutor$Worker.run:615
		java.lang.Thread.run:745

	Thread "Timer-0" (0x0000000f) TIMED_WAITING
		waiting for java.util.TaskQueue (0x53a7eefe)
	Stack trace:
		java.lang.Object.wait
		java.util.TimerThread.mainLoop:552
		java.util.TimerThread.run:505

	Thread "NBS0" (0x0000000e) WAITING
		waiting for java.util.concurrent.locks.AbstractQueuedSynchronizer$ConditionObject (0x6e829fbd)
	Stack trace:
		sun.misc.Unsafe.park
		java.util.concurrent.locks.LockSupport.park:186
		java.util.concurrent.locks.AbstractQueuedSynchronizer$ConditionObject.await:2043
		java.util.concurrent.LinkedBlockingQueue.take:442
		java.util.concurrent.ThreadPoolExecutor.getTask:1068
		java.util.concurrent.ThreadPoolExecutor.runWorker:1130
		java.util.concurrent.ThreadPoolExecutor$Worker.run:615
		java.lang.Thread.run:745

	Thread "Scheduler" (0x0000000c) TIMED_WAITING
		waiting for org.griphyn.vdl.karajan.VDSAdaptiveScheduler (0x13fe697f)
	Stack trace:
		java.lang.Object.wait
		org.globus.cog.karajan.scheduler.LateBindingScheduler.sleep:324
		org.globus.cog.karajan.scheduler.LateBindingScheduler.run:271

	Thread "Overloaded Host Monitor" (0x0000000d) TIMED_WAITING
	Stack trace:
		java.lang.Thread.sleep
		org.globus.cog.karajan.scheduler.OverloadedHostMonitor.run:66

	Thread "pool-1-thread-1" (0x0000000b) WAITING
		waiting for java.util.concurrent.locks.AbstractQueuedSynchronizer$ConditionObject (0x41c569f9)
	Stack trace:
		sun.misc.Unsafe.park
		java.util.concurrent.locks.LockSupport.park:186
		java.util.concurrent.locks.AbstractQueuedSynchronizer$ConditionObject.await:2043
		java.util.concurrent.LinkedBlockingQueue.take:442
		java.util.concurrent.ThreadPoolExecutor.getTask:1068
		java.util.concurrent.ThreadPoolExecutor.runWorker:1130
		java.util.concurrent.ThreadPoolExecutor$Worker.run:615
		java.lang.Thread.run:745

	Thread "LWT Scheduler Timer" (0x0000000a) WAITING
		waiting for java.util.TaskQueue (0x363b909a)
	Stack trace:
		java.lang.Object.wait
		java.lang.Object.wait:503
		java.util.TimerThread.mainLoop:526
		java.util.TimerThread.run:505

	Thread "AsyncAppender-Dispatcher-Thread-0" (0x00000008) WAITING
		waiting for java.util.ArrayList (0x00928a47)
	Stack trace:
		java.lang.Object.wait
		java.lang.Object.wait:503
		org.apache.log4j.AsyncAppender$Dispatcher.run:548
		java.lang.Thread.run:745

	Thread "Finalizer" (0x00000003) WAITING
		waiting for java.lang.ref.ReferenceQueue$Lock (0x14b43b9c)
	Stack trace:
		java.lang.Object.wait
		java.lang.ref.ReferenceQueue.remove:135
		java.lang.ref.ReferenceQueue.remove:151
		java.lang.ref.Finalizer$FinalizerThread.run:209

	Thread "Reference Handler" (0x00000002) WAITING
		waiting for java.lang.ref.Reference$Lock (0x44b58962)
	Stack trace:
		java.lang.Object.wait
		java.lang.Object.wait:503
		java.lang.ref.Reference$ReferenceHandler.run:133


