Swift 0.96.2 git-rev: b9611649002eecd640fc6c58bbb88cb35ce03539 heads/release-0.96-swift 6287
RunID: run037
Progress: Thu, 18 Feb 2016 12:10:25+0100
Progress: Thu, 18 Feb 2016 12:10:26+0100  Submitting:256
Progress: Thu, 18 Feb 2016 12:10:51+0100  Submitting:252  Submitted:4
Progress: Thu, 18 Feb 2016 12:11:12+0100  Submitted:256
Progress: Thu, 18 Feb 2016 12:11:42+0100  Submitted:256
Progress: Thu, 18 Feb 2016 12:12:12+0100  Submitted:256
Progress: Thu, 18 Feb 2016 12:12:24+0100  Stage in:54  Submitted:202
Progress: Thu, 18 Feb 2016 12:12:25+0100  Submitted:192  Active:64
Progress: Thu, 18 Feb 2016 12:12:55+0100  Submitted:192  Active:64
Progress: Thu, 18 Feb 2016 12:13:08+0100  Stage in:12  Submitted:180  Active:64
Progress: Thu, 18 Feb 2016 12:13:09+0100  Submitted:128  Active:128
Progress: Thu, 18 Feb 2016 12:13:39+0100  Submitted:128  Active:128
Progress: Thu, 18 Feb 2016 12:14:09+0100  Submitted:128  Active:128
Progress: Thu, 18 Feb 2016 12:14:39+0100  Submitted:128  Active:128
Progress: Thu, 18 Feb 2016 12:15:09+0100  Submitted:128  Active:128
Progress: Thu, 18 Feb 2016 12:15:39+0100  Submitted:128  Active:128
Progress: Thu, 18 Feb 2016 12:16:09+0100  Submitted:128  Active:128
Progress: Thu, 18 Feb 2016 12:16:39+0100  Submitted:128  Active:128
Progress: Thu, 18 Feb 2016 12:17:09+0100  Submitted:128  Active:128
Progress: Thu, 18 Feb 2016 12:17:39+0100  Submitted:128  Active:128
Progress: Thu, 18 Feb 2016 12:18:09+0100  Submitted:128  Active:128
Progress: Thu, 18 Feb 2016 12:18:39+0100  Submitted:128  Active:128
Progress: Thu, 18 Feb 2016 12:19:09+0100  Submitted:128  Active:128
Progress: Thu, 18 Feb 2016 12:19:39+0100  Submitted:128  Active:128
Progress: Thu, 18 Feb 2016 12:20:09+0100  Submitted:128  Active:128
Progress: Thu, 18 Feb 2016 12:20:39+0100  Submitted:128  Active:128
Progress: Thu, 18 Feb 2016 12:21:09+0100  Submitted:128  Active:128
Progress: Thu, 18 Feb 2016 12:21:39+0100  Submitted:128  Active:128
Progress: Thu, 18 Feb 2016 12:22:09+0100  Submitted:128  Active:128
Progress: Thu, 18 Feb 2016 12:22:39+0100  Submitted:128  Active:128
Progress: Thu, 18 Feb 2016 12:23:09+0100  Submitted:128  Active:128
Progress: Thu, 18 Feb 2016 12:23:39+0100  Submitted:128  Active:128
Progress: Thu, 18 Feb 2016 12:24:09+0100  Submitted:128  Active:128
Progress: Thu, 18 Feb 2016 12:24:39+0100  Submitted:128  Active:128
Progress: Thu, 18 Feb 2016 12:25:09+0100  Submitted:128  Active:128
Progress: Thu, 18 Feb 2016 12:25:39+0100  Submitted:128  Active:128
Progress: Thu, 18 Feb 2016 12:26:09+0100  Submitted:128  Active:128
Progress: Thu, 18 Feb 2016 12:26:39+0100  Submitted:128  Active:128
Progress: Thu, 18 Feb 2016 12:27:09+0100  Submitted:128  Active:128
Progress: Thu, 18 Feb 2016 12:27:24+0100  Submitted:128  Active:123  Stage out:5
Progress: Thu, 18 Feb 2016 12:27:25+0100  Submitted:128  Active:64  Stage out:1  Finished successfully:63
Progress: Thu, 18 Feb 2016 12:27:26+0100  Submitted:128  Active:64  Finished successfully:64
Progress: Thu, 18 Feb 2016 12:27:56+0100  Submitted:128  Active:64  Finished successfully:64
Progress: Thu, 18 Feb 2016 12:28:08+0100  Submitted:128  Active:63  Stage out:1  Finished successfully:64
Progress: Thu, 18 Feb 2016 12:28:09+0100  Submitted:128  Stage out:10  Finished successfully:118
Progress: Thu, 18 Feb 2016 12:28:10+0100  Submitted:128  Finished successfully:128
Progress: Thu, 18 Feb 2016 12:28:40+0100  Submitted:128  Finished successfully:128
Progress: Thu, 18 Feb 2016 12:29:10+0100  Submitted:128  Finished successfully:128
Progress: Thu, 18 Feb 2016 12:29:40+0100  Submitted:128  Finished successfully:128
Progress: Thu, 18 Feb 2016 12:30:10+0100  Submitted:128  Finished successfully:128
Progress: Thu, 18 Feb 2016 12:30:40+0100  Submitted:128  Finished successfully:128
Progress: Thu, 18 Feb 2016 12:31:10+0100  Submitted:128  Finished successfully:128
Progress: Thu, 18 Feb 2016 12:31:40+0100  Submitted:128  Finished successfully:128
Progress: Thu, 18 Feb 2016 12:32:10+0100  Submitted:128  Finished successfully:128
Progress: Thu, 18 Feb 2016 12:32:40+0100  Submitted:128  Finished successfully:128
Progress: Thu, 18 Feb 2016 12:33:10+0100  Submitted:128  Finished successfully:128
Progress: Thu, 18 Feb 2016 12:33:40+0100  Submitted:128  Finished successfully:128
Progress: Thu, 18 Feb 2016 12:34:10+0100  Submitted:128  Finished successfully:128
Progress: Thu, 18 Feb 2016 12:34:40+0100  Submitted:128  Finished successfully:128
Progress: Thu, 18 Feb 2016 12:35:10+0100  Submitted:128  Finished successfully:128
Progress: Thu, 18 Feb 2016 12:35:40+0100  Submitted:128  Finished successfully:128
Progress: Thu, 18 Feb 2016 12:36:10+0100  Submitted:128  Finished successfully:128
Progress: Thu, 18 Feb 2016 12:36:40+0100  Submitted:128  Finished successfully:128
Progress: Thu, 18 Feb 2016 12:37:10+0100  Submitted:128  Finished successfully:128
Progress: Thu, 18 Feb 2016 12:37:40+0100  Submitted:128  Finished successfully:128
Progress: Thu, 18 Feb 2016 12:38:10+0100  Submitted:128  Finished successfully:128
Progress: Thu, 18 Feb 2016 12:38:40+0100  Submitted:128  Finished successfully:128
Progress: Thu, 18 Feb 2016 12:39:10+0100  Submitted:128  Finished successfully:128
Progress: Thu, 18 Feb 2016 12:39:40+0100  Submitted:128  Finished successfully:128
Progress: Thu, 18 Feb 2016 12:40:10+0100  Submitted:128  Finished successfully:128
Progress: Thu, 18 Feb 2016 12:40:40+0100  Submitted:128  Finished successfully:128
Progress: Thu, 18 Feb 2016 12:41:10+0100  Submitted:128  Finished successfully:128
Progress: Thu, 18 Feb 2016 12:41:40+0100  Submitted:128  Finished successfully:128
Progress: Thu, 18 Feb 2016 12:42:10+0100  Submitted:128  Finished successfully:128
Progress: Thu, 18 Feb 2016 12:42:40+0100  Submitted:128  Finished successfully:128
Progress: Thu, 18 Feb 2016 12:43:10+0100  Submitted:128  Finished successfully:128
Progress: Thu, 18 Feb 2016 12:43:40+0100  Submitted:128  Finished successfully:128
Progress: Thu, 18 Feb 2016 12:44:10+0100  Submitted:128  Finished successfully:128
Progress: Thu, 18 Feb 2016 12:44:40+0100  Submitted:128  Finished successfully:128
Progress: Thu, 18 Feb 2016 12:45:10+0100  Submitted:128  Finished successfully:128
Progress: Thu, 18 Feb 2016 12:45:40+0100  Submitted:128  Finished successfully:128
Progress: Thu, 18 Feb 2016 12:46:10+0100  Submitted:128  Finished successfully:128
Progress: Thu, 18 Feb 2016 12:46:40+0100  Submitted:128  Finished successfully:128
Progress: Thu, 18 Feb 2016 12:47:10+0100  Submitted:128  Finished successfully:128
Progress: Thu, 18 Feb 2016 12:47:40+0100  Submitted:128  Finished successfully:128
Progress: Thu, 18 Feb 2016 12:48:10+0100  Submitted:128  Finished successfully:128
Progress: Thu, 18 Feb 2016 12:48:40+0100  Submitted:128  Finished successfully:128
Progress: Thu, 18 Feb 2016 12:49:10+0100  Submitted:128  Finished successfully:128
Progress: Thu, 18 Feb 2016 12:49:40+0100  Submitted:128  Finished successfully:128
Progress: Thu, 18 Feb 2016 12:50:10+0100  Submitted:128  Finished successfully:128
Progress: Thu, 18 Feb 2016 12:50:40+0100  Submitted:128  Finished successfully:128
Progress: Thu, 18 Feb 2016 12:51:10+0100  Submitted:128  Finished successfully:128
Progress: Thu, 18 Feb 2016 12:51:40+0100  Submitted:128  Finished successfully:128
Progress: Thu, 18 Feb 2016 12:52:10+0100  Submitted:128  Finished successfully:128
Progress: Thu, 18 Feb 2016 12:52:40+0100  Submitted:128  Finished successfully:128
Progress: Thu, 18 Feb 2016 12:53:10+0100  Submitted:128  Finished successfully:128
Progress: Thu, 18 Feb 2016 12:53:40+0100  Submitted:128  Finished successfully:128
Progress: Thu, 18 Feb 2016 12:54:10+0100  Submitted:128  Finished successfully:128
Progress: Thu, 18 Feb 2016 12:54:40+0100  Submitted:128  Finished successfully:128
Progress: Thu, 18 Feb 2016 12:55:10+0100  Submitted:128  Finished successfully:128
Progress: Thu, 18 Feb 2016 12:55:40+0100  Submitted:128  Finished successfully:128
Progress: Thu, 18 Feb 2016 12:56:10+0100  Submitted:128  Finished successfully:128
Progress: Thu, 18 Feb 2016 12:56:40+0100  Submitted:128  Finished successfully:128
Progress: Thu, 18 Feb 2016 12:57:10+0100  Submitted:128  Finished successfully:128
Progress: Thu, 18 Feb 2016 12:57:40+0100  Submitted:128  Finished successfully:128
Progress: Thu, 18 Feb 2016 12:58:10+0100  Submitted:128  Finished successfully:128
Progress: Thu, 18 Feb 2016 12:58:40+0100  Submitted:128  Finished successfully:128
Progress: Thu, 18 Feb 2016 12:59:10+0100  Submitted:128  Finished successfully:128
Progress: Thu, 18 Feb 2016 12:59:40+0100  Submitted:128  Finished successfully:128
Progress: Thu, 18 Feb 2016 13:00:10+0100  Submitted:128  Finished successfully:128
Progress: Thu, 18 Feb 2016 13:00:40+0100  Submitted:128  Finished successfully:128
Progress: Thu, 18 Feb 2016 13:01:10+0100  Submitted:128  Finished successfully:128
Progress: Thu, 18 Feb 2016 13:01:40+0100  Submitted:128  Finished successfully:128
Progress: Thu, 18 Feb 2016 13:02:10+0100  Submitted:128  Finished successfully:128
Progress: Thu, 18 Feb 2016 13:02:40+0100  Submitted:128  Finished successfully:128
Progress: Thu, 18 Feb 2016 13:03:10+0100  Submitted:128  Finished successfully:128
Progress: Thu, 18 Feb 2016 13:03:40+0100  Submitted:128  Finished successfully:128
Progress: Thu, 18 Feb 2016 13:04:10+0100  Submitted:128  Finished successfully:128
Progress: Thu, 18 Feb 2016 13:04:40+0100  Submitted:128  Finished successfully:128
Progress: Thu, 18 Feb 2016 13:05:10+0100  Submitted:128  Finished successfully:128
Progress: Thu, 18 Feb 2016 13:05:40+0100  Submitted:128  Finished successfully:128
Progress: Thu, 18 Feb 2016 13:06:10+0100  Submitted:128  Finished successfully:128
Progress: Thu, 18 Feb 2016 13:06:40+0100  Submitted:128  Finished successfully:128
Progress: Thu, 18 Feb 2016 13:07:10+0100  Submitted:128  Finished successfully:128
Progress: Thu, 18 Feb 2016 13:07:40+0100  Submitted:128  Finished successfully:128
Progress: Thu, 18 Feb 2016 13:08:10+0100  Submitted:128  Finished successfully:128
Progress: Thu, 18 Feb 2016 13:08:40+0100  Submitted:128  Finished successfully:128
Progress: Thu, 18 Feb 2016 13:09:10+0100  Submitted:128  Finished successfully:128
Progress: Thu, 18 Feb 2016 13:09:40+0100  Submitted:128  Finished successfully:128
Progress: Thu, 18 Feb 2016 13:10:10+0100  Submitted:128  Finished successfully:128
Progress: Thu, 18 Feb 2016 13:10:40+0100  Submitted:128  Finished successfully:128
Progress: Thu, 18 Feb 2016 13:11:10+0100  Submitted:128  Finished successfully:128
Progress: Thu, 18 Feb 2016 13:11:40+0100  Submitted:128  Finished successfully:128
Progress: Thu, 18 Feb 2016 13:12:10+0100  Submitted:128  Finished successfully:128
Progress: Thu, 18 Feb 2016 13:12:40+0100  Submitted:128  Finished successfully:128
Progress: Thu, 18 Feb 2016 13:13:10+0100  Submitted:128  Finished successfully:128
Progress: Thu, 18 Feb 2016 13:13:40+0100  Submitted:128  Finished successfully:128
Progress: Thu, 18 Feb 2016 13:14:10+0100  Submitted:128  Finished successfully:128
Progress: Thu, 18 Feb 2016 13:14:40+0100  Submitted:128  Finished successfully:128
Progress: Thu, 18 Feb 2016 13:15:10+0100  Submitted:128  Finished successfully:128
Progress: Thu, 18 Feb 2016 13:15:40+0100  Submitted:128  Finished successfully:128
Progress: Thu, 18 Feb 2016 13:16:10+0100  Submitted:128  Finished successfully:128
Progress: Thu, 18 Feb 2016 13:16:40+0100  Submitted:128  Finished successfully:128
Progress: Thu, 18 Feb 2016 13:17:10+0100  Submitted:128  Finished successfully:128
Progress: Thu, 18 Feb 2016 13:17:40+0100  Submitted:128  Finished successfully:128
Progress: Thu, 18 Feb 2016 13:18:10+0100  Submitted:128  Finished successfully:128
Progress: Thu, 18 Feb 2016 13:18:40+0100  Submitted:128  Finished successfully:128
Progress: Thu, 18 Feb 2016 13:19:10+0100  Submitted:128  Finished successfully:128
Progress: Thu, 18 Feb 2016 13:19:40+0100  Submitted:128  Finished successfully:128
Progress: Thu, 18 Feb 2016 13:20:10+0100  Submitted:128  Finished successfully:128
Progress: Thu, 18 Feb 2016 13:20:40+0100  Submitted:128  Finished successfully:128
Progress: Thu, 18 Feb 2016 13:21:10+0100  Submitted:128  Finished successfully:128
Progress: Thu, 18 Feb 2016 13:21:40+0100  Submitted:128  Finished successfully:128
Progress: Thu, 18 Feb 2016 13:22:10+0100  Submitted:128  Finished successfully:128
Progress: Thu, 18 Feb 2016 13:22:40+0100  Submitted:128  Finished successfully:128
Progress: Thu, 18 Feb 2016 13:23:10+0100  Submitted:128  Finished successfully:128
Progress: Thu, 18 Feb 2016 13:23:40+0100  Submitted:128  Finished successfully:128
Progress: Thu, 18 Feb 2016 13:24:10+0100  Submitted:128  Finished successfully:128
Progress: Thu, 18 Feb 2016 13:24:27+0100  Stage in:9  Submitted:119  Finished successfully:128
Progress: Thu, 18 Feb 2016 13:24:28+0100  Submitted:96  Active:32  Finished successfully:128
Progress: Thu, 18 Feb 2016 13:24:58+0100  Submitted:96  Active:32  Finished successfully:128
Progress: Thu, 18 Feb 2016 13:25:28+0100  Submitted:96  Active:32  Finished successfully:128
Progress: Thu, 18 Feb 2016 13:25:58+0100  Submitted:96  Active:32  Finished successfully:128
Progress: Thu, 18 Feb 2016 13:26:24+0100  Stage in:15  Submitted:81  Active:32  Finished successfully:128
Progress: Thu, 18 Feb 2016 13:26:25+0100  Submitted:64  Active:64  Finished successfully:128
Progress: Thu, 18 Feb 2016 13:26:55+0100  Submitted:64  Active:64  Finished successfully:128
Progress: Thu, 18 Feb 2016 13:27:25+0100  Submitted:64  Active:64  Finished successfully:128
Progress: Thu, 18 Feb 2016 13:27:55+0100  Submitted:64  Active:64  Finished successfully:128
Progress: Thu, 18 Feb 2016 13:28:25+0100  Submitted:64  Active:64  Finished successfully:128
Progress: Thu, 18 Feb 2016 13:28:55+0100  Submitted:64  Active:64  Finished successfully:128
Progress: Thu, 18 Feb 2016 13:29:25+0100  Submitted:64  Active:64  Finished successfully:128
Progress: Thu, 18 Feb 2016 13:29:55+0100  Submitted:64  Active:64  Finished successfully:128
Progress: Thu, 18 Feb 2016 13:30:25+0100  Submitted:64  Active:64  Finished successfully:128
Progress: Thu, 18 Feb 2016 13:30:55+0100  Submitted:64  Active:64  Finished successfully:128
Progress: Thu, 18 Feb 2016 13:31:25+0100  Submitted:64  Active:64  Finished successfully:128
Progress: Thu, 18 Feb 2016 13:31:55+0100  Submitted:64  Active:64  Finished successfully:128
Progress: Thu, 18 Feb 2016 13:32:25+0100  Submitted:64  Active:64  Finished successfully:128
Progress: Thu, 18 Feb 2016 13:32:55+0100  Submitted:64  Active:64  Finished successfully:128
Progress: Thu, 18 Feb 2016 13:33:25+0100  Submitted:64  Active:64  Finished successfully:128
Progress: Thu, 18 Feb 2016 13:33:55+0100  Submitted:64  Active:64  Finished successfully:128
Progress: Thu, 18 Feb 2016 13:34:25+0100  Submitted:64  Active:64  Finished successfully:128
Progress: Thu, 18 Feb 2016 13:34:55+0100  Submitted:64  Active:64  Finished successfully:128
Progress: Thu, 18 Feb 2016 13:35:25+0100  Submitted:64  Active:64  Finished successfully:128
Progress: Thu, 18 Feb 2016 13:35:56+0100  Submitted:64  Active:64  Finished successfully:128
Progress: Thu, 18 Feb 2016 13:36:26+0100  Submitted:64  Active:64  Finished successfully:128
Progress: Thu, 18 Feb 2016 13:36:56+0100  Submitted:64  Active:64  Finished successfully:128
Progress: Thu, 18 Feb 2016 13:37:26+0100  Submitted:64  Active:64  Finished successfully:128
Progress: Thu, 18 Feb 2016 13:37:56+0100  Submitted:64  Active:64  Finished successfully:128
Progress: Thu, 18 Feb 2016 13:38:26+0100  Submitted:64  Active:64  Finished successfully:128
Progress: Thu, 18 Feb 2016 13:38:56+0100  Submitted:64  Active:64  Finished successfully:128
Progress: Thu, 18 Feb 2016 13:39:26+0100  Submitted:64  Active:64  Finished successfully:128
Progress: Thu, 18 Feb 2016 13:39:29+0100  Submitted:64  Active:32  Finished successfully:160
Progress: Thu, 18 Feb 2016 13:39:59+0100  Submitted:64  Active:32  Finished successfully:160
Progress: Thu, 18 Feb 2016 13:40:29+0100  Submitted:64  Active:32  Finished successfully:160
Progress: Thu, 18 Feb 2016 13:40:59+0100  Submitted:64  Active:32  Finished successfully:160
Progress: Thu, 18 Feb 2016 13:41:25+0100  Submitted:64  Active:30  Stage out:2  Finished successfully:160
Progress: Thu, 18 Feb 2016 13:41:26+0100  Submitted:64  Finished successfully:192
Progress: Thu, 18 Feb 2016 13:41:56+0100  Submitted:64  Finished successfully:192
Progress: Thu, 18 Feb 2016 13:42:26+0100  Submitted:64  Finished successfully:192
Progress: Thu, 18 Feb 2016 13:42:56+0100  Submitted:64  Finished successfully:192
Progress: Thu, 18 Feb 2016 13:43:26+0100  Submitted:64  Finished successfully:192
Progress: Thu, 18 Feb 2016 13:43:56+0100  Submitted:64  Finished successfully:192
Progress: Thu, 18 Feb 2016 13:44:26+0100  Submitted:64  Finished successfully:192
Progress: Thu, 18 Feb 2016 13:44:56+0100  Submitted:64  Finished successfully:192
Progress: Thu, 18 Feb 2016 13:45:26+0100  Submitted:64  Finished successfully:192
Progress: Thu, 18 Feb 2016 13:45:56+0100  Submitted:64  Finished successfully:192
Progress: Thu, 18 Feb 2016 13:46:26+0100  Submitted:64  Finished successfully:192
Progress: Thu, 18 Feb 2016 13:46:56+0100  Submitted:64  Finished successfully:192
Progress: Thu, 18 Feb 2016 13:47:26+0100  Submitted:64  Finished successfully:192
Progress: Thu, 18 Feb 2016 13:47:56+0100  Submitted:64  Finished successfully:192
Progress: Thu, 18 Feb 2016 13:48:26+0100  Submitted:64  Finished successfully:192
Progress: Thu, 18 Feb 2016 13:48:56+0100  Submitted:64  Finished successfully:192
Progress: Thu, 18 Feb 2016 13:49:26+0100  Submitted:64  Finished successfully:192
Progress: Thu, 18 Feb 2016 13:49:56+0100  Submitted:64  Finished successfully:192
Progress: Thu, 18 Feb 2016 13:50:26+0100  Submitted:64  Finished successfully:192
Progress: Thu, 18 Feb 2016 13:50:56+0100  Submitted:64  Finished successfully:192
Progress: Thu, 18 Feb 2016 13:51:26+0100  Submitted:64  Finished successfully:192
Progress: Thu, 18 Feb 2016 13:51:56+0100  Submitted:64  Finished successfully:192
Progress: Thu, 18 Feb 2016 13:52:26+0100  Submitted:64  Finished successfully:192
Progress: Thu, 18 Feb 2016 13:52:56+0100  Submitted:64  Finished successfully:192
Progress: Thu, 18 Feb 2016 13:53:26+0100  Submitted:64  Finished successfully:192
Progress: Thu, 18 Feb 2016 13:53:56+0100  Submitted:64  Finished successfully:192
Progress: Thu, 18 Feb 2016 13:54:26+0100  Submitted:64  Finished successfully:192
Progress: Thu, 18 Feb 2016 13:54:56+0100  Submitted:64  Finished successfully:192
Progress: Thu, 18 Feb 2016 13:55:26+0100  Submitted:64  Finished successfully:192
Progress: Thu, 18 Feb 2016 13:55:56+0100  Submitted:64  Finished successfully:192
Progress: Thu, 18 Feb 2016 13:56:26+0100  Submitted:64  Finished successfully:192
Progress: Thu, 18 Feb 2016 13:56:56+0100  Submitted:64  Finished successfully:192
Progress: Thu, 18 Feb 2016 13:57:26+0100  Submitted:64  Finished successfully:192
Progress: Thu, 18 Feb 2016 13:57:56+0100  Submitted:64  Finished successfully:192
Progress: Thu, 18 Feb 2016 13:58:26+0100  Submitted:64  Finished successfully:192
Progress: Thu, 18 Feb 2016 13:58:56+0100  Submitted:64  Finished successfully:192
Progress: Thu, 18 Feb 2016 13:59:26+0100  Submitted:64  Finished successfully:192
Progress: Thu, 18 Feb 2016 13:59:56+0100  Submitted:64  Finished successfully:192
Progress: Thu, 18 Feb 2016 14:00:26+0100  Submitted:64  Finished successfully:192
Progress: Thu, 18 Feb 2016 14:00:56+0100  Submitted:64  Finished successfully:192
Progress: Thu, 18 Feb 2016 14:01:26+0100  Submitted:64  Finished successfully:192
Progress: Thu, 18 Feb 2016 14:01:56+0100  Submitted:64  Finished successfully:192
Progress: Thu, 18 Feb 2016 14:02:26+0100  Submitted:64  Finished successfully:192
Progress: Thu, 18 Feb 2016 14:02:56+0100  Submitted:64  Finished successfully:192
Progress: Thu, 18 Feb 2016 14:03:26+0100  Submitted:64  Finished successfully:192
Progress: Thu, 18 Feb 2016 14:03:56+0100  Submitted:64  Finished successfully:192
Progress: Thu, 18 Feb 2016 14:04:26+0100  Submitted:64  Finished successfully:192
Progress: Thu, 18 Feb 2016 14:04:56+0100  Submitted:64  Finished successfully:192
Progress: Thu, 18 Feb 2016 14:05:26+0100  Submitted:64  Finished successfully:192
Progress: Thu, 18 Feb 2016 14:05:56+0100  Submitted:64  Finished successfully:192
Progress: Thu, 18 Feb 2016 14:06:26+0100  Submitted:64  Finished successfully:192
Progress: Thu, 18 Feb 2016 14:06:56+0100  Submitted:64  Finished successfully:192
Progress: Thu, 18 Feb 2016 14:07:26+0100  Submitted:64  Finished successfully:192
Progress: Thu, 18 Feb 2016 14:07:56+0100  Submitted:64  Finished successfully:192
Progress: Thu, 18 Feb 2016 14:08:26+0100  Submitted:64  Finished successfully:192
Progress: Thu, 18 Feb 2016 14:08:56+0100  Submitted:64  Finished successfully:192
Progress: Thu, 18 Feb 2016 14:09:26+0100  Submitted:64  Finished successfully:192
Progress: Thu, 18 Feb 2016 14:09:56+0100  Submitted:64  Finished successfully:192
Progress: Thu, 18 Feb 2016 14:10:26+0100  Submitted:64  Finished successfully:192
Progress: Thu, 18 Feb 2016 14:10:56+0100  Submitted:64  Finished successfully:192
Progress: Thu, 18 Feb 2016 14:11:26+0100  Submitted:64  Finished successfully:192
Progress: Thu, 18 Feb 2016 14:11:56+0100  Submitted:64  Finished successfully:192
Progress: Thu, 18 Feb 2016 14:12:26+0100  Submitted:64  Finished successfully:192
Progress: Thu, 18 Feb 2016 14:12:56+0100  Submitted:64  Finished successfully:192
Progress: Thu, 18 Feb 2016 14:13:26+0100  Submitted:64  Finished successfully:192
Progress: Thu, 18 Feb 2016 14:13:56+0100  Submitted:64  Finished successfully:192
Progress: Thu, 18 Feb 2016 14:14:26+0100  Submitted:64  Finished successfully:192
Progress: Thu, 18 Feb 2016 14:14:56+0100  Submitted:64  Finished successfully:192
Progress: Thu, 18 Feb 2016 14:15:26+0100  Submitted:64  Finished successfully:192
Progress: Thu, 18 Feb 2016 14:15:56+0100  Submitted:64  Finished successfully:192
Progress: Thu, 18 Feb 2016 14:16:26+0100  Submitted:64  Finished successfully:192
Progress: Thu, 18 Feb 2016 14:16:56+0100  Submitted:64  Finished successfully:192
Progress: Thu, 18 Feb 2016 14:17:26+0100  Submitted:64  Finished successfully:192
Progress: Thu, 18 Feb 2016 14:17:56+0100  Submitted:64  Finished successfully:192
Progress: Thu, 18 Feb 2016 14:18:26+0100  Submitted:64  Finished successfully:192
Progress: Thu, 18 Feb 2016 14:18:56+0100  Submitted:64  Finished successfully:192
Progress: Thu, 18 Feb 2016 14:19:26+0100  Submitted:64  Finished successfully:192
Progress: Thu, 18 Feb 2016 14:19:56+0100  Submitted:64  Finished successfully:192
Progress: Thu, 18 Feb 2016 14:20:26+0100  Submitted:64  Finished successfully:192
Progress: Thu, 18 Feb 2016 14:20:56+0100  Submitted:64  Finished successfully:192
Progress: Thu, 18 Feb 2016 14:21:26+0100  Submitted:64  Finished successfully:192
Progress: Thu, 18 Feb 2016 14:21:56+0100  Submitted:64  Finished successfully:192
Progress: Thu, 18 Feb 2016 14:22:26+0100  Submitted:64  Finished successfully:192
Progress: Thu, 18 Feb 2016 14:22:56+0100  Submitted:64  Finished successfully:192
Progress: Thu, 18 Feb 2016 14:23:26+0100  Submitted:64  Finished successfully:192
Progress: Thu, 18 Feb 2016 14:23:56+0100  Submitted:64  Finished successfully:192
Progress: Thu, 18 Feb 2016 14:24:26+0100  Submitted:64  Finished successfully:192
Progress: Thu, 18 Feb 2016 14:24:56+0100  Submitted:64  Finished successfully:192
Progress: Thu, 18 Feb 2016 14:25:26+0100  Submitted:64  Finished successfully:192
Progress: Thu, 18 Feb 2016 14:25:56+0100  Submitted:64  Finished successfully:192
Progress: Thu, 18 Feb 2016 14:26:26+0100  Submitted:64  Finished successfully:192
Progress: Thu, 18 Feb 2016 14:26:56+0100  Submitted:64  Finished successfully:192
Progress: Thu, 18 Feb 2016 14:27:26+0100  Submitted:64  Finished successfully:192
Progress: Thu, 18 Feb 2016 14:27:56+0100  Submitted:64  Finished successfully:192
Progress: Thu, 18 Feb 2016 14:28:26+0100  Submitted:64  Finished successfully:192
Progress: Thu, 18 Feb 2016 14:28:56+0100  Submitted:64  Finished successfully:192
Progress: Thu, 18 Feb 2016 14:29:26+0100  Submitted:64  Finished successfully:192
Progress: Thu, 18 Feb 2016 14:29:56+0100  Submitted:64  Finished successfully:192
Progress: Thu, 18 Feb 2016 14:30:26+0100  Submitted:64  Finished successfully:192
Progress: Thu, 18 Feb 2016 14:30:56+0100  Submitted:64  Finished successfully:192
Progress: Thu, 18 Feb 2016 14:31:26+0100  Submitted:64  Finished successfully:192
Progress: Thu, 18 Feb 2016 14:31:56+0100  Submitted:64  Finished successfully:192
Progress: Thu, 18 Feb 2016 14:32:26+0100  Submitted:64  Finished successfully:192
Progress: Thu, 18 Feb 2016 14:32:56+0100  Submitted:64  Finished successfully:192
Progress: Thu, 18 Feb 2016 14:33:26+0100  Submitted:64  Finished successfully:192
Progress: Thu, 18 Feb 2016 14:33:56+0100  Submitted:64  Finished successfully:192
Progress: Thu, 18 Feb 2016 14:34:26+0100  Submitted:64  Finished successfully:192
Progress: Thu, 18 Feb 2016 14:34:56+0100  Submitted:64  Finished successfully:192
Progress: Thu, 18 Feb 2016 14:35:26+0100  Submitted:64  Finished successfully:192
Progress: Thu, 18 Feb 2016 14:35:56+0100  Submitted:64  Finished successfully:192
Progress: Thu, 18 Feb 2016 14:36:26+0100  Submitted:64  Finished successfully:192
Progress: Thu, 18 Feb 2016 14:36:56+0100  Submitted:64  Finished successfully:192
Progress: Thu, 18 Feb 2016 14:37:26+0100  Submitted:64  Finished successfully:192
Progress: Thu, 18 Feb 2016 14:37:56+0100  Submitted:64  Finished successfully:192
Progress: Thu, 18 Feb 2016 14:38:26+0100  Submitted:64  Finished successfully:192
Progress: Thu, 18 Feb 2016 14:38:56+0100  Submitted:64  Finished successfully:192
Progress: Thu, 18 Feb 2016 14:39:26+0100  Submitted:64  Finished successfully:192
Progress: Thu, 18 Feb 2016 14:39:56+0100  Submitted:64  Finished successfully:192
Progress: Thu, 18 Feb 2016 14:40:26+0100  Submitted:64  Finished successfully:192
Progress: Thu, 18 Feb 2016 14:40:56+0100  Submitted:64  Finished successfully:192
Progress: Thu, 18 Feb 2016 14:41:26+0100  Submitted:64  Finished successfully:192
Progress: Thu, 18 Feb 2016 14:41:56+0100  Submitted:64  Finished successfully:192
Progress: Thu, 18 Feb 2016 14:42:26+0100  Submitted:64  Finished successfully:192
Progress: Thu, 18 Feb 2016 14:42:56+0100  Submitted:64  Finished successfully:192
Progress: Thu, 18 Feb 2016 14:43:26+0100  Submitted:64  Finished successfully:192
Progress: Thu, 18 Feb 2016 14:43:56+0100  Submitted:64  Finished successfully:192
Progress: Thu, 18 Feb 2016 14:44:26+0100  Submitted:64  Finished successfully:192
Progress: Thu, 18 Feb 2016 14:44:56+0100  Submitted:64  Finished successfully:192
Progress: Thu, 18 Feb 2016 14:45:26+0100  Submitted:64  Finished successfully:192
Progress: Thu, 18 Feb 2016 14:45:56+0100  Submitted:64  Finished successfully:192
Progress: Thu, 18 Feb 2016 14:46:23+0100  Submitted:48  Active:16  Finished successfully:192
Progress: Thu, 18 Feb 2016 14:46:24+0100  Submitted:32  Active:32  Finished successfully:192
Progress: Thu, 18 Feb 2016 14:46:54+0100  Submitted:32  Active:32  Finished successfully:192
Progress: Thu, 18 Feb 2016 14:47:24+0100  Submitted:32  Active:32  Finished successfully:192
Progress: Thu, 18 Feb 2016 14:47:54+0100  Submitted:32  Active:32  Finished successfully:192
Progress: Thu, 18 Feb 2016 14:48:24+0100  Submitted:32  Active:32  Finished successfully:192
Progress: Thu, 18 Feb 2016 14:48:54+0100  Submitted:32  Active:32  Finished successfully:192
Progress: Thu, 18 Feb 2016 14:49:24+0100  Submitted:32  Active:32  Finished successfully:192
Progress: Thu, 18 Feb 2016 14:49:54+0100  Submitted:32  Active:32  Finished successfully:192
Progress: Thu, 18 Feb 2016 14:50:24+0100  Submitted:32  Active:32  Finished successfully:192
Progress: Thu, 18 Feb 2016 14:50:54+0100  Submitted:32  Active:32  Finished successfully:192
Progress: Thu, 18 Feb 2016 14:51:24+0100  Submitted:32  Active:32  Finished successfully:192
Progress: Thu, 18 Feb 2016 14:51:54+0100  Submitted:32  Active:32  Finished successfully:192
Progress: Thu, 18 Feb 2016 14:52:24+0100  Submitted:32  Active:32  Finished successfully:192
Progress: Thu, 18 Feb 2016 14:52:54+0100  Submitted:32  Active:32  Finished successfully:192
Progress: Thu, 18 Feb 2016 14:53:24+0100  Submitted:32  Active:32  Finished successfully:192
Progress: Thu, 18 Feb 2016 14:53:54+0100  Submitted:32  Active:32  Finished successfully:192
Progress: Thu, 18 Feb 2016 14:54:24+0100  Submitted:32  Active:32  Finished successfully:192
Progress: Thu, 18 Feb 2016 14:54:54+0100  Submitted:32  Active:32  Finished successfully:192
Progress: Thu, 18 Feb 2016 14:55:24+0100  Submitted:32  Active:32  Finished successfully:192
Progress: Thu, 18 Feb 2016 14:55:54+0100  Submitted:32  Active:32  Finished successfully:192
Progress: Thu, 18 Feb 2016 14:56:24+0100  Submitted:32  Active:32  Finished successfully:192
Progress: Thu, 18 Feb 2016 14:56:54+0100  Submitted:32  Active:32  Finished successfully:192
Progress: Thu, 18 Feb 2016 14:57:24+0100  Submitted:32  Active:32  Finished successfully:192
Progress: Thu, 18 Feb 2016 14:57:54+0100  Submitted:32  Active:32  Finished successfully:192
Progress: Thu, 18 Feb 2016 14:58:24+0100  Submitted:32  Active:32  Finished successfully:192
Progress: Thu, 18 Feb 2016 14:58:54+0100  Submitted:32  Active:32  Finished successfully:192
Progress: Thu, 18 Feb 2016 14:59:24+0100  Submitted:32  Active:32  Finished successfully:192
Progress: Thu, 18 Feb 2016 14:59:54+0100  Submitted:32  Active:32  Finished successfully:192
Progress: Thu, 18 Feb 2016 15:00:24+0100  Submitted:32  Active:32  Finished successfully:192
Progress: Thu, 18 Feb 2016 15:00:54+0100  Submitted:32  Active:32  Finished successfully:192
Progress: Thu, 18 Feb 2016 15:01:23+0100  Submitted:32  Active:16  Stage out:1  Finished successfully:207
Progress: Thu, 18 Feb 2016 15:01:24+0100  Submitted:32  Finished successfully:224
Progress: Thu, 18 Feb 2016 15:01:54+0100  Submitted:32  Finished successfully:224
Progress: Thu, 18 Feb 2016 15:02:24+0100  Submitted:32  Finished successfully:224
Progress: Thu, 18 Feb 2016 15:02:54+0100  Submitted:32  Finished successfully:224
Progress: Thu, 18 Feb 2016 15:03:24+0100  Submitted:32  Finished successfully:224
Progress: Thu, 18 Feb 2016 15:03:54+0100  Submitted:32  Finished successfully:224
Progress: Thu, 18 Feb 2016 15:04:24+0100  Submitted:32  Finished successfully:224
Progress: Thu, 18 Feb 2016 15:04:54+0100  Submitted:32  Finished successfully:224
Progress: Thu, 18 Feb 2016 15:05:24+0100  Submitted:32  Finished successfully:224
Progress: Thu, 18 Feb 2016 15:05:54+0100  Submitted:32  Finished successfully:224
Progress: Thu, 18 Feb 2016 15:06:24+0100  Submitted:32  Finished successfully:224
Progress: Thu, 18 Feb 2016 15:06:54+0100  Submitted:32  Finished successfully:224
Progress: Thu, 18 Feb 2016 15:07:24+0100  Submitted:32  Finished successfully:224
Progress: Thu, 18 Feb 2016 15:07:54+0100  Submitted:32  Finished successfully:224
Progress: Thu, 18 Feb 2016 15:08:24+0100  Submitted:32  Finished successfully:224
Progress: Thu, 18 Feb 2016 15:08:54+0100  Submitted:32  Finished successfully:224
Progress: Thu, 18 Feb 2016 15:09:24+0100  Submitted:32  Finished successfully:224
Progress: Thu, 18 Feb 2016 15:09:54+0100  Submitted:32  Finished successfully:224
Progress: Thu, 18 Feb 2016 15:10:24+0100  Submitted:32  Finished successfully:224
Progress: Thu, 18 Feb 2016 15:10:54+0100  Submitted:32  Finished successfully:224
Progress: Thu, 18 Feb 2016 15:11:24+0100  Submitted:32  Finished successfully:224
Progress: Thu, 18 Feb 2016 15:11:54+0100  Submitted:32  Finished successfully:224
Progress: Thu, 18 Feb 2016 15:12:24+0100  Submitted:32  Finished successfully:224
Progress: Thu, 18 Feb 2016 15:12:54+0100  Submitted:32  Finished successfully:224
Progress: Thu, 18 Feb 2016 15:13:24+0100  Submitted:32  Finished successfully:224
Progress: Thu, 18 Feb 2016 15:13:54+0100  Submitted:32  Finished successfully:224
Progress: Thu, 18 Feb 2016 15:14:24+0100  Submitted:32  Finished successfully:224
Progress: Thu, 18 Feb 2016 15:14:54+0100  Submitted:32  Finished successfully:224
Progress: Thu, 18 Feb 2016 15:15:24+0100  Submitted:32  Finished successfully:224
Progress: Thu, 18 Feb 2016 15:15:54+0100  Submitted:32  Finished successfully:224
Progress: Thu, 18 Feb 2016 15:16:24+0100  Submitted:32  Finished successfully:224
Progress: Thu, 18 Feb 2016 15:16:54+0100  Submitted:32  Finished successfully:224
Progress: Thu, 18 Feb 2016 15:17:24+0100  Submitted:32  Finished successfully:224
Progress: Thu, 18 Feb 2016 15:17:54+0100  Submitted:32  Finished successfully:224
Progress: Thu, 18 Feb 2016 15:18:24+0100  Submitted:32  Finished successfully:224
Progress: Thu, 18 Feb 2016 15:18:54+0100  Submitted:32  Finished successfully:224
Progress: Thu, 18 Feb 2016 15:19:24+0100  Submitted:32  Finished successfully:224
Progress: Thu, 18 Feb 2016 15:19:54+0100  Submitted:32  Finished successfully:224
Progress: Thu, 18 Feb 2016 15:20:24+0100  Submitted:32  Finished successfully:224
Progress: Thu, 18 Feb 2016 15:20:54+0100  Submitted:32  Finished successfully:224
Progress: Thu, 18 Feb 2016 15:21:24+0100  Submitted:32  Finished successfully:224
Progress: Thu, 18 Feb 2016 15:21:54+0100  Submitted:32  Finished successfully:224
Progress: Thu, 18 Feb 2016 15:22:24+0100  Submitted:32  Finished successfully:224
Progress: Thu, 18 Feb 2016 15:22:54+0100  Submitted:32  Finished successfully:224
Progress: Thu, 18 Feb 2016 15:23:24+0100  Submitted:32  Finished successfully:224
Progress: Thu, 18 Feb 2016 15:23:54+0100  Submitted:32  Finished successfully:224
Progress: Thu, 18 Feb 2016 15:24:24+0100  Submitted:32  Finished successfully:224
Progress: Thu, 18 Feb 2016 15:24:54+0100  Submitted:32  Finished successfully:224
Progress: Thu, 18 Feb 2016 15:25:24+0100  Submitted:32  Finished successfully:224
Progress: Thu, 18 Feb 2016 15:25:54+0100  Submitted:32  Finished successfully:224
Progress: Thu, 18 Feb 2016 15:26:24+0100  Submitted:32  Finished successfully:224
Progress: Thu, 18 Feb 2016 15:26:54+0100  Submitted:32  Finished successfully:224
Progress: Thu, 18 Feb 2016 15:27:24+0100  Submitted:32  Finished successfully:224
Progress: Thu, 18 Feb 2016 15:27:54+0100  Submitted:32  Finished successfully:224
Progress: Thu, 18 Feb 2016 15:28:24+0100  Submitted:32  Finished successfully:224
Progress: Thu, 18 Feb 2016 15:28:54+0100  Submitted:32  Finished successfully:224
Progress: Thu, 18 Feb 2016 15:29:24+0100  Submitted:32  Finished successfully:224
Progress: Thu, 18 Feb 2016 15:29:54+0100  Submitted:32  Finished successfully:224
Progress: Thu, 18 Feb 2016 15:30:24+0100  Submitted:32  Finished successfully:224
Progress: Thu, 18 Feb 2016 15:30:54+0100  Submitted:32  Finished successfully:224
Progress: Thu, 18 Feb 2016 15:31:24+0100  Submitted:32  Finished successfully:224
Progress: Thu, 18 Feb 2016 15:31:54+0100  Submitted:32  Finished successfully:224
Progress: Thu, 18 Feb 2016 15:32:24+0100  Submitted:32  Finished successfully:224
Progress: Thu, 18 Feb 2016 15:32:54+0100  Submitted:32  Finished successfully:224
Progress: Thu, 18 Feb 2016 15:33:24+0100  Submitted:32  Finished successfully:224
Progress: Thu, 18 Feb 2016 15:33:54+0100  Submitted:32  Finished successfully:224
Progress: Thu, 18 Feb 2016 15:34:24+0100  Submitted:32  Finished successfully:224
Progress: Thu, 18 Feb 2016 15:34:54+0100  Submitted:32  Finished successfully:224
Progress: Thu, 18 Feb 2016 15:35:24+0100  Submitted:32  Finished successfully:224
Progress: Thu, 18 Feb 2016 15:35:54+0100  Submitted:32  Finished successfully:224
Progress: Thu, 18 Feb 2016 15:36:24+0100  Submitted:32  Finished successfully:224
Progress: Thu, 18 Feb 2016 15:36:54+0100  Submitted:32  Finished successfully:224
Progress: Thu, 18 Feb 2016 15:37:24+0100  Submitted:32  Finished successfully:224
Progress: Thu, 18 Feb 2016 15:37:54+0100  Submitted:32  Finished successfully:224
Progress: Thu, 18 Feb 2016 15:38:24+0100  Submitted:32  Finished successfully:224
Progress: Thu, 18 Feb 2016 15:38:54+0100  Submitted:32  Finished successfully:224
Progress: Thu, 18 Feb 2016 15:39:24+0100  Submitted:32  Finished successfully:224
Progress: Thu, 18 Feb 2016 15:39:54+0100  Submitted:32  Finished successfully:224
Progress: Thu, 18 Feb 2016 15:40:24+0100  Submitted:32  Finished successfully:224
Progress: Thu, 18 Feb 2016 15:40:54+0100  Submitted:32  Finished successfully:224
Progress: Thu, 18 Feb 2016 15:41:24+0100  Submitted:32  Finished successfully:224
Progress: Thu, 18 Feb 2016 15:41:54+0100  Submitted:32  Finished successfully:224
Progress: Thu, 18 Feb 2016 15:42:24+0100  Submitted:32  Finished successfully:224
Progress: Thu, 18 Feb 2016 15:42:54+0100  Submitted:32  Finished successfully:224
Progress: Thu, 18 Feb 2016 15:43:24+0100  Submitted:32  Finished successfully:224
Progress: Thu, 18 Feb 2016 15:43:54+0100  Submitted:32  Finished successfully:224
Progress: Thu, 18 Feb 2016 15:44:24+0100  Submitted:32  Finished successfully:224
Progress: Thu, 18 Feb 2016 15:44:54+0100  Submitted:32  Finished successfully:224
Progress: Thu, 18 Feb 2016 15:45:24+0100  Submitted:32  Finished successfully:224
Progress: Thu, 18 Feb 2016 15:45:54+0100  Submitted:32  Finished successfully:224
Progress: Thu, 18 Feb 2016 15:46:24+0100  Submitted:32  Finished successfully:224
Progress: Thu, 18 Feb 2016 15:46:54+0100  Submitted:32  Finished successfully:224
Progress: Thu, 18 Feb 2016 15:47:24+0100  Submitted:32  Finished successfully:224
Progress: Thu, 18 Feb 2016 15:47:54+0100  Submitted:32  Finished successfully:224
Progress: Thu, 18 Feb 2016 15:48:24+0100  Submitted:32  Finished successfully:224
Progress: Thu, 18 Feb 2016 15:48:54+0100  Submitted:32  Finished successfully:224
Progress: Thu, 18 Feb 2016 15:49:25+0100  Submitted:32  Finished successfully:224
Progress: Thu, 18 Feb 2016 15:49:55+0100  Submitted:32  Finished successfully:224
Progress: Thu, 18 Feb 2016 15:50:25+0100  Submitted:32  Finished successfully:224
Progress: Thu, 18 Feb 2016 15:50:55+0100  Submitted:32  Finished successfully:224
Progress: Thu, 18 Feb 2016 15:51:25+0100  Submitted:32  Finished successfully:224
Progress: Thu, 18 Feb 2016 15:51:55+0100  Submitted:32  Finished successfully:224
Progress: Thu, 18 Feb 2016 15:52:25+0100  Submitted:32  Finished successfully:224
Progress: Thu, 18 Feb 2016 15:52:55+0100  Submitted:32  Finished successfully:224
Progress: Thu, 18 Feb 2016 15:53:25+0100  Submitted:32  Finished successfully:224
Progress: Thu, 18 Feb 2016 15:53:55+0100  Submitted:32  Finished successfully:224
Progress: Thu, 18 Feb 2016 15:54:25+0100  Submitted:32  Finished successfully:224
Progress: Thu, 18 Feb 2016 15:54:55+0100  Submitted:32  Finished successfully:224
Progress: Thu, 18 Feb 2016 15:55:25+0100  Submitted:32  Finished successfully:224
Progress: Thu, 18 Feb 2016 15:55:55+0100  Submitted:32  Finished successfully:224
Progress: Thu, 18 Feb 2016 15:56:25+0100  Submitted:32  Finished successfully:224
Progress: Thu, 18 Feb 2016 15:56:55+0100  Submitted:32  Finished successfully:224
Progress: Thu, 18 Feb 2016 15:57:25+0100  Submitted:32  Finished successfully:224
Progress: Thu, 18 Feb 2016 15:57:55+0100  Submitted:32  Finished successfully:224
Progress: Thu, 18 Feb 2016 15:58:25+0100  Submitted:32  Finished successfully:224
Progress: Thu, 18 Feb 2016 15:58:55+0100  Submitted:32  Finished successfully:224
Progress: Thu, 18 Feb 2016 15:59:25+0100  Submitted:32  Finished successfully:224
Progress: Thu, 18 Feb 2016 15:59:55+0100  Submitted:32  Finished successfully:224
Progress: Thu, 18 Feb 2016 16:00:25+0100  Submitted:32  Finished successfully:224
Progress: Thu, 18 Feb 2016 16:00:55+0100  Submitted:32  Finished successfully:224
Progress: Thu, 18 Feb 2016 16:01:25+0100  Submitted:32  Finished successfully:224
Progress: Thu, 18 Feb 2016 16:01:55+0100  Submitted:32  Finished successfully:224
Progress: Thu, 18 Feb 2016 16:02:25+0100  Submitted:32  Finished successfully:224
Progress: Thu, 18 Feb 2016 16:02:55+0100  Submitted:32  Finished successfully:224
Progress: Thu, 18 Feb 2016 16:03:25+0100  Submitted:32  Finished successfully:224
Progress: Thu, 18 Feb 2016 16:03:55+0100  Submitted:32  Finished successfully:224
Progress: Thu, 18 Feb 2016 16:04:25+0100  Submitted:32  Finished successfully:224
Progress: Thu, 18 Feb 2016 16:04:55+0100  Submitted:32  Finished successfully:224
Progress: Thu, 18 Feb 2016 16:05:25+0100  Submitted:32  Finished successfully:224
Progress: Thu, 18 Feb 2016 16:05:55+0100  Submitted:32  Finished successfully:224
Progress: Thu, 18 Feb 2016 16:06:24+0100  Stage in:16  Submitted:16  Finished successfully:224
Progress: Thu, 18 Feb 2016 16:06:25+0100  Active:32  Finished successfully:224
Progress: Thu, 18 Feb 2016 16:06:55+0100  Active:32  Finished successfully:224
Progress: Thu, 18 Feb 2016 16:07:25+0100  Active:32  Finished successfully:224
Progress: Thu, 18 Feb 2016 16:07:55+0100  Active:32  Finished successfully:224
Progress: Thu, 18 Feb 2016 16:08:25+0100  Active:32  Finished successfully:224
Progress: Thu, 18 Feb 2016 16:08:55+0100  Active:32  Finished successfully:224
Progress: Thu, 18 Feb 2016 16:09:25+0100  Active:32  Finished successfully:224
Progress: Thu, 18 Feb 2016 16:09:55+0100  Active:32  Finished successfully:224
Progress: Thu, 18 Feb 2016 16:10:25+0100  Active:32  Finished successfully:224
Progress: Thu, 18 Feb 2016 16:10:55+0100  Active:32  Finished successfully:224
Progress: Thu, 18 Feb 2016 16:11:25+0100  Active:32  Finished successfully:224
Progress: Thu, 18 Feb 2016 16:11:55+0100  Active:32  Finished successfully:224
Progress: Thu, 18 Feb 2016 16:12:25+0100  Active:32  Finished successfully:224
Progress: Thu, 18 Feb 2016 16:12:55+0100  Active:32  Finished successfully:224
Progress: Thu, 18 Feb 2016 16:13:25+0100  Active:32  Finished successfully:224
Progress: Thu, 18 Feb 2016 16:13:55+0100  Active:32  Finished successfully:224
Progress: Thu, 18 Feb 2016 16:14:25+0100  Active:32  Finished successfully:224
Progress: Thu, 18 Feb 2016 16:14:55+0100  Active:32  Finished successfully:224
Progress: Thu, 18 Feb 2016 16:15:25+0100  Active:32  Finished successfully:224
Progress: Thu, 18 Feb 2016 16:15:55+0100  Active:32  Finished successfully:224
Progress: Thu, 18 Feb 2016 16:16:25+0100  Active:32  Finished successfully:224
Progress: Thu, 18 Feb 2016 16:16:55+0100  Active:32  Finished successfully:224
Progress: Thu, 18 Feb 2016 16:17:25+0100  Active:32  Finished successfully:224
Progress: Thu, 18 Feb 2016 16:17:55+0100  Active:32  Finished successfully:224
Progress: Thu, 18 Feb 2016 16:18:25+0100  Active:32  Finished successfully:224
Progress: Thu, 18 Feb 2016 16:18:55+0100  Active:32  Finished successfully:224
Progress: Thu, 18 Feb 2016 16:19:25+0100  Active:32  Finished successfully:224
Progress: Thu, 18 Feb 2016 16:19:55+0100  Active:32  Finished successfully:224
Progress: Thu, 18 Feb 2016 16:20:25+0100  Active:32  Finished successfully:224
Progress: Thu, 18 Feb 2016 16:20:55+0100  Active:32  Finished successfully:224
Progress: Thu, 18 Feb 2016 16:21:24+0100  Active:30  Stage out:2  Finished successfully:224
Progress: Thu, 18 Feb 2016 16:21:25+0100  Stage out:2  Finished successfully:254
Final status: Thu, 18 Feb 2016 16:21:25+0100  Finished successfully:256
