Swift 0.96.2 git-rev: b9611649002eecd640fc6c58bbb88cb35ce03539 heads/release-0.96-swift 6287 (modified locally)
RunID: run013
Progress: Mon, 07 Dec 2015 02:56:16+0000
Progress: Mon, 07 Dec 2015 02:56:17+0000  Submitting:1024
Progress: Mon, 07 Dec 2015 02:56:30+0000  Submitting:1020  Submitted:4
Progress: Mon, 07 Dec 2015 02:56:33+0000  Submitting:628  Submitted:396
Progress: Mon, 07 Dec 2015 02:56:34+0000  Submitted:1024
Progress: Mon, 07 Dec 2015 02:56:58+0000  Submitted:992  Active:32
Progress: Mon, 07 Dec 2015 02:57:01+0000  Submitted:960  Active:64
Progress: Mon, 07 Dec 2015 02:57:15+0000  Stage in:43  Submitted:896  Active:85
Progress: Mon, 07 Dec 2015 02:57:16+0000  Submitted:896  Active:128
Progress: Mon, 07 Dec 2015 02:57:32+0000  Stage in:59  Submitted:832  Active:133
Progress: Mon, 07 Dec 2015 02:57:33+0000  Submitted:832  Active:192
Progress: Mon, 07 Dec 2015 02:57:46+0000  Stage in:26  Submitted:806  Active:192
Progress: Mon, 07 Dec 2015 02:57:47+0000  Submitted:768  Active:256
Progress: Mon, 07 Dec 2015 02:57:49+0000  Submitted:752  Active:272
Progress: Mon, 07 Dec 2015 02:57:56+0000  Submitted:736  Active:288
Progress: Mon, 07 Dec 2015 02:57:57+0000  Stage in:7  Submitted:720  Active:297
Progress: Mon, 07 Dec 2015 02:57:58+0000  Submitted:720  Active:304
Progress: Mon, 07 Dec 2015 02:58:01+0000  Stage in:14  Submitted:656  Active:354
Progress: Mon, 07 Dec 2015 02:58:02+0000  Submitted:656  Active:368
Progress: Mon, 07 Dec 2015 02:58:04+0000  Submitted:640  Active:384
Progress: Mon, 07 Dec 2015 02:58:15+0000  Submitted:592  Active:432
Progress: Mon, 07 Dec 2015 02:58:20+0000  Submitted:576  Active:448
Progress: Mon, 07 Dec 2015 02:58:23+0000  Submitted:560  Active:464
Progress: Mon, 07 Dec 2015 02:58:34+0000  Submitted:544  Active:480
Progress: Mon, 07 Dec 2015 02:58:35+0000  Submitted:528  Active:496
Progress: Mon, 07 Dec 2015 02:58:44+0000  Stage in:3  Submitted:512  Active:509
Progress: Mon, 07 Dec 2015 02:58:45+0000  Submitted:496  Active:528
Progress: Mon, 07 Dec 2015 02:58:54+0000  Submitted:448  Active:576
Progress: Mon, 07 Dec 2015 02:59:03+0000  Stage in:16  Submitted:432  Active:576
Progress: Mon, 07 Dec 2015 02:59:04+0000  Submitted:432  Active:592
Progress: Mon, 07 Dec 2015 02:59:12+0000  Stage in:5  Submitted:416  Active:603
Progress: Mon, 07 Dec 2015 02:59:13+0000  Submitted:400  Active:624
Progress: Mon, 07 Dec 2015 02:59:15+0000  Submitted:384  Active:640
Progress: Mon, 07 Dec 2015 02:59:45+0000  Submitted:384  Active:640
Progress: Mon, 07 Dec 2015 03:00:15+0000  Submitted:384  Active:640
Progress: Mon, 07 Dec 2015 03:00:45+0000  Submitted:384  Active:640
Progress: Mon, 07 Dec 2015 03:01:15+0000  Submitted:384  Active:640
Progress: Mon, 07 Dec 2015 03:01:45+0000  Submitted:384  Active:640
Progress: Mon, 07 Dec 2015 03:02:15+0000  Submitted:384  Active:640
Progress: Mon, 07 Dec 2015 03:02:45+0000  Submitted:384  Active:640
Progress: Mon, 07 Dec 2015 03:03:15+0000  Submitted:384  Active:640
Progress: Mon, 07 Dec 2015 03:03:45+0000  Submitted:384  Active:640
Progress: Mon, 07 Dec 2015 03:04:15+0000  Submitted:384  Active:640
Progress: Mon, 07 Dec 2015 03:04:45+0000  Submitted:384  Active:640
Progress: Mon, 07 Dec 2015 03:05:15+0000  Submitted:384  Active:640
Progress: Mon, 07 Dec 2015 03:05:45+0000  Submitted:384  Active:640
Progress: Mon, 07 Dec 2015 03:06:15+0000  Submitted:384  Active:640
Progress: Mon, 07 Dec 2015 03:06:45+0000  Submitted:384  Active:640
Progress: Mon, 07 Dec 2015 03:07:15+0000  Submitted:384  Active:640
Progress: Mon, 07 Dec 2015 03:07:45+0000  Submitted:384  Active:640
Progress: Mon, 07 Dec 2015 03:08:15+0000  Submitted:384  Active:640
Progress: Mon, 07 Dec 2015 03:08:45+0000  Submitted:384  Active:640
Progress: Mon, 07 Dec 2015 03:09:15+0000  Submitted:384  Active:640
Progress: Mon, 07 Dec 2015 03:09:45+0000  Submitted:384  Active:640
Progress: Mon, 07 Dec 2015 03:10:15+0000  Submitted:384  Active:640
Progress: Mon, 07 Dec 2015 03:10:45+0000  Submitted:384  Active:640
Progress: Mon, 07 Dec 2015 03:11:15+0000  Submitted:384  Active:640
Progress: Mon, 07 Dec 2015 03:11:45+0000  Submitted:384  Active:640
Progress: Mon, 07 Dec 2015 03:11:58+0000  Submitted:384  Active:608  Finished successfully:32
Progress: Mon, 07 Dec 2015 03:12:01+0000  Submitted:384  Active:576  Finished successfully:64
Progress: Mon, 07 Dec 2015 03:12:15+0000  Submitted:384  Active:545  Stage out:14  Finished successfully:81
Progress: Mon, 07 Dec 2015 03:12:16+0000  Submitted:384  Active:512  Finished successfully:128
Progress: Mon, 07 Dec 2015 03:12:32+0000  Submitted:384  Active:503  Stage out:8  Finished successfully:129
Progress: Mon, 07 Dec 2015 03:12:33+0000  Submitted:384  Active:448  Finished successfully:192
Progress: Mon, 07 Dec 2015 03:12:46+0000  Submitted:384  Active:443  Stage out:5  Finished successfully:192
Progress: Mon, 07 Dec 2015 03:12:47+0000  Submitted:384  Active:384  Finished successfully:256
Progress: Mon, 07 Dec 2015 03:12:49+0000  Submitted:384  Active:368  Finished successfully:272
Progress: Mon, 07 Dec 2015 03:12:56+0000  Submitted:384  Active:352  Finished successfully:288
Progress: Mon, 07 Dec 2015 03:12:57+0000  Submitted:384  Active:336  Stage out:2  Finished successfully:302
Progress: Mon, 07 Dec 2015 03:12:58+0000  Submitted:384  Active:336  Finished successfully:304
Progress: Mon, 07 Dec 2015 03:13:01+0000  Submitted:384  Active:287  Stage out:20  Finished successfully:333
Progress: Mon, 07 Dec 2015 03:13:02+0000  Submitted:384  Active:272  Finished successfully:368
Progress: Mon, 07 Dec 2015 03:13:04+0000  Submitted:384  Active:256  Finished successfully:384
Progress: Mon, 07 Dec 2015 03:13:15+0000  Submitted:384  Active:208  Finished successfully:432
Progress: Mon, 07 Dec 2015 03:13:20+0000  Submitted:384  Active:192  Finished successfully:448
Progress: Mon, 07 Dec 2015 03:13:23+0000  Submitted:384  Active:176  Finished successfully:464
Progress: Mon, 07 Dec 2015 03:13:34+0000  Submitted:384  Active:160  Finished successfully:480
Progress: Mon, 07 Dec 2015 03:13:35+0000  Submitted:384  Active:144  Finished successfully:496
Progress: Mon, 07 Dec 2015 03:13:44+0000  Submitted:384  Active:128  Stage out:2  Finished successfully:510
Progress: Mon, 07 Dec 2015 03:13:45+0000  Submitted:384  Active:112  Finished successfully:528
Progress: Mon, 07 Dec 2015 03:13:54+0000  Submitted:384  Active:64  Finished successfully:576
Progress: Mon, 07 Dec 2015 03:14:03+0000  Submitted:384  Active:58  Stage out:6  Finished successfully:576
Progress: Mon, 07 Dec 2015 03:14:04+0000  Submitted:384  Active:48  Finished successfully:592
Progress: Mon, 07 Dec 2015 03:14:12+0000  Submitted:384  Active:32  Stage out:5  Finished successfully:603
Progress: Mon, 07 Dec 2015 03:14:13+0000  Submitted:384  Active:16  Finished successfully:624
Progress: Mon, 07 Dec 2015 03:14:15+0000  Submitted:384  Finished successfully:640
Progress: Mon, 07 Dec 2015 03:14:45+0000  Stage in:15  Submitted:368  Active:1  Finished successfully:640
Progress: Mon, 07 Dec 2015 03:14:46+0000  Submitted:368  Active:16  Finished successfully:640
Progress: Mon, 07 Dec 2015 03:15:01+0000  Submitted:336  Active:48  Finished successfully:640
Progress: Mon, 07 Dec 2015 03:15:04+0000  Submitted:304  Active:80  Finished successfully:640
Progress: Mon, 07 Dec 2015 03:15:16+0000  Submitted:272  Active:112  Finished successfully:640
Progress: Mon, 07 Dec 2015 03:15:19+0000  Submitted:240  Active:144  Finished successfully:640
Progress: Mon, 07 Dec 2015 03:15:30+0000  Stage in:47  Submitted:192  Active:145  Finished successfully:640
Progress: Mon, 07 Dec 2015 03:15:31+0000  Submitted:192  Active:192  Finished successfully:640
Progress: Mon, 07 Dec 2015 03:15:33+0000  Stage in:4  Submitted:188  Active:192  Finished successfully:640
Progress: Mon, 07 Dec 2015 03:15:34+0000  Submitted:188  Active:196  Finished successfully:640
Progress: Mon, 07 Dec 2015 03:16:04+0000  Submitted:188  Active:196  Finished successfully:640
Progress: Mon, 07 Dec 2015 03:16:34+0000  Submitted:188  Active:196  Finished successfully:640
Progress: Mon, 07 Dec 2015 03:16:35+0000  Submitted:172  Active:212  Finished successfully:640
Progress: Mon, 07 Dec 2015 03:17:05+0000  Submitted:172  Active:212  Finished successfully:640
Progress: Mon, 07 Dec 2015 03:17:15+0000  Stage in:7  Submitted:156  Active:221  Finished successfully:640
Progress: Mon, 07 Dec 2015 03:17:16+0000  Submitted:140  Active:244  Finished successfully:640
Progress: Mon, 07 Dec 2015 03:17:30+0000  Submitted:124  Active:260  Finished successfully:640
Progress: Mon, 07 Dec 2015 03:17:35+0000  Stage in:16  Submitted:108  Active:260  Finished successfully:640
Progress: Mon, 07 Dec 2015 03:17:36+0000  Submitted:108  Active:276  Finished successfully:640
Progress: Mon, 07 Dec 2015 03:17:39+0000  Submitted:92  Active:292  Finished successfully:640
Progress: Mon, 07 Dec 2015 03:17:45+0000  Stage in:4  Submitted:76  Active:304  Finished successfully:640
Progress: Mon, 07 Dec 2015 03:17:46+0000  Submitted:76  Active:308  Finished successfully:640
Progress: Mon, 07 Dec 2015 03:17:51+0000  Stage in:16  Submitted:60  Active:308  Finished successfully:640
Progress: Mon, 07 Dec 2015 03:17:52+0000  Submitted:60  Active:324  Finished successfully:640
Progress: Mon, 07 Dec 2015 03:17:54+0000  Stage in:16  Submitted:44  Active:324  Finished successfully:640
Progress: Mon, 07 Dec 2015 03:17:55+0000  Submitted:44  Active:340  Finished successfully:640
Progress: Mon, 07 Dec 2015 03:18:05+0000  Stage in:9  Submitted:28  Active:347  Finished successfully:640
Progress: Mon, 07 Dec 2015 03:18:06+0000  Submitted:12  Active:372  Finished successfully:640
Progress: Mon, 07 Dec 2015 03:18:16+0000  Active:384  Finished successfully:640
Progress: Mon, 07 Dec 2015 03:18:46+0000  Active:384  Finished successfully:640
Progress: Mon, 07 Dec 2015 03:19:16+0000  Active:384  Finished successfully:640
Progress: Mon, 07 Dec 2015 03:19:46+0000  Active:384  Finished successfully:640
Progress: Mon, 07 Dec 2015 03:20:16+0000  Active:384  Finished successfully:640
Progress: Mon, 07 Dec 2015 03:20:46+0000  Active:384  Finished successfully:640
Progress: Mon, 07 Dec 2015 03:21:16+0000  Active:384  Finished successfully:640
Progress: Mon, 07 Dec 2015 03:21:46+0000  Active:384  Finished successfully:640
Progress: Mon, 07 Dec 2015 03:22:16+0000  Active:384  Finished successfully:640
Progress: Mon, 07 Dec 2015 03:22:46+0000  Active:384  Finished successfully:640
Progress: Mon, 07 Dec 2015 03:23:16+0000  Active:384  Finished successfully:640
Progress: Mon, 07 Dec 2015 03:23:46+0000  Active:384  Finished successfully:640
Progress: Mon, 07 Dec 2015 03:24:16+0000  Active:384  Finished successfully:640
Progress: Mon, 07 Dec 2015 03:24:46+0000  Active:384  Finished successfully:640
Progress: Mon, 07 Dec 2015 03:25:16+0000  Active:384  Finished successfully:640
Progress: Mon, 07 Dec 2015 03:25:46+0000  Active:384  Finished successfully:640
Progress: Mon, 07 Dec 2015 03:26:16+0000  Active:384  Finished successfully:640
Progress: Mon, 07 Dec 2015 03:26:46+0000  Active:384  Finished successfully:640
Progress: Mon, 07 Dec 2015 03:27:16+0000  Active:384  Finished successfully:640
Progress: Mon, 07 Dec 2015 03:27:46+0000  Active:384  Finished successfully:640
Progress: Mon, 07 Dec 2015 03:28:17+0000  Active:384  Finished successfully:640
Progress: Mon, 07 Dec 2015 03:28:47+0000  Active:384  Finished successfully:640
Progress: Mon, 07 Dec 2015 03:29:17+0000  Active:384  Finished successfully:640
Progress: Mon, 07 Dec 2015 03:29:46+0000  Active:378  Stage out:6  Finished successfully:640
Progress: Mon, 07 Dec 2015 03:29:47+0000  Active:368  Finished successfully:656
Progress: Mon, 07 Dec 2015 03:30:02+0000  Active:336  Finished successfully:688
Progress: Mon, 07 Dec 2015 03:30:05+0000  Active:304  Finished successfully:720
Progress: Mon, 07 Dec 2015 03:30:17+0000  Active:272  Stage out:16  Finished successfully:736
Progress: Mon, 07 Dec 2015 03:30:18+0000  Active:272  Finished successfully:752
Progress: Mon, 07 Dec 2015 03:30:20+0000  Active:240  Stage out:7  Finished successfully:777
Progress: Mon, 07 Dec 2015 03:30:21+0000  Active:240  Finished successfully:784
Progress: Mon, 07 Dec 2015 03:30:31+0000  Active:231  Stage out:8  Finished successfully:785
Progress: Mon, 07 Dec 2015 03:30:32+0000  Active:192  Finished successfully:832
Progress: Mon, 07 Dec 2015 03:30:34+0000  Active:188  Stage out:4  Finished successfully:832
Progress: Mon, 07 Dec 2015 03:30:35+0000  Active:188  Finished successfully:836
Progress: Mon, 07 Dec 2015 03:31:05+0000  Active:188  Finished successfully:836
Progress: Mon, 07 Dec 2015 03:31:35+0000  Active:188  Finished successfully:836
Progress: Mon, 07 Dec 2015 03:31:36+0000  Active:172  Finished successfully:852
Progress: Mon, 07 Dec 2015 03:32:06+0000  Active:172  Finished successfully:852
Progress: Mon, 07 Dec 2015 03:32:16+0000  Active:156  Stage out:4  Finished successfully:864
Progress: Mon, 07 Dec 2015 03:32:17+0000  Active:140  Finished successfully:884
Progress: Mon, 07 Dec 2015 03:32:31+0000  Active:124  Finished successfully:900
Progress: Mon, 07 Dec 2015 03:32:36+0000  Active:120  Stage out:4  Finished successfully:900
Progress: Mon, 07 Dec 2015 03:32:37+0000  Active:108  Finished successfully:916
Progress: Mon, 07 Dec 2015 03:32:40+0000  Active:92  Finished successfully:932
Progress: Mon, 07 Dec 2015 03:32:46+0000  Active:76  Stage out:2  Finished successfully:946
Progress: Mon, 07 Dec 2015 03:32:47+0000  Active:76  Finished successfully:948
Progress: Mon, 07 Dec 2015 03:32:52+0000  Active:67  Stage out:9  Finished successfully:948
Progress: Mon, 07 Dec 2015 03:32:53+0000  Active:60  Finished successfully:964
Progress: Mon, 07 Dec 2015 03:32:55+0000  Active:51  Stage out:6  Finished successfully:967
Progress: Mon, 07 Dec 2015 03:32:56+0000  Active:44  Finished successfully:980
Progress: Mon, 07 Dec 2015 03:33:06+0000  Active:28  Stage out:7  Finished successfully:989
Progress: Mon, 07 Dec 2015 03:33:07+0000  Active:12  Finished successfully:1012
Final status: Mon, 07 Dec 2015 03:33:16+0000  Finished successfully:1024
