Swift 0.96.2 git-rev: b9611649002eecd640fc6c58bbb88cb35ce03539 heads/release-0.96-swift 6287 (modified locally)
RunID: run026
Progress: Mon, 07 Dec 2015 08:14:58+0000
Progress: Mon, 07 Dec 2015 08:14:59+0000  Submitting:128
Progress: Mon, 07 Dec 2015 08:15:10+0000  Submitting:115  Submitted:13
Progress: Mon, 07 Dec 2015 08:15:19+0000  Submitted:128
Progress: Mon, 07 Dec 2015 08:15:33+0000  Stage in:16  Submitted:112
Progress: Mon, 07 Dec 2015 08:15:34+0000  Submitted:112  Active:16
Progress: Mon, 07 Dec 2015 08:15:48+0000  Stage in:4  Submitted:58  Active:66
Progress: Mon, 07 Dec 2015 08:15:49+0000  Submitted:58  Active:70
Progress: Mon, 07 Dec 2015 08:16:19+0000  Submitted:58  Active:70
Progress: Mon, 07 Dec 2015 08:16:38+0000  Submitted:42  Active:86
Progress: Mon, 07 Dec 2015 08:16:45+0000  Stage in:15  Submitted:11  Active:102
Progress: Mon, 07 Dec 2015 08:16:46+0000  Submitted:10  Active:118
Progress: Mon, 07 Dec 2015 08:16:56+0000  Stage in:1  Active:127
Progress: Mon, 07 Dec 2015 08:16:57+0000  Active:128
Progress: Mon, 07 Dec 2015 08:17:27+0000  Active:128
Progress: Mon, 07 Dec 2015 08:17:57+0000  Active:128
Progress: Mon, 07 Dec 2015 08:18:27+0000  Active:128
Progress: Mon, 07 Dec 2015 08:18:57+0000  Active:128
Progress: Mon, 07 Dec 2015 08:19:27+0000  Active:128
Progress: Mon, 07 Dec 2015 08:19:57+0000  Active:128
Progress: Mon, 07 Dec 2015 08:20:27+0000  Active:128
Progress: Mon, 07 Dec 2015 08:20:57+0000  Active:128
Progress: Mon, 07 Dec 2015 08:21:27+0000  Active:128
Progress: Mon, 07 Dec 2015 08:21:57+0000  Active:128
Progress: Mon, 07 Dec 2015 08:22:27+0000  Active:128
Progress: Mon, 07 Dec 2015 08:22:57+0000  Active:128
Progress: Mon, 07 Dec 2015 08:23:27+0000  Active:128
Progress: Mon, 07 Dec 2015 08:23:57+0000  Active:128
Progress: Mon, 07 Dec 2015 08:24:27+0000  Active:128
Progress: Mon, 07 Dec 2015 08:24:57+0000  Active:128
Progress: Mon, 07 Dec 2015 08:25:27+0000  Active:128
Progress: Mon, 07 Dec 2015 08:25:57+0000  Active:128
Progress: Mon, 07 Dec 2015 08:26:27+0000  Active:128
Progress: Mon, 07 Dec 2015 08:26:57+0000  Active:128
Progress: Mon, 07 Dec 2015 08:27:27+0000  Active:128
Progress: Mon, 07 Dec 2015 08:27:57+0000  Active:128
Progress: Mon, 07 Dec 2015 08:28:27+0000  Active:128
Progress: Mon, 07 Dec 2015 08:28:57+0000  Active:128
Progress: Mon, 07 Dec 2015 08:29:27+0000  Active:128
Progress: Mon, 07 Dec 2015 08:29:57+0000  Active:128
Progress: Mon, 07 Dec 2015 08:30:27+0000  Active:128
Progress: Mon, 07 Dec 2015 08:30:33+0000  Active:126  Stage out:2
Progress: Mon, 07 Dec 2015 08:30:34+0000  Active:112  Finished successfully:16
Progress: Mon, 07 Dec 2015 08:30:48+0000  Active:58  Stage out:18  Finished successfully:52
Progress: Mon, 07 Dec 2015 08:30:49+0000  Active:58  Finished successfully:70
Progress: Mon, 07 Dec 2015 08:31:19+0000  Active:58  Finished successfully:70
Progress: Mon, 07 Dec 2015 08:31:38+0000  Active:42  Stage out:4  Finished successfully:82
Progress: Mon, 07 Dec 2015 08:31:39+0000  Active:42  Finished successfully:86
Progress: Mon, 07 Dec 2015 08:31:45+0000  Active:21  Stage out:5  Finished successfully:102
Progress: Mon, 07 Dec 2015 08:31:46+0000  Active:10  Finished successfully:118
Progress: Mon, 07 Dec 2015 08:31:56+0000  Stage out:5  Finished successfully:123
Final status: Mon, 07 Dec 2015 08:31:56+0000  Finished successfully:128
