Swift 0.96.2 git-rev: fd94793c37506e2e3d2eff7fa82c2f1e835a2e5b heads/cleanup_am 6319
RunID: run001
Progress: Wed, 11 May 2016 08:00:44-0400
SwiftScript trace: stage 4
SwiftScript trace: input_shared_1_5.txt
Progress: Wed, 11 May 2016 08:00:45-0400  Submitting:505  Submitted:7
Progress: Wed, 11 May 2016 08:00:46-0400  Submitting:478  Submitted:34
Progress: Wed, 11 May 2016 08:00:47-0400  Submitting:442  Submitted:70
Progress: Wed, 11 May 2016 08:00:48-0400  Submitting:408  Submitted:104
Progress: Wed, 11 May 2016 08:00:49-0400  Submitting:373  Submitted:139
Progress: Wed, 11 May 2016 08:00:50-0400  Submitting:342  Submitted:170
Progress: Wed, 11 May 2016 08:00:51-0400  Submitting:307  Submitted:205
Progress: Wed, 11 May 2016 08:00:52-0400  Submitting:272  Submitted:240
Progress: Wed, 11 May 2016 08:00:53-0400  Submitting:238  Submitted:274
Progress: Wed, 11 May 2016 08:00:54-0400  Submitting:204  Submitted:308
Progress: Wed, 11 May 2016 08:00:55-0400  Submitting:170  Submitted:342
Progress: Wed, 11 May 2016 08:00:56-0400  Submitting:135  Submitted:377
Progress: Wed, 11 May 2016 08:00:57-0400  Submitting:101  Submitted:411
Progress: Wed, 11 May 2016 08:00:58-0400  Submitting:68  Submitted:444
Progress: Wed, 11 May 2016 08:00:59-0400  Submitting:32  Submitted:480
Progress: Wed, 11 May 2016 08:01:00-0400  Submitted:512
Progress: Wed, 11 May 2016 08:01:30-0400  Submitted:512
Progress: Wed, 11 May 2016 08:02:00-0400  Submitted:512
Progress: Wed, 11 May 2016 08:02:30-0400  Submitted:512
Progress: Wed, 11 May 2016 08:03:01-0400  Submitted:512
Progress: Wed, 11 May 2016 08:03:31-0400  Submitted:512
Progress: Wed, 11 May 2016 08:03:57-0400  Submitted:451  Active:61
Progress: Wed, 11 May 2016 08:04:02-0400  Submitted:384  Active:128
Progress: Wed, 11 May 2016 08:04:18-0400  Submitted:382  Active:130
Progress: Wed, 11 May 2016 08:04:28-0400  Submitted:383  Active:129  Finished successfully:1
Progress: Wed, 11 May 2016 08:04:33-0400  Submitted:382  Active:130  Finished successfully:2
Progress: Wed, 11 May 2016 08:04:38-0400  Submitting:1  Submitted:382  Active:129  Finished successfully:3
Progress: Wed, 11 May 2016 08:04:39-0400  Submitted:383  Active:129  Finished successfully:3
Progress: Wed, 11 May 2016 08:04:44-0400  Submitted:382  Active:130  Finished successfully:4
Progress: Wed, 11 May 2016 08:04:49-0400  Submitted:383  Active:129  Finished successfully:5
Progress: Wed, 11 May 2016 08:04:54-0400  Submitted:382  Active:130  Finished successfully:6
Progress: Wed, 11 May 2016 08:04:59-0400  Submitted:382  Active:130  Finished successfully:8
Progress: Wed, 11 May 2016 08:05:09-0400  Submitting:2  Submitted:380  Active:130  Finished successfully:10
Progress: Wed, 11 May 2016 08:05:10-0400  Submitted:382  Active:130  Finished successfully:10
Progress: Wed, 11 May 2016 08:05:20-0400  Submitted:382  Active:130  Finished successfully:12
Progress: Wed, 11 May 2016 08:05:30-0400  Submitting:1  Submitted:383  Active:128  Finished successfully:14
Progress: Wed, 11 May 2016 08:05:31-0400  Submitted:384  Active:128  Finished successfully:14
Progress: Wed, 11 May 2016 08:05:35-0400  Submitted:382  Active:130  Finished successfully:14
Progress: Wed, 11 May 2016 08:05:46-0400  Submitting:1  Submitted:382  Active:129  Finished successfully:16
Progress: Wed, 11 May 2016 08:05:48-0400  Submitted:383  Active:129  Finished successfully:16
Progress: Wed, 11 May 2016 08:05:56-0400  Submitting:1  Submitted:383  Active:128  Finished successfully:18
Progress: Wed, 11 May 2016 08:05:57-0400  Submitted:384  Active:128  Finished successfully:18
Progress: Wed, 11 May 2016 08:06:01-0400  Submitted:382  Active:130  Finished successfully:18
Progress: Wed, 11 May 2016 08:06:17-0400  Submitting:1  Submitted:381  Active:130  Finished successfully:20
Progress: Wed, 11 May 2016 08:06:18-0400  Submitted:382  Active:130  Finished successfully:20
Progress: Wed, 11 May 2016 08:06:22-0400  Submitting:1  Submitted:381  Active:130  Finished successfully:22
Progress: Wed, 11 May 2016 08:06:23-0400  Submitted:382  Active:130  Finished successfully:22
Progress: Wed, 11 May 2016 08:06:32-0400  Submitted:382  Active:130  Finished successfully:24
Progress: Wed, 11 May 2016 08:06:42-0400  Submitting:2  Submitted:382  Active:128  Finished successfully:26
Progress: Wed, 11 May 2016 08:06:43-0400  Submitted:384  Active:128  Finished successfully:26
Progress: Wed, 11 May 2016 08:06:48-0400  Submitting:1  Submitted:384  Active:127  Finished successfully:28
Progress: Wed, 11 May 2016 08:06:50-0400  Submitted:385  Active:127  Finished successfully:28
Progress: Wed, 11 May 2016 08:06:58-0400  Submitted:384  Active:128  Finished successfully:28
Progress: Wed, 11 May 2016 08:07:03-0400  Submitted:386  Active:126  Finished successfully:30
Progress: Wed, 11 May 2016 08:07:13-0400  Submitting:2  Submitted:384  Active:126  Finished successfully:32
Progress: Wed, 11 May 2016 08:07:14-0400  Submitting:1  Submitted:385  Active:126  Finished successfully:32
Progress: Wed, 11 May 2016 08:07:15-0400  Submitted:386  Active:126  Finished successfully:32
Progress: Wed, 11 May 2016 08:07:19-0400  Submitted:387  Active:125  Finished successfully:34
Progress: Wed, 11 May 2016 08:07:24-0400  Submitting:1  Submitted:388  Active:123  Finished successfully:36
Progress: Wed, 11 May 2016 08:07:26-0400  Submitted:389  Active:123  Finished successfully:36
Progress: Wed, 11 May 2016 08:07:29-0400  Submitted:387  Active:125  Finished successfully:36
Progress: Wed, 11 May 2016 08:07:34-0400  Submitting:1  Submitted:388  Active:123  Finished successfully:38
Progress: Wed, 11 May 2016 08:07:36-0400  Submitted:389  Active:123  Finished successfully:38
Progress: Wed, 11 May 2016 08:07:39-0400  Submitted:388  Active:124  Finished successfully:38
Progress: Wed, 11 May 2016 08:07:44-0400  Submitting:2  Submitted:386  Active:124  Finished successfully:40
Progress: Wed, 11 May 2016 08:07:45-0400  Submitted:388  Active:124  Finished successfully:40
Progress: Wed, 11 May 2016 08:07:55-0400  Submitting:1  Submitted:387  Active:124  Finished successfully:42
Progress: Wed, 11 May 2016 08:07:56-0400  Submitted:388  Active:124  Finished successfully:42
Progress: Wed, 11 May 2016 08:08:00-0400  Submitted:388  Active:124  Finished successfully:44
Progress: Wed, 11 May 2016 08:08:05-0400  Submitted:390  Active:122  Finished successfully:46
Progress: Wed, 11 May 2016 08:08:16-0400  Submitting:1  Submitted:389  Active:122  Finished successfully:48
Progress: Wed, 11 May 2016 08:08:17-0400  Submitted:390  Active:122  Finished successfully:48
Progress: Wed, 11 May 2016 08:08:21-0400  Submitted:389  Active:123  Finished successfully:48
Progress: Wed, 11 May 2016 08:08:26-0400  Submitted:388  Active:124  Finished successfully:48
Progress: Wed, 11 May 2016 08:08:31-0400  Submitting:1  Submitted:388  Active:123  Finished successfully:50
Progress: Wed, 11 May 2016 08:08:32-0400  Submitted:389  Active:123  Finished successfully:50
Progress: Wed, 11 May 2016 08:08:37-0400  Submitting:1  Submitted:389  Active:122  Finished successfully:51
Progress: Wed, 11 May 2016 08:08:38-0400  Submitted:390  Active:122  Finished successfully:51
Progress: Wed, 11 May 2016 08:08:43-0400  Submitted:389  Active:123  Finished successfully:53
Progress: Wed, 11 May 2016 08:08:53-0400  Submitted:388  Active:124  Finished successfully:54
Progress: Wed, 11 May 2016 08:08:58-0400  Submitting:1  Submitted:388  Active:123  Finished successfully:56
Progress: Wed, 11 May 2016 08:08:59-0400  Submitted:389  Active:123  Finished successfully:56
Progress: Wed, 11 May 2016 08:09:03-0400  Submitted:388  Active:124  Finished successfully:56
Progress: Wed, 11 May 2016 08:09:08-0400  Submitting:1  Submitted:388  Active:123  Finished successfully:57
Progress: Wed, 11 May 2016 08:09:09-0400  Submitted:389  Active:123  Finished successfully:57
Progress: Wed, 11 May 2016 08:09:14-0400  Submitted:388  Active:124  Finished successfully:58
Progress: Wed, 11 May 2016 08:09:24-0400  Submitting:1  Submitted:387  Active:124  Finished successfully:60
Progress: Wed, 11 May 2016 08:09:26-0400  Submitted:388  Active:124  Finished successfully:60
Progress: Wed, 11 May 2016 08:09:29-0400  Submitted:390  Active:122  Finished successfully:62
Progress: Wed, 11 May 2016 08:09:34-0400  Submitted:388  Active:124  Finished successfully:62
Progress: Wed, 11 May 2016 08:09:39-0400  Submitting:2  Submitted:387  Active:123  Finished successfully:64
Progress: Wed, 11 May 2016 08:09:40-0400  Submitted:389  Active:123  Finished successfully:64
Progress: Wed, 11 May 2016 08:09:45-0400  Submitted:389  Active:123  Finished successfully:65
Progress: Wed, 11 May 2016 08:09:50-0400  Submitted:388  Active:124  Finished successfully:66
Progress: Wed, 11 May 2016 08:10:00-0400  Submitting:1  Submitted:388  Active:123  Finished successfully:68
Progress: Wed, 11 May 2016 08:10:01-0400  Submitted:389  Active:123  Finished successfully:68
Progress: Wed, 11 May 2016 08:10:05-0400  Submitted:388  Active:124  Finished successfully:69
Progress: Wed, 11 May 2016 08:10:11-0400  Submitted:389  Active:123  Finished successfully:70
Progress: Wed, 11 May 2016 08:10:21-0400  Submitting:1  Submitted:390  Active:121  Finished successfully:72
Progress: Wed, 11 May 2016 08:10:22-0400  Submitted:391  Active:121  Finished successfully:72
Progress: Wed, 11 May 2016 08:10:26-0400  Submitted:389  Active:123  Finished successfully:72
Progress: Wed, 11 May 2016 08:10:31-0400  Submitting:1  Submitted:388  Active:123  Finished successfully:74
Progress: Wed, 11 May 2016 08:10:33-0400  Submitted:389  Active:123  Finished successfully:74
Progress: Wed, 11 May 2016 08:10:36-0400  Submitting:1  Submitted:388  Active:123  Finished successfully:76
Progress: Wed, 11 May 2016 08:10:38-0400  Submitted:389  Active:123  Finished successfully:76
Progress: Wed, 11 May 2016 08:10:47-0400  Submitted:388  Active:124  Finished successfully:77
Progress: Wed, 11 May 2016 08:10:57-0400  Submitted:389  Active:123  Finished successfully:78
Progress: Wed, 11 May 2016 08:11:02-0400  Submitting:1  Submitted:389  Active:122  Finished successfully:80
Progress: Wed, 11 May 2016 08:11:04-0400  Submitted:390  Active:122  Finished successfully:80
Progress: Wed, 11 May 2016 08:11:07-0400  Submitting:1  Submitted:389  Active:122  Finished successfully:81
Progress: Wed, 11 May 2016 08:11:08-0400  Submitted:390  Active:122  Finished successfully:81
Progress: Wed, 11 May 2016 08:11:23-0400  Submitted:390  Active:122  Finished successfully:83
Progress: Wed, 11 May 2016 08:11:33-0400  Submitted:389  Active:123  Finished successfully:84
Progress: Wed, 11 May 2016 08:11:38-0400  Submitting:2  Submitted:389  Active:121  Finished successfully:86
Progress: Wed, 11 May 2016 08:11:39-0400  Submitted:391  Active:121  Finished successfully:86
Progress: Wed, 11 May 2016 08:11:44-0400  Submitted:389  Active:123  Finished successfully:86
Progress: Wed, 11 May 2016 08:11:49-0400  Submitted:390  Active:122  Finished successfully:87
Progress: Wed, 11 May 2016 08:11:59-0400  Submitted:389  Active:123  Finished successfully:88
Progress: Wed, 11 May 2016 08:12:04-0400  Submitting:1  Submitted:389  Active:122  Finished successfully:90
Progress: Wed, 11 May 2016 08:12:05-0400  Submitted:390  Active:122  Finished successfully:90
Progress: Wed, 11 May 2016 08:12:15-0400  Submitted:390  Active:122  Finished successfully:91
Progress: Wed, 11 May 2016 08:12:20-0400  Submitted:391  Active:121  Finished successfully:92
Progress: Wed, 11 May 2016 08:12:25-0400  Submitted:391  Active:121  Finished successfully:93
Progress: Wed, 11 May 2016 08:12:30-0400  Submitted:391  Active:121  Finished successfully:94
Progress: Wed, 11 May 2016 08:12:35-0400  Submitting:1  Submitted:391  Active:120  Finished successfully:96
Progress: Wed, 11 May 2016 08:12:37-0400  Submitted:392  Active:120  Finished successfully:96
Progress: Wed, 11 May 2016 08:12:40-0400  Submitted:390  Active:122  Finished successfully:96
Progress: Wed, 11 May 2016 08:12:46-0400  Submitted:391  Active:121  Finished successfully:98
Progress: Wed, 11 May 2016 08:12:51-0400  Submitted:392  Active:120  Finished successfully:100
Progress: Wed, 11 May 2016 08:12:56-0400  Submitted:391  Active:121  Finished successfully:100
Progress: Wed, 11 May 2016 08:13:02-0400  Submitted:392  Active:120  Finished successfully:102
Progress: Wed, 11 May 2016 08:13:07-0400  Submitted:390  Active:122  Finished successfully:102
Progress: Wed, 11 May 2016 08:13:12-0400  Submitted:391  Active:121  Finished successfully:104
Progress: Wed, 11 May 2016 08:13:17-0400  Submitted:391  Active:121  Finished successfully:105
Progress: Wed, 11 May 2016 08:13:22-0400  Submitted:391  Active:121  Finished successfully:106
Progress: Wed, 11 May 2016 08:13:33-0400  Submitting:1  Submitted:391  Active:120  Finished successfully:108
Progress: Wed, 11 May 2016 08:13:35-0400  Submitted:392  Active:120  Finished successfully:108
Progress: Wed, 11 May 2016 08:13:38-0400  Submitted:392  Active:120  Finished successfully:109
Progress: Wed, 11 May 2016 08:13:43-0400  Submitted:390  Active:122  Finished successfully:109
Progress: Wed, 11 May 2016 08:13:48-0400  Submitting:1  Submitted:391  Active:120  Finished successfully:111
Progress: Wed, 11 May 2016 08:13:49-0400  Submitted:392  Active:120  Finished successfully:111
Progress: Wed, 11 May 2016 08:13:59-0400  Submitted:393  Active:119  Finished successfully:113
Progress: Wed, 11 May 2016 08:14:04-0400  Submitted:392  Active:120  Finished successfully:114
Progress: Wed, 11 May 2016 08:14:09-0400  Submitting:1  Submitted:392  Active:119  Finished successfully:115
Progress: Wed, 11 May 2016 08:14:10-0400  Submitted:393  Active:119  Finished successfully:115
Progress: Wed, 11 May 2016 08:14:14-0400  Submitting:1  Submitted:393  Active:118  Finished successfully:117
Progress: Wed, 11 May 2016 08:14:15-0400  Submitted:394  Active:118  Finished successfully:117
Progress: Wed, 11 May 2016 08:14:30-0400  Submitted:394  Active:118  Finished successfully:118
Progress: Wed, 11 May 2016 08:14:46-0400  Submitting:1  Submitted:393  Active:118  Finished successfully:120
Progress: Wed, 11 May 2016 08:14:48-0400  Submitted:394  Active:118  Finished successfully:120
Progress: Wed, 11 May 2016 08:14:51-0400  Submitting:1  Submitted:394  Active:117  Finished successfully:122
Progress: Wed, 11 May 2016 08:14:52-0400  Submitted:395  Active:117  Finished successfully:122
Progress: Wed, 11 May 2016 08:14:57-0400  Submitted:395  Active:117  Finished successfully:124
Progress: Wed, 11 May 2016 08:15:02-0400  Submitted:395  Active:117  Finished successfully:125
Progress: Wed, 11 May 2016 08:15:07-0400  Submitted:394  Active:118  Finished successfully:126
Progress: Wed, 11 May 2016 08:15:17-0400  Submitting:1  Submitted:395  Active:116  Finished successfully:128
Progress: Wed, 11 May 2016 08:15:19-0400  Submitted:396  Active:116  Finished successfully:128
Progress: Wed, 11 May 2016 08:15:33-0400  Submitted:397  Active:115  Finished successfully:129
Progress: Wed, 11 May 2016 08:15:38-0400  Submitted:396  Active:116  Finished successfully:130
Progress: Wed, 11 May 2016 08:15:43-0400  Submitted:395  Active:117  Finished successfully:132
Progress: Wed, 11 May 2016 08:15:53-0400  Submitting:1  Submitted:395  Active:116  Finished successfully:133
Progress: Wed, 11 May 2016 08:15:54-0400  Submitted:396  Active:116  Finished successfully:133
Progress: Wed, 11 May 2016 08:16:24-0400  Submitted:396  Active:116  Finished successfully:133
Progress: Wed, 11 May 2016 08:16:54-0400  Submitted:396  Active:116  Finished successfully:133
Progress: Wed, 11 May 2016 08:17:24-0400  Submitted:396  Active:116  Finished successfully:133
Progress: Wed, 11 May 2016 08:17:54-0400  Submitted:396  Active:116  Finished successfully:133
Progress: Wed, 11 May 2016 08:18:24-0400  Submitted:396  Active:116  Finished successfully:133
Progress: Wed, 11 May 2016 08:18:54-0400  Submitted:396  Active:116  Finished successfully:133
Progress: Wed, 11 May 2016 08:19:24-0400  Submitted:396  Active:116  Finished successfully:133
Progress: Wed, 11 May 2016 08:19:54-0400  Submitted:396  Active:116  Finished successfully:133
Progress: Wed, 11 May 2016 08:20:24-0400  Submitted:396  Active:116  Finished successfully:133
Progress: Wed, 11 May 2016 08:20:54-0400  Submitted:396  Active:116  Finished successfully:133
Progress: Wed, 11 May 2016 08:21:25-0400  Submitted:396  Active:116  Finished successfully:133
Progress: Wed, 11 May 2016 08:21:55-0400  Submitted:396  Active:116  Finished successfully:133
Progress: Wed, 11 May 2016 08:22:25-0400  Submitted:396  Active:116  Finished successfully:133
Progress: Wed, 11 May 2016 08:22:55-0400  Submitted:396  Active:116  Finished successfully:133
Progress: Wed, 11 May 2016 08:23:25-0400  Submitted:396  Active:116  Finished successfully:133
Progress: Wed, 11 May 2016 08:23:55-0400  Submitted:396  Active:116  Finished successfully:133
Progress: Wed, 11 May 2016 08:24:25-0400  Submitted:396  Active:116  Finished successfully:133
Progress: Wed, 11 May 2016 08:24:55-0400  Submitted:396  Active:116  Finished successfully:133
Progress: Wed, 11 May 2016 08:25:25-0400  Submitted:396  Active:116  Finished successfully:133
Progress: Wed, 11 May 2016 08:25:55-0400  Submitted:396  Active:116  Finished successfully:133
