Swift 0.96.2 git-rev: b9611649002eecd640fc6c58bbb88cb35ce03539 heads/release-0.96-swift 6287 (modified locally)
RunID: run038
Progress: Mon, 07 Dec 2015 18:20:05+0000
Progress: Mon, 07 Dec 2015 18:20:06+0000  Submitting:512
Progress: Mon, 07 Dec 2015 18:20:21+0000  Submitting:507  Submitted:5
Progress: Mon, 07 Dec 2015 18:20:24+0000  Submitted:512
Progress: Mon, 07 Dec 2015 18:20:54+0000  Submitted:512
Progress: Mon, 07 Dec 2015 18:21:24+0000  Submitted:512
Progress: Mon, 07 Dec 2015 18:21:54+0000  Submitted:512
Progress: Mon, 07 Dec 2015 18:22:24+0000  Submitted:512
Progress: Mon, 07 Dec 2015 18:22:36+0000  Submitted:480  Active:32
Progress: Mon, 07 Dec 2015 18:23:05+0000  Stage in:2  Submitted:464  Active:46
Progress: Mon, 07 Dec 2015 18:23:06+0000  Submitted:448  Active:64
Progress: Mon, 07 Dec 2015 18:23:36+0000  Submitted:432  Active:80
Progress: Mon, 07 Dec 2015 18:23:38+0000  Submitted:416  Active:96
Progress: Mon, 07 Dec 2015 18:24:06+0000  Submitted:384  Active:128
Progress: Mon, 07 Dec 2015 18:24:35+0000  Stage in:12  Submitted:368  Active:132
Progress: Mon, 07 Dec 2015 18:24:36+0000  Stage in:2  Submitted:352  Active:158
Progress: Mon, 07 Dec 2015 18:24:37+0000  Submitted:352  Active:160
Progress: Mon, 07 Dec 2015 18:25:07+0000  Submitted:352  Active:160
Progress: Mon, 07 Dec 2015 18:25:37+0000  Submitted:352  Active:160
Progress: Mon, 07 Dec 2015 18:26:07+0000  Submitted:352  Active:160
Progress: Mon, 07 Dec 2015 18:26:37+0000  Submitted:352  Active:160
Progress: Mon, 07 Dec 2015 18:27:04+0000  Stage in:10  Submitted:326  Active:176
Progress: Mon, 07 Dec 2015 18:27:05+0000  Submitted:320  Active:192
Progress: Mon, 07 Dec 2015 18:27:35+0000  Stage in:16  Submitted:288  Active:208
Progress: Mon, 07 Dec 2015 18:27:36+0000  Submitted:288  Active:224
Progress: Mon, 07 Dec 2015 18:28:05+0000  Stage in:3  Submitted:272  Active:237
Progress: Mon, 07 Dec 2015 18:28:06+0000  Submitted:261  Active:251
Progress: Mon, 07 Dec 2015 18:28:36+0000  Submitted:261  Active:251
Progress: Mon, 07 Dec 2015 18:29:06+0000  Submitted:261  Active:251
Progress: Mon, 07 Dec 2015 18:29:36+0000  Submitted:261  Active:251
Progress: Mon, 07 Dec 2015 18:30:06+0000  Submitted:261  Active:251
Progress: Mon, 07 Dec 2015 18:30:36+0000  Submitted:261  Active:251
Progress: Mon, 07 Dec 2015 18:31:06+0000  Submitted:261  Active:251
Progress: Mon, 07 Dec 2015 18:31:36+0000  Submitted:261  Active:251
Progress: Mon, 07 Dec 2015 18:32:06+0000  Submitted:261  Active:251
Progress: Mon, 07 Dec 2015 18:32:36+0000  Submitted:261  Active:251
Progress: Mon, 07 Dec 2015 18:33:06+0000  Submitted:261  Active:251
Progress: Mon, 07 Dec 2015 18:33:36+0000  Submitted:261  Active:251
Progress: Mon, 07 Dec 2015 18:34:06+0000  Submitted:261  Active:251
Progress: Mon, 07 Dec 2015 18:34:36+0000  Submitted:261  Active:251
Progress: Mon, 07 Dec 2015 18:35:06+0000  Submitted:261  Active:251
Progress: Mon, 07 Dec 2015 18:35:36+0000  Submitted:261  Active:251
Progress: Mon, 07 Dec 2015 18:36:06+0000  Submitted:261  Active:251
Progress: Mon, 07 Dec 2015 18:36:36+0000  Submitted:261  Active:251
Progress: Mon, 07 Dec 2015 18:37:06+0000  Submitted:261  Active:251
Progress: Mon, 07 Dec 2015 18:37:36+0000  Submitted:261  Active:219  Stage out:32
Progress: Mon, 07 Dec 2015 18:37:37+0000  Submitted:261  Active:219  Finished successfully:32
Progress: Mon, 07 Dec 2015 18:38:05+0000  Submitted:261  Active:203  Stage out:4  Finished successfully:44
Progress: Mon, 07 Dec 2015 18:38:06+0000  Submitted:261  Active:187  Finished successfully:64
Progress: Mon, 07 Dec 2015 18:38:36+0000  Submitted:261  Active:171  Finished successfully:80
Progress: Mon, 07 Dec 2015 18:38:38+0000  Submitted:261  Active:155  Finished successfully:96
Progress: Mon, 07 Dec 2015 18:39:06+0000  Submitted:261  Active:123  Finished successfully:128
Progress: Mon, 07 Dec 2015 18:39:35+0000  Submitted:261  Active:107  Stage out:9  Finished successfully:135
Progress: Mon, 07 Dec 2015 18:39:36+0000  Submitted:261  Active:91  Stage out:1  Finished successfully:159
Progress: Mon, 07 Dec 2015 18:39:37+0000  Submitted:261  Active:91  Finished successfully:160
Progress: Mon, 07 Dec 2015 18:40:07+0000  Submitted:261  Active:91  Finished successfully:160
Progress: Mon, 07 Dec 2015 18:40:37+0000  Submitted:261  Active:91  Finished successfully:160
Progress: Mon, 07 Dec 2015 18:40:43+0000  Stage in:58  Submitted:197  Active:97  Finished successfully:160
Progress: Mon, 07 Dec 2015 18:40:44+0000  Submitted:197  Active:155  Finished successfully:160
Progress: Mon, 07 Dec 2015 18:41:01+0000  Submitted:133  Active:219  Finished successfully:160
Progress: Mon, 07 Dec 2015 18:41:31+0000  Submitted:133  Active:219  Finished successfully:160
Progress: Mon, 07 Dec 2015 18:41:43+0000  Stage in:11  Submitted:79  Active:262  Finished successfully:160
Progress: Mon, 07 Dec 2015 18:41:44+0000  Submitted:69  Active:283  Finished successfully:160
Progress: Mon, 07 Dec 2015 18:42:04+0000  Submitted:69  Active:267  Finished successfully:176
Progress: Mon, 07 Dec 2015 18:42:05+0000  Submitted:69  Active:251  Finished successfully:192
Progress: Mon, 07 Dec 2015 18:42:07+0000  Submitted:5  Active:315  Finished successfully:192
Progress: Mon, 07 Dec 2015 18:42:35+0000  Submitted:5  Active:283  Stage out:16  Finished successfully:208
Progress: Mon, 07 Dec 2015 18:42:36+0000  Submitted:5  Active:283  Finished successfully:224
Progress: Mon, 07 Dec 2015 18:43:05+0000  Submitted:5  Active:267  Stage out:3  Finished successfully:237
Progress: Mon, 07 Dec 2015 18:43:06+0000  Submitted:5  Active:256  Stage out:3  Finished successfully:248
Progress: Mon, 07 Dec 2015 18:43:07+0000  Submitted:5  Active:256  Finished successfully:251
Progress: Mon, 07 Dec 2015 18:43:37+0000  Submitted:5  Active:256  Finished successfully:251
Progress: Mon, 07 Dec 2015 18:43:46+0000  Stage in:5  Active:256  Finished successfully:251
Progress: Mon, 07 Dec 2015 18:43:47+0000  Active:261  Finished successfully:251
Progress: Mon, 07 Dec 2015 18:44:17+0000  Active:261  Finished successfully:251
Progress: Mon, 07 Dec 2015 18:44:47+0000  Active:261  Finished successfully:251
Progress: Mon, 07 Dec 2015 18:45:17+0000  Active:261  Finished successfully:251
Progress: Mon, 07 Dec 2015 18:45:47+0000  Active:261  Finished successfully:251
Progress: Mon, 07 Dec 2015 18:46:17+0000  Active:261  Finished successfully:251
Progress: Mon, 07 Dec 2015 18:46:47+0000  Active:261  Finished successfully:251
Progress: Mon, 07 Dec 2015 18:47:17+0000  Active:261  Finished successfully:251
Progress: Mon, 07 Dec 2015 18:47:47+0000  Active:261  Finished successfully:251
Progress: Mon, 07 Dec 2015 18:48:17+0000  Active:261  Finished successfully:251
Progress: Mon, 07 Dec 2015 18:48:47+0000  Active:261  Finished successfully:251
Progress: Mon, 07 Dec 2015 18:49:17+0000  Active:261  Finished successfully:251
Progress: Mon, 07 Dec 2015 18:49:47+0000  Active:261  Finished successfully:251
Progress: Mon, 07 Dec 2015 18:50:17+0000  Active:261  Finished successfully:251
Progress: Mon, 07 Dec 2015 18:50:47+0000  Active:261  Finished successfully:251
Progress: Mon, 07 Dec 2015 18:51:17+0000  Active:261  Finished successfully:251
Progress: Mon, 07 Dec 2015 18:51:47+0000  Active:261  Finished successfully:251
Progress: Mon, 07 Dec 2015 18:52:17+0000  Active:261  Finished successfully:251
Progress: Mon, 07 Dec 2015 18:52:47+0000  Active:261  Finished successfully:251
Progress: Mon, 07 Dec 2015 18:53:17+0000  Active:261  Finished successfully:251
Progress: Mon, 07 Dec 2015 18:53:47+0000  Active:261  Finished successfully:251
Progress: Mon, 07 Dec 2015 18:54:17+0000  Active:261  Finished successfully:251
Progress: Mon, 07 Dec 2015 18:54:47+0000  Active:261  Finished successfully:251
Progress: Mon, 07 Dec 2015 18:55:18+0000  Active:261  Finished successfully:251
Progress: Mon, 07 Dec 2015 18:55:44+0000  Active:244  Stage out:13  Finished successfully:255
Progress: Mon, 07 Dec 2015 18:55:45+0000  Active:197  Finished successfully:315
Progress: Mon, 07 Dec 2015 18:56:02+0000  Active:133  Finished successfully:379
Progress: Mon, 07 Dec 2015 18:56:32+0000  Active:133  Finished successfully:379
Progress: Mon, 07 Dec 2015 18:56:44+0000  Active:101  Stage out:14  Finished successfully:397
Progress: Mon, 07 Dec 2015 18:56:45+0000  Active:69  Finished successfully:443
Progress: Mon, 07 Dec 2015 18:57:08+0000  Active:5  Stage out:16  Finished successfully:491
Progress: Mon, 07 Dec 2015 18:57:09+0000  Active:5  Finished successfully:507
Progress: Mon, 07 Dec 2015 18:57:39+0000  Active:5  Finished successfully:507
Progress: Mon, 07 Dec 2015 18:58:09+0000  Active:5  Finished successfully:507
Progress: Mon, 07 Dec 2015 18:58:39+0000  Active:5  Finished successfully:507
Progress: Mon, 07 Dec 2015 18:58:47+0000  Active:3  Stage out:2  Finished successfully:507
Final status: Mon, 07 Dec 2015 18:58:47+0000  Finished successfully:512
