Swift 0.96.2 git-rev: b9611649002eecd640fc6c58bbb88cb35ce03539 heads/release-0.96-swift 6287 (modified locally)
RunID: run021
Progress: Mon, 07 Dec 2015 06:48:39+0000
Progress: Mon, 07 Dec 2015 06:48:40+0000  Submitting:64
Progress: Mon, 07 Dec 2015 06:48:51+0000  Submitting:53  Submitted:11
Progress: Mon, 07 Dec 2015 06:48:59+0000  Submitted:64
Progress: Mon, 07 Dec 2015 06:49:05+0000  Stage in:15  Submitted:48  Active:1
Progress: Mon, 07 Dec 2015 06:49:06+0000  Submitted:48  Active:16
Progress: Mon, 07 Dec 2015 06:49:26+0000  Stage in:12  Submitted:36  Active:16
Progress: Mon, 07 Dec 2015 06:49:27+0000  Submitted:25  Active:39
Progress: Mon, 07 Dec 2015 06:49:57+0000  Submitted:25  Active:39
Progress: Mon, 07 Dec 2015 06:50:25+0000  Active:64
Progress: Mon, 07 Dec 2015 06:50:55+0000  Active:64
Progress: Mon, 07 Dec 2015 06:51:25+0000  Active:64
Progress: Mon, 07 Dec 2015 06:51:55+0000  Active:64
Progress: Mon, 07 Dec 2015 06:52:25+0000  Active:64
Progress: Mon, 07 Dec 2015 06:52:55+0000  Active:64
Progress: Mon, 07 Dec 2015 06:53:25+0000  Active:64
Progress: Mon, 07 Dec 2015 06:53:55+0000  Active:64
Progress: Mon, 07 Dec 2015 06:54:25+0000  Active:64
Progress: Mon, 07 Dec 2015 06:54:55+0000  Active:64
Progress: Mon, 07 Dec 2015 06:55:25+0000  Active:64
Progress: Mon, 07 Dec 2015 06:55:55+0000  Active:64
Progress: Mon, 07 Dec 2015 06:56:25+0000  Active:64
Progress: Mon, 07 Dec 2015 06:56:55+0000  Active:64
Progress: Mon, 07 Dec 2015 06:57:25+0000  Active:64
Progress: Mon, 07 Dec 2015 06:57:55+0000  Active:64
Progress: Mon, 07 Dec 2015 06:58:25+0000  Active:64
Progress: Mon, 07 Dec 2015 06:58:55+0000  Active:64
Progress: Mon, 07 Dec 2015 06:59:25+0000  Active:64
Progress: Mon, 07 Dec 2015 06:59:55+0000  Active:64
Progress: Mon, 07 Dec 2015 07:00:25+0000  Active:64
Progress: Mon, 07 Dec 2015 07:00:55+0000  Active:64
Progress: Mon, 07 Dec 2015 07:01:25+0000  Active:64
Progress: Mon, 07 Dec 2015 07:01:55+0000  Active:64
Progress: Mon, 07 Dec 2015 07:02:25+0000  Active:64
Progress: Mon, 07 Dec 2015 07:02:55+0000  Active:64
Progress: Mon, 07 Dec 2015 07:03:25+0000  Active:64
Progress: Mon, 07 Dec 2015 07:03:55+0000  Active:64
Progress: Mon, 07 Dec 2015 07:04:05+0000  Active:57  Stage out:7
Progress: Mon, 07 Dec 2015 07:04:06+0000  Active:48  Finished successfully:16
Progress: Mon, 07 Dec 2015 07:04:26+0000  Active:46  Stage out:2  Finished successfully:16
Progress: Mon, 07 Dec 2015 07:04:27+0000  Active:25  Finished successfully:39
Progress: Mon, 07 Dec 2015 07:04:57+0000  Active:25  Finished successfully:39
Final status: Mon, 07 Dec 2015 07:05:24+0000  Finished successfully:64
