Swift 0.96.2 git-rev: b9611649002eecd640fc6c58bbb88cb35ce03539 heads/release-0.96-swift 6287 (modified locally)
RunID: run025
Progress: Mon, 07 Dec 2015 07:58:15+0000
Progress: Mon, 07 Dec 2015 07:58:16+0000  Submitting:32
Progress: Mon, 07 Dec 2015 07:58:26+0000  Submitting:25  Submitted:7
Progress: Mon, 07 Dec 2015 07:58:32+0000  Submitted:32
Progress: Mon, 07 Dec 2015 07:58:44+0000  Submitted:16  Active:16
Progress: Mon, 07 Dec 2015 07:58:58+0000  Submitted:12  Active:20
Progress: Mon, 07 Dec 2015 07:59:28+0000  Submitted:12  Active:20
Progress: Mon, 07 Dec 2015 07:59:53+0000  Active:32
Progress: Mon, 07 Dec 2015 08:00:23+0000  Active:32
Progress: Mon, 07 Dec 2015 08:00:53+0000  Active:32
Progress: Mon, 07 Dec 2015 08:01:23+0000  Active:32
Progress: Mon, 07 Dec 2015 08:01:53+0000  Active:32
Progress: Mon, 07 Dec 2015 08:02:23+0000  Active:32
Progress: Mon, 07 Dec 2015 08:02:53+0000  Active:32
Progress: Mon, 07 Dec 2015 08:03:23+0000  Active:32
Progress: Mon, 07 Dec 2015 08:03:53+0000  Active:32
Progress: Mon, 07 Dec 2015 08:04:23+0000  Active:32
Progress: Mon, 07 Dec 2015 08:04:53+0000  Active:32
Progress: Mon, 07 Dec 2015 08:05:23+0000  Active:32
Progress: Mon, 07 Dec 2015 08:05:53+0000  Active:32
Progress: Mon, 07 Dec 2015 08:06:23+0000  Active:32
Progress: Mon, 07 Dec 2015 08:06:53+0000  Active:32
Progress: Mon, 07 Dec 2015 08:07:23+0000  Active:32
Progress: Mon, 07 Dec 2015 08:07:53+0000  Active:32
Progress: Mon, 07 Dec 2015 08:08:23+0000  Active:32
Progress: Mon, 07 Dec 2015 08:08:53+0000  Active:32
Progress: Mon, 07 Dec 2015 08:09:23+0000  Active:32
Progress: Mon, 07 Dec 2015 08:09:53+0000  Active:32
Progress: Mon, 07 Dec 2015 08:10:23+0000  Active:32
Progress: Mon, 07 Dec 2015 08:10:53+0000  Active:32
Progress: Mon, 07 Dec 2015 08:11:23+0000  Active:32
Progress: Mon, 07 Dec 2015 08:11:53+0000  Active:32
Progress: Mon, 07 Dec 2015 08:12:23+0000  Active:32
Progress: Mon, 07 Dec 2015 08:12:53+0000  Active:32
Progress: Mon, 07 Dec 2015 08:13:23+0000  Active:32
Progress: Mon, 07 Dec 2015 08:13:44+0000  Active:16  Finished successfully:16
Progress: Mon, 07 Dec 2015 08:13:58+0000  Active:12  Finished successfully:20
Progress: Mon, 07 Dec 2015 08:14:28+0000  Active:12  Finished successfully:20
Progress: Mon, 07 Dec 2015 08:14:53+0000  Stage out:12  Finished successfully:20
Final status: Mon, 07 Dec 2015 08:14:54+0000  Finished successfully:32
