Swift 0.96.2 git-rev: b9611649002eecd640fc6c58bbb88cb35ce03539 heads/release-0.96-swift 6287 (modified locally)
RunID: run031
Progress: Mon, 07 Dec 2015 14:19:12+0000
Progress: Mon, 07 Dec 2015 14:19:13+0000  Submitting:16
Progress: Mon, 07 Dec 2015 14:19:24+0000  Submitting:7  Submitted:9
Progress: Mon, 07 Dec 2015 14:19:30+0000  Submitted:16
Progress: Mon, 07 Dec 2015 14:20:00+0000  Submitted:16
Progress: Mon, 07 Dec 2015 14:20:30+0000  Submitted:16
Progress: Mon, 07 Dec 2015 14:20:41+0000  Submitted:7  Active:9
Progress: Mon, 07 Dec 2015 14:21:11+0000  Submitted:7  Active:9
Progress: Mon, 07 Dec 2015 14:21:15+0000  Stage in:1  Active:15
Progress: Mon, 07 Dec 2015 14:21:16+0000  Active:16
Progress: Mon, 07 Dec 2015 14:21:46+0000  Active:16
Progress: Mon, 07 Dec 2015 14:22:16+0000  Active:16
Progress: Mon, 07 Dec 2015 14:22:46+0000  Active:16
Progress: Mon, 07 Dec 2015 14:23:16+0000  Active:16
Progress: Mon, 07 Dec 2015 14:23:46+0000  Active:16
Progress: Mon, 07 Dec 2015 14:24:16+0000  Active:16
Progress: Mon, 07 Dec 2015 14:24:46+0000  Active:16
Progress: Mon, 07 Dec 2015 14:25:16+0000  Active:16
Progress: Mon, 07 Dec 2015 14:25:46+0000  Active:16
Progress: Mon, 07 Dec 2015 14:26:16+0000  Active:16
Progress: Mon, 07 Dec 2015 14:26:46+0000  Active:16
Progress: Mon, 07 Dec 2015 14:27:16+0000  Active:16
Progress: Mon, 07 Dec 2015 14:27:46+0000  Active:16
Progress: Mon, 07 Dec 2015 14:28:16+0000  Active:16
Progress: Mon, 07 Dec 2015 14:28:46+0000  Active:16
Progress: Mon, 07 Dec 2015 14:29:16+0000  Active:16
Progress: Mon, 07 Dec 2015 14:29:46+0000  Active:16
Progress: Mon, 07 Dec 2015 14:30:16+0000  Active:16
Progress: Mon, 07 Dec 2015 14:30:46+0000  Active:16
Progress: Mon, 07 Dec 2015 14:31:16+0000  Active:16
Progress: Mon, 07 Dec 2015 14:31:46+0000  Active:16
Progress: Mon, 07 Dec 2015 14:32:16+0000  Active:16
Progress: Mon, 07 Dec 2015 14:32:46+0000  Active:16
Progress: Mon, 07 Dec 2015 14:33:16+0000  Active:16
Progress: Mon, 07 Dec 2015 14:33:46+0000  Active:16
Progress: Mon, 07 Dec 2015 14:34:16+0000  Active:16
Progress: Mon, 07 Dec 2015 14:34:46+0000  Active:16
Progress: Mon, 07 Dec 2015 14:35:16+0000  Active:16
Progress: Mon, 07 Dec 2015 14:35:41+0000  Active:15  Stage out:1
Progress: Mon, 07 Dec 2015 14:35:42+0000  Active:7  Finished successfully:9
Progress: Mon, 07 Dec 2015 14:36:12+0000  Active:7  Finished successfully:9
Progress: Mon, 07 Dec 2015 14:36:15+0000  Stage out:5  Finished successfully:11
Final status: Mon, 07 Dec 2015 14:36:15+0000  Finished successfully:16
