----------------------------------------------------------------------------------------------------
[2016-01-23 02:32:20] [scale 8; binding late; distribution uniform; iteration 1; rerun 0] - Run 1/-0
[2016-01-23 02:32:20] [scale 8; binding late; distribution uniform; iteration 1; rerun 0] - Root: run-8_late_uniform_1/
[2016-01-23 02:32:20] [scale 8; binding late; distribution uniform; iteration 1; rerun 0] - State: ACTIVE
[2016-01-23 02:32:31] [scale 8; binding late; distribution uniform; iteration 1; rerun 0] - State: FAILED
----------------------------------------------------------------------------------------------------
[2016-01-23 02:33:17] [scale 8; binding late; distribution uniform; iteration 1; rerun 0] - Run 1/-0
[2016-01-23 02:33:17] [scale 8; binding late; distribution uniform; iteration 1; rerun 0] - Root: run-8_late_uniform_1/
[2016-01-23 02:33:17] [scale 8; binding late; distribution uniform; iteration 1; rerun 0] - State: ACTIVE
[2016-01-23 02:33:18] [scale 8; binding late; distribution uniform; iteration 1; rerun 0] - Session: rp.session.ip-10-184-31-85.mingtha.016823.0002
[2016-01-23 02:33:38] [scale 8; binding late; distribution uniform; iteration 1; rerun 0] - State: FAILED
----------------------------------------------------------------------------------------------------
[2016-01-23 15:28:41] [scale 8; binding late; distribution uniform; iteration 1; rerun 0] - Run 1/-0
[2016-01-23 15:28:41] [scale 8; binding late; distribution uniform; iteration 1; rerun 0] - Root: run-8_late_uniform_1/
[2016-01-23 15:28:41] [scale 8; binding late; distribution uniform; iteration 1; rerun 0] - State: ACTIVE
[2016-01-23 15:28:42] [scale 8; binding late; distribution uniform; iteration 1; rerun 0] - State: FAILED
----------------------------------------------------------------------------------------------------
[2016-01-23 15:32:35] [scale 8; binding late; distribution uniform; iteration 1; rerun 0] - Run 1/-0
[2016-01-23 15:32:35] [scale 8; binding late; distribution uniform; iteration 1; rerun 0] - Root: run-8_late_uniform_1/
[2016-01-23 15:32:35] [scale 8; binding late; distribution uniform; iteration 1; rerun 0] - State: ACTIVE
[2016-01-23 15:32:37] [scale 8; binding late; distribution uniform; iteration 1; rerun 0] - Session: rp.session.ip-10-184-31-85.mingtha.016823.0004
[2016-01-23 15:33:05] [scale 8; binding late; distribution uniform; iteration 1; rerun 0] - State: FAILED
----------------------------------------------------------------------------------------------------
[2016-01-23 15:40:30] [scale 8; binding late; distribution uniform; iteration 1; rerun 0] - Run 1/-0
[2016-01-23 15:40:30] [scale 8; binding late; distribution uniform; iteration 1; rerun 0] - Root: run-8_late_uniform_1/
[2016-01-23 15:40:30] [scale 8; binding late; distribution uniform; iteration 1; rerun 0] - State: ACTIVE
[2016-01-23 15:40:30] [scale 8; binding late; distribution uniform; iteration 1; rerun 0] - State: FAILED
----------------------------------------------------------------------------------------------------
[2016-01-23 18:46:10] [scale 8; binding late; distribution uniform; iteration 1; rerun 0] - Run 1/-0
[2016-01-23 18:46:10] [scale 8; binding late; distribution uniform; iteration 1; rerun 0] - Root: run-8_late_uniform_1/
[2016-01-23 18:46:10] [scale 8; binding late; distribution uniform; iteration 1; rerun 0] - State: ACTIVE
[2016-01-23 18:46:10] [scale 8; binding late; distribution uniform; iteration 1; rerun 0] - State: FAILED
----------------------------------------------------------------------------------------------------
[2016-01-23 21:40:44] [scale 8; binding late; distribution uniform; iteration 1; rerun 0] - Run 1/-0
[2016-01-23 21:40:44] [scale 8; binding late; distribution uniform; iteration 1; rerun 0] - Root: run-8_late_uniform_1/
[2016-01-23 21:40:44] [scale 8; binding late; distribution uniform; iteration 1; rerun 0] - State: ACTIVE
[2016-01-23 21:40:45] [scale 8; binding late; distribution uniform; iteration 1; rerun 0] - Session: rp.session.ip-10-184-31-85.mingtha.016823.0007
[2016-01-23 22:00:28] [scale 8; binding late; distribution uniform; iteration 1; rerun 0] - State: DONE
--------------------------------------------------------------------------------------------------------
[2016-01-23 23:16:50] [scale 2048; binding late; distribution uniform; iteration 2; rerun 0] - Run 1/-15
[2016-01-23 23:16:50] [scale 2048; binding late; distribution uniform; iteration 2; rerun 0] - Root: run-2048_late_uniform_2/
[2016-01-23 23:16:50] [scale 2048; binding late; distribution uniform; iteration 2; rerun 0] - State: ACTIVE
[2016-01-23 23:16:51] [scale 2048; binding late; distribution uniform; iteration 2; rerun 0] - Session: rp.session.ip-10-184-31-85.mingtha.016823.0008
[2016-01-24 02:25:58] [scale 2048; binding late; distribution uniform; iteration 2; rerun 0] - State: DONE
-----------------------------------------------------------------------------------------------------
[2016-01-24 02:26:32] [scale 8; binding late; distribution uniform; iteration 2; rerun 0] - Run 2/-14
[2016-01-24 02:26:32] [scale 8; binding late; distribution uniform; iteration 2; rerun 0] - Root: run-8_late_uniform_2/
[2016-01-24 02:26:32] [scale 8; binding late; distribution uniform; iteration 2; rerun 0] - State: ACTIVE
[2016-01-24 02:26:33] [scale 8; binding late; distribution uniform; iteration 2; rerun 0] - Session: rp.session.ip-10-184-31-85.mingtha.016824.0000
[2016-01-24 02:43:54] [scale 8; binding late; distribution uniform; iteration 2; rerun 0] - State: DONE
------------------------------------------------------------------------------------------------------
[2016-01-24 02:44:09] [scale 32; binding late; distribution uniform; iteration 3; rerun 0] - Run 3/-13
[2016-01-24 02:44:09] [scale 32; binding late; distribution uniform; iteration 3; rerun 0] - Root: run-32_late_uniform_3/
[2016-01-24 02:44:09] [scale 32; binding late; distribution uniform; iteration 3; rerun 0] - State: ACTIVE
[2016-01-24 02:44:10] [scale 32; binding late; distribution uniform; iteration 3; rerun 0] - Session: rp.session.ip-10-184-31-85.mingtha.016824.0001
[2016-01-24 03:08:31] [scale 32; binding late; distribution uniform; iteration 3; rerun 0] - State: DONE
------------------------------------------------------------------------------------------------------
[2016-01-24 03:08:44] [scale 32; binding late; distribution uniform; iteration 1; rerun 0] - Run 4/-12
[2016-01-24 03:08:44] [scale 32; binding late; distribution uniform; iteration 1; rerun 0] - Root: run-32_late_uniform_1/
[2016-01-24 03:08:44] [scale 32; binding late; distribution uniform; iteration 1; rerun 0] - State: ACTIVE
[2016-01-24 03:08:48] [scale 32; binding late; distribution uniform; iteration 1; rerun 0] - Session: rp.session.ip-10-184-31-85.mingtha.016824.0002
[2016-01-24 03:28:21] [scale 32; binding late; distribution uniform; iteration 1; rerun 0] - State: DONE
-----------------------------------------------------------------------------------------------------
[2016-01-24 03:28:35] [scale 8; binding late; distribution uniform; iteration 4; rerun 0] - Run 5/-11
[2016-01-24 03:28:35] [scale 8; binding late; distribution uniform; iteration 4; rerun 0] - Root: run-8_late_uniform_4/
[2016-01-24 03:28:35] [scale 8; binding late; distribution uniform; iteration 4; rerun 0] - State: ACTIVE
[2016-01-24 03:28:36] [scale 8; binding late; distribution uniform; iteration 4; rerun 0] - Session: rp.session.ip-10-184-31-85.mingtha.016824.0003
[2016-01-24 03:45:21] [scale 8; binding late; distribution uniform; iteration 4; rerun 0] - State: DONE
-------------------------------------------------------------------------------------------------------
[2016-01-24 03:45:31] [scale 256; binding late; distribution uniform; iteration 4; rerun 0] - Run 6/-10
[2016-01-24 03:45:31] [scale 256; binding late; distribution uniform; iteration 4; rerun 0] - Root: run-256_late_uniform_4/
[2016-01-24 03:45:31] [scale 256; binding late; distribution uniform; iteration 4; rerun 0] - State: ACTIVE
[2016-01-24 03:45:32] [scale 256; binding late; distribution uniform; iteration 4; rerun 0] - Session: rp.session.ip-10-184-31-85.mingtha.016824.0004
[2016-01-24 04:02:18] [scale 256; binding late; distribution uniform; iteration 4; rerun 0] - State: DONE
-----------------------------------------------------------------------------------------------------
[2016-01-24 04:02:38] [scale 32; binding late; distribution uniform; iteration 4; rerun 0] - Run 7/-9
[2016-01-24 04:02:38] [scale 32; binding late; distribution uniform; iteration 4; rerun 0] - Root: run-32_late_uniform_4/
[2016-01-24 04:02:38] [scale 32; binding late; distribution uniform; iteration 4; rerun 0] - State: ACTIVE
[2016-01-24 04:02:40] [scale 32; binding late; distribution uniform; iteration 4; rerun 0] - Session: rp.session.ip-10-184-31-85.mingtha.016824.0005
[2016-01-24 04:19:08] [scale 32; binding late; distribution uniform; iteration 4; rerun 0] - State: DONE
-------------------------------------------------------------------------------------------------------
[2016-01-24 04:19:21] [scale 2048; binding late; distribution uniform; iteration 3; rerun 0] - Run 8/-8
[2016-01-24 04:19:21] [scale 2048; binding late; distribution uniform; iteration 3; rerun 0] - Root: run-2048_late_uniform_3/
[2016-01-24 04:19:21] [scale 2048; binding late; distribution uniform; iteration 3; rerun 0] - State: ACTIVE
[2016-01-24 04:19:23] [scale 2048; binding late; distribution uniform; iteration 3; rerun 0] - Session: rp.session.ip-10-184-31-85.mingtha.016824.0006
[2016-01-24 07:15:50] [scale 2048; binding late; distribution uniform; iteration 3; rerun 0] - State: DONE
-------------------------------------------------------------------------------------------------------
[2016-01-24 07:16:24] [scale 2048; binding late; distribution uniform; iteration 1; rerun 0] - Run 9/-7
[2016-01-24 07:16:24] [scale 2048; binding late; distribution uniform; iteration 1; rerun 0] - Root: run-2048_late_uniform_1/
[2016-01-24 07:16:24] [scale 2048; binding late; distribution uniform; iteration 1; rerun 0] - State: ACTIVE
[2016-01-24 07:16:25] [scale 2048; binding late; distribution uniform; iteration 1; rerun 0] - Session: rp.session.ip-10-184-31-85.mingtha.016824.0007
[2016-01-24 10:22:40] [scale 2048; binding late; distribution uniform; iteration 1; rerun 0] - State: DONE
-------------------------------------------------------------------------------------------------------
[2016-01-24 10:23:11] [scale 256; binding late; distribution uniform; iteration 1; rerun 0] - Run 10/-6
[2016-01-24 10:23:11] [scale 256; binding late; distribution uniform; iteration 1; rerun 0] - Root: run-256_late_uniform_1/
[2016-01-24 10:23:11] [scale 256; binding late; distribution uniform; iteration 1; rerun 0] - State: ACTIVE
[2016-01-24 10:23:13] [scale 256; binding late; distribution uniform; iteration 1; rerun 0] - Session: rp.session.ip-10-184-31-85.mingtha.016824.0008
[2016-01-24 10:39:51] [scale 256; binding late; distribution uniform; iteration 1; rerun 0] - State: DONE
-------------------------------------------------------------------------------------------------------
[2016-01-24 10:40:06] [scale 256; binding late; distribution uniform; iteration 3; rerun 0] - Run 11/-5
[2016-01-24 10:40:06] [scale 256; binding late; distribution uniform; iteration 3; rerun 0] - Root: run-256_late_uniform_3/
[2016-01-24 10:40:06] [scale 256; binding late; distribution uniform; iteration 3; rerun 0] - State: ACTIVE
[2016-01-24 10:40:08] [scale 256; binding late; distribution uniform; iteration 3; rerun 0] - Session: rp.session.ip-10-184-31-85.mingtha.016824.0009
[2016-01-24 10:56:58] [scale 256; binding late; distribution uniform; iteration 3; rerun 0] - State: DONE
-------------------------------------------------------------------------------------------------------
[2016-01-24 10:57:17] [scale 256; binding late; distribution uniform; iteration 2; rerun 0] - Run 12/-4
[2016-01-24 10:57:17] [scale 256; binding late; distribution uniform; iteration 2; rerun 0] - Root: run-256_late_uniform_2/
[2016-01-24 10:57:17] [scale 256; binding late; distribution uniform; iteration 2; rerun 0] - State: ACTIVE
[2016-01-24 10:57:18] [scale 256; binding late; distribution uniform; iteration 2; rerun 0] - Session: rp.session.ip-10-184-31-85.mingtha.016824.0010
[2016-01-24 11:14:26] [scale 256; binding late; distribution uniform; iteration 2; rerun 0] - State: DONE
-----------------------------------------------------------------------------------------------------
[2016-01-24 11:14:42] [scale 8; binding late; distribution uniform; iteration 3; rerun 0] - Run 13/-3
[2016-01-24 11:14:42] [scale 8; binding late; distribution uniform; iteration 3; rerun 0] - Root: run-8_late_uniform_3/
[2016-01-24 11:14:42] [scale 8; binding late; distribution uniform; iteration 3; rerun 0] - State: ACTIVE
[2016-01-24 11:14:43] [scale 8; binding late; distribution uniform; iteration 3; rerun 0] - Session: rp.session.ip-10-184-31-85.mingtha.016824.0011
[2016-01-24 11:31:03] [scale 8; binding late; distribution uniform; iteration 3; rerun 0] - State: DONE
------------------------------------------------------------------------------------------------------
[2016-01-24 11:31:19] [scale 32; binding late; distribution uniform; iteration 2; rerun 0] - Run 14/-2
[2016-01-24 11:31:19] [scale 32; binding late; distribution uniform; iteration 2; rerun 0] - Root: run-32_late_uniform_2/
[2016-01-24 11:31:19] [scale 32; binding late; distribution uniform; iteration 2; rerun 0] - State: ACTIVE
[2016-01-24 11:31:20] [scale 32; binding late; distribution uniform; iteration 2; rerun 0] - Session: rp.session.ip-10-184-31-85.mingtha.016824.0012
[2016-01-24 11:47:43] [scale 32; binding late; distribution uniform; iteration 2; rerun 0] - State: DONE
-----------------------------------------------------------------------------------------------------
[2016-01-24 11:48:00] [scale 8; binding late; distribution uniform; iteration 1; rerun 0] - Run 15/-1
[2016-01-24 11:48:00] [scale 8; binding late; distribution uniform; iteration 1; rerun 0] - Root: run-8_late_uniform_1/
[2016-01-24 11:48:00] [scale 8; binding late; distribution uniform; iteration 1; rerun 0] - State: ACTIVE
[2016-01-24 11:48:01] [scale 8; binding late; distribution uniform; iteration 1; rerun 0] - Session: rp.session.ip-10-184-31-85.mingtha.016824.0013
[2016-01-24 12:04:50] [scale 8; binding late; distribution uniform; iteration 1; rerun 0] - State: DONE
--------------------------------------------------------------------------------------------------------
[2016-01-24 12:05:04] [scale 2048; binding late; distribution uniform; iteration 4; rerun 0] - Run 16/-0
[2016-01-24 12:05:04] [scale 2048; binding late; distribution uniform; iteration 4; rerun 0] - Root: run-2048_late_uniform_4/
[2016-01-24 12:05:04] [scale 2048; binding late; distribution uniform; iteration 4; rerun 0] - State: ACTIVE
[2016-01-24 12:05:05] [scale 2048; binding late; distribution uniform; iteration 4; rerun 0] - Session: rp.session.ip-10-184-31-85.mingtha.016824.0014
[2016-01-24 14:47:32] [scale 2048; binding late; distribution uniform; iteration 4; rerun 0] - State: DONE
