Swift 0.96.2 git-rev: b9611649002eecd640fc6c58bbb88cb35ce03539 heads/release-0.96-swift 6287
RunID: run041
Progress: Sat, 20 Feb 2016 05:07:36+0100
Progress: Sat, 20 Feb 2016 05:07:37+0100  Submitting:8
Progress: Sat, 20 Feb 2016 05:08:07+0100  Submitting:8
Progress: Sat, 20 Feb 2016 05:08:13+0100  Submitting:1  Submitted:7
Progress: Sat, 20 Feb 2016 05:08:31+0100  Submitted:8
Progress: Sat, 20 Feb 2016 05:09:01+0100  Submitted:8
Progress: Sat, 20 Feb 2016 05:09:31+0100  Submitted:8
Progress: Sat, 20 Feb 2016 05:10:01+0100  Submitted:8
Progress: Sat, 20 Feb 2016 05:10:31+0100  Submitted:8
Progress: Sat, 20 Feb 2016 05:10:49+0100  Submitted:1  Active:7
Progress: Sat, 20 Feb 2016 05:11:19+0100  Submitted:1  Active:7
Progress: Sat, 20 Feb 2016 05:11:49+0100  Submitted:1  Active:7
Progress: Sat, 20 Feb 2016 05:12:19+0100  Submitted:1  Active:7
Progress: Sat, 20 Feb 2016 05:12:49+0100  Submitted:1  Active:7
Progress: Sat, 20 Feb 2016 05:13:19+0100  Submitted:1  Active:7
Progress: Sat, 20 Feb 2016 05:13:49+0100  Submitted:1  Active:7
Progress: Sat, 20 Feb 2016 05:14:19+0100  Submitted:1  Active:7
Progress: Sat, 20 Feb 2016 05:14:49+0100  Submitted:1  Active:7
Progress: Sat, 20 Feb 2016 05:15:19+0100  Submitted:1  Active:7
Progress: Sat, 20 Feb 2016 05:15:49+0100  Submitted:1  Active:7
Progress: Sat, 20 Feb 2016 05:16:19+0100  Submitted:1  Active:7
Progress: Sat, 20 Feb 2016 05:16:49+0100  Submitted:1  Active:7
Progress: Sat, 20 Feb 2016 05:17:19+0100  Submitted:1  Active:7
Progress: Sat, 20 Feb 2016 05:17:49+0100  Submitted:1  Active:7
Progress: Sat, 20 Feb 2016 05:18:19+0100  Submitted:1  Active:7
Progress: Sat, 20 Feb 2016 05:18:49+0100  Submitted:1  Active:7
Progress: Sat, 20 Feb 2016 05:19:19+0100  Submitted:1  Active:7
Progress: Sat, 20 Feb 2016 05:19:49+0100  Submitted:1  Active:7
Progress: Sat, 20 Feb 2016 05:20:19+0100  Submitted:1  Active:7
Progress: Sat, 20 Feb 2016 05:20:49+0100  Submitted:1  Active:7
Progress: Sat, 20 Feb 2016 05:21:19+0100  Submitted:1  Active:7
Progress: Sat, 20 Feb 2016 05:21:49+0100  Submitted:1  Active:7
Progress: Sat, 20 Feb 2016 05:22:19+0100  Submitted:1  Active:7
Progress: Sat, 20 Feb 2016 05:22:49+0100  Submitted:1  Active:7
Progress: Sat, 20 Feb 2016 05:23:19+0100  Submitted:1  Active:7
Progress: Sat, 20 Feb 2016 05:23:49+0100  Submitted:1  Active:7
Progress: Sat, 20 Feb 2016 05:24:19+0100  Submitted:1  Active:7
Progress: Sat, 20 Feb 2016 05:24:49+0100  Submitted:1  Active:7
Progress: Sat, 20 Feb 2016 05:25:19+0100  Submitted:1  Active:7
Progress: Sat, 20 Feb 2016 05:25:49+0100  Submitted:1  Stage out:6  Finished successfully:1
Progress: Sat, 20 Feb 2016 05:25:50+0100  Submitted:1  Finished successfully:7
Progress: Sat, 20 Feb 2016 05:26:20+0100  Submitted:1  Finished successfully:7
Progress: Sat, 20 Feb 2016 05:26:50+0100  Submitted:1  Finished successfully:7
Progress: Sat, 20 Feb 2016 05:27:20+0100  Submitted:1  Finished successfully:7
Progress: Sat, 20 Feb 2016 05:27:50+0100  Submitted:1  Finished successfully:7
Progress: Sat, 20 Feb 2016 05:28:20+0100  Submitted:1  Finished successfully:7
Progress: Sat, 20 Feb 2016 05:28:50+0100  Submitted:1  Finished successfully:7
Progress: Sat, 20 Feb 2016 05:29:20+0100  Submitted:1  Finished successfully:7
Progress: Sat, 20 Feb 2016 05:29:50+0100  Submitted:1  Finished successfully:7
Progress: Sat, 20 Feb 2016 05:30:20+0100  Submitted:1  Finished successfully:7
Progress: Sat, 20 Feb 2016 05:30:50+0100  Submitted:1  Finished successfully:7
Progress: Sat, 20 Feb 2016 05:31:20+0100  Submitted:1  Finished successfully:7
Progress: Sat, 20 Feb 2016 05:31:50+0100  Submitted:1  Finished successfully:7
Progress: Sat, 20 Feb 2016 05:32:20+0100  Submitted:1  Finished successfully:7
Progress: Sat, 20 Feb 2016 05:32:50+0100  Submitted:1  Finished successfully:7
Progress: Sat, 20 Feb 2016 05:33:20+0100  Submitted:1  Finished successfully:7
Progress: Sat, 20 Feb 2016 05:33:50+0100  Submitted:1  Finished successfully:7
Progress: Sat, 20 Feb 2016 05:34:20+0100  Submitted:1  Finished successfully:7
Progress: Sat, 20 Feb 2016 05:34:50+0100  Submitted:1  Finished successfully:7
Progress: Sat, 20 Feb 2016 05:35:20+0100  Submitted:1  Finished successfully:7
Progress: Sat, 20 Feb 2016 05:35:50+0100  Submitted:1  Finished successfully:7
Progress: Sat, 20 Feb 2016 05:36:20+0100  Submitted:1  Finished successfully:7
Progress: Sat, 20 Feb 2016 05:36:50+0100  Submitted:1  Finished successfully:7
Progress: Sat, 20 Feb 2016 05:37:20+0100  Submitted:1  Finished successfully:7
Progress: Sat, 20 Feb 2016 05:37:50+0100  Submitted:1  Finished successfully:7
Progress: Sat, 20 Feb 2016 05:38:20+0100  Submitted:1  Finished successfully:7
Progress: Sat, 20 Feb 2016 05:38:50+0100  Submitted:1  Finished successfully:7
Progress: Sat, 20 Feb 2016 05:39:20+0100  Submitted:1  Finished successfully:7
Progress: Sat, 20 Feb 2016 05:39:50+0100  Submitted:1  Finished successfully:7
Progress: Sat, 20 Feb 2016 05:40:20+0100  Submitted:1  Finished successfully:7
Progress: Sat, 20 Feb 2016 05:40:50+0100  Submitted:1  Finished successfully:7
Progress: Sat, 20 Feb 2016 05:41:20+0100  Submitted:1  Finished successfully:7
Progress: Sat, 20 Feb 2016 05:41:50+0100  Submitted:1  Finished successfully:7
Progress: Sat, 20 Feb 2016 05:42:20+0100  Submitted:1  Finished successfully:7
Progress: Sat, 20 Feb 2016 05:42:50+0100  Submitted:1  Finished successfully:7
Progress: Sat, 20 Feb 2016 05:43:20+0100  Submitted:1  Finished successfully:7
Progress: Sat, 20 Feb 2016 05:43:50+0100  Submitted:1  Finished successfully:7
Progress: Sat, 20 Feb 2016 05:44:20+0100  Submitted:1  Finished successfully:7
Progress: Sat, 20 Feb 2016 05:44:50+0100  Submitted:1  Finished successfully:7
Progress: Sat, 20 Feb 2016 05:45:20+0100  Submitted:1  Finished successfully:7
Progress: Sat, 20 Feb 2016 05:45:50+0100  Submitted:1  Finished successfully:7
Progress: Sat, 20 Feb 2016 05:46:20+0100  Submitted:1  Finished successfully:7
Progress: Sat, 20 Feb 2016 05:46:50+0100  Submitted:1  Finished successfully:7
Progress: Sat, 20 Feb 2016 05:47:20+0100  Submitted:1  Finished successfully:7
Progress: Sat, 20 Feb 2016 05:47:50+0100  Submitted:1  Finished successfully:7
Progress: Sat, 20 Feb 2016 05:48:20+0100  Submitted:1  Finished successfully:7
Progress: Sat, 20 Feb 2016 05:48:50+0100  Submitted:1  Finished successfully:7
Progress: Sat, 20 Feb 2016 05:49:20+0100  Submitted:1  Finished successfully:7
Progress: Sat, 20 Feb 2016 05:49:50+0100  Submitted:1  Finished successfully:7
Progress: Sat, 20 Feb 2016 05:50:20+0100  Submitted:1  Finished successfully:7
Progress: Sat, 20 Feb 2016 05:50:50+0100  Submitted:1  Finished successfully:7
Progress: Sat, 20 Feb 2016 05:51:20+0100  Submitted:1  Finished successfully:7
Progress: Sat, 20 Feb 2016 05:51:50+0100  Submitted:1  Finished successfully:7
Progress: Sat, 20 Feb 2016 05:52:20+0100  Submitted:1  Finished successfully:7
Progress: Sat, 20 Feb 2016 05:52:51+0100  Submitted:1  Finished successfully:7
Progress: Sat, 20 Feb 2016 05:53:21+0100  Submitted:1  Finished successfully:7
Progress: Sat, 20 Feb 2016 05:53:51+0100  Submitted:1  Finished successfully:7
Progress: Sat, 20 Feb 2016 05:54:21+0100  Submitted:1  Finished successfully:7
Progress: Sat, 20 Feb 2016 05:54:51+0100  Submitted:1  Finished successfully:7
Progress: Sat, 20 Feb 2016 05:55:21+0100  Submitted:1  Finished successfully:7
Progress: Sat, 20 Feb 2016 05:55:51+0100  Submitted:1  Finished successfully:7
Progress: Sat, 20 Feb 2016 05:56:21+0100  Submitted:1  Finished successfully:7
Progress: Sat, 20 Feb 2016 05:56:51+0100  Submitted:1  Finished successfully:7
Progress: Sat, 20 Feb 2016 05:57:21+0100  Submitted:1  Finished successfully:7
Progress: Sat, 20 Feb 2016 05:57:51+0100  Submitted:1  Finished successfully:7
Progress: Sat, 20 Feb 2016 05:58:21+0100  Submitted:1  Finished successfully:7
Progress: Sat, 20 Feb 2016 05:58:51+0100  Submitted:1  Finished successfully:7
Progress: Sat, 20 Feb 2016 05:59:21+0100  Submitted:1  Finished successfully:7
Progress: Sat, 20 Feb 2016 05:59:51+0100  Submitted:1  Finished successfully:7
Progress: Sat, 20 Feb 2016 06:00:21+0100  Submitted:1  Finished successfully:7
Progress: Sat, 20 Feb 2016 06:00:51+0100  Submitted:1  Finished successfully:7
Progress: Sat, 20 Feb 2016 06:01:21+0100  Submitted:1  Finished successfully:7
Progress: Sat, 20 Feb 2016 06:01:51+0100  Submitted:1  Finished successfully:7
Progress: Sat, 20 Feb 2016 06:02:21+0100  Submitted:1  Finished successfully:7
Progress: Sat, 20 Feb 2016 06:02:51+0100  Submitted:1  Finished successfully:7
Progress: Sat, 20 Feb 2016 06:03:21+0100  Submitted:1  Finished successfully:7
Progress: Sat, 20 Feb 2016 06:03:51+0100  Submitted:1  Finished successfully:7
Progress: Sat, 20 Feb 2016 06:04:21+0100  Submitted:1  Finished successfully:7
Progress: Sat, 20 Feb 2016 06:04:51+0100  Submitted:1  Finished successfully:7
Progress: Sat, 20 Feb 2016 06:05:21+0100  Submitted:1  Finished successfully:7
Progress: Sat, 20 Feb 2016 06:05:51+0100  Submitted:1  Finished successfully:7
Progress: Sat, 20 Feb 2016 06:06:21+0100  Submitted:1  Finished successfully:7
Progress: Sat, 20 Feb 2016 06:06:51+0100  Submitted:1  Finished successfully:7
Progress: Sat, 20 Feb 2016 06:07:21+0100  Submitted:1  Finished successfully:7
Progress: Sat, 20 Feb 2016 06:07:51+0100  Submitted:1  Finished successfully:7
Progress: Sat, 20 Feb 2016 06:08:21+0100  Submitted:1  Finished successfully:7
Progress: Sat, 20 Feb 2016 06:08:51+0100  Submitted:1  Finished successfully:7
Progress: Sat, 20 Feb 2016 06:09:21+0100  Submitted:1  Finished successfully:7
Progress: Sat, 20 Feb 2016 06:09:51+0100  Submitted:1  Finished successfully:7
Progress: Sat, 20 Feb 2016 06:10:21+0100  Submitted:1  Finished successfully:7
Progress: Sat, 20 Feb 2016 06:10:51+0100  Submitted:1  Finished successfully:7
Progress: Sat, 20 Feb 2016 06:11:21+0100  Submitted:1  Finished successfully:7
Progress: Sat, 20 Feb 2016 06:11:51+0100  Submitted:1  Finished successfully:7
Progress: Sat, 20 Feb 2016 06:12:21+0100  Submitted:1  Finished successfully:7
Progress: Sat, 20 Feb 2016 06:12:51+0100  Submitted:1  Finished successfully:7
Progress: Sat, 20 Feb 2016 06:13:21+0100  Submitted:1  Finished successfully:7
Progress: Sat, 20 Feb 2016 06:13:51+0100  Submitted:1  Finished successfully:7
Progress: Sat, 20 Feb 2016 06:14:21+0100  Submitted:1  Finished successfully:7
Progress: Sat, 20 Feb 2016 06:14:51+0100  Submitted:1  Finished successfully:7
Progress: Sat, 20 Feb 2016 06:15:21+0100  Submitted:1  Finished successfully:7
Progress: Sat, 20 Feb 2016 06:15:51+0100  Submitted:1  Finished successfully:7
Progress: Sat, 20 Feb 2016 06:16:21+0100  Submitted:1  Finished successfully:7
Progress: Sat, 20 Feb 2016 06:16:51+0100  Submitted:1  Finished successfully:7
Progress: Sat, 20 Feb 2016 06:17:21+0100  Submitted:1  Finished successfully:7
Progress: Sat, 20 Feb 2016 06:17:51+0100  Submitted:1  Finished successfully:7
Progress: Sat, 20 Feb 2016 06:18:21+0100  Submitted:1  Finished successfully:7
Progress: Sat, 20 Feb 2016 06:18:51+0100  Submitted:1  Finished successfully:7
Progress: Sat, 20 Feb 2016 06:19:21+0100  Submitted:1  Finished successfully:7
Progress: Sat, 20 Feb 2016 06:19:51+0100  Submitted:1  Finished successfully:7
Progress: Sat, 20 Feb 2016 06:20:21+0100  Submitted:1  Finished successfully:7
Progress: Sat, 20 Feb 2016 06:20:51+0100  Submitted:1  Finished successfully:7
Progress: Sat, 20 Feb 2016 06:21:21+0100  Submitted:1  Finished successfully:7
Progress: Sat, 20 Feb 2016 06:21:51+0100  Submitted:1  Finished successfully:7
Progress: Sat, 20 Feb 2016 06:22:21+0100  Submitted:1  Finished successfully:7
Progress: Sat, 20 Feb 2016 06:22:51+0100  Submitted:1  Finished successfully:7
Progress: Sat, 20 Feb 2016 06:23:21+0100  Submitted:1  Finished successfully:7
Progress: Sat, 20 Feb 2016 06:23:51+0100  Submitted:1  Finished successfully:7
Progress: Sat, 20 Feb 2016 06:24:21+0100  Submitted:1  Finished successfully:7
Progress: Sat, 20 Feb 2016 06:24:51+0100  Submitted:1  Finished successfully:7
Progress: Sat, 20 Feb 2016 06:25:21+0100  Submitted:1  Finished successfully:7
Progress: Sat, 20 Feb 2016 06:25:51+0100  Submitted:1  Finished successfully:7
Progress: Sat, 20 Feb 2016 06:26:21+0100  Submitted:1  Finished successfully:7
Progress: Sat, 20 Feb 2016 06:26:51+0100  Submitted:1  Finished successfully:7
Progress: Sat, 20 Feb 2016 06:27:21+0100  Submitted:1  Finished successfully:7
Progress: Sat, 20 Feb 2016 06:27:51+0100  Submitted:1  Finished successfully:7
Progress: Sat, 20 Feb 2016 06:28:21+0100  Submitted:1  Finished successfully:7
Progress: Sat, 20 Feb 2016 06:28:51+0100  Submitted:1  Finished successfully:7
Progress: Sat, 20 Feb 2016 06:29:21+0100  Submitted:1  Finished successfully:7
Progress: Sat, 20 Feb 2016 06:29:51+0100  Submitted:1  Finished successfully:7
Progress: Sat, 20 Feb 2016 06:30:21+0100  Submitted:1  Finished successfully:7
Progress: Sat, 20 Feb 2016 06:30:51+0100  Submitted:1  Finished successfully:7
Progress: Sat, 20 Feb 2016 06:31:21+0100  Submitted:1  Finished successfully:7
Progress: Sat, 20 Feb 2016 06:31:51+0100  Submitted:1  Finished successfully:7
Progress: Sat, 20 Feb 2016 06:32:21+0100  Submitted:1  Finished successfully:7
Progress: Sat, 20 Feb 2016 06:32:51+0100  Submitted:1  Finished successfully:7
Progress: Sat, 20 Feb 2016 06:33:21+0100  Submitted:1  Finished successfully:7
Progress: Sat, 20 Feb 2016 06:33:51+0100  Submitted:1  Finished successfully:7
Progress: Sat, 20 Feb 2016 06:34:21+0100  Submitted:1  Finished successfully:7
Progress: Sat, 20 Feb 2016 06:34:51+0100  Submitted:1  Finished successfully:7
Progress: Sat, 20 Feb 2016 06:35:21+0100  Submitted:1  Finished successfully:7
Progress: Sat, 20 Feb 2016 06:35:51+0100  Submitted:1  Finished successfully:7
Progress: Sat, 20 Feb 2016 06:36:21+0100  Submitted:1  Finished successfully:7
Progress: Sat, 20 Feb 2016 06:36:51+0100  Submitted:1  Finished successfully:7
Progress: Sat, 20 Feb 2016 06:37:21+0100  Submitted:1  Finished successfully:7
Progress: Sat, 20 Feb 2016 06:37:51+0100  Submitted:1  Finished successfully:7
Progress: Sat, 20 Feb 2016 06:38:21+0100  Submitted:1  Finished successfully:7
Progress: Sat, 20 Feb 2016 06:38:51+0100  Submitted:1  Finished successfully:7
Progress: Sat, 20 Feb 2016 06:39:21+0100  Submitted:1  Finished successfully:7
Progress: Sat, 20 Feb 2016 06:39:51+0100  Submitted:1  Finished successfully:7
Progress: Sat, 20 Feb 2016 06:40:21+0100  Submitted:1  Finished successfully:7
Progress: Sat, 20 Feb 2016 06:40:51+0100  Submitted:1  Finished successfully:7
Progress: Sat, 20 Feb 2016 06:41:21+0100  Submitted:1  Finished successfully:7
Progress: Sat, 20 Feb 2016 06:41:51+0100  Submitted:1  Finished successfully:7
Progress: Sat, 20 Feb 2016 06:42:21+0100  Submitted:1  Finished successfully:7
Progress: Sat, 20 Feb 2016 06:42:51+0100  Submitted:1  Finished successfully:7
Progress: Sat, 20 Feb 2016 06:43:21+0100  Submitted:1  Finished successfully:7
Progress: Sat, 20 Feb 2016 06:43:51+0100  Submitted:1  Finished successfully:7
Progress: Sat, 20 Feb 2016 06:44:21+0100  Submitted:1  Finished successfully:7
Progress: Sat, 20 Feb 2016 06:44:51+0100  Submitted:1  Finished successfully:7
Progress: Sat, 20 Feb 2016 06:45:21+0100  Submitted:1  Finished successfully:7
Progress: Sat, 20 Feb 2016 06:45:51+0100  Submitted:1  Finished successfully:7
Progress: Sat, 20 Feb 2016 06:46:21+0100  Submitted:1  Finished successfully:7
Progress: Sat, 20 Feb 2016 06:46:51+0100  Submitted:1  Finished successfully:7
Progress: Sat, 20 Feb 2016 06:47:21+0100  Submitted:1  Finished successfully:7
Progress: Sat, 20 Feb 2016 06:47:51+0100  Submitted:1  Finished successfully:7
Progress: Sat, 20 Feb 2016 06:48:21+0100  Submitted:1  Finished successfully:7
Progress: Sat, 20 Feb 2016 06:48:51+0100  Submitted:1  Finished successfully:7
Progress: Sat, 20 Feb 2016 06:49:21+0100  Submitted:1  Finished successfully:7
Progress: Sat, 20 Feb 2016 06:49:51+0100  Submitted:1  Finished successfully:7
Progress: Sat, 20 Feb 2016 06:50:21+0100  Submitted:1  Finished successfully:7
Progress: Sat, 20 Feb 2016 06:50:51+0100  Submitted:1  Finished successfully:7
Progress: Sat, 20 Feb 2016 06:51:21+0100  Submitted:1  Finished successfully:7
Progress: Sat, 20 Feb 2016 06:51:51+0100  Submitted:1  Finished successfully:7
Progress: Sat, 20 Feb 2016 06:52:21+0100  Submitted:1  Finished successfully:7
Progress: Sat, 20 Feb 2016 06:52:51+0100  Submitted:1  Finished successfully:7
Progress: Sat, 20 Feb 2016 06:53:21+0100  Submitted:1  Finished successfully:7
Progress: Sat, 20 Feb 2016 06:53:51+0100  Submitted:1  Finished successfully:7
Progress: Sat, 20 Feb 2016 06:54:21+0100  Submitted:1  Finished successfully:7
Progress: Sat, 20 Feb 2016 06:54:51+0100  Submitted:1  Finished successfully:7
Progress: Sat, 20 Feb 2016 06:55:21+0100  Submitted:1  Finished successfully:7
Progress: Sat, 20 Feb 2016 06:55:51+0100  Submitted:1  Finished successfully:7
Progress: Sat, 20 Feb 2016 06:56:21+0100  Submitted:1  Finished successfully:7
Progress: Sat, 20 Feb 2016 06:56:51+0100  Submitted:1  Finished successfully:7
Progress: Sat, 20 Feb 2016 06:57:21+0100  Submitted:1  Finished successfully:7
Progress: Sat, 20 Feb 2016 06:57:51+0100  Submitted:1  Finished successfully:7
Progress: Sat, 20 Feb 2016 06:58:21+0100  Submitted:1  Finished successfully:7
Progress: Sat, 20 Feb 2016 06:58:51+0100  Submitted:1  Finished successfully:7
Progress: Sat, 20 Feb 2016 06:59:21+0100  Submitted:1  Finished successfully:7
Progress: Sat, 20 Feb 2016 06:59:51+0100  Submitted:1  Finished successfully:7
Progress: Sat, 20 Feb 2016 07:00:21+0100  Submitted:1  Finished successfully:7
Progress: Sat, 20 Feb 2016 07:00:51+0100  Submitted:1  Finished successfully:7
Progress: Sat, 20 Feb 2016 07:01:21+0100  Submitted:1  Finished successfully:7
Progress: Sat, 20 Feb 2016 07:01:51+0100  Submitted:1  Finished successfully:7
Progress: Sat, 20 Feb 2016 07:02:21+0100  Submitted:1  Finished successfully:7
Progress: Sat, 20 Feb 2016 07:02:51+0100  Submitted:1  Finished successfully:7
Progress: Sat, 20 Feb 2016 07:03:21+0100  Submitted:1  Finished successfully:7
Progress: Sat, 20 Feb 2016 07:03:51+0100  Submitted:1  Finished successfully:7
Progress: Sat, 20 Feb 2016 07:04:21+0100  Submitted:1  Finished successfully:7
Progress: Sat, 20 Feb 2016 07:04:51+0100  Submitted:1  Finished successfully:7
Progress: Sat, 20 Feb 2016 07:05:21+0100  Submitted:1  Finished successfully:7
Progress: Sat, 20 Feb 2016 07:05:51+0100  Submitted:1  Finished successfully:7
Progress: Sat, 20 Feb 2016 07:06:21+0100  Submitted:1  Finished successfully:7
Progress: Sat, 20 Feb 2016 07:06:51+0100  Submitted:1  Finished successfully:7
Progress: Sat, 20 Feb 2016 07:07:21+0100  Submitted:1  Finished successfully:7
Progress: Sat, 20 Feb 2016 07:07:51+0100  Submitted:1  Finished successfully:7
Progress: Sat, 20 Feb 2016 07:08:21+0100  Submitted:1  Finished successfully:7
Progress: Sat, 20 Feb 2016 07:08:51+0100  Submitted:1  Finished successfully:7
Progress: Sat, 20 Feb 2016 07:09:21+0100  Submitted:1  Finished successfully:7
Progress: Sat, 20 Feb 2016 07:09:51+0100  Submitted:1  Finished successfully:7
Progress: Sat, 20 Feb 2016 07:10:21+0100  Submitted:1  Finished successfully:7
Progress: Sat, 20 Feb 2016 07:10:51+0100  Submitted:1  Finished successfully:7
Progress: Sat, 20 Feb 2016 07:11:21+0100  Submitted:1  Finished successfully:7
Progress: Sat, 20 Feb 2016 07:11:51+0100  Submitted:1  Finished successfully:7
Progress: Sat, 20 Feb 2016 07:12:21+0100  Submitted:1  Finished successfully:7
Progress: Sat, 20 Feb 2016 07:12:51+0100  Submitted:1  Finished successfully:7
Progress: Sat, 20 Feb 2016 07:13:21+0100  Submitted:1  Finished successfully:7
Progress: Sat, 20 Feb 2016 07:13:51+0100  Submitted:1  Finished successfully:7
Progress: Sat, 20 Feb 2016 07:14:21+0100  Submitted:1  Finished successfully:7
Progress: Sat, 20 Feb 2016 07:14:51+0100  Submitted:1  Finished successfully:7
Progress: Sat, 20 Feb 2016 07:15:21+0100  Submitted:1  Finished successfully:7
Progress: Sat, 20 Feb 2016 07:15:51+0100  Submitted:1  Finished successfully:7
Progress: Sat, 20 Feb 2016 07:16:21+0100  Submitted:1  Finished successfully:7
Progress: Sat, 20 Feb 2016 07:16:51+0100  Submitted:1  Finished successfully:7
Progress: Sat, 20 Feb 2016 07:17:21+0100  Submitted:1  Finished successfully:7
Progress: Sat, 20 Feb 2016 07:17:51+0100  Submitted:1  Finished successfully:7
Progress: Sat, 20 Feb 2016 07:18:21+0100  Submitted:1  Finished successfully:7
Progress: Sat, 20 Feb 2016 07:18:51+0100  Submitted:1  Finished successfully:7
Progress: Sat, 20 Feb 2016 07:19:21+0100  Submitted:1  Finished successfully:7
Progress: Sat, 20 Feb 2016 07:19:51+0100  Submitted:1  Finished successfully:7
Progress: Sat, 20 Feb 2016 07:20:21+0100  Submitted:1  Finished successfully:7
Progress: Sat, 20 Feb 2016 07:20:51+0100  Submitted:1  Finished successfully:7
Progress: Sat, 20 Feb 2016 07:21:21+0100  Submitted:1  Finished successfully:7
Progress: Sat, 20 Feb 2016 07:21:51+0100  Submitted:1  Finished successfully:7
Progress: Sat, 20 Feb 2016 07:22:21+0100  Submitted:1  Finished successfully:7
Progress: Sat, 20 Feb 2016 07:22:51+0100  Submitted:1  Finished successfully:7
Progress: Sat, 20 Feb 2016 07:23:21+0100  Submitted:1  Finished successfully:7
Progress: Sat, 20 Feb 2016 07:23:51+0100  Submitted:1  Finished successfully:7
Progress: Sat, 20 Feb 2016 07:24:21+0100  Submitted:1  Finished successfully:7
Progress: Sat, 20 Feb 2016 07:24:51+0100  Submitted:1  Finished successfully:7
Progress: Sat, 20 Feb 2016 07:25:21+0100  Submitted:1  Finished successfully:7
Progress: Sat, 20 Feb 2016 07:25:51+0100  Submitted:1  Finished successfully:7
Progress: Sat, 20 Feb 2016 07:26:21+0100  Submitted:1  Finished successfully:7
Progress: Sat, 20 Feb 2016 07:26:51+0100  Submitted:1  Finished successfully:7
Progress: Sat, 20 Feb 2016 07:27:21+0100  Submitted:1  Finished successfully:7
Progress: Sat, 20 Feb 2016 07:27:51+0100  Submitted:1  Finished successfully:7
Progress: Sat, 20 Feb 2016 07:28:21+0100  Submitted:1  Finished successfully:7
Progress: Sat, 20 Feb 2016 07:28:51+0100  Submitted:1  Finished successfully:7
Progress: Sat, 20 Feb 2016 07:29:21+0100  Submitted:1  Finished successfully:7
Progress: Sat, 20 Feb 2016 07:29:51+0100  Submitted:1  Finished successfully:7
Progress: Sat, 20 Feb 2016 07:30:21+0100  Submitted:1  Finished successfully:7
Progress: Sat, 20 Feb 2016 07:30:51+0100  Submitted:1  Finished successfully:7
Progress: Sat, 20 Feb 2016 07:31:21+0100  Submitted:1  Finished successfully:7
Progress: Sat, 20 Feb 2016 07:31:51+0100  Submitted:1  Finished successfully:7
Progress: Sat, 20 Feb 2016 07:32:21+0100  Submitted:1  Finished successfully:7
Progress: Sat, 20 Feb 2016 07:32:51+0100  Submitted:1  Finished successfully:7
Progress: Sat, 20 Feb 2016 07:33:21+0100  Submitted:1  Finished successfully:7
Progress: Sat, 20 Feb 2016 07:33:51+0100  Submitted:1  Finished successfully:7
Progress: Sat, 20 Feb 2016 07:34:21+0100  Submitted:1  Finished successfully:7
Progress: Sat, 20 Feb 2016 07:34:51+0100  Submitted:1  Finished successfully:7
Progress: Sat, 20 Feb 2016 07:35:21+0100  Submitted:1  Finished successfully:7
Progress: Sat, 20 Feb 2016 07:35:51+0100  Submitted:1  Finished successfully:7
Progress: Sat, 20 Feb 2016 07:36:21+0100  Submitted:1  Finished successfully:7
Progress: Sat, 20 Feb 2016 07:36:51+0100  Submitted:1  Finished successfully:7
Progress: Sat, 20 Feb 2016 07:37:21+0100  Submitted:1  Finished successfully:7
Progress: Sat, 20 Feb 2016 07:37:51+0100  Submitted:1  Finished successfully:7
Progress: Sat, 20 Feb 2016 07:38:21+0100  Submitted:1  Finished successfully:7
Progress: Sat, 20 Feb 2016 07:38:51+0100  Submitted:1  Finished successfully:7
Progress: Sat, 20 Feb 2016 07:39:21+0100  Submitted:1  Finished successfully:7
Progress: Sat, 20 Feb 2016 07:39:51+0100  Submitted:1  Finished successfully:7
Progress: Sat, 20 Feb 2016 07:40:21+0100  Submitted:1  Finished successfully:7
Progress: Sat, 20 Feb 2016 07:40:51+0100  Submitted:1  Finished successfully:7
Progress: Sat, 20 Feb 2016 07:41:21+0100  Submitted:1  Finished successfully:7
Progress: Sat, 20 Feb 2016 07:41:51+0100  Submitted:1  Finished successfully:7
Progress: Sat, 20 Feb 2016 07:42:21+0100  Submitted:1  Finished successfully:7
Progress: Sat, 20 Feb 2016 07:42:51+0100  Submitted:1  Finished successfully:7
Progress: Sat, 20 Feb 2016 07:43:21+0100  Submitted:1  Finished successfully:7
Progress: Sat, 20 Feb 2016 07:43:51+0100  Submitted:1  Finished successfully:7
Progress: Sat, 20 Feb 2016 07:44:21+0100  Submitted:1  Finished successfully:7
Progress: Sat, 20 Feb 2016 07:44:51+0100  Submitted:1  Finished successfully:7
Progress: Sat, 20 Feb 2016 07:45:21+0100  Submitted:1  Finished successfully:7
Progress: Sat, 20 Feb 2016 07:45:51+0100  Submitted:1  Finished successfully:7
Progress: Sat, 20 Feb 2016 07:46:21+0100  Submitted:1  Finished successfully:7
Progress: Sat, 20 Feb 2016 07:46:51+0100  Submitted:1  Finished successfully:7
Progress: Sat, 20 Feb 2016 07:47:21+0100  Submitted:1  Finished successfully:7
Progress: Sat, 20 Feb 2016 07:47:51+0100  Submitted:1  Finished successfully:7
Progress: Sat, 20 Feb 2016 07:48:21+0100  Submitted:1  Finished successfully:7
Progress: Sat, 20 Feb 2016 07:48:51+0100  Submitted:1  Finished successfully:7
Progress: Sat, 20 Feb 2016 07:49:21+0100  Submitted:1  Finished successfully:7
Progress: Sat, 20 Feb 2016 07:49:51+0100  Submitted:1  Finished successfully:7
Progress: Sat, 20 Feb 2016 07:50:21+0100  Submitted:1  Finished successfully:7
Progress: Sat, 20 Feb 2016 07:50:51+0100  Submitted:1  Finished successfully:7
Progress: Sat, 20 Feb 2016 07:51:21+0100  Submitted:1  Finished successfully:7
Progress: Sat, 20 Feb 2016 07:51:51+0100  Submitted:1  Finished successfully:7
Progress: Sat, 20 Feb 2016 07:52:21+0100  Submitted:1  Finished successfully:7
Progress: Sat, 20 Feb 2016 07:52:51+0100  Submitted:1  Finished successfully:7
Progress: Sat, 20 Feb 2016 07:53:21+0100  Submitted:1  Finished successfully:7
Progress: Sat, 20 Feb 2016 07:53:51+0100  Submitted:1  Finished successfully:7
Progress: Sat, 20 Feb 2016 07:54:21+0100  Submitted:1  Finished successfully:7
Progress: Sat, 20 Feb 2016 07:54:51+0100  Submitted:1  Finished successfully:7
Progress: Sat, 20 Feb 2016 07:55:21+0100  Submitted:1  Finished successfully:7
Progress: Sat, 20 Feb 2016 07:55:51+0100  Submitted:1  Finished successfully:7
Progress: Sat, 20 Feb 2016 07:56:21+0100  Submitted:1  Finished successfully:7
Progress: Sat, 20 Feb 2016 07:56:51+0100  Submitted:1  Finished successfully:7
Progress: Sat, 20 Feb 2016 07:57:21+0100  Submitted:1  Finished successfully:7
Progress: Sat, 20 Feb 2016 07:57:51+0100  Submitted:1  Finished successfully:7
Progress: Sat, 20 Feb 2016 07:58:21+0100  Submitted:1  Finished successfully:7
Progress: Sat, 20 Feb 2016 07:58:51+0100  Submitted:1  Finished successfully:7
Progress: Sat, 20 Feb 2016 07:59:21+0100  Submitted:1  Finished successfully:7
Progress: Sat, 20 Feb 2016 07:59:51+0100  Submitted:1  Finished successfully:7
Progress: Sat, 20 Feb 2016 08:00:21+0100  Submitted:1  Finished successfully:7
Progress: Sat, 20 Feb 2016 08:00:51+0100  Submitted:1  Finished successfully:7
Progress: Sat, 20 Feb 2016 08:01:21+0100  Submitted:1  Finished successfully:7
Progress: Sat, 20 Feb 2016 08:01:51+0100  Submitted:1  Finished successfully:7
Progress: Sat, 20 Feb 2016 08:02:21+0100  Submitted:1  Finished successfully:7
Progress: Sat, 20 Feb 2016 08:02:51+0100  Submitted:1  Finished successfully:7
Progress: Sat, 20 Feb 2016 08:03:21+0100  Submitted:1  Finished successfully:7
Progress: Sat, 20 Feb 2016 08:03:51+0100  Submitted:1  Finished successfully:7
Progress: Sat, 20 Feb 2016 08:04:21+0100  Submitted:1  Finished successfully:7
Progress: Sat, 20 Feb 2016 08:04:51+0100  Submitted:1  Finished successfully:7
Progress: Sat, 20 Feb 2016 08:05:21+0100  Submitted:1  Finished successfully:7
Progress: Sat, 20 Feb 2016 08:05:51+0100  Submitted:1  Finished successfully:7
Progress: Sat, 20 Feb 2016 08:06:21+0100  Submitted:1  Finished successfully:7
Progress: Sat, 20 Feb 2016 08:06:51+0100  Submitted:1  Finished successfully:7
Progress: Sat, 20 Feb 2016 08:07:21+0100  Submitted:1  Finished successfully:7
Progress: Sat, 20 Feb 2016 08:07:51+0100  Submitted:1  Finished successfully:7
Progress: Sat, 20 Feb 2016 08:08:21+0100  Submitted:1  Finished successfully:7
Progress: Sat, 20 Feb 2016 08:08:52+0100  Submitted:1  Finished successfully:7
Progress: Sat, 20 Feb 2016 08:09:22+0100  Submitted:1  Finished successfully:7
Progress: Sat, 20 Feb 2016 08:09:52+0100  Submitted:1  Finished successfully:7
Progress: Sat, 20 Feb 2016 08:10:22+0100  Submitted:1  Finished successfully:7
Progress: Sat, 20 Feb 2016 08:10:52+0100  Submitted:1  Finished successfully:7
Progress: Sat, 20 Feb 2016 08:11:22+0100  Submitted:1  Finished successfully:7
Progress: Sat, 20 Feb 2016 08:11:52+0100  Submitted:1  Finished successfully:7
Progress: Sat, 20 Feb 2016 08:12:22+0100  Submitted:1  Finished successfully:7
Progress: Sat, 20 Feb 2016 08:12:52+0100  Submitted:1  Finished successfully:7
Progress: Sat, 20 Feb 2016 08:13:22+0100  Submitted:1  Finished successfully:7
Progress: Sat, 20 Feb 2016 08:13:52+0100  Submitted:1  Finished successfully:7
Progress: Sat, 20 Feb 2016 08:14:22+0100  Submitted:1  Finished successfully:7
Progress: Sat, 20 Feb 2016 08:14:52+0100  Submitted:1  Finished successfully:7
Progress: Sat, 20 Feb 2016 08:15:22+0100  Submitted:1  Finished successfully:7
Progress: Sat, 20 Feb 2016 08:15:52+0100  Submitted:1  Finished successfully:7
Progress: Sat, 20 Feb 2016 08:16:22+0100  Submitted:1  Finished successfully:7
Progress: Sat, 20 Feb 2016 08:16:52+0100  Submitted:1  Finished successfully:7
Progress: Sat, 20 Feb 2016 08:17:22+0100  Submitted:1  Finished successfully:7
Progress: Sat, 20 Feb 2016 08:17:52+0100  Submitted:1  Finished successfully:7
Progress: Sat, 20 Feb 2016 08:18:22+0100  Submitted:1  Finished successfully:7
Progress: Sat, 20 Feb 2016 08:18:52+0100  Submitted:1  Finished successfully:7
Progress: Sat, 20 Feb 2016 08:19:22+0100  Submitted:1  Finished successfully:7
Progress: Sat, 20 Feb 2016 08:19:52+0100  Submitted:1  Finished successfully:7
Progress: Sat, 20 Feb 2016 08:20:22+0100  Submitted:1  Finished successfully:7
Progress: Sat, 20 Feb 2016 08:20:52+0100  Submitted:1  Finished successfully:7
Progress: Sat, 20 Feb 2016 08:21:22+0100  Submitted:1  Finished successfully:7
Progress: Sat, 20 Feb 2016 08:21:52+0100  Submitted:1  Finished successfully:7
Progress: Sat, 20 Feb 2016 08:22:22+0100  Submitted:1  Finished successfully:7
Progress: Sat, 20 Feb 2016 08:22:52+0100  Submitted:1  Finished successfully:7
Progress: Sat, 20 Feb 2016 08:23:22+0100  Submitted:1  Finished successfully:7
Progress: Sat, 20 Feb 2016 08:23:52+0100  Submitted:1  Finished successfully:7
Progress: Sat, 20 Feb 2016 08:24:22+0100  Submitted:1  Finished successfully:7
Progress: Sat, 20 Feb 2016 08:24:52+0100  Submitted:1  Finished successfully:7
Progress: Sat, 20 Feb 2016 08:25:22+0100  Submitted:1  Finished successfully:7
Progress: Sat, 20 Feb 2016 08:25:52+0100  Submitted:1  Finished successfully:7
Progress: Sat, 20 Feb 2016 08:26:22+0100  Submitted:1  Finished successfully:7
Progress: Sat, 20 Feb 2016 08:26:52+0100  Submitted:1  Finished successfully:7
Progress: Sat, 20 Feb 2016 08:27:22+0100  Submitted:1  Finished successfully:7
Progress: Sat, 20 Feb 2016 08:27:52+0100  Submitted:1  Finished successfully:7
Progress: Sat, 20 Feb 2016 08:28:22+0100  Submitted:1  Finished successfully:7
Progress: Sat, 20 Feb 2016 08:28:52+0100  Submitted:1  Finished successfully:7
Progress: Sat, 20 Feb 2016 08:29:22+0100  Submitted:1  Finished successfully:7
Progress: Sat, 20 Feb 2016 08:29:52+0100  Submitted:1  Finished successfully:7
Progress: Sat, 20 Feb 2016 08:30:22+0100  Submitted:1  Finished successfully:7
Progress: Sat, 20 Feb 2016 08:30:52+0100  Submitted:1  Finished successfully:7
Progress: Sat, 20 Feb 2016 08:31:22+0100  Submitted:1  Finished successfully:7
Progress: Sat, 20 Feb 2016 08:31:52+0100  Submitted:1  Finished successfully:7
Progress: Sat, 20 Feb 2016 08:32:22+0100  Submitted:1  Finished successfully:7
Progress: Sat, 20 Feb 2016 08:32:52+0100  Submitted:1  Finished successfully:7
Progress: Sat, 20 Feb 2016 08:33:22+0100  Submitted:1  Finished successfully:7
Progress: Sat, 20 Feb 2016 08:33:52+0100  Submitted:1  Finished successfully:7
Progress: Sat, 20 Feb 2016 08:34:22+0100  Submitted:1  Finished successfully:7
Progress: Sat, 20 Feb 2016 08:34:52+0100  Submitted:1  Finished successfully:7
Progress: Sat, 20 Feb 2016 08:35:22+0100  Submitted:1  Finished successfully:7
Progress: Sat, 20 Feb 2016 08:35:52+0100  Submitted:1  Finished successfully:7
Progress: Sat, 20 Feb 2016 08:36:22+0100  Submitted:1  Finished successfully:7
Progress: Sat, 20 Feb 2016 08:36:52+0100  Submitted:1  Finished successfully:7
Progress: Sat, 20 Feb 2016 08:37:22+0100  Submitted:1  Finished successfully:7
Progress: Sat, 20 Feb 2016 08:37:52+0100  Submitted:1  Finished successfully:7
Progress: Sat, 20 Feb 2016 08:38:22+0100  Submitted:1  Finished successfully:7
Progress: Sat, 20 Feb 2016 08:38:52+0100  Submitted:1  Finished successfully:7
Progress: Sat, 20 Feb 2016 08:39:22+0100  Submitted:1  Finished successfully:7
Progress: Sat, 20 Feb 2016 08:39:52+0100  Submitted:1  Finished successfully:7
Progress: Sat, 20 Feb 2016 08:40:22+0100  Submitted:1  Finished successfully:7
Progress: Sat, 20 Feb 2016 08:40:52+0100  Submitted:1  Finished successfully:7
Progress: Sat, 20 Feb 2016 08:41:22+0100  Submitted:1  Finished successfully:7
Progress: Sat, 20 Feb 2016 08:41:52+0100  Submitted:1  Finished successfully:7
Progress: Sat, 20 Feb 2016 08:42:22+0100  Submitted:1  Finished successfully:7
Progress: Sat, 20 Feb 2016 08:42:52+0100  Submitted:1  Finished successfully:7
Progress: Sat, 20 Feb 2016 08:43:22+0100  Submitted:1  Finished successfully:7
Progress: Sat, 20 Feb 2016 08:43:52+0100  Submitted:1  Finished successfully:7
Progress: Sat, 20 Feb 2016 08:44:22+0100  Submitted:1  Finished successfully:7
Progress: Sat, 20 Feb 2016 08:44:52+0100  Submitted:1  Finished successfully:7
Progress: Sat, 20 Feb 2016 08:45:22+0100  Submitted:1  Finished successfully:7
Progress: Sat, 20 Feb 2016 08:45:52+0100  Submitted:1  Finished successfully:7
Progress: Sat, 20 Feb 2016 08:46:22+0100  Submitted:1  Finished successfully:7
Progress: Sat, 20 Feb 2016 08:46:52+0100  Submitted:1  Finished successfully:7
Progress: Sat, 20 Feb 2016 08:47:22+0100  Submitted:1  Finished successfully:7
Progress: Sat, 20 Feb 2016 08:47:52+0100  Submitted:1  Finished successfully:7
Progress: Sat, 20 Feb 2016 08:48:22+0100  Submitted:1  Finished successfully:7
Progress: Sat, 20 Feb 2016 08:48:52+0100  Submitted:1  Finished successfully:7
Progress: Sat, 20 Feb 2016 08:49:22+0100  Submitted:1  Finished successfully:7
Progress: Sat, 20 Feb 2016 08:49:52+0100  Submitted:1  Finished successfully:7
Progress: Sat, 20 Feb 2016 08:50:22+0100  Submitted:1  Finished successfully:7
Progress: Sat, 20 Feb 2016 08:50:52+0100  Submitted:1  Finished successfully:7
Progress: Sat, 20 Feb 2016 08:51:22+0100  Submitted:1  Finished successfully:7
Progress: Sat, 20 Feb 2016 08:51:52+0100  Submitted:1  Finished successfully:7
Progress: Sat, 20 Feb 2016 08:52:22+0100  Submitted:1  Finished successfully:7
Progress: Sat, 20 Feb 2016 08:52:52+0100  Submitted:1  Finished successfully:7
Progress: Sat, 20 Feb 2016 08:53:22+0100  Submitted:1  Finished successfully:7
Progress: Sat, 20 Feb 2016 08:53:52+0100  Submitted:1  Finished successfully:7
Progress: Sat, 20 Feb 2016 08:54:22+0100  Submitted:1  Finished successfully:7
Progress: Sat, 20 Feb 2016 08:54:52+0100  Submitted:1  Finished successfully:7
Progress: Sat, 20 Feb 2016 08:55:22+0100  Submitted:1  Finished successfully:7
Progress: Sat, 20 Feb 2016 08:55:52+0100  Submitted:1  Finished successfully:7
Progress: Sat, 20 Feb 2016 08:56:22+0100  Submitted:1  Finished successfully:7
Progress: Sat, 20 Feb 2016 08:56:52+0100  Submitted:1  Finished successfully:7
Progress: Sat, 20 Feb 2016 08:57:22+0100  Submitted:1  Finished successfully:7
Progress: Sat, 20 Feb 2016 08:57:52+0100  Submitted:1  Finished successfully:7
Progress: Sat, 20 Feb 2016 08:58:22+0100  Submitted:1  Finished successfully:7
Progress: Sat, 20 Feb 2016 08:58:52+0100  Submitted:1  Finished successfully:7
Progress: Sat, 20 Feb 2016 08:59:22+0100  Submitted:1  Finished successfully:7
Progress: Sat, 20 Feb 2016 08:59:52+0100  Submitted:1  Finished successfully:7
Progress: Sat, 20 Feb 2016 09:00:22+0100  Submitted:1  Finished successfully:7
Progress: Sat, 20 Feb 2016 09:00:52+0100  Submitted:1  Finished successfully:7
Progress: Sat, 20 Feb 2016 09:01:22+0100  Submitted:1  Finished successfully:7
Progress: Sat, 20 Feb 2016 09:01:52+0100  Submitted:1  Finished successfully:7
Progress: Sat, 20 Feb 2016 09:02:22+0100  Submitted:1  Finished successfully:7
Progress: Sat, 20 Feb 2016 09:02:52+0100  Submitted:1  Finished successfully:7
Progress: Sat, 20 Feb 2016 09:03:22+0100  Submitted:1  Finished successfully:7
Progress: Sat, 20 Feb 2016 09:03:52+0100  Submitted:1  Finished successfully:7
Progress: Sat, 20 Feb 2016 09:04:22+0100  Submitted:1  Finished successfully:7
Progress: Sat, 20 Feb 2016 09:04:52+0100  Submitted:1  Finished successfully:7
Progress: Sat, 20 Feb 2016 09:05:22+0100  Submitted:1  Finished successfully:7
Progress: Sat, 20 Feb 2016 09:05:52+0100  Submitted:1  Finished successfully:7
Progress: Sat, 20 Feb 2016 09:06:22+0100  Submitted:1  Finished successfully:7
Progress: Sat, 20 Feb 2016 09:06:52+0100  Submitted:1  Finished successfully:7
Progress: Sat, 20 Feb 2016 09:07:22+0100  Submitted:1  Finished successfully:7
Progress: Sat, 20 Feb 2016 09:07:52+0100  Submitted:1  Finished successfully:7
Progress: Sat, 20 Feb 2016 09:08:22+0100  Submitted:1  Finished successfully:7
Progress: Sat, 20 Feb 2016 09:08:52+0100  Submitted:1  Finished successfully:7
Progress: Sat, 20 Feb 2016 09:09:22+0100  Submitted:1  Finished successfully:7
Progress: Sat, 20 Feb 2016 09:09:52+0100  Submitted:1  Finished successfully:7
Progress: Sat, 20 Feb 2016 09:10:22+0100  Submitted:1  Finished successfully:7
Progress: Sat, 20 Feb 2016 09:10:52+0100  Submitted:1  Finished successfully:7
Progress: Sat, 20 Feb 2016 09:11:22+0100  Submitted:1  Finished successfully:7
Progress: Sat, 20 Feb 2016 09:11:52+0100  Submitted:1  Finished successfully:7
Progress: Sat, 20 Feb 2016 09:12:22+0100  Submitted:1  Finished successfully:7
Progress: Sat, 20 Feb 2016 09:12:52+0100  Submitted:1  Finished successfully:7
Progress: Sat, 20 Feb 2016 09:13:22+0100  Submitted:1  Finished successfully:7
Progress: Sat, 20 Feb 2016 09:13:52+0100  Submitted:1  Finished successfully:7
Progress: Sat, 20 Feb 2016 09:14:22+0100  Submitted:1  Finished successfully:7
Progress: Sat, 20 Feb 2016 09:14:52+0100  Submitted:1  Finished successfully:7
Progress: Sat, 20 Feb 2016 09:15:22+0100  Submitted:1  Finished successfully:7
Progress: Sat, 20 Feb 2016 09:15:52+0100  Submitted:1  Finished successfully:7
Progress: Sat, 20 Feb 2016 09:16:22+0100  Submitted:1  Finished successfully:7
Progress: Sat, 20 Feb 2016 09:16:52+0100  Submitted:1  Finished successfully:7
Progress: Sat, 20 Feb 2016 09:17:22+0100  Submitted:1  Finished successfully:7
Progress: Sat, 20 Feb 2016 09:17:52+0100  Submitted:1  Finished successfully:7
Progress: Sat, 20 Feb 2016 09:18:22+0100  Submitted:1  Finished successfully:7
Progress: Sat, 20 Feb 2016 09:18:52+0100  Submitted:1  Finished successfully:7
Progress: Sat, 20 Feb 2016 09:19:22+0100  Submitted:1  Finished successfully:7
Progress: Sat, 20 Feb 2016 09:19:52+0100  Submitted:1  Finished successfully:7
Progress: Sat, 20 Feb 2016 09:20:22+0100  Submitted:1  Finished successfully:7
Progress: Sat, 20 Feb 2016 09:20:52+0100  Submitted:1  Finished successfully:7
Progress: Sat, 20 Feb 2016 09:21:22+0100  Submitted:1  Finished successfully:7
Progress: Sat, 20 Feb 2016 09:21:52+0100  Submitted:1  Finished successfully:7
Progress: Sat, 20 Feb 2016 09:22:22+0100  Submitted:1  Finished successfully:7
Progress: Sat, 20 Feb 2016 09:22:52+0100  Submitted:1  Finished successfully:7
Progress: Sat, 20 Feb 2016 09:23:22+0100  Submitted:1  Finished successfully:7
Progress: Sat, 20 Feb 2016 09:23:52+0100  Submitted:1  Finished successfully:7
Progress: Sat, 20 Feb 2016 09:24:22+0100  Submitted:1  Finished successfully:7
Progress: Sat, 20 Feb 2016 09:24:52+0100  Submitted:1  Finished successfully:7
Progress: Sat, 20 Feb 2016 09:25:22+0100  Submitted:1  Finished successfully:7
Progress: Sat, 20 Feb 2016 09:25:52+0100  Submitted:1  Finished successfully:7
Progress: Sat, 20 Feb 2016 09:26:22+0100  Submitted:1  Finished successfully:7
Progress: Sat, 20 Feb 2016 09:26:52+0100  Submitted:1  Finished successfully:7
Progress: Sat, 20 Feb 2016 09:27:22+0100  Submitted:1  Finished successfully:7
Progress: Sat, 20 Feb 2016 09:27:52+0100  Submitted:1  Finished successfully:7
Progress: Sat, 20 Feb 2016 09:28:22+0100  Submitted:1  Finished successfully:7
Progress: Sat, 20 Feb 2016 09:28:52+0100  Submitted:1  Finished successfully:7
Progress: Sat, 20 Feb 2016 09:29:22+0100  Submitted:1  Finished successfully:7
Progress: Sat, 20 Feb 2016 09:29:52+0100  Submitted:1  Finished successfully:7
Progress: Sat, 20 Feb 2016 09:30:22+0100  Submitted:1  Finished successfully:7
Progress: Sat, 20 Feb 2016 09:30:52+0100  Submitted:1  Finished successfully:7
Progress: Sat, 20 Feb 2016 09:31:22+0100  Submitted:1  Finished successfully:7
Progress: Sat, 20 Feb 2016 09:31:52+0100  Submitted:1  Finished successfully:7
Progress: Sat, 20 Feb 2016 09:32:22+0100  Submitted:1  Finished successfully:7
Progress: Sat, 20 Feb 2016 09:32:52+0100  Submitted:1  Finished successfully:7
Progress: Sat, 20 Feb 2016 09:33:22+0100  Submitted:1  Finished successfully:7
Progress: Sat, 20 Feb 2016 09:33:52+0100  Submitted:1  Finished successfully:7
Progress: Sat, 20 Feb 2016 09:34:22+0100  Submitted:1  Finished successfully:7
Progress: Sat, 20 Feb 2016 09:34:52+0100  Submitted:1  Finished successfully:7
Progress: Sat, 20 Feb 2016 09:35:22+0100  Submitted:1  Finished successfully:7
Progress: Sat, 20 Feb 2016 09:35:52+0100  Submitted:1  Finished successfully:7
Progress: Sat, 20 Feb 2016 09:36:22+0100  Submitted:1  Finished successfully:7
Progress: Sat, 20 Feb 2016 09:36:52+0100  Submitted:1  Finished successfully:7
Progress: Sat, 20 Feb 2016 09:37:22+0100  Submitted:1  Finished successfully:7
Progress: Sat, 20 Feb 2016 09:37:52+0100  Submitted:1  Finished successfully:7
Progress: Sat, 20 Feb 2016 09:38:22+0100  Submitted:1  Finished successfully:7
Progress: Sat, 20 Feb 2016 09:38:52+0100  Submitted:1  Finished successfully:7
Progress: Sat, 20 Feb 2016 09:39:22+0100  Submitted:1  Finished successfully:7
Progress: Sat, 20 Feb 2016 09:39:52+0100  Submitted:1  Finished successfully:7
Progress: Sat, 20 Feb 2016 09:40:22+0100  Submitted:1  Finished successfully:7
Progress: Sat, 20 Feb 2016 09:40:52+0100  Submitted:1  Finished successfully:7
Progress: Sat, 20 Feb 2016 09:41:22+0100  Submitted:1  Finished successfully:7
Progress: Sat, 20 Feb 2016 09:41:52+0100  Submitted:1  Finished successfully:7
Progress: Sat, 20 Feb 2016 09:42:22+0100  Submitted:1  Finished successfully:7
Progress: Sat, 20 Feb 2016 09:42:52+0100  Submitted:1  Finished successfully:7
Progress: Sat, 20 Feb 2016 09:43:22+0100  Submitted:1  Finished successfully:7
Progress: Sat, 20 Feb 2016 09:43:52+0100  Submitted:1  Finished successfully:7
Progress: Sat, 20 Feb 2016 09:44:22+0100  Submitted:1  Finished successfully:7
Progress: Sat, 20 Feb 2016 09:44:52+0100  Submitted:1  Finished successfully:7
Progress: Sat, 20 Feb 2016 09:45:22+0100  Submitted:1  Finished successfully:7
Progress: Sat, 20 Feb 2016 09:45:52+0100  Submitted:1  Finished successfully:7
Progress: Sat, 20 Feb 2016 09:46:22+0100  Submitted:1  Finished successfully:7
Progress: Sat, 20 Feb 2016 09:46:52+0100  Submitted:1  Finished successfully:7
Progress: Sat, 20 Feb 2016 09:47:22+0100  Submitted:1  Finished successfully:7
Progress: Sat, 20 Feb 2016 09:47:52+0100  Submitted:1  Finished successfully:7
Progress: Sat, 20 Feb 2016 09:48:22+0100  Submitted:1  Finished successfully:7
Progress: Sat, 20 Feb 2016 09:48:52+0100  Submitted:1  Finished successfully:7
Progress: Sat, 20 Feb 2016 09:49:22+0100  Submitted:1  Finished successfully:7
Progress: Sat, 20 Feb 2016 09:49:52+0100  Submitted:1  Finished successfully:7
Progress: Sat, 20 Feb 2016 09:50:22+0100  Submitted:1  Finished successfully:7
Progress: Sat, 20 Feb 2016 09:50:52+0100  Submitted:1  Finished successfully:7
Progress: Sat, 20 Feb 2016 09:51:22+0100  Submitted:1  Finished successfully:7
Progress: Sat, 20 Feb 2016 09:51:52+0100  Submitted:1  Finished successfully:7
Progress: Sat, 20 Feb 2016 09:52:22+0100  Submitted:1  Finished successfully:7
Progress: Sat, 20 Feb 2016 09:52:52+0100  Submitted:1  Finished successfully:7
Progress: Sat, 20 Feb 2016 09:53:22+0100  Submitted:1  Finished successfully:7
Progress: Sat, 20 Feb 2016 09:53:52+0100  Submitted:1  Finished successfully:7
Progress: Sat, 20 Feb 2016 09:54:22+0100  Submitted:1  Finished successfully:7
Progress: Sat, 20 Feb 2016 09:54:52+0100  Submitted:1  Finished successfully:7
Progress: Sat, 20 Feb 2016 09:55:22+0100  Submitted:1  Finished successfully:7
Progress: Sat, 20 Feb 2016 09:55:52+0100  Submitted:1  Finished successfully:7
Progress: Sat, 20 Feb 2016 09:56:22+0100  Submitted:1  Finished successfully:7
Progress: Sat, 20 Feb 2016 09:56:52+0100  Submitted:1  Finished successfully:7
Progress: Sat, 20 Feb 2016 09:57:22+0100  Submitted:1  Finished successfully:7
Progress: Sat, 20 Feb 2016 09:57:52+0100  Submitted:1  Finished successfully:7
Progress: Sat, 20 Feb 2016 09:58:22+0100  Submitted:1  Finished successfully:7
Progress: Sat, 20 Feb 2016 09:58:52+0100  Submitted:1  Finished successfully:7
Progress: Sat, 20 Feb 2016 09:59:22+0100  Submitted:1  Finished successfully:7
Progress: Sat, 20 Feb 2016 09:59:52+0100  Submitted:1  Finished successfully:7
Progress: Sat, 20 Feb 2016 10:00:22+0100  Submitted:1  Finished successfully:7
Progress: Sat, 20 Feb 2016 10:00:52+0100  Submitted:1  Finished successfully:7
Progress: Sat, 20 Feb 2016 10:01:22+0100  Submitted:1  Finished successfully:7
Progress: Sat, 20 Feb 2016 10:01:52+0100  Submitted:1  Finished successfully:7
Progress: Sat, 20 Feb 2016 10:02:22+0100  Submitted:1  Finished successfully:7
Progress: Sat, 20 Feb 2016 10:02:52+0100  Submitted:1  Finished successfully:7
Progress: Sat, 20 Feb 2016 10:03:22+0100  Submitted:1  Finished successfully:7
Progress: Sat, 20 Feb 2016 10:03:52+0100  Submitted:1  Finished successfully:7
Progress: Sat, 20 Feb 2016 10:04:22+0100  Submitted:1  Finished successfully:7
Progress: Sat, 20 Feb 2016 10:04:52+0100  Submitted:1  Finished successfully:7
Progress: Sat, 20 Feb 2016 10:05:22+0100  Submitted:1  Finished successfully:7
Progress: Sat, 20 Feb 2016 10:05:52+0100  Submitted:1  Finished successfully:7
Progress: Sat, 20 Feb 2016 10:06:22+0100  Submitted:1  Finished successfully:7
Progress: Sat, 20 Feb 2016 10:06:52+0100  Submitted:1  Finished successfully:7
Progress: Sat, 20 Feb 2016 10:07:22+0100  Submitted:1  Finished successfully:7
Progress: Sat, 20 Feb 2016 10:07:52+0100  Submitted:1  Finished successfully:7
Progress: Sat, 20 Feb 2016 10:08:22+0100  Submitted:1  Finished successfully:7
Progress: Sat, 20 Feb 2016 10:08:52+0100  Submitted:1  Finished successfully:7
Progress: Sat, 20 Feb 2016 10:09:22+0100  Submitted:1  Finished successfully:7
Progress: Sat, 20 Feb 2016 10:09:52+0100  Submitted:1  Finished successfully:7
Progress: Sat, 20 Feb 2016 10:10:22+0100  Submitted:1  Finished successfully:7
Progress: Sat, 20 Feb 2016 10:10:52+0100  Submitted:1  Finished successfully:7
Progress: Sat, 20 Feb 2016 10:11:22+0100  Submitted:1  Finished successfully:7
Progress: Sat, 20 Feb 2016 10:11:52+0100  Submitted:1  Finished successfully:7
Progress: Sat, 20 Feb 2016 10:12:22+0100  Submitted:1  Finished successfully:7
Progress: Sat, 20 Feb 2016 10:12:52+0100  Submitted:1  Finished successfully:7
Progress: Sat, 20 Feb 2016 10:13:22+0100  Submitted:1  Finished successfully:7
Progress: Sat, 20 Feb 2016 10:13:52+0100  Submitted:1  Finished successfully:7
Progress: Sat, 20 Feb 2016 10:14:22+0100  Submitted:1  Finished successfully:7
Progress: Sat, 20 Feb 2016 10:14:52+0100  Submitted:1  Finished successfully:7
Progress: Sat, 20 Feb 2016 10:15:22+0100  Submitted:1  Finished successfully:7
Progress: Sat, 20 Feb 2016 10:15:52+0100  Submitted:1  Finished successfully:7
Progress: Sat, 20 Feb 2016 10:16:22+0100  Submitted:1  Finished successfully:7
Progress: Sat, 20 Feb 2016 10:16:52+0100  Submitted:1  Finished successfully:7
Progress: Sat, 20 Feb 2016 10:17:22+0100  Submitted:1  Finished successfully:7
Progress: Sat, 20 Feb 2016 10:17:52+0100  Submitted:1  Finished successfully:7
Progress: Sat, 20 Feb 2016 10:18:22+0100  Submitted:1  Finished successfully:7
Progress: Sat, 20 Feb 2016 10:18:52+0100  Submitted:1  Finished successfully:7
Progress: Sat, 20 Feb 2016 10:19:22+0100  Submitted:1  Finished successfully:7
Progress: Sat, 20 Feb 2016 10:19:52+0100  Submitted:1  Finished successfully:7
Progress: Sat, 20 Feb 2016 10:20:22+0100  Submitted:1  Finished successfully:7
Progress: Sat, 20 Feb 2016 10:20:52+0100  Submitted:1  Finished successfully:7
Progress: Sat, 20 Feb 2016 10:21:22+0100  Submitted:1  Finished successfully:7
Progress: Sat, 20 Feb 2016 10:21:52+0100  Submitted:1  Finished successfully:7
Progress: Sat, 20 Feb 2016 10:22:22+0100  Submitted:1  Finished successfully:7
Progress: Sat, 20 Feb 2016 10:22:52+0100  Submitted:1  Finished successfully:7
Progress: Sat, 20 Feb 2016 10:23:22+0100  Submitted:1  Finished successfully:7
Progress: Sat, 20 Feb 2016 10:23:52+0100  Submitted:1  Finished successfully:7
Progress: Sat, 20 Feb 2016 10:24:22+0100  Submitted:1  Finished successfully:7
Progress: Sat, 20 Feb 2016 10:24:52+0100  Submitted:1  Finished successfully:7
Progress: Sat, 20 Feb 2016 10:25:22+0100  Submitted:1  Finished successfully:7
Progress: Sat, 20 Feb 2016 10:25:52+0100  Submitted:1  Finished successfully:7
Progress: Sat, 20 Feb 2016 10:26:22+0100  Submitted:1  Finished successfully:7
Progress: Sat, 20 Feb 2016 10:26:52+0100  Submitted:1  Finished successfully:7
Progress: Sat, 20 Feb 2016 10:27:22+0100  Submitted:1  Finished successfully:7
Progress: Sat, 20 Feb 2016 10:27:52+0100  Submitted:1  Finished successfully:7
Progress: Sat, 20 Feb 2016 10:28:22+0100  Submitted:1  Finished successfully:7
Progress: Sat, 20 Feb 2016 10:28:52+0100  Submitted:1  Finished successfully:7
Progress: Sat, 20 Feb 2016 10:29:22+0100  Submitted:1  Finished successfully:7
Progress: Sat, 20 Feb 2016 10:29:52+0100  Submitted:1  Finished successfully:7
Progress: Sat, 20 Feb 2016 10:30:22+0100  Submitted:1  Finished successfully:7
Progress: Sat, 20 Feb 2016 10:30:52+0100  Submitted:1  Finished successfully:7
Progress: Sat, 20 Feb 2016 10:31:22+0100  Submitted:1  Finished successfully:7
Progress: Sat, 20 Feb 2016 10:31:52+0100  Submitted:1  Finished successfully:7
Progress: Sat, 20 Feb 2016 10:32:22+0100  Submitted:1  Finished successfully:7
Progress: Sat, 20 Feb 2016 10:32:52+0100  Submitted:1  Finished successfully:7
Progress: Sat, 20 Feb 2016 10:33:22+0100  Submitted:1  Finished successfully:7
Progress: Sat, 20 Feb 2016 10:33:52+0100  Submitted:1  Finished successfully:7
Progress: Sat, 20 Feb 2016 10:34:22+0100  Submitted:1  Finished successfully:7
Progress: Sat, 20 Feb 2016 10:34:52+0100  Submitted:1  Finished successfully:7
Progress: Sat, 20 Feb 2016 10:35:22+0100  Submitted:1  Finished successfully:7
Progress: Sat, 20 Feb 2016 10:35:52+0100  Submitted:1  Finished successfully:7
Progress: Sat, 20 Feb 2016 10:36:22+0100  Submitted:1  Finished successfully:7
Progress: Sat, 20 Feb 2016 10:36:52+0100  Submitted:1  Finished successfully:7
Progress: Sat, 20 Feb 2016 10:37:22+0100  Submitted:1  Finished successfully:7
Progress: Sat, 20 Feb 2016 10:37:52+0100  Submitted:1  Finished successfully:7
Progress: Sat, 20 Feb 2016 10:38:22+0100  Submitted:1  Finished successfully:7
Progress: Sat, 20 Feb 2016 10:38:52+0100  Submitted:1  Finished successfully:7
Progress: Sat, 20 Feb 2016 10:39:22+0100  Submitted:1  Finished successfully:7
Progress: Sat, 20 Feb 2016 10:39:52+0100  Submitted:1  Finished successfully:7
Progress: Sat, 20 Feb 2016 10:40:22+0100  Submitted:1  Finished successfully:7
Progress: Sat, 20 Feb 2016 10:40:52+0100  Submitted:1  Finished successfully:7
Progress: Sat, 20 Feb 2016 10:41:22+0100  Submitted:1  Finished successfully:7
Progress: Sat, 20 Feb 2016 10:41:52+0100  Submitted:1  Finished successfully:7
Progress: Sat, 20 Feb 2016 10:42:23+0100  Submitted:1  Finished successfully:7
Progress: Sat, 20 Feb 2016 10:42:53+0100  Submitted:1  Finished successfully:7
Progress: Sat, 20 Feb 2016 10:43:23+0100  Submitted:1  Finished successfully:7
Progress: Sat, 20 Feb 2016 10:43:53+0100  Submitted:1  Finished successfully:7
Progress: Sat, 20 Feb 2016 10:44:23+0100  Submitted:1  Finished successfully:7
Progress: Sat, 20 Feb 2016 10:44:53+0100  Submitted:1  Finished successfully:7
Progress: Sat, 20 Feb 2016 10:45:23+0100  Submitted:1  Finished successfully:7
Progress: Sat, 20 Feb 2016 10:45:53+0100  Submitted:1  Finished successfully:7
Progress: Sat, 20 Feb 2016 10:46:23+0100  Submitted:1  Finished successfully:7
Progress: Sat, 20 Feb 2016 10:46:53+0100  Submitted:1  Finished successfully:7
Progress: Sat, 20 Feb 2016 10:47:23+0100  Submitted:1  Finished successfully:7
Progress: Sat, 20 Feb 2016 10:47:53+0100  Submitted:1  Finished successfully:7
Progress: Sat, 20 Feb 2016 10:48:23+0100  Submitted:1  Finished successfully:7
Progress: Sat, 20 Feb 2016 10:48:53+0100  Submitted:1  Finished successfully:7
Progress: Sat, 20 Feb 2016 10:49:23+0100  Submitted:1  Finished successfully:7
Progress: Sat, 20 Feb 2016 10:49:53+0100  Submitted:1  Finished successfully:7
Progress: Sat, 20 Feb 2016 10:50:23+0100  Submitted:1  Finished successfully:7
Progress: Sat, 20 Feb 2016 10:50:53+0100  Submitted:1  Finished successfully:7
Progress: Sat, 20 Feb 2016 10:51:23+0100  Submitted:1  Finished successfully:7
Progress: Sat, 20 Feb 2016 10:51:53+0100  Submitted:1  Finished successfully:7
Progress: Sat, 20 Feb 2016 10:52:23+0100  Submitted:1  Finished successfully:7
Progress: Sat, 20 Feb 2016 10:52:53+0100  Submitted:1  Finished successfully:7
Progress: Sat, 20 Feb 2016 10:53:23+0100  Submitted:1  Finished successfully:7
Progress: Sat, 20 Feb 2016 10:53:53+0100  Submitted:1  Finished successfully:7
Progress: Sat, 20 Feb 2016 10:54:23+0100  Submitted:1  Finished successfully:7
Progress: Sat, 20 Feb 2016 10:54:53+0100  Submitted:1  Finished successfully:7
Progress: Sat, 20 Feb 2016 10:55:23+0100  Submitted:1  Finished successfully:7
Progress: Sat, 20 Feb 2016 10:55:53+0100  Submitted:1  Finished successfully:7
Progress: Sat, 20 Feb 2016 10:56:23+0100  Submitted:1  Finished successfully:7
Progress: Sat, 20 Feb 2016 10:56:53+0100  Submitted:1  Finished successfully:7
Progress: Sat, 20 Feb 2016 10:57:23+0100  Submitted:1  Finished successfully:7
Progress: Sat, 20 Feb 2016 10:57:53+0100  Submitted:1  Finished successfully:7
Progress: Sat, 20 Feb 2016 10:58:23+0100  Submitted:1  Finished successfully:7
Progress: Sat, 20 Feb 2016 10:58:53+0100  Submitted:1  Finished successfully:7
Progress: Sat, 20 Feb 2016 10:59:23+0100  Submitted:1  Finished successfully:7
Progress: Sat, 20 Feb 2016 10:59:53+0100  Submitted:1  Finished successfully:7
Progress: Sat, 20 Feb 2016 11:00:23+0100  Submitted:1  Finished successfully:7
Progress: Sat, 20 Feb 2016 11:00:53+0100  Submitted:1  Finished successfully:7
Progress: Sat, 20 Feb 2016 11:01:23+0100  Submitted:1  Finished successfully:7
Progress: Sat, 20 Feb 2016 11:01:53+0100  Submitted:1  Finished successfully:7
Progress: Sat, 20 Feb 2016 11:02:23+0100  Submitted:1  Finished successfully:7
Progress: Sat, 20 Feb 2016 11:02:53+0100  Submitted:1  Finished successfully:7
Progress: Sat, 20 Feb 2016 11:03:23+0100  Submitted:1  Finished successfully:7
Progress: Sat, 20 Feb 2016 11:03:53+0100  Submitted:1  Finished successfully:7
Progress: Sat, 20 Feb 2016 11:04:23+0100  Submitted:1  Finished successfully:7
Progress: Sat, 20 Feb 2016 11:04:53+0100  Submitted:1  Finished successfully:7
Progress: Sat, 20 Feb 2016 11:05:23+0100  Submitted:1  Finished successfully:7
Progress: Sat, 20 Feb 2016 11:05:53+0100  Submitted:1  Finished successfully:7
Progress: Sat, 20 Feb 2016 11:06:23+0100  Submitted:1  Finished successfully:7
Progress: Sat, 20 Feb 2016 11:06:53+0100  Submitted:1  Finished successfully:7
Progress: Sat, 20 Feb 2016 11:07:23+0100  Submitted:1  Finished successfully:7
Progress: Sat, 20 Feb 2016 11:07:53+0100  Submitted:1  Finished successfully:7
Progress: Sat, 20 Feb 2016 11:08:23+0100  Submitted:1  Finished successfully:7
Progress: Sat, 20 Feb 2016 11:08:53+0100  Submitted:1  Finished successfully:7
Progress: Sat, 20 Feb 2016 11:09:23+0100  Submitted:1  Finished successfully:7
Progress: Sat, 20 Feb 2016 11:09:53+0100  Submitted:1  Finished successfully:7
Progress: Sat, 20 Feb 2016 11:10:23+0100  Submitted:1  Finished successfully:7
Progress: Sat, 20 Feb 2016 11:10:53+0100  Submitted:1  Finished successfully:7
Progress: Sat, 20 Feb 2016 11:11:23+0100  Submitted:1  Finished successfully:7
Progress: Sat, 20 Feb 2016 11:11:53+0100  Submitted:1  Finished successfully:7
Progress: Sat, 20 Feb 2016 11:12:23+0100  Submitted:1  Finished successfully:7
Progress: Sat, 20 Feb 2016 11:12:53+0100  Submitted:1  Finished successfully:7
Progress: Sat, 20 Feb 2016 11:13:23+0100  Submitted:1  Finished successfully:7
Progress: Sat, 20 Feb 2016 11:13:53+0100  Submitted:1  Finished successfully:7
Progress: Sat, 20 Feb 2016 11:14:23+0100  Submitted:1  Finished successfully:7
Progress: Sat, 20 Feb 2016 11:14:53+0100  Submitted:1  Finished successfully:7
Progress: Sat, 20 Feb 2016 11:15:23+0100  Submitted:1  Finished successfully:7
Progress: Sat, 20 Feb 2016 11:15:53+0100  Submitted:1  Finished successfully:7
Progress: Sat, 20 Feb 2016 11:16:23+0100  Submitted:1  Finished successfully:7
Progress: Sat, 20 Feb 2016 11:16:53+0100  Submitted:1  Finished successfully:7
Progress: Sat, 20 Feb 2016 11:17:23+0100  Submitted:1  Finished successfully:7
Progress: Sat, 20 Feb 2016 11:17:53+0100  Submitted:1  Finished successfully:7
Progress: Sat, 20 Feb 2016 11:18:23+0100  Submitted:1  Finished successfully:7
Progress: Sat, 20 Feb 2016 11:18:53+0100  Submitted:1  Finished successfully:7
Progress: Sat, 20 Feb 2016 11:19:23+0100  Submitted:1  Finished successfully:7
Progress: Sat, 20 Feb 2016 11:19:53+0100  Submitted:1  Finished successfully:7
Progress: Sat, 20 Feb 2016 11:20:23+0100  Submitted:1  Finished successfully:7
Progress: Sat, 20 Feb 2016 11:20:53+0100  Submitted:1  Finished successfully:7
Progress: Sat, 20 Feb 2016 11:21:23+0100  Submitted:1  Finished successfully:7
Progress: Sat, 20 Feb 2016 11:21:53+0100  Submitted:1  Finished successfully:7
Progress: Sat, 20 Feb 2016 11:22:23+0100  Submitted:1  Finished successfully:7
Progress: Sat, 20 Feb 2016 11:22:53+0100  Submitted:1  Finished successfully:7
Progress: Sat, 20 Feb 2016 11:23:23+0100  Submitted:1  Finished successfully:7
Progress: Sat, 20 Feb 2016 11:23:53+0100  Submitted:1  Finished successfully:7
Progress: Sat, 20 Feb 2016 11:24:23+0100  Submitted:1  Finished successfully:7
Progress: Sat, 20 Feb 2016 11:24:53+0100  Submitted:1  Finished successfully:7
Progress: Sat, 20 Feb 2016 11:25:23+0100  Submitted:1  Finished successfully:7
Progress: Sat, 20 Feb 2016 11:25:53+0100  Submitted:1  Finished successfully:7
Progress: Sat, 20 Feb 2016 11:26:23+0100  Submitted:1  Finished successfully:7
Progress: Sat, 20 Feb 2016 11:26:53+0100  Submitted:1  Finished successfully:7
Progress: Sat, 20 Feb 2016 11:27:23+0100  Submitted:1  Finished successfully:7
Progress: Sat, 20 Feb 2016 11:27:53+0100  Submitted:1  Finished successfully:7
Progress: Sat, 20 Feb 2016 11:28:23+0100  Submitted:1  Finished successfully:7
Progress: Sat, 20 Feb 2016 11:28:53+0100  Submitted:1  Finished successfully:7
Progress: Sat, 20 Feb 2016 11:29:23+0100  Submitted:1  Finished successfully:7
Progress: Sat, 20 Feb 2016 11:29:53+0100  Submitted:1  Finished successfully:7
Progress: Sat, 20 Feb 2016 11:30:23+0100  Submitted:1  Finished successfully:7
Progress: Sat, 20 Feb 2016 11:30:53+0100  Submitted:1  Finished successfully:7
Progress: Sat, 20 Feb 2016 11:31:23+0100  Submitted:1  Finished successfully:7
Progress: Sat, 20 Feb 2016 11:31:53+0100  Submitted:1  Finished successfully:7
Progress: Sat, 20 Feb 2016 11:32:23+0100  Submitted:1  Finished successfully:7
Progress: Sat, 20 Feb 2016 11:32:53+0100  Submitted:1  Finished successfully:7
Progress: Sat, 20 Feb 2016 11:33:23+0100  Submitted:1  Finished successfully:7
Progress: Sat, 20 Feb 2016 11:33:53+0100  Submitted:1  Finished successfully:7
Progress: Sat, 20 Feb 2016 11:34:23+0100  Submitted:1  Finished successfully:7
Progress: Sat, 20 Feb 2016 11:34:53+0100  Submitted:1  Finished successfully:7
Progress: Sat, 20 Feb 2016 11:35:23+0100  Submitted:1  Finished successfully:7
Progress: Sat, 20 Feb 2016 11:35:53+0100  Submitted:1  Finished successfully:7
Progress: Sat, 20 Feb 2016 11:36:23+0100  Submitted:1  Finished successfully:7
Progress: Sat, 20 Feb 2016 11:36:53+0100  Submitted:1  Finished successfully:7
Progress: Sat, 20 Feb 2016 11:37:23+0100  Submitted:1  Finished successfully:7
Progress: Sat, 20 Feb 2016 11:37:53+0100  Submitted:1  Finished successfully:7
Progress: Sat, 20 Feb 2016 11:38:23+0100  Submitted:1  Finished successfully:7
Progress: Sat, 20 Feb 2016 11:38:53+0100  Submitted:1  Finished successfully:7
Progress: Sat, 20 Feb 2016 11:39:23+0100  Submitted:1  Finished successfully:7
Progress: Sat, 20 Feb 2016 11:39:53+0100  Submitted:1  Finished successfully:7
Progress: Sat, 20 Feb 2016 11:40:23+0100  Submitted:1  Finished successfully:7
Progress: Sat, 20 Feb 2016 11:40:53+0100  Submitted:1  Finished successfully:7
Progress: Sat, 20 Feb 2016 11:41:23+0100  Submitted:1  Finished successfully:7
Progress: Sat, 20 Feb 2016 11:41:53+0100  Submitted:1  Finished successfully:7
Progress: Sat, 20 Feb 2016 11:42:23+0100  Submitted:1  Finished successfully:7
Progress: Sat, 20 Feb 2016 11:42:53+0100  Submitted:1  Finished successfully:7
Progress: Sat, 20 Feb 2016 11:43:23+0100  Submitted:1  Finished successfully:7
Progress: Sat, 20 Feb 2016 11:43:53+0100  Submitted:1  Finished successfully:7
Progress: Sat, 20 Feb 2016 11:44:23+0100  Submitted:1  Finished successfully:7
Progress: Sat, 20 Feb 2016 11:44:53+0100  Submitted:1  Finished successfully:7
Progress: Sat, 20 Feb 2016 11:45:23+0100  Submitted:1  Finished successfully:7
Progress: Sat, 20 Feb 2016 11:45:53+0100  Submitted:1  Finished successfully:7
Progress: Sat, 20 Feb 2016 11:46:23+0100  Submitted:1  Finished successfully:7
Progress: Sat, 20 Feb 2016 11:46:53+0100  Submitted:1  Finished successfully:7
Progress: Sat, 20 Feb 2016 11:47:23+0100  Submitted:1  Finished successfully:7
Progress: Sat, 20 Feb 2016 11:47:53+0100  Submitted:1  Finished successfully:7
Progress: Sat, 20 Feb 2016 11:48:23+0100  Submitted:1  Finished successfully:7
Progress: Sat, 20 Feb 2016 11:48:53+0100  Submitted:1  Finished successfully:7
Progress: Sat, 20 Feb 2016 11:49:23+0100  Submitted:1  Finished successfully:7
Progress: Sat, 20 Feb 2016 11:49:53+0100  Submitted:1  Finished successfully:7
Progress: Sat, 20 Feb 2016 11:50:23+0100  Submitted:1  Finished successfully:7
Progress: Sat, 20 Feb 2016 11:50:53+0100  Submitted:1  Finished successfully:7
Progress: Sat, 20 Feb 2016 11:51:23+0100  Submitted:1  Finished successfully:7
Progress: Sat, 20 Feb 2016 11:51:53+0100  Submitted:1  Finished successfully:7
Progress: Sat, 20 Feb 2016 11:52:23+0100  Submitted:1  Finished successfully:7
Progress: Sat, 20 Feb 2016 11:52:53+0100  Submitted:1  Finished successfully:7
Progress: Sat, 20 Feb 2016 11:53:23+0100  Submitted:1  Finished successfully:7
Progress: Sat, 20 Feb 2016 11:53:53+0100  Submitted:1  Finished successfully:7
Progress: Sat, 20 Feb 2016 11:54:23+0100  Submitted:1  Finished successfully:7
Progress: Sat, 20 Feb 2016 11:54:53+0100  Submitted:1  Finished successfully:7
Progress: Sat, 20 Feb 2016 11:55:23+0100  Submitted:1  Finished successfully:7
Progress: Sat, 20 Feb 2016 11:55:53+0100  Submitted:1  Finished successfully:7
Progress: Sat, 20 Feb 2016 11:56:23+0100  Submitted:1  Finished successfully:7
Progress: Sat, 20 Feb 2016 11:56:53+0100  Submitted:1  Finished successfully:7
Progress: Sat, 20 Feb 2016 11:57:23+0100  Submitted:1  Finished successfully:7
Progress: Sat, 20 Feb 2016 11:57:53+0100  Submitted:1  Finished successfully:7
Progress: Sat, 20 Feb 2016 11:58:23+0100  Submitted:1  Finished successfully:7
Progress: Sat, 20 Feb 2016 11:58:53+0100  Submitted:1  Finished successfully:7
Progress: Sat, 20 Feb 2016 11:59:23+0100  Submitted:1  Finished successfully:7
Progress: Sat, 20 Feb 2016 11:59:53+0100  Submitted:1  Finished successfully:7
Progress: Sat, 20 Feb 2016 12:00:23+0100  Submitted:1  Finished successfully:7
Progress: Sat, 20 Feb 2016 12:00:53+0100  Submitted:1  Finished successfully:7
Progress: Sat, 20 Feb 2016 12:01:23+0100  Submitted:1  Finished successfully:7
Progress: Sat, 20 Feb 2016 12:01:53+0100  Submitted:1  Finished successfully:7
Progress: Sat, 20 Feb 2016 12:02:23+0100  Submitted:1  Finished successfully:7
Progress: Sat, 20 Feb 2016 12:02:24+0100  Stage in:1  Finished successfully:7
Progress: Sat, 20 Feb 2016 12:02:25+0100  Active:1  Finished successfully:7
Progress: Sat, 20 Feb 2016 12:02:55+0100  Active:1  Finished successfully:7
Progress: Sat, 20 Feb 2016 12:03:25+0100  Active:1  Finished successfully:7
Progress: Sat, 20 Feb 2016 12:03:55+0100  Active:1  Finished successfully:7
Progress: Sat, 20 Feb 2016 12:04:25+0100  Active:1  Finished successfully:7
Progress: Sat, 20 Feb 2016 12:04:55+0100  Active:1  Finished successfully:7
Progress: Sat, 20 Feb 2016 12:05:25+0100  Active:1  Finished successfully:7
Progress: Sat, 20 Feb 2016 12:05:55+0100  Active:1  Finished successfully:7
Progress: Sat, 20 Feb 2016 12:06:25+0100  Active:1  Finished successfully:7
Progress: Sat, 20 Feb 2016 12:06:55+0100  Active:1  Finished successfully:7
Progress: Sat, 20 Feb 2016 12:07:25+0100  Active:1  Finished successfully:7
Progress: Sat, 20 Feb 2016 12:07:55+0100  Active:1  Finished successfully:7
Progress: Sat, 20 Feb 2016 12:08:25+0100  Active:1  Finished successfully:7
Progress: Sat, 20 Feb 2016 12:08:55+0100  Active:1  Finished successfully:7
Progress: Sat, 20 Feb 2016 12:09:25+0100  Active:1  Finished successfully:7
Progress: Sat, 20 Feb 2016 12:09:55+0100  Active:1  Finished successfully:7
Progress: Sat, 20 Feb 2016 12:10:25+0100  Active:1  Finished successfully:7
Progress: Sat, 20 Feb 2016 12:10:55+0100  Active:1  Finished successfully:7
Progress: Sat, 20 Feb 2016 12:11:25+0100  Active:1  Finished successfully:7
Progress: Sat, 20 Feb 2016 12:11:55+0100  Active:1  Finished successfully:7
Progress: Sat, 20 Feb 2016 12:12:25+0100  Active:1  Finished successfully:7
Progress: Sat, 20 Feb 2016 12:12:55+0100  Active:1  Finished successfully:7
Progress: Sat, 20 Feb 2016 12:13:25+0100  Active:1  Finished successfully:7
Progress: Sat, 20 Feb 2016 12:13:55+0100  Active:1  Finished successfully:7
Progress: Sat, 20 Feb 2016 12:14:25+0100  Active:1  Finished successfully:7
Progress: Sat, 20 Feb 2016 12:14:55+0100  Active:1  Finished successfully:7
Progress: Sat, 20 Feb 2016 12:15:25+0100  Active:1  Finished successfully:7
Progress: Sat, 20 Feb 2016 12:15:55+0100  Active:1  Finished successfully:7
Progress: Sat, 20 Feb 2016 12:16:25+0100  Active:1  Finished successfully:7
Progress: Sat, 20 Feb 2016 12:16:55+0100  Active:1  Finished successfully:7
Progress: Sat, 20 Feb 2016 12:17:25+0100  Stage out:1  Finished successfully:7
Progress: Sat, 20 Feb 2016 12:17:55+0100  Stage out:1  Finished successfully:7
Final status: Sat, 20 Feb 2016 12:17:59+0100  Finished successfully:8
