Swift 0.96.2 git-rev: b9611649002eecd640fc6c58bbb88cb35ce03539 heads/release-0.96-swift 6287 (modified locally)
RunID: run015
Progress: Mon, 07 Dec 2015 03:51:02+0000
Progress: Mon, 07 Dec 2015 03:51:03+0000  Submitting:8
Progress: Mon, 07 Dec 2015 03:51:14+0000  Submitting:4  Submitted:4
Progress: Mon, 07 Dec 2015 03:51:21+0000  Submitted:8
Progress: Mon, 07 Dec 2015 03:51:27+0000  Submitted:4  Active:4
Progress: Mon, 07 Dec 2015 03:51:57+0000  Submitted:4  Active:4
Progress: Mon, 07 Dec 2015 03:52:27+0000  Submitted:4  Active:4
Progress: Mon, 07 Dec 2015 03:52:42+0000  Active:8
Progress: Mon, 07 Dec 2015 03:53:12+0000  Active:8
Progress: Mon, 07 Dec 2015 03:53:42+0000  Active:8
Progress: Mon, 07 Dec 2015 03:54:12+0000  Active:8
Progress: Mon, 07 Dec 2015 03:54:42+0000  Active:8
Progress: Mon, 07 Dec 2015 03:55:12+0000  Active:8
Progress: Mon, 07 Dec 2015 03:55:42+0000  Active:8
Progress: Mon, 07 Dec 2015 03:56:12+0000  Active:8
Progress: Mon, 07 Dec 2015 03:56:42+0000  Active:8
Progress: Mon, 07 Dec 2015 03:57:12+0000  Active:8
Progress: Mon, 07 Dec 2015 03:57:42+0000  Active:8
Progress: Mon, 07 Dec 2015 03:58:12+0000  Active:8
Progress: Mon, 07 Dec 2015 03:58:42+0000  Active:8
Progress: Mon, 07 Dec 2015 03:59:12+0000  Active:8
Progress: Mon, 07 Dec 2015 03:59:42+0000  Active:8
Progress: Mon, 07 Dec 2015 04:00:12+0000  Active:8
Progress: Mon, 07 Dec 2015 04:00:42+0000  Active:8
Progress: Mon, 07 Dec 2015 04:01:12+0000  Active:8
Progress: Mon, 07 Dec 2015 04:01:42+0000  Active:8
Progress: Mon, 07 Dec 2015 04:02:12+0000  Active:8
Progress: Mon, 07 Dec 2015 04:02:42+0000  Active:8
Progress: Mon, 07 Dec 2015 04:03:12+0000  Active:8
Progress: Mon, 07 Dec 2015 04:03:42+0000  Active:8
Progress: Mon, 07 Dec 2015 04:04:12+0000  Active:8
Progress: Mon, 07 Dec 2015 04:04:42+0000  Active:8
Progress: Mon, 07 Dec 2015 04:05:12+0000  Active:8
Progress: Mon, 07 Dec 2015 04:05:42+0000  Active:8
Progress: Mon, 07 Dec 2015 04:06:12+0000  Active:8
Progress: Mon, 07 Dec 2015 04:06:27+0000  Active:4  Finished successfully:4
Progress: Mon, 07 Dec 2015 04:06:57+0000  Active:4  Finished successfully:4
Progress: Mon, 07 Dec 2015 04:07:27+0000  Active:4  Finished successfully:4
Final status: Mon, 07 Dec 2015 04:07:41+0000  Finished successfully:8
