Swift trunk git-rev: a1480cb065858cd79cfbc7e6fd5ec1084d0662d9 heads/master 6706 (modified locally)
RunID: run006
Progress: Sat, 30 Apr 2016 12:20:23+0000
Progress: Sat, 30 Apr 2016 12:20:24+0000  Selecting site:30  Submitting:2
Progress: Sat, 30 Apr 2016 12:20:35+0000  Selecting site:30  Submitting:1  Submitted:1
Progress: Sat, 30 Apr 2016 12:20:46+0000  Selecting site:30  Submitted:2
Progress: Sat, 30 Apr 2016 12:20:58+0000  Selecting site:29  Submitting:1  Submitted:2
Progress: Sat, 30 Apr 2016 12:20:59+0000  Selecting site:28  Submitting:1  Submitted:3
Progress: Sat, 30 Apr 2016 12:21:00+0000  Selecting site:28  Submitted:4
Progress: Sat, 30 Apr 2016 12:21:30+0000  Selecting site:28  Submitted:4
Progress: Sat, 30 Apr 2016 12:22:00+0000  Selecting site:28  Submitted:4
Progress: Sat, 30 Apr 2016 12:22:30+0000  Selecting site:28  Submitted:4
Progress: Sat, 30 Apr 2016 12:23:00+0000  Selecting site:28  Submitted:4
Progress: Sat, 30 Apr 2016 12:23:30+0000  Selecting site:28  Submitted:4
Progress: Sat, 30 Apr 2016 12:24:00+0000  Selecting site:28  Submitted:4
Progress: Sat, 30 Apr 2016 12:24:30+0000  Selecting site:28  Submitted:4
Progress: Sat, 30 Apr 2016 12:25:00+0000  Selecting site:28  Submitted:4
Progress: Sat, 30 Apr 2016 12:25:30+0000  Selecting site:28  Submitted:4
Progress: Sat, 30 Apr 2016 12:26:00+0000  Selecting site:28  Submitted:4
Progress: Sat, 30 Apr 2016 12:26:30+0000  Selecting site:28  Submitted:4
Progress: Sat, 30 Apr 2016 12:27:00+0000  Selecting site:28  Submitted:4
Progress: Sat, 30 Apr 2016 12:27:30+0000  Selecting site:28  Submitted:4
Progress: Sat, 30 Apr 2016 12:28:00+0000  Selecting site:28  Submitted:4
Progress: Sat, 30 Apr 2016 12:28:30+0000  Selecting site:28  Submitted:4
Progress: Sat, 30 Apr 2016 12:29:00+0000  Selecting site:28  Submitted:4
Progress: Sat, 30 Apr 2016 12:29:03+0000  Selecting site:28  Stage in:2  Submitted:2
Progress: Sat, 30 Apr 2016 12:29:04+0000  Selecting site:28  Submitted:2  Active:2
Progress: Sat, 30 Apr 2016 12:29:34+0000  Selecting site:28  Submitted:2  Active:2
Progress: Sat, 30 Apr 2016 12:30:04+0000  Selecting site:28  Submitted:2  Active:2
Progress: Sat, 30 Apr 2016 12:30:34+0000  Selecting site:28  Submitted:2  Active:2
Progress: Sat, 30 Apr 2016 12:31:04+0000  Selecting site:28  Submitted:2  Active:2
Progress: Sat, 30 Apr 2016 12:31:34+0000  Selecting site:28  Submitted:2  Active:2
Progress: Sat, 30 Apr 2016 12:32:04+0000  Selecting site:28  Submitted:2  Active:2
Progress: Sat, 30 Apr 2016 12:32:34+0000  Selecting site:28  Submitted:2  Active:2
Progress: Sat, 30 Apr 2016 12:33:04+0000  Selecting site:28  Submitted:2  Active:2
Progress: Sat, 30 Apr 2016 12:33:34+0000  Selecting site:28  Submitted:2  Active:2
Progress: Sat, 30 Apr 2016 12:34:04+0000  Selecting site:28  Submitted:2  Active:2
Progress: Sat, 30 Apr 2016 12:34:34+0000  Selecting site:28  Submitted:2  Active:2
Progress: Sat, 30 Apr 2016 12:35:04+0000  Selecting site:28  Submitted:2  Active:2
Progress: Sat, 30 Apr 2016 12:35:34+0000  Selecting site:28  Submitted:2  Active:2
Progress: Sat, 30 Apr 2016 12:36:04+0000  Selecting site:28  Submitted:2  Active:2
Progress: Sat, 30 Apr 2016 12:36:34+0000  Selecting site:28  Submitted:2  Active:2
Progress: Sat, 30 Apr 2016 12:37:04+0000  Selecting site:28  Submitted:2  Active:2
Progress: Sat, 30 Apr 2016 12:37:34+0000  Selecting site:28  Submitted:2  Active:2
Progress: Sat, 30 Apr 2016 12:38:04+0000  Selecting site:28  Submitted:2  Active:2
Progress: Sat, 30 Apr 2016 12:38:34+0000  Selecting site:28  Submitted:2  Active:2
Progress: Sat, 30 Apr 2016 12:39:04+0000  Selecting site:28  Submitted:2  Active:2
Progress: Sat, 30 Apr 2016 12:39:34+0000  Selecting site:28  Submitted:2  Active:2
Progress: Sat, 30 Apr 2016 12:40:04+0000  Selecting site:28  Submitted:2  Active:2
Progress: Sat, 30 Apr 2016 12:40:34+0000  Selecting site:28  Submitted:2  Active:2
Progress: Sat, 30 Apr 2016 12:41:04+0000  Selecting site:28  Submitted:2  Active:2
Progress: Sat, 30 Apr 2016 12:41:34+0000  Selecting site:28  Submitted:2  Active:2
Progress: Sat, 30 Apr 2016 12:42:04+0000  Selecting site:28  Submitted:2  Active:2
Progress: Sat, 30 Apr 2016 12:42:34+0000  Selecting site:28  Submitted:2  Active:2
Progress: Sat, 30 Apr 2016 12:43:04+0000  Selecting site:28  Submitted:2  Active:2
Progress: Sat, 30 Apr 2016 12:43:34+0000  Selecting site:28  Submitted:2  Active:2
Progress: Sat, 30 Apr 2016 12:44:04+0000  Selecting site:28  Submitted:2  Active:2
Progress: Sat, 30 Apr 2016 12:44:34+0000  Selecting site:28  Submitted:2  Active:2
Progress: Sat, 30 Apr 2016 12:45:04+0000  Selecting site:28  Submitted:2  Active:2
Progress: Sat, 30 Apr 2016 12:45:34+0000  Selecting site:28  Submitted:2  Active:2
Progress: Sat, 30 Apr 2016 12:46:04+0000  Selecting site:28  Submitted:2  Active:2
Progress: Sat, 30 Apr 2016 12:46:34+0000  Selecting site:28  Submitted:2  Active:2
Progress: Sat, 30 Apr 2016 12:47:04+0000  Selecting site:28  Submitted:2  Active:2
Progress: Sat, 30 Apr 2016 12:47:34+0000  Selecting site:28  Submitted:2  Active:2
Progress: Sat, 30 Apr 2016 12:48:04+0000  Selecting site:28  Submitted:2  Active:2
Progress: Sat, 30 Apr 2016 12:48:34+0000  Selecting site:28  Submitted:2  Active:2
Progress: Sat, 30 Apr 2016 12:49:04+0000  Selecting site:28  Submitted:2  Active:2
Progress: Sat, 30 Apr 2016 12:49:34+0000  Selecting site:28  Submitted:2  Active:2
Progress: Sat, 30 Apr 2016 12:50:04+0000  Selecting site:28  Submitted:2  Active:2
Progress: Sat, 30 Apr 2016 12:50:34+0000  Selecting site:28  Submitted:2  Active:2
Progress: Sat, 30 Apr 2016 12:51:04+0000  Selecting site:28  Submitted:2  Active:2
Progress: Sat, 30 Apr 2016 12:51:34+0000  Selecting site:28  Submitted:2  Active:2
Progress: Sat, 30 Apr 2016 12:52:04+0000  Selecting site:28  Submitted:2  Active:2
Progress: Sat, 30 Apr 2016 12:52:34+0000  Selecting site:28  Submitted:2  Active:2
Progress: Sat, 30 Apr 2016 12:53:04+0000  Selecting site:28  Submitted:2  Active:2
Progress: Sat, 30 Apr 2016 12:53:34+0000  Selecting site:28  Submitted:2  Active:2
Progress: Sat, 30 Apr 2016 12:54:04+0000  Selecting site:28  Submitted:2  Active:2
Progress: Sat, 30 Apr 2016 12:54:34+0000  Selecting site:28  Submitted:2  Active:2
Progress: Sat, 30 Apr 2016 12:55:04+0000  Selecting site:28  Submitted:2  Active:2
Progress: Sat, 30 Apr 2016 12:55:34+0000  Selecting site:28  Submitted:2  Active:2
Progress: Sat, 30 Apr 2016 12:56:04+0000  Selecting site:28  Submitted:2  Active:2
Progress: Sat, 30 Apr 2016 12:56:34+0000  Selecting site:28  Submitted:2  Active:2
Progress: Sat, 30 Apr 2016 12:57:04+0000  Selecting site:28  Submitted:2  Active:2
Progress: Sat, 30 Apr 2016 12:57:34+0000  Selecting site:28  Submitted:2  Active:2
Progress: Sat, 30 Apr 2016 12:58:04+0000  Selecting site:28  Submitted:2  Active:2
Progress: Sat, 30 Apr 2016 12:58:34+0000  Selecting site:28  Submitted:2  Active:2
Progress: Sat, 30 Apr 2016 12:59:04+0000  Selecting site:27  Submitted:2  Active:1  Finished successfully:2
Progress: Sat, 30 Apr 2016 12:59:31+0000  Selecting site:26  Submitting:1  Submitted:2  Active:1  Finished successfully:2
Progress: Sat, 30 Apr 2016 12:59:32+0000  Selecting site:26  Submitted:2  Active:2  Finished successfully:2
Progress: Sat, 30 Apr 2016 13:00:02+0000  Selecting site:26  Submitted:2  Active:2  Finished successfully:2
Progress: Sat, 30 Apr 2016 13:00:32+0000  Selecting site:26  Submitted:2  Active:2  Finished successfully:2
Progress: Sat, 30 Apr 2016 13:01:02+0000  Selecting site:26  Submitted:2  Active:2  Finished successfully:2
Progress: Sat, 30 Apr 2016 13:01:32+0000  Selecting site:26  Submitted:2  Active:2  Finished successfully:2
Progress: Sat, 30 Apr 2016 13:02:02+0000  Selecting site:26  Submitted:2  Active:2  Finished successfully:2
Progress: Sat, 30 Apr 2016 13:02:32+0000  Selecting site:26  Submitted:2  Active:2  Finished successfully:2
Progress: Sat, 30 Apr 2016 13:03:02+0000  Selecting site:26  Submitted:2  Active:2  Finished successfully:2
Progress: Sat, 30 Apr 2016 13:03:32+0000  Selecting site:26  Submitted:2  Active:2  Finished successfully:2
Progress: Sat, 30 Apr 2016 13:04:02+0000  Selecting site:26  Submitted:2  Active:2  Finished successfully:2
Progress: Sat, 30 Apr 2016 13:04:32+0000  Selecting site:26  Submitted:2  Active:2  Finished successfully:2
Progress: Sat, 30 Apr 2016 13:05:02+0000  Selecting site:26  Submitted:2  Active:2  Finished successfully:2
Progress: Sat, 30 Apr 2016 13:05:15+0000  Selecting site:26  Active:4  Finished successfully:2
Progress: Sat, 30 Apr 2016 13:05:45+0000  Selecting site:26  Active:4  Finished successfully:2
Progress: Sat, 30 Apr 2016 13:06:15+0000  Selecting site:26  Active:4  Finished successfully:2
Progress: Sat, 30 Apr 2016 13:06:45+0000  Selecting site:26  Active:4  Finished successfully:2
Progress: Sat, 30 Apr 2016 13:07:15+0000  Selecting site:26  Active:4  Finished successfully:2
Progress: Sat, 30 Apr 2016 13:07:45+0000  Selecting site:26  Active:4  Finished successfully:2
Progress: Sat, 30 Apr 2016 13:08:15+0000  Selecting site:26  Active:4  Finished successfully:2
Progress: Sat, 30 Apr 2016 13:08:45+0000  Selecting site:26  Active:4  Finished successfully:2
Progress: Sat, 30 Apr 2016 13:09:15+0000  Selecting site:26  Active:4  Finished successfully:2
Progress: Sat, 30 Apr 2016 13:09:45+0000  Selecting site:26  Active:4  Finished successfully:2
Progress: Sat, 30 Apr 2016 13:10:15+0000  Selecting site:26  Active:4  Finished successfully:2
Progress: Sat, 30 Apr 2016 13:10:45+0000  Selecting site:26  Active:4  Finished successfully:2
Progress: Sat, 30 Apr 2016 13:11:15+0000  Selecting site:26  Active:4  Finished successfully:2
Progress: Sat, 30 Apr 2016 13:11:45+0000  Selecting site:26  Active:4  Finished successfully:2
Progress: Sat, 30 Apr 2016 13:12:15+0000  Selecting site:26  Active:4  Finished successfully:2
Progress: Sat, 30 Apr 2016 13:12:45+0000  Selecting site:26  Active:4  Finished successfully:2
Progress: Sat, 30 Apr 2016 13:13:15+0000  Selecting site:26  Active:4  Finished successfully:2
Progress: Sat, 30 Apr 2016 13:13:45+0000  Selecting site:26  Active:4  Finished successfully:2
Progress: Sat, 30 Apr 2016 13:14:15+0000  Selecting site:26  Active:4  Finished successfully:2
Progress: Sat, 30 Apr 2016 13:14:45+0000  Selecting site:26  Active:4  Finished successfully:2
Progress: Sat, 30 Apr 2016 13:15:15+0000  Selecting site:26  Active:4  Finished successfully:2
Progress: Sat, 30 Apr 2016 13:15:45+0000  Selecting site:26  Active:4  Finished successfully:2
Progress: Sat, 30 Apr 2016 13:16:15+0000  Selecting site:26  Active:4  Finished successfully:2
Progress: Sat, 30 Apr 2016 13:16:45+0000  Selecting site:26  Active:4  Finished successfully:2
Progress: Sat, 30 Apr 2016 13:17:15+0000  Selecting site:26  Active:4  Finished successfully:2
Progress: Sat, 30 Apr 2016 13:17:45+0000  Selecting site:26  Active:4  Finished successfully:2
Progress: Sat, 30 Apr 2016 13:18:15+0000  Selecting site:26  Active:4  Finished successfully:2
Progress: Sat, 30 Apr 2016 13:18:45+0000  Selecting site:26  Active:4  Finished successfully:2
Progress: Sat, 30 Apr 2016 13:19:15+0000  Selecting site:26  Active:4  Finished successfully:2
Progress: Sat, 30 Apr 2016 13:19:45+0000  Selecting site:26  Active:4  Finished successfully:2
Progress: Sat, 30 Apr 2016 13:20:15+0000  Selecting site:26  Active:4  Finished successfully:2
Progress: Sat, 30 Apr 2016 13:20:45+0000  Selecting site:26  Active:4  Finished successfully:2
Progress: Sat, 30 Apr 2016 13:21:15+0000  Selecting site:26  Active:4  Finished successfully:2
Progress: Sat, 30 Apr 2016 13:21:45+0000  Selecting site:26  Active:4  Finished successfully:2
Progress: Sat, 30 Apr 2016 13:22:15+0000  Selecting site:26  Active:4  Finished successfully:2
Progress: Sat, 30 Apr 2016 13:22:45+0000  Selecting site:26  Active:4  Finished successfully:2
Progress: Sat, 30 Apr 2016 13:23:15+0000  Selecting site:26  Active:4  Finished successfully:2
Progress: Sat, 30 Apr 2016 13:23:45+0000  Selecting site:26  Active:4  Finished successfully:2
Progress: Sat, 30 Apr 2016 13:24:15+0000  Selecting site:26  Active:4  Finished successfully:2
Progress: Sat, 30 Apr 2016 13:24:45+0000  Selecting site:26  Active:4  Finished successfully:2
Progress: Sat, 30 Apr 2016 13:25:15+0000  Selecting site:26  Active:4  Finished successfully:2
Progress: Sat, 30 Apr 2016 13:25:45+0000  Selecting site:26  Active:4  Finished successfully:2
Progress: Sat, 30 Apr 2016 13:26:15+0000  Selecting site:26  Active:4  Finished successfully:2
Progress: Sat, 30 Apr 2016 13:26:45+0000  Selecting site:26  Active:4  Finished successfully:2
Progress: Sat, 30 Apr 2016 13:27:15+0000  Selecting site:26  Active:4  Finished successfully:2
Progress: Sat, 30 Apr 2016 13:27:45+0000  Selecting site:26  Active:4  Finished successfully:2
Progress: Sat, 30 Apr 2016 13:28:15+0000  Selecting site:26  Active:4  Finished successfully:2
Progress: Sat, 30 Apr 2016 13:28:45+0000  Selecting site:26  Active:4  Finished successfully:2
Progress: Sat, 30 Apr 2016 13:29:04+0000  Selecting site:26  Active:3  Stage out:1  Finished successfully:2
Progress: Sat, 30 Apr 2016 13:29:19+0000  Selecting site:25  Submitting:1  Active:3  Finished successfully:3
Progress: Sat, 30 Apr 2016 13:29:20+0000  Selecting site:25  Active:4  Finished successfully:3
Progress: Sat, 30 Apr 2016 13:29:31+0000  Selecting site:25  Active:3  Stage out:1  Finished successfully:3
Progress: Sat, 30 Apr 2016 13:29:32+0000  Selecting site:25  Active:3  Finished successfully:4
Progress: Sat, 30 Apr 2016 13:29:40+0000  Selecting site:24  Stage in:1  Active:3  Finished successfully:4
Progress: Sat, 30 Apr 2016 13:29:41+0000  Selecting site:24  Active:4  Finished successfully:4
Progress: Sat, 30 Apr 2016 13:30:04+0000  Selecting site:23  Stage in:1  Active:4  Finished successfully:4
Progress: Sat, 30 Apr 2016 13:30:05+0000  Selecting site:23  Active:5  Finished successfully:4
Progress: Sat, 30 Apr 2016 13:30:35+0000  Selecting site:23  Active:5  Finished successfully:4
Progress: Sat, 30 Apr 2016 13:31:05+0000  Selecting site:23  Active:5  Finished successfully:4
Progress: Sat, 30 Apr 2016 13:31:35+0000  Selecting site:23  Active:5  Finished successfully:4
Progress: Sat, 30 Apr 2016 13:32:05+0000  Selecting site:23  Active:5  Finished successfully:4
Progress: Sat, 30 Apr 2016 13:32:35+0000  Selecting site:23  Active:5  Finished successfully:4
Progress: Sat, 30 Apr 2016 13:33:05+0000  Selecting site:23  Active:5  Finished successfully:4
Progress: Sat, 30 Apr 2016 13:33:35+0000  Selecting site:23  Active:5  Finished successfully:4
Progress: Sat, 30 Apr 2016 13:34:05+0000  Selecting site:23  Active:5  Finished successfully:4
Progress: Sat, 30 Apr 2016 13:34:35+0000  Selecting site:23  Active:5  Finished successfully:4
Progress: Sat, 30 Apr 2016 13:35:05+0000  Selecting site:23  Active:5  Finished successfully:4
Progress: Sat, 30 Apr 2016 13:35:15+0000  Selecting site:22  Active:4  Finished successfully:6
Progress: Sat, 30 Apr 2016 13:35:41+0000  Selecting site:21  Submitting:1  Active:4  Finished successfully:6
Progress: Sat, 30 Apr 2016 13:35:42+0000  Selecting site:21  Active:5  Finished successfully:6
Progress: Sat, 30 Apr 2016 13:36:12+0000  Selecting site:21  Active:5  Finished successfully:6
Progress: Sat, 30 Apr 2016 13:36:42+0000  Selecting site:21  Active:5  Finished successfully:6
Progress: Sat, 30 Apr 2016 13:37:12+0000  Selecting site:21  Active:5  Finished successfully:6
Progress: Sat, 30 Apr 2016 13:37:42+0000  Selecting site:21  Active:5  Finished successfully:6
Progress: Sat, 30 Apr 2016 13:38:12+0000  Selecting site:21  Active:5  Finished successfully:6
Progress: Sat, 30 Apr 2016 13:38:42+0000  Selecting site:21  Active:5  Finished successfully:6
Progress: Sat, 30 Apr 2016 13:39:12+0000  Selecting site:21  Active:5  Finished successfully:6
Progress: Sat, 30 Apr 2016 13:39:42+0000  Selecting site:21  Active:5  Finished successfully:6
Progress: Sat, 30 Apr 2016 13:40:12+0000  Selecting site:21  Active:5  Finished successfully:6
Progress: Sat, 30 Apr 2016 13:40:42+0000  Selecting site:21  Active:5  Finished successfully:6
Progress: Sat, 30 Apr 2016 13:41:12+0000  Selecting site:21  Active:5  Finished successfully:6
Progress: Sat, 30 Apr 2016 13:41:42+0000  Selecting site:21  Active:5  Finished successfully:6
Progress: Sat, 30 Apr 2016 13:42:12+0000  Selecting site:21  Active:5  Finished successfully:6
Progress: Sat, 30 Apr 2016 13:42:42+0000  Selecting site:21  Active:5  Finished successfully:6
Progress: Sat, 30 Apr 2016 13:43:12+0000  Selecting site:21  Active:5  Finished successfully:6
Progress: Sat, 30 Apr 2016 13:43:42+0000  Selecting site:21  Active:5  Finished successfully:6
Progress: Sat, 30 Apr 2016 13:44:12+0000  Selecting site:21  Active:5  Finished successfully:6
Progress: Sat, 30 Apr 2016 13:44:42+0000  Selecting site:21  Active:5  Finished successfully:6
Progress: Sat, 30 Apr 2016 13:45:12+0000  Selecting site:21  Active:5  Finished successfully:6
Progress: Sat, 30 Apr 2016 13:45:42+0000  Selecting site:21  Active:5  Finished successfully:6
Progress: Sat, 30 Apr 2016 13:46:12+0000  Selecting site:21  Active:5  Finished successfully:6
Progress: Sat, 30 Apr 2016 13:46:42+0000  Selecting site:21  Active:5  Finished successfully:6
Progress: Sat, 30 Apr 2016 13:47:12+0000  Selecting site:21  Active:5  Finished successfully:6
Progress: Sat, 30 Apr 2016 13:47:42+0000  Selecting site:21  Active:5  Finished successfully:6
Progress: Sat, 30 Apr 2016 13:48:12+0000  Selecting site:21  Active:5  Finished successfully:6
Progress: Sat, 30 Apr 2016 13:48:42+0000  Selecting site:21  Active:5  Finished successfully:6
Progress: Sat, 30 Apr 2016 13:49:12+0000  Selecting site:21  Active:5  Finished successfully:6
Progress: Sat, 30 Apr 2016 13:49:42+0000  Selecting site:21  Active:5  Finished successfully:6
Progress: Sat, 30 Apr 2016 13:50:12+0000  Selecting site:21  Active:5  Finished successfully:6
Progress: Sat, 30 Apr 2016 13:50:42+0000  Selecting site:21  Active:5  Finished successfully:6
Progress: Sat, 30 Apr 2016 13:51:12+0000  Selecting site:21  Active:5  Finished successfully:6
Progress: Sat, 30 Apr 2016 13:51:42+0000  Selecting site:21  Active:5  Finished successfully:6
Progress: Sat, 30 Apr 2016 13:52:12+0000  Selecting site:21  Active:5  Finished successfully:6
Progress: Sat, 30 Apr 2016 13:52:42+0000  Selecting site:21  Active:5  Finished successfully:6
Progress: Sat, 30 Apr 2016 13:53:12+0000  Selecting site:21  Active:5  Finished successfully:6
Progress: Sat, 30 Apr 2016 13:53:42+0000  Selecting site:21  Active:5  Finished successfully:6
Progress: Sat, 30 Apr 2016 13:54:12+0000  Selecting site:21  Active:5  Finished successfully:6
Progress: Sat, 30 Apr 2016 13:54:42+0000  Selecting site:21  Active:5  Finished successfully:6
Progress: Sat, 30 Apr 2016 13:55:12+0000  Selecting site:21  Active:5  Finished successfully:6
Progress: Sat, 30 Apr 2016 13:55:42+0000  Selecting site:21  Active:5  Finished successfully:6
Progress: Sat, 30 Apr 2016 13:56:12+0000  Selecting site:21  Active:5  Finished successfully:6
Progress: Sat, 30 Apr 2016 13:56:42+0000  Selecting site:21  Active:5  Finished successfully:6
Progress: Sat, 30 Apr 2016 13:57:12+0000  Selecting site:21  Active:5  Finished successfully:6
Progress: Sat, 30 Apr 2016 13:57:42+0000  Selecting site:21  Active:5  Finished successfully:6
Progress: Sat, 30 Apr 2016 13:58:12+0000  Selecting site:21  Active:5  Finished successfully:6
Progress: Sat, 30 Apr 2016 13:58:42+0000  Selecting site:21  Active:5  Finished successfully:6
Progress: Sat, 30 Apr 2016 13:59:12+0000  Selecting site:21  Active:5  Finished successfully:6
Progress: Sat, 30 Apr 2016 13:59:20+0000  Selecting site:21  Active:4  Stage out:1  Finished successfully:6
Progress: Sat, 30 Apr 2016 13:59:26+0000  Selecting site:20  Stage in:1  Active:4  Finished successfully:7
Progress: Sat, 30 Apr 2016 13:59:27+0000  Selecting site:20  Active:5  Finished successfully:7
Progress: Sat, 30 Apr 2016 13:59:40+0000  Selecting site:20  Active:4  Stage out:1  Finished successfully:7
Progress: Sat, 30 Apr 2016 13:59:41+0000  Selecting site:20  Active:4  Finished successfully:8
Progress: Sat, 30 Apr 2016 13:59:44+0000  Selecting site:19  Stage in:1  Active:4  Finished successfully:8
Progress: Sat, 30 Apr 2016 13:59:45+0000  Selecting site:19  Active:5  Finished successfully:8
Progress: Sat, 30 Apr 2016 14:00:04+0000  Selecting site:19  Active:4  Stage out:1  Finished successfully:8
Progress: Sat, 30 Apr 2016 14:00:05+0000  Selecting site:18  Active:5  Finished successfully:9
Progress: Sat, 30 Apr 2016 14:00:35+0000  Selecting site:18  Active:5  Finished successfully:9
Progress: Sat, 30 Apr 2016 14:01:05+0000  Selecting site:18  Active:5  Finished successfully:9
Progress: Sat, 30 Apr 2016 14:01:35+0000  Selecting site:18  Active:5  Finished successfully:9
Progress: Sat, 30 Apr 2016 14:02:05+0000  Selecting site:18  Active:5  Finished successfully:9
Progress: Sat, 30 Apr 2016 14:02:35+0000  Selecting site:18  Active:5  Finished successfully:9
Progress: Sat, 30 Apr 2016 14:03:05+0000  Selecting site:18  Active:5  Finished successfully:9
Progress: Sat, 30 Apr 2016 14:03:35+0000  Selecting site:18  Active:5  Finished successfully:9
Progress: Sat, 30 Apr 2016 14:04:05+0000  Selecting site:18  Active:5  Finished successfully:9
Progress: Sat, 30 Apr 2016 14:04:35+0000  Selecting site:18  Active:5  Finished successfully:9
Progress: Sat, 30 Apr 2016 14:05:05+0000  Selecting site:18  Active:5  Finished successfully:9
Progress: Sat, 30 Apr 2016 14:05:15+0000  Selecting site:18  Active:4  Stage out:1  Finished successfully:9
Progress: Sat, 30 Apr 2016 14:05:28+0000  Selecting site:17  Active:5  Finished successfully:10
Progress: Sat, 30 Apr 2016 14:05:42+0000  Selecting site:17  Active:4  Stage out:1  Finished successfully:10
Progress: Sat, 30 Apr 2016 14:05:54+0000  Selecting site:16  Stage in:1  Active:4  Stage out:1  Finished successfully:10
Progress: Sat, 30 Apr 2016 14:05:55+0000  Selecting site:16  Active:5  Finished successfully:11
Progress: Sat, 30 Apr 2016 14:06:17+0000  Selecting site:15  Stage in:1  Active:5  Finished successfully:11
Progress: Sat, 30 Apr 2016 14:06:18+0000  Selecting site:15  Active:6  Finished successfully:11
Progress: Sat, 30 Apr 2016 14:06:48+0000  Selecting site:15  Active:6  Finished successfully:11
Progress: Sat, 30 Apr 2016 14:07:18+0000  Selecting site:15  Active:6  Finished successfully:11
Progress: Sat, 30 Apr 2016 14:07:48+0000  Selecting site:15  Active:6  Finished successfully:11
Progress: Sat, 30 Apr 2016 14:08:18+0000  Selecting site:15  Active:6  Finished successfully:11
Progress: Sat, 30 Apr 2016 14:08:48+0000  Selecting site:15  Active:6  Finished successfully:11
Progress: Sat, 30 Apr 2016 14:09:18+0000  Selecting site:15  Active:6  Finished successfully:11
Progress: Sat, 30 Apr 2016 14:09:48+0000  Selecting site:15  Active:6  Finished successfully:11
Progress: Sat, 30 Apr 2016 14:10:18+0000  Selecting site:15  Active:6  Finished successfully:11
Progress: Sat, 30 Apr 2016 14:10:48+0000  Selecting site:15  Active:6  Finished successfully:11
Progress: Sat, 30 Apr 2016 14:11:18+0000  Selecting site:15  Active:6  Finished successfully:11
Progress: Sat, 30 Apr 2016 14:11:48+0000  Selecting site:15  Active:6  Finished successfully:11
Progress: Sat, 30 Apr 2016 14:12:18+0000  Selecting site:15  Active:6  Finished successfully:11
Progress: Sat, 30 Apr 2016 14:12:48+0000  Selecting site:15  Active:6  Finished successfully:11
Progress: Sat, 30 Apr 2016 14:13:18+0000  Selecting site:15  Active:6  Finished successfully:11
Progress: Sat, 30 Apr 2016 14:13:48+0000  Selecting site:15  Active:6  Finished successfully:11
Progress: Sat, 30 Apr 2016 14:14:18+0000  Selecting site:15  Active:6  Finished successfully:11
Progress: Sat, 30 Apr 2016 14:14:48+0000  Selecting site:15  Active:6  Finished successfully:11
Progress: Sat, 30 Apr 2016 14:15:18+0000  Selecting site:15  Active:6  Finished successfully:11
Progress: Sat, 30 Apr 2016 14:15:48+0000  Selecting site:15  Active:6  Finished successfully:11
Progress: Sat, 30 Apr 2016 14:16:18+0000  Selecting site:15  Active:6  Finished successfully:11
Progress: Sat, 30 Apr 2016 14:16:48+0000  Selecting site:15  Active:6  Finished successfully:11
Progress: Sat, 30 Apr 2016 14:17:18+0000  Selecting site:15  Active:6  Finished successfully:11
Progress: Sat, 30 Apr 2016 14:17:48+0000  Selecting site:15  Active:6  Finished successfully:11
Progress: Sat, 30 Apr 2016 14:18:18+0000  Selecting site:15  Active:6  Finished successfully:11
Progress: Sat, 30 Apr 2016 14:18:48+0000  Selecting site:15  Active:6  Finished successfully:11
Progress: Sat, 30 Apr 2016 14:19:18+0000  Selecting site:15  Active:6  Finished successfully:11
Progress: Sat, 30 Apr 2016 14:19:48+0000  Selecting site:15  Active:6  Finished successfully:11
Progress: Sat, 30 Apr 2016 14:20:18+0000  Selecting site:15  Active:6  Finished successfully:11
Progress: Sat, 30 Apr 2016 14:20:48+0000  Selecting site:15  Active:6  Finished successfully:11
Progress: Sat, 30 Apr 2016 14:21:18+0000  Selecting site:15  Active:6  Finished successfully:11
Progress: Sat, 30 Apr 2016 14:21:48+0000  Selecting site:15  Active:6  Finished successfully:11
Progress: Sat, 30 Apr 2016 14:22:18+0000  Selecting site:15  Active:6  Finished successfully:11
Progress: Sat, 30 Apr 2016 14:22:48+0000  Selecting site:15  Active:6  Finished successfully:11
Progress: Sat, 30 Apr 2016 14:23:18+0000  Selecting site:15  Active:6  Finished successfully:11
Progress: Sat, 30 Apr 2016 14:23:48+0000  Selecting site:15  Active:6  Finished successfully:11
Progress: Sat, 30 Apr 2016 14:24:18+0000  Selecting site:15  Active:6  Finished successfully:11
Progress: Sat, 30 Apr 2016 14:24:48+0000  Selecting site:15  Active:6  Finished successfully:11
Progress: Sat, 30 Apr 2016 14:25:18+0000  Selecting site:15  Active:6  Finished successfully:11
Progress: Sat, 30 Apr 2016 14:25:48+0000  Selecting site:15  Active:6  Finished successfully:11
Progress: Sat, 30 Apr 2016 14:26:18+0000  Selecting site:15  Active:6  Finished successfully:11
Progress: Sat, 30 Apr 2016 14:26:48+0000  Selecting site:15  Active:6  Finished successfully:11
Progress: Sat, 30 Apr 2016 14:27:18+0000  Selecting site:15  Active:6  Finished successfully:11
Progress: Sat, 30 Apr 2016 14:27:48+0000  Selecting site:15  Active:6  Finished successfully:11
Progress: Sat, 30 Apr 2016 14:28:18+0000  Selecting site:15  Active:6  Finished successfully:11
Progress: Sat, 30 Apr 2016 14:28:48+0000  Selecting site:15  Active:6  Finished successfully:11
Progress: Sat, 30 Apr 2016 14:29:18+0000  Selecting site:15  Active:6  Finished successfully:11
Progress: Sat, 30 Apr 2016 14:29:26+0000  Selecting site:15  Active:5  Stage out:1  Finished successfully:11
Progress: Sat, 30 Apr 2016 14:29:27+0000  Selecting site:14  Active:6  Finished successfully:12
Progress: Sat, 30 Apr 2016 14:29:44+0000  Selecting site:14  Active:5  Stage out:1  Finished successfully:12
Progress: Sat, 30 Apr 2016 14:29:45+0000  Selecting site:13  Active:6  Finished successfully:13
Progress: Sat, 30 Apr 2016 14:30:05+0000  Selecting site:13  Active:5  Stage out:1  Finished successfully:13
Progress: Sat, 30 Apr 2016 14:30:06+0000  Selecting site:12  Active:6  Finished successfully:14
Progress: Sat, 30 Apr 2016 14:30:36+0000  Selecting site:12  Active:6  Finished successfully:14
Progress: Sat, 30 Apr 2016 14:31:06+0000  Selecting site:12  Active:6  Finished successfully:14
Progress: Sat, 30 Apr 2016 14:31:36+0000  Selecting site:12  Active:6  Finished successfully:14
Progress: Sat, 30 Apr 2016 14:32:06+0000  Selecting site:12  Active:6  Finished successfully:14
Progress: Sat, 30 Apr 2016 14:32:36+0000  Selecting site:12  Active:6  Finished successfully:14
Progress: Sat, 30 Apr 2016 14:33:06+0000  Selecting site:12  Active:6  Finished successfully:14
Progress: Sat, 30 Apr 2016 14:33:36+0000  Selecting site:12  Active:6  Finished successfully:14
Progress: Sat, 30 Apr 2016 14:34:06+0000  Selecting site:12  Active:6  Finished successfully:14
Progress: Sat, 30 Apr 2016 14:34:36+0000  Selecting site:12  Active:6  Finished successfully:14
Progress: Sat, 30 Apr 2016 14:35:06+0000  Selecting site:12  Active:6  Finished successfully:14
Progress: Sat, 30 Apr 2016 14:35:28+0000  Selecting site:12  Active:5  Stage out:1  Finished successfully:14
Progress: Sat, 30 Apr 2016 14:35:54+0000  Selecting site:12  Active:4  Stage out:2  Finished successfully:14
Progress: Sat, 30 Apr 2016 14:35:55+0000  Selecting site:11  Active:5  Finished successfully:16
Progress: Sat, 30 Apr 2016 14:36:12+0000  Selecting site:10  Stage in:1  Active:5  Finished successfully:16
Progress: Sat, 30 Apr 2016 14:36:13+0000  Selecting site:10  Active:6  Finished successfully:16
Progress: Sat, 30 Apr 2016 14:36:17+0000  Selecting site:10  Active:5  Stage out:1  Finished successfully:16
Progress: Sat, 30 Apr 2016 14:36:34+0000  Selecting site:9  Submitting:1  Active:5  Finished successfully:17
Progress: Sat, 30 Apr 2016 14:36:35+0000  Selecting site:9  Active:6  Finished successfully:17
Progress: Sat, 30 Apr 2016 14:37:05+0000  Selecting site:9  Active:6  Finished successfully:17
Progress: Sat, 30 Apr 2016 14:37:35+0000  Selecting site:9  Active:6  Finished successfully:17
Progress: Sat, 30 Apr 2016 14:38:05+0000  Selecting site:9  Active:6  Finished successfully:17
Progress: Sat, 30 Apr 2016 14:38:35+0000  Selecting site:9  Active:6  Finished successfully:17
Progress: Sat, 30 Apr 2016 14:39:05+0000  Selecting site:9  Active:6  Finished successfully:17
Progress: Sat, 30 Apr 2016 14:39:35+0000  Selecting site:9  Active:6  Finished successfully:17
Progress: Sat, 30 Apr 2016 14:40:05+0000  Selecting site:9  Active:6  Finished successfully:17
Progress: Sat, 30 Apr 2016 14:40:35+0000  Selecting site:9  Active:6  Finished successfully:17
Progress: Sat, 30 Apr 2016 14:41:05+0000  Selecting site:9  Active:6  Finished successfully:17
Progress: Sat, 30 Apr 2016 14:41:35+0000  Selecting site:9  Active:6  Finished successfully:17
Progress: Sat, 30 Apr 2016 14:42:05+0000  Selecting site:9  Active:6  Finished successfully:17
Progress: Sat, 30 Apr 2016 14:42:35+0000  Selecting site:9  Active:6  Finished successfully:17
Progress: Sat, 30 Apr 2016 14:43:05+0000  Selecting site:9  Active:6  Finished successfully:17
Progress: Sat, 30 Apr 2016 14:43:35+0000  Selecting site:9  Active:6  Finished successfully:17
Progress: Sat, 30 Apr 2016 14:44:05+0000  Selecting site:9  Active:6  Finished successfully:17
Progress: Sat, 30 Apr 2016 14:44:35+0000  Selecting site:9  Active:6  Finished successfully:17
Progress: Sat, 30 Apr 2016 14:45:05+0000  Selecting site:9  Active:6  Finished successfully:17
Progress: Sat, 30 Apr 2016 14:45:35+0000  Selecting site:9  Active:6  Finished successfully:17
Progress: Sat, 30 Apr 2016 14:46:05+0000  Selecting site:9  Active:6  Finished successfully:17
Progress: Sat, 30 Apr 2016 14:46:35+0000  Selecting site:9  Active:6  Finished successfully:17
Progress: Sat, 30 Apr 2016 14:47:05+0000  Selecting site:9  Active:6  Finished successfully:17
Progress: Sat, 30 Apr 2016 14:47:35+0000  Selecting site:9  Active:6  Finished successfully:17
Progress: Sat, 30 Apr 2016 14:48:05+0000  Selecting site:9  Active:6  Finished successfully:17
Progress: Sat, 30 Apr 2016 14:48:35+0000  Selecting site:9  Active:6  Finished successfully:17
Progress: Sat, 30 Apr 2016 14:49:05+0000  Selecting site:9  Active:6  Finished successfully:17
Progress: Sat, 30 Apr 2016 14:49:35+0000  Selecting site:9  Active:6  Finished successfully:17
Progress: Sat, 30 Apr 2016 14:50:05+0000  Selecting site:9  Active:6  Finished successfully:17
Progress: Sat, 30 Apr 2016 14:50:35+0000  Selecting site:9  Active:6  Finished successfully:17
Progress: Sat, 30 Apr 2016 14:51:05+0000  Selecting site:9  Active:6  Finished successfully:17
Progress: Sat, 30 Apr 2016 14:51:35+0000  Selecting site:9  Active:6  Finished successfully:17
Progress: Sat, 30 Apr 2016 14:52:05+0000  Selecting site:9  Active:6  Finished successfully:17
Progress: Sat, 30 Apr 2016 14:52:35+0000  Selecting site:9  Active:6  Finished successfully:17
Progress: Sat, 30 Apr 2016 14:53:05+0000  Selecting site:9  Active:6  Finished successfully:17
Progress: Sat, 30 Apr 2016 14:53:35+0000  Selecting site:9  Active:6  Finished successfully:17
Progress: Sat, 30 Apr 2016 14:54:05+0000  Selecting site:9  Active:6  Finished successfully:17
Progress: Sat, 30 Apr 2016 14:54:35+0000  Selecting site:9  Active:6  Finished successfully:17
Progress: Sat, 30 Apr 2016 14:55:05+0000  Selecting site:9  Active:6  Finished successfully:17
Progress: Sat, 30 Apr 2016 14:55:35+0000  Selecting site:9  Active:6  Finished successfully:17
Progress: Sat, 30 Apr 2016 14:56:05+0000  Selecting site:9  Active:6  Finished successfully:17
Progress: Sat, 30 Apr 2016 14:56:35+0000  Selecting site:9  Active:6  Finished successfully:17
Progress: Sat, 30 Apr 2016 14:57:05+0000  Selecting site:9  Active:6  Finished successfully:17
Progress: Sat, 30 Apr 2016 14:57:35+0000  Selecting site:9  Active:6  Finished successfully:17
Progress: Sat, 30 Apr 2016 14:58:05+0000  Selecting site:9  Active:6  Finished successfully:17
Progress: Sat, 30 Apr 2016 14:58:35+0000  Selecting site:9  Active:6  Finished successfully:17
Progress: Sat, 30 Apr 2016 14:59:05+0000  Selecting site:9  Active:6  Finished successfully:17
Progress: Sat, 30 Apr 2016 14:59:27+0000  Selecting site:9  Active:5  Stage out:1  Finished successfully:17
Progress: Sat, 30 Apr 2016 14:59:40+0000  Selecting site:8  Stage in:1  Active:5  Finished successfully:18
Progress: Sat, 30 Apr 2016 14:59:41+0000  Selecting site:8  Active:6  Finished successfully:18
Progress: Sat, 30 Apr 2016 14:59:45+0000  Selecting site:8  Active:5  Stage out:1  Finished successfully:18
Progress: Sat, 30 Apr 2016 15:00:06+0000  Selecting site:7  Stage in:1  Active:4  Finished successfully:20
Progress: Sat, 30 Apr 2016 15:00:07+0000  Selecting site:7  Active:5  Finished successfully:20
Progress: Sat, 30 Apr 2016 15:00:13+0000  Selecting site:6  Submitting:1  Active:5  Finished successfully:20
Progress: Sat, 30 Apr 2016 15:00:14+0000  Selecting site:6  Active:6  Finished successfully:20
Progress: Sat, 30 Apr 2016 15:00:44+0000  Selecting site:6  Active:6  Finished successfully:20
Progress: Sat, 30 Apr 2016 15:01:14+0000  Selecting site:6  Active:6  Finished successfully:20
Progress: Sat, 30 Apr 2016 15:01:44+0000  Selecting site:6  Active:6  Finished successfully:20
Progress: Sat, 30 Apr 2016 15:02:14+0000  Selecting site:6  Active:6  Finished successfully:20
Progress: Sat, 30 Apr 2016 15:02:44+0000  Selecting site:6  Active:6  Finished successfully:20
Progress: Sat, 30 Apr 2016 15:03:14+0000  Selecting site:6  Active:6  Finished successfully:20
Progress: Sat, 30 Apr 2016 15:03:45+0000  Selecting site:6  Active:6  Finished successfully:20
Progress: Sat, 30 Apr 2016 15:04:15+0000  Selecting site:6  Active:6  Finished successfully:20
Progress: Sat, 30 Apr 2016 15:04:45+0000  Selecting site:6  Active:6  Finished successfully:20
Progress: Sat, 30 Apr 2016 15:05:15+0000  Selecting site:6  Active:6  Finished successfully:20
Progress: Sat, 30 Apr 2016 15:05:45+0000  Selecting site:6  Active:6  Finished successfully:20
Progress: Sat, 30 Apr 2016 15:05:56+0000  Selecting site:6  Active:5  Stage out:1  Finished successfully:20
Progress: Sat, 30 Apr 2016 15:05:58+0000  Selecting site:5  Submitting:1  Active:5  Finished successfully:21
Progress: Sat, 30 Apr 2016 15:05:59+0000  Selecting site:5  Active:6  Finished successfully:21
Progress: Sat, 30 Apr 2016 15:06:13+0000  Selecting site:5  Active:5  Stage out:1  Finished successfully:21
Progress: Sat, 30 Apr 2016 15:06:33+0000  Selecting site:4  Stage in:1  Active:5  Finished successfully:22
Progress: Sat, 30 Apr 2016 15:06:34+0000  Selecting site:4  Active:6  Finished successfully:22
Progress: Sat, 30 Apr 2016 15:06:36+0000  Selecting site:4  Active:5  Finished successfully:23
Progress: Sat, 30 Apr 2016 15:06:43+0000  Selecting site:3  Stage in:1  Active:5  Finished successfully:23
Progress: Sat, 30 Apr 2016 15:06:44+0000  Selecting site:3  Active:6  Finished successfully:23
Progress: Sat, 30 Apr 2016 15:07:14+0000  Selecting site:3  Active:6  Finished successfully:23
Progress: Sat, 30 Apr 2016 15:07:44+0000  Selecting site:3  Active:6  Finished successfully:23
Progress: Sat, 30 Apr 2016 15:08:14+0000  Selecting site:3  Active:6  Finished successfully:23
Progress: Sat, 30 Apr 2016 15:08:44+0000  Selecting site:3  Active:6  Finished successfully:23
Progress: Sat, 30 Apr 2016 15:09:14+0000  Selecting site:3  Active:6  Finished successfully:23
Progress: Sat, 30 Apr 2016 15:09:44+0000  Selecting site:3  Active:6  Finished successfully:23
Progress: Sat, 30 Apr 2016 15:10:14+0000  Selecting site:3  Active:6  Finished successfully:23
Progress: Sat, 30 Apr 2016 15:10:44+0000  Selecting site:3  Active:6  Finished successfully:23
Progress: Sat, 30 Apr 2016 15:11:14+0000  Selecting site:3  Active:6  Finished successfully:23
Progress: Sat, 30 Apr 2016 15:11:44+0000  Selecting site:3  Active:6  Finished successfully:23
Progress: Sat, 30 Apr 2016 15:12:14+0000  Selecting site:3  Active:6  Finished successfully:23
Progress: Sat, 30 Apr 2016 15:12:44+0000  Selecting site:3  Active:6  Finished successfully:23
Progress: Sat, 30 Apr 2016 15:13:14+0000  Selecting site:3  Active:6  Finished successfully:23
Progress: Sat, 30 Apr 2016 15:13:44+0000  Selecting site:3  Active:6  Finished successfully:23
Progress: Sat, 30 Apr 2016 15:14:14+0000  Selecting site:3  Active:6  Finished successfully:23
Progress: Sat, 30 Apr 2016 15:14:44+0000  Selecting site:3  Active:6  Finished successfully:23
Progress: Sat, 30 Apr 2016 15:15:14+0000  Selecting site:3  Active:6  Finished successfully:23
Progress: Sat, 30 Apr 2016 15:15:44+0000  Selecting site:3  Active:6  Finished successfully:23
Progress: Sat, 30 Apr 2016 15:16:14+0000  Selecting site:3  Active:6  Finished successfully:23
Progress: Sat, 30 Apr 2016 15:16:44+0000  Selecting site:3  Active:6  Finished successfully:23
Progress: Sat, 30 Apr 2016 15:17:14+0000  Selecting site:3  Active:6  Finished successfully:23
Progress: Sat, 30 Apr 2016 15:17:44+0000  Selecting site:3  Active:6  Finished successfully:23
Progress: Sat, 30 Apr 2016 15:18:14+0000  Selecting site:3  Active:6  Finished successfully:23
Progress: Sat, 30 Apr 2016 15:18:44+0000  Selecting site:3  Active:6  Finished successfully:23
Progress: Sat, 30 Apr 2016 15:19:14+0000  Selecting site:3  Active:6  Finished successfully:23
Progress: Sat, 30 Apr 2016 15:19:44+0000  Selecting site:3  Active:6  Finished successfully:23
Progress: Sat, 30 Apr 2016 15:20:14+0000  Selecting site:3  Active:6  Finished successfully:23
Progress: Sat, 30 Apr 2016 15:20:44+0000  Selecting site:3  Active:6  Finished successfully:23
Progress: Sat, 30 Apr 2016 15:21:14+0000  Selecting site:3  Active:6  Finished successfully:23
Progress: Sat, 30 Apr 2016 15:21:44+0000  Selecting site:3  Active:6  Finished successfully:23
Progress: Sat, 30 Apr 2016 15:22:14+0000  Selecting site:3  Active:6  Finished successfully:23
Progress: Sat, 30 Apr 2016 15:22:44+0000  Selecting site:3  Active:6  Finished successfully:23
Progress: Sat, 30 Apr 2016 15:23:14+0000  Selecting site:3  Active:6  Finished successfully:23
Progress: Sat, 30 Apr 2016 15:23:44+0000  Selecting site:3  Active:6  Finished successfully:23
Progress: Sat, 30 Apr 2016 15:24:14+0000  Selecting site:3  Active:6  Finished successfully:23
Progress: Sat, 30 Apr 2016 15:24:44+0000  Selecting site:3  Active:6  Finished successfully:23
Progress: Sat, 30 Apr 2016 15:25:14+0000  Selecting site:3  Active:6  Finished successfully:23
Progress: Sat, 30 Apr 2016 15:25:44+0000  Selecting site:3  Active:6  Finished successfully:23
Progress: Sat, 30 Apr 2016 15:26:14+0000  Selecting site:3  Active:6  Finished successfully:23
Progress: Sat, 30 Apr 2016 15:26:44+0000  Selecting site:3  Active:6  Finished successfully:23
Progress: Sat, 30 Apr 2016 15:27:14+0000  Selecting site:3  Active:6  Finished successfully:23
Progress: Sat, 30 Apr 2016 15:27:44+0000  Selecting site:3  Active:6  Finished successfully:23
Progress: Sat, 30 Apr 2016 15:28:14+0000  Selecting site:3  Active:6  Finished successfully:23
Progress: Sat, 30 Apr 2016 15:28:44+0000  Selecting site:3  Active:6  Finished successfully:23
Progress: Sat, 30 Apr 2016 15:29:14+0000  Selecting site:3  Active:6  Finished successfully:23
Progress: Sat, 30 Apr 2016 15:29:41+0000  Selecting site:3  Active:5  Stage out:1  Finished successfully:23
Progress: Sat, 30 Apr 2016 15:29:48+0000  Selecting site:2  Active:6  Finished successfully:24
Progress: Sat, 30 Apr 2016 15:30:07+0000  Selecting site:2  Active:5  Stage out:1  Finished successfully:24
Progress: Sat, 30 Apr 2016 15:30:15+0000  Selecting site:1  Active:5  Finished successfully:26
Progress: Sat, 30 Apr 2016 15:30:20+0000  Active:6  Finished successfully:26
Progress: Sat, 30 Apr 2016 15:30:50+0000  Active:6  Finished successfully:26
Progress: Sat, 30 Apr 2016 15:31:20+0000  Active:6  Finished successfully:26
Progress: Sat, 30 Apr 2016 15:31:50+0000  Active:6  Finished successfully:26
Progress: Sat, 30 Apr 2016 15:32:20+0000  Active:6  Finished successfully:26
Progress: Sat, 30 Apr 2016 15:32:50+0000  Active:6  Finished successfully:26
Progress: Sat, 30 Apr 2016 15:33:20+0000  Active:6  Finished successfully:26
Progress: Sat, 30 Apr 2016 15:33:50+0000  Active:6  Finished successfully:26
Progress: Sat, 30 Apr 2016 15:34:20+0000  Active:6  Finished successfully:26
Progress: Sat, 30 Apr 2016 15:34:50+0000  Active:6  Finished successfully:26
Progress: Sat, 30 Apr 2016 15:35:20+0000  Active:6  Finished successfully:26
Progress: Sat, 30 Apr 2016 15:35:50+0000  Active:6  Finished successfully:26
Progress: Sat, 30 Apr 2016 15:35:59+0000  Active:5  Stage out:1  Finished successfully:26
Progress: Sat, 30 Apr 2016 15:36:29+0000  Active:5  Stage out:1  Finished successfully:26
Progress: Sat, 30 Apr 2016 15:36:31+0000  Active:5  Finished successfully:27
Progress: Sat, 30 Apr 2016 15:36:33+0000  Active:4  Stage out:1  Finished successfully:27
Progress: Sat, 30 Apr 2016 15:36:44+0000  Active:3  Finished successfully:29
Progress: Sat, 30 Apr 2016 15:37:14+0000  Active:3  Finished successfully:29
Progress: Sat, 30 Apr 2016 15:37:44+0000  Active:3  Finished successfully:29
Progress: Sat, 30 Apr 2016 15:38:14+0000  Active:3  Finished successfully:29
Progress: Sat, 30 Apr 2016 15:38:44+0000  Active:3  Finished successfully:29
Progress: Sat, 30 Apr 2016 15:39:14+0000  Active:3  Finished successfully:29
Progress: Sat, 30 Apr 2016 15:39:44+0000  Active:3  Finished successfully:29
Progress: Sat, 30 Apr 2016 15:40:14+0000  Active:3  Finished successfully:29
Progress: Sat, 30 Apr 2016 15:40:44+0000  Active:3  Finished successfully:29
Progress: Sat, 30 Apr 2016 15:41:14+0000  Active:3  Finished successfully:29
Progress: Sat, 30 Apr 2016 15:41:44+0000  Active:3  Finished successfully:29
Progress: Sat, 30 Apr 2016 15:42:14+0000  Active:3  Finished successfully:29
Progress: Sat, 30 Apr 2016 15:42:44+0000  Active:3  Finished successfully:29
Progress: Sat, 30 Apr 2016 15:43:14+0000  Active:3  Finished successfully:29
Progress: Sat, 30 Apr 2016 15:43:44+0000  Active:3  Finished successfully:29
Progress: Sat, 30 Apr 2016 15:44:14+0000  Active:3  Finished successfully:29
Progress: Sat, 30 Apr 2016 15:44:44+0000  Active:3  Finished successfully:29
Progress: Sat, 30 Apr 2016 15:45:14+0000  Active:3  Finished successfully:29
Progress: Sat, 30 Apr 2016 15:45:44+0000  Active:3  Finished successfully:29
Progress: Sat, 30 Apr 2016 15:46:14+0000  Active:3  Finished successfully:29
Progress: Sat, 30 Apr 2016 15:46:44+0000  Active:3  Finished successfully:29
Progress: Sat, 30 Apr 2016 15:47:14+0000  Active:3  Finished successfully:29
Progress: Sat, 30 Apr 2016 15:47:44+0000  Active:3  Finished successfully:29
Progress: Sat, 30 Apr 2016 15:48:14+0000  Active:3  Finished successfully:29
Progress: Sat, 30 Apr 2016 15:48:44+0000  Active:3  Finished successfully:29
Progress: Sat, 30 Apr 2016 15:49:14+0000  Active:3  Finished successfully:29
Progress: Sat, 30 Apr 2016 15:49:44+0000  Active:3  Finished successfully:29
Progress: Sat, 30 Apr 2016 15:50:14+0000  Active:3  Finished successfully:29
Progress: Sat, 30 Apr 2016 15:50:44+0000  Active:3  Finished successfully:29
Progress: Sat, 30 Apr 2016 15:51:14+0000  Active:3  Finished successfully:29
Progress: Sat, 30 Apr 2016 15:51:44+0000  Active:3  Finished successfully:29
Progress: Sat, 30 Apr 2016 15:52:14+0000  Active:3  Finished successfully:29
Progress: Sat, 30 Apr 2016 15:52:44+0000  Active:3  Finished successfully:29
Progress: Sat, 30 Apr 2016 15:53:14+0000  Active:3  Finished successfully:29
Progress: Sat, 30 Apr 2016 15:53:44+0000  Active:3  Finished successfully:29
Progress: Sat, 30 Apr 2016 15:54:14+0000  Active:3  Finished successfully:29
Progress: Sat, 30 Apr 2016 15:54:44+0000  Active:3  Finished successfully:29
Progress: Sat, 30 Apr 2016 15:55:14+0000  Active:3  Finished successfully:29
Progress: Sat, 30 Apr 2016 15:55:44+0000  Active:3  Finished successfully:29
Progress: Sat, 30 Apr 2016 15:56:14+0000  Active:3  Finished successfully:29
Progress: Sat, 30 Apr 2016 15:56:44+0000  Active:3  Finished successfully:29
Progress: Sat, 30 Apr 2016 15:57:14+0000  Active:3  Finished successfully:29
Progress: Sat, 30 Apr 2016 15:57:44+0000  Active:3  Finished successfully:29
Progress: Sat, 30 Apr 2016 15:58:14+0000  Active:3  Finished successfully:29
Progress: Sat, 30 Apr 2016 15:58:44+0000  Active:3  Finished successfully:29
Progress: Sat, 30 Apr 2016 15:59:14+0000  Active:3  Finished successfully:29
Progress: Sat, 30 Apr 2016 15:59:44+0000  Active:3  Finished successfully:29
Progress: Sat, 30 Apr 2016 15:59:48+0000  Active:2  Stage out:1  Finished successfully:29
Progress: Sat, 30 Apr 2016 15:59:55+0000  Active:2  Finished successfully:30
Progress: Sat, 30 Apr 2016 16:00:15+0000  Active:1  Stage out:1  Finished successfully:30
Progress: Sat, 30 Apr 2016 16:00:20+0000  Stage out:1  Finished successfully:31
Final status: Sat, 30 Apr 2016 16:00:20+0000  Finished successfully:32
Error shutting down service: Channel error
Swift did not shut down 10 seconds after the run completed


Waiting JVM threads:
	Thread "NBS11" (0x00000047) WAITING
		waiting for java.util.concurrent.locks.AbstractQueuedSynchronizer$ConditionObject (0x6d1464e9)
	Stack trace:
		sun.misc.Unsafe.park
		java.util.concurrent.locks.LockSupport.park:186
		java.util.concurrent.locks.AbstractQueuedSynchronizer$ConditionObject.await:2043
		java.util.concurrent.LinkedBlockingQueue.take:442
		java.util.concurrent.ThreadPoolExecutor.getTask:1068
		java.util.concurrent.ThreadPoolExecutor.runWorker:1130
		java.util.concurrent.ThreadPoolExecutor$Worker.run:615
		java.lang.Thread.run:745

	Thread "NBS10" (0x00000046) WAITING
		waiting for java.util.concurrent.locks.AbstractQueuedSynchronizer$ConditionObject (0x6d1464e9)
	Stack trace:
		sun.misc.Unsafe.park
		java.util.concurrent.locks.LockSupport.park:186
		java.util.concurrent.locks.AbstractQueuedSynchronizer$ConditionObject.await:2043
		java.util.concurrent.LinkedBlockingQueue.take:442
		java.util.concurrent.ThreadPoolExecutor.getTask:1068
		java.util.concurrent.ThreadPoolExecutor.runWorker:1130
		java.util.concurrent.ThreadPoolExecutor$Worker.run:615
		java.lang.Thread.run:745

	Thread "NBS9" (0x00000045) WAITING
		waiting for java.util.concurrent.locks.AbstractQueuedSynchronizer$ConditionObject (0x6d1464e9)
	Stack trace:
		sun.misc.Unsafe.park
		java.util.concurrent.locks.LockSupport.park:186
		java.util.concurrent.locks.AbstractQueuedSynchronizer$ConditionObject.await:2043
		java.util.concurrent.LinkedBlockingQueue.take:442
		java.util.concurrent.ThreadPoolExecutor.getTask:1068
		java.util.concurrent.ThreadPoolExecutor.runWorker:1130
		java.util.concurrent.ThreadPoolExecutor$Worker.run:615
		java.lang.Thread.run:745

	Thread "NBS8" (0x00000044) WAITING
		waiting for java.util.concurrent.locks.AbstractQueuedSynchronizer$ConditionObject (0x6d1464e9)
	Stack trace:
		sun.misc.Unsafe.park
		java.util.concurrent.locks.LockSupport.park:186
		java.util.concurrent.locks.AbstractQueuedSynchronizer$ConditionObject.await:2043
		java.util.concurrent.LinkedBlockingQueue.take:442
		java.util.concurrent.ThreadPoolExecutor.getTask:1068
		java.util.concurrent.ThreadPoolExecutor.runWorker:1130
		java.util.concurrent.ThreadPoolExecutor$Worker.run:615
		java.lang.Thread.run:745

	Thread "NBS7" (0x00000043) WAITING
		waiting for java.util.concurrent.locks.AbstractQueuedSynchronizer$ConditionObject (0x6d1464e9)
	Stack trace:
		sun.misc.Unsafe.park
		java.util.concurrent.locks.LockSupport.park:186
		java.util.concurrent.locks.AbstractQueuedSynchronizer$ConditionObject.await:2043
		java.util.concurrent.LinkedBlockingQueue.take:442
		java.util.concurrent.ThreadPoolExecutor.getTask:1068
		java.util.concurrent.ThreadPoolExecutor.runWorker:1130
		java.util.concurrent.ThreadPoolExecutor$Worker.run:615
		java.lang.Thread.run:745

	Thread "I/O Queue" (0x00000042) TIMED_WAITING
		waiting for org.globus.cog.abstraction.impl.file.coaster.buffers.Buffers (0x623fb0ee)
	Stack trace:
		java.lang.Object.wait
		org.globus.cog.abstraction.impl.file.coaster.buffers.Buffers.run:215

	Thread "I/O Queue" (0x00000041) TIMED_WAITING
		waiting for org.globus.cog.abstraction.impl.file.coaster.buffers.Buffers (0x2be4d228)
	Stack trace:
		java.lang.Object.wait
		org.globus.cog.abstraction.impl.file.coaster.buffers.Buffers.run:215

	Thread "NBS6" (0x0000003f) WAITING
		waiting for java.util.concurrent.locks.AbstractQueuedSynchronizer$ConditionObject (0x6d1464e9)
	Stack trace:
		sun.misc.Unsafe.park
		java.util.concurrent.locks.LockSupport.park:186
		java.util.concurrent.locks.AbstractQueuedSynchronizer$ConditionObject.await:2043
		java.util.concurrent.LinkedBlockingQueue.take:442
		java.util.concurrent.ThreadPoolExecutor.getTask:1068
		java.util.concurrent.ThreadPoolExecutor.runWorker:1130
		java.util.concurrent.ThreadPoolExecutor$Worker.run:615
		java.lang.Thread.run:745

	Thread "NBS5" (0x0000003e) WAITING
		waiting for java.util.concurrent.locks.AbstractQueuedSynchronizer$ConditionObject (0x6d1464e9)
	Stack trace:
		sun.misc.Unsafe.park
		java.util.concurrent.locks.LockSupport.park:186
		java.util.concurrent.locks.AbstractQueuedSynchronizer$ConditionObject.await:2043
		java.util.concurrent.LinkedBlockingQueue.take:442
		java.util.concurrent.ThreadPoolExecutor.getTask:1068
		java.util.concurrent.ThreadPoolExecutor.runWorker:1130
		java.util.concurrent.ThreadPoolExecutor$Worker.run:615
		java.lang.Thread.run:745

	Thread "Sender GSSChannel" (0x0000003c) WAITING
		waiting for java.util.concurrent.locks.AbstractQueuedSynchronizer$ConditionObject (0x55ed34f1)
	Stack trace:
		sun.misc.Unsafe.park
		java.util.concurrent.locks.LockSupport.park:186
		java.util.concurrent.locks.AbstractQueuedSynchronizer$ConditionObject.await:2043
		java.util.concurrent.LinkedBlockingQueue.take:442
		org.globus.cog.coaster.channels.Sender.run:75

	Thread "Timer-1" (0x0000003b) TIMED_WAITING
		waiting for java.util.TaskQueue (0x482ee649)
	Stack trace:
		java.lang.Object.wait
		java.util.TimerThread.mainLoop:552
		java.util.TimerThread.run:505

	Thread "Channel multiplexer 1" (0x0000003a) TIMED_WAITING
	Stack trace:
		java.lang.Thread.sleep
		org.globus.cog.coaster.channels.Multiplexer.run:132

	Thread "Channel multiplexer 0" (0x00000039) TIMED_WAITING
	Stack trace:
		java.lang.Thread.sleep
		org.globus.cog.coaster.channels.Multiplexer.run:132

	Thread "NBS4" (0x0000002d) WAITING
		waiting for java.util.concurrent.locks.AbstractQueuedSynchronizer$ConditionObject (0x6d1464e9)
	Stack trace:
		sun.misc.Unsafe.park
		java.util.concurrent.locks.LockSupport.park:186
		java.util.concurrent.locks.AbstractQueuedSynchronizer$ConditionObject.await:2043
		java.util.concurrent.LinkedBlockingQueue.take:442
		java.util.concurrent.ThreadPoolExecutor.getTask:1068
		java.util.concurrent.ThreadPoolExecutor.runWorker:1130
		java.util.concurrent.ThreadPoolExecutor$Worker.run:615
		java.lang.Thread.run:745

	Thread "NBS3" (0x0000002c) WAITING
		waiting for java.util.concurrent.locks.AbstractQueuedSynchronizer$ConditionObject (0x6d1464e9)
	Stack trace:
		sun.misc.Unsafe.park
		java.util.concurrent.locks.LockSupport.park:186
		java.util.concurrent.locks.AbstractQueuedSynchronizer$ConditionObject.await:2043
		java.util.concurrent.LinkedBlockingQueue.take:442
		java.util.concurrent.ThreadPoolExecutor.getTask:1068
		java.util.concurrent.ThreadPoolExecutor.runWorker:1130
		java.util.concurrent.ThreadPoolExecutor$Worker.run:615
		java.lang.Thread.run:745

	Thread "pool-1-thread-24" (0x0000002b) WAITING
		waiting for java.util.concurrent.locks.AbstractQueuedSynchronizer$ConditionObject (0x4cdd13d9)
	Stack trace:
		sun.misc.Unsafe.park
		java.util.concurrent.locks.LockSupport.park:186
		java.util.concurrent.locks.AbstractQueuedSynchronizer$ConditionObject.await:2043
		java.util.concurrent.LinkedBlockingQueue.take:442
		java.util.concurrent.ThreadPoolExecutor.getTask:1068
		java.util.concurrent.ThreadPoolExecutor.runWorker:1130
		java.util.concurrent.ThreadPoolExecutor$Worker.run:615
		java.lang.Thread.run:745

	Thread "pool-1-thread-23" (0x0000002a) WAITING
		waiting for java.util.concurrent.locks.AbstractQueuedSynchronizer$ConditionObject (0x4cdd13d9)
	Stack trace:
		sun.misc.Unsafe.park
		java.util.concurrent.locks.LockSupport.park:186
		java.util.concurrent.locks.AbstractQueuedSynchronizer$ConditionObject.await:2043
		java.util.concurrent.LinkedBlockingQueue.take:442
		java.util.concurrent.ThreadPoolExecutor.getTask:1068
		java.util.concurrent.ThreadPoolExecutor.runWorker:1130
		java.util.concurrent.ThreadPoolExecutor$Worker.run:615
		java.lang.Thread.run:745

	Thread "pool-1-thread-22" (0x00000029) WAITING
		waiting for java.util.concurrent.locks.AbstractQueuedSynchronizer$ConditionObject (0x4cdd13d9)
	Stack trace:
		sun.misc.Unsafe.park
		java.util.concurrent.locks.LockSupport.park:186
		java.util.concurrent.locks.AbstractQueuedSynchronizer$ConditionObject.await:2043
		java.util.concurrent.LinkedBlockingQueue.take:442
		java.util.concurrent.ThreadPoolExecutor.getTask:1068
		java.util.concurrent.ThreadPoolExecutor.runWorker:1130
		java.util.concurrent.ThreadPoolExecutor$Worker.run:615
		java.lang.Thread.run:745

	Thread "pool-1-thread-21" (0x00000028) WAITING
		waiting for java.util.concurrent.locks.AbstractQueuedSynchronizer$ConditionObject (0x4cdd13d9)
	Stack trace:
		sun.misc.Unsafe.park
		java.util.concurrent.locks.LockSupport.park:186
		java.util.concurrent.locks.AbstractQueuedSynchronizer$ConditionObject.await:2043
		java.util.concurrent.LinkedBlockingQueue.take:442
		java.util.concurrent.ThreadPoolExecutor.getTask:1068
		java.util.concurrent.ThreadPoolExecutor.runWorker:1130
		java.util.concurrent.ThreadPoolExecutor$Worker.run:615
		java.lang.Thread.run:745

	Thread "pool-1-thread-20" (0x00000027) WAITING
		waiting for java.util.concurrent.locks.AbstractQueuedSynchronizer$ConditionObject (0x4cdd13d9)
	Stack trace:
		sun.misc.Unsafe.park
		java.util.concurrent.locks.LockSupport.park:186
		java.util.concurrent.locks.AbstractQueuedSynchronizer$ConditionObject.await:2043
		java.util.concurrent.LinkedBlockingQueue.take:442
		java.util.concurrent.ThreadPoolExecutor.getTask:1068
		java.util.concurrent.ThreadPoolExecutor.runWorker:1130
		java.util.concurrent.ThreadPoolExecutor$Worker.run:615
		java.lang.Thread.run:745

	Thread "pool-1-thread-19" (0x00000026) WAITING
		waiting for java.util.concurrent.locks.AbstractQueuedSynchronizer$ConditionObject (0x4cdd13d9)
	Stack trace:
		sun.misc.Unsafe.park
		java.util.concurrent.locks.LockSupport.park:186
		java.util.concurrent.locks.AbstractQueuedSynchronizer$ConditionObject.await:2043
		java.util.concurrent.LinkedBlockingQueue.take:442
		java.util.concurrent.ThreadPoolExecutor.getTask:1068
		java.util.concurrent.ThreadPoolExecutor.runWorker:1130
		java.util.concurrent.ThreadPoolExecutor$Worker.run:615
		java.lang.Thread.run:745

	Thread "pool-1-thread-18" (0x00000025) WAITING
		waiting for java.util.concurrent.locks.AbstractQueuedSynchronizer$ConditionObject (0x4cdd13d9)
	Stack trace:
		sun.misc.Unsafe.park
		java.util.concurrent.locks.LockSupport.park:186
		java.util.concurrent.locks.AbstractQueuedSynchronizer$ConditionObject.await:2043
		java.util.concurrent.LinkedBlockingQueue.take:442
		java.util.concurrent.ThreadPoolExecutor.getTask:1068
		java.util.concurrent.ThreadPoolExecutor.runWorker:1130
		java.util.concurrent.ThreadPoolExecutor$Worker.run:615
		java.lang.Thread.run:745

	Thread "pool-1-thread-17" (0x00000024) WAITING
		waiting for java.util.concurrent.locks.AbstractQueuedSynchronizer$ConditionObject (0x4cdd13d9)
	Stack trace:
		sun.misc.Unsafe.park
		java.util.concurrent.locks.LockSupport.park:186
		java.util.concurrent.locks.AbstractQueuedSynchronizer$ConditionObject.await:2043
		java.util.concurrent.LinkedBlockingQueue.take:442
		java.util.concurrent.ThreadPoolExecutor.getTask:1068
		java.util.concurrent.ThreadPoolExecutor.runWorker:1130
		java.util.concurrent.ThreadPoolExecutor$Worker.run:615
		java.lang.Thread.run:745

	Thread "pool-1-thread-16" (0x00000023) WAITING
		waiting for java.util.concurrent.locks.AbstractQueuedSynchronizer$ConditionObject (0x4cdd13d9)
	Stack trace:
		sun.misc.Unsafe.park
		java.util.concurrent.locks.LockSupport.park:186
		java.util.concurrent.locks.AbstractQueuedSynchronizer$ConditionObject.await:2043
		java.util.concurrent.LinkedBlockingQueue.take:442
		java.util.concurrent.ThreadPoolExecutor.getTask:1068
		java.util.concurrent.ThreadPoolExecutor.runWorker:1130
		java.util.concurrent.ThreadPoolExecutor$Worker.run:615
		java.lang.Thread.run:745

	Thread "pool-1-thread-15" (0x00000022) WAITING
		waiting for java.util.concurrent.locks.AbstractQueuedSynchronizer$ConditionObject (0x4cdd13d9)
	Stack trace:
		sun.misc.Unsafe.park
		java.util.concurrent.locks.LockSupport.park:186
		java.util.concurrent.locks.AbstractQueuedSynchronizer$ConditionObject.await:2043
		java.util.concurrent.LinkedBlockingQueue.take:442
		java.util.concurrent.ThreadPoolExecutor.getTask:1068
		java.util.concurrent.ThreadPoolExecutor.runWorker:1130
		java.util.concurrent.ThreadPoolExecutor$Worker.run:615
		java.lang.Thread.run:745

	Thread "pool-1-thread-14" (0x00000021) WAITING
		waiting for java.util.concurrent.locks.AbstractQueuedSynchronizer$ConditionObject (0x4cdd13d9)
	Stack trace:
		sun.misc.Unsafe.park
		java.util.concurrent.locks.LockSupport.park:186
		java.util.concurrent.locks.AbstractQueuedSynchronizer$ConditionObject.await:2043
		java.util.concurrent.LinkedBlockingQueue.take:442
		java.util.concurrent.ThreadPoolExecutor.getTask:1068
		java.util.concurrent.ThreadPoolExecutor.runWorker:1130
		java.util.concurrent.ThreadPoolExecutor$Worker.run:615
		java.lang.Thread.run:745

	Thread "pool-1-thread-13" (0x00000020) WAITING
		waiting for java.util.concurrent.locks.AbstractQueuedSynchronizer$ConditionObject (0x4cdd13d9)
	Stack trace:
		sun.misc.Unsafe.park
		java.util.concurrent.locks.LockSupport.park:186
		java.util.concurrent.locks.AbstractQueuedSynchronizer$ConditionObject.await:2043
		java.util.concurrent.LinkedBlockingQueue.take:442
		java.util.concurrent.ThreadPoolExecutor.getTask:1068
		java.util.concurrent.ThreadPoolExecutor.runWorker:1130
		java.util.concurrent.ThreadPoolExecutor$Worker.run:615
		java.lang.Thread.run:745

	Thread "pool-1-thread-12" (0x0000001f) WAITING
		waiting for java.util.concurrent.locks.AbstractQueuedSynchronizer$ConditionObject (0x4cdd13d9)
	Stack trace:
		sun.misc.Unsafe.park
		java.util.concurrent.locks.LockSupport.park:186
		java.util.concurrent.locks.AbstractQueuedSynchronizer$ConditionObject.await:2043
		java.util.concurrent.LinkedBlockingQueue.take:442
		java.util.concurrent.ThreadPoolExecutor.getTask:1068
		java.util.concurrent.ThreadPoolExecutor.runWorker:1130
		java.util.concurrent.ThreadPoolExecutor$Worker.run:615
		java.lang.Thread.run:745

	Thread "pool-1-thread-11" (0x0000001e) WAITING
		waiting for java.util.concurrent.locks.AbstractQueuedSynchronizer$ConditionObject (0x4cdd13d9)
	Stack trace:
		sun.misc.Unsafe.park
		java.util.concurrent.locks.LockSupport.park:186
		java.util.concurrent.locks.AbstractQueuedSynchronizer$ConditionObject.await:2043
		java.util.concurrent.LinkedBlockingQueue.take:442
		java.util.concurrent.ThreadPoolExecutor.getTask:1068
		java.util.concurrent.ThreadPoolExecutor.runWorker:1130
		java.util.concurrent.ThreadPoolExecutor$Worker.run:615
		java.lang.Thread.run:745

	Thread "pool-1-thread-10" (0x0000001d) WAITING
		waiting for java.util.concurrent.locks.AbstractQueuedSynchronizer$ConditionObject (0x4cdd13d9)
	Stack trace:
		sun.misc.Unsafe.park
		java.util.concurrent.locks.LockSupport.park:186
		java.util.concurrent.locks.AbstractQueuedSynchronizer$ConditionObject.await:2043
		java.util.concurrent.LinkedBlockingQueue.take:442
		java.util.concurrent.ThreadPoolExecutor.getTask:1068
		java.util.concurrent.ThreadPoolExecutor.runWorker:1130
		java.util.concurrent.ThreadPoolExecutor$Worker.run:615
		java.lang.Thread.run:745

	Thread "pool-1-thread-9" (0x0000001c) WAITING
		waiting for java.util.concurrent.locks.AbstractQueuedSynchronizer$ConditionObject (0x4cdd13d9)
	Stack trace:
		sun.misc.Unsafe.park
		java.util.concurrent.locks.LockSupport.park:186
		java.util.concurrent.locks.AbstractQueuedSynchronizer$ConditionObject.await:2043
		java.util.concurrent.LinkedBlockingQueue.take:442
		java.util.concurrent.ThreadPoolExecutor.getTask:1068
		java.util.concurrent.ThreadPoolExecutor.runWorker:1130
		java.util.concurrent.ThreadPoolExecutor$Worker.run:615
		java.lang.Thread.run:745

	Thread "pool-1-thread-8" (0x0000001b) WAITING
		waiting for java.util.concurrent.locks.AbstractQueuedSynchronizer$ConditionObject (0x4cdd13d9)
	Stack trace:
		sun.misc.Unsafe.park
		java.util.concurrent.locks.LockSupport.park:186
		java.util.concurrent.locks.AbstractQueuedSynchronizer$ConditionObject.await:2043
		java.util.concurrent.LinkedBlockingQueue.take:442
		java.util.concurrent.ThreadPoolExecutor.getTask:1068
		java.util.concurrent.ThreadPoolExecutor.runWorker:1130
		java.util.concurrent.ThreadPoolExecutor$Worker.run:615
		java.lang.Thread.run:745

	Thread "pool-1-thread-7" (0x0000001a) WAITING
		waiting for java.util.concurrent.locks.AbstractQueuedSynchronizer$ConditionObject (0x4cdd13d9)
	Stack trace:
		sun.misc.Unsafe.park
		java.util.concurrent.locks.LockSupport.park:186
		java.util.concurrent.locks.AbstractQueuedSynchronizer$ConditionObject.await:2043
		java.util.concurrent.LinkedBlockingQueue.take:442
		java.util.concurrent.ThreadPoolExecutor.getTask:1068
		java.util.concurrent.ThreadPoolExecutor.runWorker:1130
		java.util.concurrent.ThreadPoolExecutor$Worker.run:615
		java.lang.Thread.run:745

	Thread "pool-1-thread-6" (0x00000019) WAITING
		waiting for java.util.concurrent.locks.AbstractQueuedSynchronizer$ConditionObject (0x4cdd13d9)
	Stack trace:
		sun.misc.Unsafe.park
		java.util.concurrent.locks.LockSupport.park:186
		java.util.concurrent.locks.AbstractQueuedSynchronizer$ConditionObject.await:2043
		java.util.concurrent.LinkedBlockingQueue.take:442
		java.util.concurrent.ThreadPoolExecutor.getTask:1068
		java.util.concurrent.ThreadPoolExecutor.runWorker:1130
		java.util.concurrent.ThreadPoolExecutor$Worker.run:615
		java.lang.Thread.run:745

	Thread "pool-1-thread-5" (0x00000018) WAITING
		waiting for java.util.concurrent.locks.AbstractQueuedSynchronizer$ConditionObject (0x4cdd13d9)
	Stack trace:
		sun.misc.Unsafe.park
		java.util.concurrent.locks.LockSupport.park:186
		java.util.concurrent.locks.AbstractQueuedSynchronizer$ConditionObject.await:2043
		java.util.concurrent.LinkedBlockingQueue.take:442
		java.util.concurrent.ThreadPoolExecutor.getTask:1068
		java.util.concurrent.ThreadPoolExecutor.runWorker:1130
		java.util.concurrent.ThreadPoolExecutor$Worker.run:615
		java.lang.Thread.run:745

	Thread "Restart Log Sync" (0x00000015) WAITING
		waiting for org.griphyn.vdl.karajan.lib.restartLog.SyncThread (0x464232fb)
	Stack trace:
		java.lang.Object.wait
		java.lang.Object.wait:503
		org.griphyn.vdl.karajan.lib.restartLog.SyncThread.run:66

	Thread "pool-1-thread-4" (0x00000014) WAITING
		waiting for java.util.concurrent.locks.AbstractQueuedSynchronizer$ConditionObject (0x4cdd13d9)
	Stack trace:
		sun.misc.Unsafe.park
		java.util.concurrent.locks.LockSupport.park:186
		java.util.concurrent.locks.AbstractQueuedSynchronizer$ConditionObject.await:2043
		java.util.concurrent.LinkedBlockingQueue.take:442
		java.util.concurrent.ThreadPoolExecutor.getTask:1068
		java.util.concurrent.ThreadPoolExecutor.runWorker:1130
		java.util.concurrent.ThreadPoolExecutor$Worker.run:615
		java.lang.Thread.run:745

	Thread "NBS2" (0x00000013) WAITING
		waiting for java.util.concurrent.locks.AbstractQueuedSynchronizer$ConditionObject (0x6d1464e9)
	Stack trace:
		sun.misc.Unsafe.park
		java.util.concurrent.locks.LockSupport.park:186
		java.util.concurrent.locks.AbstractQueuedSynchronizer$ConditionObject.await:2043
		java.util.concurrent.LinkedBlockingQueue.take:442
		java.util.concurrent.ThreadPoolExecutor.getTask:1068
		java.util.concurrent.ThreadPoolExecutor.runWorker:1130
		java.util.concurrent.ThreadPoolExecutor$Worker.run:615
		java.lang.Thread.run:745

	Thread "pool-1-thread-3" (0x00000012) WAITING
		waiting for java.util.concurrent.locks.AbstractQueuedSynchronizer$ConditionObject (0x4cdd13d9)
	Stack trace:
		sun.misc.Unsafe.park
		java.util.concurrent.locks.LockSupport.park:186
		java.util.concurrent.locks.AbstractQueuedSynchronizer$ConditionObject.await:2043
		java.util.concurrent.LinkedBlockingQueue.take:442
		java.util.concurrent.ThreadPoolExecutor.getTask:1068
		java.util.concurrent.ThreadPoolExecutor.runWorker:1130
		java.util.concurrent.ThreadPoolExecutor$Worker.run:615
		java.lang.Thread.run:745

	Thread "NBS1" (0x00000011) WAITING
		waiting for java.util.concurrent.locks.AbstractQueuedSynchronizer$ConditionObject (0x6d1464e9)
	Stack trace:
		sun.misc.Unsafe.park
		java.util.concurrent.locks.LockSupport.park:186
		java.util.concurrent.locks.AbstractQueuedSynchronizer$ConditionObject.await:2043
		java.util.concurrent.LinkedBlockingQueue.take:442
		java.util.concurrent.ThreadPoolExecutor.getTask:1068
		java.util.concurrent.ThreadPoolExecutor.runWorker:1130
		java.util.concurrent.ThreadPoolExecutor$Worker.run:615
		java.lang.Thread.run:745

	Thread "pool-1-thread-2" (0x00000010) WAITING
		waiting for java.util.concurrent.locks.AbstractQueuedSynchronizer$ConditionObject (0x4cdd13d9)
	Stack trace:
		sun.misc.Unsafe.park
		java.util.concurrent.locks.LockSupport.park:186
		java.util.concurrent.locks.AbstractQueuedSynchronizer$ConditionObject.await:2043
		java.util.concurrent.LinkedBlockingQueue.take:442
		java.util.concurrent.ThreadPoolExecutor.getTask:1068
		java.util.concurrent.ThreadPoolExecutor.runWorker:1130
		java.util.concurrent.ThreadPoolExecutor$Worker.run:615
		java.lang.Thread.run:745

	Thread "Timer-0" (0x0000000f) TIMED_WAITING
		waiting for java.util.TaskQueue (0x242120c6)
	Stack trace:
		java.lang.Object.wait
		java.util.TimerThread.mainLoop:552
		java.util.TimerThread.run:505

	Thread "NBS0" (0x0000000e) WAITING
		waiting for java.util.concurrent.locks.AbstractQueuedSynchronizer$ConditionObject (0x6d1464e9)
	Stack trace:
		sun.misc.Unsafe.park
		java.util.concurrent.locks.LockSupport.park:186
		java.util.concurrent.locks.AbstractQueuedSynchronizer$ConditionObject.await:2043
		java.util.concurrent.LinkedBlockingQueue.take:442
		java.util.concurrent.ThreadPoolExecutor.getTask:1068
		java.util.concurrent.ThreadPoolExecutor.runWorker:1130
		java.util.concurrent.ThreadPoolExecutor$Worker.run:615
		java.lang.Thread.run:745

	Thread "Scheduler" (0x0000000c) TIMED_WAITING
		waiting for org.griphyn.vdl.karajan.VDSAdaptiveScheduler (0x7fd8623b)
	Stack trace:
		java.lang.Object.wait
		org.globus.cog.karajan.scheduler.LateBindingScheduler.sleep:322
		org.globus.cog.karajan.scheduler.LateBindingScheduler.run:271

	Thread "Overloaded Host Monitor" (0x0000000d) TIMED_WAITING
	Stack trace:
		java.lang.Thread.sleep
		org.globus.cog.karajan.scheduler.OverloadedHostMonitor.run:66

	Thread "pool-1-thread-1" (0x0000000b) WAITING
		waiting for java.util.concurrent.locks.AbstractQueuedSynchronizer$ConditionObject (0x4cdd13d9)
	Stack trace:
		sun.misc.Unsafe.park
		java.util.concurrent.locks.LockSupport.park:186
		java.util.concurrent.locks.AbstractQueuedSynchronizer$ConditionObject.await:2043
		java.util.concurrent.LinkedBlockingQueue.take:442
		java.util.concurrent.ThreadPoolExecutor.getTask:1068
		java.util.concurrent.ThreadPoolExecutor.runWorker:1130
		java.util.concurrent.ThreadPoolExecutor$Worker.run:615
		java.lang.Thread.run:745

	Thread "LWT Scheduler Timer" (0x0000000a) WAITING
		waiting for java.util.TaskQueue (0x7aeeb9b1)
	Stack trace:
		java.lang.Object.wait
		java.lang.Object.wait:503
		java.util.TimerThread.mainLoop:526
		java.util.TimerThread.run:505

	Thread "AsyncAppender-Dispatcher-Thread-0" (0x00000008) WAITING
		waiting for java.util.ArrayList (0x4ee15284)
	Stack trace:
		java.lang.Object.wait
		java.lang.Object.wait:503
		org.apache.log4j.AsyncAppender$Dispatcher.run:548
		java.lang.Thread.run:745

	Thread "Finalizer" (0x00000003) WAITING
		waiting for java.lang.ref.ReferenceQueue$Lock (0x2af08091)
	Stack trace:
		java.lang.Object.wait
		java.lang.ref.ReferenceQueue.remove:135
		java.lang.ref.ReferenceQueue.remove:151
		java.lang.ref.Finalizer$FinalizerThread.run:209

	Thread "Reference Handler" (0x00000002) WAITING
		waiting for java.lang.ref.Reference$Lock (0x1388c59d)
	Stack trace:
		java.lang.Object.wait
		java.lang.Object.wait:503
		java.lang.ref.Reference$ReferenceHandler.run:133


