Swift 0.96.2 git-rev: b9611649002eecd640fc6c58bbb88cb35ce03539 heads/release-0.96-swift 6287 (modified locally)
RunID: run030
Progress: Mon, 07 Dec 2015 14:01:59+0000
Progress: Mon, 07 Dec 2015 14:02:00+0000  Submitting:8
Progress: Mon, 07 Dec 2015 14:02:17+0000  Submitting:5  Submitted:3
Progress: Mon, 07 Dec 2015 14:02:35+0000  Submitted:8
Progress: Mon, 07 Dec 2015 14:02:43+0000  Submitted:5  Active:3
Progress: Mon, 07 Dec 2015 14:03:13+0000  Submitted:5  Active:3
Progress: Mon, 07 Dec 2015 14:03:43+0000  Submitted:5  Active:3
Progress: Mon, 07 Dec 2015 14:04:08+0000  Active:8
Progress: Mon, 07 Dec 2015 14:04:38+0000  Active:8
Progress: Mon, 07 Dec 2015 14:05:08+0000  Active:8
Progress: Mon, 07 Dec 2015 14:05:38+0000  Active:8
Progress: Mon, 07 Dec 2015 14:06:08+0000  Active:8
Progress: Mon, 07 Dec 2015 14:06:38+0000  Active:8
Progress: Mon, 07 Dec 2015 14:07:08+0000  Active:8
Progress: Mon, 07 Dec 2015 14:07:38+0000  Active:8
Progress: Mon, 07 Dec 2015 14:08:08+0000  Active:8
Progress: Mon, 07 Dec 2015 14:08:38+0000  Active:8
Progress: Mon, 07 Dec 2015 14:09:08+0000  Active:8
Progress: Mon, 07 Dec 2015 14:09:38+0000  Active:8
Progress: Mon, 07 Dec 2015 14:10:08+0000  Active:8
Progress: Mon, 07 Dec 2015 14:10:38+0000  Active:8
Progress: Mon, 07 Dec 2015 14:11:08+0000  Active:8
Progress: Mon, 07 Dec 2015 14:11:38+0000  Active:8
Progress: Mon, 07 Dec 2015 14:12:08+0000  Active:8
Progress: Mon, 07 Dec 2015 14:12:38+0000  Active:8
Progress: Mon, 07 Dec 2015 14:13:08+0000  Active:8
Progress: Mon, 07 Dec 2015 14:13:38+0000  Active:8
Progress: Mon, 07 Dec 2015 14:14:08+0000  Active:8
Progress: Mon, 07 Dec 2015 14:14:38+0000  Active:8
Progress: Mon, 07 Dec 2015 14:15:08+0000  Active:8
Progress: Mon, 07 Dec 2015 14:15:38+0000  Active:8
Progress: Mon, 07 Dec 2015 14:16:08+0000  Active:8
Progress: Mon, 07 Dec 2015 14:16:38+0000  Active:8
Progress: Mon, 07 Dec 2015 14:17:08+0000  Active:8
Progress: Mon, 07 Dec 2015 14:17:38+0000  Active:8
Progress: Mon, 07 Dec 2015 14:17:43+0000  Active:5  Finished successfully:3
Progress: Mon, 07 Dec 2015 14:18:13+0000  Active:5  Finished successfully:3
Progress: Mon, 07 Dec 2015 14:18:43+0000  Active:5  Finished successfully:3
Final status: Mon, 07 Dec 2015 14:19:08+0000  Finished successfully:8
