Swift 0.96.2 git-rev: b9611649002eecd640fc6c58bbb88cb35ce03539 heads/release-0.96-swift 6287 (modified locally)
RunID: run034
Progress: Mon, 07 Dec 2015 15:10:36+0000
Progress: Mon, 07 Dec 2015 15:10:37+0000  Submitting:64
Progress: Mon, 07 Dec 2015 15:10:58+0000  Submitting:56  Submitted:8
Progress: Mon, 07 Dec 2015 15:11:18+0000  Submitting:28  Submitted:36
Progress: Mon, 07 Dec 2015 15:11:19+0000  Submitting:16  Submitted:48
Progress: Mon, 07 Dec 2015 15:11:20+0000  Submitted:64
Progress: Mon, 07 Dec 2015 15:11:38+0000  Stage in:13  Submitted:51
Progress: Mon, 07 Dec 2015 15:11:39+0000  Submitted:48  Active:16
Progress: Mon, 07 Dec 2015 15:11:49+0000  Submitted:33  Active:31
Progress: Mon, 07 Dec 2015 15:12:19+0000  Submitted:33  Active:31
Progress: Mon, 07 Dec 2015 15:12:24+0000  Submitted:17  Active:47
Progress: Mon, 07 Dec 2015 15:12:38+0000  Submitted:1  Active:63
Progress: Mon, 07 Dec 2015 15:12:44+0000  Active:64
Progress: Mon, 07 Dec 2015 15:13:14+0000  Active:64
Progress: Mon, 07 Dec 2015 15:13:44+0000  Active:64
Progress: Mon, 07 Dec 2015 15:14:14+0000  Active:64
Progress: Mon, 07 Dec 2015 15:14:44+0000  Active:64
Progress: Mon, 07 Dec 2015 15:15:14+0000  Active:64
Progress: Mon, 07 Dec 2015 15:15:44+0000  Active:64
Progress: Mon, 07 Dec 2015 15:16:14+0000  Active:64
Progress: Mon, 07 Dec 2015 15:16:44+0000  Active:64
Progress: Mon, 07 Dec 2015 15:17:14+0000  Active:64
Progress: Mon, 07 Dec 2015 15:17:44+0000  Active:64
Progress: Mon, 07 Dec 2015 15:18:14+0000  Active:64
Progress: Mon, 07 Dec 2015 15:18:44+0000  Active:64
Progress: Mon, 07 Dec 2015 15:19:14+0000  Active:64
Progress: Mon, 07 Dec 2015 15:19:44+0000  Active:64
Progress: Mon, 07 Dec 2015 15:20:14+0000  Active:64
Progress: Mon, 07 Dec 2015 15:20:44+0000  Active:64
Progress: Mon, 07 Dec 2015 15:21:14+0000  Active:64
Progress: Mon, 07 Dec 2015 15:21:44+0000  Active:64
Progress: Mon, 07 Dec 2015 15:22:14+0000  Active:64
Progress: Mon, 07 Dec 2015 15:22:44+0000  Active:64
Progress: Mon, 07 Dec 2015 15:23:14+0000  Active:64
Progress: Mon, 07 Dec 2015 15:23:44+0000  Active:64
Progress: Mon, 07 Dec 2015 15:24:14+0000  Active:64
Progress: Mon, 07 Dec 2015 15:24:44+0000  Active:64
Progress: Mon, 07 Dec 2015 15:25:14+0000  Active:64
Progress: Mon, 07 Dec 2015 15:25:44+0000  Active:64
Progress: Mon, 07 Dec 2015 15:26:14+0000  Active:64
Progress: Mon, 07 Dec 2015 15:26:38+0000  Active:59  Stage out:5
Progress: Mon, 07 Dec 2015 15:26:39+0000  Active:48  Finished successfully:16
Progress: Mon, 07 Dec 2015 15:26:49+0000  Active:33  Stage out:2  Finished successfully:29
Progress: Mon, 07 Dec 2015 15:26:50+0000  Active:33  Finished successfully:31
Progress: Mon, 07 Dec 2015 15:27:20+0000  Active:33  Finished successfully:31
Progress: Mon, 07 Dec 2015 15:27:24+0000  Active:17  Finished successfully:47
Progress: Mon, 07 Dec 2015 15:27:38+0000  Active:1  Finished successfully:63
Progress: Mon, 07 Dec 2015 15:27:44+0000  Stage out:1  Finished successfully:63
Final status: Mon, 07 Dec 2015 15:28:11+0000  Finished successfully:64
