Swift 0.96.2 git-rev: b9611649002eecd640fc6c58bbb88cb35ce03539 heads/release-0.96-swift 6287 (modified locally)
RunID: run033
Progress: Mon, 07 Dec 2015 14:53:36+0000
Progress: Mon, 07 Dec 2015 14:53:37+0000  Submitting:128
Progress: Mon, 07 Dec 2015 14:53:50+0000  Submitting:121  Submitted:7
Progress: Mon, 07 Dec 2015 14:53:57+0000  Submitted:128
Progress: Mon, 07 Dec 2015 14:54:27+0000  Submitted:128
Progress: Mon, 07 Dec 2015 14:54:57+0000  Submitted:128
Progress: Mon, 07 Dec 2015 14:55:12+0000  Stage in:16  Submitted:112
Progress: Mon, 07 Dec 2015 14:55:13+0000  Submitted:112  Active:16
Progress: Mon, 07 Dec 2015 14:55:15+0000  Stage in:30  Submitted:82  Active:16
Progress: Mon, 07 Dec 2015 14:55:16+0000  Submitted:71  Active:57
Progress: Mon, 07 Dec 2015 14:55:31+0000  Stage in:22  Submitted:39  Active:67
Progress: Mon, 07 Dec 2015 14:55:32+0000  Active:128
Progress: Mon, 07 Dec 2015 14:56:02+0000  Active:128
Progress: Mon, 07 Dec 2015 14:56:32+0000  Active:128
Progress: Mon, 07 Dec 2015 14:57:02+0000  Active:128
Progress: Mon, 07 Dec 2015 14:57:32+0000  Active:128
Progress: Mon, 07 Dec 2015 14:58:02+0000  Active:128
Progress: Mon, 07 Dec 2015 14:58:32+0000  Active:128
Progress: Mon, 07 Dec 2015 14:59:02+0000  Active:128
Progress: Mon, 07 Dec 2015 14:59:32+0000  Active:128
Progress: Mon, 07 Dec 2015 15:00:02+0000  Active:128
Progress: Mon, 07 Dec 2015 15:00:32+0000  Active:128
Progress: Mon, 07 Dec 2015 15:01:02+0000  Active:128
Progress: Mon, 07 Dec 2015 15:01:32+0000  Active:128
Progress: Mon, 07 Dec 2015 15:02:02+0000  Active:128
Progress: Mon, 07 Dec 2015 15:02:32+0000  Active:128
Progress: Mon, 07 Dec 2015 15:03:02+0000  Active:128
Progress: Mon, 07 Dec 2015 15:03:32+0000  Active:128
Progress: Mon, 07 Dec 2015 15:04:02+0000  Active:128
Progress: Mon, 07 Dec 2015 15:04:32+0000  Active:128
Progress: Mon, 07 Dec 2015 15:05:02+0000  Active:128
Progress: Mon, 07 Dec 2015 15:05:32+0000  Active:128
Progress: Mon, 07 Dec 2015 15:06:02+0000  Active:128
Progress: Mon, 07 Dec 2015 15:06:32+0000  Active:128
Progress: Mon, 07 Dec 2015 15:07:02+0000  Active:128
Progress: Mon, 07 Dec 2015 15:07:32+0000  Active:128
Progress: Mon, 07 Dec 2015 15:08:02+0000  Active:128
Progress: Mon, 07 Dec 2015 15:08:32+0000  Active:128
Progress: Mon, 07 Dec 2015 15:09:02+0000  Active:128
Progress: Mon, 07 Dec 2015 15:09:32+0000  Active:128
Progress: Mon, 07 Dec 2015 15:10:02+0000  Active:128
Progress: Mon, 07 Dec 2015 15:10:12+0000  Active:121  Stage out:7
Progress: Mon, 07 Dec 2015 15:10:13+0000  Active:112  Finished successfully:16
Progress: Mon, 07 Dec 2015 15:10:15+0000  Active:108  Stage out:4  Finished successfully:16
Progress: Mon, 07 Dec 2015 15:10:16+0000  Active:71  Finished successfully:57
Progress: Mon, 07 Dec 2015 15:10:31+0000  Active:70  Stage out:1  Finished successfully:57
Final status: Mon, 07 Dec 2015 15:10:32+0000  Finished successfully:128
