Swift 0.96.2 git-rev: b9611649002eecd640fc6c58bbb88cb35ce03539 heads/release-0.96-swift 6287
RunID: run042
Progress: Sat, 20 Feb 2016 12:18:11+0100
Progress: Sat, 20 Feb 2016 12:18:12+0100  Submitting:256
Progress: Sat, 20 Feb 2016 12:18:36+0100  Submitting:247  Submitted:9
Progress: Sat, 20 Feb 2016 12:18:54+0100  Submitted:256
Progress: Sat, 20 Feb 2016 12:19:24+0100  Submitted:256
Progress: Sat, 20 Feb 2016 12:19:54+0100  Submitted:256
Progress: Sat, 20 Feb 2016 12:19:56+0100  Stage in:31  Submitted:225
Progress: Sat, 20 Feb 2016 12:19:57+0100  Submitted:192  Active:64
Progress: Sat, 20 Feb 2016 12:20:27+0100  Submitted:192  Active:64
Progress: Sat, 20 Feb 2016 12:20:33+0100  Stage in:37  Submitted:155  Active:64
Progress: Sat, 20 Feb 2016 12:20:34+0100  Submitted:128  Active:128
Progress: Sat, 20 Feb 2016 12:21:04+0100  Submitted:128  Active:128
Progress: Sat, 20 Feb 2016 12:21:18+0100  Submitted:122  Active:134
Progress: Sat, 20 Feb 2016 12:21:48+0100  Submitted:122  Active:134
Progress: Sat, 20 Feb 2016 12:22:18+0100  Submitted:122  Active:134
Progress: Sat, 20 Feb 2016 12:22:48+0100  Submitted:122  Active:134
Progress: Sat, 20 Feb 2016 12:23:18+0100  Submitted:122  Active:134
Progress: Sat, 20 Feb 2016 12:23:48+0100  Submitted:122  Active:134
Progress: Sat, 20 Feb 2016 12:24:18+0100  Submitted:122  Active:134
Progress: Sat, 20 Feb 2016 12:24:48+0100  Submitted:122  Active:134
Progress: Sat, 20 Feb 2016 12:25:18+0100  Submitted:122  Active:134
Progress: Sat, 20 Feb 2016 12:25:48+0100  Submitted:122  Active:134
Progress: Sat, 20 Feb 2016 12:26:18+0100  Submitted:122  Active:134
Progress: Sat, 20 Feb 2016 12:26:48+0100  Submitted:122  Active:134
Progress: Sat, 20 Feb 2016 12:27:18+0100  Submitted:122  Active:134
Progress: Sat, 20 Feb 2016 12:27:48+0100  Submitted:122  Active:134
Progress: Sat, 20 Feb 2016 12:28:18+0100  Submitted:122  Active:134
Progress: Sat, 20 Feb 2016 12:28:48+0100  Submitted:122  Active:134
Progress: Sat, 20 Feb 2016 12:29:18+0100  Submitted:122  Active:134
Progress: Sat, 20 Feb 2016 12:29:48+0100  Submitted:122  Active:134
Progress: Sat, 20 Feb 2016 12:30:18+0100  Submitted:122  Active:134
Progress: Sat, 20 Feb 2016 12:30:48+0100  Submitted:122  Active:134
Progress: Sat, 20 Feb 2016 12:31:18+0100  Submitted:122  Active:134
Progress: Sat, 20 Feb 2016 12:31:48+0100  Submitted:122  Active:134
Progress: Sat, 20 Feb 2016 12:32:18+0100  Submitted:122  Active:134
Progress: Sat, 20 Feb 2016 12:32:48+0100  Submitted:122  Active:134
Progress: Sat, 20 Feb 2016 12:33:18+0100  Submitted:122  Active:134
Progress: Sat, 20 Feb 2016 12:33:48+0100  Submitted:122  Active:134
Progress: Sat, 20 Feb 2016 12:34:18+0100  Submitted:122  Active:134
Progress: Sat, 20 Feb 2016 12:34:48+0100  Submitted:122  Active:134
Progress: Sat, 20 Feb 2016 12:34:56+0100  Submitted:122  Active:132  Stage out:2
Progress: Sat, 20 Feb 2016 12:34:57+0100  Submitted:122  Active:70  Stage out:11  Finished successfully:53
Progress: Sat, 20 Feb 2016 12:34:58+0100  Submitted:122  Active:70  Finished successfully:64
Progress: Sat, 20 Feb 2016 12:35:28+0100  Submitted:122  Active:70  Finished successfully:64
Progress: Sat, 20 Feb 2016 12:35:33+0100  Submitted:122  Active:67  Stage out:3  Finished successfully:64
Progress: Sat, 20 Feb 2016 12:35:34+0100  Submitted:122  Active:6  Stage out:5  Finished successfully:123
Progress: Sat, 20 Feb 2016 12:35:35+0100  Submitted:122  Active:6  Finished successfully:128
Progress: Sat, 20 Feb 2016 12:36:05+0100  Submitted:122  Active:6  Finished successfully:128
Progress: Sat, 20 Feb 2016 12:36:18+0100  Submitted:122  Stage out:1  Finished successfully:133
Progress: Sat, 20 Feb 2016 12:36:19+0100  Submitted:122  Finished successfully:134
Progress: Sat, 20 Feb 2016 12:36:49+0100  Submitted:122  Finished successfully:134
Progress: Sat, 20 Feb 2016 12:37:19+0100  Submitted:122  Finished successfully:134
Progress: Sat, 20 Feb 2016 12:37:49+0100  Submitted:122  Finished successfully:134
Progress: Sat, 20 Feb 2016 12:38:19+0100  Submitted:122  Finished successfully:134
Progress: Sat, 20 Feb 2016 12:38:49+0100  Submitted:122  Finished successfully:134
Progress: Sat, 20 Feb 2016 12:39:19+0100  Submitted:122  Finished successfully:134
Progress: Sat, 20 Feb 2016 12:39:49+0100  Submitted:122  Finished successfully:134
Progress: Sat, 20 Feb 2016 12:40:19+0100  Submitted:122  Finished successfully:134
Progress: Sat, 20 Feb 2016 12:40:49+0100  Submitted:122  Finished successfully:134
Progress: Sat, 20 Feb 2016 12:41:19+0100  Submitted:122  Finished successfully:134
Progress: Sat, 20 Feb 2016 12:41:49+0100  Submitted:122  Finished successfully:134
Progress: Sat, 20 Feb 2016 12:42:19+0100  Submitted:122  Finished successfully:134
Progress: Sat, 20 Feb 2016 12:42:49+0100  Submitted:122  Finished successfully:134
Progress: Sat, 20 Feb 2016 12:43:19+0100  Submitted:122  Finished successfully:134
Progress: Sat, 20 Feb 2016 12:43:49+0100  Submitted:122  Finished successfully:134
Progress: Sat, 20 Feb 2016 12:44:19+0100  Submitted:122  Finished successfully:134
Progress: Sat, 20 Feb 2016 12:44:49+0100  Submitted:122  Finished successfully:134
Progress: Sat, 20 Feb 2016 12:45:19+0100  Submitted:122  Finished successfully:134
Progress: Sat, 20 Feb 2016 12:45:49+0100  Submitted:122  Finished successfully:134
Progress: Sat, 20 Feb 2016 12:46:19+0100  Submitted:122  Finished successfully:134
Progress: Sat, 20 Feb 2016 12:46:49+0100  Submitted:122  Finished successfully:134
Progress: Sat, 20 Feb 2016 12:47:19+0100  Submitted:122  Finished successfully:134
Progress: Sat, 20 Feb 2016 12:47:49+0100  Submitted:122  Finished successfully:134
Progress: Sat, 20 Feb 2016 12:48:19+0100  Submitted:122  Finished successfully:134
Progress: Sat, 20 Feb 2016 12:48:49+0100  Submitted:122  Finished successfully:134
Progress: Sat, 20 Feb 2016 12:49:19+0100  Submitted:122  Finished successfully:134
Progress: Sat, 20 Feb 2016 12:49:49+0100  Submitted:122  Finished successfully:134
Progress: Sat, 20 Feb 2016 12:50:19+0100  Submitted:122  Finished successfully:134
Progress: Sat, 20 Feb 2016 12:50:49+0100  Submitted:122  Finished successfully:134
Progress: Sat, 20 Feb 2016 12:51:19+0100  Submitted:122  Finished successfully:134
Progress: Sat, 20 Feb 2016 12:51:49+0100  Submitted:122  Finished successfully:134
Progress: Sat, 20 Feb 2016 12:52:19+0100  Submitted:122  Finished successfully:134
Progress: Sat, 20 Feb 2016 12:52:49+0100  Submitted:122  Finished successfully:134
Progress: Sat, 20 Feb 2016 12:53:19+0100  Submitted:122  Finished successfully:134
Progress: Sat, 20 Feb 2016 12:53:49+0100  Submitted:122  Finished successfully:134
Progress: Sat, 20 Feb 2016 12:54:19+0100  Submitted:122  Finished successfully:134
Progress: Sat, 20 Feb 2016 12:54:49+0100  Submitted:122  Finished successfully:134
Progress: Sat, 20 Feb 2016 12:55:19+0100  Submitted:122  Finished successfully:134
Progress: Sat, 20 Feb 2016 12:55:49+0100  Submitted:122  Finished successfully:134
Progress: Sat, 20 Feb 2016 12:56:19+0100  Submitted:122  Finished successfully:134
Progress: Sat, 20 Feb 2016 12:56:49+0100  Submitted:122  Finished successfully:134
Progress: Sat, 20 Feb 2016 12:57:19+0100  Submitted:122  Finished successfully:134
Progress: Sat, 20 Feb 2016 12:57:49+0100  Submitted:122  Finished successfully:134
Progress: Sat, 20 Feb 2016 12:58:19+0100  Submitted:122  Finished successfully:134
Progress: Sat, 20 Feb 2016 12:58:49+0100  Submitted:122  Finished successfully:134
Progress: Sat, 20 Feb 2016 12:59:19+0100  Submitted:122  Finished successfully:134
Progress: Sat, 20 Feb 2016 12:59:49+0100  Submitted:122  Finished successfully:134
Progress: Sat, 20 Feb 2016 13:00:19+0100  Submitted:122  Finished successfully:134
Progress: Sat, 20 Feb 2016 13:00:49+0100  Submitted:122  Finished successfully:134
Progress: Sat, 20 Feb 2016 13:01:19+0100  Submitted:122  Finished successfully:134
Progress: Sat, 20 Feb 2016 13:01:49+0100  Submitted:122  Finished successfully:134
Progress: Sat, 20 Feb 2016 13:02:19+0100  Submitted:122  Finished successfully:134
Progress: Sat, 20 Feb 2016 13:02:49+0100  Submitted:122  Finished successfully:134
Progress: Sat, 20 Feb 2016 13:03:19+0100  Submitted:122  Finished successfully:134
Progress: Sat, 20 Feb 2016 13:03:49+0100  Submitted:122  Finished successfully:134
Progress: Sat, 20 Feb 2016 13:04:19+0100  Submitted:122  Finished successfully:134
Progress: Sat, 20 Feb 2016 13:04:49+0100  Submitted:122  Finished successfully:134
Progress: Sat, 20 Feb 2016 13:05:19+0100  Submitted:122  Finished successfully:134
Progress: Sat, 20 Feb 2016 13:05:49+0100  Submitted:122  Finished successfully:134
Progress: Sat, 20 Feb 2016 13:06:19+0100  Submitted:122  Finished successfully:134
Progress: Sat, 20 Feb 2016 13:06:49+0100  Submitted:122  Finished successfully:134
Progress: Sat, 20 Feb 2016 13:07:19+0100  Submitted:122  Finished successfully:134
Progress: Sat, 20 Feb 2016 13:07:49+0100  Submitted:122  Finished successfully:134
Progress: Sat, 20 Feb 2016 13:08:19+0100  Submitted:122  Finished successfully:134
Progress: Sat, 20 Feb 2016 13:08:49+0100  Submitted:122  Finished successfully:134
Progress: Sat, 20 Feb 2016 13:09:19+0100  Submitted:122  Finished successfully:134
Progress: Sat, 20 Feb 2016 13:09:49+0100  Submitted:122  Finished successfully:134
Progress: Sat, 20 Feb 2016 13:10:19+0100  Submitted:122  Finished successfully:134
Progress: Sat, 20 Feb 2016 13:10:49+0100  Submitted:122  Finished successfully:134
Progress: Sat, 20 Feb 2016 13:11:19+0100  Submitted:122  Finished successfully:134
Progress: Sat, 20 Feb 2016 13:11:49+0100  Submitted:122  Finished successfully:134
Progress: Sat, 20 Feb 2016 13:12:19+0100  Submitted:122  Finished successfully:134
Progress: Sat, 20 Feb 2016 13:12:49+0100  Submitted:122  Finished successfully:134
Progress: Sat, 20 Feb 2016 13:13:19+0100  Submitted:122  Finished successfully:134
Progress: Sat, 20 Feb 2016 13:13:49+0100  Submitted:122  Finished successfully:134
Progress: Sat, 20 Feb 2016 13:14:19+0100  Submitted:122  Finished successfully:134
Progress: Sat, 20 Feb 2016 13:14:49+0100  Submitted:122  Finished successfully:134
Progress: Sat, 20 Feb 2016 13:15:19+0100  Submitted:122  Finished successfully:134
Progress: Sat, 20 Feb 2016 13:15:49+0100  Submitted:122  Finished successfully:134
Progress: Sat, 20 Feb 2016 13:16:19+0100  Submitted:122  Finished successfully:134
Progress: Sat, 20 Feb 2016 13:16:49+0100  Submitted:122  Finished successfully:134
Progress: Sat, 20 Feb 2016 13:17:19+0100  Submitted:122  Finished successfully:134
Progress: Sat, 20 Feb 2016 13:17:49+0100  Submitted:122  Finished successfully:134
Progress: Sat, 20 Feb 2016 13:18:19+0100  Submitted:122  Finished successfully:134
Progress: Sat, 20 Feb 2016 13:18:49+0100  Submitted:122  Finished successfully:134
Progress: Sat, 20 Feb 2016 13:19:19+0100  Submitted:122  Finished successfully:134
Progress: Sat, 20 Feb 2016 13:19:49+0100  Submitted:122  Finished successfully:134
Progress: Sat, 20 Feb 2016 13:20:19+0100  Submitted:122  Finished successfully:134
Progress: Sat, 20 Feb 2016 13:20:49+0100  Submitted:122  Finished successfully:134
Progress: Sat, 20 Feb 2016 13:21:19+0100  Submitted:122  Finished successfully:134
Progress: Sat, 20 Feb 2016 13:21:49+0100  Submitted:122  Finished successfully:134
Progress: Sat, 20 Feb 2016 13:22:19+0100  Submitted:122  Finished successfully:134
Progress: Sat, 20 Feb 2016 13:22:49+0100  Submitted:122  Finished successfully:134
Progress: Sat, 20 Feb 2016 13:23:19+0100  Submitted:122  Finished successfully:134
Progress: Sat, 20 Feb 2016 13:23:49+0100  Submitted:122  Finished successfully:134
Progress: Sat, 20 Feb 2016 13:24:19+0100  Submitted:122  Finished successfully:134
Progress: Sat, 20 Feb 2016 13:24:49+0100  Submitted:122  Finished successfully:134
Progress: Sat, 20 Feb 2016 13:25:19+0100  Submitted:122  Finished successfully:134
Progress: Sat, 20 Feb 2016 13:25:49+0100  Submitted:122  Finished successfully:134
Progress: Sat, 20 Feb 2016 13:26:19+0100  Submitted:122  Finished successfully:134
Progress: Sat, 20 Feb 2016 13:26:49+0100  Submitted:122  Finished successfully:134
Progress: Sat, 20 Feb 2016 13:27:19+0100  Submitted:122  Finished successfully:134
Progress: Sat, 20 Feb 2016 13:27:49+0100  Submitted:122  Finished successfully:134
Progress: Sat, 20 Feb 2016 13:28:19+0100  Submitted:122  Finished successfully:134
Progress: Sat, 20 Feb 2016 13:28:49+0100  Submitted:122  Finished successfully:134
Progress: Sat, 20 Feb 2016 13:29:19+0100  Submitted:122  Finished successfully:134
Progress: Sat, 20 Feb 2016 13:29:49+0100  Submitted:122  Finished successfully:134
Progress: Sat, 20 Feb 2016 13:30:19+0100  Submitted:122  Finished successfully:134
Progress: Sat, 20 Feb 2016 13:30:49+0100  Submitted:122  Finished successfully:134
Progress: Sat, 20 Feb 2016 13:31:19+0100  Submitted:122  Finished successfully:134
Progress: Sat, 20 Feb 2016 13:31:49+0100  Submitted:122  Finished successfully:134
Progress: Sat, 20 Feb 2016 13:32:19+0100  Submitted:122  Finished successfully:134
Progress: Sat, 20 Feb 2016 13:32:49+0100  Submitted:122  Finished successfully:134
Progress: Sat, 20 Feb 2016 13:33:19+0100  Submitted:122  Finished successfully:134
Progress: Sat, 20 Feb 2016 13:33:49+0100  Submitted:122  Finished successfully:134
Progress: Sat, 20 Feb 2016 13:34:19+0100  Submitted:122  Finished successfully:134
Progress: Sat, 20 Feb 2016 13:34:49+0100  Submitted:122  Finished successfully:134
Progress: Sat, 20 Feb 2016 13:35:19+0100  Submitted:122  Finished successfully:134
Progress: Sat, 20 Feb 2016 13:35:49+0100  Submitted:122  Finished successfully:134
Progress: Sat, 20 Feb 2016 13:36:19+0100  Submitted:122  Finished successfully:134
Progress: Sat, 20 Feb 2016 13:36:49+0100  Submitted:122  Finished successfully:134
Progress: Sat, 20 Feb 2016 13:37:19+0100  Submitted:122  Finished successfully:134
Progress: Sat, 20 Feb 2016 13:37:49+0100  Submitted:122  Finished successfully:134
Progress: Sat, 20 Feb 2016 13:38:19+0100  Submitted:122  Finished successfully:134
Progress: Sat, 20 Feb 2016 13:38:49+0100  Submitted:122  Finished successfully:134
Progress: Sat, 20 Feb 2016 13:39:19+0100  Submitted:122  Finished successfully:134
Progress: Sat, 20 Feb 2016 13:39:49+0100  Submitted:122  Finished successfully:134
Progress: Sat, 20 Feb 2016 13:40:19+0100  Submitted:122  Finished successfully:134
Progress: Sat, 20 Feb 2016 13:40:49+0100  Submitted:122  Finished successfully:134
Progress: Sat, 20 Feb 2016 13:41:19+0100  Submitted:122  Finished successfully:134
Progress: Sat, 20 Feb 2016 13:41:49+0100  Submitted:122  Finished successfully:134
Progress: Sat, 20 Feb 2016 13:42:19+0100  Submitted:122  Finished successfully:134
Progress: Sat, 20 Feb 2016 13:42:49+0100  Submitted:122  Finished successfully:134
Progress: Sat, 20 Feb 2016 13:43:19+0100  Submitted:122  Finished successfully:134
Progress: Sat, 20 Feb 2016 13:43:49+0100  Submitted:122  Finished successfully:134
Progress: Sat, 20 Feb 2016 13:44:19+0100  Submitted:122  Finished successfully:134
Progress: Sat, 20 Feb 2016 13:44:49+0100  Submitted:122  Finished successfully:134
Progress: Sat, 20 Feb 2016 13:45:19+0100  Submitted:122  Finished successfully:134
Progress: Sat, 20 Feb 2016 13:45:49+0100  Submitted:122  Finished successfully:134
Progress: Sat, 20 Feb 2016 13:46:19+0100  Submitted:122  Finished successfully:134
Progress: Sat, 20 Feb 2016 13:46:49+0100  Submitted:122  Finished successfully:134
Progress: Sat, 20 Feb 2016 13:47:19+0100  Submitted:122  Finished successfully:134
Progress: Sat, 20 Feb 2016 13:47:49+0100  Submitted:122  Finished successfully:134
Progress: Sat, 20 Feb 2016 13:48:19+0100  Submitted:122  Finished successfully:134
Progress: Sat, 20 Feb 2016 13:48:49+0100  Submitted:122  Finished successfully:134
Progress: Sat, 20 Feb 2016 13:49:19+0100  Submitted:122  Finished successfully:134
Progress: Sat, 20 Feb 2016 13:49:49+0100  Submitted:122  Finished successfully:134
Progress: Sat, 20 Feb 2016 13:50:19+0100  Submitted:122  Finished successfully:134
Progress: Sat, 20 Feb 2016 13:50:49+0100  Submitted:122  Finished successfully:134
Progress: Sat, 20 Feb 2016 13:51:19+0100  Submitted:122  Finished successfully:134
Progress: Sat, 20 Feb 2016 13:51:49+0100  Submitted:122  Finished successfully:134
Progress: Sat, 20 Feb 2016 13:52:19+0100  Submitted:122  Finished successfully:134
Progress: Sat, 20 Feb 2016 13:52:49+0100  Submitted:122  Finished successfully:134
Progress: Sat, 20 Feb 2016 13:53:19+0100  Submitted:122  Finished successfully:134
Progress: Sat, 20 Feb 2016 13:53:49+0100  Submitted:122  Finished successfully:134
Progress: Sat, 20 Feb 2016 13:54:19+0100  Submitted:122  Finished successfully:134
Progress: Sat, 20 Feb 2016 13:54:49+0100  Submitted:122  Finished successfully:134
Progress: Sat, 20 Feb 2016 13:55:20+0100  Submitted:122  Finished successfully:134
Progress: Sat, 20 Feb 2016 13:55:50+0100  Submitted:122  Finished successfully:134
Progress: Sat, 20 Feb 2016 13:56:20+0100  Submitted:122  Finished successfully:134
Progress: Sat, 20 Feb 2016 13:56:50+0100  Submitted:122  Finished successfully:134
Progress: Sat, 20 Feb 2016 13:57:20+0100  Submitted:122  Finished successfully:134
Progress: Sat, 20 Feb 2016 13:57:50+0100  Submitted:122  Finished successfully:134
Progress: Sat, 20 Feb 2016 13:58:20+0100  Submitted:122  Finished successfully:134
Progress: Sat, 20 Feb 2016 13:58:50+0100  Submitted:122  Finished successfully:134
Progress: Sat, 20 Feb 2016 13:59:20+0100  Submitted:122  Finished successfully:134
Progress: Sat, 20 Feb 2016 13:59:50+0100  Submitted:122  Finished successfully:134
Progress: Sat, 20 Feb 2016 14:00:20+0100  Submitted:122  Finished successfully:134
Progress: Sat, 20 Feb 2016 14:00:50+0100  Submitted:122  Finished successfully:134
Progress: Sat, 20 Feb 2016 14:01:20+0100  Submitted:122  Finished successfully:134
Progress: Sat, 20 Feb 2016 14:01:50+0100  Submitted:122  Finished successfully:134
Progress: Sat, 20 Feb 2016 14:02:20+0100  Submitted:122  Finished successfully:134
Progress: Sat, 20 Feb 2016 14:02:50+0100  Submitted:122  Finished successfully:134
Progress: Sat, 20 Feb 2016 14:03:20+0100  Submitted:122  Finished successfully:134
Progress: Sat, 20 Feb 2016 14:03:50+0100  Submitted:122  Finished successfully:134
Progress: Sat, 20 Feb 2016 14:04:20+0100  Submitted:122  Finished successfully:134
Progress: Sat, 20 Feb 2016 14:04:50+0100  Submitted:122  Finished successfully:134
Progress: Sat, 20 Feb 2016 14:05:20+0100  Submitted:122  Finished successfully:134
Progress: Sat, 20 Feb 2016 14:05:50+0100  Submitted:122  Finished successfully:134
Progress: Sat, 20 Feb 2016 14:06:20+0100  Submitted:122  Finished successfully:134
Progress: Sat, 20 Feb 2016 14:06:50+0100  Submitted:122  Finished successfully:134
Progress: Sat, 20 Feb 2016 14:07:20+0100  Submitted:122  Finished successfully:134
Progress: Sat, 20 Feb 2016 14:07:50+0100  Submitted:122  Finished successfully:134
Progress: Sat, 20 Feb 2016 14:08:20+0100  Submitted:122  Finished successfully:134
Progress: Sat, 20 Feb 2016 14:08:50+0100  Submitted:122  Finished successfully:134
Progress: Sat, 20 Feb 2016 14:09:20+0100  Submitted:122  Finished successfully:134
Progress: Sat, 20 Feb 2016 14:09:50+0100  Submitted:122  Finished successfully:134
Progress: Sat, 20 Feb 2016 14:10:20+0100  Submitted:122  Finished successfully:134
Progress: Sat, 20 Feb 2016 14:10:50+0100  Submitted:122  Finished successfully:134
Progress: Sat, 20 Feb 2016 14:11:20+0100  Submitted:122  Finished successfully:134
Progress: Sat, 20 Feb 2016 14:11:50+0100  Submitted:122  Finished successfully:134
Progress: Sat, 20 Feb 2016 14:12:20+0100  Submitted:122  Finished successfully:134
Progress: Sat, 20 Feb 2016 14:12:50+0100  Submitted:122  Finished successfully:134
Progress: Sat, 20 Feb 2016 14:13:20+0100  Submitted:122  Finished successfully:134
Progress: Sat, 20 Feb 2016 14:13:50+0100  Submitted:122  Finished successfully:134
Progress: Sat, 20 Feb 2016 14:14:20+0100  Submitted:122  Finished successfully:134
Progress: Sat, 20 Feb 2016 14:14:50+0100  Submitted:122  Finished successfully:134
Progress: Sat, 20 Feb 2016 14:15:20+0100  Submitted:122  Finished successfully:134
Progress: Sat, 20 Feb 2016 14:15:50+0100  Submitted:122  Finished successfully:134
Progress: Sat, 20 Feb 2016 14:16:20+0100  Submitted:122  Finished successfully:134
Progress: Sat, 20 Feb 2016 14:16:50+0100  Submitted:122  Finished successfully:134
Progress: Sat, 20 Feb 2016 14:17:20+0100  Submitted:122  Finished successfully:134
Progress: Sat, 20 Feb 2016 14:17:50+0100  Submitted:122  Finished successfully:134
Progress: Sat, 20 Feb 2016 14:18:20+0100  Submitted:122  Finished successfully:134
Progress: Sat, 20 Feb 2016 14:18:50+0100  Submitted:122  Finished successfully:134
Progress: Sat, 20 Feb 2016 14:19:20+0100  Submitted:122  Finished successfully:134
Progress: Sat, 20 Feb 2016 14:19:50+0100  Submitted:122  Finished successfully:134
Progress: Sat, 20 Feb 2016 14:20:20+0100  Submitted:122  Finished successfully:134
Progress: Sat, 20 Feb 2016 14:20:50+0100  Submitted:122  Finished successfully:134
Progress: Sat, 20 Feb 2016 14:21:20+0100  Submitted:122  Finished successfully:134
Progress: Sat, 20 Feb 2016 14:21:50+0100  Submitted:122  Finished successfully:134
Progress: Sat, 20 Feb 2016 14:22:20+0100  Submitted:122  Finished successfully:134
Progress: Sat, 20 Feb 2016 14:22:50+0100  Submitted:122  Finished successfully:134
Progress: Sat, 20 Feb 2016 14:23:20+0100  Submitted:122  Finished successfully:134
Progress: Sat, 20 Feb 2016 14:23:50+0100  Submitted:122  Finished successfully:134
Progress: Sat, 20 Feb 2016 14:24:20+0100  Submitted:122  Finished successfully:134
Progress: Sat, 20 Feb 2016 14:24:50+0100  Submitted:122  Finished successfully:134
Progress: Sat, 20 Feb 2016 14:25:20+0100  Submitted:122  Finished successfully:134
Progress: Sat, 20 Feb 2016 14:25:50+0100  Submitted:122  Finished successfully:134
Progress: Sat, 20 Feb 2016 14:26:20+0100  Submitted:122  Finished successfully:134
Progress: Sat, 20 Feb 2016 14:26:50+0100  Submitted:122  Finished successfully:134
Progress: Sat, 20 Feb 2016 14:27:20+0100  Submitted:122  Finished successfully:134
Progress: Sat, 20 Feb 2016 14:27:50+0100  Submitted:122  Finished successfully:134
Progress: Sat, 20 Feb 2016 14:28:20+0100  Submitted:122  Finished successfully:134
Progress: Sat, 20 Feb 2016 14:28:50+0100  Submitted:122  Finished successfully:134
Progress: Sat, 20 Feb 2016 14:29:20+0100  Submitted:122  Finished successfully:134
Progress: Sat, 20 Feb 2016 14:29:50+0100  Submitted:122  Finished successfully:134
Progress: Sat, 20 Feb 2016 14:30:20+0100  Submitted:122  Finished successfully:134
Progress: Sat, 20 Feb 2016 14:30:50+0100  Submitted:122  Finished successfully:134
Progress: Sat, 20 Feb 2016 14:31:20+0100  Submitted:122  Finished successfully:134
Progress: Sat, 20 Feb 2016 14:31:50+0100  Submitted:122  Finished successfully:134
Progress: Sat, 20 Feb 2016 14:32:20+0100  Submitted:122  Finished successfully:134
Progress: Sat, 20 Feb 2016 14:32:50+0100  Submitted:122  Finished successfully:134
Progress: Sat, 20 Feb 2016 14:33:20+0100  Submitted:122  Finished successfully:134
Progress: Sat, 20 Feb 2016 14:33:50+0100  Submitted:122  Finished successfully:134
Progress: Sat, 20 Feb 2016 14:34:20+0100  Submitted:122  Finished successfully:134
Progress: Sat, 20 Feb 2016 14:34:50+0100  Submitted:122  Finished successfully:134
Progress: Sat, 20 Feb 2016 14:35:20+0100  Submitted:122  Finished successfully:134
Progress: Sat, 20 Feb 2016 14:35:50+0100  Submitted:122  Finished successfully:134
Progress: Sat, 20 Feb 2016 14:36:20+0100  Submitted:122  Finished successfully:134
Progress: Sat, 20 Feb 2016 14:36:50+0100  Submitted:122  Finished successfully:134
Progress: Sat, 20 Feb 2016 14:37:20+0100  Submitted:122  Finished successfully:134
Progress: Sat, 20 Feb 2016 14:37:50+0100  Submitted:122  Finished successfully:134
Progress: Sat, 20 Feb 2016 14:38:20+0100  Submitted:122  Finished successfully:134
Progress: Sat, 20 Feb 2016 14:38:50+0100  Submitted:122  Finished successfully:134
Progress: Sat, 20 Feb 2016 14:39:20+0100  Submitted:122  Finished successfully:134
Progress: Sat, 20 Feb 2016 14:39:50+0100  Submitted:122  Finished successfully:134
Progress: Sat, 20 Feb 2016 14:40:20+0100  Submitted:122  Finished successfully:134
Progress: Sat, 20 Feb 2016 14:40:50+0100  Submitted:122  Finished successfully:134
Progress: Sat, 20 Feb 2016 14:41:20+0100  Submitted:122  Finished successfully:134
Progress: Sat, 20 Feb 2016 14:41:50+0100  Submitted:122  Finished successfully:134
Progress: Sat, 20 Feb 2016 14:42:20+0100  Submitted:122  Finished successfully:134
Progress: Sat, 20 Feb 2016 14:42:50+0100  Submitted:122  Finished successfully:134
Progress: Sat, 20 Feb 2016 14:43:20+0100  Submitted:122  Finished successfully:134
Progress: Sat, 20 Feb 2016 14:43:50+0100  Submitted:122  Finished successfully:134
Progress: Sat, 20 Feb 2016 14:44:20+0100  Submitted:122  Finished successfully:134
Progress: Sat, 20 Feb 2016 14:44:50+0100  Submitted:122  Finished successfully:134
Progress: Sat, 20 Feb 2016 14:45:20+0100  Submitted:122  Finished successfully:134
Progress: Sat, 20 Feb 2016 14:45:50+0100  Submitted:122  Finished successfully:134
Progress: Sat, 20 Feb 2016 14:46:20+0100  Submitted:122  Finished successfully:134
Progress: Sat, 20 Feb 2016 14:46:50+0100  Submitted:122  Finished successfully:134
Progress: Sat, 20 Feb 2016 14:47:20+0100  Submitted:122  Finished successfully:134
Progress: Sat, 20 Feb 2016 14:47:50+0100  Submitted:122  Finished successfully:134
Progress: Sat, 20 Feb 2016 14:48:20+0100  Submitted:122  Finished successfully:134
Progress: Sat, 20 Feb 2016 14:48:50+0100  Submitted:122  Finished successfully:134
Progress: Sat, 20 Feb 2016 14:49:20+0100  Submitted:122  Finished successfully:134
Progress: Sat, 20 Feb 2016 14:49:50+0100  Submitted:122  Finished successfully:134
Progress: Sat, 20 Feb 2016 14:50:20+0100  Submitted:122  Finished successfully:134
Progress: Sat, 20 Feb 2016 14:50:50+0100  Submitted:122  Finished successfully:134
Progress: Sat, 20 Feb 2016 14:51:20+0100  Submitted:122  Finished successfully:134
Progress: Sat, 20 Feb 2016 14:51:50+0100  Submitted:122  Finished successfully:134
Progress: Sat, 20 Feb 2016 14:52:20+0100  Submitted:122  Finished successfully:134
Progress: Sat, 20 Feb 2016 14:52:50+0100  Submitted:122  Finished successfully:134
Progress: Sat, 20 Feb 2016 14:53:20+0100  Submitted:122  Finished successfully:134
Progress: Sat, 20 Feb 2016 14:53:50+0100  Submitted:122  Finished successfully:134
Progress: Sat, 20 Feb 2016 14:54:20+0100  Submitted:122  Finished successfully:134
Progress: Sat, 20 Feb 2016 14:54:50+0100  Submitted:122  Finished successfully:134
Progress: Sat, 20 Feb 2016 14:55:20+0100  Submitted:122  Finished successfully:134
Progress: Sat, 20 Feb 2016 14:55:50+0100  Submitted:122  Finished successfully:134
Progress: Sat, 20 Feb 2016 14:56:20+0100  Submitted:122  Finished successfully:134
Progress: Sat, 20 Feb 2016 14:56:50+0100  Submitted:122  Finished successfully:134
Progress: Sat, 20 Feb 2016 14:57:20+0100  Submitted:122  Finished successfully:134
Progress: Sat, 20 Feb 2016 14:57:50+0100  Submitted:122  Finished successfully:134
Progress: Sat, 20 Feb 2016 14:58:20+0100  Submitted:122  Finished successfully:134
Progress: Sat, 20 Feb 2016 14:58:50+0100  Submitted:122  Finished successfully:134
Progress: Sat, 20 Feb 2016 14:59:20+0100  Submitted:122  Finished successfully:134
Progress: Sat, 20 Feb 2016 14:59:50+0100  Submitted:122  Finished successfully:134
Progress: Sat, 20 Feb 2016 15:00:20+0100  Submitted:122  Finished successfully:134
Progress: Sat, 20 Feb 2016 15:00:50+0100  Submitted:122  Finished successfully:134
Progress: Sat, 20 Feb 2016 15:01:20+0100  Submitted:122  Finished successfully:134
Progress: Sat, 20 Feb 2016 15:01:50+0100  Submitted:122  Finished successfully:134
Progress: Sat, 20 Feb 2016 15:02:20+0100  Submitted:122  Finished successfully:134
Progress: Sat, 20 Feb 2016 15:02:50+0100  Submitted:122  Finished successfully:134
Progress: Sat, 20 Feb 2016 15:03:20+0100  Submitted:122  Finished successfully:134
Progress: Sat, 20 Feb 2016 15:03:50+0100  Submitted:122  Finished successfully:134
Progress: Sat, 20 Feb 2016 15:04:20+0100  Submitted:122  Finished successfully:134
Progress: Sat, 20 Feb 2016 15:04:50+0100  Submitted:122  Finished successfully:134
Progress: Sat, 20 Feb 2016 15:05:20+0100  Submitted:122  Finished successfully:134
Progress: Sat, 20 Feb 2016 15:05:50+0100  Submitted:122  Finished successfully:134
Progress: Sat, 20 Feb 2016 15:06:20+0100  Submitted:122  Finished successfully:134
Progress: Sat, 20 Feb 2016 15:06:50+0100  Submitted:122  Finished successfully:134
Progress: Sat, 20 Feb 2016 15:07:20+0100  Submitted:122  Finished successfully:134
Progress: Sat, 20 Feb 2016 15:07:50+0100  Submitted:122  Finished successfully:134
Progress: Sat, 20 Feb 2016 15:08:20+0100  Submitted:122  Finished successfully:134
Progress: Sat, 20 Feb 2016 15:08:50+0100  Submitted:122  Finished successfully:134
Progress: Sat, 20 Feb 2016 15:09:20+0100  Submitted:122  Finished successfully:134
Progress: Sat, 20 Feb 2016 15:09:50+0100  Submitted:122  Finished successfully:134
Progress: Sat, 20 Feb 2016 15:10:20+0100  Submitted:122  Finished successfully:134
Progress: Sat, 20 Feb 2016 15:10:50+0100  Submitted:122  Finished successfully:134
Progress: Sat, 20 Feb 2016 15:11:20+0100  Submitted:122  Finished successfully:134
Progress: Sat, 20 Feb 2016 15:11:50+0100  Submitted:122  Finished successfully:134
Progress: Sat, 20 Feb 2016 15:12:20+0100  Submitted:122  Finished successfully:134
Progress: Sat, 20 Feb 2016 15:12:50+0100  Submitted:122  Finished successfully:134
Progress: Sat, 20 Feb 2016 15:13:20+0100  Submitted:122  Finished successfully:134
Progress: Sat, 20 Feb 2016 15:13:50+0100  Submitted:122  Finished successfully:134
Progress: Sat, 20 Feb 2016 15:14:20+0100  Submitted:122  Finished successfully:134
Progress: Sat, 20 Feb 2016 15:14:50+0100  Submitted:122  Finished successfully:134
Progress: Sat, 20 Feb 2016 15:15:20+0100  Submitted:122  Finished successfully:134
Progress: Sat, 20 Feb 2016 15:15:50+0100  Submitted:122  Finished successfully:134
Progress: Sat, 20 Feb 2016 15:16:20+0100  Submitted:122  Finished successfully:134
Progress: Sat, 20 Feb 2016 15:16:50+0100  Submitted:122  Finished successfully:134
Progress: Sat, 20 Feb 2016 15:17:20+0100  Submitted:122  Finished successfully:134
Progress: Sat, 20 Feb 2016 15:17:50+0100  Submitted:122  Finished successfully:134
Progress: Sat, 20 Feb 2016 15:18:20+0100  Submitted:122  Finished successfully:134
Progress: Sat, 20 Feb 2016 15:18:50+0100  Submitted:122  Finished successfully:134
Progress: Sat, 20 Feb 2016 15:19:20+0100  Submitted:122  Finished successfully:134
Progress: Sat, 20 Feb 2016 15:19:50+0100  Submitted:122  Finished successfully:134
Progress: Sat, 20 Feb 2016 15:20:20+0100  Submitted:122  Finished successfully:134
Progress: Sat, 20 Feb 2016 15:20:50+0100  Submitted:122  Finished successfully:134
Progress: Sat, 20 Feb 2016 15:21:20+0100  Submitted:122  Finished successfully:134
Progress: Sat, 20 Feb 2016 15:21:50+0100  Submitted:122  Finished successfully:134
Progress: Sat, 20 Feb 2016 15:22:20+0100  Submitted:122  Finished successfully:134
Progress: Sat, 20 Feb 2016 15:22:50+0100  Submitted:122  Finished successfully:134
Progress: Sat, 20 Feb 2016 15:23:20+0100  Submitted:122  Finished successfully:134
Progress: Sat, 20 Feb 2016 15:23:50+0100  Submitted:122  Finished successfully:134
Progress: Sat, 20 Feb 2016 15:24:20+0100  Submitted:122  Finished successfully:134
Progress: Sat, 20 Feb 2016 15:24:50+0100  Submitted:122  Finished successfully:134
Progress: Sat, 20 Feb 2016 15:25:20+0100  Submitted:122  Finished successfully:134
Progress: Sat, 20 Feb 2016 15:25:50+0100  Submitted:122  Finished successfully:134
Progress: Sat, 20 Feb 2016 15:26:20+0100  Submitted:122  Finished successfully:134
Progress: Sat, 20 Feb 2016 15:26:50+0100  Submitted:122  Finished successfully:134
Progress: Sat, 20 Feb 2016 15:27:20+0100  Submitted:122  Finished successfully:134
Progress: Sat, 20 Feb 2016 15:27:50+0100  Submitted:122  Finished successfully:134
Progress: Sat, 20 Feb 2016 15:28:20+0100  Submitted:122  Finished successfully:134
Progress: Sat, 20 Feb 2016 15:28:50+0100  Submitted:122  Finished successfully:134
Progress: Sat, 20 Feb 2016 15:29:20+0100  Submitted:122  Finished successfully:134
Progress: Sat, 20 Feb 2016 15:29:50+0100  Submitted:122  Finished successfully:134
Progress: Sat, 20 Feb 2016 15:30:20+0100  Submitted:122  Finished successfully:134
Progress: Sat, 20 Feb 2016 15:30:50+0100  Submitted:122  Finished successfully:134
Progress: Sat, 20 Feb 2016 15:31:20+0100  Submitted:122  Finished successfully:134
Progress: Sat, 20 Feb 2016 15:31:50+0100  Submitted:122  Finished successfully:134
Progress: Sat, 20 Feb 2016 15:32:20+0100  Submitted:122  Finished successfully:134
Progress: Sat, 20 Feb 2016 15:32:50+0100  Submitted:122  Finished successfully:134
Progress: Sat, 20 Feb 2016 15:33:20+0100  Submitted:122  Finished successfully:134
Progress: Sat, 20 Feb 2016 15:33:50+0100  Submitted:122  Finished successfully:134
Progress: Sat, 20 Feb 2016 15:34:20+0100  Submitted:122  Finished successfully:134
Progress: Sat, 20 Feb 2016 15:34:50+0100  Submitted:122  Finished successfully:134
Progress: Sat, 20 Feb 2016 15:35:20+0100  Submitted:122  Finished successfully:134
Progress: Sat, 20 Feb 2016 15:35:50+0100  Submitted:122  Finished successfully:134
Progress: Sat, 20 Feb 2016 15:36:20+0100  Submitted:122  Finished successfully:134
Progress: Sat, 20 Feb 2016 15:36:50+0100  Submitted:122  Finished successfully:134
Progress: Sat, 20 Feb 2016 15:37:20+0100  Submitted:122  Finished successfully:134
Progress: Sat, 20 Feb 2016 15:37:50+0100  Submitted:122  Finished successfully:134
Progress: Sat, 20 Feb 2016 15:38:20+0100  Submitted:122  Finished successfully:134
Progress: Sat, 20 Feb 2016 15:38:50+0100  Submitted:122  Finished successfully:134
Progress: Sat, 20 Feb 2016 15:39:20+0100  Submitted:122  Finished successfully:134
Progress: Sat, 20 Feb 2016 15:39:50+0100  Submitted:122  Finished successfully:134
Progress: Sat, 20 Feb 2016 15:40:20+0100  Submitted:122  Finished successfully:134
Progress: Sat, 20 Feb 2016 15:40:50+0100  Submitted:122  Finished successfully:134
Progress: Sat, 20 Feb 2016 15:41:20+0100  Submitted:122  Finished successfully:134
Progress: Sat, 20 Feb 2016 15:41:50+0100  Submitted:122  Finished successfully:134
Progress: Sat, 20 Feb 2016 15:42:20+0100  Submitted:122  Finished successfully:134
Progress: Sat, 20 Feb 2016 15:42:50+0100  Submitted:122  Finished successfully:134
Progress: Sat, 20 Feb 2016 15:43:20+0100  Submitted:122  Finished successfully:134
Progress: Sat, 20 Feb 2016 15:43:50+0100  Submitted:122  Finished successfully:134
Progress: Sat, 20 Feb 2016 15:44:20+0100  Submitted:122  Finished successfully:134
Progress: Sat, 20 Feb 2016 15:44:50+0100  Submitted:122  Finished successfully:134
Progress: Sat, 20 Feb 2016 15:45:20+0100  Submitted:122  Finished successfully:134
Progress: Sat, 20 Feb 2016 15:45:50+0100  Submitted:122  Finished successfully:134
Progress: Sat, 20 Feb 2016 15:46:20+0100  Submitted:122  Finished successfully:134
Progress: Sat, 20 Feb 2016 15:46:50+0100  Submitted:122  Finished successfully:134
Progress: Sat, 20 Feb 2016 15:47:20+0100  Submitted:122  Finished successfully:134
Progress: Sat, 20 Feb 2016 15:47:50+0100  Submitted:122  Finished successfully:134
Progress: Sat, 20 Feb 2016 15:48:20+0100  Submitted:122  Finished successfully:134
Progress: Sat, 20 Feb 2016 15:48:50+0100  Submitted:122  Finished successfully:134
Progress: Sat, 20 Feb 2016 15:49:20+0100  Submitted:122  Finished successfully:134
Progress: Sat, 20 Feb 2016 15:49:50+0100  Submitted:122  Finished successfully:134
Progress: Sat, 20 Feb 2016 15:50:20+0100  Submitted:122  Finished successfully:134
Progress: Sat, 20 Feb 2016 15:50:50+0100  Submitted:122  Finished successfully:134
Progress: Sat, 20 Feb 2016 15:51:20+0100  Submitted:122  Finished successfully:134
Progress: Sat, 20 Feb 2016 15:51:50+0100  Submitted:122  Finished successfully:134
Progress: Sat, 20 Feb 2016 15:52:20+0100  Submitted:122  Finished successfully:134
Progress: Sat, 20 Feb 2016 15:52:50+0100  Submitted:122  Finished successfully:134
Progress: Sat, 20 Feb 2016 15:53:20+0100  Submitted:122  Finished successfully:134
Progress: Sat, 20 Feb 2016 15:53:50+0100  Submitted:122  Finished successfully:134
Progress: Sat, 20 Feb 2016 15:54:20+0100  Submitted:122  Finished successfully:134
Progress: Sat, 20 Feb 2016 15:54:50+0100  Submitted:122  Finished successfully:134
Progress: Sat, 20 Feb 2016 15:55:20+0100  Submitted:122  Finished successfully:134
Progress: Sat, 20 Feb 2016 15:55:50+0100  Submitted:122  Finished successfully:134
Progress: Sat, 20 Feb 2016 15:56:20+0100  Submitted:122  Finished successfully:134
Progress: Sat, 20 Feb 2016 15:56:50+0100  Submitted:122  Finished successfully:134
Progress: Sat, 20 Feb 2016 15:57:20+0100  Submitted:122  Finished successfully:134
Progress: Sat, 20 Feb 2016 15:57:50+0100  Submitted:122  Finished successfully:134
Progress: Sat, 20 Feb 2016 15:58:20+0100  Submitted:122  Finished successfully:134
Progress: Sat, 20 Feb 2016 15:58:50+0100  Submitted:122  Finished successfully:134
Progress: Sat, 20 Feb 2016 15:59:20+0100  Submitted:122  Finished successfully:134
Progress: Sat, 20 Feb 2016 15:59:50+0100  Submitted:122  Finished successfully:134
Progress: Sat, 20 Feb 2016 16:00:20+0100  Submitted:122  Finished successfully:134
Progress: Sat, 20 Feb 2016 16:00:50+0100  Submitted:122  Finished successfully:134
Progress: Sat, 20 Feb 2016 16:01:20+0100  Submitted:122  Finished successfully:134
Progress: Sat, 20 Feb 2016 16:01:50+0100  Submitted:122  Finished successfully:134
Progress: Sat, 20 Feb 2016 16:02:20+0100  Submitted:122  Finished successfully:134
Progress: Sat, 20 Feb 2016 16:02:50+0100  Submitted:122  Finished successfully:134
Progress: Sat, 20 Feb 2016 16:03:20+0100  Submitted:122  Finished successfully:134
Progress: Sat, 20 Feb 2016 16:03:50+0100  Submitted:122  Finished successfully:134
Progress: Sat, 20 Feb 2016 16:04:20+0100  Submitted:122  Finished successfully:134
Progress: Sat, 20 Feb 2016 16:04:50+0100  Submitted:122  Finished successfully:134
Progress: Sat, 20 Feb 2016 16:05:20+0100  Submitted:122  Finished successfully:134
Progress: Sat, 20 Feb 2016 16:05:50+0100  Submitted:122  Finished successfully:134
Progress: Sat, 20 Feb 2016 16:06:20+0100  Submitted:122  Finished successfully:134
Progress: Sat, 20 Feb 2016 16:06:50+0100  Submitted:122  Finished successfully:134
Progress: Sat, 20 Feb 2016 16:07:20+0100  Submitted:122  Finished successfully:134
Progress: Sat, 20 Feb 2016 16:07:50+0100  Submitted:122  Finished successfully:134
Progress: Sat, 20 Feb 2016 16:08:20+0100  Submitted:122  Finished successfully:134
Progress: Sat, 20 Feb 2016 16:08:51+0100  Submitted:122  Finished successfully:134
Progress: Sat, 20 Feb 2016 16:09:21+0100  Submitted:122  Finished successfully:134
Progress: Sat, 20 Feb 2016 16:09:51+0100  Submitted:122  Finished successfully:134
Progress: Sat, 20 Feb 2016 16:10:21+0100  Submitted:122  Finished successfully:134
Progress: Sat, 20 Feb 2016 16:10:26+0100  Submitted:106  Active:16  Finished successfully:134
Progress: Sat, 20 Feb 2016 16:10:56+0100  Submitted:106  Active:16  Finished successfully:134
Progress: Sat, 20 Feb 2016 16:11:24+0100  Stage in:1  Submitted:90  Active:31  Finished successfully:134
Progress: Sat, 20 Feb 2016 16:11:25+0100  Stage in:2  Submitted:74  Active:46  Finished successfully:134
Progress: Sat, 20 Feb 2016 16:11:26+0100  Submitted:74  Active:48  Finished successfully:134
Progress: Sat, 20 Feb 2016 16:11:56+0100  Submitted:74  Active:48  Finished successfully:134
Progress: Sat, 20 Feb 2016 16:12:25+0100  Stage in:10  Submitted:58  Active:54  Finished successfully:134
Progress: Sat, 20 Feb 2016 16:12:26+0100  Submitted:58  Active:64  Finished successfully:134
Progress: Sat, 20 Feb 2016 16:12:56+0100  Submitted:58  Active:64  Finished successfully:134
Progress: Sat, 20 Feb 2016 16:13:26+0100  Submitted:58  Active:64  Finished successfully:134
Progress: Sat, 20 Feb 2016 16:13:56+0100  Submitted:58  Active:64  Finished successfully:134
Progress: Sat, 20 Feb 2016 16:14:25+0100  Stage in:4  Submitted:42  Active:76  Finished successfully:134
Progress: Sat, 20 Feb 2016 16:14:26+0100  Submitted:26  Active:96  Finished successfully:134
Progress: Sat, 20 Feb 2016 16:14:56+0100  Submitted:26  Active:96  Finished successfully:134
Progress: Sat, 20 Feb 2016 16:15:26+0100  Submitted:26  Active:96  Finished successfully:134
Progress: Sat, 20 Feb 2016 16:15:56+0100  Submitted:26  Active:96  Finished successfully:134
Progress: Sat, 20 Feb 2016 16:16:25+0100  Submitted:10  Active:112  Finished successfully:134
Progress: Sat, 20 Feb 2016 16:16:26+0100  Active:122  Finished successfully:134
Progress: Sat, 20 Feb 2016 16:16:56+0100  Active:122  Finished successfully:134
Progress: Sat, 20 Feb 2016 16:17:26+0100  Active:122  Finished successfully:134
Progress: Sat, 20 Feb 2016 16:17:56+0100  Active:122  Finished successfully:134
Progress: Sat, 20 Feb 2016 16:18:26+0100  Active:122  Finished successfully:134
Progress: Sat, 20 Feb 2016 16:18:56+0100  Active:122  Finished successfully:134
Progress: Sat, 20 Feb 2016 16:19:26+0100  Active:122  Finished successfully:134
Progress: Sat, 20 Feb 2016 16:19:56+0100  Active:122  Finished successfully:134
Progress: Sat, 20 Feb 2016 16:20:26+0100  Active:122  Finished successfully:134
Progress: Sat, 20 Feb 2016 16:20:56+0100  Active:122  Finished successfully:134
Progress: Sat, 20 Feb 2016 16:21:26+0100  Active:122  Finished successfully:134
Progress: Sat, 20 Feb 2016 16:21:56+0100  Active:122  Finished successfully:134
Progress: Sat, 20 Feb 2016 16:22:26+0100  Active:122  Finished successfully:134
Progress: Sat, 20 Feb 2016 16:22:56+0100  Active:122  Finished successfully:134
Progress: Sat, 20 Feb 2016 16:23:26+0100  Active:122  Finished successfully:134
Progress: Sat, 20 Feb 2016 16:23:56+0100  Active:122  Finished successfully:134
Progress: Sat, 20 Feb 2016 16:24:26+0100  Active:122  Finished successfully:134
Progress: Sat, 20 Feb 2016 16:24:56+0100  Active:122  Finished successfully:134
Progress: Sat, 20 Feb 2016 16:25:26+0100  Active:106  Finished successfully:150
Progress: Sat, 20 Feb 2016 16:25:56+0100  Active:106  Finished successfully:150
Progress: Sat, 20 Feb 2016 16:26:24+0100  Active:90  Stage out:11  Finished successfully:155
Progress: Sat, 20 Feb 2016 16:26:25+0100  Active:75  Stage out:9  Finished successfully:172
Progress: Sat, 20 Feb 2016 16:26:26+0100  Active:74  Finished successfully:182
Progress: Sat, 20 Feb 2016 16:26:56+0100  Active:74  Finished successfully:182
Progress: Sat, 20 Feb 2016 16:27:25+0100  Active:58  Stage out:11  Finished successfully:187
Progress: Sat, 20 Feb 2016 16:27:26+0100  Active:58  Finished successfully:198
Progress: Sat, 20 Feb 2016 16:27:56+0100  Active:58  Finished successfully:198
Progress: Sat, 20 Feb 2016 16:28:26+0100  Active:58  Finished successfully:198
Progress: Sat, 20 Feb 2016 16:28:56+0100  Active:58  Finished successfully:198
Progress: Sat, 20 Feb 2016 16:29:25+0100  Active:42  Stage out:6  Finished successfully:208
Progress: Sat, 20 Feb 2016 16:29:26+0100  Active:26  Stage out:1  Finished successfully:229
Progress: Sat, 20 Feb 2016 16:29:27+0100  Active:26  Finished successfully:230
Progress: Sat, 20 Feb 2016 16:29:57+0100  Active:26  Finished successfully:230
Progress: Sat, 20 Feb 2016 16:30:27+0100  Active:26  Finished successfully:230
Progress: Sat, 20 Feb 2016 16:30:57+0100  Active:26  Finished successfully:230
Progress: Sat, 20 Feb 2016 16:31:25+0100  Active:10  Stage out:1  Finished successfully:245
Final status: Sat, 20 Feb 2016 16:31:25+0100  Finished successfully:256
