Swift 0.96.2 git-rev: b9611649002eecd640fc6c58bbb88cb35ce03539 heads/release-0.96-swift 6287 (modified locally)
RunID: run043
Progress: Mon, 07 Dec 2015 22:30:21+0000
Progress: Mon, 07 Dec 2015 22:30:22+0000  Submitting:64
Progress: Mon, 07 Dec 2015 22:30:50+0000  Submitting:9  Submitted:55
Progress: Mon, 07 Dec 2015 22:30:51+0000  Submitted:64
Progress: Mon, 07 Dec 2015 22:31:21+0000  Submitted:64
Progress: Mon, 07 Dec 2015 22:31:51+0000  Submitted:64
Progress: Mon, 07 Dec 2015 22:32:21+0000  Submitted:64
Progress: Mon, 07 Dec 2015 22:32:36+0000  Stage in:2  Submitted:48  Active:14
Progress: Mon, 07 Dec 2015 22:32:37+0000  Submitted:35  Active:29
Progress: Mon, 07 Dec 2015 22:33:07+0000  Submitted:35  Active:29
Progress: Mon, 07 Dec 2015 22:33:31+0000  Stage in:22  Submitted:13  Active:29
Progress: Mon, 07 Dec 2015 22:33:32+0000  Active:64
Progress: Mon, 07 Dec 2015 22:34:02+0000  Active:64
Progress: Mon, 07 Dec 2015 22:34:32+0000  Active:64
Progress: Mon, 07 Dec 2015 22:35:02+0000  Active:64
Progress: Mon, 07 Dec 2015 22:35:32+0000  Active:64
Progress: Mon, 07 Dec 2015 22:36:02+0000  Active:64
Progress: Mon, 07 Dec 2015 22:36:32+0000  Active:64
Progress: Mon, 07 Dec 2015 22:37:02+0000  Active:64
Progress: Mon, 07 Dec 2015 22:37:32+0000  Active:64
Progress: Mon, 07 Dec 2015 22:38:02+0000  Active:64
Progress: Mon, 07 Dec 2015 22:38:32+0000  Active:64
Progress: Mon, 07 Dec 2015 22:39:02+0000  Active:64
Progress: Mon, 07 Dec 2015 22:39:32+0000  Active:64
Progress: Mon, 07 Dec 2015 22:40:02+0000  Active:64
Progress: Mon, 07 Dec 2015 22:40:32+0000  Active:64
Progress: Mon, 07 Dec 2015 22:41:02+0000  Active:64
Progress: Mon, 07 Dec 2015 22:41:32+0000  Active:64
Progress: Mon, 07 Dec 2015 22:42:02+0000  Active:64
Progress: Mon, 07 Dec 2015 22:42:32+0000  Active:64
Progress: Mon, 07 Dec 2015 22:43:02+0000  Active:64
Progress: Mon, 07 Dec 2015 22:43:32+0000  Active:64
Progress: Mon, 07 Dec 2015 22:44:02+0000  Active:64
Progress: Mon, 07 Dec 2015 22:44:32+0000  Active:64
Progress: Mon, 07 Dec 2015 22:45:02+0000  Active:64
Progress: Mon, 07 Dec 2015 22:45:32+0000  Active:64
Progress: Mon, 07 Dec 2015 22:46:02+0000  Active:64
Progress: Mon, 07 Dec 2015 22:46:32+0000  Active:64
Progress: Mon, 07 Dec 2015 22:47:02+0000  Active:64
Progress: Mon, 07 Dec 2015 22:47:32+0000  Active:64
Progress: Mon, 07 Dec 2015 22:47:36+0000  Active:48  Stage out:9  Finished successfully:7
Progress: Mon, 07 Dec 2015 22:47:37+0000  Active:35  Finished successfully:29
Progress: Mon, 07 Dec 2015 22:48:07+0000  Active:35  Finished successfully:29
Progress: Mon, 07 Dec 2015 22:48:31+0000  Active:31  Stage out:4  Finished successfully:29
Progress: Mon, 07 Dec 2015 22:48:32+0000  Active:8  Stage out:20  Finished successfully:36
Final status: Mon, 07 Dec 2015 22:48:33+0000  Finished successfully:64
