-------------------------------------------------------------------------------------------------------
[2016-02-07 04:29:59] [scale 2048; binding late; distribution uniform; iteration 2; rerun 0] - Run 1/-3
[2016-02-07 04:29:59] [scale 2048; binding late; distribution uniform; iteration 2; rerun 0] - Root: run-2048_late_uniform_2/
[2016-02-07 04:29:59] [scale 2048; binding late; distribution uniform; iteration 2; rerun 0] - State: ACTIVE
[2016-02-07 04:30:02] [scale 2048; binding late; distribution uniform; iteration 2; rerun 0] - Session: rp.session.ip-10-184-31-85.mingtha.016838.0000
[2016-02-07 05:33:49] [scale 2048; binding late; distribution uniform; iteration 2; rerun 0] - State: DONE
-------------------------------------------------------------------------------------------------------
[2016-02-07 05:42:06] [scale 2048; binding late; distribution uniform; iteration 1; rerun 0] - Run 2/-2
[2016-02-07 05:42:06] [scale 2048; binding late; distribution uniform; iteration 1; rerun 0] - Root: run-2048_late_uniform_1/
[2016-02-07 05:42:06] [scale 2048; binding late; distribution uniform; iteration 1; rerun 0] - State: ACTIVE
[2016-02-07 05:42:08] [scale 2048; binding late; distribution uniform; iteration 1; rerun 0] - Session: rp.session.ip-10-184-31-85.mingtha.016838.0001
[2016-02-07 06:45:48] [scale 2048; binding late; distribution uniform; iteration 1; rerun 0] - State: DONE
-------------------------------------------------------------------------------------------------------
[2016-02-07 06:55:20] [scale 2048; binding late; distribution uniform; iteration 3; rerun 0] - Run 3/-1
[2016-02-07 06:55:20] [scale 2048; binding late; distribution uniform; iteration 3; rerun 0] - Root: run-2048_late_uniform_3/
[2016-02-07 06:55:20] [scale 2048; binding late; distribution uniform; iteration 3; rerun 0] - State: ACTIVE
[2016-02-07 06:55:21] [scale 2048; binding late; distribution uniform; iteration 3; rerun 0] - Session: rp.session.ip-10-184-31-85.mingtha.016838.0002
[2016-02-07 07:59:10] [scale 2048; binding late; distribution uniform; iteration 3; rerun 0] - State: DONE
-------------------------------------------------------------------------------------------------------
[2016-02-07 08:07:03] [scale 2048; binding late; distribution uniform; iteration 4; rerun 0] - Run 4/-0
[2016-02-07 08:07:03] [scale 2048; binding late; distribution uniform; iteration 4; rerun 0] - Root: run-2048_late_uniform_4/
[2016-02-07 08:07:03] [scale 2048; binding late; distribution uniform; iteration 4; rerun 0] - State: ACTIVE
[2016-02-07 08:07:04] [scale 2048; binding late; distribution uniform; iteration 4; rerun 0] - Session: rp.session.ip-10-184-31-85.mingtha.016838.0003
[2016-02-07 17:07:55] [scale 2048; binding late; distribution uniform; iteration 4; rerun 0] - State: FAILED
----------------------------------------------------------------------------------------------------
[2016-02-20 15:08:22] [scale 8; binding late; distribution uniform; iteration 4; rerun 0] - Run 1/-3
[2016-02-20 15:08:22] [scale 8; binding late; distribution uniform; iteration 4; rerun 0] - Root: run-8_late_uniform_4/
[2016-02-20 15:08:22] [scale 8; binding late; distribution uniform; iteration 4; rerun 0] - State: ACTIVE
[2016-02-20 15:08:30] [scale 8; binding late; distribution uniform; iteration 4; rerun 0] - Session: rp.session.lucille1.mingtaiha.016851.0000
[2016-02-20 15:25:55] [scale 8; binding late; distribution uniform; iteration 4; rerun 0] - State: DONE
----------------------------------------------------------------------------------------------------
[2016-02-20 15:26:07] [scale 8; binding late; distribution uniform; iteration 1; rerun 0] - Run 2/-2
[2016-02-20 15:26:07] [scale 8; binding late; distribution uniform; iteration 1; rerun 0] - Root: run-8_late_uniform_1/
[2016-02-20 15:26:07] [scale 8; binding late; distribution uniform; iteration 1; rerun 0] - State: ACTIVE
[2016-02-20 15:26:12] [scale 8; binding late; distribution uniform; iteration 1; rerun 0] - Session: rp.session.lucille1.mingtaiha.016851.0001
[2016-02-20 15:26:23] [scale 8; binding late; distribution uniform; iteration 1; rerun 0] - State: FAILED
----------------------------------------------------------------------------------------------------
[2016-02-20 15:30:36] [scale 8; binding late; distribution uniform; iteration 1; rerun 0] - Run 1/-0
[2016-02-20 15:30:36] [scale 8; binding late; distribution uniform; iteration 1; rerun 0] - Root: run-8_late_uniform_1/
[2016-02-20 15:30:36] [scale 8; binding late; distribution uniform; iteration 1; rerun 0] - State: ACTIVE
[2016-02-20 15:30:37] [scale 8; binding late; distribution uniform; iteration 1; rerun 0] - Session: rp.session.lucille1.mingtaiha.016851.0002
[2016-02-20 15:49:04] [scale 8; binding late; distribution uniform; iteration 1; rerun 0] - State: DONE
----------------------------------------------------------------------------------------------------
[2016-02-20 20:02:31] [scale 8; binding late; distribution uniform; iteration 1; rerun 0] - Run 1/-0
[2016-02-20 20:02:31] [scale 8; binding late; distribution uniform; iteration 1; rerun 0] - Root: run-8_late_uniform_1/
[2016-02-20 20:02:31] [scale 8; binding late; distribution uniform; iteration 1; rerun 0] - State: ACTIVE
[2016-02-20 20:02:34] [scale 8; binding late; distribution uniform; iteration 1; rerun 0] - Session: rp.session.lucille1.mingtaiha.016852.0000
[2016-02-20 20:20:03] [scale 8; binding late; distribution uniform; iteration 1; rerun 0] - State: DONE
-------------------------------------------------------------------------------------------------------
[2016-02-20 20:23:08] [scale 512; binding late; distribution uniform; iteration 3; rerun 0] - Run 1/-11
[2016-02-20 20:23:08] [scale 512; binding late; distribution uniform; iteration 3; rerun 0] - Root: run-512_late_uniform_3/
[2016-02-20 20:23:08] [scale 512; binding late; distribution uniform; iteration 3; rerun 0] - State: ACTIVE
[2016-02-20 20:23:09] [scale 512; binding late; distribution uniform; iteration 3; rerun 0] - Session: rp.session.lucille1.mingtaiha.016852.0001
[2016-02-20 21:09:28] [scale 512; binding late; distribution uniform; iteration 3; rerun 0] - State: DONE
-------------------------------------------------------------------------------------------------------
[2016-02-20 21:09:47] [scale 512; binding late; distribution uniform; iteration 1; rerun 0] - Run 2/-10
[2016-02-20 21:09:47] [scale 512; binding late; distribution uniform; iteration 1; rerun 0] - Root: run-512_late_uniform_1/
[2016-02-20 21:09:47] [scale 512; binding late; distribution uniform; iteration 1; rerun 0] - State: ACTIVE
[2016-02-20 21:09:49] [scale 512; binding late; distribution uniform; iteration 1; rerun 0] - Session: rp.session.lucille1.mingtaiha.016852.0002
[2016-02-21 00:59:57] [scale 512; binding late; distribution uniform; iteration 1; rerun 0] - State: DONE
------------------------------------------------------------------------------------------------------
[2016-02-21 01:00:19] [scale 128; binding late; distribution uniform; iteration 4; rerun 0] - Run 3/-9
[2016-02-21 01:00:19] [scale 128; binding late; distribution uniform; iteration 4; rerun 0] - Root: run-128_late_uniform_4/
[2016-02-21 01:00:19] [scale 128; binding late; distribution uniform; iteration 4; rerun 0] - State: ACTIVE
[2016-02-21 01:00:21] [scale 128; binding late; distribution uniform; iteration 4; rerun 0] - Session: rp.session.lucille1.mingtaiha.016852.0003
[2016-02-21 06:15:22] [scale 128; binding late; distribution uniform; iteration 4; rerun 0] - State: DONE
------------------------------------------------------------------------------------------------------
[2016-02-21 06:15:33] [scale 512; binding late; distribution uniform; iteration 4; rerun 0] - Run 4/-8
[2016-02-21 06:15:33] [scale 512; binding late; distribution uniform; iteration 4; rerun 0] - Root: run-512_late_uniform_4/
[2016-02-21 06:15:33] [scale 512; binding late; distribution uniform; iteration 4; rerun 0] - State: ACTIVE
[2016-02-21 06:15:34] [scale 512; binding late; distribution uniform; iteration 4; rerun 0] - Session: rp.session.lucille1.mingtaiha.016852.0004
[2016-02-21 08:38:34] [scale 512; binding late; distribution uniform; iteration 4; rerun 0] - State: DONE
------------------------------------------------------------------------------------------------------
[2016-02-21 08:38:47] [scale 128; binding late; distribution uniform; iteration 1; rerun 0] - Run 5/-7
[2016-02-21 08:38:47] [scale 128; binding late; distribution uniform; iteration 1; rerun 0] - Root: run-128_late_uniform_1/
[2016-02-21 08:38:47] [scale 128; binding late; distribution uniform; iteration 1; rerun 0] - State: ACTIVE
[2016-02-21 08:38:49] [scale 128; binding late; distribution uniform; iteration 1; rerun 0] - Session: rp.session.lucille1.mingtaiha.016852.0005
[2016-02-21 09:39:30] [scale 128; binding late; distribution uniform; iteration 1; rerun 0] - State: DONE
------------------------------------------------------------------------------------------------------
[2016-02-21 09:39:50] [scale 128; binding late; distribution uniform; iteration 2; rerun 0] - Run 6/-6
[2016-02-21 09:39:50] [scale 128; binding late; distribution uniform; iteration 2; rerun 0] - Root: run-128_late_uniform_2/
[2016-02-21 09:39:50] [scale 128; binding late; distribution uniform; iteration 2; rerun 0] - State: ACTIVE
[2016-02-21 09:39:51] [scale 128; binding late; distribution uniform; iteration 2; rerun 0] - Session: rp.session.lucille1.mingtaiha.016852.0006
[2016-02-21 12:57:39] [scale 128; binding late; distribution uniform; iteration 2; rerun 0] - State: DONE
-------------------------------------------------------------------------------------------------------
[2016-02-21 12:58:03] [scale 1024; binding late; distribution uniform; iteration 2; rerun 0] - Run 7/-5
[2016-02-21 12:58:03] [scale 1024; binding late; distribution uniform; iteration 2; rerun 0] - Root: run-1024_late_uniform_2/
[2016-02-21 12:58:03] [scale 1024; binding late; distribution uniform; iteration 2; rerun 0] - State: ACTIVE
[2016-02-21 12:58:09] [scale 1024; binding late; distribution uniform; iteration 2; rerun 0] - Session: rp.session.lucille1.mingtaiha.016852.0007
[2016-02-21 19:14:17] [scale 1024; binding late; distribution uniform; iteration 2; rerun 0] - State: DONE
-------------------------------------------------------------------------------------------------------
[2016-02-21 19:14:33] [scale 1024; binding late; distribution uniform; iteration 3; rerun 0] - Run 8/-4
[2016-02-21 19:14:33] [scale 1024; binding late; distribution uniform; iteration 3; rerun 0] - Root: run-1024_late_uniform_3/
[2016-02-21 19:14:33] [scale 1024; binding late; distribution uniform; iteration 3; rerun 0] - State: ACTIVE
[2016-02-21 19:14:35] [scale 1024; binding late; distribution uniform; iteration 3; rerun 0] - Session: rp.session.lucille1.mingtaiha.016853.0000
[2016-02-22 01:20:09] [scale 1024; binding late; distribution uniform; iteration 3; rerun 0] - State: DONE
------------------------------------------------------------------------------------------------------
[2016-02-22 01:20:18] [scale 128; binding late; distribution uniform; iteration 3; rerun 0] - Run 9/-3
[2016-02-22 01:20:18] [scale 128; binding late; distribution uniform; iteration 3; rerun 0] - Root: run-128_late_uniform_3/
[2016-02-22 01:20:18] [scale 128; binding late; distribution uniform; iteration 3; rerun 0] - State: ACTIVE
[2016-02-22 01:20:19] [scale 128; binding late; distribution uniform; iteration 3; rerun 0] - Session: rp.session.lucille1.mingtaiha.016853.0001
[2016-02-22 06:21:14] [scale 128; binding late; distribution uniform; iteration 3; rerun 0] - State: DONE
-------------------------------------------------------------------------------------------------------
[2016-02-22 06:21:21] [scale 512; binding late; distribution uniform; iteration 2; rerun 0] - Run 10/-2
[2016-02-22 06:21:21] [scale 512; binding late; distribution uniform; iteration 2; rerun 0] - Root: run-512_late_uniform_2/
[2016-02-22 06:21:21] [scale 512; binding late; distribution uniform; iteration 2; rerun 0] - State: ACTIVE
[2016-02-22 06:21:23] [scale 512; binding late; distribution uniform; iteration 2; rerun 0] - Session: rp.session.lucille1.mingtaiha.016853.0002
[2016-02-22 12:03:36] [scale 512; binding late; distribution uniform; iteration 2; rerun 0] - State: DONE
--------------------------------------------------------------------------------------------------------
[2016-02-22 12:03:52] [scale 1024; binding late; distribution uniform; iteration 4; rerun 0] - Run 11/-1
[2016-02-22 12:03:52] [scale 1024; binding late; distribution uniform; iteration 4; rerun 0] - Root: run-1024_late_uniform_4/
[2016-02-22 12:03:52] [scale 1024; binding late; distribution uniform; iteration 4; rerun 0] - State: ACTIVE
[2016-02-22 12:03:57] [scale 1024; binding late; distribution uniform; iteration 4; rerun 0] - Session: rp.session.lucille1.mingtaiha.016853.0003
[2016-02-22 21:32:15] [scale 1024; binding late; distribution uniform; iteration 4; rerun 0] - State: DONE
--------------------------------------------------------------------------------------------------------
[2016-02-22 21:32:25] [scale 1024; binding late; distribution uniform; iteration 1; rerun 0] - Run 12/-0
[2016-02-22 21:32:25] [scale 1024; binding late; distribution uniform; iteration 1; rerun 0] - Root: run-1024_late_uniform_1/
[2016-02-22 21:32:25] [scale 1024; binding late; distribution uniform; iteration 1; rerun 0] - State: ACTIVE
[2016-02-22 21:32:26] [scale 1024; binding late; distribution uniform; iteration 1; rerun 0] - Session: rp.session.lucille1.mingtaiha.016854.0000
----------------------------------------------------------------------------------------------------
[2016-02-24 03:22:11] [scale 8; binding late; distribution uniform; iteration 1; rerun 0] - Run 1/-0
[2016-02-24 03:22:11] [scale 8; binding late; distribution uniform; iteration 1; rerun 0] - Root: run-8_late_uniform_1/
[2016-02-24 03:22:11] [scale 8; binding late; distribution uniform; iteration 1; rerun 0] - State: ACTIVE
[2016-02-24 03:22:12] [scale 8; binding late; distribution uniform; iteration 1; rerun 0] - State: FAILED
----------------------------------------------------------------------------------------------------
[2016-02-24 03:22:30] [scale 8; binding late; distribution uniform; iteration 1; rerun 0] - Run 1/-0
[2016-02-24 03:22:30] [scale 8; binding late; distribution uniform; iteration 1; rerun 0] - Root: run-8_late_uniform_1/
[2016-02-24 03:22:30] [scale 8; binding late; distribution uniform; iteration 1; rerun 0] - State: ACTIVE
[2016-02-24 03:22:33] [scale 8; binding late; distribution uniform; iteration 1; rerun 0] - Session: rp.session.radical.mingtha.016855.0001
[2016-02-24 05:04:00] [scale 8; binding late; distribution uniform; iteration 1; rerun 0] - State: FAILED
-------------------------------------------------------------------------------------------------------
[2016-02-24 05:04:49] [scale 1024; binding late; distribution uniform; iteration 1; rerun 0] - Run 1/-8
[2016-02-24 05:04:49] [scale 1024; binding late; distribution uniform; iteration 1; rerun 0] - Root: run-1024_late_uniform_1/
[2016-02-24 05:04:49] [scale 1024; binding late; distribution uniform; iteration 1; rerun 0] - State: ACTIVE
[2016-02-24 05:04:51] [scale 1024; binding late; distribution uniform; iteration 1; rerun 0] - Session: rp.session.radical.mingtha.016855.0002
[2016-02-24 16:55:03] [scale 1024; binding late; distribution uniform; iteration 1; rerun 0] - State: DONE
-------------------------------------------------------------------------------------------------------
[2016-02-24 16:55:06] [scale 1024; binding late; distribution uniform; iteration 3; rerun 0] - Run 2/-7
[2016-02-24 16:55:06] [scale 1024; binding late; distribution uniform; iteration 3; rerun 0] - Root: run-1024_late_uniform_3/
[2016-02-24 16:55:06] [scale 1024; binding late; distribution uniform; iteration 3; rerun 0] - State: ACTIVE
[2016-02-24 16:55:07] [scale 1024; binding late; distribution uniform; iteration 3; rerun 0] - Session: rp.session.radical.mingtha.016855.0003
[2016-02-25 03:39:06] [scale 1024; binding late; distribution uniform; iteration 3; rerun 0] - State: DONE
------------------------------------------------------------------------------------------------------
[2016-02-25 03:39:09] [scale 128; binding late; distribution uniform; iteration 1; rerun 0] - Run 3/-6
[2016-02-25 03:39:09] [scale 128; binding late; distribution uniform; iteration 1; rerun 0] - Root: run-128_late_uniform_1/
[2016-02-25 03:39:09] [scale 128; binding late; distribution uniform; iteration 1; rerun 0] - State: ACTIVE
[2016-02-25 03:39:11] [scale 128; binding late; distribution uniform; iteration 1; rerun 0] - Session: rp.session.radical.mingtha.016856.0000
[2016-02-25 19:53:04] [scale 128; binding late; distribution uniform; iteration 1; rerun 0] - State: DONE
------------------------------------------------------------------------------------------------------
[2016-02-25 19:53:21] [scale 512; binding late; distribution uniform; iteration 2; rerun 0] - Run 4/-5
[2016-02-25 19:53:21] [scale 512; binding late; distribution uniform; iteration 2; rerun 0] - Root: run-512_late_uniform_2/
[2016-02-25 19:53:21] [scale 512; binding late; distribution uniform; iteration 2; rerun 0] - State: ACTIVE
[2016-02-25 19:53:24] [scale 512; binding late; distribution uniform; iteration 2; rerun 0] - Session: rp.session.radical.mingtha.016856.0001
[2016-02-26 04:21:24] [scale 512; binding late; distribution uniform; iteration 2; rerun 0] - State: DONE
------------------------------------------------------------------------------------------------------
[2016-02-26 04:21:42] [scale 512; binding late; distribution uniform; iteration 1; rerun 0] - Run 5/-4
[2016-02-26 04:21:42] [scale 512; binding late; distribution uniform; iteration 1; rerun 0] - Root: run-512_late_uniform_1/
[2016-02-26 04:21:42] [scale 512; binding late; distribution uniform; iteration 1; rerun 0] - State: ACTIVE
[2016-02-26 04:21:44] [scale 512; binding late; distribution uniform; iteration 1; rerun 0] - Session: rp.session.radical.mingtha.016857.0000
[2016-02-26 18:59:13] [scale 512; binding late; distribution uniform; iteration 1; rerun 0] - State: DONE
------------------------------------------------------------------------------------------------------
[2016-02-26 18:59:45] [scale 128; binding late; distribution uniform; iteration 2; rerun 0] - Run 6/-3
[2016-02-26 18:59:45] [scale 128; binding late; distribution uniform; iteration 2; rerun 0] - Root: run-128_late_uniform_2/
[2016-02-26 18:59:45] [scale 128; binding late; distribution uniform; iteration 2; rerun 0] - State: ACTIVE
[2016-02-26 18:59:49] [scale 128; binding late; distribution uniform; iteration 2; rerun 0] - Session: rp.session.radical.mingtha.016857.0001
[2016-02-26 22:52:46] [scale 128; binding late; distribution uniform; iteration 2; rerun 0] - State: FAILED
--------------------------------------------------------------------------------------------------------
[2016-03-30 11:36:36] [scale 1024; binding late; distribution uniform; iteration 3; rerun 0] - Run 1/-11
[2016-03-30 11:36:36] [scale 1024; binding late; distribution uniform; iteration 3; rerun 0] - Root: run-1024_late_uniform_3/
[2016-03-30 11:36:36] [scale 1024; binding late; distribution uniform; iteration 3; rerun 0] - State: ACTIVE
[2016-03-30 11:36:38] [scale 1024; binding late; distribution uniform; iteration 3; rerun 0] - Session: rp.session.radical.mingtha.016890.0004
[2016-03-30 11:36:38] [scale 1024; binding late; distribution uniform; iteration 3; rerun 0] - State: FAILED
----------------------------------------------------------------------------------------------------
[2016-03-30 16:18:53] [scale 8; binding late; distribution uniform; iteration 1; rerun 0] - Run 1/-1
[2016-03-30 16:18:53] [scale 8; binding late; distribution uniform; iteration 1; rerun 0] - Root: run-8_late_uniform_1/
[2016-03-30 16:18:53] [scale 8; binding late; distribution uniform; iteration 1; rerun 0] - State: ACTIVE
[2016-03-30 16:19:00] [scale 8; binding late; distribution uniform; iteration 1; rerun 0] - Session: rp.session.radical.mingtha.016890.0005
[2016-03-30 16:36:36] [scale 8; binding late; distribution uniform; iteration 1; rerun 0] - State: DONE
----------------------------------------------------------------------------------------------------
[2016-03-30 16:36:56] [scale 8; binding late; distribution uniform; iteration 2; rerun 0] - Run 2/-0
[2016-03-30 16:36:56] [scale 8; binding late; distribution uniform; iteration 2; rerun 0] - Root: run-8_late_uniform_2/
[2016-03-30 16:36:56] [scale 8; binding late; distribution uniform; iteration 2; rerun 0] - State: ACTIVE
[2016-03-30 16:36:57] [scale 8; binding late; distribution uniform; iteration 2; rerun 0] - Session: rp.session.radical.mingtha.016890.0007
[2016-03-30 16:54:37] [scale 8; binding late; distribution uniform; iteration 2; rerun 0] - State: DONE
-------------------------------------------------------------------------------------------------------
[2016-03-30 17:53:20] [scale 128; binding late; distribution uniform; iteration 2; rerun 0] - Run 1/-11
[2016-03-30 17:53:20] [scale 128; binding late; distribution uniform; iteration 2; rerun 0] - Root: run-128_late_uniform_2/
[2016-03-30 17:53:20] [scale 128; binding late; distribution uniform; iteration 2; rerun 0] - State: ACTIVE
[2016-03-30 17:53:24] [scale 128; binding late; distribution uniform; iteration 2; rerun 0] - Session: rp.session.radical.mingtha.016890.0008
[2016-03-30 17:53:24] [scale 128; binding late; distribution uniform; iteration 2; rerun 0] - State: FAILED
-------------------------------------------------------------------------------------------------------
[2016-03-30 17:59:29] [scale 512; binding late; distribution uniform; iteration 4; rerun 0] - Run 1/-11
[2016-03-30 17:59:29] [scale 512; binding late; distribution uniform; iteration 4; rerun 0] - Root: run-512_late_uniform_4/
[2016-03-30 17:59:29] [scale 512; binding late; distribution uniform; iteration 4; rerun 0] - State: ACTIVE
[2016-03-30 17:59:32] [scale 512; binding late; distribution uniform; iteration 4; rerun 0] - Session: rp.session.radical.mingtha.016890.0010
[2016-03-30 18:42:27] [scale 512; binding late; distribution uniform; iteration 4; rerun 0] - State: DONE
-------------------------------------------------------------------------------------------------------
[2016-03-30 18:43:51] [scale 128; binding late; distribution uniform; iteration 2; rerun 0] - Run 2/-10
[2016-03-30 18:43:51] [scale 128; binding late; distribution uniform; iteration 2; rerun 0] - Root: run-128_late_uniform_2/
[2016-03-30 18:43:51] [scale 128; binding late; distribution uniform; iteration 2; rerun 0] - State: ACTIVE
[2016-03-30 18:43:56] [scale 128; binding late; distribution uniform; iteration 2; rerun 0] - Session: rp.session.radical.mingtha.016890.0011
[2016-03-30 19:18:53] [scale 128; binding late; distribution uniform; iteration 2; rerun 0] - State: DONE
------------------------------------------------------------------------------------------------------
[2016-03-30 19:19:33] [scale 512; binding late; distribution uniform; iteration 2; rerun 0] - Run 3/-9
[2016-03-30 19:19:33] [scale 512; binding late; distribution uniform; iteration 2; rerun 0] - Root: run-512_late_uniform_2/
[2016-03-30 19:19:33] [scale 512; binding late; distribution uniform; iteration 2; rerun 0] - State: ACTIVE
[2016-03-30 19:19:35] [scale 512; binding late; distribution uniform; iteration 2; rerun 0] - Session: rp.session.radical.mingtha.016890.0012
[2016-03-31 03:36:28] [scale 512; binding late; distribution uniform; iteration 2; rerun 0] - State: DONE
-------------------------------------------------------------------------------------------------------
[2016-03-31 03:37:01] [scale 1024; binding late; distribution uniform; iteration 4; rerun 0] - Run 4/-8
[2016-03-31 03:37:01] [scale 1024; binding late; distribution uniform; iteration 4; rerun 0] - Root: run-1024_late_uniform_4/
[2016-03-31 03:37:01] [scale 1024; binding late; distribution uniform; iteration 4; rerun 0] - State: ACTIVE
[2016-03-31 03:37:03] [scale 1024; binding late; distribution uniform; iteration 4; rerun 0] - Session: rp.session.radical.mingtha.016891.0000
[2016-03-31 05:29:30] [scale 1024; binding late; distribution uniform; iteration 4; rerun 0] - State: DONE
------------------------------------------------------------------------------------------------------
[2016-03-31 05:30:27] [scale 512; binding late; distribution uniform; iteration 1; rerun 0] - Run 5/-7
[2016-03-31 05:30:27] [scale 512; binding late; distribution uniform; iteration 1; rerun 0] - Root: run-512_late_uniform_1/
[2016-03-31 05:30:28] [scale 512; binding late; distribution uniform; iteration 1; rerun 0] - State: ACTIVE
[2016-03-31 05:30:29] [scale 512; binding late; distribution uniform; iteration 1; rerun 0] - Session: rp.session.radical.mingtha.016891.0001
[2016-03-31 12:00:44] [scale 512; binding late; distribution uniform; iteration 1; rerun 0] - State: DONE
------------------------------------------------------------------------------------------------------
[2016-03-31 12:01:11] [scale 512; binding late; distribution uniform; iteration 3; rerun 0] - Run 6/-6
[2016-03-31 12:01:11] [scale 512; binding late; distribution uniform; iteration 3; rerun 0] - Root: run-512_late_uniform_3/
[2016-03-31 12:01:11] [scale 512; binding late; distribution uniform; iteration 3; rerun 0] - State: ACTIVE
[2016-03-31 12:01:14] [scale 512; binding late; distribution uniform; iteration 3; rerun 0] - Session: rp.session.radical.mingtha.016891.0002
[2016-03-31 15:49:57] [scale 512; binding late; distribution uniform; iteration 3; rerun 0] - State: DONE
-------------------------------------------------------------------------------------------------------
[2016-03-31 15:50:22] [scale 1024; binding late; distribution uniform; iteration 1; rerun 0] - Run 7/-5
[2016-03-31 15:50:22] [scale 1024; binding late; distribution uniform; iteration 1; rerun 0] - Root: run-1024_late_uniform_1/
[2016-03-31 15:50:22] [scale 1024; binding late; distribution uniform; iteration 1; rerun 0] - State: ACTIVE
[2016-03-31 15:50:24] [scale 1024; binding late; distribution uniform; iteration 1; rerun 0] - Session: rp.session.radical.mingtha.016891.0003
[2016-03-31 16:45:44] [scale 1024; binding late; distribution uniform; iteration 1; rerun 0] - State: DONE
-------------------------------------------------------------------------------------------------------
[2016-03-31 16:46:39] [scale 1024; binding late; distribution uniform; iteration 3; rerun 0] - Run 8/-4
[2016-03-31 16:46:39] [scale 1024; binding late; distribution uniform; iteration 3; rerun 0] - Root: run-1024_late_uniform_3/
[2016-03-31 16:46:39] [scale 1024; binding late; distribution uniform; iteration 3; rerun 0] - State: ACTIVE
[2016-03-31 16:46:42] [scale 1024; binding late; distribution uniform; iteration 3; rerun 0] - Session: rp.session.radical.mingtha.016891.0004
[2016-03-31 17:41:03] [scale 1024; binding late; distribution uniform; iteration 3; rerun 0] - State: DONE
-------------------------------------------------------------------------------------------------------
[2016-03-31 17:41:54] [scale 1024; binding late; distribution uniform; iteration 2; rerun 0] - Run 9/-3
[2016-03-31 17:41:54] [scale 1024; binding late; distribution uniform; iteration 2; rerun 0] - Root: run-1024_late_uniform_2/
[2016-03-31 17:41:54] [scale 1024; binding late; distribution uniform; iteration 2; rerun 0] - State: ACTIVE
[2016-03-31 17:41:57] [scale 1024; binding late; distribution uniform; iteration 2; rerun 0] - Session: rp.session.radical.mingtha.016891.0005
[2016-03-31 21:31:55] [scale 1024; binding late; distribution uniform; iteration 2; rerun 0] - State: DONE
-------------------------------------------------------------------------------------------------------
[2016-03-31 21:32:43] [scale 128; binding late; distribution uniform; iteration 3; rerun 0] - Run 10/-2
[2016-03-31 21:32:43] [scale 128; binding late; distribution uniform; iteration 3; rerun 0] - Root: run-128_late_uniform_3/
[2016-03-31 21:32:43] [scale 128; binding late; distribution uniform; iteration 3; rerun 0] - State: ACTIVE
[2016-03-31 21:32:46] [scale 128; binding late; distribution uniform; iteration 3; rerun 0] - Session: rp.session.radical.mingtha.016891.0006
[2016-03-31 22:11:21] [scale 128; binding late; distribution uniform; iteration 3; rerun 0] - State: DONE
-------------------------------------------------------------------------------------------------------
[2016-03-31 22:11:42] [scale 128; binding late; distribution uniform; iteration 4; rerun 0] - Run 11/-1
[2016-03-31 22:11:42] [scale 128; binding late; distribution uniform; iteration 4; rerun 0] - Root: run-128_late_uniform_4/
[2016-03-31 22:11:42] [scale 128; binding late; distribution uniform; iteration 4; rerun 0] - State: ACTIVE
[2016-03-31 22:11:44] [scale 128; binding late; distribution uniform; iteration 4; rerun 0] - Session: rp.session.radical.mingtha.016891.0007
[2016-03-31 23:12:00] [scale 128; binding late; distribution uniform; iteration 4; rerun 0] - State: DONE
-------------------------------------------------------------------------------------------------------
[2016-03-31 23:12:31] [scale 128; binding late; distribution uniform; iteration 1; rerun 0] - Run 12/-0
[2016-03-31 23:12:31] [scale 128; binding late; distribution uniform; iteration 1; rerun 0] - Root: run-128_late_uniform_1/
[2016-03-31 23:12:31] [scale 128; binding late; distribution uniform; iteration 1; rerun 0] - State: ACTIVE
[2016-03-31 23:12:34] [scale 128; binding late; distribution uniform; iteration 1; rerun 0] - Session: rp.session.radical.mingtha.016891.0008
[2016-04-01 00:06:53] [scale 128; binding late; distribution uniform; iteration 1; rerun 0] - State: DONE
------------------------------------------------------------------------------------------------------
[2016-04-01 03:54:24] [scale 512; binding late; distribution uniform; iteration 1; rerun 0] - Run 1/-8
[2016-04-01 03:54:24] [scale 512; binding late; distribution uniform; iteration 1; rerun 0] - Root: run-512_late_uniform_1/
[2016-04-01 03:54:24] [scale 512; binding late; distribution uniform; iteration 1; rerun 0] - State: ACTIVE
[2016-04-01 03:54:25] [scale 512; binding late; distribution uniform; iteration 1; rerun 0] - Session: rp.session.radical.mingtha.016892.0000
[2016-04-01 03:54:28] [scale 512; binding late; distribution uniform; iteration 1; rerun 0] - State: FAILED
-------------------------------------------------------------------------------------------------------
[2016-04-01 03:54:53] [scale 1024; binding late; distribution uniform; iteration 3; rerun 0] - Run 1/-8
[2016-04-01 03:54:53] [scale 1024; binding late; distribution uniform; iteration 3; rerun 0] - Root: run-1024_late_uniform_3/
[2016-04-01 03:54:53] [scale 1024; binding late; distribution uniform; iteration 3; rerun 0] - State: ACTIVE
[2016-04-01 03:54:55] [scale 1024; binding late; distribution uniform; iteration 3; rerun 0] - Session: rp.session.radical.mingtha.016892.0001
[2016-04-01 03:55:08] [scale 1024; binding late; distribution uniform; iteration 3; rerun 0] - State: FAILED
------------------------------------------------------------------------------------------------------
[2016-04-01 03:56:21] [scale 128; binding late; distribution uniform; iteration 2; rerun 0] - Run 1/-8
[2016-04-01 03:56:21] [scale 128; binding late; distribution uniform; iteration 2; rerun 0] - Root: run-128_late_uniform_2/
[2016-04-01 03:56:21] [scale 128; binding late; distribution uniform; iteration 2; rerun 0] - State: ACTIVE
[2016-04-01 03:56:22] [scale 128; binding late; distribution uniform; iteration 2; rerun 0] - Session: rp.session.radical.mingtha.016892.0002
[2016-04-01 11:32:26] [scale 128; binding late; distribution uniform; iteration 2; rerun 0] - State: DONE
------------------------------------------------------------------------------------------------------
[2016-04-01 11:33:19] [scale 512; binding late; distribution uniform; iteration 3; rerun 0] - Run 2/-7
[2016-04-01 11:33:19] [scale 512; binding late; distribution uniform; iteration 3; rerun 0] - Root: run-512_late_uniform_3/
[2016-04-01 11:33:19] [scale 512; binding late; distribution uniform; iteration 3; rerun 0] - State: ACTIVE
[2016-04-01 11:33:21] [scale 512; binding late; distribution uniform; iteration 3; rerun 0] - Session: rp.session.radical.mingtha.016892.0003
[2016-04-01 15:38:39] [scale 512; binding late; distribution uniform; iteration 3; rerun 0] - State: DONE
-------------------------------------------------------------------------------------------------------
[2016-04-01 15:39:04] [scale 1024; binding late; distribution uniform; iteration 2; rerun 0] - Run 3/-6
[2016-04-01 15:39:04] [scale 1024; binding late; distribution uniform; iteration 2; rerun 0] - Root: run-1024_late_uniform_2/
[2016-04-01 15:39:04] [scale 1024; binding late; distribution uniform; iteration 2; rerun 0] - State: ACTIVE
[2016-04-01 15:39:05] [scale 1024; binding late; distribution uniform; iteration 2; rerun 0] - Session: rp.session.radical.mingtha.016892.0004
[2016-04-01 22:46:49] [scale 1024; binding late; distribution uniform; iteration 2; rerun 0] - State: DONE
------------------------------------------------------------------------------------------------------
[2016-04-01 22:47:03] [scale 512; binding late; distribution uniform; iteration 2; rerun 0] - Run 4/-5
[2016-04-01 22:47:03] [scale 512; binding late; distribution uniform; iteration 2; rerun 0] - Root: run-512_late_uniform_2/
[2016-04-01 22:47:03] [scale 512; binding late; distribution uniform; iteration 2; rerun 0] - State: ACTIVE
[2016-04-01 22:47:04] [scale 512; binding late; distribution uniform; iteration 2; rerun 0] - Session: rp.session.radical.mingtha.016892.0005
[2016-04-01 23:21:53] [scale 512; binding late; distribution uniform; iteration 2; rerun 0] - State: FAILED
----------------------------------------------------------------------------------------------------
[2016-04-16 01:06:08] [scale 8; binding late; distribution uniform; iteration 1; rerun 0] - Run 1/-1
[2016-04-16 01:06:08] [scale 8; binding late; distribution uniform; iteration 1; rerun 0] - Root: run-8_late_uniform_1/
[2016-04-16 01:06:08] [scale 8; binding late; distribution uniform; iteration 1; rerun 0] - State: ACTIVE
[2016-04-16 01:06:12] [scale 8; binding late; distribution uniform; iteration 1; rerun 0] - Session: rp.session.radical.mingtha.016906.0000
[2016-04-16 01:06:12] [scale 8; binding late; distribution uniform; iteration 1; rerun 0] - State: FAILED
----------------------------------------------------------------------------------------------------
[2016-04-22 23:58:30] [scale 8; binding late; distribution uniform; iteration 2; rerun 0] - Run 1/-1
[2016-04-22 23:58:30] [scale 8; binding late; distribution uniform; iteration 2; rerun 0] - Root: run-8_late_uniform_2/
[2016-04-22 23:58:30] [scale 8; binding late; distribution uniform; iteration 2; rerun 0] - State: ACTIVE
[2016-04-22 23:58:31] [scale 8; binding late; distribution uniform; iteration 2; rerun 0] - Session: rp.session.radical.mingtha.016913.0000
[2016-04-22 23:58:31] [scale 8; binding late; distribution uniform; iteration 2; rerun 0] - State: FAILED
----------------------------------------------------------------------------------------------------
[2016-04-23 00:36:28] [scale 8; binding late; distribution uniform; iteration 2; rerun 0] - Run 1/-1
[2016-04-23 00:36:28] [scale 8; binding late; distribution uniform; iteration 2; rerun 0] - Root: run-8_late_uniform_2/
[2016-04-23 00:36:28] [scale 8; binding late; distribution uniform; iteration 2; rerun 0] - State: ACTIVE
[2016-04-23 00:36:34] [scale 8; binding late; distribution uniform; iteration 2; rerun 0] - Session: rp.session.radical.mingtha.016913.0001
[2016-04-23 00:36:34] [scale 8; binding late; distribution uniform; iteration 2; rerun 0] - State: FAILED
----------------------------------------------------------------------------------------------------
[2016-04-23 00:37:21] [scale 8; binding late; distribution uniform; iteration 2; rerun 0] - Run 1/-1
[2016-04-23 00:37:21] [scale 8; binding late; distribution uniform; iteration 2; rerun 0] - Root: run-8_late_uniform_2/
[2016-04-23 00:37:21] [scale 8; binding late; distribution uniform; iteration 2; rerun 0] - State: ACTIVE
[2016-04-23 00:37:23] [scale 8; binding late; distribution uniform; iteration 2; rerun 0] - Session: rp.session.radical.mingtha.016913.0002
[2016-04-23 00:45:51] [scale 8; binding late; distribution uniform; iteration 2; rerun 0] - State: DONE
----------------------------------------------------------------------------------------------------
[2016-04-23 00:45:57] [scale 8; binding late; distribution uniform; iteration 1; rerun 0] - Run 2/-0
[2016-04-23 00:45:57] [scale 8; binding late; distribution uniform; iteration 1; rerun 0] - Root: run-8_late_uniform_1/
[2016-04-23 00:45:57] [scale 8; binding late; distribution uniform; iteration 1; rerun 0] - State: ACTIVE
[2016-04-23 00:45:58] [scale 8; binding late; distribution uniform; iteration 1; rerun 0] - Session: rp.session.radical.mingtha.016913.0003
[2016-04-23 00:53:21] [scale 8; binding late; distribution uniform; iteration 1; rerun 0] - State: DONE
--------------------------------------------------------------------------------------------------------
[2016-04-23 00:57:18] [scale 2048; binding late; distribution uniform; iteration 3; rerun 0] - Run 1/-15
[2016-04-23 00:57:18] [scale 2048; binding late; distribution uniform; iteration 3; rerun 0] - Root: run-2048_late_uniform_3/
[2016-04-23 00:57:18] [scale 2048; binding late; distribution uniform; iteration 3; rerun 0] - State: ACTIVE
[2016-04-23 00:57:19] [scale 2048; binding late; distribution uniform; iteration 3; rerun 0] - Session: rp.session.radical.mingtha.016913.0004
[2016-04-23 01:47:59] [scale 2048; binding late; distribution uniform; iteration 3; rerun 0] - State: DONE
------------------------------------------------------------------------------------------------------
[2016-04-23 01:49:26] [scale 32; binding late; distribution uniform; iteration 2; rerun 0] - Run 2/-14
[2016-04-23 01:49:26] [scale 32; binding late; distribution uniform; iteration 2; rerun 0] - Root: run-32_late_uniform_2/
[2016-04-23 01:49:26] [scale 32; binding late; distribution uniform; iteration 2; rerun 0] - State: ACTIVE
[2016-04-23 01:49:28] [scale 32; binding late; distribution uniform; iteration 2; rerun 0] - Session: rp.session.radical.mingtha.016913.0005
[2016-04-23 02:23:27] [scale 32; binding late; distribution uniform; iteration 2; rerun 0] - State: DONE
------------------------------------------------------------------------------------------------------
[2016-04-23 02:24:11] [scale 32; binding late; distribution uniform; iteration 1; rerun 0] - Run 3/-13
[2016-04-23 02:24:11] [scale 32; binding late; distribution uniform; iteration 1; rerun 0] - Root: run-32_late_uniform_1/
[2016-04-23 02:24:11] [scale 32; binding late; distribution uniform; iteration 1; rerun 0] - State: ACTIVE
[2016-04-23 02:24:13] [scale 32; binding late; distribution uniform; iteration 1; rerun 0] - Session: rp.session.radical.mingtha.016914.0000
[2016-04-23 02:57:03] [scale 32; binding late; distribution uniform; iteration 1; rerun 0] - State: DONE
-------------------------------------------------------------------------------------------------------
[2016-04-23 02:57:59] [scale 256; binding late; distribution uniform; iteration 2; rerun 0] - Run 4/-12
[2016-04-23 02:57:59] [scale 256; binding late; distribution uniform; iteration 2; rerun 0] - Root: run-256_late_uniform_2/
[2016-04-23 02:57:59] [scale 256; binding late; distribution uniform; iteration 2; rerun 0] - State: ACTIVE
[2016-04-23 02:58:00] [scale 256; binding late; distribution uniform; iteration 2; rerun 0] - Session: rp.session.radical.mingtha.016914.0001
[2016-04-23 03:33:02] [scale 256; binding late; distribution uniform; iteration 2; rerun 0] - State: DONE
--------------------------------------------------------------------------------------------------------
[2016-04-23 03:33:56] [scale 2048; binding late; distribution uniform; iteration 2; rerun 0] - Run 5/-11
[2016-04-23 03:33:56] [scale 2048; binding late; distribution uniform; iteration 2; rerun 0] - Root: run-2048_late_uniform_2/
[2016-04-23 03:33:57] [scale 2048; binding late; distribution uniform; iteration 2; rerun 0] - State: ACTIVE
[2016-04-23 03:33:58] [scale 2048; binding late; distribution uniform; iteration 2; rerun 0] - Session: rp.session.radical.mingtha.016914.0002
[2016-04-23 05:05:41] [scale 2048; binding late; distribution uniform; iteration 2; rerun 0] - State: DONE
--------------------------------------------------------------------------------------------------------
[2016-04-23 05:08:08] [scale 2048; binding late; distribution uniform; iteration 1; rerun 0] - Run 6/-10
[2016-04-23 05:08:08] [scale 2048; binding late; distribution uniform; iteration 1; rerun 0] - Root: run-2048_late_uniform_1/
[2016-04-23 05:08:08] [scale 2048; binding late; distribution uniform; iteration 1; rerun 0] - State: ACTIVE
[2016-04-23 05:08:09] [scale 2048; binding late; distribution uniform; iteration 1; rerun 0] - Session: rp.session.radical.mingtha.016914.0003
[2016-04-23 06:43:53] [scale 2048; binding late; distribution uniform; iteration 1; rerun 0] - State: DONE
----------------------------------------------------------------------------------------------------
[2016-04-23 06:46:07] [scale 8; binding late; distribution uniform; iteration 2; rerun 0] - Run 7/-9
[2016-04-23 06:46:07] [scale 8; binding late; distribution uniform; iteration 2; rerun 0] - Root: run-8_late_uniform_2/
[2016-04-23 06:46:07] [scale 8; binding late; distribution uniform; iteration 2; rerun 0] - State: ACTIVE
[2016-04-23 06:46:08] [scale 8; binding late; distribution uniform; iteration 2; rerun 0] - Session: rp.session.radical.mingtha.016914.0004
[2016-04-23 07:04:38] [scale 8; binding late; distribution uniform; iteration 2; rerun 0] - State: DONE
-----------------------------------------------------------------------------------------------------
[2016-04-23 07:05:07] [scale 32; binding late; distribution uniform; iteration 4; rerun 0] - Run 8/-8
[2016-04-23 07:05:07] [scale 32; binding late; distribution uniform; iteration 4; rerun 0] - Root: run-32_late_uniform_4/
[2016-04-23 07:05:07] [scale 32; binding late; distribution uniform; iteration 4; rerun 0] - State: ACTIVE
[2016-04-23 07:05:08] [scale 32; binding late; distribution uniform; iteration 4; rerun 0] - Session: rp.session.radical.mingtha.016914.0005
[2016-04-23 07:05:26] [scale 32; binding late; distribution uniform; iteration 4; rerun 0] - State: FAILED
----------------------------------------------------------------------------------------------------
[2016-04-23 14:25:03] [scale 8; binding late; distribution uniform; iteration 1; rerun 0] - Run 1/-3
[2016-04-23 14:25:03] [scale 8; binding late; distribution uniform; iteration 1; rerun 0] - Root: run-8_late_uniform_1/
[2016-04-23 14:25:03] [scale 8; binding late; distribution uniform; iteration 1; rerun 0] - State: ACTIVE
[2016-04-23 14:25:05] [scale 8; binding late; distribution uniform; iteration 1; rerun 0] - Session: rp.session.radical.mingtha.016914.0006
[2016-04-23 14:57:05] [scale 8; binding late; distribution uniform; iteration 1; rerun 0] - State: DONE
-------------------------------------------------------------------------------------------------------
[2016-04-23 14:57:45] [scale 2048; binding late; distribution uniform; iteration 1; rerun 0] - Run 2/-2
[2016-04-23 14:57:45] [scale 2048; binding late; distribution uniform; iteration 1; rerun 0] - Root: run-2048_late_uniform_1/
[2016-04-23 14:57:45] [scale 2048; binding late; distribution uniform; iteration 1; rerun 0] - State: ACTIVE
[2016-04-23 14:57:47] [scale 2048; binding late; distribution uniform; iteration 1; rerun 0] - Session: rp.session.radical.mingtha.016914.0008
[2016-04-25 05:43:16] [scale 2048; binding late; distribution uniform; iteration 1; rerun 0] - State: FAILED
-----------------------------------------------------------------------------------------------------
[2016-04-25 05:47:12] [scale 32; binding late; distribution uniform; iteration 1; rerun 0] - Run 1/-3
[2016-04-25 05:47:12] [scale 32; binding late; distribution uniform; iteration 1; rerun 0] - Root: run-32_late_uniform_1/
[2016-04-25 05:47:12] [scale 32; binding late; distribution uniform; iteration 1; rerun 0] - State: ACTIVE
[2016-04-25 05:47:16] [scale 32; binding late; distribution uniform; iteration 1; rerun 0] - Session: rp.session.radical.mingtha.016916.0000
[2016-04-25 06:19:19] [scale 32; binding late; distribution uniform; iteration 1; rerun 0] - State: DONE
----------------------------------------------------------------------------------------------------
[2016-04-25 06:19:59] [scale 8; binding late; distribution uniform; iteration 1; rerun 0] - Run 2/-2
[2016-04-25 06:19:59] [scale 8; binding late; distribution uniform; iteration 1; rerun 0] - Root: run-8_late_uniform_1/
[2016-04-25 06:19:59] [scale 8; binding late; distribution uniform; iteration 1; rerun 0] - State: ACTIVE
[2016-04-25 06:20:04] [scale 8; binding late; distribution uniform; iteration 1; rerun 0] - Session: rp.session.radical.mingtha.016916.0001
[2016-04-25 06:42:45] [scale 8; binding late; distribution uniform; iteration 1; rerun 0] - State: DONE
------------------------------------------------------------------------------------------------------
[2016-04-25 06:43:14] [scale 256; binding late; distribution uniform; iteration 1; rerun 0] - Run 3/-1
[2016-04-25 06:43:14] [scale 256; binding late; distribution uniform; iteration 1; rerun 0] - Root: run-256_late_uniform_1/
[2016-04-25 06:43:14] [scale 256; binding late; distribution uniform; iteration 1; rerun 0] - State: ACTIVE
[2016-04-25 06:43:16] [scale 256; binding late; distribution uniform; iteration 1; rerun 0] - Session: rp.session.radical.mingtha.016916.0002
[2016-04-25 07:07:20] [scale 256; binding late; distribution uniform; iteration 1; rerun 0] - State: DONE
-------------------------------------------------------------------------------------------------------
[2016-04-25 07:08:40] [scale 2048; binding late; distribution uniform; iteration 1; rerun 0] - Run 4/-0
[2016-04-25 07:08:40] [scale 2048; binding late; distribution uniform; iteration 1; rerun 0] - Root: run-2048_late_uniform_1/
[2016-04-25 07:08:40] [scale 2048; binding late; distribution uniform; iteration 1; rerun 0] - State: ACTIVE
[2016-04-25 07:08:41] [scale 2048; binding late; distribution uniform; iteration 1; rerun 0] - Session: rp.session.radical.mingtha.016916.0003
[2016-04-26 18:08:15] [scale 2048; binding late; distribution uniform; iteration 1; rerun 0] - State: FAILED
------------------------------------------------------------------------------------------------------
[2016-04-26 18:15:27] [scale 256; binding late; distribution uniform; iteration 1; rerun 0] - Run 1/-1
[2016-04-26 18:15:27] [scale 256; binding late; distribution uniform; iteration 1; rerun 0] - Root: run-256_late_uniform_1/
[2016-04-26 18:15:27] [scale 256; binding late; distribution uniform; iteration 1; rerun 0] - State: ACTIVE
[2016-04-26 18:15:34] [scale 256; binding late; distribution uniform; iteration 1; rerun 0] - Session: rp.session.radical.mingtha.016917.0000
[2016-04-27 18:09:29] [scale 256; binding late; distribution uniform; iteration 1; rerun 0] - State: FAILED
------------------------------------------------------------------------------------------------------
[2016-04-27 18:18:13] [scale 32; binding late; distribution uniform; iteration 1; rerun 0] - Run 1/-15
[2016-04-27 18:18:13] [scale 32; binding late; distribution uniform; iteration 1; rerun 0] - Root: run-32_late_uniform_1/
[2016-04-27 18:18:13] [scale 32; binding late; distribution uniform; iteration 1; rerun 0] - State: ACTIVE
[2016-04-27 18:18:23] [scale 32; binding late; distribution uniform; iteration 1; rerun 0] - Session: rp.session.radical.mingtha.016918.0000
[2016-04-27 18:19:06] [scale 32; binding late; distribution uniform; iteration 1; rerun 0] - State: FAILED
-------------------------------------------------------------------------------------------------------
[2016-04-27 21:51:04] [scale 256; binding late; distribution uniform; iteration 3; rerun 0] - Run 1/-15
[2016-04-27 21:51:04] [scale 256; binding late; distribution uniform; iteration 3; rerun 0] - Root: run-256_late_uniform_3/
[2016-04-27 21:51:04] [scale 256; binding late; distribution uniform; iteration 3; rerun 0] - State: ACTIVE
[2016-04-27 21:51:07] [scale 256; binding late; distribution uniform; iteration 3; rerun 0] - Session: rp.session.radical.mingtha.016918.0001
[2016-04-27 21:51:57] [scale 256; binding late; distribution uniform; iteration 3; rerun 0] - State: FAILED
-------------------------------------------------------------------------------------------------------
[2016-04-27 22:22:56] [scale 256; binding late; distribution uniform; iteration 2; rerun 0] - Run 1/-15
[2016-04-27 22:22:56] [scale 256; binding late; distribution uniform; iteration 2; rerun 0] - Root: run-256_late_uniform_2/
[2016-04-27 22:22:56] [scale 256; binding late; distribution uniform; iteration 2; rerun 0] - State: ACTIVE
[2016-04-27 22:23:07] [scale 256; binding late; distribution uniform; iteration 2; rerun 0] - Session: rp.session.radical.mingtha.016918.0002
[2016-04-27 22:23:43] [scale 256; binding late; distribution uniform; iteration 2; rerun 0] - State: FAILED
-----------------------------------------------------------------------------------------------------
[2016-04-27 22:25:29] [scale 8; binding late; distribution uniform; iteration 3; rerun 0] - Run 1/-15
[2016-04-27 22:25:29] [scale 8; binding late; distribution uniform; iteration 3; rerun 0] - Root: run-8_late_uniform_3/
[2016-04-27 22:25:29] [scale 8; binding late; distribution uniform; iteration 3; rerun 0] - State: ACTIVE
[2016-04-27 22:25:36] [scale 8; binding late; distribution uniform; iteration 3; rerun 0] - Session: rp.session.radical.mingtha.016918.0003
[2016-04-27 22:26:14] [scale 8; binding late; distribution uniform; iteration 3; rerun 0] - State: FAILED
----------------------------------------------------------------------------------------------------
[2016-04-27 23:00:56] [scale 8; binding late; distribution uniform; iteration 1; rerun 0] - Run 1/-1
[2016-04-27 23:00:56] [scale 8; binding late; distribution uniform; iteration 1; rerun 0] - Root: run-8_late_uniform_1/
[2016-04-27 23:00:56] [scale 8; binding late; distribution uniform; iteration 1; rerun 0] - State: ACTIVE
[2016-04-27 23:01:01] [scale 8; binding late; distribution uniform; iteration 1; rerun 0] - Session: rp.session.radical.mingtha.016918.0004
[2016-04-27 23:01:54] [scale 8; binding late; distribution uniform; iteration 1; rerun 0] - State: DONE
----------------------------------------------------------------------------------------------------
[2016-04-27 23:02:00] [scale 8; binding late; distribution uniform; iteration 2; rerun 0] - Run 2/-0
[2016-04-27 23:02:00] [scale 8; binding late; distribution uniform; iteration 2; rerun 0] - Root: run-8_late_uniform_2/
[2016-04-27 23:02:00] [scale 8; binding late; distribution uniform; iteration 2; rerun 0] - State: ACTIVE
[2016-04-27 23:02:02] [scale 8; binding late; distribution uniform; iteration 2; rerun 0] - Session: rp.session.radical.mingtha.016918.0005
[2016-04-27 23:02:40] [scale 8; binding late; distribution uniform; iteration 2; rerun 0] - State: DONE
----------------------------------------------------------------------------------------------------
[2016-04-27 23:04:08] [scale 8; binding late; distribution uniform; iteration 1; rerun 0] - Run 1/-0
[2016-04-27 23:04:08] [scale 8; binding late; distribution uniform; iteration 1; rerun 0] - Root: run-8_late_uniform_1/
[2016-04-27 23:04:08] [scale 8; binding late; distribution uniform; iteration 1; rerun 0] - State: ACTIVE
[2016-04-27 23:04:16] [scale 8; binding late; distribution uniform; iteration 1; rerun 0] - Session: rp.session.radical.mingtha.016918.0006
[2016-04-27 23:20:28] [scale 8; binding late; distribution uniform; iteration 1; rerun 0] - State: DONE
------------------------------------------------------------------------------------------------------
[2016-04-27 23:20:52] [scale 128; binding late; distribution uniform; iteration 2; rerun 0] - Run 1/-8
[2016-04-27 23:20:52] [scale 128; binding late; distribution uniform; iteration 2; rerun 0] - Root: run-128_late_uniform_2/
[2016-04-27 23:20:52] [scale 128; binding late; distribution uniform; iteration 2; rerun 0] - State: ACTIVE
[2016-04-27 23:20:56] [scale 128; binding late; distribution uniform; iteration 2; rerun 0] - Session: rp.session.radical.mingtha.016918.0007
[2016-04-27 23:46:48] [scale 128; binding late; distribution uniform; iteration 2; rerun 0] - State: FAILED
----------------------------------------------------------------------------------------------------
[2016-04-27 23:47:38] [scale 8; binding late; distribution uniform; iteration 1; rerun 0] - Run 1/-0
[2016-04-27 23:47:38] [scale 8; binding late; distribution uniform; iteration 1; rerun 0] - Root: run-8_late_uniform_1/
[2016-04-27 23:47:38] [scale 8; binding late; distribution uniform; iteration 1; rerun 0] - State: ACTIVE
[2016-04-27 23:47:40] [scale 8; binding late; distribution uniform; iteration 1; rerun 0] - Session: rp.session.radical.mingtha.016918.0008
[2016-04-27 23:51:50] [scale 8; binding late; distribution uniform; iteration 1; rerun 0] - State: FAILED
----------------------------------------------------------------------------------------------------
[2016-04-27 23:53:01] [scale 8; binding late; distribution uniform; iteration 2; rerun 0] - Run 1/-3
[2016-04-27 23:53:01] [scale 8; binding late; distribution uniform; iteration 2; rerun 0] - Root: run-8_late_uniform_2/
[2016-04-27 23:53:01] [scale 8; binding late; distribution uniform; iteration 2; rerun 0] - State: ACTIVE
[2016-04-27 23:53:03] [scale 8; binding late; distribution uniform; iteration 2; rerun 0] - Session: rp.session.radical.mingtha.016918.0009
[2016-04-28 00:15:28] [scale 8; binding late; distribution uniform; iteration 2; rerun 0] - State: FAILED
--------------------------------------------------------------------------------------------------------
[2016-04-28 00:45:52] [scale 2048; binding late; distribution uniform; iteration 3; rerun 0] - Run 1/-15
[2016-04-28 00:45:52] [scale 2048; binding late; distribution uniform; iteration 3; rerun 0] - Root: run-2048_late_uniform_3/
[2016-04-28 00:45:52] [scale 2048; binding late; distribution uniform; iteration 3; rerun 0] - State: ACTIVE
[2016-04-28 00:45:54] [scale 2048; binding late; distribution uniform; iteration 3; rerun 0] - Session: rp.session.radical.mingtha.016918.0010
[2016-04-28 00:46:40] [scale 2048; binding late; distribution uniform; iteration 3; rerun 0] - State: FAILED
----------------------------------------------------------------------------------------------------
[2016-04-28 00:49:47] [scale 8; binding late; distribution uniform; iteration 1; rerun 0] - Run 1/-1
[2016-04-28 00:49:47] [scale 8; binding late; distribution uniform; iteration 1; rerun 0] - Root: run-8_late_uniform_1/
[2016-04-28 00:49:47] [scale 8; binding late; distribution uniform; iteration 1; rerun 0] - State: ACTIVE
[2016-04-28 00:49:49] [scale 8; binding late; distribution uniform; iteration 1; rerun 0] - Session: rp.session.radical.mingtha.016918.0011
[2016-04-28 00:50:03] [scale 8; binding late; distribution uniform; iteration 1; rerun 0] - State: FAILED
