Swift 0.96.2 git-rev: b9611649002eecd640fc6c58bbb88cb35ce03539 heads/release-0.96-swift 6287 (modified locally)
RunID: run024
Progress: Mon, 07 Dec 2015 07:40:45+0000
Progress: Mon, 07 Dec 2015 07:40:46+0000  Submitting:256
Progress: Mon, 07 Dec 2015 07:40:57+0000  Submitting:244  Submitted:12
Progress: Mon, 07 Dec 2015 07:41:05+0000  Submitted:256
Progress: Mon, 07 Dec 2015 07:41:24+0000  Stage in:16  Submitted:240
Progress: Mon, 07 Dec 2015 07:41:25+0000  Submitted:240  Active:16
Progress: Mon, 07 Dec 2015 07:41:27+0000  Stage in:44  Submitted:196  Active:16
Progress: Mon, 07 Dec 2015 07:41:28+0000  Submitted:192  Active:64
Progress: Mon, 07 Dec 2015 07:41:41+0000  Stage in:43  Submitted:144  Active:69
Progress: Mon, 07 Dec 2015 07:41:42+0000  Submitted:144  Active:112
Progress: Mon, 07 Dec 2015 07:41:44+0000  Stage in:6  Submitted:137  Active:113
Progress: Mon, 07 Dec 2015 07:41:45+0000  Submitted:137  Active:119
Progress: Mon, 07 Dec 2015 07:42:15+0000  Submitted:137  Active:119
Progress: Mon, 07 Dec 2015 07:42:32+0000  Submitted:121  Active:135
Progress: Mon, 07 Dec 2015 07:42:33+0000  Submitted:89  Active:167
Progress: Mon, 07 Dec 2015 07:42:42+0000  Submitted:73  Active:183
Progress: Mon, 07 Dec 2015 07:42:43+0000  Submitted:57  Active:199
Progress: Mon, 07 Dec 2015 07:42:52+0000  Submitted:41  Active:215
Progress: Mon, 07 Dec 2015 07:42:54+0000  Submitted:25  Active:231
Progress: Mon, 07 Dec 2015 07:42:56+0000  Stage in:15  Submitted:10  Active:231
Progress: Mon, 07 Dec 2015 07:42:57+0000  Submitted:9  Active:247
Progress: Mon, 07 Dec 2015 07:43:12+0000  Active:256
Progress: Mon, 07 Dec 2015 07:43:42+0000  Active:256
Progress: Mon, 07 Dec 2015 07:44:12+0000  Active:256
Progress: Mon, 07 Dec 2015 07:44:42+0000  Active:256
Progress: Mon, 07 Dec 2015 07:45:12+0000  Active:256
Progress: Mon, 07 Dec 2015 07:45:42+0000  Active:256
Progress: Mon, 07 Dec 2015 07:46:12+0000  Active:256
Progress: Mon, 07 Dec 2015 07:46:42+0000  Active:256
Progress: Mon, 07 Dec 2015 07:47:12+0000  Active:256
Progress: Mon, 07 Dec 2015 07:47:42+0000  Active:256
Progress: Mon, 07 Dec 2015 07:48:12+0000  Active:256
Progress: Mon, 07 Dec 2015 07:48:42+0000  Active:256
Progress: Mon, 07 Dec 2015 07:49:12+0000  Active:256
Progress: Mon, 07 Dec 2015 07:49:42+0000  Active:256
Progress: Mon, 07 Dec 2015 07:50:12+0000  Active:256
Progress: Mon, 07 Dec 2015 07:50:42+0000  Active:256
Progress: Mon, 07 Dec 2015 07:51:12+0000  Active:256
Progress: Mon, 07 Dec 2015 07:51:42+0000  Active:256
Progress: Mon, 07 Dec 2015 07:52:12+0000  Active:256
Progress: Mon, 07 Dec 2015 07:52:42+0000  Active:256
Progress: Mon, 07 Dec 2015 07:53:12+0000  Active:256
Progress: Mon, 07 Dec 2015 07:53:42+0000  Active:256
Progress: Mon, 07 Dec 2015 07:54:12+0000  Active:256
Progress: Mon, 07 Dec 2015 07:54:42+0000  Active:256
Progress: Mon, 07 Dec 2015 07:55:12+0000  Active:256
Progress: Mon, 07 Dec 2015 07:55:42+0000  Active:256
Progress: Mon, 07 Dec 2015 07:56:12+0000  Active:256
Progress: Mon, 07 Dec 2015 07:56:24+0000  Active:254  Stage out:2
Progress: Mon, 07 Dec 2015 07:56:25+0000  Active:240  Finished successfully:16
Progress: Mon, 07 Dec 2015 07:56:27+0000  Active:236  Stage out:4  Finished successfully:16
Progress: Mon, 07 Dec 2015 07:56:28+0000  Active:192  Finished successfully:64
Progress: Mon, 07 Dec 2015 07:56:41+0000  Active:183  Stage out:9  Finished successfully:64
Progress: Mon, 07 Dec 2015 07:56:42+0000  Active:144  Finished successfully:112
Progress: Mon, 07 Dec 2015 07:56:44+0000  Active:137  Stage out:7  Finished successfully:112
Progress: Mon, 07 Dec 2015 07:56:45+0000  Active:137  Finished successfully:119
Progress: Mon, 07 Dec 2015 07:57:15+0000  Active:137  Finished successfully:119
Progress: Mon, 07 Dec 2015 07:57:32+0000  Active:121  Stage out:4  Finished successfully:131
Progress: Mon, 07 Dec 2015 07:57:33+0000  Active:89  Finished successfully:167
Progress: Mon, 07 Dec 2015 07:57:42+0000  Active:73  Finished successfully:183
Progress: Mon, 07 Dec 2015 07:57:43+0000  Active:57  Finished successfully:199
Progress: Mon, 07 Dec 2015 07:57:52+0000  Active:41  Finished successfully:215
Progress: Mon, 07 Dec 2015 07:57:54+0000  Active:25  Finished successfully:231
Progress: Mon, 07 Dec 2015 07:57:56+0000  Active:21  Stage out:4  Finished successfully:231
Progress: Mon, 07 Dec 2015 07:57:57+0000  Active:9  Finished successfully:247
Final status: Mon, 07 Dec 2015 07:58:11+0000  Finished successfully:256
