Swift 0.96.2 git-rev: fd94793c37506e2e3d2eff7fa82c2f1e835a2e5b heads/cleanup_am 6319
RunID: run002
Progress: Wed, 11 May 2016 08:38:20-0400
SwiftScript trace: stage 4
SwiftScript trace: input_shared_1_5.txt
Progress: Wed, 11 May 2016 08:38:21-0400  Submitting:508  Submitted:4
Progress: Wed, 11 May 2016 08:38:22-0400  Submitting:483  Submitted:29
Progress: Wed, 11 May 2016 08:38:23-0400  Submitting:449  Submitted:63
Progress: Wed, 11 May 2016 08:38:24-0400  Submitting:416  Submitted:96
Progress: Wed, 11 May 2016 08:38:25-0400  Submitting:381  Submitted:131
Progress: Wed, 11 May 2016 08:38:26-0400  Submitting:345  Submitted:167
Progress: Wed, 11 May 2016 08:38:27-0400  Submitting:312  Submitted:200
Progress: Wed, 11 May 2016 08:38:28-0400  Submitting:279  Submitted:233
Progress: Wed, 11 May 2016 08:38:29-0400  Submitting:250  Submitted:262
Progress: Wed, 11 May 2016 08:38:30-0400  Submitting:219  Submitted:293
Progress: Wed, 11 May 2016 08:38:31-0400  Submitting:185  Submitted:327
Progress: Wed, 11 May 2016 08:38:32-0400  Submitting:152  Submitted:360
Progress: Wed, 11 May 2016 08:38:33-0400  Submitting:118  Submitted:394
Progress: Wed, 11 May 2016 08:38:34-0400  Submitting:84  Submitted:428
Progress: Wed, 11 May 2016 08:38:35-0400  Submitting:51  Submitted:461
Progress: Wed, 11 May 2016 08:38:36-0400  Submitting:18  Submitted:494
Progress: Wed, 11 May 2016 08:38:37-0400  Submitting:1  Submitted:511
Progress: Wed, 11 May 2016 08:38:38-0400  Submitted:512
Progress: Wed, 11 May 2016 08:39:08-0400  Submitted:512
Progress: Wed, 11 May 2016 08:39:38-0400  Submitted:512
Progress: Wed, 11 May 2016 08:40:08-0400  Submitted:512
Progress: Wed, 11 May 2016 08:40:38-0400  Submitted:512
Progress: Wed, 11 May 2016 08:41:08-0400  Submitted:512
Progress: Wed, 11 May 2016 08:41:38-0400  Submitted:512
Progress: Wed, 11 May 2016 08:41:43-0400  Submitted:427  Active:85
Progress: Wed, 11 May 2016 08:41:48-0400  Submitted:384  Active:128
Progress: Wed, 11 May 2016 08:42:04-0400  Submitted:383  Active:129
Progress: Wed, 11 May 2016 08:42:14-0400  Submitted:385  Active:127  Finished successfully:2
Progress: Wed, 11 May 2016 08:42:44-0400  Submitted:385  Active:127  Finished successfully:2
Progress: Wed, 11 May 2016 08:43:15-0400  Submitted:385  Active:127  Finished successfully:2
Progress: Wed, 11 May 2016 08:43:45-0400  Submitted:385  Active:127  Finished successfully:2
Progress: Wed, 11 May 2016 08:44:15-0400  Submitted:385  Active:127  Finished successfully:2
Progress: Wed, 11 May 2016 08:44:45-0400  Submitted:385  Active:127  Finished successfully:2
Progress: Wed, 11 May 2016 08:45:15-0400  Submitted:385  Active:127  Finished successfully:2
Progress: Wed, 11 May 2016 08:45:45-0400  Submitted:385  Active:127  Finished successfully:2
Progress: Wed, 11 May 2016 08:46:15-0400  Submitted:385  Active:127  Finished successfully:2
Progress: Wed, 11 May 2016 08:46:45-0400  Submitted:385  Active:127  Finished successfully:2
Progress: Wed, 11 May 2016 08:47:15-0400  Submitted:385  Active:127  Finished successfully:2
Progress: Wed, 11 May 2016 08:47:45-0400  Submitted:385  Active:127  Finished successfully:2
Progress: Wed, 11 May 2016 08:48:15-0400  Submitted:385  Active:127  Finished successfully:2
Progress: Wed, 11 May 2016 08:48:45-0400  Submitted:385  Active:127  Finished successfully:2
Progress: Wed, 11 May 2016 08:49:16-0400  Submitted:385  Active:127  Finished successfully:2
Progress: Wed, 11 May 2016 08:49:46-0400  Submitted:385  Active:127  Finished successfully:2
Progress: Wed, 11 May 2016 08:50:16-0400  Submitted:385  Active:127  Finished successfully:2
Progress: Wed, 11 May 2016 08:50:46-0400  Submitted:385  Active:127  Finished successfully:2
Progress: Wed, 11 May 2016 08:51:16-0400  Submitted:385  Active:127  Finished successfully:2
Progress: Wed, 11 May 2016 08:51:46-0400  Submitted:385  Active:127  Finished successfully:2
Progress: Wed, 11 May 2016 08:52:16-0400  Submitted:385  Active:127  Finished successfully:2
Progress: Wed, 11 May 2016 08:52:46-0400  Submitted:385  Active:127  Finished successfully:2
Progress: Wed, 11 May 2016 08:53:16-0400  Submitted:385  Active:127  Finished successfully:2
Progress: Wed, 11 May 2016 08:53:46-0400  Submitted:385  Active:127  Finished successfully:2
Progress: Wed, 11 May 2016 08:54:16-0400  Submitted:385  Active:127  Finished successfully:2
Progress: Wed, 11 May 2016 08:54:47-0400  Submitted:385  Active:127  Finished successfully:2
Progress: Wed, 11 May 2016 08:55:17-0400  Submitted:385  Active:127  Finished successfully:2
Progress: Wed, 11 May 2016 08:55:47-0400  Submitted:385  Active:127  Finished successfully:2
Progress: Wed, 11 May 2016 08:56:17-0400  Submitted:385  Active:127  Finished successfully:2
Progress: Wed, 11 May 2016 08:56:47-0400  Submitted:385  Active:127  Finished successfully:2
Progress: Wed, 11 May 2016 08:57:17-0400  Submitted:385  Active:127  Finished successfully:2
Progress: Wed, 11 May 2016 08:57:47-0400  Submitted:385  Active:127  Finished successfully:2
Progress: Wed, 11 May 2016 08:58:17-0400  Submitted:385  Active:127  Finished successfully:2
Progress: Wed, 11 May 2016 08:58:47-0400  Submitted:385  Active:127  Finished successfully:2
Progress: Wed, 11 May 2016 08:59:17-0400  Submitted:385  Active:127  Finished successfully:2
Progress: Wed, 11 May 2016 08:59:47-0400  Submitted:385  Active:127  Finished successfully:2
Progress: Wed, 11 May 2016 09:00:18-0400  Submitted:385  Active:127  Finished successfully:2
Progress: Wed, 11 May 2016 09:00:48-0400  Submitted:385  Active:127  Finished successfully:2
Progress: Wed, 11 May 2016 09:01:18-0400  Submitted:385  Active:127  Finished successfully:2
Progress: Wed, 11 May 2016 09:01:48-0400  Submitted:385  Active:127  Finished successfully:2
Progress: Wed, 11 May 2016 09:02:18-0400  Submitted:385  Active:127  Finished successfully:2
Progress: Wed, 11 May 2016 09:02:48-0400  Submitted:385  Active:127  Finished successfully:2
Progress: Wed, 11 May 2016 09:03:18-0400  Submitted:385  Active:127  Finished successfully:2
Progress: Wed, 11 May 2016 09:03:48-0400  Submitted:385  Active:127  Finished successfully:2
Progress: Wed, 11 May 2016 09:04:18-0400  Submitted:385  Active:127  Finished successfully:2
Progress: Wed, 11 May 2016 09:04:48-0400  Submitted:385  Active:127  Finished successfully:2
Progress: Wed, 11 May 2016 09:05:18-0400  Submitted:385  Active:127  Finished successfully:2
Progress: Wed, 11 May 2016 09:05:48-0400  Submitted:385  Active:127  Finished successfully:2
Progress: Wed, 11 May 2016 09:06:19-0400  Submitted:385  Active:127  Finished successfully:2
Progress: Wed, 11 May 2016 09:06:49-0400  Submitted:385  Active:127  Finished successfully:2
Progress: Wed, 11 May 2016 09:07:19-0400  Submitted:385  Active:127  Finished successfully:2
Progress: Wed, 11 May 2016 09:07:49-0400  Submitted:385  Active:127  Finished successfully:2
Progress: Wed, 11 May 2016 09:08:19-0400  Submitted:385  Active:127  Finished successfully:2
Progress: Wed, 11 May 2016 09:08:49-0400  Submitted:385  Active:127  Finished successfully:2
Progress: Wed, 11 May 2016 09:09:19-0400  Submitted:385  Active:127  Finished successfully:2
Progress: Wed, 11 May 2016 09:09:49-0400  Submitted:385  Active:127  Finished successfully:2
Progress: Wed, 11 May 2016 09:10:19-0400  Submitted:385  Active:127  Finished successfully:2
Progress: Wed, 11 May 2016 09:10:49-0400  Submitted:385  Active:127  Finished successfully:2
Progress: Wed, 11 May 2016 09:11:19-0400  Submitted:385  Active:127  Finished successfully:2
Progress: Wed, 11 May 2016 09:11:49-0400  Submitted:385  Active:127  Finished successfully:2
Progress: Wed, 11 May 2016 09:12:20-0400  Submitted:385  Active:127  Finished successfully:2
Progress: Wed, 11 May 2016 09:12:50-0400  Submitted:385  Active:127  Finished successfully:2
Progress: Wed, 11 May 2016 09:13:20-0400  Submitted:385  Active:127  Finished successfully:2
Progress: Wed, 11 May 2016 09:13:50-0400  Submitted:385  Active:127  Finished successfully:2
Progress: Wed, 11 May 2016 09:14:20-0400  Submitted:385  Active:127  Finished successfully:2
Progress: Wed, 11 May 2016 09:14:50-0400  Submitted:385  Active:127  Finished successfully:2
Progress: Wed, 11 May 2016 09:15:20-0400  Submitted:385  Active:127  Finished successfully:2
Progress: Wed, 11 May 2016 09:15:50-0400  Submitted:385  Active:127  Finished successfully:2
Progress: Wed, 11 May 2016 09:16:20-0400  Submitted:385  Active:127  Finished successfully:2
Progress: Wed, 11 May 2016 09:16:50-0400  Submitted:385  Active:127  Finished successfully:2
Progress: Wed, 11 May 2016 09:17:20-0400  Submitted:385  Active:127  Finished successfully:2
Progress: Wed, 11 May 2016 09:17:51-0400  Submitted:385  Active:127  Finished successfully:2
Progress: Wed, 11 May 2016 09:18:21-0400  Submitted:385  Active:127  Finished successfully:2
Progress: Wed, 11 May 2016 09:18:51-0400  Submitted:385  Active:127  Finished successfully:2
Progress: Wed, 11 May 2016 09:19:21-0400  Submitted:385  Active:127  Finished successfully:2
Progress: Wed, 11 May 2016 09:19:51-0400  Submitted:385  Active:127  Finished successfully:2
Progress: Wed, 11 May 2016 09:20:21-0400  Submitted:385  Active:127  Finished successfully:2
Progress: Wed, 11 May 2016 09:20:51-0400  Submitted:385  Active:127  Finished successfully:2
Progress: Wed, 11 May 2016 09:21:21-0400  Submitted:385  Active:127  Finished successfully:2
Progress: Wed, 11 May 2016 09:21:51-0400  Submitted:385  Active:127  Finished successfully:2
Progress: Wed, 11 May 2016 09:22:21-0400  Submitted:385  Active:127  Finished successfully:2
Progress: Wed, 11 May 2016 09:22:51-0400  Submitted:385  Active:127  Finished successfully:2
Progress: Wed, 11 May 2016 09:23:21-0400  Submitted:385  Active:127  Finished successfully:2
Progress: Wed, 11 May 2016 09:23:52-0400  Submitted:385  Active:127  Finished successfully:2
Progress: Wed, 11 May 2016 09:24:22-0400  Submitted:385  Active:127  Finished successfully:2
Progress: Wed, 11 May 2016 09:24:52-0400  Submitted:385  Active:127  Finished successfully:2
Progress: Wed, 11 May 2016 09:25:22-0400  Submitted:385  Active:127  Finished successfully:2
Progress: Wed, 11 May 2016 09:25:52-0400  Submitted:385  Active:127  Finished successfully:2
Progress: Wed, 11 May 2016 09:26:22-0400  Submitted:385  Active:127  Finished successfully:2
Progress: Wed, 11 May 2016 09:26:52-0400  Submitted:385  Active:127  Finished successfully:2
Progress: Wed, 11 May 2016 09:27:22-0400  Submitted:385  Active:127  Finished successfully:2
Progress: Wed, 11 May 2016 09:27:52-0400  Submitted:385  Active:127  Finished successfully:2
Progress: Wed, 11 May 2016 09:28:22-0400  Submitted:385  Active:127  Finished successfully:2
Progress: Wed, 11 May 2016 09:28:52-0400  Submitted:385  Active:127  Finished successfully:2
Progress: Wed, 11 May 2016 09:29:22-0400  Submitted:385  Active:127  Finished successfully:2
Progress: Wed, 11 May 2016 09:29:53-0400  Submitted:385  Active:127  Finished successfully:2
Progress: Wed, 11 May 2016 09:30:23-0400  Submitted:385  Active:127  Finished successfully:2
Progress: Wed, 11 May 2016 09:30:53-0400  Submitted:385  Active:127  Finished successfully:2
Progress: Wed, 11 May 2016 09:31:23-0400  Submitted:385  Active:127  Finished successfully:2
Progress: Wed, 11 May 2016 09:31:53-0400  Submitted:385  Active:127  Finished successfully:2
Progress: Wed, 11 May 2016 09:32:23-0400  Submitted:385  Active:127  Finished successfully:2
Progress: Wed, 11 May 2016 09:32:53-0400  Submitted:385  Active:127  Finished successfully:2
Progress: Wed, 11 May 2016 09:33:23-0400  Submitted:385  Active:127  Finished successfully:2
Progress: Wed, 11 May 2016 09:33:53-0400  Submitted:385  Active:127  Finished successfully:2

Execution failed:
Exception in stage_1_exe:
    Arguments: [180, input_shared_1_1.txt, input_shared_1_2.txt, input_shared_1_3.txt, input_shared_1_4.txt, input_shared_1_5.txt]
    Host: aimes_emgr
    Directory: vivek-run002/jobs/s/stage_1_exe-nk9bhtpm
	exception @ swift-int-staging.k, line: 165
Caused by: 
	exception @ swift-int-staging.k, line: 160
Caused by: poll.command failed (exit code 1): 

	k:assign @ swift.k, line: 174
Caused by: Exception in stage_1_exe:
    Arguments: [180, input_shared_1_1.txt, input_shared_1_2.txt, input_shared_1_3.txt, input_shared_1_4.txt, input_shared_1_5.txt]
    Host: aimes_emgr
    Directory: vivek-run002/jobs/s/stage_1_exe-nk9bhtpm
	exception @ swift-int-staging.k, line: 165
Caused by: 
	exception @ swift-int-staging.k, line: 160
Caused by: poll.command failed (exit code 1): 

