-------------------------------------------------------------------------------------------------------
[2016-02-07 04:29:59] [scale 2048; binding late; distribution uniform; iteration 2; rerun 0] - Run 1/-3
[2016-02-07 04:29:59] [scale 2048; binding late; distribution uniform; iteration 2; rerun 0] - Root: run-2048_late_uniform_2/
[2016-02-07 04:29:59] [scale 2048; binding late; distribution uniform; iteration 2; rerun 0] - State: ACTIVE
[2016-02-07 04:30:02] [scale 2048; binding late; distribution uniform; iteration 2; rerun 0] - Session: rp.session.ip-10-184-31-85.mingtha.016838.0000
[2016-02-07 05:33:49] [scale 2048; binding late; distribution uniform; iteration 2; rerun 0] - State: DONE
-------------------------------------------------------------------------------------------------------
[2016-02-07 05:42:06] [scale 2048; binding late; distribution uniform; iteration 1; rerun 0] - Run 2/-2
[2016-02-07 05:42:06] [scale 2048; binding late; distribution uniform; iteration 1; rerun 0] - Root: run-2048_late_uniform_1/
[2016-02-07 05:42:06] [scale 2048; binding late; distribution uniform; iteration 1; rerun 0] - State: ACTIVE
[2016-02-07 05:42:08] [scale 2048; binding late; distribution uniform; iteration 1; rerun 0] - Session: rp.session.ip-10-184-31-85.mingtha.016838.0001
[2016-02-07 06:45:48] [scale 2048; binding late; distribution uniform; iteration 1; rerun 0] - State: DONE
-------------------------------------------------------------------------------------------------------
[2016-02-07 06:55:20] [scale 2048; binding late; distribution uniform; iteration 3; rerun 0] - Run 3/-1
[2016-02-07 06:55:20] [scale 2048; binding late; distribution uniform; iteration 3; rerun 0] - Root: run-2048_late_uniform_3/
[2016-02-07 06:55:20] [scale 2048; binding late; distribution uniform; iteration 3; rerun 0] - State: ACTIVE
[2016-02-07 06:55:21] [scale 2048; binding late; distribution uniform; iteration 3; rerun 0] - Session: rp.session.ip-10-184-31-85.mingtha.016838.0002
[2016-02-07 07:59:10] [scale 2048; binding late; distribution uniform; iteration 3; rerun 0] - State: DONE
-------------------------------------------------------------------------------------------------------
[2016-02-07 08:07:03] [scale 2048; binding late; distribution uniform; iteration 4; rerun 0] - Run 4/-0
[2016-02-07 08:07:03] [scale 2048; binding late; distribution uniform; iteration 4; rerun 0] - Root: run-2048_late_uniform_4/
[2016-02-07 08:07:03] [scale 2048; binding late; distribution uniform; iteration 4; rerun 0] - State: ACTIVE
[2016-02-07 08:07:04] [scale 2048; binding late; distribution uniform; iteration 4; rerun 0] - Session: rp.session.ip-10-184-31-85.mingtha.016838.0003
[2016-02-07 17:07:55] [scale 2048; binding late; distribution uniform; iteration 4; rerun 0] - State: FAILED
----------------------------------------------------------------------------------------------------
[2016-02-20 15:08:22] [scale 8; binding late; distribution uniform; iteration 4; rerun 0] - Run 1/-3
[2016-02-20 15:08:22] [scale 8; binding late; distribution uniform; iteration 4; rerun 0] - Root: run-8_late_uniform_4/
[2016-02-20 15:08:22] [scale 8; binding late; distribution uniform; iteration 4; rerun 0] - State: ACTIVE
[2016-02-20 15:08:30] [scale 8; binding late; distribution uniform; iteration 4; rerun 0] - Session: rp.session.lucille1.mingtaiha.016851.0000
[2016-02-20 15:25:55] [scale 8; binding late; distribution uniform; iteration 4; rerun 0] - State: DONE
----------------------------------------------------------------------------------------------------
[2016-02-20 15:26:07] [scale 8; binding late; distribution uniform; iteration 1; rerun 0] - Run 2/-2
[2016-02-20 15:26:07] [scale 8; binding late; distribution uniform; iteration 1; rerun 0] - Root: run-8_late_uniform_1/
[2016-02-20 15:26:07] [scale 8; binding late; distribution uniform; iteration 1; rerun 0] - State: ACTIVE
[2016-02-20 15:26:12] [scale 8; binding late; distribution uniform; iteration 1; rerun 0] - Session: rp.session.lucille1.mingtaiha.016851.0001
[2016-02-20 15:26:23] [scale 8; binding late; distribution uniform; iteration 1; rerun 0] - State: FAILED
----------------------------------------------------------------------------------------------------
[2016-02-20 15:30:36] [scale 8; binding late; distribution uniform; iteration 1; rerun 0] - Run 1/-0
[2016-02-20 15:30:36] [scale 8; binding late; distribution uniform; iteration 1; rerun 0] - Root: run-8_late_uniform_1/
[2016-02-20 15:30:36] [scale 8; binding late; distribution uniform; iteration 1; rerun 0] - State: ACTIVE
[2016-02-20 15:30:37] [scale 8; binding late; distribution uniform; iteration 1; rerun 0] - Session: rp.session.lucille1.mingtaiha.016851.0002
[2016-02-20 15:49:04] [scale 8; binding late; distribution uniform; iteration 1; rerun 0] - State: DONE
----------------------------------------------------------------------------------------------------
[2016-02-20 20:02:31] [scale 8; binding late; distribution uniform; iteration 1; rerun 0] - Run 1/-0
[2016-02-20 20:02:31] [scale 8; binding late; distribution uniform; iteration 1; rerun 0] - Root: run-8_late_uniform_1/
[2016-02-20 20:02:31] [scale 8; binding late; distribution uniform; iteration 1; rerun 0] - State: ACTIVE
[2016-02-20 20:02:34] [scale 8; binding late; distribution uniform; iteration 1; rerun 0] - Session: rp.session.lucille1.mingtaiha.016852.0000
[2016-02-20 20:20:03] [scale 8; binding late; distribution uniform; iteration 1; rerun 0] - State: DONE
-------------------------------------------------------------------------------------------------------
[2016-02-20 20:23:08] [scale 512; binding late; distribution uniform; iteration 3; rerun 0] - Run 1/-11
[2016-02-20 20:23:08] [scale 512; binding late; distribution uniform; iteration 3; rerun 0] - Root: run-512_late_uniform_3/
[2016-02-20 20:23:08] [scale 512; binding late; distribution uniform; iteration 3; rerun 0] - State: ACTIVE
[2016-02-20 20:23:09] [scale 512; binding late; distribution uniform; iteration 3; rerun 0] - Session: rp.session.lucille1.mingtaiha.016852.0001
[2016-02-20 21:09:28] [scale 512; binding late; distribution uniform; iteration 3; rerun 0] - State: DONE
-------------------------------------------------------------------------------------------------------
[2016-02-20 21:09:47] [scale 512; binding late; distribution uniform; iteration 1; rerun 0] - Run 2/-10
[2016-02-20 21:09:47] [scale 512; binding late; distribution uniform; iteration 1; rerun 0] - Root: run-512_late_uniform_1/
[2016-02-20 21:09:47] [scale 512; binding late; distribution uniform; iteration 1; rerun 0] - State: ACTIVE
[2016-02-20 21:09:49] [scale 512; binding late; distribution uniform; iteration 1; rerun 0] - Session: rp.session.lucille1.mingtaiha.016852.0002
[2016-02-21 00:59:57] [scale 512; binding late; distribution uniform; iteration 1; rerun 0] - State: DONE
------------------------------------------------------------------------------------------------------
[2016-02-21 01:00:19] [scale 128; binding late; distribution uniform; iteration 4; rerun 0] - Run 3/-9
[2016-02-21 01:00:19] [scale 128; binding late; distribution uniform; iteration 4; rerun 0] - Root: run-128_late_uniform_4/
[2016-02-21 01:00:19] [scale 128; binding late; distribution uniform; iteration 4; rerun 0] - State: ACTIVE
[2016-02-21 01:00:21] [scale 128; binding late; distribution uniform; iteration 4; rerun 0] - Session: rp.session.lucille1.mingtaiha.016852.0003
[2016-02-21 06:15:22] [scale 128; binding late; distribution uniform; iteration 4; rerun 0] - State: DONE
------------------------------------------------------------------------------------------------------
[2016-02-21 06:15:33] [scale 512; binding late; distribution uniform; iteration 4; rerun 0] - Run 4/-8
[2016-02-21 06:15:33] [scale 512; binding late; distribution uniform; iteration 4; rerun 0] - Root: run-512_late_uniform_4/
[2016-02-21 06:15:33] [scale 512; binding late; distribution uniform; iteration 4; rerun 0] - State: ACTIVE
[2016-02-21 06:15:34] [scale 512; binding late; distribution uniform; iteration 4; rerun 0] - Session: rp.session.lucille1.mingtaiha.016852.0004
[2016-02-21 08:38:34] [scale 512; binding late; distribution uniform; iteration 4; rerun 0] - State: DONE
------------------------------------------------------------------------------------------------------
[2016-02-21 08:38:47] [scale 128; binding late; distribution uniform; iteration 1; rerun 0] - Run 5/-7
[2016-02-21 08:38:47] [scale 128; binding late; distribution uniform; iteration 1; rerun 0] - Root: run-128_late_uniform_1/
[2016-02-21 08:38:47] [scale 128; binding late; distribution uniform; iteration 1; rerun 0] - State: ACTIVE
[2016-02-21 08:38:49] [scale 128; binding late; distribution uniform; iteration 1; rerun 0] - Session: rp.session.lucille1.mingtaiha.016852.0005
[2016-02-21 09:39:30] [scale 128; binding late; distribution uniform; iteration 1; rerun 0] - State: DONE
------------------------------------------------------------------------------------------------------
[2016-02-21 09:39:50] [scale 128; binding late; distribution uniform; iteration 2; rerun 0] - Run 6/-6
[2016-02-21 09:39:50] [scale 128; binding late; distribution uniform; iteration 2; rerun 0] - Root: run-128_late_uniform_2/
[2016-02-21 09:39:50] [scale 128; binding late; distribution uniform; iteration 2; rerun 0] - State: ACTIVE
[2016-02-21 09:39:51] [scale 128; binding late; distribution uniform; iteration 2; rerun 0] - Session: rp.session.lucille1.mingtaiha.016852.0006
[2016-02-21 12:57:39] [scale 128; binding late; distribution uniform; iteration 2; rerun 0] - State: DONE
-------------------------------------------------------------------------------------------------------
[2016-02-21 12:58:03] [scale 1024; binding late; distribution uniform; iteration 2; rerun 0] - Run 7/-5
[2016-02-21 12:58:03] [scale 1024; binding late; distribution uniform; iteration 2; rerun 0] - Root: run-1024_late_uniform_2/
[2016-02-21 12:58:03] [scale 1024; binding late; distribution uniform; iteration 2; rerun 0] - State: ACTIVE
[2016-02-21 12:58:09] [scale 1024; binding late; distribution uniform; iteration 2; rerun 0] - Session: rp.session.lucille1.mingtaiha.016852.0007
[2016-02-21 19:14:17] [scale 1024; binding late; distribution uniform; iteration 2; rerun 0] - State: DONE
-------------------------------------------------------------------------------------------------------
[2016-02-21 19:14:33] [scale 1024; binding late; distribution uniform; iteration 3; rerun 0] - Run 8/-4
[2016-02-21 19:14:33] [scale 1024; binding late; distribution uniform; iteration 3; rerun 0] - Root: run-1024_late_uniform_3/
[2016-02-21 19:14:33] [scale 1024; binding late; distribution uniform; iteration 3; rerun 0] - State: ACTIVE
[2016-02-21 19:14:35] [scale 1024; binding late; distribution uniform; iteration 3; rerun 0] - Session: rp.session.lucille1.mingtaiha.016853.0000
[2016-02-22 01:20:09] [scale 1024; binding late; distribution uniform; iteration 3; rerun 0] - State: DONE
------------------------------------------------------------------------------------------------------
[2016-02-22 01:20:18] [scale 128; binding late; distribution uniform; iteration 3; rerun 0] - Run 9/-3
[2016-02-22 01:20:18] [scale 128; binding late; distribution uniform; iteration 3; rerun 0] - Root: run-128_late_uniform_3/
[2016-02-22 01:20:18] [scale 128; binding late; distribution uniform; iteration 3; rerun 0] - State: ACTIVE
[2016-02-22 01:20:19] [scale 128; binding late; distribution uniform; iteration 3; rerun 0] - Session: rp.session.lucille1.mingtaiha.016853.0001
[2016-02-22 06:21:14] [scale 128; binding late; distribution uniform; iteration 3; rerun 0] - State: DONE
-------------------------------------------------------------------------------------------------------
[2016-02-22 06:21:21] [scale 512; binding late; distribution uniform; iteration 2; rerun 0] - Run 10/-2
[2016-02-22 06:21:21] [scale 512; binding late; distribution uniform; iteration 2; rerun 0] - Root: run-512_late_uniform_2/
[2016-02-22 06:21:21] [scale 512; binding late; distribution uniform; iteration 2; rerun 0] - State: ACTIVE
[2016-02-22 06:21:23] [scale 512; binding late; distribution uniform; iteration 2; rerun 0] - Session: rp.session.lucille1.mingtaiha.016853.0002
[2016-02-22 12:03:36] [scale 512; binding late; distribution uniform; iteration 2; rerun 0] - State: DONE
--------------------------------------------------------------------------------------------------------
[2016-02-22 12:03:52] [scale 1024; binding late; distribution uniform; iteration 4; rerun 0] - Run 11/-1
[2016-02-22 12:03:52] [scale 1024; binding late; distribution uniform; iteration 4; rerun 0] - Root: run-1024_late_uniform_4/
[2016-02-22 12:03:52] [scale 1024; binding late; distribution uniform; iteration 4; rerun 0] - State: ACTIVE
[2016-02-22 12:03:57] [scale 1024; binding late; distribution uniform; iteration 4; rerun 0] - Session: rp.session.lucille1.mingtaiha.016853.0003
[2016-02-22 21:32:15] [scale 1024; binding late; distribution uniform; iteration 4; rerun 0] - State: DONE
--------------------------------------------------------------------------------------------------------
[2016-02-22 21:32:25] [scale 1024; binding late; distribution uniform; iteration 1; rerun 0] - Run 12/-0
[2016-02-22 21:32:25] [scale 1024; binding late; distribution uniform; iteration 1; rerun 0] - Root: run-1024_late_uniform_1/
[2016-02-22 21:32:25] [scale 1024; binding late; distribution uniform; iteration 1; rerun 0] - State: ACTIVE
[2016-02-22 21:32:26] [scale 1024; binding late; distribution uniform; iteration 1; rerun 0] - Session: rp.session.lucille1.mingtaiha.016854.0000
----------------------------------------------------------------------------------------------------
[2016-02-24 03:22:11] [scale 8; binding late; distribution uniform; iteration 1; rerun 0] - Run 1/-0
[2016-02-24 03:22:11] [scale 8; binding late; distribution uniform; iteration 1; rerun 0] - Root: run-8_late_uniform_1/
[2016-02-24 03:22:11] [scale 8; binding late; distribution uniform; iteration 1; rerun 0] - State: ACTIVE
[2016-02-24 03:22:12] [scale 8; binding late; distribution uniform; iteration 1; rerun 0] - State: FAILED
----------------------------------------------------------------------------------------------------
[2016-02-24 03:22:30] [scale 8; binding late; distribution uniform; iteration 1; rerun 0] - Run 1/-0
[2016-02-24 03:22:30] [scale 8; binding late; distribution uniform; iteration 1; rerun 0] - Root: run-8_late_uniform_1/
[2016-02-24 03:22:30] [scale 8; binding late; distribution uniform; iteration 1; rerun 0] - State: ACTIVE
[2016-02-24 03:22:33] [scale 8; binding late; distribution uniform; iteration 1; rerun 0] - Session: rp.session.radical.mingtha.016855.0001
[2016-02-24 05:04:00] [scale 8; binding late; distribution uniform; iteration 1; rerun 0] - State: FAILED
-------------------------------------------------------------------------------------------------------
[2016-02-24 05:04:49] [scale 1024; binding late; distribution uniform; iteration 1; rerun 0] - Run 1/-8
[2016-02-24 05:04:49] [scale 1024; binding late; distribution uniform; iteration 1; rerun 0] - Root: run-1024_late_uniform_1/
[2016-02-24 05:04:49] [scale 1024; binding late; distribution uniform; iteration 1; rerun 0] - State: ACTIVE
[2016-02-24 05:04:51] [scale 1024; binding late; distribution uniform; iteration 1; rerun 0] - Session: rp.session.radical.mingtha.016855.0002
[2016-02-24 16:55:03] [scale 1024; binding late; distribution uniform; iteration 1; rerun 0] - State: DONE
-------------------------------------------------------------------------------------------------------
[2016-02-24 16:55:06] [scale 1024; binding late; distribution uniform; iteration 3; rerun 0] - Run 2/-7
[2016-02-24 16:55:06] [scale 1024; binding late; distribution uniform; iteration 3; rerun 0] - Root: run-1024_late_uniform_3/
[2016-02-24 16:55:06] [scale 1024; binding late; distribution uniform; iteration 3; rerun 0] - State: ACTIVE
[2016-02-24 16:55:07] [scale 1024; binding late; distribution uniform; iteration 3; rerun 0] - Session: rp.session.radical.mingtha.016855.0003
[2016-02-25 03:39:06] [scale 1024; binding late; distribution uniform; iteration 3; rerun 0] - State: DONE
------------------------------------------------------------------------------------------------------
[2016-02-25 03:39:09] [scale 128; binding late; distribution uniform; iteration 1; rerun 0] - Run 3/-6
[2016-02-25 03:39:09] [scale 128; binding late; distribution uniform; iteration 1; rerun 0] - Root: run-128_late_uniform_1/
[2016-02-25 03:39:09] [scale 128; binding late; distribution uniform; iteration 1; rerun 0] - State: ACTIVE
[2016-02-25 03:39:11] [scale 128; binding late; distribution uniform; iteration 1; rerun 0] - Session: rp.session.radical.mingtha.016856.0000
[2016-02-25 19:53:04] [scale 128; binding late; distribution uniform; iteration 1; rerun 0] - State: DONE
------------------------------------------------------------------------------------------------------
[2016-02-25 19:53:21] [scale 512; binding late; distribution uniform; iteration 2; rerun 0] - Run 4/-5
[2016-02-25 19:53:21] [scale 512; binding late; distribution uniform; iteration 2; rerun 0] - Root: run-512_late_uniform_2/
[2016-02-25 19:53:21] [scale 512; binding late; distribution uniform; iteration 2; rerun 0] - State: ACTIVE
[2016-02-25 19:53:24] [scale 512; binding late; distribution uniform; iteration 2; rerun 0] - Session: rp.session.radical.mingtha.016856.0001
[2016-02-26 04:21:24] [scale 512; binding late; distribution uniform; iteration 2; rerun 0] - State: DONE
------------------------------------------------------------------------------------------------------
[2016-02-26 04:21:42] [scale 512; binding late; distribution uniform; iteration 1; rerun 0] - Run 5/-4
[2016-02-26 04:21:42] [scale 512; binding late; distribution uniform; iteration 1; rerun 0] - Root: run-512_late_uniform_1/
[2016-02-26 04:21:42] [scale 512; binding late; distribution uniform; iteration 1; rerun 0] - State: ACTIVE
[2016-02-26 04:21:44] [scale 512; binding late; distribution uniform; iteration 1; rerun 0] - Session: rp.session.radical.mingtha.016857.0000
[2016-02-26 18:59:13] [scale 512; binding late; distribution uniform; iteration 1; rerun 0] - State: DONE
------------------------------------------------------------------------------------------------------
[2016-02-26 18:59:45] [scale 128; binding late; distribution uniform; iteration 2; rerun 0] - Run 6/-3
[2016-02-26 18:59:45] [scale 128; binding late; distribution uniform; iteration 2; rerun 0] - Root: run-128_late_uniform_2/
[2016-02-26 18:59:45] [scale 128; binding late; distribution uniform; iteration 2; rerun 0] - State: ACTIVE
[2016-02-26 18:59:49] [scale 128; binding late; distribution uniform; iteration 2; rerun 0] - Session: rp.session.radical.mingtha.016857.0001
[2016-02-26 22:52:46] [scale 128; binding late; distribution uniform; iteration 2; rerun 0] - State: FAILED
