Swift 0.96.2 git-rev: b9611649002eecd640fc6c58bbb88cb35ce03539 heads/release-0.96-swift 6287 (modified locally)
RunID: run040
Progress: Mon, 07 Dec 2015 19:18:22+0000
Progress: Mon, 07 Dec 2015 19:18:23+0000  Submitting:1024
Progress: Mon, 07 Dec 2015 19:18:38+0000  Submitting:1014  Submitted:10
Progress: Mon, 07 Dec 2015 19:18:41+0000  Submitting:238  Submitted:786
Progress: Mon, 07 Dec 2015 19:18:42+0000  Submitted:1024
Progress: Mon, 07 Dec 2015 19:18:59+0000  Stage in:16  Submitted:1008
Progress: Mon, 07 Dec 2015 19:19:00+0000  Submitted:1008  Active:16
Progress: Mon, 07 Dec 2015 19:19:12+0000  Stage in:12  Submitted:992  Active:20
Progress: Mon, 07 Dec 2015 19:19:13+0000  Submitted:992  Active:32
Progress: Mon, 07 Dec 2015 19:19:15+0000  Stage in:31  Submitted:960  Active:33
Progress: Mon, 07 Dec 2015 19:19:16+0000  Submitted:944  Active:80
Progress: Mon, 07 Dec 2015 19:19:30+0000  Stage in:41  Submitted:896  Active:87
Progress: Mon, 07 Dec 2015 19:19:31+0000  Submitted:880  Active:144
Progress: Mon, 07 Dec 2015 19:19:47+0000  Stage in:47  Submitted:832  Active:145
Progress: Mon, 07 Dec 2015 19:19:48+0000  Submitted:816  Active:208
Progress: Mon, 07 Dec 2015 19:20:02+0000  Submitted:752  Active:272
Progress: Mon, 07 Dec 2015 19:20:16+0000  Submitted:736  Active:288
Progress: Mon, 07 Dec 2015 19:20:17+0000  Submitted:704  Active:320
Progress: Mon, 07 Dec 2015 19:20:47+0000  Submitted:704  Active:320
Progress: Mon, 07 Dec 2015 19:20:53+0000  Stage in:31  Submitted:672  Active:321
Progress: Mon, 07 Dec 2015 19:20:54+0000  Submitted:672  Active:352
Progress: Mon, 07 Dec 2015 19:21:24+0000  Submitted:672  Active:352
Progress: Mon, 07 Dec 2015 19:21:54+0000  Stage in:3  Submitted:656  Active:365
Progress: Mon, 07 Dec 2015 19:21:55+0000  Submitted:656  Active:368
Progress: Mon, 07 Dec 2015 19:22:25+0000  Submitted:656  Active:368
Progress: Mon, 07 Dec 2015 19:22:55+0000  Submitted:656  Active:368
Progress: Mon, 07 Dec 2015 19:23:25+0000  Submitted:656  Active:368
Progress: Mon, 07 Dec 2015 19:23:55+0000  Submitted:656  Active:368
Progress: Mon, 07 Dec 2015 19:23:58+0000  Submitted:624  Active:400
Progress: Mon, 07 Dec 2015 19:24:28+0000  Submitted:624  Active:400
Progress: Mon, 07 Dec 2015 19:24:30+0000  Stage in:9  Submitted:608  Active:407
Progress: Mon, 07 Dec 2015 19:24:31+0000  Submitted:592  Active:432
Progress: Mon, 07 Dec 2015 19:25:01+0000  Submitted:592  Active:432
Progress: Mon, 07 Dec 2015 19:25:31+0000  Submitted:576  Active:448
Progress: Mon, 07 Dec 2015 19:25:32+0000  Submitted:560  Active:464
Progress: Mon, 07 Dec 2015 19:26:02+0000  Submitted:560  Active:464
Progress: Mon, 07 Dec 2015 19:26:03+0000  Stage in:14  Submitted:544  Active:466
Progress: Mon, 07 Dec 2015 19:26:04+0000  Submitted:528  Active:496
Progress: Mon, 07 Dec 2015 19:26:34+0000  Stage in:12  Submitted:512  Active:500
Progress: Mon, 07 Dec 2015 19:26:35+0000  Stage in:16  Submitted:496  Active:512
Progress: Mon, 07 Dec 2015 19:26:36+0000  Submitted:496  Active:528
Progress: Mon, 07 Dec 2015 19:27:06+0000  Submitted:496  Active:528
Progress: Mon, 07 Dec 2015 19:27:36+0000  Submitted:496  Active:528
Progress: Mon, 07 Dec 2015 19:27:37+0000  Submitted:464  Active:560
Progress: Mon, 07 Dec 2015 19:28:07+0000  Submitted:464  Active:560
Progress: Mon, 07 Dec 2015 19:28:37+0000  Submitted:464  Active:560
Progress: Mon, 07 Dec 2015 19:28:39+0000  Submitted:432  Active:592
Progress: Mon, 07 Dec 2015 19:29:09+0000  Submitted:432  Active:592
Progress: Mon, 07 Dec 2015 19:29:39+0000  Submitted:432  Active:592
Progress: Mon, 07 Dec 2015 19:29:40+0000  Submitted:416  Active:608
Progress: Mon, 07 Dec 2015 19:30:02+0000  Submitted:400  Active:624
Progress: Mon, 07 Dec 2015 19:30:11+0000  Submitted:384  Active:640
Progress: Mon, 07 Dec 2015 19:30:41+0000  Submitted:384  Active:640
Progress: Mon, 07 Dec 2015 19:31:11+0000  Submitted:384  Active:640
Progress: Mon, 07 Dec 2015 19:31:41+0000  Submitted:384  Active:640
Progress: Mon, 07 Dec 2015 19:32:11+0000  Submitted:384  Active:640
Progress: Mon, 07 Dec 2015 19:32:41+0000  Submitted:384  Active:640
Progress: Mon, 07 Dec 2015 19:33:11+0000  Submitted:384  Active:640
Progress: Mon, 07 Dec 2015 19:33:41+0000  Submitted:384  Active:640
Progress: Mon, 07 Dec 2015 19:33:59+0000  Submitted:384  Active:633  Stage out:7
Progress: Mon, 07 Dec 2015 19:34:00+0000  Submitted:384  Active:624  Finished successfully:16
Progress: Mon, 07 Dec 2015 19:34:12+0000  Submitted:384  Active:611  Stage out:9  Finished successfully:20
Progress: Mon, 07 Dec 2015 19:34:13+0000  Submitted:384  Active:608  Finished successfully:32
Progress: Mon, 07 Dec 2015 19:34:15+0000  Submitted:384  Active:598  Stage out:10  Finished successfully:32
Progress: Mon, 07 Dec 2015 19:34:16+0000  Submitted:384  Active:560  Finished successfully:80
Progress: Mon, 07 Dec 2015 19:34:30+0000  Submitted:384  Active:550  Stage out:2  Finished successfully:88
Progress: Mon, 07 Dec 2015 19:34:31+0000  Submitted:384  Active:496  Finished successfully:144
Progress: Mon, 07 Dec 2015 19:34:47+0000  Submitted:384  Active:486  Stage out:10  Finished successfully:144
Progress: Mon, 07 Dec 2015 19:34:48+0000  Submitted:384  Active:432  Finished successfully:208
Progress: Mon, 07 Dec 2015 19:35:02+0000  Submitted:384  Active:368  Finished successfully:272
Progress: Mon, 07 Dec 2015 19:35:16+0000  Submitted:384  Active:352  Finished successfully:288
Progress: Mon, 07 Dec 2015 19:35:17+0000  Submitted:384  Active:320  Finished successfully:320
Progress: Mon, 07 Dec 2015 19:35:47+0000  Submitted:384  Active:320  Finished successfully:320
Progress: Mon, 07 Dec 2015 19:35:53+0000  Submitted:384  Active:319  Stage out:1  Finished successfully:320
Progress: Mon, 07 Dec 2015 19:35:54+0000  Submitted:384  Active:288  Finished successfully:352
Progress: Mon, 07 Dec 2015 19:36:24+0000  Submitted:384  Active:288  Finished successfully:352
Progress: Mon, 07 Dec 2015 19:36:28+0000  Stage in:4  Submitted:368  Active:300  Finished successfully:352
Progress: Mon, 07 Dec 2015 19:36:29+0000  Submitted:368  Active:304  Finished successfully:352
Progress: Mon, 07 Dec 2015 19:36:54+0000  Submitted:368  Active:288  Finished successfully:368
Progress: Mon, 07 Dec 2015 19:37:09+0000  Submitted:352  Active:304  Finished successfully:368
Progress: Mon, 07 Dec 2015 19:37:25+0000  Stage in:32  Submitted:320  Active:304  Finished successfully:368
Progress: Mon, 07 Dec 2015 19:37:26+0000  Submitted:288  Active:368  Finished successfully:368
Progress: Mon, 07 Dec 2015 19:37:40+0000  Stage in:20  Submitted:224  Active:412  Finished successfully:368
Progress: Mon, 07 Dec 2015 19:37:41+0000  Submitted:224  Active:432  Finished successfully:368
Progress: Mon, 07 Dec 2015 19:37:59+0000  Stage in:17  Submitted:183  Active:456  Finished successfully:368
Progress: Mon, 07 Dec 2015 19:38:00+0000  Submitted:183  Active:473  Finished successfully:368
Progress: Mon, 07 Dec 2015 19:38:30+0000  Submitted:183  Active:473  Finished successfully:368
Progress: Mon, 07 Dec 2015 19:38:58+0000  Submitted:183  Active:441  Stage out:32  Finished successfully:368
Progress: Mon, 07 Dec 2015 19:39:28+0000  Submitted:183  Active:441  Stage out:32  Finished successfully:368
Progress: Mon, 07 Dec 2015 19:39:30+0000  Submitted:183  Active:425  Stage out:48  Finished successfully:368
Progress: Mon, 07 Dec 2015 19:39:31+0000  Submitted:183  Active:409  Stage out:64  Finished successfully:368
Progress: Mon, 07 Dec 2015 19:39:44+0000  Submitted:167  Active:425  Stage out:64  Finished successfully:368
Progress: Mon, 07 Dec 2015 19:40:14+0000  Submitted:167  Active:425  Stage out:64  Finished successfully:368
Progress: Mon, 07 Dec 2015 19:40:17+0000  Submitted:151  Active:441  Stage out:64  Finished successfully:368
Progress: Mon, 07 Dec 2015 19:40:31+0000  Submitted:151  Active:425  Stage out:80  Finished successfully:368
Progress: Mon, 07 Dec 2015 19:40:32+0000  Submitted:151  Active:409  Stage out:96  Finished successfully:368
Progress: Mon, 07 Dec 2015 19:41:02+0000  Submitted:151  Active:409  Stage out:96  Finished successfully:368
Progress: Mon, 07 Dec 2015 19:41:03+0000  Submitted:151  Active:393  Stage out:112  Finished successfully:368
Progress: Mon, 07 Dec 2015 19:41:04+0000  Submitted:151  Active:377  Stage out:128  Finished successfully:368
Progress: Mon, 07 Dec 2015 19:41:34+0000  Submitted:151  Active:361  Stage out:144  Finished successfully:368
Progress: Mon, 07 Dec 2015 19:41:35+0000  Submitted:151  Active:347  Stage out:158  Finished successfully:368
Progress: Mon, 07 Dec 2015 19:41:36+0000  Submitted:151  Active:345  Stage out:160  Finished successfully:368
Progress: Mon, 07 Dec 2015 19:41:53+0000  Submitted:151  Active:345  Stage out:150  Finished successfully:378
Progress: Mon, 07 Dec 2015 19:41:54+0000  Submitted:151  Active:345  Stage out:140  Finished successfully:388
Progress: Mon, 07 Dec 2015 19:41:55+0000  Submitted:151  Active:345  Stage out:97  Finished successfully:431
Progress: Mon, 07 Dec 2015 19:41:56+0000  Submitted:151  Active:345  Stage out:51  Finished successfully:477
Progress: Mon, 07 Dec 2015 19:41:57+0000  Submitted:151  Active:345  Finished successfully:528
Progress: Mon, 07 Dec 2015 19:42:20+0000  Submitted:135  Active:361  Finished successfully:528
Progress: Mon, 07 Dec 2015 19:42:37+0000  Submitted:135  Active:329  Finished successfully:560
Progress: Mon, 07 Dec 2015 19:43:07+0000  Submitted:135  Active:329  Finished successfully:560
Progress: Mon, 07 Dec 2015 19:43:37+0000  Submitted:135  Active:329  Finished successfully:560
Progress: Mon, 07 Dec 2015 19:43:39+0000  Submitted:135  Active:297  Finished successfully:592
Progress: Mon, 07 Dec 2015 19:44:09+0000  Submitted:135  Active:297  Finished successfully:592
Progress: Mon, 07 Dec 2015 19:44:39+0000  Submitted:135  Active:297  Finished successfully:592
Progress: Mon, 07 Dec 2015 19:44:40+0000  Submitted:135  Active:281  Finished successfully:608
Progress: Mon, 07 Dec 2015 19:45:02+0000  Submitted:135  Active:265  Stage out:11  Finished successfully:613
Progress: Mon, 07 Dec 2015 19:45:03+0000  Submitted:135  Active:265  Finished successfully:624
Progress: Mon, 07 Dec 2015 19:45:11+0000  Submitted:135  Active:249  Finished successfully:640
Progress: Mon, 07 Dec 2015 19:45:41+0000  Submitted:135  Active:249  Finished successfully:640
Progress: Mon, 07 Dec 2015 19:46:04+0000  Submitted:119  Active:265  Finished successfully:640
Progress: Mon, 07 Dec 2015 19:46:07+0000  Submitted:103  Active:281  Finished successfully:640
Progress: Mon, 07 Dec 2015 19:46:36+0000  Submitted:71  Active:313  Finished successfully:640
Progress: Mon, 07 Dec 2015 19:47:06+0000  Submitted:71  Active:313  Finished successfully:640
Progress: Mon, 07 Dec 2015 19:47:09+0000  Submitted:55  Active:329  Finished successfully:640
Progress: Mon, 07 Dec 2015 19:47:39+0000  Submitted:55  Active:329  Finished successfully:640
Progress: Mon, 07 Dec 2015 19:47:45+0000  Submitted:39  Active:345  Finished successfully:640
Progress: Mon, 07 Dec 2015 19:48:15+0000  Submitted:39  Active:345  Finished successfully:640
Progress: Mon, 07 Dec 2015 19:48:45+0000  Submitted:39  Active:345  Finished successfully:640
Progress: Mon, 07 Dec 2015 19:48:50+0000  Submitted:23  Active:361  Finished successfully:640
Progress: Mon, 07 Dec 2015 19:49:20+0000  Submitted:23  Active:361  Finished successfully:640
Progress: Mon, 07 Dec 2015 19:49:23+0000  Stage in:14  Submitted:7  Active:363  Finished successfully:640
Progress: Mon, 07 Dec 2015 19:49:24+0000  Active:384  Finished successfully:640
Progress: Mon, 07 Dec 2015 19:49:54+0000  Active:384  Finished successfully:640
Progress: Mon, 07 Dec 2015 19:50:24+0000  Active:384  Finished successfully:640
Progress: Mon, 07 Dec 2015 19:50:54+0000  Active:384  Finished successfully:640
Progress: Mon, 07 Dec 2015 19:51:24+0000  Active:384  Finished successfully:640
Progress: Mon, 07 Dec 2015 19:51:28+0000  Active:368  Stage out:10  Finished successfully:646
Progress: Mon, 07 Dec 2015 19:51:29+0000  Active:368  Finished successfully:656
Progress: Mon, 07 Dec 2015 19:51:59+0000  Active:368  Finished successfully:656
Progress: Mon, 07 Dec 2015 19:52:09+0000  Active:352  Finished successfully:672
Progress: Mon, 07 Dec 2015 19:52:25+0000  Active:347  Stage out:5  Finished successfully:672
Progress: Mon, 07 Dec 2015 19:52:26+0000  Active:288  Finished successfully:736
Progress: Mon, 07 Dec 2015 19:52:40+0000  Active:256  Stage out:13  Finished successfully:755
Progress: Mon, 07 Dec 2015 19:52:41+0000  Active:224  Finished successfully:800
Progress: Mon, 07 Dec 2015 19:52:59+0000  Active:204  Stage out:5  Finished successfully:815
Progress: Mon, 07 Dec 2015 19:53:00+0000  Active:183  Finished successfully:841
Progress: Mon, 07 Dec 2015 19:53:30+0000  Active:183  Finished successfully:841
Progress: Mon, 07 Dec 2015 19:54:00+0000  Active:183  Finished successfully:841
Progress: Mon, 07 Dec 2015 19:54:30+0000  Active:183  Finished successfully:841
Progress: Mon, 07 Dec 2015 19:54:44+0000  Active:167  Finished successfully:857
Progress: Mon, 07 Dec 2015 19:55:14+0000  Active:167  Finished successfully:857
Progress: Mon, 07 Dec 2015 19:55:17+0000  Active:151  Finished successfully:873
Progress: Mon, 07 Dec 2015 19:55:47+0000  Active:151  Finished successfully:873
Progress: Mon, 07 Dec 2015 19:56:17+0000  Active:151  Finished successfully:873
Progress: Mon, 07 Dec 2015 19:56:47+0000  Active:151  Finished successfully:873
Progress: Mon, 07 Dec 2015 19:57:17+0000  Active:151  Finished successfully:873
Progress: Mon, 07 Dec 2015 19:57:20+0000  Active:135  Finished successfully:889
Progress: Mon, 07 Dec 2015 19:57:50+0000  Active:135  Finished successfully:889
Progress: Mon, 07 Dec 2015 19:58:20+0000  Active:135  Finished successfully:889
Progress: Mon, 07 Dec 2015 19:58:50+0000  Active:135  Finished successfully:889
Progress: Mon, 07 Dec 2015 19:59:20+0000  Active:135  Finished successfully:889
Progress: Mon, 07 Dec 2015 19:59:50+0000  Active:135  Finished successfully:889
Progress: Mon, 07 Dec 2015 20:00:20+0000  Active:135  Finished successfully:889
Progress: Mon, 07 Dec 2015 20:00:50+0000  Active:135  Finished successfully:889
Progress: Mon, 07 Dec 2015 20:01:04+0000  Active:119  Finished successfully:905
Progress: Mon, 07 Dec 2015 20:01:07+0000  Active:103  Finished successfully:921
Progress: Mon, 07 Dec 2015 20:01:36+0000  Active:71  Finished successfully:953
Progress: Mon, 07 Dec 2015 20:02:06+0000  Active:71  Finished successfully:953
Progress: Mon, 07 Dec 2015 20:02:09+0000  Active:55  Finished successfully:969
Progress: Mon, 07 Dec 2015 20:02:39+0000  Active:55  Finished successfully:969
Progress: Mon, 07 Dec 2015 20:02:45+0000  Active:39  Finished successfully:985
Progress: Mon, 07 Dec 2015 20:03:15+0000  Active:39  Finished successfully:985
Progress: Mon, 07 Dec 2015 20:03:45+0000  Active:39  Finished successfully:985
Progress: Mon, 07 Dec 2015 20:03:50+0000  Active:23  Stage out:4  Finished successfully:997
Progress: Mon, 07 Dec 2015 20:03:51+0000  Active:23  Finished successfully:1001
Progress: Mon, 07 Dec 2015 20:04:21+0000  Active:23  Finished successfully:1001
Progress: Mon, 07 Dec 2015 20:04:23+0000  Active:8  Stage out:9  Finished successfully:1007
Final status: Mon, 07 Dec 2015 20:04:23+0000  Finished successfully:1024
