Swift 0.96.2 git-rev: b9611649002eecd640fc6c58bbb88cb35ce03539 heads/release-0.96-swift 6287 (modified locally)
RunID: run037
Progress: Mon, 07 Dec 2015 17:56:23+0000
Progress: Mon, 07 Dec 2015 17:56:24+0000  Submitting:32
Progress: Mon, 07 Dec 2015 17:56:37+0000  Submitting:25  Submitted:7
Progress: Mon, 07 Dec 2015 17:56:49+0000  Submitted:32
Progress: Mon, 07 Dec 2015 17:57:19+0000  Submitted:32
Progress: Mon, 07 Dec 2015 17:57:49+0000  Submitted:32
Progress: Mon, 07 Dec 2015 17:57:57+0000  Submitted:16  Active:16
Progress: Mon, 07 Dec 2015 17:58:26+0000  Submitted:15  Active:17
Progress: Mon, 07 Dec 2015 17:58:56+0000  Submitted:15  Active:17
Progress: Mon, 07 Dec 2015 17:59:26+0000  Submitted:15  Active:17
Progress: Mon, 07 Dec 2015 17:59:56+0000  Submitted:15  Active:17
Progress: Mon, 07 Dec 2015 18:00:26+0000  Submitted:15  Active:17
Progress: Mon, 07 Dec 2015 18:00:56+0000  Submitted:15  Active:17
Progress: Mon, 07 Dec 2015 18:01:26+0000  Submitted:15  Active:17
Progress: Mon, 07 Dec 2015 18:01:56+0000  Submitted:15  Active:17
Progress: Mon, 07 Dec 2015 18:02:26+0000  Submitted:15  Active:17
Progress: Mon, 07 Dec 2015 18:02:56+0000  Submitted:15  Active:17
Progress: Mon, 07 Dec 2015 18:03:26+0000  Submitted:15  Active:17
Progress: Mon, 07 Dec 2015 18:03:56+0000  Submitted:15  Active:17
Progress: Mon, 07 Dec 2015 18:04:26+0000  Submitted:15  Active:17
Progress: Mon, 07 Dec 2015 18:04:56+0000  Submitted:15  Active:17
Progress: Mon, 07 Dec 2015 18:05:00+0000  Active:32
Progress: Mon, 07 Dec 2015 18:05:30+0000  Active:32
Progress: Mon, 07 Dec 2015 18:06:00+0000  Active:32
Progress: Mon, 07 Dec 2015 18:06:30+0000  Active:32
Progress: Mon, 07 Dec 2015 18:07:00+0000  Active:32
Progress: Mon, 07 Dec 2015 18:07:30+0000  Active:32
Progress: Mon, 07 Dec 2015 18:08:00+0000  Active:32
Progress: Mon, 07 Dec 2015 18:08:30+0000  Active:32
Progress: Mon, 07 Dec 2015 18:09:00+0000  Active:32
Progress: Mon, 07 Dec 2015 18:09:30+0000  Active:32
Progress: Mon, 07 Dec 2015 18:10:01+0000  Active:32
Progress: Mon, 07 Dec 2015 18:10:31+0000  Active:32
Progress: Mon, 07 Dec 2015 18:11:01+0000  Active:32
Progress: Mon, 07 Dec 2015 18:11:31+0000  Active:32
Progress: Mon, 07 Dec 2015 18:12:01+0000  Active:32
Progress: Mon, 07 Dec 2015 18:12:31+0000  Active:32
Progress: Mon, 07 Dec 2015 18:12:58+0000  Active:16  Finished successfully:16
Progress: Mon, 07 Dec 2015 18:13:27+0000  Active:15  Stage out:1  Finished successfully:16
Progress: Mon, 07 Dec 2015 18:13:57+0000  Active:15  Stage out:1  Finished successfully:16
Progress: Mon, 07 Dec 2015 18:14:04+0000  Active:15  Finished successfully:17
Progress: Mon, 07 Dec 2015 18:14:34+0000  Active:15  Finished successfully:17
Progress: Mon, 07 Dec 2015 18:15:04+0000  Active:15  Finished successfully:17
Progress: Mon, 07 Dec 2015 18:15:34+0000  Active:15  Finished successfully:17
Progress: Mon, 07 Dec 2015 18:16:04+0000  Active:15  Finished successfully:17
Progress: Mon, 07 Dec 2015 18:16:34+0000  Active:15  Finished successfully:17
Progress: Mon, 07 Dec 2015 18:17:04+0000  Active:15  Finished successfully:17
Progress: Mon, 07 Dec 2015 18:17:34+0000  Active:15  Finished successfully:17
Progress: Mon, 07 Dec 2015 18:18:04+0000  Active:15  Finished successfully:17
Progress: Mon, 07 Dec 2015 18:18:34+0000  Active:15  Finished successfully:17
Progress: Mon, 07 Dec 2015 18:19:04+0000  Active:15  Finished successfully:17
Progress: Mon, 07 Dec 2015 18:19:34+0000  Active:15  Finished successfully:17
Final status: Mon, 07 Dec 2015 18:20:01+0000  Finished successfully:32
Error shutting down service: Channel error
