Swift 0.96.2 git-rev: b9611649002eecd640fc6c58bbb88cb35ce03539 heads/release-0.96-swift 6287 (modified locally)
RunID: run012
Progress: Mon, 07 Dec 2015 02:38:59+0000
Progress: Mon, 07 Dec 2015 02:39:00+0000  Submitting:64
Progress: Mon, 07 Dec 2015 02:39:24+0000  Submitting:52  Submitted:12
Progress: Mon, 07 Dec 2015 02:39:51+0000  Submitted:64
Progress: Mon, 07 Dec 2015 02:40:14+0000  Stage in:31  Submitted:30  Active:3
Progress: Mon, 07 Dec 2015 02:40:15+0000  Submitted:30  Active:34
Progress: Mon, 07 Dec 2015 02:40:41+0000  Submitted:14  Active:50
Progress: Mon, 07 Dec 2015 02:41:11+0000  Submitted:14  Active:50
Progress: Mon, 07 Dec 2015 02:41:13+0000  Stage in:13  Active:51
Progress: Mon, 07 Dec 2015 02:41:14+0000  Active:64
Progress: Mon, 07 Dec 2015 02:41:44+0000  Active:64
Progress: Mon, 07 Dec 2015 02:42:14+0000  Active:64
Progress: Mon, 07 Dec 2015 02:42:44+0000  Active:64
Progress: Mon, 07 Dec 2015 02:43:14+0000  Active:64
Progress: Mon, 07 Dec 2015 02:43:44+0000  Active:64
Progress: Mon, 07 Dec 2015 02:44:14+0000  Active:64
Progress: Mon, 07 Dec 2015 02:44:44+0000  Active:64
Progress: Mon, 07 Dec 2015 02:45:14+0000  Active:64
Progress: Mon, 07 Dec 2015 02:45:44+0000  Active:64
Progress: Mon, 07 Dec 2015 02:46:14+0000  Active:64
Progress: Mon, 07 Dec 2015 02:46:44+0000  Active:64
Progress: Mon, 07 Dec 2015 02:47:14+0000  Active:64
Progress: Mon, 07 Dec 2015 02:47:44+0000  Active:64
Progress: Mon, 07 Dec 2015 02:48:14+0000  Active:64
Progress: Mon, 07 Dec 2015 02:48:44+0000  Active:64
Progress: Mon, 07 Dec 2015 02:49:14+0000  Active:64
Progress: Mon, 07 Dec 2015 02:49:44+0000  Active:64
Progress: Mon, 07 Dec 2015 02:50:14+0000  Active:64
Progress: Mon, 07 Dec 2015 02:50:44+0000  Active:64
Progress: Mon, 07 Dec 2015 02:51:14+0000  Active:64
Progress: Mon, 07 Dec 2015 02:51:44+0000  Active:64
Progress: Mon, 07 Dec 2015 02:52:14+0000  Active:64
Progress: Mon, 07 Dec 2015 02:52:44+0000  Active:64
Progress: Mon, 07 Dec 2015 02:53:14+0000  Active:64
Progress: Mon, 07 Dec 2015 02:53:44+0000  Active:64
Progress: Mon, 07 Dec 2015 02:54:14+0000  Active:64
Progress: Mon, 07 Dec 2015 02:54:44+0000  Active:64
Progress: Mon, 07 Dec 2015 02:55:14+0000  Active:50  Stage out:12  Finished successfully:2
Progress: Mon, 07 Dec 2015 02:55:15+0000  Active:30  Finished successfully:34
Progress: Mon, 07 Dec 2015 02:55:41+0000  Active:29  Stage out:1  Finished successfully:34
Progress: Mon, 07 Dec 2015 02:55:42+0000  Active:14  Finished successfully:50
Progress: Mon, 07 Dec 2015 02:56:12+0000  Active:14  Finished successfully:50
Progress: Mon, 07 Dec 2015 02:56:13+0000  Active:4  Stage out:6  Finished successfully:54
Final status: Mon, 07 Dec 2015 02:56:13+0000  Finished successfully:64
