Swift 0.96.2 git-rev: b9611649002eecd640fc6c58bbb88cb35ce03539 heads/release-0.96-swift 6287 (modified locally)
RunID: run032
Progress: Mon, 07 Dec 2015 14:36:21+0000
Progress: Mon, 07 Dec 2015 14:36:22+0000  Submitting:256
Progress: Mon, 07 Dec 2015 14:36:37+0000  Submitting:247  Submitted:9
Progress: Mon, 07 Dec 2015 14:36:39+0000  Submitting:180  Submitted:76
Progress: Mon, 07 Dec 2015 14:36:40+0000  Submitted:256
Progress: Mon, 07 Dec 2015 14:36:53+0000  Submitted:240  Active:16
Progress: Mon, 07 Dec 2015 14:37:08+0000  Stage in:15  Submitted:224  Active:17
Progress: Mon, 07 Dec 2015 14:37:09+0000  Submitted:176  Active:80
Progress: Mon, 07 Dec 2015 14:37:21+0000  Stage in:6  Submitted:139  Active:111
Progress: Mon, 07 Dec 2015 14:37:22+0000  Submitted:139  Active:117
Progress: Mon, 07 Dec 2015 14:37:52+0000  Submitted:139  Active:117
Progress: Mon, 07 Dec 2015 14:37:57+0000  Submitted:123  Active:133
Progress: Mon, 07 Dec 2015 14:38:12+0000  Stage in:2  Submitted:91  Active:163
Progress: Mon, 07 Dec 2015 14:38:13+0000  Submitted:75  Active:181
Progress: Mon, 07 Dec 2015 14:38:28+0000  Stage in:2  Submitted:43  Active:211
Progress: Mon, 07 Dec 2015 14:38:29+0000  Submitted:43  Active:213
Progress: Mon, 07 Dec 2015 14:38:32+0000  Stage in:9  Submitted:18  Active:229
Progress: Mon, 07 Dec 2015 14:38:33+0000  Active:256
Progress: Mon, 07 Dec 2015 14:39:03+0000  Active:256
Progress: Mon, 07 Dec 2015 14:39:33+0000  Active:256
Progress: Mon, 07 Dec 2015 14:40:03+0000  Active:256
Progress: Mon, 07 Dec 2015 14:40:33+0000  Active:256
Progress: Mon, 07 Dec 2015 14:41:03+0000  Active:256
Progress: Mon, 07 Dec 2015 14:41:33+0000  Active:256
Progress: Mon, 07 Dec 2015 14:42:03+0000  Active:256
Progress: Mon, 07 Dec 2015 14:42:33+0000  Active:256
Progress: Mon, 07 Dec 2015 14:43:03+0000  Active:256
Progress: Mon, 07 Dec 2015 14:43:33+0000  Active:256
Progress: Mon, 07 Dec 2015 14:44:03+0000  Active:256
Progress: Mon, 07 Dec 2015 14:44:33+0000  Active:256
Progress: Mon, 07 Dec 2015 14:45:03+0000  Active:256
Progress: Mon, 07 Dec 2015 14:45:33+0000  Active:256
Progress: Mon, 07 Dec 2015 14:46:03+0000  Active:256
Progress: Mon, 07 Dec 2015 14:46:33+0000  Active:256
Progress: Mon, 07 Dec 2015 14:47:03+0000  Active:256
Progress: Mon, 07 Dec 2015 14:47:33+0000  Active:256
Progress: Mon, 07 Dec 2015 14:48:03+0000  Active:256
Progress: Mon, 07 Dec 2015 14:48:33+0000  Active:256
Progress: Mon, 07 Dec 2015 14:49:03+0000  Active:256
Progress: Mon, 07 Dec 2015 14:49:33+0000  Active:256
Progress: Mon, 07 Dec 2015 14:50:03+0000  Active:256
Progress: Mon, 07 Dec 2015 14:50:33+0000  Active:256
Progress: Mon, 07 Dec 2015 14:51:03+0000  Active:256
Progress: Mon, 07 Dec 2015 14:51:33+0000  Active:256
Progress: Mon, 07 Dec 2015 14:51:53+0000  Active:240  Stage out:5  Finished successfully:11
Progress: Mon, 07 Dec 2015 14:51:54+0000  Active:240  Finished successfully:16
Progress: Mon, 07 Dec 2015 14:52:08+0000  Active:234  Stage out:6  Finished successfully:16
Progress: Mon, 07 Dec 2015 14:52:09+0000  Active:176  Finished successfully:80
Progress: Mon, 07 Dec 2015 14:52:21+0000  Active:144  Stage out:16  Finished successfully:96
Progress: Mon, 07 Dec 2015 14:52:22+0000  Active:139  Finished successfully:117
Progress: Mon, 07 Dec 2015 14:52:52+0000  Active:139  Finished successfully:117
Progress: Mon, 07 Dec 2015 14:52:57+0000  Active:123  Finished successfully:133
Progress: Mon, 07 Dec 2015 14:53:12+0000  Active:91  Stage out:2  Finished successfully:163
Progress: Mon, 07 Dec 2015 14:53:13+0000  Active:75  Finished successfully:181
Progress: Mon, 07 Dec 2015 14:53:28+0000  Active:43  Finished successfully:213
Progress: Mon, 07 Dec 2015 14:53:32+0000  Active:27  Finished successfully:229
Final status: Mon, 07 Dec 2015 14:53:32+0000  Finished successfully:256
