Swift 0.96.2 git-rev: b9611649002eecd640fc6c58bbb88cb35ce03539 heads/release-0.96-swift 6287
RunID: run035
Progress: Wed, 17 Feb 2016 02:37:11+0100
Progress: Wed, 17 Feb 2016 02:37:12+0100  Submitting:32
Progress: Wed, 17 Feb 2016 02:37:32+0100  Submitting:17  Submitted:15
Progress: Wed, 17 Feb 2016 02:37:49+0100  Submitted:32
Progress: Wed, 17 Feb 2016 02:38:19+0100  Submitted:32
Progress: Wed, 17 Feb 2016 02:38:47+0100  Stage in:1  Submitted:18  Active:13
Progress: Wed, 17 Feb 2016 02:38:48+0100  Submitted:18  Active:14
Progress: Wed, 17 Feb 2016 02:38:51+0100  Stage in:15  Submitted:2  Active:15
Progress: Wed, 17 Feb 2016 02:38:52+0100  Submitted:2  Active:30
Progress: Wed, 17 Feb 2016 02:39:16+0100  Active:32
Progress: Wed, 17 Feb 2016 02:39:46+0100  Active:32
Progress: Wed, 17 Feb 2016 02:40:16+0100  Active:32
Progress: Wed, 17 Feb 2016 02:40:46+0100  Active:32
Progress: Wed, 17 Feb 2016 02:41:16+0100  Active:32
Progress: Wed, 17 Feb 2016 02:41:46+0100  Active:32
Progress: Wed, 17 Feb 2016 02:42:16+0100  Active:32
Progress: Wed, 17 Feb 2016 02:42:46+0100  Active:32
Progress: Wed, 17 Feb 2016 02:43:16+0100  Active:32
Progress: Wed, 17 Feb 2016 02:43:46+0100  Active:32
Progress: Wed, 17 Feb 2016 02:44:16+0100  Active:32
Progress: Wed, 17 Feb 2016 02:44:46+0100  Active:32
Progress: Wed, 17 Feb 2016 02:45:16+0100  Active:32
Progress: Wed, 17 Feb 2016 02:45:46+0100  Active:32
Progress: Wed, 17 Feb 2016 02:46:16+0100  Active:32
Progress: Wed, 17 Feb 2016 02:46:46+0100  Active:32
Progress: Wed, 17 Feb 2016 02:47:16+0100  Active:32
Progress: Wed, 17 Feb 2016 02:47:46+0100  Active:32
Progress: Wed, 17 Feb 2016 02:48:16+0100  Active:32
Progress: Wed, 17 Feb 2016 02:48:46+0100  Active:32
Progress: Wed, 17 Feb 2016 02:49:16+0100  Active:32
Progress: Wed, 17 Feb 2016 02:49:46+0100  Active:32
Progress: Wed, 17 Feb 2016 02:50:16+0100  Active:32
Progress: Wed, 17 Feb 2016 02:50:46+0100  Active:32
Progress: Wed, 17 Feb 2016 02:51:16+0100  Active:32
Progress: Wed, 17 Feb 2016 02:51:46+0100  Active:32
Progress: Wed, 17 Feb 2016 02:52:16+0100  Active:32
Progress: Wed, 17 Feb 2016 02:52:46+0100  Active:32
Progress: Wed, 17 Feb 2016 02:53:16+0100  Active:32
Progress: Wed, 17 Feb 2016 02:53:46+0100  Active:32
Progress: Wed, 17 Feb 2016 02:53:47+0100  Active:18  Stage out:5  Finished successfully:9
Progress: Wed, 17 Feb 2016 02:53:48+0100  Active:18  Finished successfully:14
Progress: Wed, 17 Feb 2016 02:53:51+0100  Active:11  Stage out:7  Finished successfully:14
Progress: Wed, 17 Feb 2016 02:53:52+0100  Active:2  Finished successfully:30
Progress: Wed, 17 Feb 2016 02:54:16+0100  Stage out:2  Finished successfully:30
Final status: Wed, 17 Feb 2016 02:54:17+0100  Finished successfully:32
