----------------------------------------------------------------------------------------------------
[2016-02-05 22:43:30] [scale 8; binding late; distribution uniform; iteration 1; rerun 0] - Run 1/-0
[2016-02-05 22:43:30] [scale 8; binding late; distribution uniform; iteration 1; rerun 0] - Root: run-8_late_uniform_1/
[2016-02-05 22:43:30] [scale 8; binding late; distribution uniform; iteration 1; rerun 0] - State: ACTIVE
[2016-02-05 22:43:33] [scale 8; binding late; distribution uniform; iteration 1; rerun 0] - Session: rp.session.ip-10-184-31-85.mingtha.016836.0000
[2016-02-05 22:44:23] [scale 8; binding late; distribution uniform; iteration 1; rerun 0] - State: FAILED
----------------------------------------------------------------------------------------------------
[2016-02-05 22:46:17] [scale 8; binding late; distribution uniform; iteration 1; rerun 0] - Run 1/-0
[2016-02-05 22:46:17] [scale 8; binding late; distribution uniform; iteration 1; rerun 0] - Root: run-8_late_uniform_1/
[2016-02-05 22:46:17] [scale 8; binding late; distribution uniform; iteration 1; rerun 0] - State: ACTIVE
[2016-02-05 22:46:19] [scale 8; binding late; distribution uniform; iteration 1; rerun 0] - Session: rp.session.ip-10-184-31-85.mingtha.016836.0001
----------------------------------------------------------------------------------------------------
[2016-02-05 23:13:07] [scale 8; binding late; distribution uniform; iteration 1; rerun 0] - Run 1/-0
[2016-02-05 23:13:07] [scale 8; binding late; distribution uniform; iteration 1; rerun 0] - Root: run-8_late_uniform_1/
[2016-02-05 23:13:07] [scale 8; binding late; distribution uniform; iteration 1; rerun 0] - State: ACTIVE
[2016-02-05 23:13:07] [scale 8; binding late; distribution uniform; iteration 1; rerun 0] - State: FAILED
----------------------------------------------------------------------------------------------------
[2016-02-05 23:13:55] [scale 8; binding late; distribution uniform; iteration 1; rerun 0] - Run 1/-0
[2016-02-05 23:13:55] [scale 8; binding late; distribution uniform; iteration 1; rerun 0] - Root: run-8_late_uniform_1/
[2016-02-05 23:13:55] [scale 8; binding late; distribution uniform; iteration 1; rerun 0] - State: ACTIVE
[2016-02-05 23:13:55] [scale 8; binding late; distribution uniform; iteration 1; rerun 0] - State: FAILED
----------------------------------------------------------------------------------------------------
[2016-02-05 23:15:06] [scale 8; binding late; distribution uniform; iteration 1; rerun 0] - Run 1/-0
[2016-02-05 23:15:06] [scale 8; binding late; distribution uniform; iteration 1; rerun 0] - Root: run-8_late_uniform_1/
[2016-02-05 23:15:06] [scale 8; binding late; distribution uniform; iteration 1; rerun 0] - State: ACTIVE
[2016-02-05 23:15:07] [scale 8; binding late; distribution uniform; iteration 1; rerun 0] - Session: rp.session.ip-10-184-31-85.mingtha.016836.0004
----------------------------------------------------------------------------------------------------
[2016-02-05 23:16:02] [scale 8; binding late; distribution uniform; iteration 1; rerun 0] - Run 1/-0
[2016-02-05 23:16:02] [scale 8; binding late; distribution uniform; iteration 1; rerun 0] - Root: run-8_late_uniform_1/
[2016-02-05 23:16:02] [scale 8; binding late; distribution uniform; iteration 1; rerun 0] - State: ACTIVE
[2016-02-05 23:16:03] [scale 8; binding late; distribution uniform; iteration 1; rerun 0] - Session: rp.session.ip-10-184-31-85.mingtha.016836.0005
[2016-02-05 23:19:03] [scale 8; binding late; distribution uniform; iteration 1; rerun 0] - State: DONE
[2016-02-05 23:32:21] [scale 8; binding late; distribution uniform; iteration 1; rerun 0] - State: DONE
[2016-02-05 23:32:55] [scale 8; binding late; distribution uniform; iteration 1; rerun 0] - State: DONE
----------------------------------------------------------------------------------------------------
[2016-02-05 23:46:08] [scale 8; binding late; distribution uniform; iteration 1; rerun 0] - Run 1/-0
[2016-02-05 23:46:08] [scale 8; binding late; distribution uniform; iteration 1; rerun 0] - Root: run-8_late_uniform_1/
[2016-02-05 23:46:08] [scale 8; binding late; distribution uniform; iteration 1; rerun 0] - State: ACTIVE
[2016-02-05 23:46:11] [scale 8; binding late; distribution uniform; iteration 1; rerun 0] - Session: rp.session.ip-10-184-31-85.mingtha.016836.0006
[2016-02-05 23:46:58] [scale 8; binding late; distribution uniform; iteration 1; rerun 0] - State: FAILED
------------------------------------------------------------------------------------------------------
[2016-02-06 00:19:19] [scale 32; binding late; distribution uniform; iteration 3; rerun 0] - Run 1/-15
[2016-02-06 00:19:19] [scale 32; binding late; distribution uniform; iteration 3; rerun 0] - Root: run-32_late_uniform_3/
[2016-02-06 00:19:19] [scale 32; binding late; distribution uniform; iteration 3; rerun 0] - State: ACTIVE
[2016-02-06 00:19:21] [scale 32; binding late; distribution uniform; iteration 3; rerun 0] - Session: rp.session.ip-10-184-31-85.mingtha.016837.0000
[2016-02-06 00:21:27] [scale 32; binding late; distribution uniform; iteration 3; rerun 0] - State: FAILED
-------------------------------------------------------------------------------------------------------
[2016-02-06 01:42:53] [scale 256; binding late; distribution uniform; iteration 2; rerun 0] - Run 1/-15
[2016-02-06 01:42:53] [scale 256; binding late; distribution uniform; iteration 2; rerun 0] - Root: run-256_late_uniform_2/
[2016-02-06 01:42:53] [scale 256; binding late; distribution uniform; iteration 2; rerun 0] - State: ACTIVE
[2016-02-06 01:42:54] [scale 256; binding late; distribution uniform; iteration 2; rerun 0] - Session: rp.session.ip-10-184-31-85.mingtha.016837.0001
[2016-02-06 02:15:48] [scale 256; binding late; distribution uniform; iteration 2; rerun 0] - State: DONE
-------------------------------------------------------------------------------------------------------
[2016-02-06 02:16:32] [scale 256; binding late; distribution uniform; iteration 1; rerun 0] - Run 2/-14
[2016-02-06 02:16:32] [scale 256; binding late; distribution uniform; iteration 1; rerun 0] - Root: run-256_late_uniform_1/
[2016-02-06 02:16:32] [scale 256; binding late; distribution uniform; iteration 1; rerun 0] - State: ACTIVE
[2016-02-06 02:16:33] [scale 256; binding late; distribution uniform; iteration 1; rerun 0] - Session: rp.session.ip-10-184-31-85.mingtha.016837.0002
[2016-02-06 02:49:07] [scale 256; binding late; distribution uniform; iteration 1; rerun 0] - State: DONE
------------------------------------------------------------------------------------------------------
[2016-02-06 02:49:36] [scale 32; binding late; distribution uniform; iteration 4; rerun 0] - Run 3/-13
[2016-02-06 02:49:36] [scale 32; binding late; distribution uniform; iteration 4; rerun 0] - Root: run-32_late_uniform_4/
[2016-02-06 02:49:36] [scale 32; binding late; distribution uniform; iteration 4; rerun 0] - State: ACTIVE
[2016-02-06 02:49:40] [scale 32; binding late; distribution uniform; iteration 4; rerun 0] - Session: rp.session.ip-10-184-31-85.mingtha.016837.0003
[2016-02-06 03:21:33] [scale 32; binding late; distribution uniform; iteration 4; rerun 0] - State: DONE
-----------------------------------------------------------------------------------------------------
[2016-02-06 03:21:51] [scale 8; binding late; distribution uniform; iteration 2; rerun 0] - Run 4/-12
[2016-02-06 03:21:51] [scale 8; binding late; distribution uniform; iteration 2; rerun 0] - Root: run-8_late_uniform_2/
[2016-02-06 03:21:51] [scale 8; binding late; distribution uniform; iteration 2; rerun 0] - State: ACTIVE
[2016-02-06 03:21:52] [scale 8; binding late; distribution uniform; iteration 2; rerun 0] - Session: rp.session.ip-10-184-31-85.mingtha.016837.0004
[2016-02-06 03:53:34] [scale 8; binding late; distribution uniform; iteration 2; rerun 0] - State: DONE
------------------------------------------------------------------------------------------------------
[2016-02-06 03:53:54] [scale 32; binding late; distribution uniform; iteration 1; rerun 0] - Run 5/-11
[2016-02-06 03:53:54] [scale 32; binding late; distribution uniform; iteration 1; rerun 0] - Root: run-32_late_uniform_1/
[2016-02-06 03:53:54] [scale 32; binding late; distribution uniform; iteration 1; rerun 0] - State: ACTIVE
[2016-02-06 03:53:56] [scale 32; binding late; distribution uniform; iteration 1; rerun 0] - Session: rp.session.ip-10-184-31-85.mingtha.016837.0005
[2016-02-06 04:25:45] [scale 32; binding late; distribution uniform; iteration 1; rerun 0] - State: DONE
--------------------------------------------------------------------------------------------------------
[2016-02-06 04:26:07] [scale 2048; binding late; distribution uniform; iteration 1; rerun 0] - Run 6/-10
[2016-02-06 04:26:07] [scale 2048; binding late; distribution uniform; iteration 1; rerun 0] - Root: run-2048_late_uniform_1/
[2016-02-06 04:26:07] [scale 2048; binding late; distribution uniform; iteration 1; rerun 0] - State: ACTIVE
[2016-02-06 04:26:09] [scale 2048; binding late; distribution uniform; iteration 1; rerun 0] - Session: rp.session.ip-10-184-31-85.mingtha.016837.0006
[2016-02-06 05:31:19] [scale 2048; binding late; distribution uniform; iteration 1; rerun 0] - State: DONE
-----------------------------------------------------------------------------------------------------
[2016-02-06 05:39:47] [scale 32; binding late; distribution uniform; iteration 2; rerun 0] - Run 7/-9
[2016-02-06 05:39:47] [scale 32; binding late; distribution uniform; iteration 2; rerun 0] - Root: run-32_late_uniform_2/
[2016-02-06 05:39:47] [scale 32; binding late; distribution uniform; iteration 2; rerun 0] - State: ACTIVE
[2016-02-06 05:39:53] [scale 32; binding late; distribution uniform; iteration 2; rerun 0] - Session: rp.session.ip-10-184-31-85.mingtha.016837.0007
[2016-02-06 06:11:35] [scale 32; binding late; distribution uniform; iteration 2; rerun 0] - State: DONE
----------------------------------------------------------------------------------------------------
[2016-02-06 06:11:53] [scale 8; binding late; distribution uniform; iteration 1; rerun 0] - Run 8/-8
[2016-02-06 06:11:53] [scale 8; binding late; distribution uniform; iteration 1; rerun 0] - Root: run-8_late_uniform_1/
[2016-02-06 06:11:53] [scale 8; binding late; distribution uniform; iteration 1; rerun 0] - State: ACTIVE
[2016-02-06 06:11:55] [scale 8; binding late; distribution uniform; iteration 1; rerun 0] - Session: rp.session.ip-10-184-31-85.mingtha.016837.0008
[2016-02-06 06:43:54] [scale 8; binding late; distribution uniform; iteration 1; rerun 0] - State: DONE
------------------------------------------------------------------------------------------------------
[2016-02-06 06:44:12] [scale 256; binding late; distribution uniform; iteration 4; rerun 0] - Run 9/-7
[2016-02-06 06:44:12] [scale 256; binding late; distribution uniform; iteration 4; rerun 0] - Root: run-256_late_uniform_4/
[2016-02-06 06:44:12] [scale 256; binding late; distribution uniform; iteration 4; rerun 0] - State: ACTIVE
[2016-02-06 06:44:13] [scale 256; binding late; distribution uniform; iteration 4; rerun 0] - Session: rp.session.ip-10-184-31-85.mingtha.016837.0009
[2016-02-06 07:16:48] [scale 256; binding late; distribution uniform; iteration 4; rerun 0] - State: DONE
-------------------------------------------------------------------------------------------------------
[2016-02-06 07:17:11] [scale 256; binding late; distribution uniform; iteration 3; rerun 0] - Run 10/-6
[2016-02-06 07:17:11] [scale 256; binding late; distribution uniform; iteration 3; rerun 0] - Root: run-256_late_uniform_3/
[2016-02-06 07:17:11] [scale 256; binding late; distribution uniform; iteration 3; rerun 0] - State: ACTIVE
[2016-02-06 07:17:13] [scale 256; binding late; distribution uniform; iteration 3; rerun 0] - Session: rp.session.ip-10-184-31-85.mingtha.016837.0010
[2016-02-06 07:49:28] [scale 256; binding late; distribution uniform; iteration 3; rerun 0] - State: DONE
-----------------------------------------------------------------------------------------------------
[2016-02-06 07:49:55] [scale 8; binding late; distribution uniform; iteration 3; rerun 0] - Run 11/-5
[2016-02-06 07:49:55] [scale 8; binding late; distribution uniform; iteration 3; rerun 0] - Root: run-8_late_uniform_3/
[2016-02-06 07:49:55] [scale 8; binding late; distribution uniform; iteration 3; rerun 0] - State: ACTIVE
[2016-02-06 07:49:56] [scale 8; binding late; distribution uniform; iteration 3; rerun 0] - Session: rp.session.ip-10-184-31-85.mingtha.016837.0011
[2016-02-06 08:22:39] [scale 8; binding late; distribution uniform; iteration 3; rerun 0] - State: DONE
--------------------------------------------------------------------------------------------------------
[2016-02-06 08:22:59] [scale 2048; binding late; distribution uniform; iteration 4; rerun 0] - Run 12/-4
[2016-02-06 08:22:59] [scale 2048; binding late; distribution uniform; iteration 4; rerun 0] - Root: run-2048_late_uniform_4/
[2016-02-06 08:22:59] [scale 2048; binding late; distribution uniform; iteration 4; rerun 0] - State: ACTIVE
[2016-02-06 08:23:00] [scale 2048; binding late; distribution uniform; iteration 4; rerun 0] - Session: rp.session.ip-10-184-31-85.mingtha.016837.0012
[2016-02-06 09:04:10] [scale 2048; binding late; distribution uniform; iteration 4; rerun 0] - State: DONE
------------------------------------------------------------------------------------------------------
[2016-02-06 09:06:37] [scale 32; binding late; distribution uniform; iteration 3; rerun 0] - Run 13/-3
[2016-02-06 09:06:37] [scale 32; binding late; distribution uniform; iteration 3; rerun 0] - Root: run-32_late_uniform_3/
[2016-02-06 09:06:37] [scale 32; binding late; distribution uniform; iteration 3; rerun 0] - State: ACTIVE
[2016-02-06 09:06:41] [scale 32; binding late; distribution uniform; iteration 3; rerun 0] - Session: rp.session.ip-10-184-31-85.mingtha.016837.0013
[2016-02-06 09:38:27] [scale 32; binding late; distribution uniform; iteration 3; rerun 0] - State: DONE
-----------------------------------------------------------------------------------------------------
[2016-02-06 09:38:46] [scale 8; binding late; distribution uniform; iteration 4; rerun 0] - Run 14/-2
[2016-02-06 09:38:46] [scale 8; binding late; distribution uniform; iteration 4; rerun 0] - Root: run-8_late_uniform_4/
[2016-02-06 09:38:46] [scale 8; binding late; distribution uniform; iteration 4; rerun 0] - State: ACTIVE
[2016-02-06 09:38:48] [scale 8; binding late; distribution uniform; iteration 4; rerun 0] - Session: rp.session.ip-10-184-31-85.mingtha.016837.0014
[2016-02-06 10:10:52] [scale 8; binding late; distribution uniform; iteration 4; rerun 0] - State: DONE
--------------------------------------------------------------------------------------------------------
[2016-02-06 10:11:12] [scale 2048; binding late; distribution uniform; iteration 2; rerun 0] - Run 15/-1
[2016-02-06 10:11:12] [scale 2048; binding late; distribution uniform; iteration 2; rerun 0] - Root: run-2048_late_uniform_2/
[2016-02-06 10:11:12] [scale 2048; binding late; distribution uniform; iteration 2; rerun 0] - State: ACTIVE
[2016-02-06 10:11:14] [scale 2048; binding late; distribution uniform; iteration 2; rerun 0] - Session: rp.session.ip-10-184-31-85.mingtha.016837.0015
[2016-02-06 10:52:02] [scale 2048; binding late; distribution uniform; iteration 2; rerun 0] - State: DONE
--------------------------------------------------------------------------------------------------------
[2016-02-06 10:54:37] [scale 2048; binding late; distribution uniform; iteration 3; rerun 0] - Run 16/-0
[2016-02-06 10:54:37] [scale 2048; binding late; distribution uniform; iteration 3; rerun 0] - Root: run-2048_late_uniform_3/
[2016-02-06 10:54:37] [scale 2048; binding late; distribution uniform; iteration 3; rerun 0] - State: ACTIVE
[2016-02-06 10:54:41] [scale 2048; binding late; distribution uniform; iteration 3; rerun 0] - Session: rp.session.ip-10-184-31-85.mingtha.016837.0016
[2016-02-06 11:35:46] [scale 2048; binding late; distribution uniform; iteration 3; rerun 0] - State: DONE
