Swift 0.96.2 git-rev: b9611649002eecd640fc6c58bbb88cb35ce03539 heads/release-0.96-swift 6287 (modified locally)
RunID: run020
Progress: Mon, 07 Dec 2015 06:30:42+0000
Progress: Mon, 07 Dec 2015 06:30:43+0000  Submitting:32
Progress: Mon, 07 Dec 2015 06:30:55+0000  Submitting:20  Submitted:12
Progress: Mon, 07 Dec 2015 06:31:01+0000  Submitted:32
Progress: Mon, 07 Dec 2015 06:31:19+0000  Submitted:17  Active:15
Progress: Mon, 07 Dec 2015 06:31:49+0000  Submitted:17  Active:15
Progress: Mon, 07 Dec 2015 06:32:19+0000  Stage in:16  Submitted:1  Active:15
Progress: Mon, 07 Dec 2015 06:32:20+0000  Submitted:1  Active:31
Progress: Mon, 07 Dec 2015 06:32:34+0000  Active:32
Progress: Mon, 07 Dec 2015 06:33:04+0000  Active:32
Progress: Mon, 07 Dec 2015 06:33:34+0000  Active:32
Progress: Mon, 07 Dec 2015 06:34:04+0000  Active:32
Progress: Mon, 07 Dec 2015 06:34:34+0000  Active:32
Progress: Mon, 07 Dec 2015 06:35:04+0000  Active:32
Progress: Mon, 07 Dec 2015 06:35:34+0000  Active:32
Progress: Mon, 07 Dec 2015 06:36:04+0000  Active:32
Progress: Mon, 07 Dec 2015 06:36:34+0000  Active:32
Progress: Mon, 07 Dec 2015 06:37:04+0000  Active:32
Progress: Mon, 07 Dec 2015 06:37:34+0000  Active:32
Progress: Mon, 07 Dec 2015 06:38:04+0000  Active:32
Progress: Mon, 07 Dec 2015 06:38:34+0000  Active:32
Progress: Mon, 07 Dec 2015 06:39:04+0000  Active:32
Progress: Mon, 07 Dec 2015 06:39:34+0000  Active:32
Progress: Mon, 07 Dec 2015 06:40:04+0000  Active:32
Progress: Mon, 07 Dec 2015 06:40:34+0000  Active:32
Progress: Mon, 07 Dec 2015 06:41:04+0000  Active:32
Progress: Mon, 07 Dec 2015 06:41:34+0000  Active:32
Progress: Mon, 07 Dec 2015 06:42:04+0000  Active:32
Progress: Mon, 07 Dec 2015 06:42:34+0000  Active:32
Progress: Mon, 07 Dec 2015 06:43:04+0000  Active:32
Progress: Mon, 07 Dec 2015 06:43:34+0000  Active:32
Progress: Mon, 07 Dec 2015 06:44:04+0000  Active:32
Progress: Mon, 07 Dec 2015 06:44:34+0000  Active:32
Progress: Mon, 07 Dec 2015 06:45:04+0000  Active:32
Progress: Mon, 07 Dec 2015 06:45:34+0000  Active:32
Progress: Mon, 07 Dec 2015 06:46:04+0000  Active:32
Progress: Mon, 07 Dec 2015 06:46:19+0000  Active:17  Finished successfully:15
Progress: Mon, 07 Dec 2015 06:46:49+0000  Active:17  Finished successfully:15
Progress: Mon, 07 Dec 2015 06:47:19+0000  Active:9  Stage out:8  Finished successfully:15
Progress: Mon, 07 Dec 2015 06:47:20+0000  Active:1  Finished successfully:31
Progress: Mon, 07 Dec 2015 06:47:34+0000  Stage out:1  Finished successfully:31
Final status: Mon, 07 Dec 2015 06:47:34+0000  Finished successfully:32
