Swift 0.96.2 git-rev: b9611649002eecd640fc6c58bbb88cb35ce03539 heads/release-0.96-swift 6287 (modified locally)
RunID: run014
Progress: Mon, 07 Dec 2015 03:33:28+0000
Progress: Mon, 07 Dec 2015 03:33:29+0000  Submitting:256
Progress: Mon, 07 Dec 2015 03:33:43+0000  Submitting:236  Submitted:20
Progress: Mon, 07 Dec 2015 03:33:49+0000  Submitted:256
Progress: Mon, 07 Dec 2015 03:34:09+0000  Submitted:224  Active:32
Progress: Mon, 07 Dec 2015 03:34:11+0000  Stage in:31  Submitted:192  Active:33
Progress: Mon, 07 Dec 2015 03:34:12+0000  Submitted:192  Active:64
Progress: Mon, 07 Dec 2015 03:34:22+0000  Stage in:6  Submitted:160  Active:90
Progress: Mon, 07 Dec 2015 03:34:23+0000  Submitted:131  Active:125
Progress: Mon, 07 Dec 2015 03:34:53+0000  Submitted:131  Active:125
Progress: Mon, 07 Dec 2015 03:34:59+0000  Stage in:16  Submitted:115  Active:125
Progress: Mon, 07 Dec 2015 03:35:00+0000  Submitted:115  Active:141
Progress: Mon, 07 Dec 2015 03:35:06+0000  Submitted:99  Active:157
Progress: Mon, 07 Dec 2015 03:35:15+0000  Stage in:2  Submitted:83  Active:171
Progress: Mon, 07 Dec 2015 03:35:16+0000  Submitted:83  Active:173
Progress: Mon, 07 Dec 2015 03:35:17+0000  Stage in:15  Submitted:68  Active:173
Progress: Mon, 07 Dec 2015 03:35:18+0000  Submitted:67  Active:189
Progress: Mon, 07 Dec 2015 03:35:20+0000  Submitted:35  Active:221
Progress: Mon, 07 Dec 2015 03:35:37+0000  Stage in:16  Submitted:19  Active:221
Progress: Mon, 07 Dec 2015 03:35:38+0000  Submitted:19  Active:237
Progress: Mon, 07 Dec 2015 03:35:39+0000  Submitted:3  Active:253
Progress: Mon, 07 Dec 2015 03:35:52+0000  Active:256
Progress: Mon, 07 Dec 2015 03:36:22+0000  Active:256
Progress: Mon, 07 Dec 2015 03:36:52+0000  Active:256
Progress: Mon, 07 Dec 2015 03:37:22+0000  Active:256
Progress: Mon, 07 Dec 2015 03:37:52+0000  Active:256
Progress: Mon, 07 Dec 2015 03:38:22+0000  Active:256
Progress: Mon, 07 Dec 2015 03:38:52+0000  Active:256
Progress: Mon, 07 Dec 2015 03:39:22+0000  Active:256
Progress: Mon, 07 Dec 2015 03:39:52+0000  Active:256
Progress: Mon, 07 Dec 2015 03:40:22+0000  Active:256
Progress: Mon, 07 Dec 2015 03:40:52+0000  Active:256
Progress: Mon, 07 Dec 2015 03:41:22+0000  Active:256
Progress: Mon, 07 Dec 2015 03:41:52+0000  Active:256
Progress: Mon, 07 Dec 2015 03:42:22+0000  Active:256
Progress: Mon, 07 Dec 2015 03:42:52+0000  Active:256
Progress: Mon, 07 Dec 2015 03:43:22+0000  Active:256
Progress: Mon, 07 Dec 2015 03:43:52+0000  Active:256
Progress: Mon, 07 Dec 2015 03:44:22+0000  Active:256
Progress: Mon, 07 Dec 2015 03:44:52+0000  Active:256
Progress: Mon, 07 Dec 2015 03:45:22+0000  Active:256
Progress: Mon, 07 Dec 2015 03:45:52+0000  Active:256
Progress: Mon, 07 Dec 2015 03:46:22+0000  Active:256
Progress: Mon, 07 Dec 2015 03:46:52+0000  Active:256
Progress: Mon, 07 Dec 2015 03:47:22+0000  Active:256
Progress: Mon, 07 Dec 2015 03:47:52+0000  Active:256
Progress: Mon, 07 Dec 2015 03:48:22+0000  Active:256
Progress: Mon, 07 Dec 2015 03:48:52+0000  Active:256
Progress: Mon, 07 Dec 2015 03:49:09+0000  Active:224  Stage out:16  Finished successfully:16
Progress: Mon, 07 Dec 2015 03:49:10+0000  Active:224  Finished successfully:32
Progress: Mon, 07 Dec 2015 03:49:11+0000  Active:219  Stage out:5  Finished successfully:32
Progress: Mon, 07 Dec 2015 03:49:12+0000  Active:192  Finished successfully:64
Progress: Mon, 07 Dec 2015 03:49:22+0000  Active:160  Stage out:10  Finished successfully:86
Progress: Mon, 07 Dec 2015 03:49:23+0000  Active:131  Finished successfully:125
Progress: Mon, 07 Dec 2015 03:49:53+0000  Active:131  Finished successfully:125
Progress: Mon, 07 Dec 2015 03:49:59+0000  Active:130  Stage out:1  Finished successfully:125
Progress: Mon, 07 Dec 2015 03:50:00+0000  Active:115  Finished successfully:141
Progress: Mon, 07 Dec 2015 03:50:06+0000  Active:99  Finished successfully:157
Progress: Mon, 07 Dec 2015 03:50:15+0000  Active:83  Stage out:3  Finished successfully:170
Progress: Mon, 07 Dec 2015 03:50:16+0000  Active:83  Finished successfully:173
Progress: Mon, 07 Dec 2015 03:50:17+0000  Active:79  Stage out:4  Finished successfully:173
Progress: Mon, 07 Dec 2015 03:50:18+0000  Active:67  Finished successfully:189
Progress: Mon, 07 Dec 2015 03:50:20+0000  Active:35  Finished successfully:221
Progress: Mon, 07 Dec 2015 03:50:37+0000  Active:28  Stage out:7  Finished successfully:221
Progress: Mon, 07 Dec 2015 03:50:38+0000  Active:19  Finished successfully:237
Progress: Mon, 07 Dec 2015 03:50:39+0000  Active:3  Finished successfully:253
Final status: Mon, 07 Dec 2015 03:50:52+0000  Finished successfully:256
