Swift 0.96.2 git-rev: b9611649002eecd640fc6c58bbb88cb35ce03539 heads/release-0.96-swift 6287 (modified locally)
RunID: run016
Progress: Mon, 07 Dec 2015 04:07:45+0000
Progress: Mon, 07 Dec 2015 04:07:46+0000  Submitting:16
Progress: Mon, 07 Dec 2015 04:07:55+0000  Submitting:8  Submitted:8
Progress: Mon, 07 Dec 2015 04:08:02+0000  Submitted:16
Progress: Mon, 07 Dec 2015 04:08:18+0000  Stage in:7  Submitted:8  Active:1
Progress: Mon, 07 Dec 2015 04:08:19+0000  Submitted:8  Active:8
Progress: Mon, 07 Dec 2015 04:08:49+0000  Submitted:8  Active:8
Progress: Mon, 07 Dec 2015 04:09:19+0000  Submitted:8  Active:8
Progress: Mon, 07 Dec 2015 04:09:21+0000  Active:16
Progress: Mon, 07 Dec 2015 04:09:51+0000  Active:16
Progress: Mon, 07 Dec 2015 04:10:21+0000  Active:16
Progress: Mon, 07 Dec 2015 04:10:51+0000  Active:16
Progress: Mon, 07 Dec 2015 04:11:21+0000  Active:16
Progress: Mon, 07 Dec 2015 04:11:51+0000  Active:16
Progress: Mon, 07 Dec 2015 04:12:21+0000  Active:16
Progress: Mon, 07 Dec 2015 04:12:51+0000  Active:16
Progress: Mon, 07 Dec 2015 04:13:21+0000  Active:16
Progress: Mon, 07 Dec 2015 04:13:51+0000  Active:16
Progress: Mon, 07 Dec 2015 04:14:21+0000  Active:16
Progress: Mon, 07 Dec 2015 04:14:51+0000  Active:16
Progress: Mon, 07 Dec 2015 04:15:21+0000  Active:16
Progress: Mon, 07 Dec 2015 04:15:51+0000  Active:16
Progress: Mon, 07 Dec 2015 04:16:21+0000  Active:16
Progress: Mon, 07 Dec 2015 04:16:51+0000  Active:16
Progress: Mon, 07 Dec 2015 04:17:21+0000  Active:16
Progress: Mon, 07 Dec 2015 04:17:51+0000  Active:16
Progress: Mon, 07 Dec 2015 04:18:21+0000  Active:16
Progress: Mon, 07 Dec 2015 04:18:51+0000  Active:16
Progress: Mon, 07 Dec 2015 04:19:21+0000  Active:16
Progress: Mon, 07 Dec 2015 04:19:51+0000  Active:16
Progress: Mon, 07 Dec 2015 04:20:21+0000  Active:16
Progress: Mon, 07 Dec 2015 04:20:51+0000  Active:16
Progress: Mon, 07 Dec 2015 04:21:21+0000  Active:16
Progress: Mon, 07 Dec 2015 04:21:51+0000  Active:16
Progress: Mon, 07 Dec 2015 04:22:21+0000  Active:16
Progress: Mon, 07 Dec 2015 04:22:51+0000  Active:16
Progress: Mon, 07 Dec 2015 04:23:18+0000  Active:14  Stage out:2
Progress: Mon, 07 Dec 2015 04:23:19+0000  Active:8  Finished successfully:8
Progress: Mon, 07 Dec 2015 04:23:49+0000  Active:8  Finished successfully:8
Progress: Mon, 07 Dec 2015 04:24:19+0000  Active:8  Finished successfully:8
Final status: Mon, 07 Dec 2015 04:24:21+0000  Finished successfully:16
