Swift 0.96.2 git-rev: b9611649002eecd640fc6c58bbb88cb35ce03539 heads/release-0.96-swift 6287 (modified locally)
RunID: run045
Progress: Mon, 07 Dec 2015 23:42:08+0000
Progress: Mon, 07 Dec 2015 23:42:09+0000  Submitting:128
Progress: Mon, 07 Dec 2015 23:42:23+0000  Submitting:116  Submitted:12
Progress: Mon, 07 Dec 2015 23:42:37+0000  Submitted:128
Progress: Mon, 07 Dec 2015 23:43:07+0000  Submitted:128
Progress: Mon, 07 Dec 2015 23:43:37+0000  Submitted:128
Progress: Mon, 07 Dec 2015 23:43:53+0000  Stage in:12  Submitted:116
Progress: Mon, 07 Dec 2015 23:43:54+0000  Submitted:112  Active:16
Progress: Mon, 07 Dec 2015 23:44:24+0000  Submitted:112  Active:16
Progress: Mon, 07 Dec 2015 23:44:25+0000  Submitted:96  Active:32
Progress: Mon, 07 Dec 2015 23:44:26+0000  Submitted:80  Active:48
Progress: Mon, 07 Dec 2015 23:44:54+0000  Submitted:53  Active:75
Progress: Mon, 07 Dec 2015 23:45:24+0000  Submitted:53  Active:75
Progress: Mon, 07 Dec 2015 23:45:54+0000  Submitted:53  Active:75
Progress: Mon, 07 Dec 2015 23:46:24+0000  Submitted:53  Active:75
Progress: Mon, 07 Dec 2015 23:46:54+0000  Submitted:53  Active:75
Progress: Mon, 07 Dec 2015 23:47:24+0000  Submitted:53  Active:75
Progress: Mon, 07 Dec 2015 23:47:54+0000  Submitted:53  Active:75
Progress: Mon, 07 Dec 2015 23:48:24+0000  Submitted:53  Active:75
Progress: Mon, 07 Dec 2015 23:48:54+0000  Submitted:53  Active:75
Progress: Mon, 07 Dec 2015 23:49:24+0000  Submitted:53  Active:75
Progress: Mon, 07 Dec 2015 23:49:54+0000  Submitted:53  Active:75
Progress: Mon, 07 Dec 2015 23:50:17+0000  Active:128
Progress: Mon, 07 Dec 2015 23:50:47+0000  Active:128
Progress: Mon, 07 Dec 2015 23:51:17+0000  Active:128
Progress: Mon, 07 Dec 2015 23:51:47+0000  Active:128
Progress: Mon, 07 Dec 2015 23:52:17+0000  Active:128
Progress: Mon, 07 Dec 2015 23:52:47+0000  Active:128
Progress: Mon, 07 Dec 2015 23:53:17+0000  Active:128
Progress: Mon, 07 Dec 2015 23:53:47+0000  Active:128
Progress: Mon, 07 Dec 2015 23:54:17+0000  Active:128
Progress: Mon, 07 Dec 2015 23:54:47+0000  Active:128
Progress: Mon, 07 Dec 2015 23:55:17+0000  Active:128
Progress: Mon, 07 Dec 2015 23:55:47+0000  Active:128
Progress: Mon, 07 Dec 2015 23:56:17+0000  Active:128
Progress: Mon, 07 Dec 2015 23:56:47+0000  Active:128
Progress: Mon, 07 Dec 2015 23:57:17+0000  Active:128
Progress: Mon, 07 Dec 2015 23:57:47+0000  Active:128
Progress: Mon, 07 Dec 2015 23:58:17+0000  Active:128
Progress: Mon, 07 Dec 2015 23:58:47+0000  Active:128
Progress: Mon, 07 Dec 2015 23:58:53+0000  Active:115  Stage out:13
Progress: Mon, 07 Dec 2015 23:58:54+0000  Active:112  Finished successfully:16
Progress: Mon, 07 Dec 2015 23:59:24+0000  Active:112  Finished successfully:16
Progress: Mon, 07 Dec 2015 23:59:25+0000  Active:96  Finished successfully:32
Progress: Mon, 07 Dec 2015 23:59:26+0000  Active:80  Finished successfully:48
Progress: Mon, 07 Dec 2015 23:59:53+0000  Active:72  Stage out:8  Finished successfully:48
Progress: Mon, 07 Dec 2015 23:59:54+0000  Active:53  Finished successfully:75
Progress: Tue, 08 Dec 2015 00:00:24+0000  Active:53  Finished successfully:75
Progress: Tue, 08 Dec 2015 00:00:54+0000  Active:53  Finished successfully:75
Progress: Tue, 08 Dec 2015 00:01:24+0000  Active:53  Finished successfully:75
Progress: Tue, 08 Dec 2015 00:01:54+0000  Active:53  Finished successfully:75
Progress: Tue, 08 Dec 2015 00:02:24+0000  Active:53  Finished successfully:75
Progress: Tue, 08 Dec 2015 00:02:54+0000  Active:53  Finished successfully:75
Progress: Tue, 08 Dec 2015 00:03:24+0000  Active:53  Finished successfully:75
Progress: Tue, 08 Dec 2015 00:03:54+0000  Active:53  Finished successfully:75
Progress: Tue, 08 Dec 2015 00:04:24+0000  Active:53  Finished successfully:75
Progress: Tue, 08 Dec 2015 00:04:54+0000  Active:53  Finished successfully:75
Progress: Tue, 08 Dec 2015 00:05:17+0000  Stage out:1  Finished successfully:127
Final status: Tue, 08 Dec 2015 00:05:17+0000  Finished successfully:128
Swift did not shut down 10 seconds after the run completed


Waiting JVM threads:
	Thread "I/O Queue" (0x00000045) TIMED_WAITING
		waiting for org.globus.cog.abstraction.impl.file.coaster.buffers.Buffers (0x2f32cc45)
	Stack trace:
		java.lang.Object.wait
		org.globus.cog.abstraction.impl.file.coaster.buffers.Buffers.run:215

	Thread "I/O Queue" (0x00000044) TIMED_WAITING
		waiting for org.globus.cog.abstraction.impl.file.coaster.buffers.Buffers (0x5ce6d4ee)
	Stack trace:
		java.lang.Object.wait
		org.globus.cog.abstraction.impl.file.coaster.buffers.Buffers.run:215

	Thread "Sender GSSChannel" (0x00000043) WAITING
		waiting for java.util.concurrent.locks.AbstractQueuedSynchronizer$ConditionObject (0x425e79fc)
	Stack trace:
		sun.misc.Unsafe.park
		java.util.concurrent.locks.LockSupport.park:186
		java.util.concurrent.locks.AbstractQueuedSynchronizer$ConditionObject.await:2043
		java.util.concurrent.LinkedBlockingQueue.take:442
		org.globus.cog.coaster.channels.Sender.run:75

	Thread "Timer-1" (0x00000042) TIMED_WAITING
		waiting for java.util.TaskQueue (0x489ab16e)
	Stack trace:
		java.lang.Object.wait
		java.util.TimerThread.mainLoop:552
		java.util.TimerThread.run:505

	Thread "Channel multiplexer 1" (0x00000041) TIMED_WAITING
	Stack trace:
		java.lang.Thread.sleep
		org.globus.cog.coaster.channels.Multiplexer.run:132

	Thread "Channel multiplexer 0" (0x00000040) TIMED_WAITING
	Stack trace:
		java.lang.Thread.sleep
		org.globus.cog.coaster.channels.Multiplexer.run:132

	Thread "process reaper" (0x0000003e) TIMED_WAITING
		waiting for java.util.concurrent.SynchronousQueue$TransferStack (0x23f6d1ff)
	Stack trace:
		sun.misc.Unsafe.park
		java.util.concurrent.locks.LockSupport.parkNanos:226
		java.util.concurrent.SynchronousQueue$TransferStack.awaitFulfill:460
		java.util.concurrent.SynchronousQueue$TransferStack.transfer:359
		java.util.concurrent.SynchronousQueue.poll:942
		java.util.concurrent.ThreadPoolExecutor.getTask:1068
		java.util.concurrent.ThreadPoolExecutor.runWorker:1130
		java.util.concurrent.ThreadPoolExecutor$Worker.run:615
		java.lang.Thread.run:745

	Thread "pool-3-thread-4" (0x0000003d) TIMED_WAITING
		waiting for java.util.concurrent.SynchronousQueue$TransferStack (0x2154cecb)
	Stack trace:
		sun.misc.Unsafe.park
		java.util.concurrent.locks.LockSupport.parkNanos:226
		java.util.concurrent.SynchronousQueue$TransferStack.awaitFulfill:460
		java.util.concurrent.SynchronousQueue$TransferStack.transfer:359
		java.util.concurrent.SynchronousQueue.poll:942
		java.util.concurrent.ThreadPoolExecutor.getTask:1068
		java.util.concurrent.ThreadPoolExecutor.runWorker:1130
		java.util.concurrent.ThreadPoolExecutor$Worker.run:615
		java.lang.Thread.run:745

	Thread "pool-3-thread-1" (0x0000003a) TIMED_WAITING
		waiting for java.util.concurrent.SynchronousQueue$TransferStack (0x2154cecb)
	Stack trace:
		sun.misc.Unsafe.park
		java.util.concurrent.locks.LockSupport.parkNanos:226
		java.util.concurrent.SynchronousQueue$TransferStack.awaitFulfill:460
		java.util.concurrent.SynchronousQueue$TransferStack.transfer:359
		java.util.concurrent.SynchronousQueue.poll:942
		java.util.concurrent.ThreadPoolExecutor.getTask:1068
		java.util.concurrent.ThreadPoolExecutor.runWorker:1130
		java.util.concurrent.ThreadPoolExecutor$Worker.run:615
		java.lang.Thread.run:745

	Thread "NBS11" (0x00000035) WAITING
		waiting for java.util.concurrent.locks.AbstractQueuedSynchronizer$ConditionObject (0x1f812032)
	Stack trace:
		sun.misc.Unsafe.park
		java.util.concurrent.locks.LockSupport.park:186
		java.util.concurrent.locks.AbstractQueuedSynchronizer$ConditionObject.await:2043
		java.util.concurrent.LinkedBlockingQueue.take:442
		java.util.concurrent.ThreadPoolExecutor.getTask:1068
		java.util.concurrent.ThreadPoolExecutor.runWorker:1130
		java.util.concurrent.ThreadPoolExecutor$Worker.run:615
		java.lang.Thread.run:745

	Thread "NBS10" (0x00000034) WAITING
		waiting for java.util.concurrent.locks.AbstractQueuedSynchronizer$ConditionObject (0x1f812032)
	Stack trace:
		sun.misc.Unsafe.park
		java.util.concurrent.locks.LockSupport.park:186
		java.util.concurrent.locks.AbstractQueuedSynchronizer$ConditionObject.await:2043
		java.util.concurrent.LinkedBlockingQueue.take:442
		java.util.concurrent.ThreadPoolExecutor.getTask:1068
		java.util.concurrent.ThreadPoolExecutor.runWorker:1130
		java.util.concurrent.ThreadPoolExecutor$Worker.run:615
		java.lang.Thread.run:745

	Thread "NBS9" (0x00000033) WAITING
		waiting for java.util.concurrent.locks.AbstractQueuedSynchronizer$ConditionObject (0x1f812032)
	Stack trace:
		sun.misc.Unsafe.park
		java.util.concurrent.locks.LockSupport.park:186
		java.util.concurrent.locks.AbstractQueuedSynchronizer$ConditionObject.await:2043
		java.util.concurrent.LinkedBlockingQueue.take:442
		java.util.concurrent.ThreadPoolExecutor.getTask:1068
		java.util.concurrent.ThreadPoolExecutor.runWorker:1130
		java.util.concurrent.ThreadPoolExecutor$Worker.run:615
		java.lang.Thread.run:745

	Thread "NBS8" (0x00000032) WAITING
		waiting for java.util.concurrent.locks.AbstractQueuedSynchronizer$ConditionObject (0x1f812032)
	Stack trace:
		sun.misc.Unsafe.park
		java.util.concurrent.locks.LockSupport.park:186
		java.util.concurrent.locks.AbstractQueuedSynchronizer$ConditionObject.await:2043
		java.util.concurrent.LinkedBlockingQueue.take:442
		java.util.concurrent.ThreadPoolExecutor.getTask:1068
		java.util.concurrent.ThreadPoolExecutor.runWorker:1130
		java.util.concurrent.ThreadPoolExecutor$Worker.run:615
		java.lang.Thread.run:745

	Thread "NBS7" (0x00000031) WAITING
		waiting for java.util.concurrent.locks.AbstractQueuedSynchronizer$ConditionObject (0x1f812032)
	Stack trace:
		sun.misc.Unsafe.park
		java.util.concurrent.locks.LockSupport.park:186
		java.util.concurrent.locks.AbstractQueuedSynchronizer$ConditionObject.await:2043
		java.util.concurrent.LinkedBlockingQueue.take:442
		java.util.concurrent.ThreadPoolExecutor.getTask:1068
		java.util.concurrent.ThreadPoolExecutor.runWorker:1130
		java.util.concurrent.ThreadPoolExecutor$Worker.run:615
		java.lang.Thread.run:745

	Thread "NBS6" (0x00000030) WAITING
		waiting for java.util.concurrent.locks.AbstractQueuedSynchronizer$ConditionObject (0x1f812032)
	Stack trace:
		sun.misc.Unsafe.park
		java.util.concurrent.locks.LockSupport.park:186
		java.util.concurrent.locks.AbstractQueuedSynchronizer$ConditionObject.await:2043
		java.util.concurrent.LinkedBlockingQueue.take:442
		java.util.concurrent.ThreadPoolExecutor.getTask:1068
		java.util.concurrent.ThreadPoolExecutor.runWorker:1130
		java.util.concurrent.ThreadPoolExecutor$Worker.run:615
		java.lang.Thread.run:745

	Thread "NBS5" (0x0000002e) WAITING
		waiting for java.util.concurrent.locks.AbstractQueuedSynchronizer$ConditionObject (0x1f812032)
	Stack trace:
		sun.misc.Unsafe.park
		java.util.concurrent.locks.LockSupport.park:186
		java.util.concurrent.locks.AbstractQueuedSynchronizer$ConditionObject.await:2043
		java.util.concurrent.LinkedBlockingQueue.take:442
		java.util.concurrent.ThreadPoolExecutor.getTask:1068
		java.util.concurrent.ThreadPoolExecutor.runWorker:1130
		java.util.concurrent.ThreadPoolExecutor$Worker.run:615
		java.lang.Thread.run:745

	Thread "NBS4" (0x0000002d) WAITING
		waiting for java.util.concurrent.locks.AbstractQueuedSynchronizer$ConditionObject (0x1f812032)
	Stack trace:
		sun.misc.Unsafe.park
		java.util.concurrent.locks.LockSupport.park:186
		java.util.concurrent.locks.AbstractQueuedSynchronizer$ConditionObject.await:2043
		java.util.concurrent.LinkedBlockingQueue.take:442
		java.util.concurrent.ThreadPoolExecutor.getTask:1068
		java.util.concurrent.ThreadPoolExecutor.runWorker:1130
		java.util.concurrent.ThreadPoolExecutor$Worker.run:615
		java.lang.Thread.run:745

	Thread "NBS3" (0x0000002c) WAITING
		waiting for java.util.concurrent.locks.AbstractQueuedSynchronizer$ConditionObject (0x1f812032)
	Stack trace:
		sun.misc.Unsafe.park
		java.util.concurrent.locks.LockSupport.park:186
		java.util.concurrent.locks.AbstractQueuedSynchronizer$ConditionObject.await:2043
		java.util.concurrent.LinkedBlockingQueue.take:442
		java.util.concurrent.ThreadPoolExecutor.getTask:1068
		java.util.concurrent.ThreadPoolExecutor.runWorker:1130
		java.util.concurrent.ThreadPoolExecutor$Worker.run:615
		java.lang.Thread.run:745

	Thread "pool-1-thread-24" (0x0000002b) WAITING
		waiting for java.util.concurrent.locks.AbstractQueuedSynchronizer$ConditionObject (0x5668c2c6)
	Stack trace:
		sun.misc.Unsafe.park
		java.util.concurrent.locks.LockSupport.park:186
		java.util.concurrent.locks.AbstractQueuedSynchronizer$ConditionObject.await:2043
		java.util.concurrent.LinkedBlockingQueue.take:442
		java.util.concurrent.ThreadPoolExecutor.getTask:1068
		java.util.concurrent.ThreadPoolExecutor.runWorker:1130
		java.util.concurrent.ThreadPoolExecutor$Worker.run:615
		java.lang.Thread.run:745

	Thread "pool-1-thread-23" (0x0000002a) WAITING
		waiting for java.util.concurrent.locks.AbstractQueuedSynchronizer$ConditionObject (0x5668c2c6)
	Stack trace:
		sun.misc.Unsafe.park
		java.util.concurrent.locks.LockSupport.park:186
		java.util.concurrent.locks.AbstractQueuedSynchronizer$ConditionObject.await:2043
		java.util.concurrent.LinkedBlockingQueue.take:442
		java.util.concurrent.ThreadPoolExecutor.getTask:1068
		java.util.concurrent.ThreadPoolExecutor.runWorker:1130
		java.util.concurrent.ThreadPoolExecutor$Worker.run:615
		java.lang.Thread.run:745

	Thread "pool-1-thread-22" (0x00000029) WAITING
		waiting for java.util.concurrent.locks.AbstractQueuedSynchronizer$ConditionObject (0x5668c2c6)
	Stack trace:
		sun.misc.Unsafe.park
		java.util.concurrent.locks.LockSupport.park:186
		java.util.concurrent.locks.AbstractQueuedSynchronizer$ConditionObject.await:2043
		java.util.concurrent.LinkedBlockingQueue.take:442
		java.util.concurrent.ThreadPoolExecutor.getTask:1068
		java.util.concurrent.ThreadPoolExecutor.runWorker:1130
		java.util.concurrent.ThreadPoolExecutor$Worker.run:615
		java.lang.Thread.run:745

	Thread "pool-1-thread-21" (0x00000028) WAITING
		waiting for java.util.concurrent.locks.AbstractQueuedSynchronizer$ConditionObject (0x5668c2c6)
	Stack trace:
		sun.misc.Unsafe.park
		java.util.concurrent.locks.LockSupport.park:186
		java.util.concurrent.locks.AbstractQueuedSynchronizer$ConditionObject.await:2043
		java.util.concurrent.LinkedBlockingQueue.take:442
		java.util.concurrent.ThreadPoolExecutor.getTask:1068
		java.util.concurrent.ThreadPoolExecutor.runWorker:1130
		java.util.concurrent.ThreadPoolExecutor$Worker.run:615
		java.lang.Thread.run:745

	Thread "pool-1-thread-20" (0x00000027) WAITING
		waiting for java.util.concurrent.locks.AbstractQueuedSynchronizer$ConditionObject (0x5668c2c6)
	Stack trace:
		sun.misc.Unsafe.park
		java.util.concurrent.locks.LockSupport.park:186
		java.util.concurrent.locks.AbstractQueuedSynchronizer$ConditionObject.await:2043
		java.util.concurrent.LinkedBlockingQueue.take:442
		java.util.concurrent.ThreadPoolExecutor.getTask:1068
		java.util.concurrent.ThreadPoolExecutor.runWorker:1130
		java.util.concurrent.ThreadPoolExecutor$Worker.run:615
		java.lang.Thread.run:745

	Thread "pool-1-thread-19" (0x00000026) WAITING
		waiting for java.util.concurrent.locks.AbstractQueuedSynchronizer$ConditionObject (0x5668c2c6)
	Stack trace:
		sun.misc.Unsafe.park
		java.util.concurrent.locks.LockSupport.park:186
		java.util.concurrent.locks.AbstractQueuedSynchronizer$ConditionObject.await:2043
		java.util.concurrent.LinkedBlockingQueue.take:442
		java.util.concurrent.ThreadPoolExecutor.getTask:1068
		java.util.concurrent.ThreadPoolExecutor.runWorker:1130
		java.util.concurrent.ThreadPoolExecutor$Worker.run:615
		java.lang.Thread.run:745

	Thread "pool-1-thread-18" (0x00000025) WAITING
		waiting for java.util.concurrent.locks.AbstractQueuedSynchronizer$ConditionObject (0x5668c2c6)
	Stack trace:
		sun.misc.Unsafe.park
		java.util.concurrent.locks.LockSupport.park:186
		java.util.concurrent.locks.AbstractQueuedSynchronizer$ConditionObject.await:2043
		java.util.concurrent.LinkedBlockingQueue.take:442
		java.util.concurrent.ThreadPoolExecutor.getTask:1068
		java.util.concurrent.ThreadPoolExecutor.runWorker:1130
		java.util.concurrent.ThreadPoolExecutor$Worker.run:615
		java.lang.Thread.run:745

	Thread "pool-1-thread-17" (0x00000024) WAITING
		waiting for java.util.concurrent.locks.AbstractQueuedSynchronizer$ConditionObject (0x5668c2c6)
	Stack trace:
		sun.misc.Unsafe.park
		java.util.concurrent.locks.LockSupport.park:186
		java.util.concurrent.locks.AbstractQueuedSynchronizer$ConditionObject.await:2043
		java.util.concurrent.LinkedBlockingQueue.take:442
		java.util.concurrent.ThreadPoolExecutor.getTask:1068
		java.util.concurrent.ThreadPoolExecutor.runWorker:1130
		java.util.concurrent.ThreadPoolExecutor$Worker.run:615
		java.lang.Thread.run:745

	Thread "pool-1-thread-16" (0x00000023) WAITING
		waiting for java.util.concurrent.locks.AbstractQueuedSynchronizer$ConditionObject (0x5668c2c6)
	Stack trace:
		sun.misc.Unsafe.park
		java.util.concurrent.locks.LockSupport.park:186
		java.util.concurrent.locks.AbstractQueuedSynchronizer$ConditionObject.await:2043
		java.util.concurrent.LinkedBlockingQueue.take:442
		java.util.concurrent.ThreadPoolExecutor.getTask:1068
		java.util.concurrent.ThreadPoolExecutor.runWorker:1130
		java.util.concurrent.ThreadPoolExecutor$Worker.run:615
		java.lang.Thread.run:745

	Thread "pool-1-thread-15" (0x00000022) WAITING
		waiting for java.util.concurrent.locks.AbstractQueuedSynchronizer$ConditionObject (0x5668c2c6)
	Stack trace:
		sun.misc.Unsafe.park
		java.util.concurrent.locks.LockSupport.park:186
		java.util.concurrent.locks.AbstractQueuedSynchronizer$ConditionObject.await:2043
		java.util.concurrent.LinkedBlockingQueue.take:442
		java.util.concurrent.ThreadPoolExecutor.getTask:1068
		java.util.concurrent.ThreadPoolExecutor.runWorker:1130
		java.util.concurrent.ThreadPoolExecutor$Worker.run:615
		java.lang.Thread.run:745

	Thread "pool-1-thread-14" (0x00000021) WAITING
		waiting for java.util.concurrent.locks.AbstractQueuedSynchronizer$ConditionObject (0x5668c2c6)
	Stack trace:
		sun.misc.Unsafe.park
		java.util.concurrent.locks.LockSupport.park:186
		java.util.concurrent.locks.AbstractQueuedSynchronizer$ConditionObject.await:2043
		java.util.concurrent.LinkedBlockingQueue.take:442
		java.util.concurrent.ThreadPoolExecutor.getTask:1068
		java.util.concurrent.ThreadPoolExecutor.runWorker:1130
		java.util.concurrent.ThreadPoolExecutor$Worker.run:615
		java.lang.Thread.run:745

	Thread "pool-1-thread-13" (0x00000020) WAITING
		waiting for java.util.concurrent.locks.AbstractQueuedSynchronizer$ConditionObject (0x5668c2c6)
	Stack trace:
		sun.misc.Unsafe.park
		java.util.concurrent.locks.LockSupport.park:186
		java.util.concurrent.locks.AbstractQueuedSynchronizer$ConditionObject.await:2043
		java.util.concurrent.LinkedBlockingQueue.take:442
		java.util.concurrent.ThreadPoolExecutor.getTask:1068
		java.util.concurrent.ThreadPoolExecutor.runWorker:1130
		java.util.concurrent.ThreadPoolExecutor$Worker.run:615
		java.lang.Thread.run:745

	Thread "pool-1-thread-12" (0x0000001f) WAITING
		waiting for java.util.concurrent.locks.AbstractQueuedSynchronizer$ConditionObject (0x5668c2c6)
	Stack trace:
		sun.misc.Unsafe.park
		java.util.concurrent.locks.LockSupport.park:186
		java.util.concurrent.locks.AbstractQueuedSynchronizer$ConditionObject.await:2043
		java.util.concurrent.LinkedBlockingQueue.take:442
		java.util.concurrent.ThreadPoolExecutor.getTask:1068
		java.util.concurrent.ThreadPoolExecutor.runWorker:1130
		java.util.concurrent.ThreadPoolExecutor$Worker.run:615
		java.lang.Thread.run:745

	Thread "pool-1-thread-11" (0x0000001e) WAITING
		waiting for java.util.concurrent.locks.AbstractQueuedSynchronizer$ConditionObject (0x5668c2c6)
	Stack trace:
		sun.misc.Unsafe.park
		java.util.concurrent.locks.LockSupport.park:186
		java.util.concurrent.locks.AbstractQueuedSynchronizer$ConditionObject.await:2043
		java.util.concurrent.LinkedBlockingQueue.take:442
		java.util.concurrent.ThreadPoolExecutor.getTask:1068
		java.util.concurrent.ThreadPoolExecutor.runWorker:1130
		java.util.concurrent.ThreadPoolExecutor$Worker.run:615
		java.lang.Thread.run:745

	Thread "pool-1-thread-10" (0x0000001d) WAITING
		waiting for java.util.concurrent.locks.AbstractQueuedSynchronizer$ConditionObject (0x5668c2c6)
	Stack trace:
		sun.misc.Unsafe.park
		java.util.concurrent.locks.LockSupport.park:186
		java.util.concurrent.locks.AbstractQueuedSynchronizer$ConditionObject.await:2043
		java.util.concurrent.LinkedBlockingQueue.take:442
		java.util.concurrent.ThreadPoolExecutor.getTask:1068
		java.util.concurrent.ThreadPoolExecutor.runWorker:1130
		java.util.concurrent.ThreadPoolExecutor$Worker.run:615
		java.lang.Thread.run:745

	Thread "pool-1-thread-9" (0x0000001c) WAITING
		waiting for java.util.concurrent.locks.AbstractQueuedSynchronizer$ConditionObject (0x5668c2c6)
	Stack trace:
		sun.misc.Unsafe.park
		java.util.concurrent.locks.LockSupport.park:186
		java.util.concurrent.locks.AbstractQueuedSynchronizer$ConditionObject.await:2043
		java.util.concurrent.LinkedBlockingQueue.take:442
		java.util.concurrent.ThreadPoolExecutor.getTask:1068
		java.util.concurrent.ThreadPoolExecutor.runWorker:1130
		java.util.concurrent.ThreadPoolExecutor$Worker.run:615
		java.lang.Thread.run:745

	Thread "pool-1-thread-8" (0x0000001b) WAITING
		waiting for java.util.concurrent.locks.AbstractQueuedSynchronizer$ConditionObject (0x5668c2c6)
	Stack trace:
		sun.misc.Unsafe.park
		java.util.concurrent.locks.LockSupport.park:186
		java.util.concurrent.locks.AbstractQueuedSynchronizer$ConditionObject.await:2043
		java.util.concurrent.LinkedBlockingQueue.take:442
		java.util.concurrent.ThreadPoolExecutor.getTask:1068
		java.util.concurrent.ThreadPoolExecutor.runWorker:1130
		java.util.concurrent.ThreadPoolExecutor$Worker.run:615
		java.lang.Thread.run:745

	Thread "pool-1-thread-7" (0x0000001a) WAITING
		waiting for java.util.concurrent.locks.AbstractQueuedSynchronizer$ConditionObject (0x5668c2c6)
	Stack trace:
		sun.misc.Unsafe.park
		java.util.concurrent.locks.LockSupport.park:186
		java.util.concurrent.locks.AbstractQueuedSynchronizer$ConditionObject.await:2043
		java.util.concurrent.LinkedBlockingQueue.take:442
		java.util.concurrent.ThreadPoolExecutor.getTask:1068
		java.util.concurrent.ThreadPoolExecutor.runWorker:1130
		java.util.concurrent.ThreadPoolExecutor$Worker.run:615
		java.lang.Thread.run:745

	Thread "pool-1-thread-6" (0x00000019) WAITING
		waiting for java.util.concurrent.locks.AbstractQueuedSynchronizer$ConditionObject (0x5668c2c6)
	Stack trace:
		sun.misc.Unsafe.park
		java.util.concurrent.locks.LockSupport.park:186
		java.util.concurrent.locks.AbstractQueuedSynchronizer$ConditionObject.await:2043
		java.util.concurrent.LinkedBlockingQueue.take:442
		java.util.concurrent.ThreadPoolExecutor.getTask:1068
		java.util.concurrent.ThreadPoolExecutor.runWorker:1130
		java.util.concurrent.ThreadPoolExecutor$Worker.run:615
		java.lang.Thread.run:745

	Thread "pool-1-thread-5" (0x00000018) WAITING
		waiting for java.util.concurrent.locks.AbstractQueuedSynchronizer$ConditionObject (0x5668c2c6)
	Stack trace:
		sun.misc.Unsafe.park
		java.util.concurrent.locks.LockSupport.park:186
		java.util.concurrent.locks.AbstractQueuedSynchronizer$ConditionObject.await:2043
		java.util.concurrent.LinkedBlockingQueue.take:442
		java.util.concurrent.ThreadPoolExecutor.getTask:1068
		java.util.concurrent.ThreadPoolExecutor.runWorker:1130
		java.util.concurrent.ThreadPoolExecutor$Worker.run:615
		java.lang.Thread.run:745

	Thread "Restart Log Sync" (0x00000015) WAITING
		waiting for org.globus.cog.karajan.compiled.nodes.restartLog.SyncThread (0x77cb817b)
	Stack trace:
		java.lang.Object.wait
		java.lang.Object.wait:503
		org.globus.cog.karajan.compiled.nodes.restartLog.SyncThread.run:66

	Thread "pool-1-thread-4" (0x00000014) WAITING
		waiting for java.util.concurrent.locks.AbstractQueuedSynchronizer$ConditionObject (0x5668c2c6)
	Stack trace:
		sun.misc.Unsafe.park
		java.util.concurrent.locks.LockSupport.park:186
		java.util.concurrent.locks.AbstractQueuedSynchronizer$ConditionObject.await:2043
		java.util.concurrent.LinkedBlockingQueue.take:442
		java.util.concurrent.ThreadPoolExecutor.getTask:1068
		java.util.concurrent.ThreadPoolExecutor.runWorker:1130
		java.util.concurrent.ThreadPoolExecutor$Worker.run:615
		java.lang.Thread.run:745

	Thread "NBS2" (0x00000013) WAITING
		waiting for java.util.concurrent.locks.AbstractQueuedSynchronizer$ConditionObject (0x1f812032)
	Stack trace:
		sun.misc.Unsafe.park
		java.util.concurrent.locks.LockSupport.park:186
		java.util.concurrent.locks.AbstractQueuedSynchronizer$ConditionObject.await:2043
		java.util.concurrent.LinkedBlockingQueue.take:442
		java.util.concurrent.ThreadPoolExecutor.getTask:1068
		java.util.concurrent.ThreadPoolExecutor.runWorker:1130
		java.util.concurrent.ThreadPoolExecutor$Worker.run:615
		java.lang.Thread.run:745

	Thread "pool-1-thread-3" (0x00000012) WAITING
		waiting for java.util.concurrent.locks.AbstractQueuedSynchronizer$ConditionObject (0x5668c2c6)
	Stack trace:
		sun.misc.Unsafe.park
		java.util.concurrent.locks.LockSupport.park:186
		java.util.concurrent.locks.AbstractQueuedSynchronizer$ConditionObject.await:2043
		java.util.concurrent.LinkedBlockingQueue.take:442
		java.util.concurrent.ThreadPoolExecutor.getTask:1068
		java.util.concurrent.ThreadPoolExecutor.runWorker:1130
		java.util.concurrent.ThreadPoolExecutor$Worker.run:615
		java.lang.Thread.run:745

	Thread "NBS1" (0x00000011) WAITING
		waiting for java.util.concurrent.locks.AbstractQueuedSynchronizer$ConditionObject (0x1f812032)
	Stack trace:
		sun.misc.Unsafe.park
		java.util.concurrent.locks.LockSupport.park:186
		java.util.concurrent.locks.AbstractQueuedSynchronizer$ConditionObject.await:2043
		java.util.concurrent.LinkedBlockingQueue.take:442
		java.util.concurrent.ThreadPoolExecutor.getTask:1068
		java.util.concurrent.ThreadPoolExecutor.runWorker:1130
		java.util.concurrent.ThreadPoolExecutor$Worker.run:615
		java.lang.Thread.run:745

	Thread "pool-1-thread-2" (0x00000010) WAITING
		waiting for java.util.concurrent.locks.AbstractQueuedSynchronizer$ConditionObject (0x5668c2c6)
	Stack trace:
		sun.misc.Unsafe.park
		java.util.concurrent.locks.LockSupport.park:186
		java.util.concurrent.locks.AbstractQueuedSynchronizer$ConditionObject.await:2043
		java.util.concurrent.LinkedBlockingQueue.take:442
		java.util.concurrent.ThreadPoolExecutor.getTask:1068
		java.util.concurrent.ThreadPoolExecutor.runWorker:1130
		java.util.concurrent.ThreadPoolExecutor$Worker.run:615
		java.lang.Thread.run:745

	Thread "Timer-0" (0x0000000f) TIMED_WAITING
		waiting for java.util.TaskQueue (0x51a1efae)
	Stack trace:
		java.lang.Object.wait
		java.util.TimerThread.mainLoop:552
		java.util.TimerThread.run:505

	Thread "NBS0" (0x0000000e) WAITING
		waiting for java.util.concurrent.locks.AbstractQueuedSynchronizer$ConditionObject (0x1f812032)
	Stack trace:
		sun.misc.Unsafe.park
		java.util.concurrent.locks.LockSupport.park:186
		java.util.concurrent.locks.AbstractQueuedSynchronizer$ConditionObject.await:2043
		java.util.concurrent.LinkedBlockingQueue.take:442
		java.util.concurrent.ThreadPoolExecutor.getTask:1068
		java.util.concurrent.ThreadPoolExecutor.runWorker:1130
		java.util.concurrent.ThreadPoolExecutor$Worker.run:615
		java.lang.Thread.run:745

	Thread "Scheduler" (0x0000000c) TIMED_WAITING
		waiting for org.griphyn.vdl.karajan.VDSAdaptiveScheduler (0x26196173)
	Stack trace:
		java.lang.Object.wait
		org.globus.cog.karajan.scheduler.LateBindingScheduler.sleep:324
		org.globus.cog.karajan.scheduler.LateBindingScheduler.run:271

	Thread "Overloaded Host Monitor" (0x0000000d) TIMED_WAITING
	Stack trace:
		java.lang.Thread.sleep
		org.globus.cog.karajan.scheduler.OverloadedHostMonitor.run:66

	Thread "pool-1-thread-1" (0x0000000b) WAITING
		waiting for java.util.concurrent.locks.AbstractQueuedSynchronizer$ConditionObject (0x5668c2c6)
	Stack trace:
		sun.misc.Unsafe.park
		java.util.concurrent.locks.LockSupport.park:186
		java.util.concurrent.locks.AbstractQueuedSynchronizer$ConditionObject.await:2043
		java.util.concurrent.LinkedBlockingQueue.take:442
		java.util.concurrent.ThreadPoolExecutor.getTask:1068
		java.util.concurrent.ThreadPoolExecutor.runWorker:1130
		java.util.concurrent.ThreadPoolExecutor$Worker.run:615
		java.lang.Thread.run:745

	Thread "LWT Scheduler Timer" (0x0000000a) WAITING
		waiting for java.util.TaskQueue (0x5e7eb260)
	Stack trace:
		java.lang.Object.wait
		java.lang.Object.wait:503
		java.util.TimerThread.mainLoop:526
		java.util.TimerThread.run:505

	Thread "AsyncAppender-Dispatcher-Thread-0" (0x00000008) WAITING
		waiting for java.util.ArrayList (0x4ff0ed17)
	Stack trace:
		java.lang.Object.wait
		java.lang.Object.wait:503
		org.apache.log4j.AsyncAppender$Dispatcher.run:548
		java.lang.Thread.run:745

	Thread "Finalizer" (0x00000003) WAITING
		waiting for java.lang.ref.ReferenceQueue$Lock (0x525daa01)
	Stack trace:
		java.lang.Object.wait
		java.lang.ref.ReferenceQueue.remove:135
		java.lang.ref.ReferenceQueue.remove:151
		java.lang.ref.Finalizer$FinalizerThread.run:209

	Thread "Reference Handler" (0x00000002) WAITING
		waiting for java.lang.ref.Reference$Lock (0x034451e6)
	Stack trace:
		java.lang.Object.wait
		java.lang.Object.wait:503
		java.lang.ref.Reference$ReferenceHandler.run:133


