Swift 0.96.2 git-rev: b9611649002eecd640fc6c58bbb88cb35ce03539 heads/release-0.96-swift 6287 (modified locally)
RunID: run022
Progress: Mon, 07 Dec 2015 07:06:02+0000
Progress: Mon, 07 Dec 2015 07:06:03+0000  Submitting:512
Progress: Mon, 07 Dec 2015 07:06:15+0000  Submitting:503  Submitted:9
Progress: Mon, 07 Dec 2015 07:06:21+0000  Submitted:512
Progress: Mon, 07 Dec 2015 07:06:51+0000  Submitted:512
Progress: Mon, 07 Dec 2015 07:06:59+0000  Submitted:464  Active:48
Progress: Mon, 07 Dec 2015 07:07:02+0000  Submitted:448  Active:64
Progress: Mon, 07 Dec 2015 07:07:18+0000  Stage in:60  Submitted:384  Active:68
Progress: Mon, 07 Dec 2015 07:07:19+0000  Submitted:384  Active:128
Progress: Mon, 07 Dec 2015 07:07:36+0000  Submitted:368  Active:144
Progress: Mon, 07 Dec 2015 07:07:41+0000  Stage in:22  Submitted:304  Active:186
Progress: Mon, 07 Dec 2015 07:07:42+0000  Submitted:304  Active:208
Progress: Mon, 07 Dec 2015 07:07:57+0000  Stage in:9  Submitted:272  Active:231
Progress: Mon, 07 Dec 2015 07:07:58+0000  Submitted:240  Active:272
Progress: Mon, 07 Dec 2015 07:08:01+0000  Submitted:176  Active:336
Progress: Mon, 07 Dec 2015 07:08:07+0000  Stage in:16  Submitted:160  Active:336
Progress: Mon, 07 Dec 2015 07:08:08+0000  Submitted:160  Active:352
Progress: Mon, 07 Dec 2015 07:08:09+0000  Submitted:144  Active:368
Progress: Mon, 07 Dec 2015 07:08:18+0000  Submitted:133  Active:379
Progress: Mon, 07 Dec 2015 07:08:27+0000  Stage in:22  Submitted:101  Active:389
Progress: Mon, 07 Dec 2015 07:08:28+0000  Submitted:53  Active:459
Progress: Mon, 07 Dec 2015 07:08:37+0000  Stage in:9  Submitted:37  Active:466
Progress: Mon, 07 Dec 2015 07:08:38+0000  Submitted:21  Active:491
Progress: Mon, 07 Dec 2015 07:08:48+0000  Submitted:5  Active:507
Progress: Mon, 07 Dec 2015 07:08:49+0000  Active:512
Progress: Mon, 07 Dec 2015 07:09:19+0000  Active:512
Progress: Mon, 07 Dec 2015 07:09:49+0000  Active:512
Progress: Mon, 07 Dec 2015 07:10:19+0000  Active:512
Progress: Mon, 07 Dec 2015 07:10:49+0000  Active:512
Progress: Mon, 07 Dec 2015 07:11:19+0000  Active:512
Progress: Mon, 07 Dec 2015 07:11:49+0000  Active:512
Progress: Mon, 07 Dec 2015 07:12:19+0000  Active:512
Progress: Mon, 07 Dec 2015 07:12:49+0000  Active:512
Progress: Mon, 07 Dec 2015 07:13:19+0000  Active:512
Progress: Mon, 07 Dec 2015 07:13:49+0000  Active:512
Progress: Mon, 07 Dec 2015 07:14:19+0000  Active:512
Progress: Mon, 07 Dec 2015 07:14:49+0000  Active:512
Progress: Mon, 07 Dec 2015 07:15:19+0000  Active:512
Progress: Mon, 07 Dec 2015 07:15:49+0000  Active:512
Progress: Mon, 07 Dec 2015 07:16:19+0000  Active:512
Progress: Mon, 07 Dec 2015 07:16:49+0000  Active:512
Progress: Mon, 07 Dec 2015 07:17:19+0000  Active:512
Progress: Mon, 07 Dec 2015 07:17:49+0000  Active:512
Progress: Mon, 07 Dec 2015 07:18:19+0000  Active:512
Progress: Mon, 07 Dec 2015 07:18:50+0000  Active:512
Progress: Mon, 07 Dec 2015 07:19:20+0000  Active:512
Progress: Mon, 07 Dec 2015 07:19:50+0000  Active:512
Progress: Mon, 07 Dec 2015 07:20:20+0000  Active:512
Progress: Mon, 07 Dec 2015 07:20:50+0000  Active:512
Progress: Mon, 07 Dec 2015 07:21:20+0000  Active:512
Progress: Mon, 07 Dec 2015 07:21:50+0000  Active:512
Progress: Mon, 07 Dec 2015 07:22:00+0000  Active:464  Finished successfully:48
Progress: Mon, 07 Dec 2015 07:22:03+0000  Active:448  Finished successfully:64
Progress: Mon, 07 Dec 2015 07:22:19+0000  Active:432  Stage out:13  Finished successfully:67
Progress: Mon, 07 Dec 2015 07:22:20+0000  Active:384  Finished successfully:128
Progress: Mon, 07 Dec 2015 07:22:37+0000  Active:383  Stage out:1  Finished successfully:128
Progress: Mon, 07 Dec 2015 07:22:38+0000  Active:368  Finished successfully:144
Progress: Mon, 07 Dec 2015 07:22:42+0000  Active:320  Stage out:19  Finished successfully:173
Progress: Mon, 07 Dec 2015 07:22:43+0000  Active:304  Finished successfully:208
Progress: Mon, 07 Dec 2015 07:22:57+0000  Active:300  Stage out:4  Finished successfully:208
Progress: Mon, 07 Dec 2015 07:22:58+0000  Active:272  Finished successfully:240
Progress: Mon, 07 Dec 2015 07:22:59+0000  Active:240  Finished successfully:272
Progress: Mon, 07 Dec 2015 07:23:01+0000  Active:239  Stage out:1  Finished successfully:272
Progress: Mon, 07 Dec 2015 07:23:02+0000  Active:176  Finished successfully:336
Progress: Mon, 07 Dec 2015 07:23:08+0000  Active:163  Stage out:11  Finished successfully:338
Progress: Mon, 07 Dec 2015 07:23:09+0000  Active:160  Finished successfully:352
Progress: Mon, 07 Dec 2015 07:23:10+0000  Active:144  Finished successfully:368
Progress: Mon, 07 Dec 2015 07:23:19+0000  Active:133  Stage out:1  Finished successfully:378
Progress: Mon, 07 Dec 2015 07:23:20+0000  Active:133  Finished successfully:379
Progress: Mon, 07 Dec 2015 07:23:28+0000  Active:101  Stage out:16  Finished successfully:395
Progress: Mon, 07 Dec 2015 07:23:29+0000  Active:53  Finished successfully:459
Progress: Mon, 07 Dec 2015 07:23:38+0000  Active:37  Stage out:2  Finished successfully:473
Progress: Mon, 07 Dec 2015 07:23:39+0000  Active:21  Finished successfully:491
Progress: Mon, 07 Dec 2015 07:23:49+0000  Active:5  Finished successfully:507
Final status: Mon, 07 Dec 2015 07:23:49+0000  Finished successfully:512
