Swift 0.96.2 git-rev: b9611649002eecd640fc6c58bbb88cb35ce03539 heads/release-0.96-swift 6287
RunID: run033
Progress: Wed, 17 Feb 2016 01:33:56+0100
Progress: Wed, 17 Feb 2016 01:33:57+0100  Submitting:256
Progress: Wed, 17 Feb 2016 01:34:21+0100  Submitting:251  Submitted:5
Progress: Wed, 17 Feb 2016 01:34:31+0100  Submitting:199  Submitted:57
Progress: Wed, 17 Feb 2016 01:34:32+0100  Submitted:256
Progress: Wed, 17 Feb 2016 01:35:02+0100  Submitted:256
Progress: Wed, 17 Feb 2016 01:35:15+0100  Stage in:4  Submitted:240  Active:12
Progress: Wed, 17 Feb 2016 01:35:16+0100  Submitted:240  Active:16
Progress: Wed, 17 Feb 2016 01:35:46+0100  Submitted:240  Active:16
Progress: Wed, 17 Feb 2016 01:35:56+0100  Stage in:4  Submitted:224  Active:28
Progress: Wed, 17 Feb 2016 01:35:57+0100  Submitted:224  Active:32
Progress: Wed, 17 Feb 2016 01:36:27+0100  Submitted:224  Active:32
Progress: Wed, 17 Feb 2016 01:36:57+0100  Submitted:224  Active:32
Progress: Wed, 17 Feb 2016 01:37:27+0100  Submitted:224  Active:32
Progress: Wed, 17 Feb 2016 01:37:50+0100  Submitted:192  Active:64
Progress: Wed, 17 Feb 2016 01:38:20+0100  Submitted:192  Active:64
Progress: Wed, 17 Feb 2016 01:38:50+0100  Submitted:192  Active:64
Progress: Wed, 17 Feb 2016 01:39:20+0100  Submitted:192  Active:64
Progress: Wed, 17 Feb 2016 01:39:50+0100  Submitted:192  Active:64
Progress: Wed, 17 Feb 2016 01:40:20+0100  Submitted:192  Active:64
Progress: Wed, 17 Feb 2016 01:40:50+0100  Submitted:192  Active:64
Progress: Wed, 17 Feb 2016 01:40:58+0100  Stage in:3  Submitted:176  Active:77
Progress: Wed, 17 Feb 2016 01:40:59+0100  Submitted:176  Active:80
Progress: Wed, 17 Feb 2016 01:41:29+0100  Submitted:176  Active:80
Progress: Wed, 17 Feb 2016 01:41:59+0100  Submitted:176  Active:80
Progress: Wed, 17 Feb 2016 01:42:29+0100  Submitted:176  Active:80
Progress: Wed, 17 Feb 2016 01:42:59+0100  Submitted:176  Active:80
Progress: Wed, 17 Feb 2016 01:43:29+0100  Submitted:176  Active:80
Progress: Wed, 17 Feb 2016 01:43:59+0100  Submitted:176  Active:80
Progress: Wed, 17 Feb 2016 01:44:29+0100  Submitted:176  Active:80
Progress: Wed, 17 Feb 2016 01:44:30+0100  Stage in:3  Submitted:160  Active:93
Progress: Wed, 17 Feb 2016 01:44:31+0100  Submitted:160  Active:96
Progress: Wed, 17 Feb 2016 01:45:01+0100  Submitted:160  Active:96
Progress: Wed, 17 Feb 2016 01:45:31+0100  Submitted:160  Active:96
Progress: Wed, 17 Feb 2016 01:46:01+0100  Submitted:160  Active:96
Progress: Wed, 17 Feb 2016 01:46:31+0100  Submitted:160  Active:96
Progress: Wed, 17 Feb 2016 01:47:01+0100  Submitted:160  Active:96
Progress: Wed, 17 Feb 2016 01:47:31+0100  Submitted:160  Active:96
Progress: Wed, 17 Feb 2016 01:48:01+0100  Submitted:160  Active:96
Progress: Wed, 17 Feb 2016 01:48:31+0100  Submitted:160  Active:96
Progress: Wed, 17 Feb 2016 01:48:53+0100  Submitted:128  Active:128
Progress: Wed, 17 Feb 2016 01:49:05+0100  Stage in:1  Submitted:127  Active:128
Progress: Wed, 17 Feb 2016 01:49:06+0100  Submitted:112  Active:144
Progress: Wed, 17 Feb 2016 01:49:08+0100  Stage in:17  Submitted:80  Active:159
Progress: Wed, 17 Feb 2016 01:49:09+0100  Submitted:80  Active:176
Progress: Wed, 17 Feb 2016 01:49:11+0100  Submitted:64  Active:192
Progress: Wed, 17 Feb 2016 01:49:32+0100  Submitted:61  Active:195
Progress: Wed, 17 Feb 2016 01:50:02+0100  Submitted:61  Active:195
Progress: Wed, 17 Feb 2016 01:50:15+0100  Submitted:61  Active:181  Stage out:9  Finished successfully:5
Progress: Wed, 17 Feb 2016 01:50:16+0100  Submitted:61  Active:179  Finished successfully:16
Progress: Wed, 17 Feb 2016 01:50:46+0100  Submitted:61  Active:179  Finished successfully:16
Progress: Wed, 17 Feb 2016 01:50:56+0100  Submitted:61  Active:163  Stage out:11  Finished successfully:21
Progress: Wed, 17 Feb 2016 01:50:57+0100  Submitted:61  Active:163  Finished successfully:32
Progress: Wed, 17 Feb 2016 01:51:27+0100  Submitted:61  Active:163  Finished successfully:32
Progress: Wed, 17 Feb 2016 01:51:57+0100  Submitted:61  Active:163  Finished successfully:32
Progress: Wed, 17 Feb 2016 01:52:27+0100  Submitted:61  Active:163  Finished successfully:32
Progress: Wed, 17 Feb 2016 01:52:50+0100  Submitted:61  Active:131  Stage out:16  Finished successfully:48
Progress: Wed, 17 Feb 2016 01:52:51+0100  Submitted:61  Active:131  Finished successfully:64
Progress: Wed, 17 Feb 2016 01:53:12+0100  Stage in:16  Submitted:45  Active:131  Finished successfully:64
Progress: Wed, 17 Feb 2016 01:53:13+0100  Submitted:45  Active:147  Finished successfully:64
Progress: Wed, 17 Feb 2016 01:53:43+0100  Submitted:45  Active:147  Finished successfully:64
Progress: Wed, 17 Feb 2016 01:54:13+0100  Submitted:45  Active:147  Finished successfully:64
Progress: Wed, 17 Feb 2016 01:54:17+0100  Stage in:14  Submitted:31  Active:147  Finished successfully:64
Progress: Wed, 17 Feb 2016 01:54:18+0100  Active:192  Finished successfully:64
Progress: Wed, 17 Feb 2016 01:54:48+0100  Active:192  Finished successfully:64
Progress: Wed, 17 Feb 2016 01:55:18+0100  Active:192  Finished successfully:64
Progress: Wed, 17 Feb 2016 01:55:48+0100  Active:192  Finished successfully:64
Progress: Wed, 17 Feb 2016 01:55:58+0100  Active:176  Stage out:11  Finished successfully:69
Progress: Wed, 17 Feb 2016 01:55:59+0100  Active:176  Finished successfully:80
Progress: Wed, 17 Feb 2016 01:56:29+0100  Active:176  Finished successfully:80
Progress: Wed, 17 Feb 2016 01:56:59+0100  Active:176  Finished successfully:80
Progress: Wed, 17 Feb 2016 01:57:29+0100  Active:176  Finished successfully:80
Progress: Wed, 17 Feb 2016 01:57:59+0100  Active:176  Finished successfully:80
Progress: Wed, 17 Feb 2016 01:58:29+0100  Active:176  Finished successfully:80
Progress: Wed, 17 Feb 2016 01:58:59+0100  Active:176  Finished successfully:80
Progress: Wed, 17 Feb 2016 01:59:29+0100  Active:176  Finished successfully:80
Progress: Wed, 17 Feb 2016 01:59:30+0100  Active:160  Stage out:6  Finished successfully:90
Progress: Wed, 17 Feb 2016 01:59:31+0100  Active:160  Finished successfully:96
Progress: Wed, 17 Feb 2016 02:00:01+0100  Active:160  Finished successfully:96
Progress: Wed, 17 Feb 2016 02:00:31+0100  Active:160  Finished successfully:96
Progress: Wed, 17 Feb 2016 02:01:01+0100  Active:160  Finished successfully:96
Progress: Wed, 17 Feb 2016 02:01:31+0100  Active:160  Finished successfully:96
Progress: Wed, 17 Feb 2016 02:02:01+0100  Active:160  Finished successfully:96
Progress: Wed, 17 Feb 2016 02:02:31+0100  Active:160  Finished successfully:96
Progress: Wed, 17 Feb 2016 02:03:01+0100  Active:160  Finished successfully:96
Progress: Wed, 17 Feb 2016 02:03:31+0100  Active:160  Finished successfully:96
Progress: Wed, 17 Feb 2016 02:03:53+0100  Active:128  Stage out:9  Finished successfully:119
Progress: Wed, 17 Feb 2016 02:03:54+0100  Active:128  Finished successfully:128
Progress: Wed, 17 Feb 2016 02:04:06+0100  Active:112  Finished successfully:144
Progress: Wed, 17 Feb 2016 02:04:08+0100  Active:80  Stage out:22  Finished successfully:154
Progress: Wed, 17 Feb 2016 02:04:09+0100  Active:80  Finished successfully:176
Progress: Wed, 17 Feb 2016 02:04:11+0100  Active:64  Finished successfully:192
Progress: Wed, 17 Feb 2016 02:04:32+0100  Active:61  Stage out:3  Finished successfully:192
Progress: Wed, 17 Feb 2016 02:04:33+0100  Active:61  Finished successfully:195
Progress: Wed, 17 Feb 2016 02:05:03+0100  Active:61  Finished successfully:195
Progress: Wed, 17 Feb 2016 02:05:33+0100  Active:61  Finished successfully:195
Progress: Wed, 17 Feb 2016 02:06:03+0100  Active:61  Finished successfully:195
Progress: Wed, 17 Feb 2016 02:06:33+0100  Active:61  Finished successfully:195
Progress: Wed, 17 Feb 2016 02:07:03+0100  Active:61  Finished successfully:195
Progress: Wed, 17 Feb 2016 02:07:33+0100  Active:61  Finished successfully:195
Progress: Wed, 17 Feb 2016 02:08:03+0100  Active:61  Finished successfully:195
Progress: Wed, 17 Feb 2016 02:08:12+0100  Active:60  Stage out:1  Finished successfully:195
Progress: Wed, 17 Feb 2016 02:08:13+0100  Active:45  Finished successfully:211
Progress: Wed, 17 Feb 2016 02:08:43+0100  Active:45  Finished successfully:211
Progress: Wed, 17 Feb 2016 02:09:13+0100  Active:45  Finished successfully:211
Progress: Wed, 17 Feb 2016 02:09:18+0100  Active:3  Stage out:23  Finished successfully:230
Final status: Wed, 17 Feb 2016 02:09:18+0100  Finished successfully:256
