Swift trunk git-rev: a1480cb065858cd79cfbc7e6fd5ec1084d0662d9 heads/master 6706 (modified locally)
RunID: run002
Progress: Wed, 27 Apr 2016 05:44:13+0000
Progress: Wed, 27 Apr 2016 05:44:14+0000  Selecting site:30  Submitting:2
Progress: Wed, 27 Apr 2016 05:44:29+0000  Selecting site:30  Submitting:1  Submitted:1
Progress: Wed, 27 Apr 2016 05:44:32+0000  Selecting site:30  Submitted:2
Progress: Wed, 27 Apr 2016 05:44:49+0000  Selecting site:28  Submitting:2  Submitted:2
Progress: Wed, 27 Apr 2016 05:44:50+0000  Selecting site:28  Submitted:4
Progress: Wed, 27 Apr 2016 05:45:20+0000  Selecting site:28  Submitted:4
Progress: Wed, 27 Apr 2016 05:45:50+0000  Selecting site:28  Submitted:4
Progress: Wed, 27 Apr 2016 05:45:59+0000  Selecting site:28  Submitted:2  Active:2
Progress: Wed, 27 Apr 2016 05:46:29+0000  Selecting site:28  Submitted:2  Active:2
Progress: Wed, 27 Apr 2016 05:46:59+0000  Selecting site:28  Submitted:2  Active:2
Progress: Wed, 27 Apr 2016 05:47:29+0000  Selecting site:28  Submitted:2  Active:2
Progress: Wed, 27 Apr 2016 05:47:59+0000  Selecting site:28  Submitted:2  Active:2
Progress: Wed, 27 Apr 2016 05:48:22+0000  Selecting site:28  Active:4
Progress: Wed, 27 Apr 2016 05:48:52+0000  Selecting site:28  Active:4
Progress: Wed, 27 Apr 2016 05:49:22+0000  Selecting site:28  Active:4
Progress: Wed, 27 Apr 2016 05:49:52+0000  Selecting site:28  Active:4
Progress: Wed, 27 Apr 2016 05:50:22+0000  Selecting site:28  Active:4
Progress: Wed, 27 Apr 2016 05:50:52+0000  Selecting site:28  Active:4
Progress: Wed, 27 Apr 2016 05:51:22+0000  Selecting site:28  Active:4
Progress: Wed, 27 Apr 2016 05:51:52+0000  Selecting site:28  Active:4
Progress: Wed, 27 Apr 2016 05:52:22+0000  Selecting site:28  Active:4
Progress: Wed, 27 Apr 2016 05:52:52+0000  Selecting site:28  Active:4
Progress: Wed, 27 Apr 2016 05:53:22+0000  Selecting site:28  Active:4
Progress: Wed, 27 Apr 2016 05:53:52+0000  Selecting site:28  Active:4
Progress: Wed, 27 Apr 2016 05:54:22+0000  Selecting site:28  Active:4
Progress: Wed, 27 Apr 2016 05:54:52+0000  Selecting site:28  Active:4
Progress: Wed, 27 Apr 2016 05:55:22+0000  Selecting site:28  Active:4
Progress: Wed, 27 Apr 2016 05:55:52+0000  Selecting site:28  Active:4
Progress: Wed, 27 Apr 2016 05:56:22+0000  Selecting site:28  Active:4
Progress: Wed, 27 Apr 2016 05:56:52+0000  Selecting site:28  Active:4
Progress: Wed, 27 Apr 2016 05:57:22+0000  Selecting site:28  Active:4
Progress: Wed, 27 Apr 2016 05:57:52+0000  Selecting site:28  Active:4
Progress: Wed, 27 Apr 2016 05:58:22+0000  Selecting site:28  Active:4
Progress: Wed, 27 Apr 2016 05:58:52+0000  Selecting site:28  Active:4
Progress: Wed, 27 Apr 2016 05:59:22+0000  Selecting site:28  Active:4
Progress: Wed, 27 Apr 2016 05:59:52+0000  Selecting site:28  Active:4
Progress: Wed, 27 Apr 2016 06:00:22+0000  Selecting site:28  Active:4
Progress: Wed, 27 Apr 2016 06:00:52+0000  Selecting site:28  Active:4
Progress: Wed, 27 Apr 2016 06:01:22+0000  Selecting site:28  Active:4
Progress: Wed, 27 Apr 2016 06:01:52+0000  Selecting site:28  Active:4
Progress: Wed, 27 Apr 2016 06:02:22+0000  Selecting site:28  Active:4
Progress: Wed, 27 Apr 2016 06:02:52+0000  Selecting site:28  Active:4
Progress: Wed, 27 Apr 2016 06:03:22+0000  Selecting site:28  Active:4
Progress: Wed, 27 Apr 2016 06:03:52+0000  Selecting site:28  Active:4
Progress: Wed, 27 Apr 2016 06:04:22+0000  Selecting site:28  Active:4
Progress: Wed, 27 Apr 2016 06:04:52+0000  Selecting site:28  Active:4
Progress: Wed, 27 Apr 2016 06:05:22+0000  Selecting site:28  Active:4
Progress: Wed, 27 Apr 2016 06:05:52+0000  Selecting site:28  Active:4
Progress: Wed, 27 Apr 2016 06:06:22+0000  Selecting site:28  Active:4
Progress: Wed, 27 Apr 2016 06:06:52+0000  Selecting site:28  Active:4
Progress: Wed, 27 Apr 2016 06:07:22+0000  Selecting site:28  Active:4
Progress: Wed, 27 Apr 2016 06:07:52+0000  Selecting site:28  Active:4
Progress: Wed, 27 Apr 2016 06:08:22+0000  Selecting site:28  Active:4
Progress: Wed, 27 Apr 2016 06:08:52+0000  Selecting site:28  Active:4
Progress: Wed, 27 Apr 2016 06:09:22+0000  Selecting site:28  Active:4
Progress: Wed, 27 Apr 2016 06:09:52+0000  Selecting site:28  Active:4
Progress: Wed, 27 Apr 2016 06:10:22+0000  Selecting site:28  Active:4
Progress: Wed, 27 Apr 2016 06:10:52+0000  Selecting site:28  Active:4
Progress: Wed, 27 Apr 2016 06:11:22+0000  Selecting site:28  Active:4
Progress: Wed, 27 Apr 2016 06:11:52+0000  Selecting site:28  Active:4
Progress: Wed, 27 Apr 2016 06:12:22+0000  Selecting site:28  Active:4
Progress: Wed, 27 Apr 2016 06:12:52+0000  Selecting site:28  Active:4
Progress: Wed, 27 Apr 2016 06:13:22+0000  Selecting site:28  Active:4
Progress: Wed, 27 Apr 2016 06:13:52+0000  Selecting site:28  Active:4
Progress: Wed, 27 Apr 2016 06:14:22+0000  Selecting site:28  Active:4
Progress: Wed, 27 Apr 2016 06:14:52+0000  Selecting site:28  Active:4
Progress: Wed, 27 Apr 2016 06:15:22+0000  Selecting site:28  Active:4
Progress: Wed, 27 Apr 2016 06:15:52+0000  Selecting site:28  Active:4
Progress: Wed, 27 Apr 2016 06:15:59+0000  Selecting site:28  Active:2  Stage out:2
Progress: Wed, 27 Apr 2016 06:16:17+0000  Selecting site:27  Active:3  Finished successfully:2
Progress: Wed, 27 Apr 2016 06:16:44+0000  Selecting site:26  Submitting:1  Active:3  Finished successfully:2
Progress: Wed, 27 Apr 2016 06:16:45+0000  Selecting site:26  Active:4  Finished successfully:2
Progress: Wed, 27 Apr 2016 06:17:15+0000  Selecting site:26  Active:4  Finished successfully:2
Progress: Wed, 27 Apr 2016 06:17:45+0000  Selecting site:26  Active:4  Finished successfully:2
Progress: Wed, 27 Apr 2016 06:18:15+0000  Selecting site:26  Active:4  Finished successfully:2
Progress: Wed, 27 Apr 2016 06:18:22+0000  Selecting site:25  Stage in:1  Active:2  Finished successfully:4
Progress: Wed, 27 Apr 2016 06:18:23+0000  Selecting site:25  Active:3  Finished successfully:4
Progress: Wed, 27 Apr 2016 06:18:49+0000  Selecting site:24  Submitting:1  Active:3  Finished successfully:4
Progress: Wed, 27 Apr 2016 06:18:50+0000  Selecting site:24  Active:4  Finished successfully:4
Progress: Wed, 27 Apr 2016 06:19:20+0000  Selecting site:24  Active:4  Finished successfully:4
Progress: Wed, 27 Apr 2016 06:19:50+0000  Selecting site:24  Active:4  Finished successfully:4
Progress: Wed, 27 Apr 2016 06:20:20+0000  Selecting site:24  Active:4  Finished successfully:4
Progress: Wed, 27 Apr 2016 06:20:50+0000  Selecting site:24  Active:4  Finished successfully:4
Progress: Wed, 27 Apr 2016 06:21:20+0000  Selecting site:24  Active:4  Finished successfully:4
Progress: Wed, 27 Apr 2016 06:21:50+0000  Selecting site:24  Active:4  Finished successfully:4
Progress: Wed, 27 Apr 2016 06:22:20+0000  Selecting site:24  Active:4  Finished successfully:4
Progress: Wed, 27 Apr 2016 06:22:50+0000  Selecting site:24  Active:4  Finished successfully:4
Progress: Wed, 27 Apr 2016 06:23:20+0000  Selecting site:24  Active:4  Finished successfully:4
Progress: Wed, 27 Apr 2016 06:23:50+0000  Selecting site:24  Active:4  Finished successfully:4
Progress: Wed, 27 Apr 2016 06:24:20+0000  Selecting site:24  Active:4  Finished successfully:4
Progress: Wed, 27 Apr 2016 06:24:50+0000  Selecting site:24  Active:4  Finished successfully:4
Progress: Wed, 27 Apr 2016 06:25:20+0000  Selecting site:24  Active:4  Finished successfully:4
Progress: Wed, 27 Apr 2016 06:25:50+0000  Selecting site:24  Active:4  Finished successfully:4
Progress: Wed, 27 Apr 2016 06:26:20+0000  Selecting site:24  Active:4  Finished successfully:4
Progress: Wed, 27 Apr 2016 06:26:50+0000  Selecting site:24  Active:4  Finished successfully:4
Progress: Wed, 27 Apr 2016 06:27:20+0000  Selecting site:24  Active:4  Finished successfully:4
Progress: Wed, 27 Apr 2016 06:27:50+0000  Selecting site:24  Active:4  Finished successfully:4
Progress: Wed, 27 Apr 2016 06:28:20+0000  Selecting site:24  Active:4  Finished successfully:4
Progress: Wed, 27 Apr 2016 06:28:50+0000  Selecting site:24  Active:4  Finished successfully:4
Progress: Wed, 27 Apr 2016 06:29:20+0000  Selecting site:24  Active:4  Finished successfully:4
Progress: Wed, 27 Apr 2016 06:29:50+0000  Selecting site:24  Active:4  Finished successfully:4
Progress: Wed, 27 Apr 2016 06:30:20+0000  Selecting site:24  Active:4  Finished successfully:4
Progress: Wed, 27 Apr 2016 06:30:50+0000  Selecting site:24  Active:4  Finished successfully:4
Progress: Wed, 27 Apr 2016 06:31:20+0000  Selecting site:24  Active:4  Finished successfully:4
Progress: Wed, 27 Apr 2016 06:31:50+0000  Selecting site:24  Active:4  Finished successfully:4
Progress: Wed, 27 Apr 2016 06:32:20+0000  Selecting site:24  Active:4  Finished successfully:4
Progress: Wed, 27 Apr 2016 06:32:50+0000  Selecting site:24  Active:4  Finished successfully:4
Progress: Wed, 27 Apr 2016 06:33:20+0000  Selecting site:24  Active:4  Finished successfully:4
Progress: Wed, 27 Apr 2016 06:33:50+0000  Selecting site:24  Active:4  Finished successfully:4
Progress: Wed, 27 Apr 2016 06:34:20+0000  Selecting site:24  Active:4  Finished successfully:4
Progress: Wed, 27 Apr 2016 06:34:50+0000  Selecting site:24  Active:4  Finished successfully:4
Progress: Wed, 27 Apr 2016 06:35:20+0000  Selecting site:24  Active:4  Finished successfully:4
Progress: Wed, 27 Apr 2016 06:35:50+0000  Selecting site:24  Active:4  Finished successfully:4
Progress: Wed, 27 Apr 2016 06:36:20+0000  Selecting site:24  Active:4  Finished successfully:4
Progress: Wed, 27 Apr 2016 06:36:50+0000  Selecting site:24  Active:4  Finished successfully:4
Progress: Wed, 27 Apr 2016 06:37:20+0000  Selecting site:24  Active:4  Finished successfully:4
Progress: Wed, 27 Apr 2016 06:37:50+0000  Selecting site:24  Active:4  Finished successfully:4
Progress: Wed, 27 Apr 2016 06:38:20+0000  Selecting site:24  Active:4  Finished successfully:4
Progress: Wed, 27 Apr 2016 06:38:50+0000  Selecting site:24  Active:4  Finished successfully:4
Progress: Wed, 27 Apr 2016 06:39:20+0000  Selecting site:24  Active:4  Finished successfully:4
Progress: Wed, 27 Apr 2016 06:39:50+0000  Selecting site:24  Active:4  Finished successfully:4
Progress: Wed, 27 Apr 2016 06:40:20+0000  Selecting site:24  Active:4  Finished successfully:4
Progress: Wed, 27 Apr 2016 06:40:50+0000  Selecting site:24  Active:4  Finished successfully:4
Progress: Wed, 27 Apr 2016 06:41:20+0000  Selecting site:24  Active:4  Finished successfully:4
Progress: Wed, 27 Apr 2016 06:41:50+0000  Selecting site:24  Active:4  Finished successfully:4
Progress: Wed, 27 Apr 2016 06:42:20+0000  Selecting site:24  Active:4  Finished successfully:4
Progress: Wed, 27 Apr 2016 06:42:50+0000  Selecting site:24  Active:4  Finished successfully:4
Progress: Wed, 27 Apr 2016 06:43:20+0000  Selecting site:24  Active:4  Finished successfully:4
Progress: Wed, 27 Apr 2016 06:43:50+0000  Selecting site:24  Active:4  Finished successfully:4
Progress: Wed, 27 Apr 2016 06:44:20+0000  Selecting site:24  Active:4  Finished successfully:4
Progress: Wed, 27 Apr 2016 06:44:50+0000  Selecting site:24  Active:4  Finished successfully:4
Progress: Wed, 27 Apr 2016 06:45:20+0000  Selecting site:24  Active:4  Finished successfully:4
Progress: Wed, 27 Apr 2016 06:45:50+0000  Selecting site:24  Active:4  Finished successfully:4
Progress: Wed, 27 Apr 2016 06:46:17+0000  Selecting site:24  Active:3  Stage out:1  Finished successfully:4
Progress: Wed, 27 Apr 2016 06:46:20+0000  Selecting site:23  Submitting:1  Active:3  Finished successfully:5
Progress: Wed, 27 Apr 2016 06:46:21+0000  Selecting site:23  Active:4  Finished successfully:5
Progress: Wed, 27 Apr 2016 06:46:44+0000  Selecting site:23  Active:3  Stage out:1  Finished successfully:5
Progress: Wed, 27 Apr 2016 06:46:47+0000  Selecting site:22  Submitting:1  Active:3  Stage out:1  Finished successfully:5
Progress: Wed, 27 Apr 2016 06:46:48+0000  Selecting site:22  Active:4  Finished successfully:6
Progress: Wed, 27 Apr 2016 06:47:11+0000  Selecting site:21  Submitting:1  Active:4  Finished successfully:6
Progress: Wed, 27 Apr 2016 06:47:12+0000  Selecting site:21  Active:5  Finished successfully:6
Progress: Wed, 27 Apr 2016 06:47:42+0000  Selecting site:21  Active:5  Finished successfully:6
Progress: Wed, 27 Apr 2016 06:48:12+0000  Selecting site:21  Active:5  Finished successfully:6
Progress: Wed, 27 Apr 2016 06:48:22+0000  Selecting site:21  Active:4  Stage out:1  Finished successfully:6
Progress: Wed, 27 Apr 2016 06:48:28+0000  Selecting site:20  Stage in:1  Active:4  Finished successfully:7
Progress: Wed, 27 Apr 2016 06:48:29+0000  Selecting site:20  Active:5  Finished successfully:7
Progress: Wed, 27 Apr 2016 06:48:50+0000  Selecting site:20  Active:4  Stage out:1  Finished successfully:7
Progress: Wed, 27 Apr 2016 06:48:55+0000  Selecting site:19  Submitting:1  Active:4  Stage out:1  Finished successfully:7
Progress: Wed, 27 Apr 2016 06:48:56+0000  Selecting site:19  Active:5  Finished successfully:8
Progress: Wed, 27 Apr 2016 06:49:19+0000  Selecting site:18  Submitting:1  Active:5  Finished successfully:8
Progress: Wed, 27 Apr 2016 06:49:20+0000  Selecting site:18  Active:6  Finished successfully:8
Progress: Wed, 27 Apr 2016 06:49:50+0000  Selecting site:18  Active:6  Finished successfully:8
Progress: Wed, 27 Apr 2016 06:50:20+0000  Selecting site:18  Active:6  Finished successfully:8
Progress: Wed, 27 Apr 2016 06:50:50+0000  Selecting site:18  Active:6  Finished successfully:8
Progress: Wed, 27 Apr 2016 06:51:20+0000  Selecting site:18  Active:6  Finished successfully:8
Progress: Wed, 27 Apr 2016 06:51:50+0000  Selecting site:18  Active:6  Finished successfully:8
Progress: Wed, 27 Apr 2016 06:52:20+0000  Selecting site:18  Active:6  Finished successfully:8
Progress: Wed, 27 Apr 2016 06:52:50+0000  Selecting site:18  Active:6  Finished successfully:8
Progress: Wed, 27 Apr 2016 06:53:20+0000  Selecting site:18  Active:6  Finished successfully:8
Progress: Wed, 27 Apr 2016 06:53:50+0000  Selecting site:18  Active:6  Finished successfully:8
Progress: Wed, 27 Apr 2016 06:54:20+0000  Selecting site:18  Active:6  Finished successfully:8
Progress: Wed, 27 Apr 2016 06:54:50+0000  Selecting site:18  Active:6  Finished successfully:8
Progress: Wed, 27 Apr 2016 06:55:20+0000  Selecting site:18  Active:6  Finished successfully:8
Progress: Wed, 27 Apr 2016 06:55:50+0000  Selecting site:18  Active:6  Finished successfully:8
Progress: Wed, 27 Apr 2016 06:56:20+0000  Selecting site:18  Active:6  Finished successfully:8
Progress: Wed, 27 Apr 2016 06:56:50+0000  Selecting site:18  Active:6  Finished successfully:8
Progress: Wed, 27 Apr 2016 06:57:20+0000  Selecting site:18  Active:6  Finished successfully:8
Progress: Wed, 27 Apr 2016 06:57:50+0000  Selecting site:18  Active:6  Finished successfully:8
Progress: Wed, 27 Apr 2016 06:58:20+0000  Selecting site:18  Active:6  Finished successfully:8
Progress: Wed, 27 Apr 2016 06:58:50+0000  Selecting site:18  Active:6  Finished successfully:8
Progress: Wed, 27 Apr 2016 06:59:20+0000  Selecting site:18  Active:6  Finished successfully:8
Progress: Wed, 27 Apr 2016 06:59:50+0000  Selecting site:18  Active:6  Finished successfully:8
Progress: Wed, 27 Apr 2016 07:00:20+0000  Selecting site:18  Active:6  Finished successfully:8
Progress: Wed, 27 Apr 2016 07:00:50+0000  Selecting site:18  Active:6  Finished successfully:8
Progress: Wed, 27 Apr 2016 07:01:20+0000  Selecting site:18  Active:6  Finished successfully:8
Progress: Wed, 27 Apr 2016 07:01:50+0000  Selecting site:18  Active:6  Finished successfully:8
Progress: Wed, 27 Apr 2016 07:02:20+0000  Selecting site:18  Active:6  Finished successfully:8
Progress: Wed, 27 Apr 2016 07:02:50+0000  Selecting site:18  Active:6  Finished successfully:8
Progress: Wed, 27 Apr 2016 07:03:20+0000  Selecting site:18  Active:6  Finished successfully:8
Progress: Wed, 27 Apr 2016 07:03:50+0000  Selecting site:18  Active:6  Finished successfully:8
Progress: Wed, 27 Apr 2016 07:04:20+0000  Selecting site:18  Active:6  Finished successfully:8
Progress: Wed, 27 Apr 2016 07:04:50+0000  Selecting site:18  Active:6  Finished successfully:8
Progress: Wed, 27 Apr 2016 07:05:20+0000  Selecting site:18  Active:6  Finished successfully:8
Progress: Wed, 27 Apr 2016 07:05:50+0000  Selecting site:18  Active:6  Finished successfully:8
Progress: Wed, 27 Apr 2016 07:06:20+0000  Selecting site:18  Active:6  Finished successfully:8
Progress: Wed, 27 Apr 2016 07:06:50+0000  Selecting site:18  Active:6  Finished successfully:8
Progress: Wed, 27 Apr 2016 07:07:20+0000  Selecting site:18  Active:6  Finished successfully:8
Progress: Wed, 27 Apr 2016 07:07:50+0000  Selecting site:18  Active:6  Finished successfully:8
Progress: Wed, 27 Apr 2016 07:08:20+0000  Selecting site:18  Active:6  Finished successfully:8
Progress: Wed, 27 Apr 2016 07:08:50+0000  Selecting site:18  Active:6  Finished successfully:8
Progress: Wed, 27 Apr 2016 07:09:20+0000  Selecting site:18  Active:6  Finished successfully:8
Progress: Wed, 27 Apr 2016 07:09:50+0000  Selecting site:18  Active:6  Finished successfully:8
Progress: Wed, 27 Apr 2016 07:10:20+0000  Selecting site:18  Active:6  Finished successfully:8
Progress: Wed, 27 Apr 2016 07:10:50+0000  Selecting site:18  Active:6  Finished successfully:8
Progress: Wed, 27 Apr 2016 07:11:20+0000  Selecting site:18  Active:6  Finished successfully:8
Progress: Wed, 27 Apr 2016 07:11:50+0000  Selecting site:18  Active:6  Finished successfully:8
Progress: Wed, 27 Apr 2016 07:12:20+0000  Selecting site:18  Active:6  Finished successfully:8
Progress: Wed, 27 Apr 2016 07:12:50+0000  Selecting site:18  Active:6  Finished successfully:8
Progress: Wed, 27 Apr 2016 07:13:20+0000  Selecting site:18  Active:6  Finished successfully:8
Progress: Wed, 27 Apr 2016 07:13:50+0000  Selecting site:18  Active:6  Finished successfully:8
Progress: Wed, 27 Apr 2016 07:14:20+0000  Selecting site:18  Active:6  Finished successfully:8
Progress: Wed, 27 Apr 2016 07:14:50+0000  Selecting site:18  Active:6  Finished successfully:8
Progress: Wed, 27 Apr 2016 07:15:20+0000  Selecting site:18  Active:6  Finished successfully:8
Progress: Wed, 27 Apr 2016 07:15:50+0000  Selecting site:18  Active:6  Finished successfully:8
Progress: Wed, 27 Apr 2016 07:16:20+0000  Selecting site:18  Active:6  Finished successfully:8
Progress: Wed, 27 Apr 2016 07:16:21+0000  Selecting site:18  Active:5  Stage out:1  Finished successfully:8
Progress: Wed, 27 Apr 2016 07:16:31+0000  Selecting site:17  Submitting:1  Active:5  Finished successfully:9
Progress: Wed, 27 Apr 2016 07:16:32+0000  Selecting site:17  Active:6  Finished successfully:9
Progress: Wed, 27 Apr 2016 07:16:48+0000  Selecting site:17  Active:5  Stage out:1  Finished successfully:9
Progress: Wed, 27 Apr 2016 07:17:03+0000  Selecting site:16  Active:6  Finished successfully:10
Progress: Wed, 27 Apr 2016 07:17:12+0000  Selecting site:16  Active:5  Finished successfully:11
Progress: Wed, 27 Apr 2016 07:17:19+0000  Selecting site:15  Active:6  Finished successfully:11
Progress: Wed, 27 Apr 2016 07:17:49+0000  Selecting site:15  Active:6  Finished successfully:11
Progress: Wed, 27 Apr 2016 07:18:19+0000  Selecting site:15  Active:6  Finished successfully:11
Progress: Wed, 27 Apr 2016 07:18:29+0000  Selecting site:15  Active:5  Stage out:1  Finished successfully:11
Progress: Wed, 27 Apr 2016 07:18:56+0000  Selecting site:14  Stage in:1  Active:4  Finished successfully:13
Progress: Wed, 27 Apr 2016 07:18:57+0000  Selecting site:14  Active:5  Finished successfully:13
Progress: Wed, 27 Apr 2016 07:19:15+0000  Selecting site:13  Active:6  Finished successfully:13
Progress: Wed, 27 Apr 2016 07:19:21+0000  Selecting site:13  Active:5  Stage out:1  Finished successfully:13
Progress: Wed, 27 Apr 2016 07:19:34+0000  Selecting site:13  Active:5  Finished successfully:14
Progress: Wed, 27 Apr 2016 07:19:35+0000  Selecting site:12  Active:6  Finished successfully:14
Progress: Wed, 27 Apr 2016 07:20:05+0000  Selecting site:12  Active:6  Finished successfully:14
Progress: Wed, 27 Apr 2016 07:20:35+0000  Selecting site:12  Active:6  Finished successfully:14
Progress: Wed, 27 Apr 2016 07:21:05+0000  Selecting site:12  Active:6  Finished successfully:14
Progress: Wed, 27 Apr 2016 07:21:35+0000  Selecting site:12  Active:6  Finished successfully:14
Progress: Wed, 27 Apr 2016 07:22:05+0000  Selecting site:12  Active:6  Finished successfully:14
Progress: Wed, 27 Apr 2016 07:22:35+0000  Selecting site:12  Active:6  Finished successfully:14
Progress: Wed, 27 Apr 2016 07:23:05+0000  Selecting site:12  Active:6  Finished successfully:14
Progress: Wed, 27 Apr 2016 07:23:35+0000  Selecting site:12  Active:6  Finished successfully:14
Progress: Wed, 27 Apr 2016 07:24:05+0000  Selecting site:12  Active:6  Finished successfully:14
Progress: Wed, 27 Apr 2016 07:24:35+0000  Selecting site:12  Active:6  Finished successfully:14
Progress: Wed, 27 Apr 2016 07:25:05+0000  Selecting site:12  Active:6  Finished successfully:14
Progress: Wed, 27 Apr 2016 07:25:35+0000  Selecting site:12  Active:6  Finished successfully:14
Progress: Wed, 27 Apr 2016 07:26:05+0000  Selecting site:12  Active:6  Finished successfully:14
Progress: Wed, 27 Apr 2016 07:26:35+0000  Selecting site:12  Active:6  Finished successfully:14
Progress: Wed, 27 Apr 2016 07:27:05+0000  Selecting site:12  Active:6  Finished successfully:14
Progress: Wed, 27 Apr 2016 07:27:35+0000  Selecting site:12  Active:6  Finished successfully:14
Progress: Wed, 27 Apr 2016 07:28:05+0000  Selecting site:12  Active:6  Finished successfully:14
Progress: Wed, 27 Apr 2016 07:28:35+0000  Selecting site:12  Active:6  Finished successfully:14
Progress: Wed, 27 Apr 2016 07:29:05+0000  Selecting site:12  Active:6  Finished successfully:14
Progress: Wed, 27 Apr 2016 07:29:35+0000  Selecting site:12  Active:6  Finished successfully:14
Progress: Wed, 27 Apr 2016 07:30:05+0000  Selecting site:12  Active:6  Finished successfully:14
Progress: Wed, 27 Apr 2016 07:30:35+0000  Selecting site:12  Active:6  Finished successfully:14
Progress: Wed, 27 Apr 2016 07:31:05+0000  Selecting site:12  Active:6  Finished successfully:14
Progress: Wed, 27 Apr 2016 07:31:35+0000  Selecting site:12  Active:6  Finished successfully:14
Progress: Wed, 27 Apr 2016 07:32:05+0000  Selecting site:12  Active:6  Finished successfully:14
Progress: Wed, 27 Apr 2016 07:32:35+0000  Selecting site:12  Active:6  Finished successfully:14
Progress: Wed, 27 Apr 2016 07:33:05+0000  Selecting site:12  Active:6  Finished successfully:14
Progress: Wed, 27 Apr 2016 07:33:35+0000  Selecting site:12  Active:6  Finished successfully:14
Progress: Wed, 27 Apr 2016 07:34:05+0000  Selecting site:12  Active:6  Finished successfully:14
Progress: Wed, 27 Apr 2016 07:34:35+0000  Selecting site:12  Active:6  Finished successfully:14
Progress: Wed, 27 Apr 2016 07:35:05+0000  Selecting site:12  Active:6  Finished successfully:14
Progress: Wed, 27 Apr 2016 07:35:35+0000  Selecting site:12  Active:6  Finished successfully:14
Progress: Wed, 27 Apr 2016 07:36:05+0000  Selecting site:12  Active:6  Finished successfully:14
Progress: Wed, 27 Apr 2016 07:36:35+0000  Selecting site:12  Active:6  Finished successfully:14
Progress: Wed, 27 Apr 2016 07:37:05+0000  Selecting site:12  Active:6  Finished successfully:14
Progress: Wed, 27 Apr 2016 07:37:35+0000  Selecting site:12  Active:6  Finished successfully:14
Progress: Wed, 27 Apr 2016 07:38:05+0000  Selecting site:12  Active:6  Finished successfully:14
Progress: Wed, 27 Apr 2016 07:38:35+0000  Selecting site:12  Active:6  Finished successfully:14
Progress: Wed, 27 Apr 2016 07:39:05+0000  Selecting site:12  Active:6  Finished successfully:14
Progress: Wed, 27 Apr 2016 07:39:35+0000  Selecting site:12  Active:6  Finished successfully:14
Progress: Wed, 27 Apr 2016 07:40:05+0000  Selecting site:12  Active:6  Finished successfully:14
Progress: Wed, 27 Apr 2016 07:40:35+0000  Selecting site:12  Active:6  Finished successfully:14
Progress: Wed, 27 Apr 2016 07:41:05+0000  Selecting site:12  Active:6  Finished successfully:14
Progress: Wed, 27 Apr 2016 07:41:35+0000  Selecting site:12  Active:6  Finished successfully:14
Progress: Wed, 27 Apr 2016 07:42:05+0000  Selecting site:12  Active:6  Finished successfully:14
Progress: Wed, 27 Apr 2016 07:42:35+0000  Selecting site:12  Active:6  Finished successfully:14
Progress: Wed, 27 Apr 2016 07:43:05+0000  Selecting site:12  Active:6  Finished successfully:14
Progress: Wed, 27 Apr 2016 07:43:35+0000  Selecting site:12  Active:6  Finished successfully:14
Progress: Wed, 27 Apr 2016 07:44:05+0000  Selecting site:12  Active:6  Finished successfully:14
Progress: Wed, 27 Apr 2016 07:44:35+0000  Selecting site:12  Active:6  Finished successfully:14
Progress: Wed, 27 Apr 2016 07:45:05+0000  Selecting site:12  Active:6  Finished successfully:14
Progress: Wed, 27 Apr 2016 07:45:35+0000  Selecting site:12  Active:6  Finished successfully:14
Progress: Wed, 27 Apr 2016 07:46:05+0000  Selecting site:12  Active:6  Finished successfully:14
Progress: Wed, 27 Apr 2016 07:46:33+0000  Selecting site:12  Active:5  Stage out:1  Finished successfully:14
Progress: Wed, 27 Apr 2016 07:46:40+0000  Selecting site:11  Active:6  Finished successfully:15
Progress: Wed, 27 Apr 2016 07:47:04+0000  Selecting site:11  Active:5  Stage out:1  Finished successfully:15
Progress: Wed, 27 Apr 2016 07:47:11+0000  Selecting site:10  Stage in:1  Active:5  Finished successfully:16
Progress: Wed, 27 Apr 2016 07:47:12+0000  Selecting site:10  Active:6  Finished successfully:16
Progress: Wed, 27 Apr 2016 07:47:20+0000  Selecting site:10  Active:5  Stage out:1  Finished successfully:16
Progress: Wed, 27 Apr 2016 07:47:43+0000  Selecting site:9  Active:6  Finished successfully:17
Progress: Wed, 27 Apr 2016 07:48:13+0000  Selecting site:9  Active:6  Finished successfully:17
Progress: Wed, 27 Apr 2016 07:48:43+0000  Selecting site:9  Active:6  Finished successfully:17
Progress: Wed, 27 Apr 2016 07:48:57+0000  Selecting site:9  Active:5  Stage out:1  Finished successfully:17
Progress: Wed, 27 Apr 2016 07:49:16+0000  Selecting site:8  Stage in:1  Active:4  Finished successfully:19
Progress: Wed, 27 Apr 2016 07:49:17+0000  Selecting site:8  Active:5  Finished successfully:19
Progress: Wed, 27 Apr 2016 07:49:29+0000  Selecting site:7  Active:6  Finished successfully:19
Progress: Wed, 27 Apr 2016 07:49:35+0000  Selecting site:7  Active:5  Stage out:1  Finished successfully:19
Progress: Wed, 27 Apr 2016 07:50:04+0000  Selecting site:6  Stage in:1  Active:5  Finished successfully:20
Progress: Wed, 27 Apr 2016 07:50:05+0000  Selecting site:6  Active:6  Finished successfully:20
Progress: Wed, 27 Apr 2016 07:50:35+0000  Selecting site:6  Active:6  Finished successfully:20
Progress: Wed, 27 Apr 2016 07:51:05+0000  Selecting site:6  Active:6  Finished successfully:20
Progress: Wed, 27 Apr 2016 07:51:35+0000  Selecting site:6  Active:6  Finished successfully:20
Progress: Wed, 27 Apr 2016 07:52:05+0000  Selecting site:6  Active:6  Finished successfully:20
Progress: Wed, 27 Apr 2016 07:52:35+0000  Selecting site:6  Active:6  Finished successfully:20
Progress: Wed, 27 Apr 2016 07:53:05+0000  Selecting site:6  Active:6  Finished successfully:20
Progress: Wed, 27 Apr 2016 07:53:35+0000  Selecting site:6  Active:6  Finished successfully:20
Progress: Wed, 27 Apr 2016 07:54:05+0000  Selecting site:6  Active:6  Finished successfully:20
Progress: Wed, 27 Apr 2016 07:54:35+0000  Selecting site:6  Active:6  Finished successfully:20
Progress: Wed, 27 Apr 2016 07:55:05+0000  Selecting site:6  Active:6  Finished successfully:20
Progress: Wed, 27 Apr 2016 07:55:35+0000  Selecting site:6  Active:6  Finished successfully:20
Progress: Wed, 27 Apr 2016 07:56:05+0000  Selecting site:6  Active:6  Finished successfully:20
Progress: Wed, 27 Apr 2016 07:56:35+0000  Selecting site:6  Active:6  Finished successfully:20
Progress: Wed, 27 Apr 2016 07:57:05+0000  Selecting site:6  Active:6  Finished successfully:20
Progress: Wed, 27 Apr 2016 07:57:35+0000  Selecting site:6  Active:6  Finished successfully:20
Progress: Wed, 27 Apr 2016 07:58:05+0000  Selecting site:6  Active:6  Finished successfully:20
Progress: Wed, 27 Apr 2016 07:58:35+0000  Selecting site:6  Active:6  Finished successfully:20
Progress: Wed, 27 Apr 2016 07:59:05+0000  Selecting site:6  Active:6  Finished successfully:20
Progress: Wed, 27 Apr 2016 07:59:35+0000  Selecting site:6  Active:6  Finished successfully:20
Progress: Wed, 27 Apr 2016 08:00:05+0000  Selecting site:6  Active:6  Finished successfully:20
Progress: Wed, 27 Apr 2016 08:00:35+0000  Selecting site:6  Active:6  Finished successfully:20
Progress: Wed, 27 Apr 2016 08:01:05+0000  Selecting site:6  Active:6  Finished successfully:20
Progress: Wed, 27 Apr 2016 08:01:35+0000  Selecting site:6  Active:6  Finished successfully:20
Progress: Wed, 27 Apr 2016 08:02:05+0000  Selecting site:6  Active:6  Finished successfully:20
Progress: Wed, 27 Apr 2016 08:02:35+0000  Selecting site:6  Active:6  Finished successfully:20
Progress: Wed, 27 Apr 2016 08:03:05+0000  Selecting site:6  Active:6  Finished successfully:20
Progress: Wed, 27 Apr 2016 08:03:35+0000  Selecting site:6  Active:6  Finished successfully:20
Progress: Wed, 27 Apr 2016 08:04:05+0000  Selecting site:6  Active:6  Finished successfully:20
Progress: Wed, 27 Apr 2016 08:04:35+0000  Selecting site:6  Active:6  Finished successfully:20
Progress: Wed, 27 Apr 2016 08:05:05+0000  Selecting site:6  Active:6  Finished successfully:20
Progress: Wed, 27 Apr 2016 08:05:35+0000  Selecting site:6  Active:6  Finished successfully:20
Progress: Wed, 27 Apr 2016 08:06:05+0000  Selecting site:6  Active:6  Finished successfully:20
Progress: Wed, 27 Apr 2016 08:06:35+0000  Selecting site:6  Active:6  Finished successfully:20
Progress: Wed, 27 Apr 2016 08:07:05+0000  Selecting site:6  Active:6  Finished successfully:20
Progress: Wed, 27 Apr 2016 08:07:35+0000  Selecting site:6  Active:6  Finished successfully:20
Progress: Wed, 27 Apr 2016 08:08:05+0000  Selecting site:6  Active:6  Finished successfully:20
Progress: Wed, 27 Apr 2016 08:08:35+0000  Selecting site:6  Active:6  Finished successfully:20
Progress: Wed, 27 Apr 2016 08:09:05+0000  Selecting site:6  Active:6  Finished successfully:20
Progress: Wed, 27 Apr 2016 08:09:35+0000  Selecting site:6  Active:6  Finished successfully:20
Progress: Wed, 27 Apr 2016 08:10:05+0000  Selecting site:6  Active:6  Finished successfully:20
Progress: Wed, 27 Apr 2016 08:10:35+0000  Selecting site:6  Active:6  Finished successfully:20
Progress: Wed, 27 Apr 2016 08:11:05+0000  Selecting site:6  Active:6  Finished successfully:20
Progress: Wed, 27 Apr 2016 08:11:35+0000  Selecting site:6  Active:6  Finished successfully:20
Progress: Wed, 27 Apr 2016 08:12:05+0000  Selecting site:6  Active:6  Finished successfully:20
Progress: Wed, 27 Apr 2016 08:12:35+0000  Selecting site:6  Active:6  Finished successfully:20
Progress: Wed, 27 Apr 2016 08:13:05+0000  Selecting site:6  Active:6  Finished successfully:20
Progress: Wed, 27 Apr 2016 08:13:35+0000  Selecting site:6  Active:6  Finished successfully:20
Progress: Wed, 27 Apr 2016 08:14:05+0000  Selecting site:6  Active:6  Finished successfully:20
Progress: Wed, 27 Apr 2016 08:14:35+0000  Selecting site:6  Active:6  Finished successfully:20
Progress: Wed, 27 Apr 2016 08:15:05+0000  Selecting site:6  Active:6  Finished successfully:20
Progress: Wed, 27 Apr 2016 08:15:35+0000  Selecting site:6  Active:6  Finished successfully:20
Progress: Wed, 27 Apr 2016 08:16:05+0000  Selecting site:6  Active:6  Finished successfully:20
Progress: Wed, 27 Apr 2016 08:16:35+0000  Selecting site:6  Active:6  Finished successfully:20
Progress: Wed, 27 Apr 2016 08:16:40+0000  Selecting site:6  Active:5  Stage out:1  Finished successfully:20
Progress: Wed, 27 Apr 2016 08:16:47+0000  Selecting site:5  Active:6  Finished successfully:21
Progress: Wed, 27 Apr 2016 08:17:11+0000  Selecting site:5  Active:5  Stage out:1  Finished successfully:21
Progress: Wed, 27 Apr 2016 08:17:18+0000  Selecting site:5  Active:5  Finished successfully:22
Progress: Wed, 27 Apr 2016 08:17:19+0000  Selecting site:4  Active:6  Finished successfully:22
Progress: Wed, 27 Apr 2016 08:17:43+0000  Selecting site:4  Active:5  Stage out:1  Finished successfully:22
Progress: Wed, 27 Apr 2016 08:17:50+0000  Selecting site:3  Submitting:1  Active:5  Finished successfully:23
Progress: Wed, 27 Apr 2016 08:17:51+0000  Selecting site:3  Active:6  Finished successfully:23
Progress: Wed, 27 Apr 2016 08:18:21+0000  Selecting site:3  Active:6  Finished successfully:23
Progress: Wed, 27 Apr 2016 08:18:51+0000  Selecting site:3  Active:6  Finished successfully:23
Progress: Wed, 27 Apr 2016 08:19:16+0000  Selecting site:3  Active:5  Stage out:1  Finished successfully:23
Progress: Wed, 27 Apr 2016 08:19:17+0000  Selecting site:2  Submitting:1  Active:5  Finished successfully:24
Progress: Wed, 27 Apr 2016 08:19:18+0000  Selecting site:2  Stage in:1  Active:5  Finished successfully:24
Progress: Wed, 27 Apr 2016 08:19:19+0000  Selecting site:2  Active:6  Finished successfully:24
Progress: Wed, 27 Apr 2016 08:19:29+0000  Selecting site:2  Active:5  Stage out:1  Finished successfully:24
Progress: Wed, 27 Apr 2016 08:19:58+0000  Selecting site:1  Stage in:1  Active:5  Finished successfully:25
Progress: Wed, 27 Apr 2016 08:19:59+0000  Selecting site:1  Active:6  Finished successfully:25
Progress: Wed, 27 Apr 2016 08:20:05+0000  Selecting site:1  Active:5  Stage out:1  Finished successfully:25
Progress: Wed, 27 Apr 2016 08:20:34+0000  Active:6  Finished successfully:26
Progress: Wed, 27 Apr 2016 08:21:04+0000  Active:6  Finished successfully:26
Progress: Wed, 27 Apr 2016 08:21:34+0000  Active:6  Finished successfully:26
Progress: Wed, 27 Apr 2016 08:22:04+0000  Active:6  Finished successfully:26
Progress: Wed, 27 Apr 2016 08:22:34+0000  Active:6  Finished successfully:26
Progress: Wed, 27 Apr 2016 08:23:04+0000  Active:6  Finished successfully:26
Progress: Wed, 27 Apr 2016 08:23:34+0000  Active:6  Finished successfully:26
Progress: Wed, 27 Apr 2016 08:24:04+0000  Active:6  Finished successfully:26
Progress: Wed, 27 Apr 2016 08:24:34+0000  Active:6  Finished successfully:26
Progress: Wed, 27 Apr 2016 08:25:04+0000  Active:6  Finished successfully:26
Progress: Wed, 27 Apr 2016 08:25:34+0000  Active:6  Finished successfully:26
Progress: Wed, 27 Apr 2016 08:26:04+0000  Active:6  Finished successfully:26
Progress: Wed, 27 Apr 2016 08:26:34+0000  Active:6  Finished successfully:26
Progress: Wed, 27 Apr 2016 08:27:04+0000  Active:6  Finished successfully:26
Progress: Wed, 27 Apr 2016 08:27:34+0000  Active:6  Finished successfully:26
Progress: Wed, 27 Apr 2016 08:28:04+0000  Active:6  Finished successfully:26
Progress: Wed, 27 Apr 2016 08:28:34+0000  Active:6  Finished successfully:26
Progress: Wed, 27 Apr 2016 08:29:04+0000  Active:6  Finished successfully:26
Progress: Wed, 27 Apr 2016 08:29:34+0000  Active:6  Finished successfully:26
Progress: Wed, 27 Apr 2016 08:30:04+0000  Active:6  Finished successfully:26
Progress: Wed, 27 Apr 2016 08:30:34+0000  Active:6  Finished successfully:26
Progress: Wed, 27 Apr 2016 08:31:04+0000  Active:6  Finished successfully:26
Progress: Wed, 27 Apr 2016 08:31:34+0000  Active:6  Finished successfully:26
Progress: Wed, 27 Apr 2016 08:32:04+0000  Active:6  Finished successfully:26
Progress: Wed, 27 Apr 2016 08:32:34+0000  Active:6  Finished successfully:26
Progress: Wed, 27 Apr 2016 08:33:04+0000  Active:6  Finished successfully:26
Progress: Wed, 27 Apr 2016 08:33:34+0000  Active:6  Finished successfully:26
Progress: Wed, 27 Apr 2016 08:34:04+0000  Active:6  Finished successfully:26
Progress: Wed, 27 Apr 2016 08:34:34+0000  Active:6  Finished successfully:26
Progress: Wed, 27 Apr 2016 08:35:04+0000  Active:6  Finished successfully:26
Progress: Wed, 27 Apr 2016 08:35:34+0000  Active:6  Finished successfully:26
Progress: Wed, 27 Apr 2016 08:36:04+0000  Active:6  Finished successfully:26
Progress: Wed, 27 Apr 2016 08:36:34+0000  Active:6  Finished successfully:26
Progress: Wed, 27 Apr 2016 08:37:04+0000  Active:6  Finished successfully:26
Progress: Wed, 27 Apr 2016 08:37:34+0000  Active:6  Finished successfully:26
Progress: Wed, 27 Apr 2016 08:38:04+0000  Active:6  Finished successfully:26
Progress: Wed, 27 Apr 2016 08:38:34+0000  Active:6  Finished successfully:26
Progress: Wed, 27 Apr 2016 08:39:04+0000  Active:6  Finished successfully:26
Progress: Wed, 27 Apr 2016 08:39:34+0000  Active:6  Finished successfully:26
Progress: Wed, 27 Apr 2016 08:40:04+0000  Active:6  Finished successfully:26
Progress: Wed, 27 Apr 2016 08:40:34+0000  Active:6  Finished successfully:26
Progress: Wed, 27 Apr 2016 08:41:04+0000  Active:6  Finished successfully:26
Progress: Wed, 27 Apr 2016 08:41:34+0000  Active:6  Finished successfully:26
Progress: Wed, 27 Apr 2016 08:42:04+0000  Active:6  Finished successfully:26
Progress: Wed, 27 Apr 2016 08:42:34+0000  Active:6  Finished successfully:26
Progress: Wed, 27 Apr 2016 08:43:04+0000  Active:6  Finished successfully:26
Progress: Wed, 27 Apr 2016 08:43:34+0000  Active:6  Finished successfully:26
Progress: Wed, 27 Apr 2016 08:44:04+0000  Active:6  Finished successfully:26
Progress: Wed, 27 Apr 2016 08:44:34+0000  Active:6  Finished successfully:26
Progress: Wed, 27 Apr 2016 08:45:04+0000  Active:6  Finished successfully:26
Progress: Wed, 27 Apr 2016 08:45:34+0000  Active:6  Finished successfully:26
Progress: Wed, 27 Apr 2016 08:46:04+0000  Active:6  Finished successfully:26
Progress: Wed, 27 Apr 2016 08:46:34+0000  Active:6  Finished successfully:26
Progress: Wed, 27 Apr 2016 08:46:47+0000  Active:5  Stage out:1  Finished successfully:26
Progress: Wed, 27 Apr 2016 08:46:54+0000  Active:5  Finished successfully:27
Progress: Wed, 27 Apr 2016 08:47:19+0000  Active:4  Finished successfully:28
Progress: Wed, 27 Apr 2016 08:47:49+0000  Active:4  Finished successfully:28
Progress: Wed, 27 Apr 2016 08:47:51+0000  Active:3  Stage out:1  Finished successfully:28
Progress: Wed, 27 Apr 2016 08:47:57+0000  Active:3  Finished successfully:29
Progress: Wed, 27 Apr 2016 08:48:27+0000  Active:3  Finished successfully:29
Progress: Wed, 27 Apr 2016 08:48:57+0000  Active:3  Finished successfully:29
Progress: Wed, 27 Apr 2016 08:49:18+0000  Active:2  Stage out:1  Finished successfully:29
Progress: Wed, 27 Apr 2016 08:49:48+0000  Active:2  Stage out:1  Finished successfully:29
Progress: Wed, 27 Apr 2016 08:49:51+0000  Active:2  Finished successfully:30
Progress: Wed, 27 Apr 2016 08:49:59+0000  Active:1  Stage out:1  Finished successfully:30
Progress: Wed, 27 Apr 2016 08:50:27+0000  Active:1  Finished successfully:31
Final status: Wed, 27 Apr 2016 08:50:34+0000  Finished successfully:32
Error shutting down service: Channel error
