Swift 0.96.2 git-rev: d8aab251bd9c620e5e52dc004b151de919751584 heads/cleanup_am 6327 (modified locally)
RunID: run001
Progress: Sat, 28 May 2016 09:54:33+0200
trace stage 2: 3 : input_shared_1_3.txt : input_shared_1_4.txt : _concurrent/output_1_1-36-R/[3] -> output_2_1_3.txt : output_2_2_3.txt : output_2_3_3.txt : output_2_4_3.txt
trace stage 1: 1 : input_shared_1_1.txt : input_shared_1_2.txt : input_shared_1_3.txt : input_shared_1_4.txt : input_shared_1_5.txt -> output_1_1_1.txt : output_1_2_1.txt : output_1_3_1.txt
trace stage 2: 4 : input_shared_1_3.txt : input_shared_1_4.txt : _concurrent/output_1_1-36-R/[4] -> output_2_1_4.txt : output_2_2_4.txt : output_2_3_4.txt : output_2_4_4.txt
trace stage 1: 4 : input_shared_1_1.txt : input_shared_1_2.txt : input_shared_1_3.txt : input_shared_1_4.txt : input_shared_1_5.txt -> output_1_1_4.txt : output_1_2_4.txt : output_1_3_4.txt
trace stage 1: 5 : input_shared_1_1.txt : input_shared_1_2.txt : input_shared_1_3.txt : input_shared_1_4.txt : input_shared_1_5.txt -> output_1_1_5.txt : output_1_2_5.txt : output_1_3_5.txt
trace stage 2: 5 : input_shared_1_3.txt : input_shared_1_4.txt : _concurrent/output_1_1-36-R/[5] -> output_2_1_5.txt : output_2_2_5.txt : output_2_3_5.txt : output_2_4_5.txt
trace stage 2: 6 : input_shared_1_3.txt : input_shared_1_4.txt : _concurrent/output_1_1-36-R/[6] -> output_2_1_6.txt : output_2_2_6.txt : output_2_3_6.txt : output_2_4_6.txt
trace stage 2: 7 : input_shared_1_3.txt : input_shared_1_4.txt : _concurrent/output_1_1-36-R/[7] -> output_2_1_7.txt : output_2_2_7.txt : output_2_3_7.txt : output_2_4_7.txt
trace stage 1: 6 : input_shared_1_1.txt : input_shared_1_2.txt : input_shared_1_3.txt : input_shared_1_4.txt : input_shared_1_5.txt -> output_1_1_6.txt : output_1_2_6.txt : output_1_3_6.txt
trace stage 1: 7 : input_shared_1_1.txt : input_shared_1_2.txt : input_shared_1_3.txt : input_shared_1_4.txt : input_shared_1_5.txt -> output_1_1_7.txt : output_1_2_7.txt : output_1_3_7.txt
trace stage 1: 8 : input_shared_1_1.txt : input_shared_1_2.txt : input_shared_1_3.txt : input_shared_1_4.txt : input_shared_1_5.txt -> output_1_1_8.txt : output_1_2_8.txt : output_1_3_8.txt
trace stage 2: 1 : input_shared_1_3.txt : input_shared_1_4.txt : _concurrent/output_1_1-36-R/[1] -> output_2_1_1.txt : output_2_2_1.txt : output_2_3_1.txt : output_2_4_1.txt
trace stage 2: 8 : input_shared_1_3.txt : input_shared_1_4.txt : _concurrent/output_1_1-36-R/[8] -> output_2_1_8.txt : output_2_2_8.txt : output_2_3_8.txt : output_2_4_8.txt
trace stage 2: 2 : input_shared_1_3.txt : input_shared_1_4.txt : _concurrent/output_1_1-36-R/[2] -> output_2_1_2.txt : output_2_2_2.txt : output_2_3_2.txt : output_2_4_2.txt
trace stage 1: 2 : input_shared_1_1.txt : input_shared_1_2.txt : input_shared_1_3.txt : input_shared_1_4.txt : input_shared_1_5.txt -> output_1_1_2.txt : output_1_2_2.txt : output_1_3_2.txt
trace stage 1: 3 : input_shared_1_1.txt : input_shared_1_2.txt : input_shared_1_3.txt : input_shared_1_4.txt : input_shared_1_5.txt -> output_1_1_3.txt : output_1_2_3.txt : output_1_3_3.txt
Progress: Sat, 28 May 2016 09:54:34+0200  Submitting:3  Submitted:5
Progress: Sat, 28 May 2016 09:54:35+0200  Submitting:1  Submitted:7
Progress: Sat, 28 May 2016 09:54:36+0200  Submitted:8
Poll command: [/home/merzky/aimes/swift-k/dist/swift-svn/libexec/aimes-emanager-provider/aimes-swift-status.py, task.000003, task.000000, task.000001, task.000002]
Status parse: task.000000 Q
Status parse: task.000001 Q
Status parse: task.000002 Q
Status parse: task.000003 Q
Status parse: null
Stderr from poll command: 
Poll command: [/home/merzky/aimes/swift-k/dist/swift-svn/libexec/aimes-emanager-provider/aimes-swift-status.py, task.000007, task.000003, task.000004, task.000005, task.000006, task.000000, task.000001, task.000002]
Status parse: task.000000 Q
Status parse: task.000001 Q
Status parse: task.000002 Q
Status parse: task.000003 Q
Status parse: task.000004 Q
Status parse: task.000005 Q
Status parse: task.000006 Q
Status parse: task.000007 Q
Status parse: null
Stderr from poll command: 
Poll command: [/home/merzky/aimes/swift-k/dist/swift-svn/libexec/aimes-emanager-provider/aimes-swift-status.py, task.000007, task.000003, task.000004, task.000005, task.000006, task.000000, task.000001, task.000002]
Status parse: task.000000 Q
Status parse: task.000001 Q
Status parse: task.000002 Q
Status parse: task.000003 Q
Status parse: task.000004 Q
Status parse: task.000005 Q
Status parse: task.000006 Q
Status parse: task.000007 Q
Status parse: null
Stderr from poll command: 
Poll command: [/home/merzky/aimes/swift-k/dist/swift-svn/libexec/aimes-emanager-provider/aimes-swift-status.py, task.000007, task.000003, task.000004, task.000005, task.000006, task.000000, task.000001, task.000002]
Status parse: task.000000 Q
Status parse: task.000001 Q
Status parse: task.000002 Q
Status parse: task.000003 Q
Status parse: task.000004 Q
Status parse: task.000005 Q
Status parse: task.000006 Q
Status parse: task.000007 Q
Status parse: null
Stderr from poll command: 
Poll command: [/home/merzky/aimes/swift-k/dist/swift-svn/libexec/aimes-emanager-provider/aimes-swift-status.py, task.000007, task.000003, task.000004, task.000005, task.000006, task.000000, task.000001, task.000002]
Status parse: task.000000 Q
Status parse: task.000001 Q
Status parse: task.000002 Q
Status parse: task.000003 Q
Status parse: task.000004 Q
Status parse: task.000005 Q
Status parse: task.000006 Q
Status parse: task.000007 Q
Status parse: null
Stderr from poll command: 
Poll command: [/home/merzky/aimes/swift-k/dist/swift-svn/libexec/aimes-emanager-provider/aimes-swift-status.py, task.000007, task.000003, task.000004, task.000005, task.000006, task.000000, task.000001, task.000002]
Status parse: task.000000 Q
Status parse: task.000001 Q
Status parse: task.000002 Q
Status parse: task.000003 Q
Status parse: task.000004 Q
Status parse: task.000005 Q
Status parse: task.000006 Q
Status parse: task.000007 Q
Status parse: null
Stderr from poll command: 
Progress: Sat, 28 May 2016 09:55:06+0200  Submitted:8
Poll command: [/home/merzky/aimes/swift-k/dist/swift-svn/libexec/aimes-emanager-provider/aimes-swift-status.py, task.000007, task.000003, task.000004, task.000005, task.000006, task.000000, task.000001, task.000002]
Status parse: task.000000 Q
Status parse: task.000001 Q
Status parse: task.000002 Q
Status parse: task.000003 Q
Status parse: task.000004 Q
Status parse: task.000005 Q
Status parse: task.000006 Q
Status parse: task.000007 Q
Status parse: null
Stderr from poll command: 
Poll command: [/home/merzky/aimes/swift-k/dist/swift-svn/libexec/aimes-emanager-provider/aimes-swift-status.py, task.000007, task.000003, task.000004, task.000005, task.000006, task.000000, task.000001, task.000002]
Status parse: task.000000 R
Status parse: task.000001 R
Status parse: task.000002 R
Status parse: task.000003 R
Status parse: task.000004 R
Status parse: task.000005 R
Status parse: task.000006 R
Status parse: task.000007 R
Status parse: null
Stderr from poll command: 
Progress: Sat, 28 May 2016 09:55:15+0200  Active:8
Poll command: [/home/merzky/aimes/swift-k/dist/swift-svn/libexec/aimes-emanager-provider/aimes-swift-status.py, task.000007, task.000003, task.000004, task.000005, task.000006, task.000000, task.000001, task.000002]
Status parse: task.000000 R
Status parse: task.000001 R
Status parse: task.000002 R
Status parse: task.000003 R
Status parse: task.000004 R
Status parse: task.000005 R
Status parse: task.000006 R
Status parse: task.000007 R
Status parse: null
Stderr from poll command: 
Poll command: [/home/merzky/aimes/swift-k/dist/swift-svn/libexec/aimes-emanager-provider/aimes-swift-status.py, task.000007, task.000003, task.000004, task.000005, task.000006, task.000000, task.000001, task.000002]
Status parse: task.000000 R
Status parse: task.000001 R
Status parse: task.000002 R
Status parse: task.000003 R
Status parse: task.000004 R
Status parse: task.000005 R
Status parse: task.000006 R
Status parse: task.000007 R
Status parse: null
Stderr from poll command: 
Poll command: [/home/merzky/aimes/swift-k/dist/swift-svn/libexec/aimes-emanager-provider/aimes-swift-status.py, task.000007, task.000003, task.000004, task.000005, task.000006, task.000000, task.000001, task.000002]
Status parse: task.000000 R
Status parse: task.000001 R
Status parse: task.000002 R
Status parse: task.000003 R
Status parse: task.000004 R
Status parse: task.000005 R
Status parse: task.000006 R
Status parse: task.000007 R
Status parse: null
Stderr from poll command: 
Poll command: [/home/merzky/aimes/swift-k/dist/swift-svn/libexec/aimes-emanager-provider/aimes-swift-status.py, task.000007, task.000003, task.000004, task.000005, task.000006, task.000000, task.000001, task.000002]
Status parse: task.000000 C
Status parse: task.000001 C
Status parse: task.000002 C
Status parse: task.000003 C
Status parse: task.000004 C
Status parse: task.000005 C
Status parse: task.000006 C
Status parse: task.000007 C
Status parse: null
Stderr from poll command: 
Progress: Sat, 28 May 2016 09:55:35+0200  Submitting:5  Submitted:3  Finished successfully:8
Progress: Sat, 28 May 2016 09:55:36+0200  Submitting:1  Submitted:7  Finished successfully:8
Progress: Sat, 28 May 2016 09:55:37+0200  Submitted:8  Finished successfully:8
Poll command: [/home/merzky/aimes/swift-k/dist/swift-svn/libexec/aimes-emanager-provider/aimes-swift-status.py, task.000007, task.000003, task.000004, task.000005, task.000006, task.000000, task.000001, task.000002]
Status parse: task.000000 C
Status parse: task.000001 C
Status parse: task.000002 C
Status parse: task.000003 C
Status parse: task.000004 C
Status parse: task.000005 C
Status parse: task.000006 C
Status parse: task.000007 C
Status parse: null
Stderr from poll command: 
Poll command: [/home/merzky/aimes/swift-k/dist/swift-svn/libexec/aimes-emanager-provider/aimes-swift-status.py, task.000008, task.000007, task.000009, task.000003, task.000004, task.000014, task.000005, task.000015, task.000006, task.000012, task.000013, task.000000, task.000001, task.000010, task.000002, task.000011]
Status parse: task.000000 C
Status parse: task.000001 C
Status parse: task.000002 C
Status parse: task.000003 C
Status parse: task.000004 C
Status parse: task.000005 C
Status parse: task.000006 C
Status parse: task.000007 C
Status parse: task.000008 Q
Status parse: task.000009 Q
Status parse: task.000010 Q
Status parse: task.000011 Q
Status parse: task.000012 Q
Status parse: task.000013 Q
Status parse: task.000014 Q
Status parse: task.000015 Q
Status parse: null
Stderr from poll command: 
Poll command: [/home/merzky/aimes/swift-k/dist/swift-svn/libexec/aimes-emanager-provider/aimes-swift-status.py, task.000008, task.000007, task.000009, task.000003, task.000004, task.000014, task.000005, task.000015, task.000006, task.000012, task.000013, task.000000, task.000001, task.000010, task.000002, task.000011]
Status parse: task.000000 C
Status parse: task.000001 C
Status parse: task.000002 C
Status parse: task.000003 C
Status parse: task.000004 C
Status parse: task.000005 C
Status parse: task.000006 C
Status parse: task.000007 C
Status parse: task.000008 Q
Status parse: task.000009 Q
Status parse: task.000010 Q
Status parse: task.000011 Q
Status parse: task.000012 Q
Status parse: task.000013 Q
Status parse: task.000014 Q
Status parse: task.000015 Q
Status parse: null
Stderr from poll command: 
Poll command: [/home/merzky/aimes/swift-k/dist/swift-svn/libexec/aimes-emanager-provider/aimes-swift-status.py, task.000008, task.000007, task.000009, task.000003, task.000004, task.000014, task.000005, task.000015, task.000006, task.000012, task.000013, task.000000, task.000001, task.000010, task.000002, task.000011]
Status parse: task.000000 C
Status parse: task.000001 C
Status parse: task.000002 C
Status parse: task.000003 C
Status parse: task.000004 C
Status parse: task.000005 C
Status parse: task.000006 C
Status parse: task.000007 C
Status parse: task.000008 Q
Status parse: task.000009 Q
Status parse: task.000010 Q
Status parse: task.000011 Q
Status parse: task.000012 Q
Status parse: task.000013 Q
Status parse: task.000014 Q
Status parse: task.000015 Q
Status parse: null
Stderr from poll command: 
Poll command: [/home/merzky/aimes/swift-k/dist/swift-svn/libexec/aimes-emanager-provider/aimes-swift-status.py, task.000008, task.000007, task.000009, task.000003, task.000004, task.000014, task.000005, task.000015, task.000006, task.000012, task.000013, task.000000, task.000001, task.000010, task.000002, task.000011]
Status parse: task.000000 C
Status parse: task.000001 C
Status parse: task.000002 C
Status parse: task.000003 C
Status parse: task.000004 C
Status parse: task.000005 C
Status parse: task.000006 C
Status parse: task.000007 C
Status parse: task.000008 Q
Status parse: task.000009 Q
Status parse: task.000010 Q
Status parse: task.000011 Q
Status parse: task.000012 Q
Status parse: task.000013 Q
Status parse: task.000014 Q
Status parse: task.000015 Q
Status parse: null
Stderr from poll command: 
Poll command: [/home/merzky/aimes/swift-k/dist/swift-svn/libexec/aimes-emanager-provider/aimes-swift-status.py, task.000008, task.000007, task.000009, task.000003, task.000004, task.000014, task.000005, task.000015, task.000006, task.000012, task.000013, task.000000, task.000001, task.000010, task.000002, task.000011]
Status parse: task.000000 C
Status parse: task.000001 C
Status parse: task.000002 C
Status parse: task.000003 C
Status parse: task.000004 C
Status parse: task.000005 C
Status parse: task.000006 C
Status parse: task.000007 C
Status parse: task.000008 Q
Status parse: task.000009 Q
Status parse: task.000010 Q
Status parse: task.000011 Q
Status parse: task.000012 Q
Status parse: task.000013 Q
Status parse: task.000014 Q
Status parse: task.000015 Q
Status parse: null
Stderr from poll command: 
Progress: Sat, 28 May 2016 09:56:07+0200  Submitted:8  Finished successfully:8
Poll command: [/home/merzky/aimes/swift-k/dist/swift-svn/libexec/aimes-emanager-provider/aimes-swift-status.py, task.000008, task.000007, task.000009, task.000003, task.000004, task.000014, task.000005, task.000015, task.000006, task.000012, task.000013, task.000000, task.000001, task.000010, task.000002, task.000011]
Status parse: task.000000 C
Status parse: task.000001 C
Status parse: task.000002 C
Status parse: task.000003 C
Status parse: task.000004 C
Status parse: task.000005 C
Status parse: task.000006 C
Status parse: task.000007 C
Status parse: task.000008 R
Status parse: task.000009 R
Status parse: task.000010 R
Status parse: task.000011 R
Status parse: task.000012 R
Status parse: task.000013 R
Status parse: task.000014 R
Status parse: task.000015 R
Status parse: null
Stderr from poll command: 
Progress: Sat, 28 May 2016 09:56:11+0200  Active:8  Finished successfully:8
Poll command: [/home/merzky/aimes/swift-k/dist/swift-svn/libexec/aimes-emanager-provider/aimes-swift-status.py, task.000008, task.000007, task.000009, task.000003, task.000004, task.000014, task.000005, task.000015, task.000006, task.000012, task.000013, task.000000, task.000001, task.000010, task.000002, task.000011]
Status parse: task.000000 C
Status parse: task.000001 C
Status parse: task.000002 C
Status parse: task.000003 C
Status parse: task.000004 C
Status parse: task.000005 C
Status parse: task.000006 C
Status parse: task.000007 C
Status parse: task.000008 R
Status parse: task.000009 R
Status parse: task.000010 R
Status parse: task.000011 R
Status parse: task.000012 R
Status parse: task.000013 C
Status parse: task.000014 R
Status parse: task.000015 R
Status parse: null
Stderr from poll command: 
Progress: Sat, 28 May 2016 09:56:16+0200  Active:7  Finished successfully:9
Poll command: [/home/merzky/aimes/swift-k/dist/swift-svn/libexec/aimes-emanager-provider/aimes-swift-status.py, task.000008, task.000007, task.000009, task.000003, task.000004, task.000014, task.000005, task.000015, task.000006, task.000012, task.000013, task.000000, task.000001, task.000010, task.000002, task.000011]
Status parse: task.000000 C
Status parse: task.000001 C
Status parse: task.000002 C
Status parse: task.000003 C
Status parse: task.000004 C
Status parse: task.000005 C
Status parse: task.000006 C
Status parse: task.000007 C
Status parse: task.000008 C
Status parse: task.000009 C
Status parse: task.000010 C
Status parse: task.000011 C
Status parse: task.000012 C
Status parse: task.000013 C
Status parse: task.000014 C
Status parse: task.000015 C
Status parse: null
Stderr from poll command: 
stage 3: 0 : input_shared_1_3.txt : <FILE> <FILE> <FILE> <FILE> <FILE> <FILE> <FILE> <FILE> -> output_3_1_1.txt output_3_1_2.txt output_3_1_3.txt output_3_1_4.txt output_3_1_5.txt output_3_1_6.txt output_3_1_7.txt output_3_1_8.txtProgress: Sat, 28 May 2016 09:56:21+0200  Submitting:1  Finished successfully:16
Progress: Sat, 28 May 2016 09:56:22+0200  Submitted:1  Finished successfully:16
Poll command: [/home/merzky/aimes/swift-k/dist/swift-svn/libexec/aimes-emanager-provider/aimes-swift-status.py, task.000008, task.000007, task.000009, task.000003, task.000004, task.000014, task.000005, task.000015, task.000006, task.000012, task.000013, task.000000, task.000001, task.000010, task.000002, task.000011]
Status parse: task.000000 C
Status parse: task.000001 C
Status parse: task.000002 C
Status parse: task.000003 C
Status parse: task.000004 C
Status parse: task.000005 C
Status parse: task.000006 C
Status parse: task.000007 C
Status parse: task.000008 C
Status parse: task.000009 C
Status parse: task.000010 C
Status parse: task.000011 C
Status parse: task.000012 C
Status parse: task.000013 C
Status parse: task.000014 C
Status parse: task.000015 C
Status parse: null
Stderr from poll command: 
Poll command: [/home/merzky/aimes/swift-k/dist/swift-svn/libexec/aimes-emanager-provider/aimes-swift-status.py, task.000008, task.000007, task.000009, task.000016, task.000003, task.000004, task.000014, task.000005, task.000015, task.000006, task.000012, task.000013, task.000000, task.000001, task.000010, task.000002, task.000011]
Status parse: task.000000 C
Status parse: task.000001 C
Status parse: task.000002 C
Status parse: task.000003 C
Status parse: task.000004 C
Status parse: task.000005 C
Status parse: task.000006 C
Status parse: task.000007 C
Status parse: task.000008 C
Status parse: task.000009 C
Status parse: task.000010 C
Status parse: task.000011 C
Status parse: task.000012 C
Status parse: task.000013 C
Status parse: task.000014 C
Status parse: task.000015 C
Status parse: task.000016 Q
Status parse: null
Stderr from poll command: 
Poll command: [/home/merzky/aimes/swift-k/dist/swift-svn/libexec/aimes-emanager-provider/aimes-swift-status.py, task.000008, task.000007, task.000009, task.000016, task.000003, task.000004, task.000014, task.000005, task.000015, task.000006, task.000012, task.000013, task.000000, task.000001, task.000010, task.000002, task.000011]
Status parse: task.000000 C
Status parse: task.000001 C
Status parse: task.000002 C
Status parse: task.000003 C
Status parse: task.000004 C
Status parse: task.000005 C
Status parse: task.000006 C
Status parse: task.000007 C
Status parse: task.000008 C
Status parse: task.000009 C
Status parse: task.000010 C
Status parse: task.000011 C
Status parse: task.000012 C
Status parse: task.000013 C
Status parse: task.000014 C
Status parse: task.000015 C
Status parse: task.000016 Q
Status parse: null
Stderr from poll command: 
Poll command: [/home/merzky/aimes/swift-k/dist/swift-svn/libexec/aimes-emanager-provider/aimes-swift-status.py, task.000008, task.000007, task.000009, task.000016, task.000003, task.000004, task.000014, task.000005, task.000015, task.000006, task.000012, task.000013, task.000000, task.000001, task.000010, task.000002, task.000011]
Status parse: task.000000 C
Status parse: task.000001 C
Status parse: task.000002 C
Status parse: task.000003 C
Status parse: task.000004 C
Status parse: task.000005 C
Status parse: task.000006 C
Status parse: task.000007 C
Status parse: task.000008 C
Status parse: task.000009 C
Status parse: task.000010 C
Status parse: task.000011 C
Status parse: task.000012 C
Status parse: task.000013 C
Status parse: task.000014 C
Status parse: task.000015 C
Status parse: task.000016 Q
Status parse: null
Stderr from poll command: 
Poll command: [/home/merzky/aimes/swift-k/dist/swift-svn/libexec/aimes-emanager-provider/aimes-swift-status.py, task.000008, task.000007, task.000009, task.000016, task.000003, task.000004, task.000014, task.000005, task.000015, task.000006, task.000012, task.000013, task.000000, task.000001, task.000010, task.000002, task.000011]
Status parse: task.000000 C
Status parse: task.000001 C
Status parse: task.000002 C
Status parse: task.000003 C
Status parse: task.000004 C
Status parse: task.000005 C
Status parse: task.000006 C
Status parse: task.000007 C
Status parse: task.000008 C
Status parse: task.000009 C
Status parse: task.000010 C
Status parse: task.000011 C
Status parse: task.000012 C
Status parse: task.000013 C
Status parse: task.000014 C
Status parse: task.000015 C
Status parse: task.000016 Q
Status parse: null
Stderr from poll command: 
Poll command: [/home/merzky/aimes/swift-k/dist/swift-svn/libexec/aimes-emanager-provider/aimes-swift-status.py, task.000008, task.000007, task.000009, task.000016, task.000003, task.000004, task.000014, task.000005, task.000015, task.000006, task.000012, task.000013, task.000000, task.000001, task.000010, task.000002, task.000011]
Status parse: task.000000 C
Status parse: task.000001 C
Status parse: task.000002 C
Status parse: task.000003 C
Status parse: task.000004 C
Status parse: task.000005 C
Status parse: task.000006 C
Status parse: task.000007 C
Status parse: task.000008 C
Status parse: task.000009 C
Status parse: task.000010 C
Status parse: task.000011 C
Status parse: task.000012 C
Status parse: task.000013 C
Status parse: task.000014 C
Status parse: task.000015 C
Status parse: task.000016 Q
Status parse: null
Stderr from poll command: 
Progress: Sat, 28 May 2016 09:56:52+0200  Submitted:1  Finished successfully:16
Poll command: [/home/merzky/aimes/swift-k/dist/swift-svn/libexec/aimes-emanager-provider/aimes-swift-status.py, task.000008, task.000007, task.000009, task.000016, task.000003, task.000004, task.000014, task.000005, task.000015, task.000006, task.000012, task.000013, task.000000, task.000001, task.000010, task.000002, task.000011]
Status parse: task.000000 C
Status parse: task.000001 C
Status parse: task.000002 C
Status parse: task.000003 C
Status parse: task.000004 C
Status parse: task.000005 C
Status parse: task.000006 C
Status parse: task.000007 C
Status parse: task.000008 C
Status parse: task.000009 C
Status parse: task.000010 C
Status parse: task.000011 C
Status parse: task.000012 C
Status parse: task.000013 C
Status parse: task.000014 C
Status parse: task.000015 C
Status parse: task.000016 R
Status parse: null
Stderr from poll command: 
Progress: Sat, 28 May 2016 09:56:57+0200  Active:1  Finished successfully:16
Poll command: [/home/merzky/aimes/swift-k/dist/swift-svn/libexec/aimes-emanager-provider/aimes-swift-status.py, task.000008, task.000007, task.000009, task.000016, task.000003, task.000004, task.000014, task.000005, task.000015, task.000006, task.000012, task.000013, task.000000, task.000001, task.000010, task.000002, task.000011]
Status parse: task.000000 C
Status parse: task.000001 C
Status parse: task.000002 C
Status parse: task.000003 C
Status parse: task.000004 C
Status parse: task.000005 C
Status parse: task.000006 C
Status parse: task.000007 C
Status parse: task.000008 C
Status parse: task.000009 C
Status parse: task.000010 C
Status parse: task.000011 C
Status parse: task.000012 C
Status parse: task.000013 C
Status parse: task.000014 C
Status parse: task.000015 C
Status parse: task.000016 C
Status parse: null
Stderr from poll command: 
stage 4: input_shared_1_5.txt : output_3_1_1.txt output_3_1_2.txt output_3_1_3.txt output_3_1_4.txt output_3_1_5.txt output_3_1_6.txt output_3_1_7.txt output_3_1_8.txt -> output_4_1.txtProgress: Sat, 28 May 2016 09:57:02+0200  Submitting:1  Finished successfully:17
Progress: Sat, 28 May 2016 09:57:03+0200  Submitted:1  Finished successfully:17
Poll command: [/home/merzky/aimes/swift-k/dist/swift-svn/libexec/aimes-emanager-provider/aimes-swift-status.py, task.000008, task.000007, task.000009, task.000016, task.000003, task.000004, task.000014, task.000005, task.000015, task.000006, task.000012, task.000013, task.000000, task.000001, task.000010, task.000002, task.000011]
Status parse: task.000000 C
Status parse: task.000001 C
Status parse: task.000002 C
Status parse: task.000003 C
Status parse: task.000004 C
Status parse: task.000005 C
Status parse: task.000006 C
Status parse: task.000007 C
Status parse: task.000008 C
Status parse: task.000009 C
Status parse: task.000010 C
Status parse: task.000011 C
Status parse: task.000012 C
Status parse: task.000013 C
Status parse: task.000014 C
Status parse: task.000015 C
Status parse: task.000016 C
Status parse: null
Stderr from poll command: 
Poll command: [/home/merzky/aimes/swift-k/dist/swift-svn/libexec/aimes-emanager-provider/aimes-swift-status.py, task.000008, task.000007, task.000009, task.000016, task.000003, task.000017, task.000004, task.000014, task.000005, task.000015, task.000006, task.000012, task.000013, task.000000, task.000001, task.000010, task.000002, task.000011]
Status parse: task.000000 C
Status parse: task.000001 C
Status parse: task.000002 C
Status parse: task.000003 C
Status parse: task.000004 C
Status parse: task.000005 C
Status parse: task.000006 C
Status parse: task.000007 C
Status parse: task.000008 C
Status parse: task.000009 C
Status parse: task.000010 C
Status parse: task.000011 C
Status parse: task.000012 C
Status parse: task.000013 C
Status parse: task.000014 C
Status parse: task.000015 C
Status parse: task.000016 C
Status parse: task.000017 Q
Status parse: null
Stderr from poll command: 
Poll command: [/home/merzky/aimes/swift-k/dist/swift-svn/libexec/aimes-emanager-provider/aimes-swift-status.py, task.000008, task.000007, task.000009, task.000016, task.000003, task.000017, task.000004, task.000014, task.000005, task.000015, task.000006, task.000012, task.000013, task.000000, task.000001, task.000010, task.000002, task.000011]
Status parse: task.000000 C
Status parse: task.000001 C
Status parse: task.000002 C
Status parse: task.000003 C
Status parse: task.000004 C
Status parse: task.000005 C
Status parse: task.000006 C
Status parse: task.000007 C
Status parse: task.000008 C
Status parse: task.000009 C
Status parse: task.000010 C
Status parse: task.000011 C
Status parse: task.000012 C
Status parse: task.000013 C
Status parse: task.000014 C
Status parse: task.000015 C
Status parse: task.000016 C
Status parse: task.000017 Q
Status parse: null
Stderr from poll command: 
Poll command: [/home/merzky/aimes/swift-k/dist/swift-svn/libexec/aimes-emanager-provider/aimes-swift-status.py, task.000008, task.000007, task.000009, task.000016, task.000003, task.000017, task.000004, task.000014, task.000005, task.000015, task.000006, task.000012, task.000013, task.000000, task.000001, task.000010, task.000002, task.000011]
Status parse: task.000000 C
Status parse: task.000001 C
Status parse: task.000002 C
Status parse: task.000003 C
Status parse: task.000004 C
Status parse: task.000005 C
Status parse: task.000006 C
Status parse: task.000007 C
Status parse: task.000008 C
Status parse: task.000009 C
Status parse: task.000010 C
Status parse: task.000011 C
Status parse: task.000012 C
Status parse: task.000013 C
Status parse: task.000014 C
Status parse: task.000015 C
Status parse: task.000016 C
Status parse: task.000017 Q
Status parse: null
Stderr from poll command: 
Poll command: [/home/merzky/aimes/swift-k/dist/swift-svn/libexec/aimes-emanager-provider/aimes-swift-status.py, task.000008, task.000007, task.000009, task.000016, task.000003, task.000017, task.000004, task.000014, task.000005, task.000015, task.000006, task.000012, task.000013, task.000000, task.000001, task.000010, task.000002, task.000011]
Status parse: task.000000 C
Status parse: task.000001 C
Status parse: task.000002 C
Status parse: task.000003 C
Status parse: task.000004 C
Status parse: task.000005 C
Status parse: task.000006 C
Status parse: task.000007 C
Status parse: task.000008 C
Status parse: task.000009 C
Status parse: task.000010 C
Status parse: task.000011 C
Status parse: task.000012 C
Status parse: task.000013 C
Status parse: task.000014 C
Status parse: task.000015 C
Status parse: task.000016 C
Status parse: task.000017 Q
Status parse: null
Stderr from poll command: 
Poll command: [/home/merzky/aimes/swift-k/dist/swift-svn/libexec/aimes-emanager-provider/aimes-swift-status.py, task.000008, task.000007, task.000009, task.000016, task.000003, task.000017, task.000004, task.000014, task.000005, task.000015, task.000006, task.000012, task.000013, task.000000, task.000001, task.000010, task.000002, task.000011]
Status parse: task.000000 C
Status parse: task.000001 C
Status parse: task.000002 C
Status parse: task.000003 C
Status parse: task.000004 C
Status parse: task.000005 C
Status parse: task.000006 C
Status parse: task.000007 C
Status parse: task.000008 C
Status parse: task.000009 C
Status parse: task.000010 C
Status parse: task.000011 C
Status parse: task.000012 C
Status parse: task.000013 C
Status parse: task.000014 C
Status parse: task.000015 C
Status parse: task.000016 C
Status parse: task.000017 Q
Status parse: null
Stderr from poll command: 
Progress: Sat, 28 May 2016 09:57:33+0200  Submitted:1  Finished successfully:17
Poll command: [/home/merzky/aimes/swift-k/dist/swift-svn/libexec/aimes-emanager-provider/aimes-swift-status.py, task.000008, task.000007, task.000009, task.000016, task.000003, task.000017, task.000004, task.000014, task.000005, task.000015, task.000006, task.000012, task.000013, task.000000, task.000001, task.000010, task.000002, task.000011]
Status parse: task.000000 C
Status parse: task.000001 C
Status parse: task.000002 C
Status parse: task.000003 C
Status parse: task.000004 C
Status parse: task.000005 C
Status parse: task.000006 C
Status parse: task.000007 C
Status parse: task.000008 C
Status parse: task.000009 C
Status parse: task.000010 C
Status parse: task.000011 C
Status parse: task.000012 C
Status parse: task.000013 C
Status parse: task.000014 C
Status parse: task.000015 C
Status parse: task.000016 C
Status parse: task.000017 R
Status parse: null
Stderr from poll command: 
Progress: Sat, 28 May 2016 09:57:38+0200  Active:1  Finished successfully:17
Poll command: [/home/merzky/aimes/swift-k/dist/swift-svn/libexec/aimes-emanager-provider/aimes-swift-status.py, task.000008, task.000007, task.000009, task.000016, task.000003, task.000017, task.000004, task.000014, task.000005, task.000015, task.000006, task.000012, task.000013, task.000000, task.000001, task.000010, task.000002, task.000011]
Status parse: task.000000 C
Status parse: task.000001 C
Status parse: task.000002 C
Status parse: task.000003 C
Status parse: task.000004 C
Status parse: task.000005 C
Status parse: task.000006 C
Status parse: task.000007 C
Status parse: task.000008 C
Status parse: task.000009 C
Status parse: task.000010 C
Status parse: task.000011 C
Status parse: task.000012 C
Status parse: task.000013 C
Status parse: task.000014 C
Status parse: task.000015 C
Status parse: task.000016 C
Status parse: task.000017 C
Status parse: null
Stderr from poll command: 
Final status: Sat, 28 May 2016 09:57:43+0200  Finished successfully:18
