Swift 0.96.2 git-rev: b9611649002eecd640fc6c58bbb88cb35ce03539 heads/release-0.96-swift 6287
RunID: run043
Progress: Mon, 22 Feb 2016 18:14:22+0100
Progress: Mon, 22 Feb 2016 18:14:23+0100  Submitting:32
Progress: Mon, 22 Feb 2016 18:14:50+0100  Submitting:21  Submitted:11
Progress: Mon, 22 Feb 2016 18:15:02+0100  Submitted:32
Progress: Mon, 22 Feb 2016 18:15:32+0100  Submitted:32
Progress: Mon, 22 Feb 2016 18:15:49+0100  Stage in:3  Submitted:16  Active:13
Progress: Mon, 22 Feb 2016 18:15:50+0100  Submitted:16  Active:16
Progress: Mon, 22 Feb 2016 18:16:20+0100  Submitted:16  Active:16
Progress: Mon, 22 Feb 2016 18:16:50+0100  Submitted:16  Active:16
Progress: Mon, 22 Feb 2016 18:16:51+0100  Stage in:1  Submitted:15  Active:16
Progress: Mon, 22 Feb 2016 18:16:52+0100  Submitted:15  Active:17
Progress: Mon, 22 Feb 2016 18:17:22+0100  Submitted:15  Active:17
Progress: Mon, 22 Feb 2016 18:17:52+0100  Submitted:15  Active:17
Progress: Mon, 22 Feb 2016 18:18:22+0100  Submitted:15  Active:17
Progress: Mon, 22 Feb 2016 18:18:52+0100  Submitted:15  Active:17
Progress: Mon, 22 Feb 2016 18:19:22+0100  Submitted:15  Active:17
Progress: Mon, 22 Feb 2016 18:19:52+0100  Submitted:15  Active:17
Progress: Mon, 22 Feb 2016 18:20:22+0100  Submitted:15  Active:17
Progress: Mon, 22 Feb 2016 18:20:52+0100  Submitted:15  Active:17
Progress: Mon, 22 Feb 2016 18:21:22+0100  Submitted:15  Active:17
Progress: Mon, 22 Feb 2016 18:21:52+0100  Submitted:15  Active:17
Progress: Mon, 22 Feb 2016 18:22:22+0100  Submitted:15  Active:17
Progress: Mon, 22 Feb 2016 18:22:52+0100  Submitted:15  Active:17
Progress: Mon, 22 Feb 2016 18:23:22+0100  Submitted:15  Active:17
Progress: Mon, 22 Feb 2016 18:23:52+0100  Submitted:15  Active:17
Progress: Mon, 22 Feb 2016 18:24:22+0100  Submitted:15  Active:17
Progress: Mon, 22 Feb 2016 18:24:52+0100  Submitted:15  Active:17
Progress: Mon, 22 Feb 2016 18:25:22+0100  Submitted:15  Active:17
Progress: Mon, 22 Feb 2016 18:25:52+0100  Submitted:15  Active:17
Progress: Mon, 22 Feb 2016 18:26:22+0100  Submitted:15  Active:17
Progress: Mon, 22 Feb 2016 18:26:52+0100  Submitted:15  Active:17
Progress: Mon, 22 Feb 2016 18:27:22+0100  Submitted:15  Active:17
Progress: Mon, 22 Feb 2016 18:27:52+0100  Submitted:15  Active:17
Progress: Mon, 22 Feb 2016 18:28:22+0100  Submitted:15  Active:17
Progress: Mon, 22 Feb 2016 18:28:52+0100  Submitted:15  Active:17
Progress: Mon, 22 Feb 2016 18:29:22+0100  Submitted:15  Active:17
Progress: Mon, 22 Feb 2016 18:29:52+0100  Submitted:15  Active:17
Progress: Mon, 22 Feb 2016 18:30:22+0100  Submitted:15  Active:17
Progress: Mon, 22 Feb 2016 18:30:49+0100  Submitted:15  Active:1  Stage out:7  Finished successfully:9
Progress: Mon, 22 Feb 2016 18:30:50+0100  Submitted:15  Active:1  Finished successfully:16
Progress: Mon, 22 Feb 2016 18:31:20+0100  Submitted:15  Active:1  Finished successfully:16
Progress: Mon, 22 Feb 2016 18:31:50+0100  Submitted:15  Active:1  Finished successfully:16
Progress: Mon, 22 Feb 2016 18:31:51+0100  Submitted:15  Stage out:1  Finished successfully:16
Progress: Mon, 22 Feb 2016 18:32:16+0100  Submitted:15  Finished successfully:17
Progress: Mon, 22 Feb 2016 18:32:46+0100  Submitted:15  Finished successfully:17
Progress: Mon, 22 Feb 2016 18:33:16+0100  Submitted:15  Finished successfully:17
Progress: Mon, 22 Feb 2016 18:33:46+0100  Submitted:15  Finished successfully:17
Progress: Mon, 22 Feb 2016 18:34:16+0100  Submitted:15  Finished successfully:17
Progress: Mon, 22 Feb 2016 18:34:46+0100  Submitted:15  Finished successfully:17
Progress: Mon, 22 Feb 2016 18:35:16+0100  Submitted:15  Finished successfully:17
Progress: Mon, 22 Feb 2016 18:35:46+0100  Submitted:15  Finished successfully:17
Progress: Mon, 22 Feb 2016 18:36:16+0100  Submitted:15  Finished successfully:17
Progress: Mon, 22 Feb 2016 18:36:46+0100  Submitted:15  Finished successfully:17
Progress: Mon, 22 Feb 2016 18:37:16+0100  Submitted:15  Finished successfully:17
Progress: Mon, 22 Feb 2016 18:37:46+0100  Submitted:15  Finished successfully:17
Progress: Mon, 22 Feb 2016 18:38:16+0100  Submitted:15  Finished successfully:17
Progress: Mon, 22 Feb 2016 18:38:46+0100  Submitted:15  Finished successfully:17
Progress: Mon, 22 Feb 2016 18:39:16+0100  Submitted:15  Finished successfully:17
Progress: Mon, 22 Feb 2016 18:39:46+0100  Submitted:15  Finished successfully:17
Progress: Mon, 22 Feb 2016 18:40:16+0100  Submitted:15  Finished successfully:17
Progress: Mon, 22 Feb 2016 18:40:46+0100  Submitted:15  Finished successfully:17
Progress: Mon, 22 Feb 2016 18:41:16+0100  Submitted:15  Finished successfully:17
Progress: Mon, 22 Feb 2016 18:41:46+0100  Submitted:15  Finished successfully:17
Progress: Mon, 22 Feb 2016 18:42:16+0100  Submitted:15  Finished successfully:17
Progress: Mon, 22 Feb 2016 18:42:46+0100  Submitted:15  Finished successfully:17
Progress: Mon, 22 Feb 2016 18:43:16+0100  Submitted:15  Finished successfully:17
Progress: Mon, 22 Feb 2016 18:43:46+0100  Submitted:15  Finished successfully:17
Progress: Mon, 22 Feb 2016 18:44:16+0100  Submitted:15  Finished successfully:17
Progress: Mon, 22 Feb 2016 18:44:46+0100  Submitted:15  Finished successfully:17
Progress: Mon, 22 Feb 2016 18:45:16+0100  Submitted:15  Finished successfully:17
Progress: Mon, 22 Feb 2016 18:45:46+0100  Submitted:15  Finished successfully:17
Progress: Mon, 22 Feb 2016 18:46:16+0100  Submitted:15  Finished successfully:17
Progress: Mon, 22 Feb 2016 18:46:46+0100  Submitted:15  Finished successfully:17
Progress: Mon, 22 Feb 2016 18:47:16+0100  Submitted:15  Finished successfully:17
Progress: Mon, 22 Feb 2016 18:47:46+0100  Submitted:15  Finished successfully:17
Progress: Mon, 22 Feb 2016 18:48:16+0100  Submitted:15  Finished successfully:17
Progress: Mon, 22 Feb 2016 18:48:46+0100  Submitted:15  Finished successfully:17
Progress: Mon, 22 Feb 2016 18:49:16+0100  Submitted:15  Finished successfully:17
Progress: Mon, 22 Feb 2016 18:49:46+0100  Submitted:15  Finished successfully:17
Progress: Mon, 22 Feb 2016 18:50:16+0100  Submitted:15  Finished successfully:17
Progress: Mon, 22 Feb 2016 18:50:46+0100  Submitted:15  Finished successfully:17
Progress: Mon, 22 Feb 2016 18:51:16+0100  Submitted:15  Finished successfully:17
Progress: Mon, 22 Feb 2016 18:51:46+0100  Submitted:15  Finished successfully:17
Progress: Mon, 22 Feb 2016 18:52:16+0100  Submitted:15  Finished successfully:17
Progress: Mon, 22 Feb 2016 18:52:46+0100  Submitted:15  Finished successfully:17
Progress: Mon, 22 Feb 2016 18:53:16+0100  Submitted:15  Finished successfully:17
Progress: Mon, 22 Feb 2016 18:53:46+0100  Submitted:15  Finished successfully:17
Progress: Mon, 22 Feb 2016 18:54:16+0100  Submitted:15  Finished successfully:17
Progress: Mon, 22 Feb 2016 18:54:46+0100  Submitted:15  Finished successfully:17
Progress: Mon, 22 Feb 2016 18:55:16+0100  Submitted:15  Finished successfully:17
Progress: Mon, 22 Feb 2016 18:55:46+0100  Submitted:15  Finished successfully:17
Progress: Mon, 22 Feb 2016 18:56:16+0100  Submitted:15  Finished successfully:17
Progress: Mon, 22 Feb 2016 18:56:46+0100  Submitted:15  Finished successfully:17
Progress: Mon, 22 Feb 2016 18:57:16+0100  Submitted:15  Finished successfully:17
Progress: Mon, 22 Feb 2016 18:57:46+0100  Submitted:15  Finished successfully:17
Progress: Mon, 22 Feb 2016 18:58:16+0100  Submitted:15  Finished successfully:17
Progress: Mon, 22 Feb 2016 18:58:46+0100  Submitted:15  Finished successfully:17
Progress: Mon, 22 Feb 2016 18:59:16+0100  Submitted:15  Finished successfully:17
Progress: Mon, 22 Feb 2016 18:59:46+0100  Submitted:15  Finished successfully:17
Progress: Mon, 22 Feb 2016 19:00:16+0100  Submitted:15  Finished successfully:17
Progress: Mon, 22 Feb 2016 19:00:46+0100  Submitted:15  Finished successfully:17
Progress: Mon, 22 Feb 2016 19:01:16+0100  Submitted:15  Finished successfully:17
Progress: Mon, 22 Feb 2016 19:01:46+0100  Submitted:15  Finished successfully:17
Progress: Mon, 22 Feb 2016 19:02:16+0100  Submitted:15  Finished successfully:17
Progress: Mon, 22 Feb 2016 19:02:46+0100  Submitted:15  Finished successfully:17
Progress: Mon, 22 Feb 2016 19:03:16+0100  Submitted:15  Finished successfully:17
Progress: Mon, 22 Feb 2016 19:03:46+0100  Submitted:15  Finished successfully:17
Progress: Mon, 22 Feb 2016 19:04:16+0100  Submitted:15  Finished successfully:17
Progress: Mon, 22 Feb 2016 19:04:46+0100  Submitted:15  Finished successfully:17
Progress: Mon, 22 Feb 2016 19:05:16+0100  Submitted:15  Finished successfully:17
Progress: Mon, 22 Feb 2016 19:05:46+0100  Submitted:15  Finished successfully:17
Progress: Mon, 22 Feb 2016 19:06:16+0100  Submitted:15  Finished successfully:17
Progress: Mon, 22 Feb 2016 19:06:46+0100  Submitted:15  Finished successfully:17
Progress: Mon, 22 Feb 2016 19:07:16+0100  Submitted:15  Finished successfully:17
Progress: Mon, 22 Feb 2016 19:07:46+0100  Submitted:15  Finished successfully:17
Progress: Mon, 22 Feb 2016 19:08:16+0100  Submitted:15  Finished successfully:17
Progress: Mon, 22 Feb 2016 19:08:46+0100  Submitted:15  Finished successfully:17
Progress: Mon, 22 Feb 2016 19:09:16+0100  Submitted:15  Finished successfully:17
Progress: Mon, 22 Feb 2016 19:09:46+0100  Submitted:15  Finished successfully:17
Progress: Mon, 22 Feb 2016 19:10:16+0100  Submitted:15  Finished successfully:17
Progress: Mon, 22 Feb 2016 19:10:46+0100  Submitted:15  Finished successfully:17
Progress: Mon, 22 Feb 2016 19:11:16+0100  Submitted:15  Finished successfully:17
Progress: Mon, 22 Feb 2016 19:11:46+0100  Submitted:15  Finished successfully:17
Progress: Mon, 22 Feb 2016 19:12:16+0100  Submitted:15  Finished successfully:17
Progress: Mon, 22 Feb 2016 19:12:46+0100  Submitted:15  Finished successfully:17
Progress: Mon, 22 Feb 2016 19:13:16+0100  Submitted:15  Finished successfully:17
Progress: Mon, 22 Feb 2016 19:13:46+0100  Submitted:15  Finished successfully:17
Progress: Mon, 22 Feb 2016 19:14:16+0100  Submitted:15  Finished successfully:17
Progress: Mon, 22 Feb 2016 19:14:46+0100  Submitted:15  Finished successfully:17
Progress: Mon, 22 Feb 2016 19:15:16+0100  Submitted:15  Finished successfully:17
Progress: Mon, 22 Feb 2016 19:15:46+0100  Submitted:15  Finished successfully:17
Progress: Mon, 22 Feb 2016 19:16:16+0100  Submitted:15  Finished successfully:17
Progress: Mon, 22 Feb 2016 19:16:46+0100  Submitted:15  Finished successfully:17
Progress: Mon, 22 Feb 2016 19:17:16+0100  Submitted:15  Finished successfully:17
Progress: Mon, 22 Feb 2016 19:17:46+0100  Submitted:15  Finished successfully:17
Progress: Mon, 22 Feb 2016 19:18:16+0100  Submitted:15  Finished successfully:17
Progress: Mon, 22 Feb 2016 19:18:46+0100  Submitted:15  Finished successfully:17
Progress: Mon, 22 Feb 2016 19:19:16+0100  Submitted:15  Finished successfully:17
Progress: Mon, 22 Feb 2016 19:19:46+0100  Submitted:15  Finished successfully:17
Progress: Mon, 22 Feb 2016 19:20:16+0100  Submitted:15  Finished successfully:17
Progress: Mon, 22 Feb 2016 19:20:46+0100  Submitted:15  Finished successfully:17
Progress: Mon, 22 Feb 2016 19:21:16+0100  Submitted:15  Finished successfully:17
Progress: Mon, 22 Feb 2016 19:21:46+0100  Submitted:15  Finished successfully:17
Progress: Mon, 22 Feb 2016 19:22:16+0100  Submitted:15  Finished successfully:17
Progress: Mon, 22 Feb 2016 19:22:46+0100  Submitted:15  Finished successfully:17
Progress: Mon, 22 Feb 2016 19:23:16+0100  Submitted:15  Finished successfully:17
Progress: Mon, 22 Feb 2016 19:23:46+0100  Submitted:15  Finished successfully:17
Progress: Mon, 22 Feb 2016 19:24:16+0100  Submitted:15  Finished successfully:17
Progress: Mon, 22 Feb 2016 19:24:46+0100  Submitted:15  Finished successfully:17
Progress: Mon, 22 Feb 2016 19:25:17+0100  Submitted:15  Finished successfully:17
Progress: Mon, 22 Feb 2016 19:25:47+0100  Submitted:15  Finished successfully:17
Progress: Mon, 22 Feb 2016 19:26:17+0100  Submitted:15  Finished successfully:17
Progress: Mon, 22 Feb 2016 19:26:47+0100  Submitted:15  Finished successfully:17
Progress: Mon, 22 Feb 2016 19:27:17+0100  Submitted:15  Finished successfully:17
Progress: Mon, 22 Feb 2016 19:27:47+0100  Submitted:15  Finished successfully:17
Progress: Mon, 22 Feb 2016 19:28:17+0100  Submitted:15  Finished successfully:17
Progress: Mon, 22 Feb 2016 19:28:47+0100  Submitted:15  Finished successfully:17
Progress: Mon, 22 Feb 2016 19:29:17+0100  Submitted:15  Finished successfully:17
Progress: Mon, 22 Feb 2016 19:29:47+0100  Submitted:15  Finished successfully:17
Progress: Mon, 22 Feb 2016 19:30:17+0100  Submitted:15  Finished successfully:17
Progress: Mon, 22 Feb 2016 19:30:47+0100  Submitted:15  Finished successfully:17
Progress: Mon, 22 Feb 2016 19:31:17+0100  Submitted:15  Finished successfully:17
Progress: Mon, 22 Feb 2016 19:31:47+0100  Submitted:15  Finished successfully:17
Progress: Mon, 22 Feb 2016 19:32:17+0100  Submitted:15  Finished successfully:17
Progress: Mon, 22 Feb 2016 19:32:47+0100  Submitted:15  Finished successfully:17
Progress: Mon, 22 Feb 2016 19:33:17+0100  Submitted:15  Finished successfully:17
Progress: Mon, 22 Feb 2016 19:33:47+0100  Submitted:15  Finished successfully:17
Progress: Mon, 22 Feb 2016 19:34:17+0100  Submitted:15  Finished successfully:17
Progress: Mon, 22 Feb 2016 19:34:47+0100  Submitted:15  Finished successfully:17
Progress: Mon, 22 Feb 2016 19:35:17+0100  Submitted:15  Finished successfully:17
Progress: Mon, 22 Feb 2016 19:35:47+0100  Submitted:15  Finished successfully:17
Progress: Mon, 22 Feb 2016 19:36:17+0100  Submitted:15  Finished successfully:17
Progress: Mon, 22 Feb 2016 19:36:47+0100  Submitted:15  Finished successfully:17
Progress: Mon, 22 Feb 2016 19:37:17+0100  Submitted:15  Finished successfully:17
Progress: Mon, 22 Feb 2016 19:37:47+0100  Submitted:15  Finished successfully:17
Progress: Mon, 22 Feb 2016 19:38:17+0100  Submitted:15  Finished successfully:17
Progress: Mon, 22 Feb 2016 19:38:47+0100  Submitted:15  Finished successfully:17
Progress: Mon, 22 Feb 2016 19:39:17+0100  Submitted:15  Finished successfully:17
Progress: Mon, 22 Feb 2016 19:39:47+0100  Submitted:15  Finished successfully:17
Progress: Mon, 22 Feb 2016 19:40:17+0100  Submitted:15  Finished successfully:17
Progress: Mon, 22 Feb 2016 19:40:47+0100  Submitted:15  Finished successfully:17
Progress: Mon, 22 Feb 2016 19:41:17+0100  Submitted:15  Finished successfully:17
Progress: Mon, 22 Feb 2016 19:41:47+0100  Submitted:15  Finished successfully:17
Progress: Mon, 22 Feb 2016 19:42:17+0100  Submitted:15  Finished successfully:17
Progress: Mon, 22 Feb 2016 19:42:47+0100  Submitted:15  Finished successfully:17
Progress: Mon, 22 Feb 2016 19:43:17+0100  Submitted:15  Finished successfully:17
Progress: Mon, 22 Feb 2016 19:43:47+0100  Submitted:15  Finished successfully:17
Progress: Mon, 22 Feb 2016 19:44:17+0100  Submitted:15  Finished successfully:17
Progress: Mon, 22 Feb 2016 19:44:47+0100  Submitted:15  Finished successfully:17
Progress: Mon, 22 Feb 2016 19:45:17+0100  Submitted:15  Finished successfully:17
Progress: Mon, 22 Feb 2016 19:45:47+0100  Submitted:15  Finished successfully:17
Progress: Mon, 22 Feb 2016 19:46:17+0100  Submitted:15  Finished successfully:17
Progress: Mon, 22 Feb 2016 19:46:47+0100  Submitted:15  Finished successfully:17
Progress: Mon, 22 Feb 2016 19:47:17+0100  Submitted:15  Finished successfully:17
Progress: Mon, 22 Feb 2016 19:47:47+0100  Submitted:15  Finished successfully:17
Progress: Mon, 22 Feb 2016 19:48:17+0100  Submitted:15  Finished successfully:17
Progress: Mon, 22 Feb 2016 19:48:47+0100  Submitted:15  Finished successfully:17
Progress: Mon, 22 Feb 2016 19:49:17+0100  Submitted:15  Finished successfully:17
Progress: Mon, 22 Feb 2016 19:49:47+0100  Submitted:15  Finished successfully:17
Progress: Mon, 22 Feb 2016 19:50:17+0100  Submitted:15  Finished successfully:17
Progress: Mon, 22 Feb 2016 19:50:47+0100  Submitted:15  Finished successfully:17
Progress: Mon, 22 Feb 2016 19:51:17+0100  Submitted:15  Finished successfully:17
Progress: Mon, 22 Feb 2016 19:51:47+0100  Submitted:15  Finished successfully:17
Progress: Mon, 22 Feb 2016 19:52:17+0100  Submitted:15  Finished successfully:17
Progress: Mon, 22 Feb 2016 19:52:47+0100  Submitted:15  Finished successfully:17
Progress: Mon, 22 Feb 2016 19:53:17+0100  Submitted:15  Finished successfully:17
Progress: Mon, 22 Feb 2016 19:53:47+0100  Submitted:15  Finished successfully:17
Progress: Mon, 22 Feb 2016 19:54:17+0100  Submitted:15  Finished successfully:17
Progress: Mon, 22 Feb 2016 19:54:47+0100  Submitted:15  Finished successfully:17
Progress: Mon, 22 Feb 2016 19:55:17+0100  Submitted:15  Finished successfully:17
Progress: Mon, 22 Feb 2016 19:55:47+0100  Submitted:15  Finished successfully:17
Progress: Mon, 22 Feb 2016 19:56:17+0100  Submitted:15  Finished successfully:17
Progress: Mon, 22 Feb 2016 19:56:47+0100  Submitted:15  Finished successfully:17
Progress: Mon, 22 Feb 2016 19:57:17+0100  Submitted:15  Finished successfully:17
Progress: Mon, 22 Feb 2016 19:57:47+0100  Submitted:15  Finished successfully:17
Progress: Mon, 22 Feb 2016 19:58:17+0100  Submitted:15  Finished successfully:17
Progress: Mon, 22 Feb 2016 19:58:47+0100  Submitted:15  Finished successfully:17
Progress: Mon, 22 Feb 2016 19:59:17+0100  Submitted:15  Finished successfully:17
Progress: Mon, 22 Feb 2016 19:59:47+0100  Submitted:15  Finished successfully:17
Progress: Mon, 22 Feb 2016 20:00:17+0100  Submitted:15  Finished successfully:17
Progress: Mon, 22 Feb 2016 20:00:47+0100  Submitted:15  Finished successfully:17
Progress: Mon, 22 Feb 2016 20:01:17+0100  Submitted:15  Finished successfully:17
Progress: Mon, 22 Feb 2016 20:01:47+0100  Submitted:15  Finished successfully:17
Progress: Mon, 22 Feb 2016 20:02:17+0100  Submitted:15  Finished successfully:17
Progress: Mon, 22 Feb 2016 20:02:47+0100  Submitted:15  Finished successfully:17
Progress: Mon, 22 Feb 2016 20:03:17+0100  Submitted:15  Finished successfully:17
Progress: Mon, 22 Feb 2016 20:03:47+0100  Submitted:15  Finished successfully:17
Progress: Mon, 22 Feb 2016 20:04:17+0100  Submitted:15  Finished successfully:17
Progress: Mon, 22 Feb 2016 20:04:47+0100  Submitted:15  Finished successfully:17
Progress: Mon, 22 Feb 2016 20:05:17+0100  Submitted:15  Finished successfully:17
Progress: Mon, 22 Feb 2016 20:05:47+0100  Submitted:15  Finished successfully:17
Progress: Mon, 22 Feb 2016 20:06:17+0100  Submitted:15  Finished successfully:17
Progress: Mon, 22 Feb 2016 20:06:47+0100  Submitted:15  Finished successfully:17
Progress: Mon, 22 Feb 2016 20:07:17+0100  Submitted:15  Finished successfully:17
Progress: Mon, 22 Feb 2016 20:07:47+0100  Submitted:15  Finished successfully:17
Progress: Mon, 22 Feb 2016 20:08:17+0100  Submitted:15  Finished successfully:17
Progress: Mon, 22 Feb 2016 20:08:47+0100  Submitted:15  Finished successfully:17
Progress: Mon, 22 Feb 2016 20:09:17+0100  Submitted:15  Finished successfully:17
Progress: Mon, 22 Feb 2016 20:09:47+0100  Submitted:15  Finished successfully:17
Progress: Mon, 22 Feb 2016 20:10:17+0100  Submitted:15  Finished successfully:17
Progress: Mon, 22 Feb 2016 20:10:47+0100  Submitted:15  Finished successfully:17
Progress: Mon, 22 Feb 2016 20:11:17+0100  Submitted:15  Finished successfully:17
Progress: Mon, 22 Feb 2016 20:11:47+0100  Submitted:15  Finished successfully:17
Progress: Mon, 22 Feb 2016 20:12:17+0100  Submitted:15  Finished successfully:17
Progress: Mon, 22 Feb 2016 20:12:47+0100  Submitted:15  Finished successfully:17
Progress: Mon, 22 Feb 2016 20:13:17+0100  Submitted:15  Finished successfully:17
Progress: Mon, 22 Feb 2016 20:13:47+0100  Submitted:15  Finished successfully:17
Progress: Mon, 22 Feb 2016 20:14:17+0100  Submitted:15  Finished successfully:17
Progress: Mon, 22 Feb 2016 20:14:47+0100  Submitted:15  Finished successfully:17
Progress: Mon, 22 Feb 2016 20:15:17+0100  Submitted:15  Finished successfully:17
Progress: Mon, 22 Feb 2016 20:15:47+0100  Submitted:15  Finished successfully:17
Progress: Mon, 22 Feb 2016 20:16:17+0100  Submitted:15  Finished successfully:17
Progress: Mon, 22 Feb 2016 20:16:47+0100  Submitted:15  Finished successfully:17
Progress: Mon, 22 Feb 2016 20:17:17+0100  Submitted:15  Finished successfully:17
Progress: Mon, 22 Feb 2016 20:17:47+0100  Submitted:15  Finished successfully:17
Progress: Mon, 22 Feb 2016 20:18:17+0100  Submitted:15  Finished successfully:17
Progress: Mon, 22 Feb 2016 20:18:47+0100  Submitted:15  Finished successfully:17
Progress: Mon, 22 Feb 2016 20:19:17+0100  Submitted:15  Finished successfully:17
Progress: Mon, 22 Feb 2016 20:19:47+0100  Submitted:15  Finished successfully:17
Progress: Mon, 22 Feb 2016 20:20:17+0100  Submitted:15  Finished successfully:17
Progress: Mon, 22 Feb 2016 20:20:47+0100  Submitted:15  Finished successfully:17
Progress: Mon, 22 Feb 2016 20:21:17+0100  Submitted:15  Finished successfully:17
Progress: Mon, 22 Feb 2016 20:21:47+0100  Submitted:15  Finished successfully:17
Progress: Mon, 22 Feb 2016 20:22:17+0100  Submitted:15  Finished successfully:17
Progress: Mon, 22 Feb 2016 20:22:47+0100  Submitted:15  Finished successfully:17
Progress: Mon, 22 Feb 2016 20:23:17+0100  Submitted:15  Finished successfully:17
Progress: Mon, 22 Feb 2016 20:23:47+0100  Submitted:15  Finished successfully:17
Progress: Mon, 22 Feb 2016 20:24:17+0100  Submitted:15  Finished successfully:17
Progress: Mon, 22 Feb 2016 20:24:47+0100  Submitted:15  Finished successfully:17
Progress: Mon, 22 Feb 2016 20:25:17+0100  Submitted:15  Finished successfully:17
Progress: Mon, 22 Feb 2016 20:25:47+0100  Submitted:15  Finished successfully:17
Progress: Mon, 22 Feb 2016 20:26:17+0100  Submitted:15  Finished successfully:17
Progress: Mon, 22 Feb 2016 20:26:47+0100  Submitted:15  Finished successfully:17
Progress: Mon, 22 Feb 2016 20:27:17+0100  Submitted:15  Finished successfully:17
Progress: Mon, 22 Feb 2016 20:27:47+0100  Submitted:15  Finished successfully:17
Progress: Mon, 22 Feb 2016 20:28:17+0100  Submitted:15  Finished successfully:17
Progress: Mon, 22 Feb 2016 20:28:47+0100  Submitted:15  Finished successfully:17
Progress: Mon, 22 Feb 2016 20:29:17+0100  Submitted:15  Finished successfully:17
Progress: Mon, 22 Feb 2016 20:29:47+0100  Submitted:15  Finished successfully:17
Progress: Mon, 22 Feb 2016 20:30:17+0100  Submitted:15  Finished successfully:17
Progress: Mon, 22 Feb 2016 20:30:47+0100  Submitted:15  Finished successfully:17
Progress: Mon, 22 Feb 2016 20:31:17+0100  Submitted:15  Finished successfully:17
Progress: Mon, 22 Feb 2016 20:31:47+0100  Submitted:15  Finished successfully:17
Progress: Mon, 22 Feb 2016 20:32:17+0100  Submitted:15  Finished successfully:17
Progress: Mon, 22 Feb 2016 20:32:47+0100  Submitted:15  Finished successfully:17
Progress: Mon, 22 Feb 2016 20:33:17+0100  Submitted:15  Finished successfully:17
Progress: Mon, 22 Feb 2016 20:33:47+0100  Submitted:15  Finished successfully:17
Progress: Mon, 22 Feb 2016 20:34:17+0100  Submitted:15  Finished successfully:17
Progress: Mon, 22 Feb 2016 20:34:47+0100  Submitted:15  Finished successfully:17
Progress: Mon, 22 Feb 2016 20:35:17+0100  Submitted:15  Finished successfully:17
Progress: Mon, 22 Feb 2016 20:35:47+0100  Submitted:15  Finished successfully:17
Progress: Mon, 22 Feb 2016 20:36:17+0100  Submitted:15  Finished successfully:17
Progress: Mon, 22 Feb 2016 20:36:47+0100  Submitted:15  Finished successfully:17
Progress: Mon, 22 Feb 2016 20:37:17+0100  Submitted:15  Finished successfully:17
Progress: Mon, 22 Feb 2016 20:37:47+0100  Submitted:15  Finished successfully:17
Progress: Mon, 22 Feb 2016 20:38:17+0100  Submitted:15  Finished successfully:17
Progress: Mon, 22 Feb 2016 20:38:47+0100  Submitted:15  Finished successfully:17
Progress: Mon, 22 Feb 2016 20:39:17+0100  Submitted:15  Finished successfully:17
Progress: Mon, 22 Feb 2016 20:39:47+0100  Submitted:15  Finished successfully:17
Progress: Mon, 22 Feb 2016 20:40:17+0100  Submitted:15  Finished successfully:17
Progress: Mon, 22 Feb 2016 20:40:47+0100  Submitted:15  Finished successfully:17
Progress: Mon, 22 Feb 2016 20:41:17+0100  Submitted:15  Finished successfully:17
Progress: Mon, 22 Feb 2016 20:41:47+0100  Submitted:15  Finished successfully:17
Progress: Mon, 22 Feb 2016 20:42:17+0100  Submitted:15  Finished successfully:17
Progress: Mon, 22 Feb 2016 20:42:47+0100  Submitted:15  Finished successfully:17
Progress: Mon, 22 Feb 2016 20:43:17+0100  Submitted:15  Finished successfully:17
Progress: Mon, 22 Feb 2016 20:43:47+0100  Submitted:15  Finished successfully:17
Progress: Mon, 22 Feb 2016 20:44:17+0100  Submitted:15  Finished successfully:17
Progress: Mon, 22 Feb 2016 20:44:47+0100  Submitted:15  Finished successfully:17
Progress: Mon, 22 Feb 2016 20:45:17+0100  Submitted:15  Finished successfully:17
Progress: Mon, 22 Feb 2016 20:45:47+0100  Submitted:15  Finished successfully:17
Progress: Mon, 22 Feb 2016 20:46:17+0100  Submitted:15  Finished successfully:17
Progress: Mon, 22 Feb 2016 20:46:47+0100  Submitted:15  Finished successfully:17
Progress: Mon, 22 Feb 2016 20:47:17+0100  Submitted:15  Finished successfully:17
Progress: Mon, 22 Feb 2016 20:47:47+0100  Submitted:15  Finished successfully:17
Progress: Mon, 22 Feb 2016 20:48:17+0100  Submitted:15  Finished successfully:17
Progress: Mon, 22 Feb 2016 20:48:47+0100  Submitted:15  Finished successfully:17
Progress: Mon, 22 Feb 2016 20:49:17+0100  Submitted:15  Finished successfully:17
Progress: Mon, 22 Feb 2016 20:49:47+0100  Submitted:15  Finished successfully:17
Progress: Mon, 22 Feb 2016 20:50:17+0100  Submitted:15  Finished successfully:17
Progress: Mon, 22 Feb 2016 20:50:47+0100  Submitted:15  Finished successfully:17
Progress: Mon, 22 Feb 2016 20:51:17+0100  Submitted:15  Finished successfully:17
Progress: Mon, 22 Feb 2016 20:51:47+0100  Submitted:15  Finished successfully:17
Progress: Mon, 22 Feb 2016 20:52:17+0100  Submitted:15  Finished successfully:17
Progress: Mon, 22 Feb 2016 20:52:47+0100  Submitted:15  Finished successfully:17
Progress: Mon, 22 Feb 2016 20:53:17+0100  Submitted:15  Finished successfully:17
Progress: Mon, 22 Feb 2016 20:53:47+0100  Submitted:15  Finished successfully:17
Progress: Mon, 22 Feb 2016 20:54:17+0100  Submitted:15  Finished successfully:17
Progress: Mon, 22 Feb 2016 20:54:47+0100  Submitted:15  Finished successfully:17
Progress: Mon, 22 Feb 2016 20:55:17+0100  Submitted:15  Finished successfully:17
Progress: Mon, 22 Feb 2016 20:55:47+0100  Submitted:15  Finished successfully:17
Progress: Mon, 22 Feb 2016 20:56:17+0100  Submitted:15  Finished successfully:17
Progress: Mon, 22 Feb 2016 20:56:47+0100  Submitted:15  Finished successfully:17
Progress: Mon, 22 Feb 2016 20:57:17+0100  Submitted:15  Finished successfully:17
Progress: Mon, 22 Feb 2016 20:57:47+0100  Submitted:15  Finished successfully:17
Progress: Mon, 22 Feb 2016 20:58:17+0100  Submitted:15  Finished successfully:17
Progress: Mon, 22 Feb 2016 20:58:47+0100  Submitted:15  Finished successfully:17
Progress: Mon, 22 Feb 2016 20:59:17+0100  Submitted:15  Finished successfully:17
Progress: Mon, 22 Feb 2016 20:59:47+0100  Submitted:15  Finished successfully:17
Progress: Mon, 22 Feb 2016 21:00:17+0100  Submitted:15  Finished successfully:17
Progress: Mon, 22 Feb 2016 21:00:47+0100  Submitted:15  Finished successfully:17
Progress: Mon, 22 Feb 2016 21:01:17+0100  Submitted:15  Finished successfully:17
Progress: Mon, 22 Feb 2016 21:01:47+0100  Submitted:15  Finished successfully:17
Progress: Mon, 22 Feb 2016 21:02:17+0100  Submitted:15  Finished successfully:17
Progress: Mon, 22 Feb 2016 21:02:47+0100  Submitted:15  Finished successfully:17
Progress: Mon, 22 Feb 2016 21:03:17+0100  Submitted:15  Finished successfully:17
Progress: Mon, 22 Feb 2016 21:03:47+0100  Submitted:15  Finished successfully:17
Progress: Mon, 22 Feb 2016 21:04:17+0100  Submitted:15  Finished successfully:17
Progress: Mon, 22 Feb 2016 21:04:47+0100  Submitted:15  Finished successfully:17
Progress: Mon, 22 Feb 2016 21:05:17+0100  Submitted:15  Finished successfully:17
Progress: Mon, 22 Feb 2016 21:05:47+0100  Submitted:15  Finished successfully:17
Progress: Mon, 22 Feb 2016 21:06:17+0100  Submitted:15  Finished successfully:17
Progress: Mon, 22 Feb 2016 21:06:47+0100  Submitted:15  Finished successfully:17
Progress: Mon, 22 Feb 2016 21:07:17+0100  Submitted:15  Finished successfully:17
Progress: Mon, 22 Feb 2016 21:07:47+0100  Submitted:15  Finished successfully:17
Progress: Mon, 22 Feb 2016 21:08:17+0100  Submitted:15  Finished successfully:17
Progress: Mon, 22 Feb 2016 21:08:47+0100  Submitted:15  Finished successfully:17
Progress: Mon, 22 Feb 2016 21:09:17+0100  Submitted:15  Finished successfully:17
Progress: Mon, 22 Feb 2016 21:09:47+0100  Submitted:15  Finished successfully:17
Progress: Mon, 22 Feb 2016 21:10:17+0100  Submitted:15  Finished successfully:17
Progress: Mon, 22 Feb 2016 21:10:47+0100  Submitted:15  Finished successfully:17
Progress: Mon, 22 Feb 2016 21:11:17+0100  Submitted:15  Finished successfully:17
Progress: Mon, 22 Feb 2016 21:11:47+0100  Submitted:15  Finished successfully:17
Progress: Mon, 22 Feb 2016 21:12:17+0100  Submitted:15  Finished successfully:17
Progress: Mon, 22 Feb 2016 21:12:47+0100  Submitted:15  Finished successfully:17
Progress: Mon, 22 Feb 2016 21:13:17+0100  Submitted:15  Finished successfully:17
Progress: Mon, 22 Feb 2016 21:13:25+0100  Stage in:13  Submitted:2  Finished successfully:17
Progress: Mon, 22 Feb 2016 21:13:26+0100  Active:15  Finished successfully:17
Progress: Mon, 22 Feb 2016 21:13:56+0100  Active:15  Finished successfully:17
Progress: Mon, 22 Feb 2016 21:14:26+0100  Active:15  Finished successfully:17
Progress: Mon, 22 Feb 2016 21:14:56+0100  Active:15  Finished successfully:17
Progress: Mon, 22 Feb 2016 21:15:26+0100  Active:15  Finished successfully:17
Progress: Mon, 22 Feb 2016 21:15:56+0100  Active:15  Finished successfully:17
Progress: Mon, 22 Feb 2016 21:16:26+0100  Active:15  Finished successfully:17
Progress: Mon, 22 Feb 2016 21:16:56+0100  Active:15  Finished successfully:17
Progress: Mon, 22 Feb 2016 21:17:26+0100  Active:15  Finished successfully:17
Progress: Mon, 22 Feb 2016 21:17:56+0100  Active:15  Finished successfully:17
Progress: Mon, 22 Feb 2016 21:18:26+0100  Active:15  Finished successfully:17
Progress: Mon, 22 Feb 2016 21:18:56+0100  Active:15  Finished successfully:17
Progress: Mon, 22 Feb 2016 21:19:26+0100  Active:15  Finished successfully:17
Progress: Mon, 22 Feb 2016 21:19:56+0100  Active:15  Finished successfully:17
Progress: Mon, 22 Feb 2016 21:20:26+0100  Active:15  Finished successfully:17
Progress: Mon, 22 Feb 2016 21:20:56+0100  Active:15  Finished successfully:17
Progress: Mon, 22 Feb 2016 21:21:26+0100  Active:15  Finished successfully:17
Progress: Mon, 22 Feb 2016 21:21:56+0100  Active:15  Finished successfully:17
Progress: Mon, 22 Feb 2016 21:22:26+0100  Active:15  Finished successfully:17
Progress: Mon, 22 Feb 2016 21:22:56+0100  Active:15  Finished successfully:17
Progress: Mon, 22 Feb 2016 21:23:26+0100  Active:15  Finished successfully:17
Progress: Mon, 22 Feb 2016 21:23:56+0100  Active:15  Finished successfully:17
Progress: Mon, 22 Feb 2016 21:24:26+0100  Active:15  Finished successfully:17
Progress: Mon, 22 Feb 2016 21:24:56+0100  Active:15  Finished successfully:17
Progress: Mon, 22 Feb 2016 21:25:26+0100  Active:15  Finished successfully:17
Progress: Mon, 22 Feb 2016 21:25:56+0100  Active:15  Finished successfully:17
Progress: Mon, 22 Feb 2016 21:26:26+0100  Active:15  Finished successfully:17
Progress: Mon, 22 Feb 2016 21:26:56+0100  Active:15  Finished successfully:17
Progress: Mon, 22 Feb 2016 21:27:26+0100  Active:15  Finished successfully:17
Progress: Mon, 22 Feb 2016 21:27:56+0100  Active:15  Finished successfully:17
Final status: Mon, 22 Feb 2016 21:28:26+0100  Finished successfully:32
